[0.013s] Invoking command in '/home/robomaven/ws/ws_moveit2/build/moveit_simple_controller_manager': AMENT_PREFIX_PATH=/home/robomaven/ws/ws_moveit2/install/moveit_core:/home/robomaven/ws/ws_moveit2/install/srdfdom:/home/robomaven/ws/ws_moveit2/install/moveit_common:${AMENT_PREFIX_PATH} CMAKE_PREFIX_PATH=/home/robomaven/ws/ws_moveit2/install/moveit_core:/home/robomaven/ws/ws_moveit2/install/srdfdom:/home/robomaven/ws/ws_moveit2/install/moveit_common:/opt/ros/humble LD_LIBRARY_PATH=/home/robomaven/ws/ws_moveit2/install/moveit_core/lib:/home/robomaven/ws/ws_moveit2/install/srdfdom/lib:/usr/lib/x86_64-linux-gnu/gazebo-11/plugins:/opt/ros/humble/opt/rviz_ogre_vendor/lib:/opt/ros/humble/lib/x86_64-linux-gnu:/opt/ros/humble/lib:/usr/share/gazebo/../../lib/x86_64-linux-gnu/gazebo-11/plugins PATH=/home/robomaven/ws/ws_moveit2/install/moveit_core/bin:${PATH} PYTHONPATH=/home/robomaven/ws/ws_moveit2/install/srdfdom/local/lib/python3.10/dist-packages:${PYTHONPATH} /usr/bin/cmake /home/robomaven/ws/ws_moveit2/moveit2/moveit_plugins/moveit_simple_controller_manager -DCMAKE_BUILD_TYPE=Release -DCMAKE_INSTALL_PREFIX=/home/robomaven/ws/ws_moveit2/install/moveit_simple_controller_manager
[0.044s] -- The C compiler identification is GNU 11.4.0
[0.080s] -- The CXX compiler identification is GNU 11.4.0
[0.085s] -- Detecting C compiler ABI info
[0.128s] -- Detecting C compiler ABI info - done
[0.135s] -- Check for working C compiler: /usr/bin/cc - skipped
[0.135s] -- Detecting C compile features
[0.135s] -- Detecting C compile features - done
[0.137s] -- Detecting CXX compiler ABI info
[0.187s] -- Detecting CXX compiler ABI info - done
[0.193s] -- Check for working CXX compiler: /usr/bin/c++ - skipped
[0.193s] -- Detecting CXX compile features
[0.193s] -- Detecting CXX compile features - done
[0.194s] -- Found moveit_common: 2.5.5 (/home/robomaven/ws/ws_moveit2/install/moveit_common/share/moveit_common/cmake)
[0.195s] -- Found ament_cmake: 1.3.9 (/opt/ros/humble/share/ament_cmake/cmake)
[0.300s] -- Found Python3: /usr/bin/python3 (found version "3.10.12") found components: Interpreter 
[0.409s] -- Found libdw: /usr/lib/x86_64-linux-gnu/libdw.so  
[0.412s] -- Could NOT find libbfd (missing: LIBBFD_LIBRARY LIBBFD_INCLUDE_DIR) 
[0.412s] -- BACKWARD_HAS_UNWIND=1
[0.412s] -- BACKWARD_HAS_BACKTRACE=0
[0.413s] -- BACKWARD_HAS_BACKTRACE_SYMBOL=0
[0.413s] -- BACKWARD_HAS_DW=1
[0.413s] -- BACKWARD_HAS_BFD=0
[0.413s] -- Found Backward: /opt/ros/humble/share/backward_ros/cmake  
[0.414s] -- Found moveit_core: 2.5.5 (/home/robomaven/ws/ws_moveit2/install/moveit_core/share/moveit_core/cmake)
[0.568s] -- Found Boost: /usr/lib/x86_64-linux-gnu/cmake/Boost-1.74.0/BoostConfig.cmake (found version "1.74.0") found components: chrono date_time filesystem iostreams program_options regex serialization system thread 
[0.597s] -- Found parameter_traits: 0.3.8 (/opt/ros/humble/share/parameter_traits/cmake)
[0.623s] -- Found rosidl_generator_c: 3.1.5 (/opt/ros/humble/share/rosidl_generator_c/cmake)
[0.627s] -- Found rosidl_adapter: 3.1.5 (/opt/ros/humble/share/rosidl_adapter/cmake)
[0.633s] -- Found rosidl_generator_cpp: 3.1.5 (/opt/ros/humble/share/rosidl_generator_cpp/cmake)
[0.642s] -- Using all available rosidl_typesupport_c: rosidl_typesupport_fastrtps_c;rosidl_typesupport_introspection_c
[0.655s] -- Using all available rosidl_typesupport_cpp: rosidl_typesupport_fastrtps_cpp;rosidl_typesupport_introspection_cpp
[0.703s] -- Found rmw_implementation_cmake: 6.1.2 (/opt/ros/humble/share/rmw_implementation_cmake/cmake)
[0.705s] -- Found rmw_cyclonedds_cpp: 1.3.4 (/opt/ros/humble/share/rmw_cyclonedds_cpp/cmake)
[0.727s] -- Using RMW implementation 'rmw_cyclonedds_cpp' as default
[0.734s] -- Found Threads: TRUE  
[0.855s] -- Found Eigen3: TRUE (found version "3.4.0") 
[0.857s] -- Found rclcpp_lifecycle: 16.0.9 (/opt/ros/humble/share/rclcpp_lifecycle/cmake)
[0.889s] -- Found Boost: /usr/lib/x86_64-linux-gnu/cmake/Boost-1.74.0/BoostConfig.cmake (found version "1.74.0") found components: filesystem 
[0.983s] -- library: /usr/lib/x86_64-linux-gnu/libcurl.so
[1.196s] -- Ensuring Eigen3 include directory is part of orocos-kdl CMake target
[1.944s] -- Found control_msgs: 4.5.0 (/opt/ros/humble/share/control_msgs/cmake)
[2.124s] -- Found Boost: /usr/lib/x86_64-linux-gnu/cmake/Boost-1.74.0/BoostConfig.cmake (found version "1.74.0") found components: thread 
[2.133s] -- Found ament_lint_auto: 0.12.11 (/opt/ros/humble/share/ament_lint_auto/cmake)
[2.154s] -- Added test 'cppcheck' to perform static code analysis on C / C++ code
[2.154s] -- Configured cppcheck include dirs: /home/robomaven/ws/ws_moveit2/moveit2/moveit_plugins/moveit_simple_controller_manager/include
[2.154s] -- Configured cppcheck exclude dirs and/or files: 
[2.155s] -- Added test 'lint_cmake' to check CMake code style
[2.156s] -- Added test 'xmllint' to check XML markup files
[2.158s] -- Configuring done
[2.188s] -- Generating done
[2.191s] -- Build files have been written to: /home/robomaven/ws/ws_moveit2/build/moveit_simple_controller_manager
[2.208s] Invoked command in '/home/robomaven/ws/ws_moveit2/build/moveit_simple_controller_manager' returned '0': AMENT_PREFIX_PATH=/home/robomaven/ws/ws_moveit2/install/moveit_core:/home/robomaven/ws/ws_moveit2/install/srdfdom:/home/robomaven/ws/ws_moveit2/install/moveit_common:${AMENT_PREFIX_PATH} CMAKE_PREFIX_PATH=/home/robomaven/ws/ws_moveit2/install/moveit_core:/home/robomaven/ws/ws_moveit2/install/srdfdom:/home/robomaven/ws/ws_moveit2/install/moveit_common:/opt/ros/humble LD_LIBRARY_PATH=/home/robomaven/ws/ws_moveit2/install/moveit_core/lib:/home/robomaven/ws/ws_moveit2/install/srdfdom/lib:/usr/lib/x86_64-linux-gnu/gazebo-11/plugins:/opt/ros/humble/opt/rviz_ogre_vendor/lib:/opt/ros/humble/lib/x86_64-linux-gnu:/opt/ros/humble/lib:/usr/share/gazebo/../../lib/x86_64-linux-gnu/gazebo-11/plugins PATH=/home/robomaven/ws/ws_moveit2/install/moveit_core/bin:${PATH} PYTHONPATH=/home/robomaven/ws/ws_moveit2/install/srdfdom/local/lib/python3.10/dist-packages:${PYTHONPATH} /usr/bin/cmake /home/robomaven/ws/ws_moveit2/moveit2/moveit_plugins/moveit_simple_controller_manager -DCMAKE_BUILD_TYPE=Release -DCMAKE_INSTALL_PREFIX=/home/robomaven/ws/ws_moveit2/install/moveit_simple_controller_manager
[2.209s] Invoking command in '/home/robomaven/ws/ws_moveit2/build/moveit_simple_controller_manager': AMENT_PREFIX_PATH=/home/robomaven/ws/ws_moveit2/install/moveit_core:/home/robomaven/ws/ws_moveit2/install/srdfdom:/home/robomaven/ws/ws_moveit2/install/moveit_common:${AMENT_PREFIX_PATH} CMAKE_PREFIX_PATH=/home/robomaven/ws/ws_moveit2/install/moveit_core:/home/robomaven/ws/ws_moveit2/install/srdfdom:/home/robomaven/ws/ws_moveit2/install/moveit_common:/opt/ros/humble LD_LIBRARY_PATH=/home/robomaven/ws/ws_moveit2/install/moveit_core/lib:/home/robomaven/ws/ws_moveit2/install/srdfdom/lib:/usr/lib/x86_64-linux-gnu/gazebo-11/plugins:/opt/ros/humble/opt/rviz_ogre_vendor/lib:/opt/ros/humble/lib/x86_64-linux-gnu:/opt/ros/humble/lib:/usr/share/gazebo/../../lib/x86_64-linux-gnu/gazebo-11/plugins PATH=/home/robomaven/ws/ws_moveit2/install/moveit_core/bin:${PATH} PYTHONPATH=/home/robomaven/ws/ws_moveit2/install/srdfdom/local/lib/python3.10/dist-packages:${PYTHONPATH} /usr/bin/cmake --build /home/robomaven/ws/ws_moveit2/build/moveit_simple_controller_manager -- -j20 -l20
[2.269s] [ 33%] [32mBuilding CXX object CMakeFiles/moveit_simple_controller_manager.dir/src/moveit_simple_controller_manager.cpp.o[0m
[2.269s] [ 66%] [32mBuilding CXX object CMakeFiles/moveit_simple_controller_manager.dir/src/follow_joint_trajectory_controller_handle.cpp.o[0m
[11.075s] [100%] [32m[1mLinking CXX shared library libmoveit_simple_controller_manager.so[0m
[11.239s] [100%] Built target moveit_simple_controller_manager
[11.250s] Invoked command in '/home/robomaven/ws/ws_moveit2/build/moveit_simple_controller_manager' returned '0': AMENT_PREFIX_PATH=/home/robomaven/ws/ws_moveit2/install/moveit_core:/home/robomaven/ws/ws_moveit2/install/srdfdom:/home/robomaven/ws/ws_moveit2/install/moveit_common:${AMENT_PREFIX_PATH} CMAKE_PREFIX_PATH=/home/robomaven/ws/ws_moveit2/install/moveit_core:/home/robomaven/ws/ws_moveit2/install/srdfdom:/home/robomaven/ws/ws_moveit2/install/moveit_common:/opt/ros/humble LD_LIBRARY_PATH=/home/robomaven/ws/ws_moveit2/install/moveit_core/lib:/home/robomaven/ws/ws_moveit2/install/srdfdom/lib:/usr/lib/x86_64-linux-gnu/gazebo-11/plugins:/opt/ros/humble/opt/rviz_ogre_vendor/lib:/opt/ros/humble/lib/x86_64-linux-gnu:/opt/ros/humble/lib:/usr/share/gazebo/../../lib/x86_64-linux-gnu/gazebo-11/plugins PATH=/home/robomaven/ws/ws_moveit2/install/moveit_core/bin:${PATH} PYTHONPATH=/home/robomaven/ws/ws_moveit2/install/srdfdom/local/lib/python3.10/dist-packages:${PYTHONPATH} /usr/bin/cmake --build /home/robomaven/ws/ws_moveit2/build/moveit_simple_controller_manager -- -j20 -l20
[11.271s] Invoking command in '/home/robomaven/ws/ws_moveit2/build/moveit_simple_controller_manager': AMENT_PREFIX_PATH=/home/robomaven/ws/ws_moveit2/install/moveit_core:/home/robomaven/ws/ws_moveit2/install/srdfdom:/home/robomaven/ws/ws_moveit2/install/moveit_common:${AMENT_PREFIX_PATH} CMAKE_PREFIX_PATH=/home/robomaven/ws/ws_moveit2/install/moveit_core:/home/robomaven/ws/ws_moveit2/install/srdfdom:/home/robomaven/ws/ws_moveit2/install/moveit_common:/opt/ros/humble LD_LIBRARY_PATH=/home/robomaven/ws/ws_moveit2/install/moveit_core/lib:/home/robomaven/ws/ws_moveit2/install/srdfdom/lib:/usr/lib/x86_64-linux-gnu/gazebo-11/plugins:/opt/ros/humble/opt/rviz_ogre_vendor/lib:/opt/ros/humble/lib/x86_64-linux-gnu:/opt/ros/humble/lib:/usr/share/gazebo/../../lib/x86_64-linux-gnu/gazebo-11/plugins PATH=/home/robomaven/ws/ws_moveit2/install/moveit_core/bin:${PATH} PYTHONPATH=/home/robomaven/ws/ws_moveit2/install/srdfdom/local/lib/python3.10/dist-packages:${PYTHONPATH} /usr/bin/cmake --install /home/robomaven/ws/ws_moveit2/build/moveit_simple_controller_manager
[11.282s] -- Install configuration: "Release"
[11.282s] -- Installing: /home/robomaven/ws/ws_moveit2/install/moveit_simple_controller_manager/lib/libmoveit_simple_controller_manager.so.2.5.5
[11.283s] -- Set runtime path of "/home/robomaven/ws/ws_moveit2/install/moveit_simple_controller_manager/lib/libmoveit_simple_controller_manager.so.2.5.5" to ""
[11.283s] -- Installing: /home/robomaven/ws/ws_moveit2/install/moveit_simple_controller_manager/lib/libmoveit_simple_controller_manager.so
[11.283s] -- Installing: /home/robomaven/ws/ws_moveit2/install/moveit_simple_controller_manager/include
[11.283s] -- Installing: /home/robomaven/ws/ws_moveit2/install/moveit_simple_controller_manager/include/moveit_simple_controller_manager
[11.283s] -- Installing: /home/robomaven/ws/ws_moveit2/install/moveit_simple_controller_manager/include/moveit_simple_controller_manager/follow_joint_trajectory_controller_handle.h
[11.284s] -- Installing: /home/robomaven/ws/ws_moveit2/install/moveit_simple_controller_manager/include/moveit_simple_controller_manager/empty_controller_handle.h
[11.284s] -- Installing: /home/robomaven/ws/ws_moveit2/install/moveit_simple_controller_manager/include/moveit_simple_controller_manager/action_based_controller_handle.h
[11.284s] -- Installing: /home/robomaven/ws/ws_moveit2/install/moveit_simple_controller_manager/include/moveit_simple_controller_manager/gripper_controller_handle.h
[11.284s] -- Installing: /home/robomaven/ws/ws_moveit2/install/moveit_simple_controller_manager/share/moveit_simple_controller_manager/environment/library_path.sh
[11.284s] -- Installing: /home/robomaven/ws/ws_moveit2/install/moveit_simple_controller_manager/share/moveit_simple_controller_manager/environment/library_path.dsv
[11.284s] -- Installing: /home/robomaven/ws/ws_moveit2/install/moveit_simple_controller_manager/share/moveit_simple_controller_manager/moveit_simple_controller_manager_plugin_description.xml
[11.284s] -- Installing: /home/robomaven/ws/ws_moveit2/install/moveit_simple_controller_manager/share/ament_index/resource_index/package_run_dependencies/moveit_simple_controller_manager
[11.284s] -- Installing: /home/robomaven/ws/ws_moveit2/install/moveit_simple_controller_manager/share/ament_index/resource_index/parent_prefix_path/moveit_simple_controller_manager
[11.285s] -- Installing: /home/robomaven/ws/ws_moveit2/install/moveit_simple_controller_manager/share/moveit_simple_controller_manager/environment/ament_prefix_path.sh
[11.285s] -- Installing: /home/robomaven/ws/ws_moveit2/install/moveit_simple_controller_manager/share/moveit_simple_controller_manager/environment/ament_prefix_path.dsv
[11.285s] -- Installing: /home/robomaven/ws/ws_moveit2/install/moveit_simple_controller_manager/share/moveit_simple_controller_manager/environment/path.sh
[11.285s] -- Installing: /home/robomaven/ws/ws_moveit2/install/moveit_simple_controller_manager/share/moveit_simple_controller_manager/environment/path.dsv
[11.285s] -- Installing: /home/robomaven/ws/ws_moveit2/install/moveit_simple_controller_manager/share/moveit_simple_controller_manager/local_setup.bash
[11.285s] -- Installing: /home/robomaven/ws/ws_moveit2/install/moveit_simple_controller_manager/share/moveit_simple_controller_manager/local_setup.sh
[11.285s] -- Installing: /home/robomaven/ws/ws_moveit2/install/moveit_simple_controller_manager/share/moveit_simple_controller_manager/local_setup.zsh
[11.286s] -- Installing: /home/robomaven/ws/ws_moveit2/install/moveit_simple_controller_manager/share/moveit_simple_controller_manager/local_setup.dsv
[11.286s] -- Installing: /home/robomaven/ws/ws_moveit2/install/moveit_simple_controller_manager/share/moveit_simple_controller_manager/package.dsv
[11.286s] -- Installing: /home/robomaven/ws/ws_moveit2/install/moveit_simple_controller_manager/share/ament_index/resource_index/packages/moveit_simple_controller_manager
[11.286s] -- Installing: /home/robomaven/ws/ws_moveit2/install/moveit_simple_controller_manager/share/ament_index/resource_index/moveit_core__pluginlib__plugin/moveit_simple_controller_manager
[11.286s] -- Installing: /home/robomaven/ws/ws_moveit2/install/moveit_simple_controller_manager/share/moveit_simple_controller_manager/cmake/export_moveit_simple_controller_managerExport.cmake
[11.286s] -- Installing: /home/robomaven/ws/ws_moveit2/install/moveit_simple_controller_manager/share/moveit_simple_controller_manager/cmake/export_moveit_simple_controller_managerExport-release.cmake
[11.287s] -- Installing: /home/robomaven/ws/ws_moveit2/install/moveit_simple_controller_manager/share/moveit_simple_controller_manager/cmake/ConfigExtras.cmake
[11.287s] -- Installing: /home/robomaven/ws/ws_moveit2/install/moveit_simple_controller_manager/share/moveit_simple_controller_manager/cmake/ament_cmake_export_targets-extras.cmake
[11.287s] -- Installing: /home/robomaven/ws/ws_moveit2/install/moveit_simple_controller_manager/share/moveit_simple_controller_manager/cmake/ament_cmake_export_dependencies-extras.cmake
[11.287s] -- Installing: /home/robomaven/ws/ws_moveit2/install/moveit_simple_controller_manager/share/moveit_simple_controller_manager/cmake/moveit_simple_controller_managerConfig.cmake
[11.287s] -- Installing: /home/robomaven/ws/ws_moveit2/install/moveit_simple_controller_manager/share/moveit_simple_controller_manager/cmake/moveit_simple_controller_managerConfig-version.cmake
[11.287s] -- Installing: /home/robomaven/ws/ws_moveit2/install/moveit_simple_controller_manager/share/moveit_simple_controller_manager/package.xml
[11.290s] Invoked command in '/home/robomaven/ws/ws_moveit2/build/moveit_simple_controller_manager' returned '0': AMENT_PREFIX_PATH=/home/robomaven/ws/ws_moveit2/install/moveit_core:/home/robomaven/ws/ws_moveit2/install/srdfdom:/home/robomaven/ws/ws_moveit2/install/moveit_common:${AMENT_PREFIX_PATH} CMAKE_PREFIX_PATH=/home/robomaven/ws/ws_moveit2/install/moveit_core:/home/robomaven/ws/ws_moveit2/install/srdfdom:/home/robomaven/ws/ws_moveit2/install/moveit_common:/opt/ros/humble LD_LIBRARY_PATH=/home/robomaven/ws/ws_moveit2/install/moveit_core/lib:/home/robomaven/ws/ws_moveit2/install/srdfdom/lib:/usr/lib/x86_64-linux-gnu/gazebo-11/plugins:/opt/ros/humble/opt/rviz_ogre_vendor/lib:/opt/ros/humble/lib/x86_64-linux-gnu:/opt/ros/humble/lib:/usr/share/gazebo/../../lib/x86_64-linux-gnu/gazebo-11/plugins PATH=/home/robomaven/ws/ws_moveit2/install/moveit_core/bin:${PATH} PYTHONPATH=/home/robomaven/ws/ws_moveit2/install/srdfdom/local/lib/python3.10/dist-packages:${PYTHONPATH} /usr/bin/cmake --install /home/robomaven/ws/ws_moveit2/build/moveit_simple_controller_manager
