[0.027s] Invoking command in '/home/robomaven/ws/ws_moveit2/build/moveit_kinematics': AMENT_PREFIX_PATH=/home/robomaven/ws/ws_moveit2/install/moveit_ros_planning:/home/robomaven/ws/ws_moveit2/install/moveit_ros_occupancy_map_monitor:/home/robomaven/ws/ws_moveit2/install/moveit_core:/home/robomaven/ws/ws_moveit2/install/moveit_resources_panda_moveit_config:/home/robomaven/ws/ws_moveit2/install/moveit_resources_fanuc_moveit_config:/home/robomaven/ws/ws_moveit2/install/moveit_configs_utils:/home/robomaven/ws/ws_moveit2/install/srdfdom:/home/robomaven/ws/ws_moveit2/install/moveit_resources_panda_description:/home/robomaven/ws/ws_moveit2/install/moveit_resources_fanuc_description:/home/robomaven/ws/ws_moveit2/install/moveit_common:/home/robomaven/ws/ws_moveit2/install/launch_param_builder:${AMENT_PREFIX_PATH} CMAKE_PREFIX_PATH=/home/robomaven/ws/ws_moveit2/install/moveit_ros_planning:/home/robomaven/ws/ws_moveit2/install/moveit_ros_occupancy_map_monitor:/home/robomaven/ws/ws_moveit2/install/moveit_core:/home/robomaven/ws/ws_moveit2/install/moveit_resources_panda_moveit_config:/home/robomaven/ws/ws_moveit2/install/moveit_resources_fanuc_moveit_config:/home/robomaven/ws/ws_moveit2/install/srdfdom:/home/robomaven/ws/ws_moveit2/install/moveit_resources_panda_description:/home/robomaven/ws/ws_moveit2/install/moveit_resources_fanuc_description:/home/robomaven/ws/ws_moveit2/install/moveit_common:/opt/ros/humble LD_LIBRARY_PATH=/home/robomaven/ws/ws_moveit2/install/moveit_ros_planning/lib:/home/robomaven/ws/ws_moveit2/install/moveit_ros_occupancy_map_monitor/lib:/home/robomaven/ws/ws_moveit2/install/moveit_core/lib:/home/robomaven/ws/ws_moveit2/install/srdfdom/lib:/usr/lib/x86_64-linux-gnu/gazebo-11/plugins:/opt/ros/humble/opt/rviz_ogre_vendor/lib:/opt/ros/humble/lib/x86_64-linux-gnu:/opt/ros/humble/lib:/usr/share/gazebo/../../lib/x86_64-linux-gnu/gazebo-11/plugins PATH=/home/robomaven/ws/ws_moveit2/install/moveit_core/bin:${PATH} PYTHONPATH=/home/robomaven/ws/ws_moveit2/install/moveit_configs_utils/lib/python3.10/site-packages:/home/robomaven/ws/ws_moveit2/install/srdfdom/local/lib/python3.10/dist-packages:/home/robomaven/ws/ws_moveit2/install/launch_param_builder/lib/python3.10/site-packages:${PYTHONPATH} /usr/bin/cmake /home/robomaven/ws/ws_moveit2/moveit2/moveit_kinematics -DCMAKE_BUILD_TYPE=Release -DCMAKE_INSTALL_PREFIX=/home/robomaven/ws/ws_moveit2/install/moveit_kinematics
[0.062s] -- The C compiler identification is GNU 11.4.0
[0.098s] -- The CXX compiler identification is GNU 11.4.0
[0.103s] -- Detecting C compiler ABI info
[0.146s] -- Detecting C compiler ABI info - done
[0.153s] -- Check for working C compiler: /usr/bin/cc - skipped
[0.153s] -- Detecting C compile features
[0.153s] -- Detecting C compile features - done
[0.155s] -- Detecting CXX compiler ABI info
[0.207s] -- Detecting CXX compiler ABI info - done
[0.216s] -- Check for working CXX compiler: /usr/bin/c++ - skipped
[0.217s] -- Detecting CXX compile features
[0.217s] -- Detecting CXX compile features - done
[0.219s] -- Found moveit_common: 2.5.5 (/home/robomaven/ws/ws_moveit2/install/moveit_common/share/moveit_common/cmake)
[0.222s] -- Found ament_cmake: 1.3.9 (/opt/ros/humble/share/ament_cmake/cmake)
[0.328s] -- Found Python3: /usr/bin/python3 (found version "3.10.12") found components: Interpreter 
[0.442s] -- Found libdw: /usr/lib/x86_64-linux-gnu/libdw.so  
[0.445s] -- Could NOT find libbfd (missing: LIBBFD_LIBRARY LIBBFD_INCLUDE_DIR) 
[0.445s] -- BACKWARD_HAS_UNWIND=1
[0.445s] -- BACKWARD_HAS_BACKTRACE=0
[0.446s] -- BACKWARD_HAS_BACKTRACE_SYMBOL=0
[0.446s] -- BACKWARD_HAS_DW=1
[0.446s] -- BACKWARD_HAS_BFD=0
[0.446s] -- Found Backward: /opt/ros/humble/share/backward_ros/cmake  
[0.454s] -- Found tf2_kdl: 0.25.7 (/opt/ros/humble/share/tf2_kdl/cmake)
[0.478s] -- Found rosidl_generator_c: 3.1.5 (/opt/ros/humble/share/rosidl_generator_c/cmake)
[0.482s] -- Found rosidl_adapter: 3.1.5 (/opt/ros/humble/share/rosidl_adapter/cmake)
[0.488s] -- Found rosidl_generator_cpp: 3.1.5 (/opt/ros/humble/share/rosidl_generator_cpp/cmake)
[0.498s] -- Using all available rosidl_typesupport_c: rosidl_typesupport_fastrtps_c;rosidl_typesupport_introspection_c
[0.512s] -- Using all available rosidl_typesupport_cpp: rosidl_typesupport_fastrtps_cpp;rosidl_typesupport_introspection_cpp
[0.598s] -- Found eigen3_cmake_module: 0.1.1 (/opt/ros/humble/share/eigen3_cmake_module/cmake)
[0.599s] -- Found Eigen3: TRUE (found version "3.4.0") 
[0.600s] -- Ensuring Eigen3 include directory is part of orocos-kdl CMake target
[0.703s] -- Found rmw_implementation_cmake: 6.1.2 (/opt/ros/humble/share/rmw_implementation_cmake/cmake)
[0.705s] -- Found rmw_cyclonedds_cpp: 1.3.4 (/opt/ros/humble/share/rmw_cyclonedds_cpp/cmake)
[0.730s] -- Using RMW implementation 'rmw_cyclonedds_cpp' as default
[0.737s] -- Looking for pthread.h
[0.800s] -- Looking for pthread.h - found
[0.800s] -- Performing Test CMAKE_HAVE_LIBC_PTHREAD
[0.866s] -- Performing Test CMAKE_HAVE_LIBC_PTHREAD - Success
[0.867s] -- Found Threads: TRUE  
[1.146s] -- Found kdl_parser: 2.6.4 (/opt/ros/humble/share/kdl_parser/cmake)
[1.150s] -- Found random_numbers: 2.0.1 (/opt/ros/humble/share/random_numbers/cmake)
[1.158s] -- Found pluginlib: 5.1.0 (/opt/ros/humble/share/pluginlib/cmake)
[1.169s] -- Found moveit_core: 2.5.5 (/home/robomaven/ws/ws_moveit2/install/moveit_core/share/moveit_core/cmake)
[1.193s] -- Found Boost: /usr/lib/x86_64-linux-gnu/cmake/Boost-1.74.0/BoostConfig.cmake (found version "1.74.0") found components: chrono date_time filesystem iostreams program_options regex serialization system thread 
[1.218s] -- Found parameter_traits: 0.3.8 (/opt/ros/humble/share/parameter_traits/cmake)
[1.233s] -- Found rclcpp_lifecycle: 16.0.9 (/opt/ros/humble/share/rclcpp_lifecycle/cmake)
[1.266s] -- Found Boost: /usr/lib/x86_64-linux-gnu/cmake/Boost-1.74.0/BoostConfig.cmake (found version "1.74.0") found components: filesystem 
[1.322s] -- library: /usr/lib/x86_64-linux-gnu/libcurl.so
[2.071s] -- Found moveit_ros_planning: 2.5.5 (/home/robomaven/ws/ws_moveit2/install/moveit_ros_planning/share/moveit_ros_planning/cmake)
[2.075s] -- Found Boost: /usr/lib/x86_64-linux-gnu/cmake/Boost-1.74.0/BoostConfig.cmake (found version "1.74.0") found components: system filesystem date_time program_options thread chrono 
[2.376s] -- Found Boost: /usr/lib/x86_64-linux-gnu/cmake/Boost-1.74.0/BoostConfig.cmake (found version "1.74.0") found components: program_options system 
[2.412s] -- Found ament_cmake_gtest: 1.3.9 (/opt/ros/humble/share/ament_cmake_gtest/cmake)
[2.414s] -- Found ros_testing: 0.4.0 (/opt/ros/humble/share/ros_testing/cmake)
[2.415s] -- Found launch_testing_ament_cmake: 1.0.6 (/opt/ros/humble/share/launch_testing_ament_cmake/cmake)
[2.417s] -- Found python_cmake_module: 0.10.0 (/opt/ros/humble/share/python_cmake_module/cmake)
[2.433s] -- Found PythonInterp: /usr/bin/python3 (found suitable version "3.10.12", minimum required is "3.6") 
[2.437s] -- Found PythonLibs: /usr/lib/x86_64-linux-gnu/libpython3.10.so (found suitable version "3.10.12", minimum required is "3.5") 
[2.437s] -- Using PYTHON_EXECUTABLE: /usr/bin/python3
[2.437s] -- Using PYTHON_INCLUDE_DIRS: /usr/include/python3.10
[2.437s] -- Using PYTHON_LIBRARIES: /usr/lib/x86_64-linux-gnu/libpython3.10.so
[2.452s] -- Found PythonExtra: .so  
[2.453s] -- Found moveit_resources_fanuc_description: 2.0.7 (/home/robomaven/ws/ws_moveit2/install/moveit_resources_fanuc_description/share/moveit_resources_fanuc_description/cmake)
[2.454s] -- Found moveit_resources_fanuc_moveit_config: 2.0.7 (/home/robomaven/ws/ws_moveit2/install/moveit_resources_fanuc_moveit_config/share/moveit_resources_fanuc_moveit_config/cmake)
[2.454s] -- Found moveit_resources_panda_description: 2.0.7 (/home/robomaven/ws/ws_moveit2/install/moveit_resources_panda_description/share/moveit_resources_panda_description/cmake)
[2.455s] -- Found moveit_resources_panda_moveit_config: 2.0.7 (/home/robomaven/ws/ws_moveit2/install/moveit_resources_panda_moveit_config/share/moveit_resources_panda_moveit_config/cmake)
[2.456s] -- Found gtest sources under '/opt/ros/humble/src/gtest_vendor': C++ tests using 'Google Test' will be built
[2.468s] -- Found ament_lint_auto: 0.12.11 (/opt/ros/humble/share/ament_lint_auto/cmake)
[2.475s] -- Found launch_testing_ament_cmake: 1.0.6 (/opt/ros/humble/share/launch_testing_ament_cmake/cmake)
[2.475s] -- Found python_cmake_module: 0.10.0 (/opt/ros/humble/share/python_cmake_module/cmake)
[2.491s] -- Using PYTHON_EXECUTABLE: /usr/bin/python3
[2.491s] -- Using PYTHON_INCLUDE_DIRS: /usr/include/python3.10
[2.491s] -- Using PYTHON_LIBRARIES: /usr/lib/x86_64-linux-gnu/libpython3.10.so
[2.510s] -- Added test 'cppcheck' to perform static code analysis on C / C++ code
[2.510s] -- Configured cppcheck include dirs: /home/robomaven/ws/ws_moveit2/moveit2/moveit_kinematics/kdl_kinematics_plugin/include;/home/robomaven/ws/ws_moveit2/moveit2/moveit_kinematics/lma_kinematics_plugin/include;/home/robomaven/ws/ws_moveit2/moveit2/moveit_kinematics/srv_kinematics_plugin/include;/home/robomaven/ws/ws_moveit2/moveit2/moveit_kinematics/cached_ik_kinematics_plugin/include
[2.510s] -- Configured cppcheck exclude dirs and/or files: 
[2.511s] -- Added test 'lint_cmake' to check CMake code style
[2.512s] -- Configuring done
[2.576s] -- Generating done
[2.579s] -- Build files have been written to: /home/robomaven/ws/ws_moveit2/build/moveit_kinematics
[2.597s] Invoked command in '/home/robomaven/ws/ws_moveit2/build/moveit_kinematics' returned '0': AMENT_PREFIX_PATH=/home/robomaven/ws/ws_moveit2/install/moveit_ros_planning:/home/robomaven/ws/ws_moveit2/install/moveit_ros_occupancy_map_monitor:/home/robomaven/ws/ws_moveit2/install/moveit_core:/home/robomaven/ws/ws_moveit2/install/moveit_resources_panda_moveit_config:/home/robomaven/ws/ws_moveit2/install/moveit_resources_fanuc_moveit_config:/home/robomaven/ws/ws_moveit2/install/moveit_configs_utils:/home/robomaven/ws/ws_moveit2/install/srdfdom:/home/robomaven/ws/ws_moveit2/install/moveit_resources_panda_description:/home/robomaven/ws/ws_moveit2/install/moveit_resources_fanuc_description:/home/robomaven/ws/ws_moveit2/install/moveit_common:/home/robomaven/ws/ws_moveit2/install/launch_param_builder:${AMENT_PREFIX_PATH} CMAKE_PREFIX_PATH=/home/robomaven/ws/ws_moveit2/install/moveit_ros_planning:/home/robomaven/ws/ws_moveit2/install/moveit_ros_occupancy_map_monitor:/home/robomaven/ws/ws_moveit2/install/moveit_core:/home/robomaven/ws/ws_moveit2/install/moveit_resources_panda_moveit_config:/home/robomaven/ws/ws_moveit2/install/moveit_resources_fanuc_moveit_config:/home/robomaven/ws/ws_moveit2/install/srdfdom:/home/robomaven/ws/ws_moveit2/install/moveit_resources_panda_description:/home/robomaven/ws/ws_moveit2/install/moveit_resources_fanuc_description:/home/robomaven/ws/ws_moveit2/install/moveit_common:/opt/ros/humble LD_LIBRARY_PATH=/home/robomaven/ws/ws_moveit2/install/moveit_ros_planning/lib:/home/robomaven/ws/ws_moveit2/install/moveit_ros_occupancy_map_monitor/lib:/home/robomaven/ws/ws_moveit2/install/moveit_core/lib:/home/robomaven/ws/ws_moveit2/install/srdfdom/lib:/usr/lib/x86_64-linux-gnu/gazebo-11/plugins:/opt/ros/humble/opt/rviz_ogre_vendor/lib:/opt/ros/humble/lib/x86_64-linux-gnu:/opt/ros/humble/lib:/usr/share/gazebo/../../lib/x86_64-linux-gnu/gazebo-11/plugins PATH=/home/robomaven/ws/ws_moveit2/install/moveit_core/bin:${PATH} PYTHONPATH=/home/robomaven/ws/ws_moveit2/install/moveit_configs_utils/lib/python3.10/site-packages:/home/robomaven/ws/ws_moveit2/install/srdfdom/local/lib/python3.10/dist-packages:/home/robomaven/ws/ws_moveit2/install/launch_param_builder/lib/python3.10/site-packages:${PYTHONPATH} /usr/bin/cmake /home/robomaven/ws/ws_moveit2/moveit2/moveit_kinematics -DCMAKE_BUILD_TYPE=Release -DCMAKE_INSTALL_PREFIX=/home/robomaven/ws/ws_moveit2/install/moveit_kinematics
[2.598s] Invoking command in '/home/robomaven/ws/ws_moveit2/build/moveit_kinematics': AMENT_PREFIX_PATH=/home/robomaven/ws/ws_moveit2/install/moveit_ros_planning:/home/robomaven/ws/ws_moveit2/install/moveit_ros_occupancy_map_monitor:/home/robomaven/ws/ws_moveit2/install/moveit_core:/home/robomaven/ws/ws_moveit2/install/moveit_resources_panda_moveit_config:/home/robomaven/ws/ws_moveit2/install/moveit_resources_fanuc_moveit_config:/home/robomaven/ws/ws_moveit2/install/moveit_configs_utils:/home/robomaven/ws/ws_moveit2/install/srdfdom:/home/robomaven/ws/ws_moveit2/install/moveit_resources_panda_description:/home/robomaven/ws/ws_moveit2/install/moveit_resources_fanuc_description:/home/robomaven/ws/ws_moveit2/install/moveit_common:/home/robomaven/ws/ws_moveit2/install/launch_param_builder:${AMENT_PREFIX_PATH} CMAKE_PREFIX_PATH=/home/robomaven/ws/ws_moveit2/install/moveit_ros_planning:/home/robomaven/ws/ws_moveit2/install/moveit_ros_occupancy_map_monitor:/home/robomaven/ws/ws_moveit2/install/moveit_core:/home/robomaven/ws/ws_moveit2/install/moveit_resources_panda_moveit_config:/home/robomaven/ws/ws_moveit2/install/moveit_resources_fanuc_moveit_config:/home/robomaven/ws/ws_moveit2/install/srdfdom:/home/robomaven/ws/ws_moveit2/install/moveit_resources_panda_description:/home/robomaven/ws/ws_moveit2/install/moveit_resources_fanuc_description:/home/robomaven/ws/ws_moveit2/install/moveit_common:/opt/ros/humble LD_LIBRARY_PATH=/home/robomaven/ws/ws_moveit2/install/moveit_ros_planning/lib:/home/robomaven/ws/ws_moveit2/install/moveit_ros_occupancy_map_monitor/lib:/home/robomaven/ws/ws_moveit2/install/moveit_core/lib:/home/robomaven/ws/ws_moveit2/install/srdfdom/lib:/usr/lib/x86_64-linux-gnu/gazebo-11/plugins:/opt/ros/humble/opt/rviz_ogre_vendor/lib:/opt/ros/humble/lib/x86_64-linux-gnu:/opt/ros/humble/lib:/usr/share/gazebo/../../lib/x86_64-linux-gnu/gazebo-11/plugins PATH=/home/robomaven/ws/ws_moveit2/install/moveit_core/bin:${PATH} PYTHONPATH=/home/robomaven/ws/ws_moveit2/install/moveit_configs_utils/lib/python3.10/site-packages:/home/robomaven/ws/ws_moveit2/install/srdfdom/local/lib/python3.10/dist-packages:/home/robomaven/ws/ws_moveit2/install/launch_param_builder/lib/python3.10/site-packages:${PYTHONPATH} /usr/bin/cmake --build /home/robomaven/ws/ws_moveit2/build/moveit_kinematics -- -j20 -l20
[2.638s] [ 15%] [32mBuilding CXX object cached_ik_kinematics_plugin/CMakeFiles/moveit_cached_ik_kinematics_base.dir/src/ik_cache.cpp.o[0m
[2.638s] [ 15%] [32mBuilding CXX object gtest/CMakeFiles/gtest_main.dir/src/gtest_main.cc.o[0m
[2.638s] [ 15%] [32mBuilding CXX object gtest/CMakeFiles/gtest.dir/src/gtest-all.cc.o[0m
[2.639s] [ 21%] [32mBuilding CXX object kdl_kinematics_plugin/CMakeFiles/moveit_kdl_kinematics_plugin.dir/src/chainiksolver_vel_mimic_svd.cpp.o[0m
[2.639s] [ 26%] [32mBuilding CXX object test/CMakeFiles/benchmark_ik.dir/benchmark_ik.cpp.o[0m
[2.640s] [ 31%] [32mBuilding CXX object kdl_kinematics_plugin/CMakeFiles/moveit_kdl_kinematics_plugin.dir/src/kdl_kinematics_plugin.cpp.o[0m
[2.644s] [ 36%] [32mBuilding CXX object lma_kinematics_plugin/CMakeFiles/moveit_lma_kinematics_plugin.dir/src/lma_kinematics_plugin.cpp.o[0m
[2.652s] [ 42%] [32mBuilding CXX object srv_kinematics_plugin/CMakeFiles/moveit_srv_kinematics_plugin.dir/src/srv_kinematics_plugin.cpp.o[0m
[3.962s] [ 47%] [32m[1mLinking CXX static library libgtest_main.a[0m
[4.178s] [ 47%] Built target gtest_main
[32.587s] [ 52%] [32m[1mLinking CXX static library libgtest.a[0m
[32.651s] [ 52%] Built target gtest
[68.700s] [ 57%] [32m[1mLinking CXX shared library libmoveit_cached_ik_kinematics_base.so[0m
[69.198s] [ 57%] Built target moveit_cached_ik_kinematics_base
[74.159s] [ 63%] [32m[1mLinking CXX shared library libmoveit_lma_kinematics_plugin.so[0m
[74.450s] [ 63%] Built target moveit_lma_kinematics_plugin
[75.861s] [ 68%] [32m[1mLinking CXX shared library libmoveit_srv_kinematics_plugin.so[0m
[76.100s] [ 68%] Built target moveit_srv_kinematics_plugin
[76.387s] [ 73%] [32m[1mLinking CXX shared library libmoveit_kdl_kinematics_plugin.so[0m
[76.595s] [ 73%] Built target moveit_kdl_kinematics_plugin
[78.177s] [ 78%] [32m[1mLinking CXX executable benchmark_ik[0m
[78.609s] [ 78%] Built target benchmark_ik
[78.632s] [ 84%] [32mBuilding CXX object test/CMakeFiles/test_kinematics_plugin.dir/test_kinematics_plugin.cpp.o[0m
[92.593s] [ 89%] [32m[1mLinking CXX executable test_kinematics_plugin[0m
[92.850s] [ 89%] Built target test_kinematics_plugin
[92.867s] [ 94%] [32mBuilding CXX object cached_ik_kinematics_plugin/CMakeFiles/moveit_cached_ik_kinematics_plugin.dir/src/cached_ik_kinematics_plugin.cpp.o[0m
[98.602s] [100%] [32m[1mLinking CXX shared library libmoveit_cached_ik_kinematics_plugin.so[0m
[98.848s] [100%] Built target moveit_cached_ik_kinematics_plugin
[98.880s] Invoked command in '/home/robomaven/ws/ws_moveit2/build/moveit_kinematics' returned '0': AMENT_PREFIX_PATH=/home/robomaven/ws/ws_moveit2/install/moveit_ros_planning:/home/robomaven/ws/ws_moveit2/install/moveit_ros_occupancy_map_monitor:/home/robomaven/ws/ws_moveit2/install/moveit_core:/home/robomaven/ws/ws_moveit2/install/moveit_resources_panda_moveit_config:/home/robomaven/ws/ws_moveit2/install/moveit_resources_fanuc_moveit_config:/home/robomaven/ws/ws_moveit2/install/moveit_configs_utils:/home/robomaven/ws/ws_moveit2/install/srdfdom:/home/robomaven/ws/ws_moveit2/install/moveit_resources_panda_description:/home/robomaven/ws/ws_moveit2/install/moveit_resources_fanuc_description:/home/robomaven/ws/ws_moveit2/install/moveit_common:/home/robomaven/ws/ws_moveit2/install/launch_param_builder:${AMENT_PREFIX_PATH} CMAKE_PREFIX_PATH=/home/robomaven/ws/ws_moveit2/install/moveit_ros_planning:/home/robomaven/ws/ws_moveit2/install/moveit_ros_occupancy_map_monitor:/home/robomaven/ws/ws_moveit2/install/moveit_core:/home/robomaven/ws/ws_moveit2/install/moveit_resources_panda_moveit_config:/home/robomaven/ws/ws_moveit2/install/moveit_resources_fanuc_moveit_config:/home/robomaven/ws/ws_moveit2/install/srdfdom:/home/robomaven/ws/ws_moveit2/install/moveit_resources_panda_description:/home/robomaven/ws/ws_moveit2/install/moveit_resources_fanuc_description:/home/robomaven/ws/ws_moveit2/install/moveit_common:/opt/ros/humble LD_LIBRARY_PATH=/home/robomaven/ws/ws_moveit2/install/moveit_ros_planning/lib:/home/robomaven/ws/ws_moveit2/install/moveit_ros_occupancy_map_monitor/lib:/home/robomaven/ws/ws_moveit2/install/moveit_core/lib:/home/robomaven/ws/ws_moveit2/install/srdfdom/lib:/usr/lib/x86_64-linux-gnu/gazebo-11/plugins:/opt/ros/humble/opt/rviz_ogre_vendor/lib:/opt/ros/humble/lib/x86_64-linux-gnu:/opt/ros/humble/lib:/usr/share/gazebo/../../lib/x86_64-linux-gnu/gazebo-11/plugins PATH=/home/robomaven/ws/ws_moveit2/install/moveit_core/bin:${PATH} PYTHONPATH=/home/robomaven/ws/ws_moveit2/install/moveit_configs_utils/lib/python3.10/site-packages:/home/robomaven/ws/ws_moveit2/install/srdfdom/local/lib/python3.10/dist-packages:/home/robomaven/ws/ws_moveit2/install/launch_param_builder/lib/python3.10/site-packages:${PYTHONPATH} /usr/bin/cmake --build /home/robomaven/ws/ws_moveit2/build/moveit_kinematics -- -j20 -l20
[98.917s] Invoking command in '/home/robomaven/ws/ws_moveit2/build/moveit_kinematics': AMENT_PREFIX_PATH=/home/robomaven/ws/ws_moveit2/install/moveit_ros_planning:/home/robomaven/ws/ws_moveit2/install/moveit_ros_occupancy_map_monitor:/home/robomaven/ws/ws_moveit2/install/moveit_core:/home/robomaven/ws/ws_moveit2/install/moveit_resources_panda_moveit_config:/home/robomaven/ws/ws_moveit2/install/moveit_resources_fanuc_moveit_config:/home/robomaven/ws/ws_moveit2/install/moveit_configs_utils:/home/robomaven/ws/ws_moveit2/install/srdfdom:/home/robomaven/ws/ws_moveit2/install/moveit_resources_panda_description:/home/robomaven/ws/ws_moveit2/install/moveit_resources_fanuc_description:/home/robomaven/ws/ws_moveit2/install/moveit_common:/home/robomaven/ws/ws_moveit2/install/launch_param_builder:${AMENT_PREFIX_PATH} CMAKE_PREFIX_PATH=/home/robomaven/ws/ws_moveit2/install/moveit_ros_planning:/home/robomaven/ws/ws_moveit2/install/moveit_ros_occupancy_map_monitor:/home/robomaven/ws/ws_moveit2/install/moveit_core:/home/robomaven/ws/ws_moveit2/install/moveit_resources_panda_moveit_config:/home/robomaven/ws/ws_moveit2/install/moveit_resources_fanuc_moveit_config:/home/robomaven/ws/ws_moveit2/install/srdfdom:/home/robomaven/ws/ws_moveit2/install/moveit_resources_panda_description:/home/robomaven/ws/ws_moveit2/install/moveit_resources_fanuc_description:/home/robomaven/ws/ws_moveit2/install/moveit_common:/opt/ros/humble LD_LIBRARY_PATH=/home/robomaven/ws/ws_moveit2/install/moveit_ros_planning/lib:/home/robomaven/ws/ws_moveit2/install/moveit_ros_occupancy_map_monitor/lib:/home/robomaven/ws/ws_moveit2/install/moveit_core/lib:/home/robomaven/ws/ws_moveit2/install/srdfdom/lib:/usr/lib/x86_64-linux-gnu/gazebo-11/plugins:/opt/ros/humble/opt/rviz_ogre_vendor/lib:/opt/ros/humble/lib/x86_64-linux-gnu:/opt/ros/humble/lib:/usr/share/gazebo/../../lib/x86_64-linux-gnu/gazebo-11/plugins PATH=/home/robomaven/ws/ws_moveit2/install/moveit_core/bin:${PATH} PYTHONPATH=/home/robomaven/ws/ws_moveit2/install/moveit_configs_utils/lib/python3.10/site-packages:/home/robomaven/ws/ws_moveit2/install/srdfdom/local/lib/python3.10/dist-packages:/home/robomaven/ws/ws_moveit2/install/launch_param_builder/lib/python3.10/site-packages:${PYTHONPATH} /usr/bin/cmake --install /home/robomaven/ws/ws_moveit2/build/moveit_kinematics
[98.926s] -- Install configuration: "Release"
[98.926s] -- Installing: /home/robomaven/ws/ws_moveit2/install/moveit_kinematics/share/moveit_kinematics/kdl_kinematics_plugin_description.xml
[98.926s] -- Installing: /home/robomaven/ws/ws_moveit2/install/moveit_kinematics/share/moveit_kinematics/lma_kinematics_plugin_description.xml
[98.927s] -- Installing: /home/robomaven/ws/ws_moveit2/install/moveit_kinematics/share/moveit_kinematics/srv_kinematics_plugin_description.xml
[98.927s] -- Installing: /home/robomaven/ws/ws_moveit2/install/moveit_kinematics/share/moveit_kinematics/cached_ik_kinematics_plugin_description.xml
[98.927s] -- Installing: /home/robomaven/ws/ws_moveit2/install/moveit_kinematics/include
[98.927s] -- Installing: /home/robomaven/ws/ws_moveit2/install/moveit_kinematics/include/moveit
[98.928s] -- Installing: /home/robomaven/ws/ws_moveit2/install/moveit_kinematics/include/moveit/cached_ik_kinematics_plugin
[98.928s] -- Installing: /home/robomaven/ws/ws_moveit2/install/moveit_kinematics/include/moveit/cached_ik_kinematics_plugin/cached_ik_kinematics_plugin-inl.h
[98.928s] -- Installing: /home/robomaven/ws/ws_moveit2/install/moveit_kinematics/include/moveit/cached_ik_kinematics_plugin/cached_ik_kinematics_plugin.h
[98.928s] -- Installing: /home/robomaven/ws/ws_moveit2/install/moveit_kinematics/include/moveit/cached_ik_kinematics_plugin/detail
[98.928s] -- Installing: /home/robomaven/ws/ws_moveit2/install/moveit_kinematics/include/moveit/cached_ik_kinematics_plugin/detail/NearestNeighborsGNAT.h
[98.928s] -- Installing: /home/robomaven/ws/ws_moveit2/install/moveit_kinematics/include/moveit/cached_ik_kinematics_plugin/detail/NearestNeighbors.h
[98.928s] -- Installing: /home/robomaven/ws/ws_moveit2/install/moveit_kinematics/include/moveit/cached_ik_kinematics_plugin/detail/GreedyKCenters.h
[98.928s] -- Installing: /home/robomaven/ws/ws_moveit2/install/moveit_kinematics/share/moveit_kinematics/launch
[98.928s] -- Installing: /home/robomaven/ws/ws_moveit2/install/moveit_kinematics/share/moveit_kinematics/launch/measure_ik_call_cost.launch
[98.929s] -- Installing: /home/robomaven/ws/ws_moveit2/install/moveit_kinematics/lib/moveit_kinematics/auto_create_ikfast_moveit_plugin.sh
[98.929s] -- Installing: /home/robomaven/ws/ws_moveit2/install/moveit_kinematics/lib/moveit_kinematics/create_ikfast_moveit_plugin.py
[98.929s] -- Installing: /home/robomaven/ws/ws_moveit2/install/moveit_kinematics/lib/moveit_kinematics/round_collada_numbers.py
[98.930s] -- Installing: /home/robomaven/ws/ws_moveit2/install/moveit_kinematics/share/moveit_kinematics/ikfast_kinematics_plugin/templates
[98.930s] -- Installing: /home/robomaven/ws/ws_moveit2/install/moveit_kinematics/share/moveit_kinematics/ikfast_kinematics_plugin/templates/ikfast.h
[98.930s] -- Installing: /home/robomaven/ws/ws_moveit2/install/moveit_kinematics/share/moveit_kinematics/ikfast_kinematics_plugin/templates/CMakeLists.txt
[98.930s] -- Installing: /home/robomaven/ws/ws_moveit2/install/moveit_kinematics/share/moveit_kinematics/ikfast_kinematics_plugin/templates/ikfast61_moveit_plugin_template.cpp
[98.931s] -- Up-to-date: /home/robomaven/ws/ws_moveit2/install/moveit_kinematics/include
[98.931s] -- Up-to-date: /home/robomaven/ws/ws_moveit2/install/moveit_kinematics/include/moveit
[98.931s] -- Installing: /home/robomaven/ws/ws_moveit2/install/moveit_kinematics/include/moveit/kdl_kinematics_plugin
[98.931s] -- Installing: /home/robomaven/ws/ws_moveit2/install/moveit_kinematics/include/moveit/kdl_kinematics_plugin/kdl_kinematics_plugin.h
[98.931s] -- Installing: /home/robomaven/ws/ws_moveit2/install/moveit_kinematics/include/moveit/kdl_kinematics_plugin/chainiksolver_vel_mimic_svd.hpp
[98.931s] -- Installing: /home/robomaven/ws/ws_moveit2/install/moveit_kinematics/include/moveit/kdl_kinematics_plugin/joint_mimic.hpp
[98.931s] -- Up-to-date: /home/robomaven/ws/ws_moveit2/install/moveit_kinematics/include
[98.931s] -- Up-to-date: /home/robomaven/ws/ws_moveit2/install/moveit_kinematics/include/moveit
[98.931s] -- Installing: /home/robomaven/ws/ws_moveit2/install/moveit_kinematics/include/moveit/lma_kinematics_plugin
[98.931s] -- Installing: /home/robomaven/ws/ws_moveit2/install/moveit_kinematics/include/moveit/lma_kinematics_plugin/lma_kinematics_plugin.h
[98.932s] -- Up-to-date: /home/robomaven/ws/ws_moveit2/install/moveit_kinematics/include
[98.932s] -- Up-to-date: /home/robomaven/ws/ws_moveit2/install/moveit_kinematics/include/moveit
[98.932s] -- Installing: /home/robomaven/ws/ws_moveit2/install/moveit_kinematics/include/moveit/srv_kinematics_plugin
[98.932s] -- Installing: /home/robomaven/ws/ws_moveit2/install/moveit_kinematics/include/moveit/srv_kinematics_plugin/srv_kinematics_plugin.h
[98.932s] -- Installing: /home/robomaven/ws/ws_moveit2/install/moveit_kinematics/share/moveit_kinematics/config
[98.933s] -- Installing: /home/robomaven/ws/ws_moveit2/install/moveit_kinematics/share/moveit_kinematics/config/fanuc-lma-test.yaml
[98.933s] -- Installing: /home/robomaven/ws/ws_moveit2/install/moveit_kinematics/share/moveit_kinematics/config/panda-lma-test.yaml
[98.933s] -- Installing: /home/robomaven/ws/ws_moveit2/install/moveit_kinematics/share/moveit_kinematics/config/panda-lma-singular-test.yaml
[98.933s] -- Installing: /home/robomaven/ws/ws_moveit2/install/moveit_kinematics/share/moveit_kinematics/config/fanuc-kdl-test.yaml
[98.933s] -- Installing: /home/robomaven/ws/ws_moveit2/install/moveit_kinematics/share/moveit_kinematics/config/panda-kdl-test.yaml
[98.933s] -- Installing: /home/robomaven/ws/ws_moveit2/install/moveit_kinematics/share/moveit_kinematics/config/fanuc-lma-singular-test.yaml
[98.933s] -- Installing: /home/robomaven/ws/ws_moveit2/install/moveit_kinematics/share/moveit_kinematics/config/panda-kdl-singular-test.yaml
[98.934s] -- Installing: /home/robomaven/ws/ws_moveit2/install/moveit_kinematics/share/moveit_kinematics/config/fanuc-kdl-singular-test.yaml
[98.934s] -- Up-to-date: /home/robomaven/ws/ws_moveit2/install/moveit_kinematics/share/moveit_kinematics/launch
[98.934s] -- Installing: /home/robomaven/ws/ws_moveit2/install/moveit_kinematics/share/moveit_kinematics/launch/panda-lma.test.py
[98.934s] -- Installing: /home/robomaven/ws/ws_moveit2/install/moveit_kinematics/share/moveit_kinematics/launch/fanuc-lma-singular.test.py
[98.934s] -- Installing: /home/robomaven/ws/ws_moveit2/install/moveit_kinematics/share/moveit_kinematics/launch/panda-kdl-singular.test.py
[98.934s] -- Installing: /home/robomaven/ws/ws_moveit2/install/moveit_kinematics/share/moveit_kinematics/launch/fanuc-lma.test.py
[98.935s] -- Installing: /home/robomaven/ws/ws_moveit2/install/moveit_kinematics/share/moveit_kinematics/launch/panda-kdl.test.py
[98.935s] -- Installing: /home/robomaven/ws/ws_moveit2/install/moveit_kinematics/share/moveit_kinematics/launch/fanuc-kdl.test.py
[98.935s] -- Installing: /home/robomaven/ws/ws_moveit2/install/moveit_kinematics/share/moveit_kinematics/launch/fanuc-kdl-singular.test.py
[98.935s] -- Installing: /home/robomaven/ws/ws_moveit2/install/moveit_kinematics/share/moveit_kinematics/launch/panda-lma-singular.test.py
[98.935s] -- Installing: /home/robomaven/ws/ws_moveit2/install/moveit_kinematics/lib/moveit_kinematics/benchmark_ik
[98.936s] -- Set runtime path of "/home/robomaven/ws/ws_moveit2/install/moveit_kinematics/lib/moveit_kinematics/benchmark_ik" to ""
[98.936s] -- Installing: /home/robomaven/ws/ws_moveit2/install/moveit_kinematics/lib/moveit_kinematics/test_kinematics_plugin
[98.938s] -- Set runtime path of "/home/robomaven/ws/ws_moveit2/install/moveit_kinematics/lib/moveit_kinematics/test_kinematics_plugin" to ""
[98.938s] -- Installing: /home/robomaven/ws/ws_moveit2/install/moveit_kinematics/lib/libmoveit_cached_ik_kinematics_base.so.2.5.5
[98.938s] -- Set runtime path of "/home/robomaven/ws/ws_moveit2/install/moveit_kinematics/lib/libmoveit_cached_ik_kinematics_base.so.2.5.5" to ""
[98.938s] -- Installing: /home/robomaven/ws/ws_moveit2/install/moveit_kinematics/lib/libmoveit_cached_ik_kinematics_base.so
[98.938s] -- Installing: /home/robomaven/ws/ws_moveit2/install/moveit_kinematics/lib/libmoveit_cached_ik_kinematics_plugin.so.2.5.5
[98.939s] -- Set runtime path of "/home/robomaven/ws/ws_moveit2/install/moveit_kinematics/lib/libmoveit_cached_ik_kinematics_plugin.so.2.5.5" to ""
[98.939s] -- Installing: /home/robomaven/ws/ws_moveit2/install/moveit_kinematics/lib/libmoveit_cached_ik_kinematics_plugin.so
[98.939s] -- Installing: /home/robomaven/ws/ws_moveit2/install/moveit_kinematics/lib/libmoveit_kdl_kinematics_plugin.so
[98.939s] -- Set runtime path of "/home/robomaven/ws/ws_moveit2/install/moveit_kinematics/lib/libmoveit_kdl_kinematics_plugin.so" to ""
[98.940s] -- Installing: /home/robomaven/ws/ws_moveit2/install/moveit_kinematics/lib/libmoveit_lma_kinematics_plugin.so.2.5.5
[98.940s] -- Set runtime path of "/home/robomaven/ws/ws_moveit2/install/moveit_kinematics/lib/libmoveit_lma_kinematics_plugin.so.2.5.5" to ""
[98.940s] -- Installing: /home/robomaven/ws/ws_moveit2/install/moveit_kinematics/lib/libmoveit_lma_kinematics_plugin.so
[98.940s] -- Installing: /home/robomaven/ws/ws_moveit2/install/moveit_kinematics/lib/libmoveit_srv_kinematics_plugin.so.2.5.5
[98.941s] -- Set runtime path of "/home/robomaven/ws/ws_moveit2/install/moveit_kinematics/lib/libmoveit_srv_kinematics_plugin.so.2.5.5" to ""
[98.941s] -- Installing: /home/robomaven/ws/ws_moveit2/install/moveit_kinematics/lib/libmoveit_srv_kinematics_plugin.so
[98.941s] -- Installing: /home/robomaven/ws/ws_moveit2/install/moveit_kinematics/share/moveit_kinematics/environment/library_path.sh
[98.941s] -- Installing: /home/robomaven/ws/ws_moveit2/install/moveit_kinematics/share/moveit_kinematics/environment/library_path.dsv
[98.942s] -- Installing: /home/robomaven/ws/ws_moveit2/install/moveit_kinematics/share/ament_index/resource_index/package_run_dependencies/moveit_kinematics
[98.942s] -- Installing: /home/robomaven/ws/ws_moveit2/install/moveit_kinematics/share/ament_index/resource_index/parent_prefix_path/moveit_kinematics
[98.943s] -- Installing: /home/robomaven/ws/ws_moveit2/install/moveit_kinematics/share/moveit_kinematics/environment/ament_prefix_path.sh
[98.943s] -- Installing: /home/robomaven/ws/ws_moveit2/install/moveit_kinematics/share/moveit_kinematics/environment/ament_prefix_path.dsv
[98.943s] -- Installing: /home/robomaven/ws/ws_moveit2/install/moveit_kinematics/share/moveit_kinematics/environment/path.sh
[98.943s] -- Installing: /home/robomaven/ws/ws_moveit2/install/moveit_kinematics/share/moveit_kinematics/environment/path.dsv
[98.943s] -- Installing: /home/robomaven/ws/ws_moveit2/install/moveit_kinematics/share/moveit_kinematics/local_setup.bash
[98.943s] -- Installing: /home/robomaven/ws/ws_moveit2/install/moveit_kinematics/share/moveit_kinematics/local_setup.sh
[98.944s] -- Installing: /home/robomaven/ws/ws_moveit2/install/moveit_kinematics/share/moveit_kinematics/local_setup.zsh
[98.944s] -- Installing: /home/robomaven/ws/ws_moveit2/install/moveit_kinematics/share/moveit_kinematics/local_setup.dsv
[98.944s] -- Installing: /home/robomaven/ws/ws_moveit2/install/moveit_kinematics/share/moveit_kinematics/package.dsv
[98.944s] -- Installing: /home/robomaven/ws/ws_moveit2/install/moveit_kinematics/share/ament_index/resource_index/packages/moveit_kinematics
[98.945s] -- Installing: /home/robomaven/ws/ws_moveit2/install/moveit_kinematics/share/ament_index/resource_index/moveit_core__pluginlib__plugin/moveit_kinematics
[98.945s] -- Installing: /home/robomaven/ws/ws_moveit2/install/moveit_kinematics/share/moveit_kinematics/cmake/export_moveit_kinematicsExport.cmake
[98.946s] -- Installing: /home/robomaven/ws/ws_moveit2/install/moveit_kinematics/share/moveit_kinematics/cmake/export_moveit_kinematicsExport-release.cmake
[98.946s] -- Installing: /home/robomaven/ws/ws_moveit2/install/moveit_kinematics/share/moveit_kinematics/cmake/ConfigExtras.cmake
[98.946s] -- Installing: /home/robomaven/ws/ws_moveit2/install/moveit_kinematics/share/moveit_kinematics/cmake/ament_cmake_export_targets-extras.cmake
[98.946s] -- Installing: /home/robomaven/ws/ws_moveit2/install/moveit_kinematics/share/moveit_kinematics/cmake/ament_cmake_export_dependencies-extras.cmake
[98.947s] -- Installing: /home/robomaven/ws/ws_moveit2/install/moveit_kinematics/share/moveit_kinematics/cmake/moveit_kinematicsConfig.cmake
[98.947s] -- Installing: /home/robomaven/ws/ws_moveit2/install/moveit_kinematics/share/moveit_kinematics/cmake/moveit_kinematicsConfig-version.cmake
[98.947s] -- Installing: /home/robomaven/ws/ws_moveit2/install/moveit_kinematics/share/moveit_kinematics/package.xml
[98.951s] Invoked command in '/home/robomaven/ws/ws_moveit2/build/moveit_kinematics' returned '0': AMENT_PREFIX_PATH=/home/robomaven/ws/ws_moveit2/install/moveit_ros_planning:/home/robomaven/ws/ws_moveit2/install/moveit_ros_occupancy_map_monitor:/home/robomaven/ws/ws_moveit2/install/moveit_core:/home/robomaven/ws/ws_moveit2/install/moveit_resources_panda_moveit_config:/home/robomaven/ws/ws_moveit2/install/moveit_resources_fanuc_moveit_config:/home/robomaven/ws/ws_moveit2/install/moveit_configs_utils:/home/robomaven/ws/ws_moveit2/install/srdfdom:/home/robomaven/ws/ws_moveit2/install/moveit_resources_panda_description:/home/robomaven/ws/ws_moveit2/install/moveit_resources_fanuc_description:/home/robomaven/ws/ws_moveit2/install/moveit_common:/home/robomaven/ws/ws_moveit2/install/launch_param_builder:${AMENT_PREFIX_PATH} CMAKE_PREFIX_PATH=/home/robomaven/ws/ws_moveit2/install/moveit_ros_planning:/home/robomaven/ws/ws_moveit2/install/moveit_ros_occupancy_map_monitor:/home/robomaven/ws/ws_moveit2/install/moveit_core:/home/robomaven/ws/ws_moveit2/install/moveit_resources_panda_moveit_config:/home/robomaven/ws/ws_moveit2/install/moveit_resources_fanuc_moveit_config:/home/robomaven/ws/ws_moveit2/install/srdfdom:/home/robomaven/ws/ws_moveit2/install/moveit_resources_panda_description:/home/robomaven/ws/ws_moveit2/install/moveit_resources_fanuc_description:/home/robomaven/ws/ws_moveit2/install/moveit_common:/opt/ros/humble LD_LIBRARY_PATH=/home/robomaven/ws/ws_moveit2/install/moveit_ros_planning/lib:/home/robomaven/ws/ws_moveit2/install/moveit_ros_occupancy_map_monitor/lib:/home/robomaven/ws/ws_moveit2/install/moveit_core/lib:/home/robomaven/ws/ws_moveit2/install/srdfdom/lib:/usr/lib/x86_64-linux-gnu/gazebo-11/plugins:/opt/ros/humble/opt/rviz_ogre_vendor/lib:/opt/ros/humble/lib/x86_64-linux-gnu:/opt/ros/humble/lib:/usr/share/gazebo/../../lib/x86_64-linux-gnu/gazebo-11/plugins PATH=/home/robomaven/ws/ws_moveit2/install/moveit_core/bin:${PATH} PYTHONPATH=/home/robomaven/ws/ws_moveit2/install/moveit_configs_utils/lib/python3.10/site-packages:/home/robomaven/ws/ws_moveit2/install/srdfdom/local/lib/python3.10/dist-packages:/home/robomaven/ws/ws_moveit2/install/launch_param_builder/lib/python3.10/site-packages:${PYTHONPATH} /usr/bin/cmake --install /home/robomaven/ws/ws_moveit2/build/moveit_kinematics
