[0.013s] Invoking command in '/home/robomaven/ws/ws1/build/bringup': CMAKE_PREFIX_PATH=${CMAKE_PREFIX_PATH}:/opt/ros/humble /usr/bin/cmake /home/robomaven/ws/ws1/src/bringup -DCMAKE_INSTALL_PREFIX=/home/robomaven/ws/ws1/install/bringup
[0.069s] -- The C compiler identification is GNU 11.4.0
[0.120s] -- The CXX compiler identification is GNU 11.4.0
[0.130s] -- Detecting C compiler ABI info
[0.177s] -- Detecting C compiler ABI info - done
[0.183s] -- Check for working C compiler: /usr/bin/cc - skipped
[0.183s] -- Detecting C compile features
[0.183s] -- Detecting C compile features - done
[0.186s] -- Detecting CXX compiler ABI info
[0.237s] -- Detecting CXX compiler ABI info - done
[0.242s] -- Check for working CXX compiler: /usr/bin/c++ - skipped
[0.242s] -- Detecting CXX compile features
[0.243s] -- Detecting CXX compile features - done
[0.246s] -- Found ament_cmake: 1.3.9 (/opt/ros/humble/share/ament_cmake/cmake)
[0.347s] -- Found Python3: /usr/bin/python3 (found version "3.10.12") found components: Interpreter 
[0.456s] -- Configuring done
[0.458s] -- Generating done
[0.458s] -- Build files have been written to: /home/robomaven/ws/ws1/build/bringup
[0.462s] Invoked command in '/home/robomaven/ws/ws1/build/bringup' returned '0': CMAKE_PREFIX_PATH=${CMAKE_PREFIX_PATH}:/opt/ros/humble /usr/bin/cmake /home/robomaven/ws/ws1/src/bringup -DCMAKE_INSTALL_PREFIX=/home/robomaven/ws/ws1/install/bringup
[0.462s] Invoking command in '/home/robomaven/ws/ws1/build/bringup': CMAKE_PREFIX_PATH=${CMAKE_PREFIX_PATH}:/opt/ros/humble /usr/bin/cmake --build /home/robomaven/ws/ws1/build/bringup -- -j20 -l20
[0.489s] Invoked command in '/home/robomaven/ws/ws1/build/bringup' returned '0': CMAKE_PREFIX_PATH=${CMAKE_PREFIX_PATH}:/opt/ros/humble /usr/bin/cmake --build /home/robomaven/ws/ws1/build/bringup -- -j20 -l20
[0.503s] Invoking command in '/home/robomaven/ws/ws1/build/bringup': CMAKE_PREFIX_PATH=${CMAKE_PREFIX_PATH}:/opt/ros/humble /usr/bin/cmake --install /home/robomaven/ws/ws1/build/bringup
[0.508s] -- Install configuration: ""
[0.508s] -- Installing: /home/robomaven/ws/ws1/install/bringup/share/bringup/launch
[0.508s] -- Installing: /home/robomaven/ws/ws1/install/bringup/share/bringup/launch/alive.launch.xml
[0.508s] -- Installing: /home/robomaven/ws/ws1/install/bringup/share/ament_index/resource_index/package_run_dependencies/bringup
[0.508s] -- Installing: /home/robomaven/ws/ws1/install/bringup/share/ament_index/resource_index/parent_prefix_path/bringup
[0.508s] -- Installing: /home/robomaven/ws/ws1/install/bringup/share/bringup/environment/ament_prefix_path.sh
[0.508s] -- Installing: /home/robomaven/ws/ws1/install/bringup/share/bringup/environment/ament_prefix_path.dsv
[0.508s] -- Installing: /home/robomaven/ws/ws1/install/bringup/share/bringup/environment/path.sh
[0.508s] -- Installing: /home/robomaven/ws/ws1/install/bringup/share/bringup/environment/path.dsv
[0.508s] -- Installing: /home/robomaven/ws/ws1/install/bringup/share/bringup/local_setup.bash
[0.508s] -- Installing: /home/robomaven/ws/ws1/install/bringup/share/bringup/local_setup.sh
[0.509s] -- Installing: /home/robomaven/ws/ws1/install/bringup/share/bringup/local_setup.zsh
[0.509s] -- Installing: /home/robomaven/ws/ws1/install/bringup/share/bringup/local_setup.dsv
[0.509s] -- Installing: /home/robomaven/ws/ws1/install/bringup/share/bringup/package.dsv
[0.509s] -- Installing: /home/robomaven/ws/ws1/install/bringup/share/ament_index/resource_index/packages/bringup
[0.509s] -- Installing: /home/robomaven/ws/ws1/install/bringup/share/bringup/cmake/bringupConfig.cmake
[0.509s] -- Installing: /home/robomaven/ws/ws1/install/bringup/share/bringup/cmake/bringupConfig-version.cmake
[0.509s] -- Installing: /home/robomaven/ws/ws1/install/bringup/share/bringup/package.xml
[0.510s] Invoked command in '/home/robomaven/ws/ws1/build/bringup' returned '0': CMAKE_PREFIX_PATH=${CMAKE_PREFIX_PATH}:/opt/ros/humble /usr/bin/cmake --install /home/robomaven/ws/ws1/build/bringup
