[0.465s] Invoking command in '/home/robomaven/ws/ros2_ws3/build/lifecycle_py': PYTHONPATH=/home/robomaven/ws/ros2_ws3/build/lifecycle_py/prefix_override:/home/robomaven/ws/ros2_ws3/install/lifecycle_py/lib/python3.10/site-packages:${PYTHONPATH} /usr/bin/python3 -W ignore:setup.py install is deprecated setup.py develop --uninstall --editable --build-directory /home/robomaven/ws/ros2_ws3/build/lifecycle_py/build
[0.623s] running develop
[0.715s] Removing /home/robomaven/ws/ros2_ws3/install/lifecycle_py/lib/python3.10/site-packages/lifecycle-py.egg-link (link to .)
[0.732s] Invoked command in '/home/robomaven/ws/ros2_ws3/build/lifecycle_py' returned '0': PYTHONPATH=/home/robomaven/ws/ros2_ws3/build/lifecycle_py/prefix_override:/home/robomaven/ws/ros2_ws3/install/lifecycle_py/lib/python3.10/site-packages:${PYTHONPATH} /usr/bin/python3 -W ignore:setup.py install is deprecated setup.py develop --uninstall --editable --build-directory /home/robomaven/ws/ros2_ws3/build/lifecycle_py/build
[0.732s] Invoking command in '/home/robomaven/ws/ros2_ws3/src/lifecycle_py': PYTHONPATH=/home/robomaven/ws/ros2_ws3/build/lifecycle_py/prefix_override:/home/robomaven/ws/ros2_ws3/install/lifecycle_py/lib/python3.10/site-packages:${PYTHONPATH} /usr/bin/python3 -W ignore:setup.py install is deprecated setup.py egg_info --egg-base ../../build/lifecycle_py build --build-base /home/robomaven/ws/ros2_ws3/build/lifecycle_py/build install --record /home/robomaven/ws/ros2_ws3/build/lifecycle_py/install.log --single-version-externally-managed install_data --force
[0.877s] running egg_info
[0.878s] writing ../../build/lifecycle_py/lifecycle_py.egg-info/PKG-INFO
[0.878s] writing dependency_links to ../../build/lifecycle_py/lifecycle_py.egg-info/dependency_links.txt
[0.878s] writing entry points to ../../build/lifecycle_py/lifecycle_py.egg-info/entry_points.txt
[0.878s] writing requirements to ../../build/lifecycle_py/lifecycle_py.egg-info/requires.txt
[0.878s] writing top-level names to ../../build/lifecycle_py/lifecycle_py.egg-info/top_level.txt
[0.879s] reading manifest file '../../build/lifecycle_py/lifecycle_py.egg-info/SOURCES.txt'
[0.887s] writing manifest file '../../build/lifecycle_py/lifecycle_py.egg-info/SOURCES.txt'
[0.887s] running build
[0.887s] running build_py
[0.887s] copying lifecycle_py/lifecycle_node_manager.py -> /home/robomaven/ws/ros2_ws3/build/lifecycle_py/build/lib/lifecycle_py
[0.887s] copying lifecycle_py/number_publisher.py -> /home/robomaven/ws/ros2_ws3/build/lifecycle_py/build/lib/lifecycle_py
[0.887s] running install
[0.887s] running install_lib
[0.888s] creating /home/robomaven/ws/ros2_ws3/install/lifecycle_py/lib/python3.10/site-packages/lifecycle_py
[0.888s] copying /home/robomaven/ws/ros2_ws3/build/lifecycle_py/build/lib/lifecycle_py/lifecycle_node_manager.py -> /home/robomaven/ws/ros2_ws3/install/lifecycle_py/lib/python3.10/site-packages/lifecycle_py
[0.888s] copying /home/robomaven/ws/ros2_ws3/build/lifecycle_py/build/lib/lifecycle_py/__init__.py -> /home/robomaven/ws/ros2_ws3/install/lifecycle_py/lib/python3.10/site-packages/lifecycle_py
[0.888s] copying /home/robomaven/ws/ros2_ws3/build/lifecycle_py/build/lib/lifecycle_py/number_publisher.py -> /home/robomaven/ws/ros2_ws3/install/lifecycle_py/lib/python3.10/site-packages/lifecycle_py
[0.888s] byte-compiling /home/robomaven/ws/ros2_ws3/install/lifecycle_py/lib/python3.10/site-packages/lifecycle_py/lifecycle_node_manager.py to lifecycle_node_manager.cpython-310.pyc
[0.889s] byte-compiling /home/robomaven/ws/ros2_ws3/install/lifecycle_py/lib/python3.10/site-packages/lifecycle_py/__init__.py to __init__.cpython-310.pyc
[0.889s] byte-compiling /home/robomaven/ws/ros2_ws3/install/lifecycle_py/lib/python3.10/site-packages/lifecycle_py/number_publisher.py to number_publisher.cpython-310.pyc
[0.889s] running install_data
[0.889s] copying resource/lifecycle_py -> /home/robomaven/ws/ros2_ws3/install/lifecycle_py/share/ament_index/resource_index/packages
[0.889s] copying package.xml -> /home/robomaven/ws/ros2_ws3/install/lifecycle_py/share/lifecycle_py
[0.889s] running install_egg_info
[0.890s] Copying ../../build/lifecycle_py/lifecycle_py.egg-info to /home/robomaven/ws/ros2_ws3/install/lifecycle_py/lib/python3.10/site-packages/lifecycle_py-0.0.0-py3.10.egg-info
[0.891s] running install_scripts
[0.903s] Installing lifecycle_node_manager script to /home/robomaven/ws/ros2_ws3/install/lifecycle_py/lib/lifecycle_py
[0.903s] Installing number_publisher script to /home/robomaven/ws/ros2_ws3/install/lifecycle_py/lib/lifecycle_py
[0.903s] writing list of installed files to '/home/robomaven/ws/ros2_ws3/build/lifecycle_py/install.log'
[0.917s] Invoked command in '/home/robomaven/ws/ros2_ws3/src/lifecycle_py' returned '0': PYTHONPATH=/home/robomaven/ws/ros2_ws3/build/lifecycle_py/prefix_override:/home/robomaven/ws/ros2_ws3/install/lifecycle_py/lib/python3.10/site-packages:${PYTHONPATH} /usr/bin/python3 -W ignore:setup.py install is deprecated setup.py egg_info --egg-base ../../build/lifecycle_py build --build-base /home/robomaven/ws/ros2_ws3/build/lifecycle_py/build install --record /home/robomaven/ws/ros2_ws3/build/lifecycle_py/install.log --single-version-externally-managed install_data --force
