[0.212s] Invoking command in '/home/robomaven/ws/ws_moveit2/build/rosparam_shortcuts': CMAKE_PREFIX_PATH=${CMAKE_PREFIX_PATH}:/home/robomaven/ws/ws_moveit2/install/moveit_configs_utils:/home/robomaven/ws/ws_moveit2/install/launch_param_builder:/opt/ros/humble /usr/bin/cmake /home/robomaven/ws/ws_moveit2/rosparam_shortcuts -DCMAKE_BUILD_TYPE=Release -DCMAKE_INSTALL_PREFIX=/home/robomaven/ws/ws_moveit2/install/rosparam_shortcuts
[0.223s] -- Found ament_cmake: 1.3.9 (/opt/ros/humble/share/ament_cmake/cmake)
[0.348s] -- Found eigen3_cmake_module: 0.1.1 (/opt/ros/humble/share/eigen3_cmake_module/cmake)
[0.350s] -- Found geometry_msgs: 4.2.4 (/opt/ros/humble/share/geometry_msgs/cmake)
[0.368s] -- Found rosidl_generator_c: 3.1.5 (/opt/ros/humble/share/rosidl_generator_c/cmake)
[0.370s] -- Found rosidl_adapter: 3.1.5 (/opt/ros/humble/share/rosidl_adapter/cmake)
[0.374s] -- Found rosidl_generator_cpp: 3.1.5 (/opt/ros/humble/share/rosidl_generator_cpp/cmake)
[0.384s] -- Using all available rosidl_typesupport_c: rosidl_typesupport_fastrtps_c;rosidl_typesupport_introspection_c
[0.396s] -- Using all available rosidl_typesupport_cpp: rosidl_typesupport_fastrtps_cpp;rosidl_typesupport_introspection_cpp
[0.478s] -- Found rclcpp: 16.0.9 (/opt/ros/humble/share/rclcpp/cmake)
[0.510s] -- Found rmw_implementation_cmake: 6.1.2 (/opt/ros/humble/share/rmw_implementation_cmake/cmake)
[0.512s] -- Found rmw_cyclonedds_cpp: 1.3.4 (/opt/ros/humble/share/rmw_cyclonedds_cpp/cmake)
[0.533s] -- Using RMW implementation 'rmw_cyclonedds_cpp' as default
[0.620s] -- Found tf2_eigen: 0.25.7 (/opt/ros/humble/share/tf2_eigen/cmake)
[0.874s] -- Found ament_lint_auto: 0.12.11 (/opt/ros/humble/share/ament_lint_auto/cmake)
[0.875s] -- Found ament_cmake_gtest: 1.3.9 (/opt/ros/humble/share/ament_cmake_gtest/cmake)
[0.875s] -- Found ros_testing: 0.4.0 (/opt/ros/humble/share/ros_testing/cmake)
[0.875s] -- Found launch_testing_ament_cmake: 1.0.6 (/opt/ros/humble/share/launch_testing_ament_cmake/cmake)
[0.876s] -- Found python_cmake_module: 0.10.0 (/opt/ros/humble/share/python_cmake_module/cmake)
[0.906s] -- Using PYTHON_EXECUTABLE: /usr/bin/python3
[0.906s] -- Using PYTHON_INCLUDE_DIRS: /usr/include/python3.10
[0.906s] -- Using PYTHON_LIBRARIES: /usr/lib/x86_64-linux-gnu/libpython3.10.so
[0.961s] -- Found gtest sources under '/opt/ros/humble/src/gtest_vendor': C++ tests using 'Google Test' will be built
[0.972s] -- Added test 'copyright' to check source files copyright and LICENSE
[0.976s] -- Added test 'lint_cmake' to check CMake code style
[0.976s] -- Added test 'pep257' to check Python code against some of the docstring style conventions in PEP 257
[0.977s] -- Added test 'xmllint' to check XML markup files
[0.979s] -- Configuring done
[1.014s] -- Generating done
[1.017s] -- Build files have been written to: /home/robomaven/ws/ws_moveit2/build/rosparam_shortcuts
[1.026s] Invoked command in '/home/robomaven/ws/ws_moveit2/build/rosparam_shortcuts' returned '0': CMAKE_PREFIX_PATH=${CMAKE_PREFIX_PATH}:/home/robomaven/ws/ws_moveit2/install/moveit_configs_utils:/home/robomaven/ws/ws_moveit2/install/launch_param_builder:/opt/ros/humble /usr/bin/cmake /home/robomaven/ws/ws_moveit2/rosparam_shortcuts -DCMAKE_BUILD_TYPE=Release -DCMAKE_INSTALL_PREFIX=/home/robomaven/ws/ws_moveit2/install/rosparam_shortcuts
[1.027s] Invoking command in '/home/robomaven/ws/ws_moveit2/build/rosparam_shortcuts': CMAKE_PREFIX_PATH=${CMAKE_PREFIX_PATH}:/home/robomaven/ws/ws_moveit2/install/moveit_configs_utils:/home/robomaven/ws/ws_moveit2/install/launch_param_builder:/opt/ros/humble /usr/bin/cmake --build /home/robomaven/ws/ws_moveit2/build/rosparam_shortcuts -- -j20 -l20
[1.096s] [35m[1mConsolidate compiler generated dependencies of target gtest_main[0m
[1.096s] [35m[1mConsolidate compiler generated dependencies of target gtest[0m
[1.098s] [35m[1mConsolidate compiler generated dependencies of target rosparam_shortcuts[0m
[1.117s] [ 15%] [32mBuilding CXX object gtest/CMakeFiles/gtest_main.dir/src/gtest_main.cc.o[0m
[1.117s] [ 15%] [32mBuilding CXX object gtest/CMakeFiles/gtest.dir/src/gtest-all.cc.o[0m
[1.123s] [ 23%] [32mBuilding CXX object CMakeFiles/rosparam_shortcuts.dir/src/node_parameters.cpp.o[0m
[1.129s] [ 30%] [32mBuilding CXX object CMakeFiles/rosparam_shortcuts.dir/src/rosparam_shortcuts.cpp.o[0m
[2.236s] [ 38%] [32m[1mLinking CXX static library libgtest_main.a[0m
[2.294s] [ 38%] Built target gtest_main
[7.056s] [ 46%] [32m[1mLinking CXX shared library librosparam_shortcuts.so[0m
[7.157s] [ 46%] Built target rosparam_shortcuts
[7.175s] [35m[1mConsolidate compiler generated dependencies of target rosparam_shortcuts_node_parameters_example[0m
[7.175s] [35m[1mConsolidate compiler generated dependencies of target rosparam_shortcuts_example[0m
[7.204s] [ 61%] [32mBuilding CXX object CMakeFiles/rosparam_shortcuts_example.dir/src/example.cpp.o[0m
[7.205s] [ 61%] [32mBuilding CXX object CMakeFiles/rosparam_shortcuts_node_parameters_example.dir/src/node_parameters_example.cpp.o[0m
[8.489s] [ 69%] [32m[1mLinking CXX static library libgtest.a[0m
[8.529s] [ 69%] Built target gtest
[8.541s] [35m[1mConsolidate compiler generated dependencies of target test_node_parameters[0m
[8.560s] [ 76%] [32mBuilding CXX object CMakeFiles/test_node_parameters.dir/test/test_node_parameters.cpp.o[0m
[9.849s] [ 84%] [32m[1mLinking CXX executable node_parameters_example[0m
[9.856s] [ 92%] [32m[1mLinking CXX executable example[0m
[9.942s] [ 92%] Built target rosparam_shortcuts_node_parameters_example
[9.945s] [ 92%] Built target rosparam_shortcuts_example
[12.253s] [100%] [32m[1mLinking CXX executable test_node_parameters[0m
[12.398s] [100%] Built target test_node_parameters
[12.412s] Invoked command in '/home/robomaven/ws/ws_moveit2/build/rosparam_shortcuts' returned '0': CMAKE_PREFIX_PATH=${CMAKE_PREFIX_PATH}:/home/robomaven/ws/ws_moveit2/install/moveit_configs_utils:/home/robomaven/ws/ws_moveit2/install/launch_param_builder:/opt/ros/humble /usr/bin/cmake --build /home/robomaven/ws/ws_moveit2/build/rosparam_shortcuts -- -j20 -l20
[12.459s] Invoking command in '/home/robomaven/ws/ws_moveit2/build/rosparam_shortcuts': CMAKE_PREFIX_PATH=${CMAKE_PREFIX_PATH}:/home/robomaven/ws/ws_moveit2/install/moveit_configs_utils:/home/robomaven/ws/ws_moveit2/install/launch_param_builder:/opt/ros/humble /usr/bin/cmake --install /home/robomaven/ws/ws_moveit2/build/rosparam_shortcuts
[12.473s] -- Install configuration: "Release"
[12.473s] -- Installing: /home/robomaven/ws/ws_moveit2/install/rosparam_shortcuts/lib/librosparam_shortcuts.so
[12.474s] -- Set runtime path of "/home/robomaven/ws/ws_moveit2/install/rosparam_shortcuts/lib/librosparam_shortcuts.so" to ""
[12.475s] -- Installing: /home/robomaven/ws/ws_moveit2/install/rosparam_shortcuts/lib/rosparam_shortcuts/example
[12.475s] -- Set runtime path of "/home/robomaven/ws/ws_moveit2/install/rosparam_shortcuts/lib/rosparam_shortcuts/example" to ""
[12.476s] -- Installing: /home/robomaven/ws/ws_moveit2/install/rosparam_shortcuts/lib/rosparam_shortcuts/node_parameters_example
[12.476s] -- Set runtime path of "/home/robomaven/ws/ws_moveit2/install/rosparam_shortcuts/lib/rosparam_shortcuts/node_parameters_example" to ""
[12.476s] -- Up-to-date: /home/robomaven/ws/ws_moveit2/install/rosparam_shortcuts/include
[12.476s] -- Up-to-date: /home/robomaven/ws/ws_moveit2/install/rosparam_shortcuts/include/rosparam_shortcuts
[12.476s] -- Up-to-date: /home/robomaven/ws/ws_moveit2/install/rosparam_shortcuts/include/rosparam_shortcuts/rosparam_shortcuts.h
[12.476s] -- Up-to-date: /home/robomaven/ws/ws_moveit2/install/rosparam_shortcuts/include/rosparam_shortcuts/node_parameters.h
[12.477s] -- Up-to-date: /home/robomaven/ws/ws_moveit2/install/rosparam_shortcuts/share/rosparam_shortcuts/launch
[12.477s] -- Up-to-date: /home/robomaven/ws/ws_moveit2/install/rosparam_shortcuts/share/rosparam_shortcuts/launch/example.launch.py
[12.477s] -- Up-to-date: /home/robomaven/ws/ws_moveit2/install/rosparam_shortcuts/share/rosparam_shortcuts/config
[12.477s] -- Up-to-date: /home/robomaven/ws/ws_moveit2/install/rosparam_shortcuts/share/rosparam_shortcuts/config/example.yaml
[12.477s] -- Up-to-date: /home/robomaven/ws/ws_moveit2/install/rosparam_shortcuts/share/rosparam_shortcuts/environment/library_path.sh
[12.477s] -- Installing: /home/robomaven/ws/ws_moveit2/install/rosparam_shortcuts/share/rosparam_shortcuts/environment/library_path.dsv
[12.477s] -- Up-to-date: /home/robomaven/ws/ws_moveit2/install/rosparam_shortcuts/share/ament_index/resource_index/package_run_dependencies/rosparam_shortcuts
[12.477s] -- Installing: /home/robomaven/ws/ws_moveit2/install/rosparam_shortcuts/share/ament_index/resource_index/parent_prefix_path/rosparam_shortcuts
[12.477s] -- Up-to-date: /home/robomaven/ws/ws_moveit2/install/rosparam_shortcuts/share/rosparam_shortcuts/environment/ament_prefix_path.sh
[12.477s] -- Installing: /home/robomaven/ws/ws_moveit2/install/rosparam_shortcuts/share/rosparam_shortcuts/environment/ament_prefix_path.dsv
[12.478s] -- Up-to-date: /home/robomaven/ws/ws_moveit2/install/rosparam_shortcuts/share/rosparam_shortcuts/environment/path.sh
[12.478s] -- Installing: /home/robomaven/ws/ws_moveit2/install/rosparam_shortcuts/share/rosparam_shortcuts/environment/path.dsv
[12.478s] -- Up-to-date: /home/robomaven/ws/ws_moveit2/install/rosparam_shortcuts/share/rosparam_shortcuts/local_setup.bash
[12.478s] -- Up-to-date: /home/robomaven/ws/ws_moveit2/install/rosparam_shortcuts/share/rosparam_shortcuts/local_setup.sh
[12.478s] -- Up-to-date: /home/robomaven/ws/ws_moveit2/install/rosparam_shortcuts/share/rosparam_shortcuts/local_setup.zsh
[12.478s] -- Installing: /home/robomaven/ws/ws_moveit2/install/rosparam_shortcuts/share/rosparam_shortcuts/local_setup.dsv
[12.478s] -- Installing: /home/robomaven/ws/ws_moveit2/install/rosparam_shortcuts/share/rosparam_shortcuts/package.dsv
[12.478s] -- Up-to-date: /home/robomaven/ws/ws_moveit2/install/rosparam_shortcuts/share/ament_index/resource_index/packages/rosparam_shortcuts
[12.479s] -- Up-to-date: /home/robomaven/ws/ws_moveit2/install/rosparam_shortcuts/share/rosparam_shortcuts/cmake/export_rosparam_shortcutsExport.cmake
[12.479s] -- Up-to-date: /home/robomaven/ws/ws_moveit2/install/rosparam_shortcuts/share/rosparam_shortcuts/cmake/export_rosparam_shortcutsExport-release.cmake
[12.479s] -- Up-to-date: /home/robomaven/ws/ws_moveit2/install/rosparam_shortcuts/share/rosparam_shortcuts/cmake/ament_cmake_export_targets-extras.cmake
[12.479s] -- Up-to-date: /home/robomaven/ws/ws_moveit2/install/rosparam_shortcuts/share/rosparam_shortcuts/cmake/ament_cmake_export_dependencies-extras.cmake
[12.479s] -- Up-to-date: /home/robomaven/ws/ws_moveit2/install/rosparam_shortcuts/share/rosparam_shortcuts/cmake/rosparam_shortcutsConfig.cmake
[12.479s] -- Up-to-date: /home/robomaven/ws/ws_moveit2/install/rosparam_shortcuts/share/rosparam_shortcuts/cmake/rosparam_shortcutsConfig-version.cmake
[12.479s] -- Up-to-date: /home/robomaven/ws/ws_moveit2/install/rosparam_shortcuts/share/rosparam_shortcuts/package.xml
[12.483s] Invoked command in '/home/robomaven/ws/ws_moveit2/build/rosparam_shortcuts' returned '0': CMAKE_PREFIX_PATH=${CMAKE_PREFIX_PATH}:/home/robomaven/ws/ws_moveit2/install/moveit_configs_utils:/home/robomaven/ws/ws_moveit2/install/launch_param_builder:/opt/ros/humble /usr/bin/cmake --install /home/robomaven/ws/ws_moveit2/build/rosparam_shortcuts
