running develop
Removing /home/robomaven/ws/ws1/install/py/lib/python3.10/site-packages/py.egg-link (link to .)
running egg_info
writing ../../build/py/py.egg-info/PKG-INFO
writing dependency_links to ../../build/py/py.egg-info/dependency_links.txt
writing entry points to ../../build/py/py.egg-info/entry_points.txt
writing requirements to ../../build/py/py.egg-info/requires.txt
writing top-level names to ../../build/py/py.egg-info/top_level.txt
reading manifest file '../../build/py/py.egg-info/SOURCES.txt'
writing manifest file '../../build/py/py.egg-info/SOURCES.txt'
running build
running build_py
copying py/first_node.py -> /home/robomaven/ws/ws1/build/py/build/lib/py
copying py/second_node.py -> /home/robomaven/ws/ws1/build/py/build/lib/py
running install
running install_lib
creating /home/robomaven/ws/ws1/install/py/lib/python3.10/site-packages/py
copying /home/robomaven/ws/ws1/build/py/build/lib/py/first_node.py -> /home/robomaven/ws/ws1/install/py/lib/python3.10/site-packages/py
copying /home/robomaven/ws/ws1/build/py/build/lib/py/__init__.py -> /home/robomaven/ws/ws1/install/py/lib/python3.10/site-packages/py
copying /home/robomaven/ws/ws1/build/py/build/lib/py/second_node.py -> /home/robomaven/ws/ws1/install/py/lib/python3.10/site-packages/py
byte-compiling /home/robomaven/ws/ws1/install/py/lib/python3.10/site-packages/py/first_node.py to first_node.cpython-310.pyc
byte-compiling /home/robomaven/ws/ws1/install/py/lib/python3.10/site-packages/py/__init__.py to __init__.cpython-310.pyc
byte-compiling /home/robomaven/ws/ws1/install/py/lib/python3.10/site-packages/py/second_node.py to second_node.cpython-310.pyc
running install_data
copying resource/py -> /home/robomaven/ws/ws1/install/py/share/ament_index/resource_index/packages
copying package.xml -> /home/robomaven/ws/ws1/install/py/share/py
running install_egg_info
Copying ../../build/py/py.egg-info to /home/robomaven/ws/ws1/install/py/lib/python3.10/site-packages/py-0.0.0-py3.10.egg-info
running install_scripts
Installing first_node script to /home/robomaven/ws/ws1/install/py/lib/py
writing list of installed files to '/home/robomaven/ws/ws1/build/py/install.log'
