[0.006s] Invoking command in '/home/robomaven/ws/ros2_ws3/build/actions_cpp': AMENT_PREFIX_PATH=/home/robomaven/ws/ros2_ws3/install/my_robot_interfaces:${AMENT_PREFIX_PATH} CMAKE_PREFIX_PATH=/home/robomaven/ws/ros2_ws3/install/my_robot_interfaces:/home/robomaven/ws/ros2_ws3/install/actions_cpp:/home/robomaven/ws/ros2_ws3/install/actions_py:/opt/ros/humble LD_LIBRARY_PATH=/home/robomaven/ws/ros2_ws3/install/my_robot_interfaces/lib:/usr/lib/x86_64-linux-gnu/gazebo-11/plugins:/opt/ros/humble/opt/rviz_ogre_vendor/lib:/opt/ros/humble/lib/x86_64-linux-gnu:/opt/ros/humble/lib:/usr/share/gazebo/../../lib/x86_64-linux-gnu/gazebo-11/plugins PYTHONPATH=/home/robomaven/ws/ros2_ws3/install/my_robot_interfaces/local/lib/python3.10/dist-packages:${PYTHONPATH} /usr/bin/cmake /home/robomaven/ws/ros2_ws3/src/actions_cpp -DCMAKE_INSTALL_PREFIX=/home/robomaven/ws/ros2_ws3/install/actions_cpp
[0.042s] -- The C compiler identification is GNU 11.4.0
[0.078s] -- The CXX compiler identification is GNU 11.4.0
[0.084s] -- Detecting C compiler ABI info
[0.129s] -- Detecting C compiler ABI info - done
[0.134s] -- Check for working C compiler: /usr/bin/cc - skipped
[0.134s] -- Detecting C compile features
[0.134s] -- Detecting C compile features - done
[0.136s] -- Detecting CXX compiler ABI info
[0.189s] -- Detecting CXX compiler ABI info - done
[0.195s] -- Check for working CXX compiler: /usr/bin/c++ - skipped
[0.195s] -- Detecting CXX compile features
[0.196s] -- Detecting CXX compile features - done
[0.197s] -- Found ament_cmake: 1.3.9 (/opt/ros/humble/share/ament_cmake/cmake)
[0.300s] -- Found Python3: /usr/bin/python3 (found version "3.10.12") found components: Interpreter 
[0.359s] -- Found rclcpp: 16.0.9 (/opt/ros/humble/share/rclcpp/cmake)
[0.388s] -- Found rosidl_generator_c: 3.1.5 (/opt/ros/humble/share/rosidl_generator_c/cmake)
[0.391s] -- Found rosidl_adapter: 3.1.5 (/opt/ros/humble/share/rosidl_adapter/cmake)
[0.396s] -- Found rosidl_generator_cpp: 3.1.5 (/opt/ros/humble/share/rosidl_generator_cpp/cmake)
[0.405s] -- Using all available rosidl_typesupport_c: rosidl_typesupport_fastrtps_c;rosidl_typesupport_introspection_c
[0.417s] -- Using all available rosidl_typesupport_cpp: rosidl_typesupport_fastrtps_cpp;rosidl_typesupport_introspection_cpp
[0.472s] -- Found rmw_implementation_cmake: 6.1.2 (/opt/ros/humble/share/rmw_implementation_cmake/cmake)
[0.474s] -- Found rmw_fastrtps_cpp: 6.2.6 (/opt/ros/humble/share/rmw_fastrtps_cpp/cmake)
[0.544s] -- Found OpenSSL: /usr/lib/x86_64-linux-gnu/libcrypto.so (found version "3.0.2")  
[0.562s] -- Found FastRTPS: /opt/ros/humble/include  
[0.596s] -- Using RMW implementation 'rmw_fastrtps_cpp' as default
[0.604s] -- Looking for pthread.h
[0.653s] -- Looking for pthread.h - found
[0.653s] -- Performing Test CMAKE_HAVE_LIBC_PTHREAD
[0.703s] -- Performing Test CMAKE_HAVE_LIBC_PTHREAD - Success
[0.704s] -- Found Threads: TRUE  
[0.823s] -- Found my_robot_interfaces: 0.0.0 (/home/robomaven/ws/ros2_ws3/install/my_robot_interfaces/share/my_robot_interfaces/cmake)
[0.914s] -- Found rclcpp_action: 16.0.9 (/opt/ros/humble/share/rclcpp_action/cmake)
[0.979s] -- Configuring done
[0.987s] -- Generating done
[0.988s] -- Build files have been written to: /home/robomaven/ws/ros2_ws3/build/actions_cpp
[0.995s] Invoked command in '/home/robomaven/ws/ros2_ws3/build/actions_cpp' returned '0': AMENT_PREFIX_PATH=/home/robomaven/ws/ros2_ws3/install/my_robot_interfaces:${AMENT_PREFIX_PATH} CMAKE_PREFIX_PATH=/home/robomaven/ws/ros2_ws3/install/my_robot_interfaces:/home/robomaven/ws/ros2_ws3/install/actions_cpp:/home/robomaven/ws/ros2_ws3/install/actions_py:/opt/ros/humble LD_LIBRARY_PATH=/home/robomaven/ws/ros2_ws3/install/my_robot_interfaces/lib:/usr/lib/x86_64-linux-gnu/gazebo-11/plugins:/opt/ros/humble/opt/rviz_ogre_vendor/lib:/opt/ros/humble/lib/x86_64-linux-gnu:/opt/ros/humble/lib:/usr/share/gazebo/../../lib/x86_64-linux-gnu/gazebo-11/plugins PYTHONPATH=/home/robomaven/ws/ros2_ws3/install/my_robot_interfaces/local/lib/python3.10/dist-packages:${PYTHONPATH} /usr/bin/cmake /home/robomaven/ws/ros2_ws3/src/actions_cpp -DCMAKE_INSTALL_PREFIX=/home/robomaven/ws/ros2_ws3/install/actions_cpp
[0.995s] Invoking command in '/home/robomaven/ws/ros2_ws3/build/actions_cpp': AMENT_PREFIX_PATH=/home/robomaven/ws/ros2_ws3/install/my_robot_interfaces:${AMENT_PREFIX_PATH} CMAKE_PREFIX_PATH=/home/robomaven/ws/ros2_ws3/install/my_robot_interfaces:/home/robomaven/ws/ros2_ws3/install/actions_cpp:/home/robomaven/ws/ros2_ws3/install/actions_py:/opt/ros/humble LD_LIBRARY_PATH=/home/robomaven/ws/ros2_ws3/install/my_robot_interfaces/lib:/usr/lib/x86_64-linux-gnu/gazebo-11/plugins:/opt/ros/humble/opt/rviz_ogre_vendor/lib:/opt/ros/humble/lib/x86_64-linux-gnu:/opt/ros/humble/lib:/usr/share/gazebo/../../lib/x86_64-linux-gnu/gazebo-11/plugins PYTHONPATH=/home/robomaven/ws/ros2_ws3/install/my_robot_interfaces/local/lib/python3.10/dist-packages:${PYTHONPATH} /usr/bin/cmake --build /home/robomaven/ws/ros2_ws3/build/actions_cpp -- -j20 -l20
[1.029s] [ 50%] [32mBuilding CXX object CMakeFiles/count_until_server.dir/src/count_until_server.cpp.o[0m
[1.029s] [ 50%] [32mBuilding CXX object CMakeFiles/count_until_client.dir/src/count_until_client.cpp.o[0m
[3.413s] [ 75%] [32m[1mLinking CXX executable count_until_server[0m
[3.526s] [ 75%] Built target count_until_server
[3.562s] [100%] [32m[1mLinking CXX executable count_until_client[0m
[3.670s] [100%] Built target count_until_client
[3.679s] Invoked command in '/home/robomaven/ws/ros2_ws3/build/actions_cpp' returned '0': AMENT_PREFIX_PATH=/home/robomaven/ws/ros2_ws3/install/my_robot_interfaces:${AMENT_PREFIX_PATH} CMAKE_PREFIX_PATH=/home/robomaven/ws/ros2_ws3/install/my_robot_interfaces:/home/robomaven/ws/ros2_ws3/install/actions_cpp:/home/robomaven/ws/ros2_ws3/install/actions_py:/opt/ros/humble LD_LIBRARY_PATH=/home/robomaven/ws/ros2_ws3/install/my_robot_interfaces/lib:/usr/lib/x86_64-linux-gnu/gazebo-11/plugins:/opt/ros/humble/opt/rviz_ogre_vendor/lib:/opt/ros/humble/lib/x86_64-linux-gnu:/opt/ros/humble/lib:/usr/share/gazebo/../../lib/x86_64-linux-gnu/gazebo-11/plugins PYTHONPATH=/home/robomaven/ws/ros2_ws3/install/my_robot_interfaces/local/lib/python3.10/dist-packages:${PYTHONPATH} /usr/bin/cmake --build /home/robomaven/ws/ros2_ws3/build/actions_cpp -- -j20 -l20
[3.699s] Invoking command in '/home/robomaven/ws/ros2_ws3/build/actions_cpp': AMENT_PREFIX_PATH=/home/robomaven/ws/ros2_ws3/install/my_robot_interfaces:${AMENT_PREFIX_PATH} CMAKE_PREFIX_PATH=/home/robomaven/ws/ros2_ws3/install/my_robot_interfaces:/home/robomaven/ws/ros2_ws3/install/actions_cpp:/home/robomaven/ws/ros2_ws3/install/actions_py:/opt/ros/humble LD_LIBRARY_PATH=/home/robomaven/ws/ros2_ws3/install/my_robot_interfaces/lib:/usr/lib/x86_64-linux-gnu/gazebo-11/plugins:/opt/ros/humble/opt/rviz_ogre_vendor/lib:/opt/ros/humble/lib/x86_64-linux-gnu:/opt/ros/humble/lib:/usr/share/gazebo/../../lib/x86_64-linux-gnu/gazebo-11/plugins PYTHONPATH=/home/robomaven/ws/ros2_ws3/install/my_robot_interfaces/local/lib/python3.10/dist-packages:${PYTHONPATH} /usr/bin/cmake --install /home/robomaven/ws/ros2_ws3/build/actions_cpp
[3.704s] -- Install configuration: ""
[3.704s] -- Installing: /home/robomaven/ws/ros2_ws3/install/actions_cpp/lib/actions_cpp/count_until_client
[3.705s] -- Set runtime path of "/home/robomaven/ws/ros2_ws3/install/actions_cpp/lib/actions_cpp/count_until_client" to ""
[3.705s] -- Installing: /home/robomaven/ws/ros2_ws3/install/actions_cpp/lib/actions_cpp/count_until_server
[3.706s] -- Set runtime path of "/home/robomaven/ws/ros2_ws3/install/actions_cpp/lib/actions_cpp/count_until_server" to ""
[3.706s] -- Installing: /home/robomaven/ws/ros2_ws3/install/actions_cpp/share/ament_index/resource_index/package_run_dependencies/actions_cpp
[3.706s] -- Installing: /home/robomaven/ws/ros2_ws3/install/actions_cpp/share/ament_index/resource_index/parent_prefix_path/actions_cpp
[3.706s] -- Installing: /home/robomaven/ws/ros2_ws3/install/actions_cpp/share/actions_cpp/environment/ament_prefix_path.sh
[3.706s] -- Installing: /home/robomaven/ws/ros2_ws3/install/actions_cpp/share/actions_cpp/environment/ament_prefix_path.dsv
[3.706s] -- Installing: /home/robomaven/ws/ros2_ws3/install/actions_cpp/share/actions_cpp/environment/path.sh
[3.706s] -- Installing: /home/robomaven/ws/ros2_ws3/install/actions_cpp/share/actions_cpp/environment/path.dsv
[3.706s] -- Installing: /home/robomaven/ws/ros2_ws3/install/actions_cpp/share/actions_cpp/local_setup.bash
[3.706s] -- Installing: /home/robomaven/ws/ros2_ws3/install/actions_cpp/share/actions_cpp/local_setup.sh
[3.706s] -- Installing: /home/robomaven/ws/ros2_ws3/install/actions_cpp/share/actions_cpp/local_setup.zsh
[3.706s] -- Installing: /home/robomaven/ws/ros2_ws3/install/actions_cpp/share/actions_cpp/local_setup.dsv
[3.706s] -- Installing: /home/robomaven/ws/ros2_ws3/install/actions_cpp/share/actions_cpp/package.dsv
[3.706s] -- Installing: /home/robomaven/ws/ros2_ws3/install/actions_cpp/share/ament_index/resource_index/packages/actions_cpp
[3.707s] -- Installing: /home/robomaven/ws/ros2_ws3/install/actions_cpp/share/actions_cpp/cmake/actions_cppConfig.cmake
[3.707s] -- Installing: /home/robomaven/ws/ros2_ws3/install/actions_cpp/share/actions_cpp/cmake/actions_cppConfig-version.cmake
[3.707s] -- Installing: /home/robomaven/ws/ros2_ws3/install/actions_cpp/share/actions_cpp/package.xml
[3.708s] Invoked command in '/home/robomaven/ws/ros2_ws3/build/actions_cpp' returned '0': AMENT_PREFIX_PATH=/home/robomaven/ws/ros2_ws3/install/my_robot_interfaces:${AMENT_PREFIX_PATH} CMAKE_PREFIX_PATH=/home/robomaven/ws/ros2_ws3/install/my_robot_interfaces:/home/robomaven/ws/ros2_ws3/install/actions_cpp:/home/robomaven/ws/ros2_ws3/install/actions_py:/opt/ros/humble LD_LIBRARY_PATH=/home/robomaven/ws/ros2_ws3/install/my_robot_interfaces/lib:/usr/lib/x86_64-linux-gnu/gazebo-11/plugins:/opt/ros/humble/opt/rviz_ogre_vendor/lib:/opt/ros/humble/lib/x86_64-linux-gnu:/opt/ros/humble/lib:/usr/share/gazebo/../../lib/x86_64-linux-gnu/gazebo-11/plugins PYTHONPATH=/home/robomaven/ws/ros2_ws3/install/my_robot_interfaces/local/lib/python3.10/dist-packages:${PYTHONPATH} /usr/bin/cmake --install /home/robomaven/ws/ros2_ws3/build/actions_cpp
