-- The C compiler identification is GNU 11.4.0
-- The CXX compiler identification is GNU 11.4.0
-- Detecting C compiler ABI info
-- Detecting C compiler ABI info - done
-- Check for working C compiler: /usr/bin/cc - skipped
-- Detecting C compile features
-- Detecting C compile features - done
-- Detecting CXX compiler ABI info
-- Detecting CXX compiler ABI info - done
-- Check for working CXX compiler: /usr/bin/c++ - skipped
-- Detecting CXX compile features
-- Detecting CXX compile features - done
-- Found ament_cmake: 1.3.9 (/opt/ros/humble/share/ament_cmake/cmake)
-- Found Python3: /usr/bin/python3 (found version "3.10.12") found components: Interpreter 
-- Found rclcpp: 16.0.9 (/opt/ros/humble/share/rclcpp/cmake)
-- Found rosidl_generator_c: 3.1.5 (/opt/ros/humble/share/rosidl_generator_c/cmake)
-- Found rosidl_adapter: 3.1.5 (/opt/ros/humble/share/rosidl_adapter/cmake)
-- Found rosidl_generator_cpp: 3.1.5 (/opt/ros/humble/share/rosidl_generator_cpp/cmake)
-- Using all available rosidl_typesupport_c: rosidl_typesupport_fastrtps_c;rosidl_typesupport_introspection_c
-- Using all available rosidl_typesupport_cpp: rosidl_typesupport_fastrtps_cpp;rosidl_typesupport_introspection_cpp
-- Found rmw_implementation_cmake: 6.1.2 (/opt/ros/humble/share/rmw_implementation_cmake/cmake)
-- Found rmw_cyclonedds_cpp: 1.3.4 (/opt/ros/humble/share/rmw_cyclonedds_cpp/cmake)
-- Using RMW implementation 'rmw_cyclonedds_cpp' as default
-- Looking for pthread.h
-- Looking for pthread.h - found
-- Performing Test CMAKE_HAVE_LIBC_PTHREAD
-- Performing Test CMAKE_HAVE_LIBC_PTHREAD - Success
-- Found Threads: TRUE  
-- Found turtlesim: 1.4.2 (/opt/ros/humble/share/turtlesim/cmake)
-- Configuring done
-- Generating done
-- Build files have been written to: /home/robomaven/ws/ros2_ws3/build/final_project
[ 50%] [32mBuilding CXX object CMakeFiles/final_project.dir/src/final_project.cpp.o[0m
In file included from [01m[K/opt/ros/humble/include/rclcpp/rclcpp/logging.hpp:24[m[K,
                 from [01m[K/opt/ros/humble/include/rclcpp/rclcpp/client.hpp:40[m[K,
                 from [01m[K/opt/ros/humble/include/rclcpp/rclcpp/callback_group.hpp:24[m[K,
                 from [01m[K/opt/ros/humble/include/rclcpp/rclcpp/any_executable.hpp:20[m[K,
                 from [01m[K/opt/ros/humble/include/rclcpp/rclcpp/memory_strategy.hpp:25[m[K,
                 from [01m[K/opt/ros/humble/include/rclcpp/rclcpp/memory_strategies.hpp:18[m[K,
                 from [01m[K/opt/ros/humble/include/rclcpp/rclcpp/executor_options.hpp:20[m[K,
                 from [01m[K/opt/ros/humble/include/rclcpp/rclcpp/executor.hpp:37[m[K,
                 from [01m[K/opt/ros/humble/include/rclcpp/rclcpp/executors/multi_threaded_executor.hpp:25[m[K,
                 from [01m[K/opt/ros/humble/include/rclcpp/rclcpp/executors.hpp:21[m[K,
                 from [01m[K/opt/ros/humble/include/rclcpp/rclcpp/rclcpp.hpp:155[m[K,
                 from [01m[K/home/robomaven/ws/ros2_ws3/src/final_project/src/final_project.cpp:1[m[K:
[01m[K/home/robomaven/ws/ros2_ws3/src/final_project/src/final_project.cpp:[m[K In member function ‘[01m[Kvoid TurtleController::kill_turtle()[m[K’:
[01m[K/home/robomaven/ws/ros2_ws3/src/final_project/src/final_project.cpp:47:41:[m[K [01;35m[Kwarning: [m[Kformat ‘[01m[K%s[m[K’ expects argument of type ‘[01m[Kchar*[m[K’, but argument 5 has type ‘[01m[Kstd::string[m[K’ {aka ‘[01m[Kstd::__cxx11::basic_string<char>[m[K’} [[01;35m[K]8;;https://gcc.gnu.org/onlinedocs/gcc/Warning-Options.html#index-Wformat=-Wformat=]8;;[m[K]
   47 |         RCLCPP_INFO(this->get_logger(), [01;35m[K"Removed the turtle: %s"[m[K, turtle_name_);
      |                                         [01;35m[K^~~~~~~~~~~~~~~~~~~~~~~~[m[K
[01m[K/home/robomaven/ws/ros2_ws3/src/final_project/src/final_project.cpp:47:63:[m[K [01;36m[Knote: [m[Kformat string is defined here
   47 |         RCLCPP_INFO(this->get_logger(), "Removed the turtle: [01;36m[K%s[m[K", turtle_name_);
      |                                                              [01;36m[K~^[m[K
      |                                                               [01;36m[K|[m[K
      |                                                               [01;36m[Kchar*[m[K
[100%] [32m[1mLinking CXX executable final_project[0m
[100%] Built target final_project
-- Install configuration: ""
-- Installing: /home/robomaven/ws/ros2_ws3/install/final_project/lib/final_project/final_project
-- Set runtime path of "/home/robomaven/ws/ros2_ws3/install/final_project/lib/final_project/final_project" to ""
-- Installing: /home/robomaven/ws/ros2_ws3/install/final_project/share/ament_index/resource_index/package_run_dependencies/final_project
-- Installing: /home/robomaven/ws/ros2_ws3/install/final_project/share/ament_index/resource_index/parent_prefix_path/final_project
-- Installing: /home/robomaven/ws/ros2_ws3/install/final_project/share/final_project/environment/ament_prefix_path.sh
-- Installing: /home/robomaven/ws/ros2_ws3/install/final_project/share/final_project/environment/ament_prefix_path.dsv
-- Installing: /home/robomaven/ws/ros2_ws3/install/final_project/share/final_project/environment/path.sh
-- Installing: /home/robomaven/ws/ros2_ws3/install/final_project/share/final_project/environment/path.dsv
-- Installing: /home/robomaven/ws/ros2_ws3/install/final_project/share/final_project/local_setup.bash
-- Installing: /home/robomaven/ws/ros2_ws3/install/final_project/share/final_project/local_setup.sh
-- Installing: /home/robomaven/ws/ros2_ws3/install/final_project/share/final_project/local_setup.zsh
-- Installing: /home/robomaven/ws/ros2_ws3/install/final_project/share/final_project/local_setup.dsv
-- Installing: /home/robomaven/ws/ros2_ws3/install/final_project/share/final_project/package.dsv
-- Installing: /home/robomaven/ws/ros2_ws3/install/final_project/share/ament_index/resource_index/packages/final_project
-- Installing: /home/robomaven/ws/ros2_ws3/install/final_project/share/final_project/cmake/final_projectConfig.cmake
-- Installing: /home/robomaven/ws/ros2_ws3/install/final_project/share/final_project/cmake/final_projectConfig-version.cmake
-- Installing: /home/robomaven/ws/ros2_ws3/install/final_project/share/final_project/package.xml
