[0.006s] Invoking command in '/home/robomaven/ws/ros2_ws3/build/my_robot_interfaces': CMAKE_PREFIX_PATH=${CMAKE_PREFIX_PATH}:/home/robomaven/ws/ros2_ws3/install/actions_py:/opt/ros/humble /usr/bin/cmake /home/robomaven/ws/ros2_ws3/src/my_robot_interfaces -DCMAKE_INSTALL_PREFIX=/home/robomaven/ws/ros2_ws3/install/my_robot_interfaces
[0.062s] -- The C compiler identification is GNU 11.4.0
[0.111s] -- The CXX compiler identification is GNU 11.4.0
[0.118s] -- Detecting C compiler ABI info
[0.167s] -- Detecting C compiler ABI info - done
[0.173s] -- Check for working C compiler: /usr/bin/cc - skipped
[0.173s] -- Detecting C compile features
[0.174s] -- Detecting C compile features - done
[0.176s] -- Detecting CXX compiler ABI info
[0.232s] -- Detecting CXX compiler ABI info - done
[0.238s] -- Check for working CXX compiler: /usr/bin/c++ - skipped
[0.238s] -- Detecting CXX compile features
[0.238s] -- Detecting CXX compile features - done
[0.241s] -- Found ament_cmake: 1.3.9 (/opt/ros/humble/share/ament_cmake/cmake)
[0.349s] -- Found Python3: /usr/bin/python3 (found version "3.10.12") found components: Interpreter 
[0.411s] -- Found rosidl_default_generators: 1.2.0 (/opt/ros/humble/share/rosidl_default_generators/cmake)
[0.414s] -- Using all available rosidl_typesupport_c: rosidl_typesupport_fastrtps_c;rosidl_typesupport_introspection_c
[0.419s] -- Found rosidl_adapter: 3.1.5 (/opt/ros/humble/share/rosidl_adapter/cmake)
[0.452s] -- Using all available rosidl_typesupport_cpp: rosidl_typesupport_fastrtps_cpp;rosidl_typesupport_introspection_cpp
[0.714s] -- Found ament_cmake_ros: 0.10.0 (/opt/ros/humble/share/ament_cmake_ros/cmake)
[0.847s] -- Using all available rosidl_typesupport_c: rosidl_typesupport_fastrtps_c;rosidl_typesupport_introspection_c
[1.016s] -- Using all available rosidl_typesupport_cpp: rosidl_typesupport_fastrtps_cpp;rosidl_typesupport_introspection_cpp
[1.032s] -- Found PythonInterp: /usr/bin/python3 (found suitable version "3.10.12", minimum required is "3.6") 
[1.034s] -- Found python_cmake_module: 0.10.0 (/opt/ros/humble/share/python_cmake_module/cmake)
[1.052s] -- Found PythonLibs: /usr/lib/x86_64-linux-gnu/libpython3.10.so (found suitable version "3.10.12", minimum required is "3.5") 
[1.052s] -- Using PYTHON_EXECUTABLE: /usr/bin/python3
[1.052s] -- Using PYTHON_INCLUDE_DIRS: /usr/include/python3.10
[1.052s] -- Using PYTHON_LIBRARIES: /usr/lib/x86_64-linux-gnu/libpython3.10.so
[1.066s] -- Found PythonExtra: .so  
[1.097s] -- Configuring done
[1.115s] -- Generating done
[1.116s] -- Build files have been written to: /home/robomaven/ws/ros2_ws3/build/my_robot_interfaces
[1.120s] Invoked command in '/home/robomaven/ws/ros2_ws3/build/my_robot_interfaces' returned '0': CMAKE_PREFIX_PATH=${CMAKE_PREFIX_PATH}:/home/robomaven/ws/ros2_ws3/install/actions_py:/opt/ros/humble /usr/bin/cmake /home/robomaven/ws/ros2_ws3/src/my_robot_interfaces -DCMAKE_INSTALL_PREFIX=/home/robomaven/ws/ros2_ws3/install/my_robot_interfaces
[1.122s] Invoking command in '/home/robomaven/ws/ros2_ws3/build/my_robot_interfaces': CMAKE_PREFIX_PATH=${CMAKE_PREFIX_PATH}:/home/robomaven/ws/ros2_ws3/install/actions_py:/opt/ros/humble /usr/bin/cmake --build /home/robomaven/ws/ros2_ws3/build/my_robot_interfaces -- -j20 -l20
[1.150s] [  3%] [34m[1mGenerating C code for ROS interfaces[0m
[1.156s] [  6%] [34m[1mGenerating C++ code for ROS interfaces[0m
[1.161s] [  6%] Built target ament_cmake_python_copy_my_robot_interfaces
[1.314s] running egg_info
[1.315s] creating my_robot_interfaces.egg-info
[1.315s] writing my_robot_interfaces.egg-info/PKG-INFO
[1.315s] writing dependency_links to my_robot_interfaces.egg-info/dependency_links.txt
[1.315s] writing top-level names to my_robot_interfaces.egg-info/top_level.txt
[1.315s] writing manifest file 'my_robot_interfaces.egg-info/SOURCES.txt'
[1.317s] reading manifest file 'my_robot_interfaces.egg-info/SOURCES.txt'
[1.317s] writing manifest file 'my_robot_interfaces.egg-info/SOURCES.txt'
[1.335s] [  6%] Built target ament_cmake_python_build_my_robot_interfaces_egg
[1.420s] [  9%] [32mBuilding C object CMakeFiles/my_robot_interfaces__rosidl_generator_c.dir/rosidl_generator_c/my_robot_interfaces/action/detail/count_until__functions.c.o[0m
[1.420s] [  9%] Built target my_robot_interfaces__cpp
[1.427s] [ 19%] [34m[1mGenerating C++ type support dispatch for ROS interfaces[0m
[1.427s] [ 19%] [34m[1mGenerating C++ type support for eProsima Fast-RTPS[0m
[1.427s] [ 19%] [34m[1mGenerating C++ introspection for ROS interfaces[0m
[1.504s] [ 22%] [32m[1mLinking C shared library libmy_robot_interfaces__rosidl_generator_c.so[0m
[1.529s] [ 22%] Built target my_robot_interfaces__rosidl_generator_c
[1.537s] [ 32%] [34m[1mGenerating C introspection for ROS interfaces[0m
[1.537s] [ 32%] [34m[1mGenerating C type support dispatch for ROS interfaces[0m
[1.537s] [ 25%] [34m[1mGenerating C type support for eProsima Fast-RTPS[0m
[1.611s] [ 35%] [32mBuilding CXX object CMakeFiles/my_robot_interfaces__rosidl_typesupport_cpp.dir/rosidl_typesupport_cpp/my_robot_interfaces/action/count_until__type_support.cpp.o[0m
[1.649s] [ 38%] [32mBuilding CXX object CMakeFiles/my_robot_interfaces__rosidl_typesupport_introspection_cpp.dir/rosidl_typesupport_introspection_cpp/my_robot_interfaces/action/detail/count_until__type_support.cpp.o[0m
[1.729s] [ 41%] [32mBuilding CXX object CMakeFiles/my_robot_interfaces__rosidl_typesupport_c.dir/rosidl_typesupport_c/my_robot_interfaces/action/count_until__type_support.cpp.o[0m
[1.744s] [ 45%] [32mBuilding CXX object CMakeFiles/my_robot_interfaces__rosidl_typesupport_fastrtps_cpp.dir/rosidl_typesupport_fastrtps_cpp/my_robot_interfaces/action/detail/dds_fastrtps/count_until__type_support.cpp.o[0m
[1.760s] [ 48%] [32m[1mLinking CXX shared library libmy_robot_interfaces__rosidl_typesupport_c.so[0m
[1.769s] [ 51%] [32mBuilding C object CMakeFiles/my_robot_interfaces__rosidl_typesupport_introspection_c.dir/rosidl_typesupport_introspection_c/my_robot_interfaces/action/detail/count_until__type_support.c.o[0m
[1.787s] [ 51%] Built target my_robot_interfaces__rosidl_typesupport_c
[1.801s] [ 54%] [32m[1mLinking C shared library libmy_robot_interfaces__rosidl_typesupport_introspection_c.so[0m
[1.801s] [ 58%] [32mBuilding CXX object CMakeFiles/my_robot_interfaces__rosidl_typesupport_fastrtps_c.dir/rosidl_typesupport_fastrtps_c/my_robot_interfaces/action/detail/count_until__type_support_c.cpp.o[0m
[1.824s] [ 58%] Built target my_robot_interfaces__rosidl_typesupport_introspection_c
[1.890s] [ 61%] [32m[1mLinking CXX shared library libmy_robot_interfaces__rosidl_typesupport_cpp.so[0m
[1.919s] [ 61%] Built target my_robot_interfaces__rosidl_typesupport_cpp
[2.018s] [ 64%] [32m[1mLinking CXX shared library libmy_robot_interfaces__rosidl_typesupport_introspection_cpp.so[0m
[2.029s] [ 67%] [32m[1mLinking CXX shared library libmy_robot_interfaces__rosidl_typesupport_fastrtps_c.so[0m
[2.070s] [ 67%] Built target my_robot_interfaces__rosidl_typesupport_introspection_cpp
[2.078s] [ 70%] [32m[1mLinking CXX shared library libmy_robot_interfaces__rosidl_typesupport_fastrtps_cpp.so[0m
[2.080s] [ 70%] Built target my_robot_interfaces__rosidl_typesupport_fastrtps_c
[2.128s] [ 70%] Built target my_robot_interfaces__rosidl_typesupport_fastrtps_cpp
[2.143s] [ 70%] Built target my_robot_interfaces
[2.156s] [ 74%] [34m[1mGenerating Python code for ROS interfaces[0m
[2.589s] [ 74%] Built target my_robot_interfaces__py
[2.602s] [ 77%] [32mBuilding C object CMakeFiles/my_robot_interfaces__rosidl_generator_py.dir/rosidl_generator_py/my_robot_interfaces/action/_count_until_s.c.o[0m
[2.691s] [ 80%] [32m[1mLinking C shared library rosidl_generator_py/my_robot_interfaces/libmy_robot_interfaces__rosidl_generator_py.so[0m
[2.721s] [ 80%] Built target my_robot_interfaces__rosidl_generator_py
[2.735s] [ 83%] [32mBuilding C object CMakeFiles/my_robot_interfaces__rosidl_typesupport_fastrtps_c__pyext.dir/rosidl_generator_py/my_robot_interfaces/_my_robot_interfaces_s.ep.rosidl_typesupport_fastrtps_c.c.o[0m
[2.736s] [ 90%] [32mBuilding C object CMakeFiles/my_robot_interfaces__rosidl_typesupport_c__pyext.dir/rosidl_generator_py/my_robot_interfaces/_my_robot_interfaces_s.ep.rosidl_typesupport_c.c.o[0m
[2.736s] [ 90%] [32mBuilding C object CMakeFiles/my_robot_interfaces__rosidl_typesupport_introspection_c__pyext.dir/rosidl_generator_py/my_robot_interfaces/_my_robot_interfaces_s.ep.rosidl_typesupport_introspection_c.c.o[0m
[2.810s] [ 93%] [32m[1mLinking C shared library rosidl_generator_py/my_robot_interfaces/my_robot_interfaces_s__rosidl_typesupport_c.cpython-310-x86_64-linux-gnu.so[0m
[2.811s] [ 96%] [32m[1mLinking C shared library rosidl_generator_py/my_robot_interfaces/my_robot_interfaces_s__rosidl_typesupport_fastrtps_c.cpython-310-x86_64-linux-gnu.so[0m
[2.811s] [100%] [32m[1mLinking C shared library rosidl_generator_py/my_robot_interfaces/my_robot_interfaces_s__rosidl_typesupport_introspection_c.cpython-310-x86_64-linux-gnu.so[0m
[2.836s] [100%] Built target my_robot_interfaces__rosidl_typesupport_c__pyext
[2.837s] [100%] Built target my_robot_interfaces__rosidl_typesupport_fastrtps_c__pyext
[2.837s] [100%] Built target my_robot_interfaces__rosidl_typesupport_introspection_c__pyext
[2.846s] Invoked command in '/home/robomaven/ws/ros2_ws3/build/my_robot_interfaces' returned '0': CMAKE_PREFIX_PATH=${CMAKE_PREFIX_PATH}:/home/robomaven/ws/ros2_ws3/install/actions_py:/opt/ros/humble /usr/bin/cmake --build /home/robomaven/ws/ros2_ws3/build/my_robot_interfaces -- -j20 -l20
[2.894s] Invoking command in '/home/robomaven/ws/ros2_ws3/build/my_robot_interfaces': CMAKE_PREFIX_PATH=${CMAKE_PREFIX_PATH}:/home/robomaven/ws/ros2_ws3/install/actions_py:/opt/ros/humble /usr/bin/cmake --install /home/robomaven/ws/ros2_ws3/build/my_robot_interfaces
[2.899s] -- Install configuration: ""
[2.899s] -- Installing: /home/robomaven/ws/ros2_ws3/install/my_robot_interfaces/share/ament_index/resource_index/rosidl_interfaces/my_robot_interfaces
[2.899s] -- Installing: /home/robomaven/ws/ros2_ws3/install/my_robot_interfaces/include/my_robot_interfaces/my_robot_interfaces
[2.899s] -- Installing: /home/robomaven/ws/ros2_ws3/install/my_robot_interfaces/include/my_robot_interfaces/my_robot_interfaces/msg
[2.899s] -- Installing: /home/robomaven/ws/ros2_ws3/install/my_robot_interfaces/include/my_robot_interfaces/my_robot_interfaces/msg/rosidl_generator_c__visibility_control.h
[2.899s] -- Installing: /home/robomaven/ws/ros2_ws3/install/my_robot_interfaces/include/my_robot_interfaces/my_robot_interfaces/action
[2.899s] -- Installing: /home/robomaven/ws/ros2_ws3/install/my_robot_interfaces/include/my_robot_interfaces/my_robot_interfaces/action/detail
[2.899s] -- Installing: /home/robomaven/ws/ros2_ws3/install/my_robot_interfaces/include/my_robot_interfaces/my_robot_interfaces/action/detail/count_until__functions.h
[2.899s] -- Installing: /home/robomaven/ws/ros2_ws3/install/my_robot_interfaces/include/my_robot_interfaces/my_robot_interfaces/action/detail/count_until__type_support.h
[2.899s] -- Installing: /home/robomaven/ws/ros2_ws3/install/my_robot_interfaces/include/my_robot_interfaces/my_robot_interfaces/action/detail/count_until__struct.h
[2.899s] -- Installing: /home/robomaven/ws/ros2_ws3/install/my_robot_interfaces/include/my_robot_interfaces/my_robot_interfaces/action/detail/count_until__functions.c
[2.899s] -- Installing: /home/robomaven/ws/ros2_ws3/install/my_robot_interfaces/include/my_robot_interfaces/my_robot_interfaces/action/count_until.h
[2.899s] -- Installing: /home/robomaven/ws/ros2_ws3/install/my_robot_interfaces/share/my_robot_interfaces/environment/library_path.sh
[2.899s] -- Installing: /home/robomaven/ws/ros2_ws3/install/my_robot_interfaces/share/my_robot_interfaces/environment/library_path.dsv
[2.899s] -- Installing: /home/robomaven/ws/ros2_ws3/install/my_robot_interfaces/lib/libmy_robot_interfaces__rosidl_generator_c.so
[2.900s] -- Set runtime path of "/home/robomaven/ws/ros2_ws3/install/my_robot_interfaces/lib/libmy_robot_interfaces__rosidl_generator_c.so" to ""
[2.900s] -- Up-to-date: /home/robomaven/ws/ros2_ws3/install/my_robot_interfaces/include/my_robot_interfaces/my_robot_interfaces
[2.900s] -- Up-to-date: /home/robomaven/ws/ros2_ws3/install/my_robot_interfaces/include/my_robot_interfaces/my_robot_interfaces/msg
[2.900s] -- Installing: /home/robomaven/ws/ros2_ws3/install/my_robot_interfaces/include/my_robot_interfaces/my_robot_interfaces/msg/rosidl_typesupport_fastrtps_c__visibility_control.h
[2.900s] -- Up-to-date: /home/robomaven/ws/ros2_ws3/install/my_robot_interfaces/include/my_robot_interfaces/my_robot_interfaces/action
[2.900s] -- Up-to-date: /home/robomaven/ws/ros2_ws3/install/my_robot_interfaces/include/my_robot_interfaces/my_robot_interfaces/action/detail
[2.900s] -- Installing: /home/robomaven/ws/ros2_ws3/install/my_robot_interfaces/include/my_robot_interfaces/my_robot_interfaces/action/detail/count_until__rosidl_typesupport_fastrtps_c.h
[2.900s] -- Installing: /home/robomaven/ws/ros2_ws3/install/my_robot_interfaces/lib/libmy_robot_interfaces__rosidl_typesupport_fastrtps_c.so
[2.900s] -- Set runtime path of "/home/robomaven/ws/ros2_ws3/install/my_robot_interfaces/lib/libmy_robot_interfaces__rosidl_typesupport_fastrtps_c.so" to ""
[2.900s] -- Up-to-date: /home/robomaven/ws/ros2_ws3/install/my_robot_interfaces/include/my_robot_interfaces/my_robot_interfaces
[2.900s] -- Up-to-date: /home/robomaven/ws/ros2_ws3/install/my_robot_interfaces/include/my_robot_interfaces/my_robot_interfaces/msg
[2.900s] -- Installing: /home/robomaven/ws/ros2_ws3/install/my_robot_interfaces/include/my_robot_interfaces/my_robot_interfaces/msg/rosidl_typesupport_introspection_c__visibility_control.h
[2.900s] -- Up-to-date: /home/robomaven/ws/ros2_ws3/install/my_robot_interfaces/include/my_robot_interfaces/my_robot_interfaces/action
[2.900s] -- Up-to-date: /home/robomaven/ws/ros2_ws3/install/my_robot_interfaces/include/my_robot_interfaces/my_robot_interfaces/action/detail
[2.900s] -- Installing: /home/robomaven/ws/ros2_ws3/install/my_robot_interfaces/include/my_robot_interfaces/my_robot_interfaces/action/detail/count_until__rosidl_typesupport_introspection_c.h
[2.900s] -- Installing: /home/robomaven/ws/ros2_ws3/install/my_robot_interfaces/include/my_robot_interfaces/my_robot_interfaces/action/detail/count_until__type_support.c
[2.900s] -- Installing: /home/robomaven/ws/ros2_ws3/install/my_robot_interfaces/lib/libmy_robot_interfaces__rosidl_typesupport_introspection_c.so
[2.900s] -- Set runtime path of "/home/robomaven/ws/ros2_ws3/install/my_robot_interfaces/lib/libmy_robot_interfaces__rosidl_typesupport_introspection_c.so" to ""
[2.900s] -- Installing: /home/robomaven/ws/ros2_ws3/install/my_robot_interfaces/lib/libmy_robot_interfaces__rosidl_typesupport_c.so
[2.900s] -- Set runtime path of "/home/robomaven/ws/ros2_ws3/install/my_robot_interfaces/lib/libmy_robot_interfaces__rosidl_typesupport_c.so" to ""
[2.900s] -- Up-to-date: /home/robomaven/ws/ros2_ws3/install/my_robot_interfaces/include/my_robot_interfaces/my_robot_interfaces
[2.900s] -- Up-to-date: /home/robomaven/ws/ros2_ws3/install/my_robot_interfaces/include/my_robot_interfaces/my_robot_interfaces/action
[2.900s] -- Installing: /home/robomaven/ws/ros2_ws3/install/my_robot_interfaces/include/my_robot_interfaces/my_robot_interfaces/action/count_until.hpp
[2.900s] -- Up-to-date: /home/robomaven/ws/ros2_ws3/install/my_robot_interfaces/include/my_robot_interfaces/my_robot_interfaces/action/detail
[2.900s] -- Installing: /home/robomaven/ws/ros2_ws3/install/my_robot_interfaces/include/my_robot_interfaces/my_robot_interfaces/action/detail/count_until__struct.hpp
[2.900s] -- Installing: /home/robomaven/ws/ros2_ws3/install/my_robot_interfaces/include/my_robot_interfaces/my_robot_interfaces/action/detail/count_until__builder.hpp
[2.900s] -- Installing: /home/robomaven/ws/ros2_ws3/install/my_robot_interfaces/include/my_robot_interfaces/my_robot_interfaces/action/detail/count_until__traits.hpp
[2.900s] -- Up-to-date: /home/robomaven/ws/ros2_ws3/install/my_robot_interfaces/include/my_robot_interfaces/my_robot_interfaces
[2.901s] -- Up-to-date: /home/robomaven/ws/ros2_ws3/install/my_robot_interfaces/include/my_robot_interfaces/my_robot_interfaces/msg
[2.901s] -- Installing: /home/robomaven/ws/ros2_ws3/install/my_robot_interfaces/include/my_robot_interfaces/my_robot_interfaces/msg/rosidl_typesupport_fastrtps_cpp__visibility_control.h
[2.901s] -- Up-to-date: /home/robomaven/ws/ros2_ws3/install/my_robot_interfaces/include/my_robot_interfaces/my_robot_interfaces/action
[2.901s] -- Up-to-date: /home/robomaven/ws/ros2_ws3/install/my_robot_interfaces/include/my_robot_interfaces/my_robot_interfaces/action/detail
[2.901s] -- Installing: /home/robomaven/ws/ros2_ws3/install/my_robot_interfaces/include/my_robot_interfaces/my_robot_interfaces/action/detail/dds_fastrtps
[2.901s] -- Installing: /home/robomaven/ws/ros2_ws3/install/my_robot_interfaces/include/my_robot_interfaces/my_robot_interfaces/action/detail/count_until__rosidl_typesupport_fastrtps_cpp.hpp
[2.901s] -- Installing: /home/robomaven/ws/ros2_ws3/install/my_robot_interfaces/lib/libmy_robot_interfaces__rosidl_typesupport_fastrtps_cpp.so
[2.901s] -- Set runtime path of "/home/robomaven/ws/ros2_ws3/install/my_robot_interfaces/lib/libmy_robot_interfaces__rosidl_typesupport_fastrtps_cpp.so" to ""
[2.901s] -- Up-to-date: /home/robomaven/ws/ros2_ws3/install/my_robot_interfaces/include/my_robot_interfaces/my_robot_interfaces
[2.901s] -- Up-to-date: /home/robomaven/ws/ros2_ws3/install/my_robot_interfaces/include/my_robot_interfaces/my_robot_interfaces/action
[2.901s] -- Up-to-date: /home/robomaven/ws/ros2_ws3/install/my_robot_interfaces/include/my_robot_interfaces/my_robot_interfaces/action/detail
[2.901s] -- Installing: /home/robomaven/ws/ros2_ws3/install/my_robot_interfaces/include/my_robot_interfaces/my_robot_interfaces/action/detail/count_until__type_support.cpp
[2.901s] -- Installing: /home/robomaven/ws/ros2_ws3/install/my_robot_interfaces/include/my_robot_interfaces/my_robot_interfaces/action/detail/count_until__rosidl_typesupport_introspection_cpp.hpp
[2.901s] -- Installing: /home/robomaven/ws/ros2_ws3/install/my_robot_interfaces/lib/libmy_robot_interfaces__rosidl_typesupport_introspection_cpp.so
[2.901s] -- Set runtime path of "/home/robomaven/ws/ros2_ws3/install/my_robot_interfaces/lib/libmy_robot_interfaces__rosidl_typesupport_introspection_cpp.so" to ""
[2.901s] -- Installing: /home/robomaven/ws/ros2_ws3/install/my_robot_interfaces/lib/libmy_robot_interfaces__rosidl_typesupport_cpp.so
[2.901s] -- Set runtime path of "/home/robomaven/ws/ros2_ws3/install/my_robot_interfaces/lib/libmy_robot_interfaces__rosidl_typesupport_cpp.so" to ""
[2.901s] -- Installing: /home/robomaven/ws/ros2_ws3/install/my_robot_interfaces/share/my_robot_interfaces/environment/pythonpath.sh
[2.901s] -- Installing: /home/robomaven/ws/ros2_ws3/install/my_robot_interfaces/share/my_robot_interfaces/environment/pythonpath.dsv
[2.901s] -- Installing: /home/robomaven/ws/ros2_ws3/install/my_robot_interfaces/local/lib/python3.10/dist-packages/my_robot_interfaces-0.0.0-py3.10.egg-info
[2.901s] -- Installing: /home/robomaven/ws/ros2_ws3/install/my_robot_interfaces/local/lib/python3.10/dist-packages/my_robot_interfaces-0.0.0-py3.10.egg-info/top_level.txt
[2.901s] -- Installing: /home/robomaven/ws/ros2_ws3/install/my_robot_interfaces/local/lib/python3.10/dist-packages/my_robot_interfaces-0.0.0-py3.10.egg-info/PKG-INFO
[2.901s] -- Installing: /home/robomaven/ws/ros2_ws3/install/my_robot_interfaces/local/lib/python3.10/dist-packages/my_robot_interfaces-0.0.0-py3.10.egg-info/SOURCES.txt
[2.901s] -- Installing: /home/robomaven/ws/ros2_ws3/install/my_robot_interfaces/local/lib/python3.10/dist-packages/my_robot_interfaces-0.0.0-py3.10.egg-info/dependency_links.txt
[2.901s] -- Installing: /home/robomaven/ws/ros2_ws3/install/my_robot_interfaces/local/lib/python3.10/dist-packages/my_robot_interfaces
[2.902s] -- Installing: /home/robomaven/ws/ros2_ws3/install/my_robot_interfaces/local/lib/python3.10/dist-packages/my_robot_interfaces/_my_robot_interfaces_s.ep.rosidl_typesupport_introspection_c.c
[2.902s] -- Installing: /home/robomaven/ws/ros2_ws3/install/my_robot_interfaces/local/lib/python3.10/dist-packages/my_robot_interfaces/my_robot_interfaces_s__rosidl_typesupport_c.cpython-310-x86_64-linux-gnu.so
[2.902s] -- Installing: /home/robomaven/ws/ros2_ws3/install/my_robot_interfaces/local/lib/python3.10/dist-packages/my_robot_interfaces/action
[2.902s] -- Installing: /home/robomaven/ws/ros2_ws3/install/my_robot_interfaces/local/lib/python3.10/dist-packages/my_robot_interfaces/action/_count_until.py
[2.902s] -- Installing: /home/robomaven/ws/ros2_ws3/install/my_robot_interfaces/local/lib/python3.10/dist-packages/my_robot_interfaces/action/__init__.py
[2.902s] -- Installing: /home/robomaven/ws/ros2_ws3/install/my_robot_interfaces/local/lib/python3.10/dist-packages/my_robot_interfaces/action/_count_until_s.c
[2.902s] -- Installing: /home/robomaven/ws/ros2_ws3/install/my_robot_interfaces/local/lib/python3.10/dist-packages/my_robot_interfaces/_my_robot_interfaces_s.ep.rosidl_typesupport_c.c
[2.902s] -- Installing: /home/robomaven/ws/ros2_ws3/install/my_robot_interfaces/local/lib/python3.10/dist-packages/my_robot_interfaces/libmy_robot_interfaces__rosidl_generator_py.so
[2.902s] -- Installing: /home/robomaven/ws/ros2_ws3/install/my_robot_interfaces/local/lib/python3.10/dist-packages/my_robot_interfaces/_my_robot_interfaces_s.ep.rosidl_typesupport_fastrtps_c.c
[2.902s] -- Installing: /home/robomaven/ws/ros2_ws3/install/my_robot_interfaces/local/lib/python3.10/dist-packages/my_robot_interfaces/my_robot_interfaces_s__rosidl_typesupport_introspection_c.cpython-310-x86_64-linux-gnu.so
[2.902s] -- Installing: /home/robomaven/ws/ros2_ws3/install/my_robot_interfaces/local/lib/python3.10/dist-packages/my_robot_interfaces/__init__.py
[2.902s] -- Installing: /home/robomaven/ws/ros2_ws3/install/my_robot_interfaces/local/lib/python3.10/dist-packages/my_robot_interfaces/my_robot_interfaces_s__rosidl_typesupport_fastrtps_c.cpython-310-x86_64-linux-gnu.so
[2.928s] Listing '/home/robomaven/ws/ros2_ws3/install/my_robot_interfaces/local/lib/python3.10/dist-packages/my_robot_interfaces'...
[2.928s] Compiling '/home/robomaven/ws/ros2_ws3/install/my_robot_interfaces/local/lib/python3.10/dist-packages/my_robot_interfaces/__init__.py'...
[2.928s] Listing '/home/robomaven/ws/ros2_ws3/install/my_robot_interfaces/local/lib/python3.10/dist-packages/my_robot_interfaces/action'...
[2.928s] Compiling '/home/robomaven/ws/ros2_ws3/install/my_robot_interfaces/local/lib/python3.10/dist-packages/my_robot_interfaces/action/__init__.py'...
[2.928s] Compiling '/home/robomaven/ws/ros2_ws3/install/my_robot_interfaces/local/lib/python3.10/dist-packages/my_robot_interfaces/action/_count_until.py'...
[2.931s] -- Installing: /home/robomaven/ws/ros2_ws3/install/my_robot_interfaces/local/lib/python3.10/dist-packages/my_robot_interfaces/my_robot_interfaces_s__rosidl_typesupport_fastrtps_c.cpython-310-x86_64-linux-gnu.so
[2.931s] -- Set runtime path of "/home/robomaven/ws/ros2_ws3/install/my_robot_interfaces/local/lib/python3.10/dist-packages/my_robot_interfaces/my_robot_interfaces_s__rosidl_typesupport_fastrtps_c.cpython-310-x86_64-linux-gnu.so" to ""
[2.932s] -- Installing: /home/robomaven/ws/ros2_ws3/install/my_robot_interfaces/local/lib/python3.10/dist-packages/my_robot_interfaces/my_robot_interfaces_s__rosidl_typesupport_introspection_c.cpython-310-x86_64-linux-gnu.so
[2.932s] -- Set runtime path of "/home/robomaven/ws/ros2_ws3/install/my_robot_interfaces/local/lib/python3.10/dist-packages/my_robot_interfaces/my_robot_interfaces_s__rosidl_typesupport_introspection_c.cpython-310-x86_64-linux-gnu.so" to ""
[2.932s] -- Installing: /home/robomaven/ws/ros2_ws3/install/my_robot_interfaces/local/lib/python3.10/dist-packages/my_robot_interfaces/my_robot_interfaces_s__rosidl_typesupport_c.cpython-310-x86_64-linux-gnu.so
[2.932s] -- Set runtime path of "/home/robomaven/ws/ros2_ws3/install/my_robot_interfaces/local/lib/python3.10/dist-packages/my_robot_interfaces/my_robot_interfaces_s__rosidl_typesupport_c.cpython-310-x86_64-linux-gnu.so" to ""
[2.932s] -- Installing: /home/robomaven/ws/ros2_ws3/install/my_robot_interfaces/lib/libmy_robot_interfaces__rosidl_generator_py.so
[2.932s] -- Set runtime path of "/home/robomaven/ws/ros2_ws3/install/my_robot_interfaces/lib/libmy_robot_interfaces__rosidl_generator_py.so" to ""
[2.932s] -- Installing: /home/robomaven/ws/ros2_ws3/install/my_robot_interfaces/share/my_robot_interfaces/action/CountUntil.idl
[2.932s] -- Installing: /home/robomaven/ws/ros2_ws3/install/my_robot_interfaces/share/my_robot_interfaces/action/CountUntil.action
[2.932s] -- Installing: /home/robomaven/ws/ros2_ws3/install/my_robot_interfaces/share/ament_index/resource_index/package_run_dependencies/my_robot_interfaces
[2.932s] -- Installing: /home/robomaven/ws/ros2_ws3/install/my_robot_interfaces/share/ament_index/resource_index/parent_prefix_path/my_robot_interfaces
[2.932s] -- Installing: /home/robomaven/ws/ros2_ws3/install/my_robot_interfaces/share/my_robot_interfaces/environment/ament_prefix_path.sh
[2.932s] -- Installing: /home/robomaven/ws/ros2_ws3/install/my_robot_interfaces/share/my_robot_interfaces/environment/ament_prefix_path.dsv
[2.932s] -- Installing: /home/robomaven/ws/ros2_ws3/install/my_robot_interfaces/share/my_robot_interfaces/environment/path.sh
[2.932s] -- Installing: /home/robomaven/ws/ros2_ws3/install/my_robot_interfaces/share/my_robot_interfaces/environment/path.dsv
[2.933s] -- Installing: /home/robomaven/ws/ros2_ws3/install/my_robot_interfaces/share/my_robot_interfaces/local_setup.bash
[2.933s] -- Installing: /home/robomaven/ws/ros2_ws3/install/my_robot_interfaces/share/my_robot_interfaces/local_setup.sh
[2.933s] -- Installing: /home/robomaven/ws/ros2_ws3/install/my_robot_interfaces/share/my_robot_interfaces/local_setup.zsh
[2.933s] -- Installing: /home/robomaven/ws/ros2_ws3/install/my_robot_interfaces/share/my_robot_interfaces/local_setup.dsv
[2.933s] -- Installing: /home/robomaven/ws/ros2_ws3/install/my_robot_interfaces/share/my_robot_interfaces/package.dsv
[2.933s] -- Installing: /home/robomaven/ws/ros2_ws3/install/my_robot_interfaces/share/ament_index/resource_index/packages/my_robot_interfaces
[2.933s] -- Installing: /home/robomaven/ws/ros2_ws3/install/my_robot_interfaces/share/my_robot_interfaces/cmake/export_my_robot_interfaces__rosidl_generator_cExport.cmake
[2.933s] -- Installing: /home/robomaven/ws/ros2_ws3/install/my_robot_interfaces/share/my_robot_interfaces/cmake/export_my_robot_interfaces__rosidl_generator_cExport-noconfig.cmake
[2.933s] -- Installing: /home/robomaven/ws/ros2_ws3/install/my_robot_interfaces/share/my_robot_interfaces/cmake/export_my_robot_interfaces__rosidl_typesupport_fastrtps_cExport.cmake
[2.933s] -- Installing: /home/robomaven/ws/ros2_ws3/install/my_robot_interfaces/share/my_robot_interfaces/cmake/export_my_robot_interfaces__rosidl_typesupport_fastrtps_cExport-noconfig.cmake
[2.933s] -- Installing: /home/robomaven/ws/ros2_ws3/install/my_robot_interfaces/share/my_robot_interfaces/cmake/my_robot_interfaces__rosidl_typesupport_introspection_cExport.cmake
[2.933s] -- Installing: /home/robomaven/ws/ros2_ws3/install/my_robot_interfaces/share/my_robot_interfaces/cmake/my_robot_interfaces__rosidl_typesupport_introspection_cExport-noconfig.cmake
[2.933s] -- Installing: /home/robomaven/ws/ros2_ws3/install/my_robot_interfaces/share/my_robot_interfaces/cmake/my_robot_interfaces__rosidl_typesupport_cExport.cmake
[2.933s] -- Installing: /home/robomaven/ws/ros2_ws3/install/my_robot_interfaces/share/my_robot_interfaces/cmake/my_robot_interfaces__rosidl_typesupport_cExport-noconfig.cmake
[2.933s] -- Installing: /home/robomaven/ws/ros2_ws3/install/my_robot_interfaces/share/my_robot_interfaces/cmake/export_my_robot_interfaces__rosidl_generator_cppExport.cmake
[2.933s] -- Installing: /home/robomaven/ws/ros2_ws3/install/my_robot_interfaces/share/my_robot_interfaces/cmake/export_my_robot_interfaces__rosidl_typesupport_fastrtps_cppExport.cmake
[2.933s] -- Installing: /home/robomaven/ws/ros2_ws3/install/my_robot_interfaces/share/my_robot_interfaces/cmake/export_my_robot_interfaces__rosidl_typesupport_fastrtps_cppExport-noconfig.cmake
[2.933s] -- Installing: /home/robomaven/ws/ros2_ws3/install/my_robot_interfaces/share/my_robot_interfaces/cmake/my_robot_interfaces__rosidl_typesupport_introspection_cppExport.cmake
[2.933s] -- Installing: /home/robomaven/ws/ros2_ws3/install/my_robot_interfaces/share/my_robot_interfaces/cmake/my_robot_interfaces__rosidl_typesupport_introspection_cppExport-noconfig.cmake
[2.934s] -- Installing: /home/robomaven/ws/ros2_ws3/install/my_robot_interfaces/share/my_robot_interfaces/cmake/my_robot_interfaces__rosidl_typesupport_cppExport.cmake
[2.934s] -- Installing: /home/robomaven/ws/ros2_ws3/install/my_robot_interfaces/share/my_robot_interfaces/cmake/my_robot_interfaces__rosidl_typesupport_cppExport-noconfig.cmake
[2.934s] -- Installing: /home/robomaven/ws/ros2_ws3/install/my_robot_interfaces/share/my_robot_interfaces/cmake/export_my_robot_interfaces__rosidl_generator_pyExport.cmake
[2.934s] -- Installing: /home/robomaven/ws/ros2_ws3/install/my_robot_interfaces/share/my_robot_interfaces/cmake/export_my_robot_interfaces__rosidl_generator_pyExport-noconfig.cmake
[2.934s] -- Installing: /home/robomaven/ws/ros2_ws3/install/my_robot_interfaces/share/my_robot_interfaces/cmake/rosidl_cmake-extras.cmake
[2.934s] -- Installing: /home/robomaven/ws/ros2_ws3/install/my_robot_interfaces/share/my_robot_interfaces/cmake/ament_cmake_export_dependencies-extras.cmake
[2.934s] -- Installing: /home/robomaven/ws/ros2_ws3/install/my_robot_interfaces/share/my_robot_interfaces/cmake/ament_cmake_export_include_directories-extras.cmake
[2.934s] -- Installing: /home/robomaven/ws/ros2_ws3/install/my_robot_interfaces/share/my_robot_interfaces/cmake/ament_cmake_export_libraries-extras.cmake
[2.934s] -- Installing: /home/robomaven/ws/ros2_ws3/install/my_robot_interfaces/share/my_robot_interfaces/cmake/ament_cmake_export_targets-extras.cmake
[2.934s] -- Installing: /home/robomaven/ws/ros2_ws3/install/my_robot_interfaces/share/my_robot_interfaces/cmake/rosidl_cmake_export_typesupport_targets-extras.cmake
[2.934s] -- Installing: /home/robomaven/ws/ros2_ws3/install/my_robot_interfaces/share/my_robot_interfaces/cmake/rosidl_cmake_export_typesupport_libraries-extras.cmake
[2.934s] -- Installing: /home/robomaven/ws/ros2_ws3/install/my_robot_interfaces/share/my_robot_interfaces/cmake/my_robot_interfacesConfig.cmake
[2.934s] -- Installing: /home/robomaven/ws/ros2_ws3/install/my_robot_interfaces/share/my_robot_interfaces/cmake/my_robot_interfacesConfig-version.cmake
[2.935s] -- Installing: /home/robomaven/ws/ros2_ws3/install/my_robot_interfaces/share/my_robot_interfaces/package.xml
[2.937s] Invoked command in '/home/robomaven/ws/ros2_ws3/build/my_robot_interfaces' returned '0': CMAKE_PREFIX_PATH=${CMAKE_PREFIX_PATH}:/home/robomaven/ws/ros2_ws3/install/actions_py:/opt/ros/humble /usr/bin/cmake --install /home/robomaven/ws/ros2_ws3/build/my_robot_interfaces
