[0.007s] Invoking command in '/home/robomaven/ws/ros2_ws/build/my_robot_interfaces': CMAKE_PREFIX_PATH=${CMAKE_PREFIX_PATH}:/home/robomaven/ws/ros2_ws/install/turtlesim_catch_them_all:/home/robomaven/ws/ros2_ws/install/my_py_pkg:/opt/ros/humble /usr/bin/cmake --build /home/robomaven/ws/ros2_ws/build/my_robot_interfaces -- -j20 -l20
[0.023s] -- Found ament_cmake: 1.3.9 (/opt/ros/humble/share/ament_cmake/cmake)
[0.116s] -- Found rosidl_default_generators: 1.2.0 (/opt/ros/humble/share/rosidl_default_generators/cmake)
[0.117s] -- Using all available rosidl_typesupport_c: rosidl_typesupport_fastrtps_c;rosidl_typesupport_introspection_c
[0.118s] -- Found rosidl_adapter: 3.1.5 (/opt/ros/humble/share/rosidl_adapter/cmake)
[0.139s] -- Using all available rosidl_typesupport_cpp: rosidl_typesupport_fastrtps_cpp;rosidl_typesupport_introspection_cpp
[0.346s] -- Found ament_cmake_ros: 0.10.0 (/opt/ros/humble/share/ament_cmake_ros/cmake)
[0.483s] -- Using all available rosidl_typesupport_c: rosidl_typesupport_fastrtps_c;rosidl_typesupport_introspection_c
[0.669s] -- Using all available rosidl_typesupport_cpp: rosidl_typesupport_fastrtps_cpp;rosidl_typesupport_introspection_cpp
[0.686s] -- Found python_cmake_module: 0.10.0 (/opt/ros/humble/share/python_cmake_module/cmake)
[0.702s] -- Using PYTHON_EXECUTABLE: /usr/bin/python3
[0.702s] -- Using PYTHON_INCLUDE_DIRS: /usr/include/python3.10
[0.702s] -- Using PYTHON_LIBRARIES: /usr/lib/x86_64-linux-gnu/libpython3.10.so
[0.711s] -- Configuring done
[0.729s] -- Generating done
[0.730s] -- Build files have been written to: /home/robomaven/ws/ros2_ws/build/my_robot_interfaces
[0.747s] [35m[1mConsolidate compiler generated dependencies of target my_robot_interfaces__rosidl_generator_c[0m
[0.752s] [  1%] Built target my_robot_interfaces__cpp
[0.754s] [ 12%] Built target my_robot_interfaces__rosidl_generator_c
[0.759s] [ 12%] Built target ament_cmake_python_copy_my_robot_interfaces
[0.760s] [35m[1mConsolidate compiler generated dependencies of target my_robot_interfaces__rosidl_typesupport_introspection_cpp[0m
[0.760s] [35m[1mConsolidate compiler generated dependencies of target my_robot_interfaces__rosidl_typesupport_cpp[0m
[0.760s] [35m[1mConsolidate compiler generated dependencies of target my_robot_interfaces__rosidl_typesupport_fastrtps_cpp[0m
[0.762s] [35m[1mConsolidate compiler generated dependencies of target my_robot_interfaces__rosidl_typesupport_introspection_c[0m
[0.762s] [35m[1mConsolidate compiler generated dependencies of target my_robot_interfaces__rosidl_typesupport_fastrtps_c[0m
[0.766s] [35m[1mConsolidate compiler generated dependencies of target my_robot_interfaces__rosidl_typesupport_c[0m
[0.770s] [ 23%] Built target my_robot_interfaces__rosidl_typesupport_introspection_c
[0.770s] [ 40%] Built target my_robot_interfaces__rosidl_typesupport_cpp
[0.770s] [ 45%] Built target my_robot_interfaces__rosidl_typesupport_introspection_cpp
[0.771s] [ 56%] Built target my_robot_interfaces__rosidl_typesupport_fastrtps_cpp
[0.771s] [ 67%] Built target my_robot_interfaces__rosidl_typesupport_fastrtps_c
[0.775s] [ 78%] Built target my_robot_interfaces__rosidl_typesupport_c
[0.788s] [ 78%] Built target my_robot_interfaces
[0.801s] [ 80%] Built target my_robot_interfaces__py
[0.808s] [35m[1mConsolidate compiler generated dependencies of target my_robot_interfaces__rosidl_generator_py[0m
[0.818s] [ 89%] Built target my_robot_interfaces__rosidl_generator_py
[0.824s] [35m[1mConsolidate compiler generated dependencies of target my_robot_interfaces__rosidl_typesupport_fastrtps_c__pyext[0m
[0.824s] [35m[1mConsolidate compiler generated dependencies of target my_robot_interfaces__rosidl_typesupport_introspection_c__pyext[0m
[0.824s] [35m[1mConsolidate compiler generated dependencies of target my_robot_interfaces__rosidl_typesupport_c__pyext[0m
[0.832s] [100%] Built target my_robot_interfaces__rosidl_typesupport_c__pyext
[0.832s] [100%] Built target my_robot_interfaces__rosidl_typesupport_introspection_c__pyext
[0.832s] [100%] Built target my_robot_interfaces__rosidl_typesupport_fastrtps_c__pyext
[0.917s] running egg_info
[0.917s] writing my_robot_interfaces.egg-info/PKG-INFO
[0.918s] writing dependency_links to my_robot_interfaces.egg-info/dependency_links.txt
[0.918s] writing top-level names to my_robot_interfaces.egg-info/top_level.txt
[0.919s] reading manifest file 'my_robot_interfaces.egg-info/SOURCES.txt'
[0.919s] writing manifest file 'my_robot_interfaces.egg-info/SOURCES.txt'
[0.935s] [100%] Built target ament_cmake_python_build_my_robot_interfaces_egg
[0.944s] Invoked command in '/home/robomaven/ws/ros2_ws/build/my_robot_interfaces' returned '0': CMAKE_PREFIX_PATH=${CMAKE_PREFIX_PATH}:/home/robomaven/ws/ros2_ws/install/turtlesim_catch_them_all:/home/robomaven/ws/ros2_ws/install/my_py_pkg:/opt/ros/humble /usr/bin/cmake --build /home/robomaven/ws/ros2_ws/build/my_robot_interfaces -- -j20 -l20
[1.072s] Invoking command in '/home/robomaven/ws/ros2_ws/build/my_robot_interfaces': CMAKE_PREFIX_PATH=${CMAKE_PREFIX_PATH}:/home/robomaven/ws/ros2_ws/install/turtlesim_catch_them_all:/home/robomaven/ws/ros2_ws/install/my_py_pkg:/opt/ros/humble /usr/bin/cmake --install /home/robomaven/ws/ros2_ws/build/my_robot_interfaces
[1.081s] -- Install configuration: ""
[1.081s] -- Up-to-date: /home/robomaven/ws/ros2_ws/install/my_robot_interfaces/share/ament_index/resource_index/rosidl_interfaces/my_robot_interfaces
[1.082s] -- Up-to-date: /home/robomaven/ws/ros2_ws/install/my_robot_interfaces/include/my_robot_interfaces/my_robot_interfaces
[1.082s] -- Up-to-date: /home/robomaven/ws/ros2_ws/install/my_robot_interfaces/include/my_robot_interfaces/my_robot_interfaces/srv
[1.082s] -- Up-to-date: /home/robomaven/ws/ros2_ws/install/my_robot_interfaces/include/my_robot_interfaces/my_robot_interfaces/srv/compute_rectangle_area.h
[1.082s] -- Up-to-date: /home/robomaven/ws/ros2_ws/install/my_robot_interfaces/include/my_robot_interfaces/my_robot_interfaces/srv/detail
[1.082s] -- Up-to-date: /home/robomaven/ws/ros2_ws/install/my_robot_interfaces/include/my_robot_interfaces/my_robot_interfaces/srv/detail/compute_rectangle_area__type_support.h
[1.082s] -- Up-to-date: /home/robomaven/ws/ros2_ws/install/my_robot_interfaces/include/my_robot_interfaces/my_robot_interfaces/srv/detail/compute_rectangle_area__functions.h
[1.082s] -- Up-to-date: /home/robomaven/ws/ros2_ws/install/my_robot_interfaces/include/my_robot_interfaces/my_robot_interfaces/srv/detail/compute_rectangle_area__struct.h
[1.083s] -- Up-to-date: /home/robomaven/ws/ros2_ws/install/my_robot_interfaces/include/my_robot_interfaces/my_robot_interfaces/srv/detail/compute_rectangle_area__functions.c
[1.083s] -- Up-to-date: /home/robomaven/ws/ros2_ws/install/my_robot_interfaces/include/my_robot_interfaces/my_robot_interfaces/msg
[1.083s] -- Up-to-date: /home/robomaven/ws/ros2_ws/install/my_robot_interfaces/include/my_robot_interfaces/my_robot_interfaces/msg/turtle.h
[1.083s] -- Up-to-date: /home/robomaven/ws/ros2_ws/install/my_robot_interfaces/include/my_robot_interfaces/my_robot_interfaces/msg/turtle_array.h
[1.083s] -- Up-to-date: /home/robomaven/ws/ros2_ws/install/my_robot_interfaces/include/my_robot_interfaces/my_robot_interfaces/msg/rosidl_generator_c__visibility_control.h
[1.083s] -- Up-to-date: /home/robomaven/ws/ros2_ws/install/my_robot_interfaces/include/my_robot_interfaces/my_robot_interfaces/msg/detail
[1.084s] -- Up-to-date: /home/robomaven/ws/ros2_ws/install/my_robot_interfaces/include/my_robot_interfaces/my_robot_interfaces/msg/detail/hardware_status__functions.c
[1.084s] -- Up-to-date: /home/robomaven/ws/ros2_ws/install/my_robot_interfaces/include/my_robot_interfaces/my_robot_interfaces/msg/detail/hardware_status__struct.h
[1.084s] -- Up-to-date: /home/robomaven/ws/ros2_ws/install/my_robot_interfaces/include/my_robot_interfaces/my_robot_interfaces/msg/detail/turtle_array__functions.c
[1.084s] -- Up-to-date: /home/robomaven/ws/ros2_ws/install/my_robot_interfaces/include/my_robot_interfaces/my_robot_interfaces/msg/detail/turtle_array__functions.h
[1.084s] -- Up-to-date: /home/robomaven/ws/ros2_ws/install/my_robot_interfaces/include/my_robot_interfaces/my_robot_interfaces/msg/detail/turtle__struct.h
[1.084s] -- Up-to-date: /home/robomaven/ws/ros2_ws/install/my_robot_interfaces/include/my_robot_interfaces/my_robot_interfaces/msg/detail/turtle__functions.h
[1.084s] -- Up-to-date: /home/robomaven/ws/ros2_ws/install/my_robot_interfaces/include/my_robot_interfaces/my_robot_interfaces/msg/detail/hardware_status__type_support.h
[1.085s] -- Up-to-date: /home/robomaven/ws/ros2_ws/install/my_robot_interfaces/include/my_robot_interfaces/my_robot_interfaces/msg/detail/turtle_array__struct.h
[1.085s] -- Up-to-date: /home/robomaven/ws/ros2_ws/install/my_robot_interfaces/include/my_robot_interfaces/my_robot_interfaces/msg/detail/turtle__functions.c
[1.085s] -- Up-to-date: /home/robomaven/ws/ros2_ws/install/my_robot_interfaces/include/my_robot_interfaces/my_robot_interfaces/msg/detail/turtle_array__type_support.h
[1.085s] -- Up-to-date: /home/robomaven/ws/ros2_ws/install/my_robot_interfaces/include/my_robot_interfaces/my_robot_interfaces/msg/detail/hardware_status__functions.h
[1.085s] -- Up-to-date: /home/robomaven/ws/ros2_ws/install/my_robot_interfaces/include/my_robot_interfaces/my_robot_interfaces/msg/detail/turtle__type_support.h
[1.085s] -- Up-to-date: /home/robomaven/ws/ros2_ws/install/my_robot_interfaces/include/my_robot_interfaces/my_robot_interfaces/msg/hardware_status.h
[1.085s] -- Up-to-date: /home/robomaven/ws/ros2_ws/install/my_robot_interfaces/share/my_robot_interfaces/environment/library_path.sh
[1.085s] -- Installing: /home/robomaven/ws/ros2_ws/install/my_robot_interfaces/share/my_robot_interfaces/environment/library_path.dsv
[1.086s] -- Up-to-date: /home/robomaven/ws/ros2_ws/install/my_robot_interfaces/lib/libmy_robot_interfaces__rosidl_generator_c.so
[1.086s] -- Up-to-date: /home/robomaven/ws/ros2_ws/install/my_robot_interfaces/include/my_robot_interfaces/my_robot_interfaces
[1.086s] -- Up-to-date: /home/robomaven/ws/ros2_ws/install/my_robot_interfaces/include/my_robot_interfaces/my_robot_interfaces/srv
[1.086s] -- Up-to-date: /home/robomaven/ws/ros2_ws/install/my_robot_interfaces/include/my_robot_interfaces/my_robot_interfaces/srv/detail
[1.086s] -- Up-to-date: /home/robomaven/ws/ros2_ws/install/my_robot_interfaces/include/my_robot_interfaces/my_robot_interfaces/srv/detail/compute_rectangle_area__rosidl_typesupport_fastrtps_c.h
[1.086s] -- Up-to-date: /home/robomaven/ws/ros2_ws/install/my_robot_interfaces/include/my_robot_interfaces/my_robot_interfaces/msg
[1.086s] -- Up-to-date: /home/robomaven/ws/ros2_ws/install/my_robot_interfaces/include/my_robot_interfaces/my_robot_interfaces/msg/detail
[1.086s] -- Up-to-date: /home/robomaven/ws/ros2_ws/install/my_robot_interfaces/include/my_robot_interfaces/my_robot_interfaces/msg/detail/turtle__rosidl_typesupport_fastrtps_c.h
[1.086s] -- Up-to-date: /home/robomaven/ws/ros2_ws/install/my_robot_interfaces/include/my_robot_interfaces/my_robot_interfaces/msg/detail/turtle_array__rosidl_typesupport_fastrtps_c.h
[1.086s] -- Up-to-date: /home/robomaven/ws/ros2_ws/install/my_robot_interfaces/include/my_robot_interfaces/my_robot_interfaces/msg/detail/hardware_status__rosidl_typesupport_fastrtps_c.h
[1.086s] -- Up-to-date: /home/robomaven/ws/ros2_ws/install/my_robot_interfaces/include/my_robot_interfaces/my_robot_interfaces/msg/rosidl_typesupport_fastrtps_c__visibility_control.h
[1.086s] -- Up-to-date: /home/robomaven/ws/ros2_ws/install/my_robot_interfaces/lib/libmy_robot_interfaces__rosidl_typesupport_fastrtps_c.so
[1.086s] -- Up-to-date: /home/robomaven/ws/ros2_ws/install/my_robot_interfaces/include/my_robot_interfaces/my_robot_interfaces
[1.086s] -- Up-to-date: /home/robomaven/ws/ros2_ws/install/my_robot_interfaces/include/my_robot_interfaces/my_robot_interfaces/srv
[1.086s] -- Up-to-date: /home/robomaven/ws/ros2_ws/install/my_robot_interfaces/include/my_robot_interfaces/my_robot_interfaces/srv/detail
[1.086s] -- Up-to-date: /home/robomaven/ws/ros2_ws/install/my_robot_interfaces/include/my_robot_interfaces/my_robot_interfaces/srv/detail/compute_rectangle_area__type_support.c
[1.087s] -- Up-to-date: /home/robomaven/ws/ros2_ws/install/my_robot_interfaces/include/my_robot_interfaces/my_robot_interfaces/srv/detail/compute_rectangle_area__rosidl_typesupport_introspection_c.h
[1.087s] -- Up-to-date: /home/robomaven/ws/ros2_ws/install/my_robot_interfaces/include/my_robot_interfaces/my_robot_interfaces/msg
[1.087s] -- Up-to-date: /home/robomaven/ws/ros2_ws/install/my_robot_interfaces/include/my_robot_interfaces/my_robot_interfaces/msg/rosidl_typesupport_introspection_c__visibility_control.h
[1.087s] -- Up-to-date: /home/robomaven/ws/ros2_ws/install/my_robot_interfaces/include/my_robot_interfaces/my_robot_interfaces/msg/detail
[1.087s] -- Up-to-date: /home/robomaven/ws/ros2_ws/install/my_robot_interfaces/include/my_robot_interfaces/my_robot_interfaces/msg/detail/turtle_array__type_support.c
[1.087s] -- Up-to-date: /home/robomaven/ws/ros2_ws/install/my_robot_interfaces/include/my_robot_interfaces/my_robot_interfaces/msg/detail/turtle__type_support.c
[1.087s] -- Up-to-date: /home/robomaven/ws/ros2_ws/install/my_robot_interfaces/include/my_robot_interfaces/my_robot_interfaces/msg/detail/hardware_status__rosidl_typesupport_introspection_c.h
[1.087s] -- Up-to-date: /home/robomaven/ws/ros2_ws/install/my_robot_interfaces/include/my_robot_interfaces/my_robot_interfaces/msg/detail/hardware_status__type_support.c
[1.087s] -- Up-to-date: /home/robomaven/ws/ros2_ws/install/my_robot_interfaces/include/my_robot_interfaces/my_robot_interfaces/msg/detail/turtle_array__rosidl_typesupport_introspection_c.h
[1.087s] -- Up-to-date: /home/robomaven/ws/ros2_ws/install/my_robot_interfaces/include/my_robot_interfaces/my_robot_interfaces/msg/detail/turtle__rosidl_typesupport_introspection_c.h
[1.087s] -- Up-to-date: /home/robomaven/ws/ros2_ws/install/my_robot_interfaces/lib/libmy_robot_interfaces__rosidl_typesupport_introspection_c.so
[1.087s] -- Up-to-date: /home/robomaven/ws/ros2_ws/install/my_robot_interfaces/lib/libmy_robot_interfaces__rosidl_typesupport_c.so
[1.087s] -- Up-to-date: /home/robomaven/ws/ros2_ws/install/my_robot_interfaces/include/my_robot_interfaces/my_robot_interfaces
[1.087s] -- Up-to-date: /home/robomaven/ws/ros2_ws/install/my_robot_interfaces/include/my_robot_interfaces/my_robot_interfaces/srv
[1.087s] -- Up-to-date: /home/robomaven/ws/ros2_ws/install/my_robot_interfaces/include/my_robot_interfaces/my_robot_interfaces/srv/detail
[1.087s] -- Up-to-date: /home/robomaven/ws/ros2_ws/install/my_robot_interfaces/include/my_robot_interfaces/my_robot_interfaces/srv/detail/compute_rectangle_area__struct.hpp
[1.088s] -- Up-to-date: /home/robomaven/ws/ros2_ws/install/my_robot_interfaces/include/my_robot_interfaces/my_robot_interfaces/srv/detail/compute_rectangle_area__traits.hpp
[1.088s] -- Up-to-date: /home/robomaven/ws/ros2_ws/install/my_robot_interfaces/include/my_robot_interfaces/my_robot_interfaces/srv/detail/compute_rectangle_area__builder.hpp
[1.088s] -- Up-to-date: /home/robomaven/ws/ros2_ws/install/my_robot_interfaces/include/my_robot_interfaces/my_robot_interfaces/srv/compute_rectangle_area.hpp
[1.088s] -- Up-to-date: /home/robomaven/ws/ros2_ws/install/my_robot_interfaces/include/my_robot_interfaces/my_robot_interfaces/msg
[1.088s] -- Up-to-date: /home/robomaven/ws/ros2_ws/install/my_robot_interfaces/include/my_robot_interfaces/my_robot_interfaces/msg/turtle_array.hpp
[1.088s] -- Up-to-date: /home/robomaven/ws/ros2_ws/install/my_robot_interfaces/include/my_robot_interfaces/my_robot_interfaces/msg/turtle.hpp
[1.088s] -- Up-to-date: /home/robomaven/ws/ros2_ws/install/my_robot_interfaces/include/my_robot_interfaces/my_robot_interfaces/msg/detail
[1.088s] -- Up-to-date: /home/robomaven/ws/ros2_ws/install/my_robot_interfaces/include/my_robot_interfaces/my_robot_interfaces/msg/detail/turtle_array__builder.hpp
[1.088s] -- Up-to-date: /home/robomaven/ws/ros2_ws/install/my_robot_interfaces/include/my_robot_interfaces/my_robot_interfaces/msg/detail/turtle_array__traits.hpp
[1.088s] -- Up-to-date: /home/robomaven/ws/ros2_ws/install/my_robot_interfaces/include/my_robot_interfaces/my_robot_interfaces/msg/detail/turtle__struct.hpp
[1.088s] -- Up-to-date: /home/robomaven/ws/ros2_ws/install/my_robot_interfaces/include/my_robot_interfaces/my_robot_interfaces/msg/detail/hardware_status__builder.hpp
[1.088s] -- Up-to-date: /home/robomaven/ws/ros2_ws/install/my_robot_interfaces/include/my_robot_interfaces/my_robot_interfaces/msg/detail/hardware_status__struct.hpp
[1.088s] -- Up-to-date: /home/robomaven/ws/ros2_ws/install/my_robot_interfaces/include/my_robot_interfaces/my_robot_interfaces/msg/detail/turtle__builder.hpp
[1.088s] -- Up-to-date: /home/robomaven/ws/ros2_ws/install/my_robot_interfaces/include/my_robot_interfaces/my_robot_interfaces/msg/detail/hardware_status__traits.hpp
[1.088s] -- Up-to-date: /home/robomaven/ws/ros2_ws/install/my_robot_interfaces/include/my_robot_interfaces/my_robot_interfaces/msg/detail/turtle_array__struct.hpp
[1.088s] -- Up-to-date: /home/robomaven/ws/ros2_ws/install/my_robot_interfaces/include/my_robot_interfaces/my_robot_interfaces/msg/detail/turtle__traits.hpp
[1.088s] -- Up-to-date: /home/robomaven/ws/ros2_ws/install/my_robot_interfaces/include/my_robot_interfaces/my_robot_interfaces/msg/hardware_status.hpp
[1.088s] -- Up-to-date: /home/robomaven/ws/ros2_ws/install/my_robot_interfaces/include/my_robot_interfaces/my_robot_interfaces
[1.088s] -- Up-to-date: /home/robomaven/ws/ros2_ws/install/my_robot_interfaces/include/my_robot_interfaces/my_robot_interfaces/srv
[1.089s] -- Up-to-date: /home/robomaven/ws/ros2_ws/install/my_robot_interfaces/include/my_robot_interfaces/my_robot_interfaces/srv/detail
[1.089s] -- Up-to-date: /home/robomaven/ws/ros2_ws/install/my_robot_interfaces/include/my_robot_interfaces/my_robot_interfaces/srv/detail/dds_fastrtps
[1.089s] -- Up-to-date: /home/robomaven/ws/ros2_ws/install/my_robot_interfaces/include/my_robot_interfaces/my_robot_interfaces/srv/detail/compute_rectangle_area__rosidl_typesupport_fastrtps_cpp.hpp
[1.089s] -- Up-to-date: /home/robomaven/ws/ros2_ws/install/my_robot_interfaces/include/my_robot_interfaces/my_robot_interfaces/msg
[1.089s] -- Up-to-date: /home/robomaven/ws/ros2_ws/install/my_robot_interfaces/include/my_robot_interfaces/my_robot_interfaces/msg/rosidl_typesupport_fastrtps_cpp__visibility_control.h
[1.089s] -- Up-to-date: /home/robomaven/ws/ros2_ws/install/my_robot_interfaces/include/my_robot_interfaces/my_robot_interfaces/msg/detail
[1.089s] -- Up-to-date: /home/robomaven/ws/ros2_ws/install/my_robot_interfaces/include/my_robot_interfaces/my_robot_interfaces/msg/detail/dds_fastrtps
[1.089s] -- Up-to-date: /home/robomaven/ws/ros2_ws/install/my_robot_interfaces/include/my_robot_interfaces/my_robot_interfaces/msg/detail/turtle__rosidl_typesupport_fastrtps_cpp.hpp
[1.089s] -- Up-to-date: /home/robomaven/ws/ros2_ws/install/my_robot_interfaces/include/my_robot_interfaces/my_robot_interfaces/msg/detail/hardware_status__rosidl_typesupport_fastrtps_cpp.hpp
[1.089s] -- Up-to-date: /home/robomaven/ws/ros2_ws/install/my_robot_interfaces/include/my_robot_interfaces/my_robot_interfaces/msg/detail/turtle_array__rosidl_typesupport_fastrtps_cpp.hpp
[1.089s] -- Up-to-date: /home/robomaven/ws/ros2_ws/install/my_robot_interfaces/lib/libmy_robot_interfaces__rosidl_typesupport_fastrtps_cpp.so
[1.089s] -- Up-to-date: /home/robomaven/ws/ros2_ws/install/my_robot_interfaces/include/my_robot_interfaces/my_robot_interfaces
[1.089s] -- Up-to-date: /home/robomaven/ws/ros2_ws/install/my_robot_interfaces/include/my_robot_interfaces/my_robot_interfaces/srv
[1.089s] -- Up-to-date: /home/robomaven/ws/ros2_ws/install/my_robot_interfaces/include/my_robot_interfaces/my_robot_interfaces/srv/detail
[1.089s] -- Up-to-date: /home/robomaven/ws/ros2_ws/install/my_robot_interfaces/include/my_robot_interfaces/my_robot_interfaces/srv/detail/compute_rectangle_area__type_support.cpp
[1.089s] -- Up-to-date: /home/robomaven/ws/ros2_ws/install/my_robot_interfaces/include/my_robot_interfaces/my_robot_interfaces/srv/detail/compute_rectangle_area__rosidl_typesupport_introspection_cpp.hpp
[1.089s] -- Up-to-date: /home/robomaven/ws/ros2_ws/install/my_robot_interfaces/include/my_robot_interfaces/my_robot_interfaces/msg
[1.089s] -- Up-to-date: /home/robomaven/ws/ros2_ws/install/my_robot_interfaces/include/my_robot_interfaces/my_robot_interfaces/msg/detail
[1.090s] -- Up-to-date: /home/robomaven/ws/ros2_ws/install/my_robot_interfaces/include/my_robot_interfaces/my_robot_interfaces/msg/detail/hardware_status__type_support.cpp
[1.090s] -- Up-to-date: /home/robomaven/ws/ros2_ws/install/my_robot_interfaces/include/my_robot_interfaces/my_robot_interfaces/msg/detail/turtle_array__type_support.cpp
[1.090s] -- Up-to-date: /home/robomaven/ws/ros2_ws/install/my_robot_interfaces/include/my_robot_interfaces/my_robot_interfaces/msg/detail/turtle_array__rosidl_typesupport_introspection_cpp.hpp
[1.090s] -- Up-to-date: /home/robomaven/ws/ros2_ws/install/my_robot_interfaces/include/my_robot_interfaces/my_robot_interfaces/msg/detail/hardware_status__rosidl_typesupport_introspection_cpp.hpp
[1.090s] -- Up-to-date: /home/robomaven/ws/ros2_ws/install/my_robot_interfaces/include/my_robot_interfaces/my_robot_interfaces/msg/detail/turtle__type_support.cpp
[1.090s] -- Up-to-date: /home/robomaven/ws/ros2_ws/install/my_robot_interfaces/include/my_robot_interfaces/my_robot_interfaces/msg/detail/turtle__rosidl_typesupport_introspection_cpp.hpp
[1.090s] -- Up-to-date: /home/robomaven/ws/ros2_ws/install/my_robot_interfaces/lib/libmy_robot_interfaces__rosidl_typesupport_introspection_cpp.so
[1.090s] -- Up-to-date: /home/robomaven/ws/ros2_ws/install/my_robot_interfaces/lib/libmy_robot_interfaces__rosidl_typesupport_cpp.so
[1.090s] -- Up-to-date: /home/robomaven/ws/ros2_ws/install/my_robot_interfaces/share/my_robot_interfaces/environment/pythonpath.sh
[1.090s] -- Installing: /home/robomaven/ws/ros2_ws/install/my_robot_interfaces/share/my_robot_interfaces/environment/pythonpath.dsv
[1.090s] -- Up-to-date: /home/robomaven/ws/ros2_ws/install/my_robot_interfaces/local/lib/python3.10/dist-packages/my_robot_interfaces-0.0.0-py3.10.egg-info
[1.090s] -- Installing: /home/robomaven/ws/ros2_ws/install/my_robot_interfaces/local/lib/python3.10/dist-packages/my_robot_interfaces-0.0.0-py3.10.egg-info/top_level.txt
[1.090s] -- Installing: /home/robomaven/ws/ros2_ws/install/my_robot_interfaces/local/lib/python3.10/dist-packages/my_robot_interfaces-0.0.0-py3.10.egg-info/PKG-INFO
[1.090s] -- Installing: /home/robomaven/ws/ros2_ws/install/my_robot_interfaces/local/lib/python3.10/dist-packages/my_robot_interfaces-0.0.0-py3.10.egg-info/SOURCES.txt
[1.090s] -- Installing: /home/robomaven/ws/ros2_ws/install/my_robot_interfaces/local/lib/python3.10/dist-packages/my_robot_interfaces-0.0.0-py3.10.egg-info/dependency_links.txt
[1.090s] -- Up-to-date: /home/robomaven/ws/ros2_ws/install/my_robot_interfaces/local/lib/python3.10/dist-packages/my_robot_interfaces
[1.090s] -- Up-to-date: /home/robomaven/ws/ros2_ws/install/my_robot_interfaces/local/lib/python3.10/dist-packages/my_robot_interfaces/srv
[1.090s] -- Up-to-date: /home/robomaven/ws/ros2_ws/install/my_robot_interfaces/local/lib/python3.10/dist-packages/my_robot_interfaces/srv/_compute_rectangle_area.py
[1.090s] -- Up-to-date: /home/robomaven/ws/ros2_ws/install/my_robot_interfaces/local/lib/python3.10/dist-packages/my_robot_interfaces/srv/_compute_rectangle_area_s.c
[1.091s] -- Up-to-date: /home/robomaven/ws/ros2_ws/install/my_robot_interfaces/local/lib/python3.10/dist-packages/my_robot_interfaces/srv/__init__.py
[1.091s] -- Up-to-date: /home/robomaven/ws/ros2_ws/install/my_robot_interfaces/local/lib/python3.10/dist-packages/my_robot_interfaces/msg
[1.091s] -- Up-to-date: /home/robomaven/ws/ros2_ws/install/my_robot_interfaces/local/lib/python3.10/dist-packages/my_robot_interfaces/msg/_hardware_status_s.c
[1.091s] -- Up-to-date: /home/robomaven/ws/ros2_ws/install/my_robot_interfaces/local/lib/python3.10/dist-packages/my_robot_interfaces/msg/_hardware_status.py
[1.091s] -- Up-to-date: /home/robomaven/ws/ros2_ws/install/my_robot_interfaces/local/lib/python3.10/dist-packages/my_robot_interfaces/msg/_turtle_s.c
[1.091s] -- Up-to-date: /home/robomaven/ws/ros2_ws/install/my_robot_interfaces/local/lib/python3.10/dist-packages/my_robot_interfaces/msg/_turtle_array_s.c
[1.091s] -- Up-to-date: /home/robomaven/ws/ros2_ws/install/my_robot_interfaces/local/lib/python3.10/dist-packages/my_robot_interfaces/msg/_turtle_array.py
[1.091s] -- Up-to-date: /home/robomaven/ws/ros2_ws/install/my_robot_interfaces/local/lib/python3.10/dist-packages/my_robot_interfaces/msg/_turtle.py
[1.091s] -- Up-to-date: /home/robomaven/ws/ros2_ws/install/my_robot_interfaces/local/lib/python3.10/dist-packages/my_robot_interfaces/msg/__init__.py
[1.091s] -- Up-to-date: /home/robomaven/ws/ros2_ws/install/my_robot_interfaces/local/lib/python3.10/dist-packages/my_robot_interfaces/_my_robot_interfaces_s.ep.rosidl_typesupport_introspection_c.c
[1.091s] -- Up-to-date: /home/robomaven/ws/ros2_ws/install/my_robot_interfaces/local/lib/python3.10/dist-packages/my_robot_interfaces/my_robot_interfaces_s__rosidl_typesupport_c.cpython-310-x86_64-linux-gnu.so
[1.091s] -- Up-to-date: /home/robomaven/ws/ros2_ws/install/my_robot_interfaces/local/lib/python3.10/dist-packages/my_robot_interfaces/_my_robot_interfaces_s.ep.rosidl_typesupport_c.c
[1.091s] -- Up-to-date: /home/robomaven/ws/ros2_ws/install/my_robot_interfaces/local/lib/python3.10/dist-packages/my_robot_interfaces/libmy_robot_interfaces__rosidl_generator_py.so
[1.091s] -- Up-to-date: /home/robomaven/ws/ros2_ws/install/my_robot_interfaces/local/lib/python3.10/dist-packages/my_robot_interfaces/_my_robot_interfaces_s.ep.rosidl_typesupport_fastrtps_c.c
[1.091s] -- Up-to-date: /home/robomaven/ws/ros2_ws/install/my_robot_interfaces/local/lib/python3.10/dist-packages/my_robot_interfaces/my_robot_interfaces_s__rosidl_typesupport_introspection_c.cpython-310-x86_64-linux-gnu.so
[1.091s] -- Installing: /home/robomaven/ws/ros2_ws/install/my_robot_interfaces/local/lib/python3.10/dist-packages/my_robot_interfaces/__init__.py
[1.091s] -- Up-to-date: /home/robomaven/ws/ros2_ws/install/my_robot_interfaces/local/lib/python3.10/dist-packages/my_robot_interfaces/my_robot_interfaces_s__rosidl_typesupport_fastrtps_c.cpython-310-x86_64-linux-gnu.so
[1.118s] Listing '/home/robomaven/ws/ros2_ws/install/my_robot_interfaces/local/lib/python3.10/dist-packages/my_robot_interfaces'...
[1.118s] Compiling '/home/robomaven/ws/ros2_ws/install/my_robot_interfaces/local/lib/python3.10/dist-packages/my_robot_interfaces/__init__.py'...
[1.118s] Listing '/home/robomaven/ws/ros2_ws/install/my_robot_interfaces/local/lib/python3.10/dist-packages/my_robot_interfaces/msg'...
[1.118s] Listing '/home/robomaven/ws/ros2_ws/install/my_robot_interfaces/local/lib/python3.10/dist-packages/my_robot_interfaces/srv'...
[1.121s] -- Up-to-date: /home/robomaven/ws/ros2_ws/install/my_robot_interfaces/local/lib/python3.10/dist-packages/my_robot_interfaces/my_robot_interfaces_s__rosidl_typesupport_fastrtps_c.cpython-310-x86_64-linux-gnu.so
[1.122s] -- Up-to-date: /home/robomaven/ws/ros2_ws/install/my_robot_interfaces/local/lib/python3.10/dist-packages/my_robot_interfaces/my_robot_interfaces_s__rosidl_typesupport_introspection_c.cpython-310-x86_64-linux-gnu.so
[1.122s] -- Up-to-date: /home/robomaven/ws/ros2_ws/install/my_robot_interfaces/local/lib/python3.10/dist-packages/my_robot_interfaces/my_robot_interfaces_s__rosidl_typesupport_c.cpython-310-x86_64-linux-gnu.so
[1.122s] -- Up-to-date: /home/robomaven/ws/ros2_ws/install/my_robot_interfaces/lib/libmy_robot_interfaces__rosidl_generator_py.so
[1.122s] -- Up-to-date: /home/robomaven/ws/ros2_ws/install/my_robot_interfaces/share/my_robot_interfaces/msg/HardwareStatus.idl
[1.122s] -- Up-to-date: /home/robomaven/ws/ros2_ws/install/my_robot_interfaces/share/my_robot_interfaces/srv/ComputeRectangleArea.idl
[1.122s] -- Up-to-date: /home/robomaven/ws/ros2_ws/install/my_robot_interfaces/share/my_robot_interfaces/msg/Turtle.idl
[1.122s] -- Up-to-date: /home/robomaven/ws/ros2_ws/install/my_robot_interfaces/share/my_robot_interfaces/msg/TurtleArray.idl
[1.122s] -- Up-to-date: /home/robomaven/ws/ros2_ws/install/my_robot_interfaces/share/my_robot_interfaces/msg/HardwareStatus.msg
[1.122s] -- Up-to-date: /home/robomaven/ws/ros2_ws/install/my_robot_interfaces/share/my_robot_interfaces/srv/ComputeRectangleArea.srv
[1.122s] -- Up-to-date: /home/robomaven/ws/ros2_ws/install/my_robot_interfaces/share/my_robot_interfaces/srv/ComputeRectangleArea_Request.msg
[1.123s] -- Up-to-date: /home/robomaven/ws/ros2_ws/install/my_robot_interfaces/share/my_robot_interfaces/srv/ComputeRectangleArea_Response.msg
[1.123s] -- Up-to-date: /home/robomaven/ws/ros2_ws/install/my_robot_interfaces/share/my_robot_interfaces/msg/Turtle.msg
[1.123s] -- Installing: /home/robomaven/ws/ros2_ws/install/my_robot_interfaces/share/my_robot_interfaces/msg/TurtleArray.msg
[1.123s] -- Up-to-date: /home/robomaven/ws/ros2_ws/install/my_robot_interfaces/share/ament_index/resource_index/package_run_dependencies/my_robot_interfaces
[1.123s] -- Up-to-date: /home/robomaven/ws/ros2_ws/install/my_robot_interfaces/share/ament_index/resource_index/parent_prefix_path/my_robot_interfaces
[1.123s] -- Up-to-date: /home/robomaven/ws/ros2_ws/install/my_robot_interfaces/share/my_robot_interfaces/environment/ament_prefix_path.sh
[1.123s] -- Installing: /home/robomaven/ws/ros2_ws/install/my_robot_interfaces/share/my_robot_interfaces/environment/ament_prefix_path.dsv
[1.123s] -- Up-to-date: /home/robomaven/ws/ros2_ws/install/my_robot_interfaces/share/my_robot_interfaces/environment/path.sh
[1.123s] -- Installing: /home/robomaven/ws/ros2_ws/install/my_robot_interfaces/share/my_robot_interfaces/environment/path.dsv
[1.123s] -- Up-to-date: /home/robomaven/ws/ros2_ws/install/my_robot_interfaces/share/my_robot_interfaces/local_setup.bash
[1.123s] -- Up-to-date: /home/robomaven/ws/ros2_ws/install/my_robot_interfaces/share/my_robot_interfaces/local_setup.sh
[1.123s] -- Up-to-date: /home/robomaven/ws/ros2_ws/install/my_robot_interfaces/share/my_robot_interfaces/local_setup.zsh
[1.123s] -- Installing: /home/robomaven/ws/ros2_ws/install/my_robot_interfaces/share/my_robot_interfaces/local_setup.dsv
[1.123s] -- Installing: /home/robomaven/ws/ros2_ws/install/my_robot_interfaces/share/my_robot_interfaces/package.dsv
[1.124s] -- Up-to-date: /home/robomaven/ws/ros2_ws/install/my_robot_interfaces/share/ament_index/resource_index/packages/my_robot_interfaces
[1.124s] -- Up-to-date: /home/robomaven/ws/ros2_ws/install/my_robot_interfaces/share/my_robot_interfaces/cmake/export_my_robot_interfaces__rosidl_generator_cExport.cmake
[1.124s] -- Up-to-date: /home/robomaven/ws/ros2_ws/install/my_robot_interfaces/share/my_robot_interfaces/cmake/export_my_robot_interfaces__rosidl_generator_cExport-noconfig.cmake
[1.124s] -- Up-to-date: /home/robomaven/ws/ros2_ws/install/my_robot_interfaces/share/my_robot_interfaces/cmake/export_my_robot_interfaces__rosidl_typesupport_fastrtps_cExport.cmake
[1.124s] -- Up-to-date: /home/robomaven/ws/ros2_ws/install/my_robot_interfaces/share/my_robot_interfaces/cmake/export_my_robot_interfaces__rosidl_typesupport_fastrtps_cExport-noconfig.cmake
[1.124s] -- Up-to-date: /home/robomaven/ws/ros2_ws/install/my_robot_interfaces/share/my_robot_interfaces/cmake/my_robot_interfaces__rosidl_typesupport_introspection_cExport.cmake
[1.124s] -- Up-to-date: /home/robomaven/ws/ros2_ws/install/my_robot_interfaces/share/my_robot_interfaces/cmake/my_robot_interfaces__rosidl_typesupport_introspection_cExport-noconfig.cmake
[1.124s] -- Up-to-date: /home/robomaven/ws/ros2_ws/install/my_robot_interfaces/share/my_robot_interfaces/cmake/my_robot_interfaces__rosidl_typesupport_cExport.cmake
[1.124s] -- Up-to-date: /home/robomaven/ws/ros2_ws/install/my_robot_interfaces/share/my_robot_interfaces/cmake/my_robot_interfaces__rosidl_typesupport_cExport-noconfig.cmake
[1.124s] -- Up-to-date: /home/robomaven/ws/ros2_ws/install/my_robot_interfaces/share/my_robot_interfaces/cmake/export_my_robot_interfaces__rosidl_generator_cppExport.cmake
[1.124s] -- Up-to-date: /home/robomaven/ws/ros2_ws/install/my_robot_interfaces/share/my_robot_interfaces/cmake/export_my_robot_interfaces__rosidl_typesupport_fastrtps_cppExport.cmake
[1.124s] -- Up-to-date: /home/robomaven/ws/ros2_ws/install/my_robot_interfaces/share/my_robot_interfaces/cmake/export_my_robot_interfaces__rosidl_typesupport_fastrtps_cppExport-noconfig.cmake
[1.125s] -- Up-to-date: /home/robomaven/ws/ros2_ws/install/my_robot_interfaces/share/my_robot_interfaces/cmake/my_robot_interfaces__rosidl_typesupport_introspection_cppExport.cmake
[1.125s] -- Up-to-date: /home/robomaven/ws/ros2_ws/install/my_robot_interfaces/share/my_robot_interfaces/cmake/my_robot_interfaces__rosidl_typesupport_introspection_cppExport-noconfig.cmake
[1.125s] -- Up-to-date: /home/robomaven/ws/ros2_ws/install/my_robot_interfaces/share/my_robot_interfaces/cmake/my_robot_interfaces__rosidl_typesupport_cppExport.cmake
[1.125s] -- Up-to-date: /home/robomaven/ws/ros2_ws/install/my_robot_interfaces/share/my_robot_interfaces/cmake/my_robot_interfaces__rosidl_typesupport_cppExport-noconfig.cmake
[1.125s] -- Up-to-date: /home/robomaven/ws/ros2_ws/install/my_robot_interfaces/share/my_robot_interfaces/cmake/export_my_robot_interfaces__rosidl_generator_pyExport.cmake
[1.125s] -- Up-to-date: /home/robomaven/ws/ros2_ws/install/my_robot_interfaces/share/my_robot_interfaces/cmake/export_my_robot_interfaces__rosidl_generator_pyExport-noconfig.cmake
[1.125s] -- Up-to-date: /home/robomaven/ws/ros2_ws/install/my_robot_interfaces/share/my_robot_interfaces/cmake/rosidl_cmake-extras.cmake
[1.125s] -- Up-to-date: /home/robomaven/ws/ros2_ws/install/my_robot_interfaces/share/my_robot_interfaces/cmake/ament_cmake_export_include_directories-extras.cmake
[1.125s] -- Up-to-date: /home/robomaven/ws/ros2_ws/install/my_robot_interfaces/share/my_robot_interfaces/cmake/ament_cmake_export_libraries-extras.cmake
[1.125s] -- Up-to-date: /home/robomaven/ws/ros2_ws/install/my_robot_interfaces/share/my_robot_interfaces/cmake/ament_cmake_export_targets-extras.cmake
[1.125s] -- Up-to-date: /home/robomaven/ws/ros2_ws/install/my_robot_interfaces/share/my_robot_interfaces/cmake/rosidl_cmake_export_typesupport_targets-extras.cmake
[1.125s] -- Up-to-date: /home/robomaven/ws/ros2_ws/install/my_robot_interfaces/share/my_robot_interfaces/cmake/ament_cmake_export_dependencies-extras.cmake
[1.125s] -- Up-to-date: /home/robomaven/ws/ros2_ws/install/my_robot_interfaces/share/my_robot_interfaces/cmake/rosidl_cmake_export_typesupport_libraries-extras.cmake
[1.125s] -- Up-to-date: /home/robomaven/ws/ros2_ws/install/my_robot_interfaces/share/my_robot_interfaces/cmake/my_robot_interfacesConfig.cmake
[1.125s] -- Up-to-date: /home/robomaven/ws/ros2_ws/install/my_robot_interfaces/share/my_robot_interfaces/cmake/my_robot_interfacesConfig-version.cmake
[1.125s] -- Up-to-date: /home/robomaven/ws/ros2_ws/install/my_robot_interfaces/share/my_robot_interfaces/package.xml
[1.127s] Invoked command in '/home/robomaven/ws/ros2_ws/build/my_robot_interfaces' returned '0': CMAKE_PREFIX_PATH=${CMAKE_PREFIX_PATH}:/home/robomaven/ws/ros2_ws/install/turtlesim_catch_them_all:/home/robomaven/ws/ros2_ws/install/my_py_pkg:/opt/ros/humble /usr/bin/cmake --install /home/robomaven/ws/ros2_ws/build/my_robot_interfaces
