[0.142s] DEBUG:colcon:Command line arguments: ['/usr/bin/colcon', 'build']
[0.142s] DEBUG:colcon:Parsed command line arguments: Namespace(log_base=None, log_level=None, verb_name='build', build_base='build', install_base='install', merge_install=False, symlink_install=False, test_result_base=None, continue_on_error=False, executor='parallel', parallel_workers=20, event_handlers=None, ignore_user_meta=False, metas=['./colcon.meta'], base_paths=['.'], packages_ignore=None, packages_ignore_regex=None, paths=None, packages_up_to=None, packages_up_to_regex=None, packages_above=None, packages_above_and_dependencies=None, packages_above_depth=None, packages_select_by_dep=None, packages_skip_by_dep=None, packages_skip_up_to=None, packages_select_build_failed=False, packages_skip_build_finished=False, packages_select_test_failures=False, packages_skip_test_passed=False, packages_select=None, packages_skip=None, packages_select_regex=None, packages_skip_regex=None, packages_start=None, packages_end=None, allow_overriding=[], cmake_args=None, cmake_target=None, cmake_target_skip_unavailable=False, cmake_clean_cache=False, cmake_clean_first=False, cmake_force_configure=False, ament_cmake_args=None, catkin_cmake_args=None, catkin_skip_building_tests=False, verb_parser=<colcon_defaults.argument_parser.defaults.DefaultArgumentsDecorator object at 0x793266644a90>, verb_extension=<colcon_core.verb.build.BuildVerb object at 0x793266644580>, main=<bound method BuildVerb.main of <colcon_core.verb.build.BuildVerb object at 0x793266644580>>)
[0.293s] Level 1:colcon.colcon_core.package_discovery:discover_packages(colcon_meta) check parameters
[0.293s] Level 1:colcon.colcon_core.package_discovery:discover_packages(recursive) check parameters
[0.293s] Level 1:colcon.colcon_core.package_discovery:discover_packages(ignore) check parameters
[0.293s] Level 1:colcon.colcon_core.package_discovery:discover_packages(path) check parameters
[0.293s] Level 1:colcon.colcon_core.package_discovery:discover_packages(colcon_meta) discover
[0.293s] Level 1:colcon.colcon_core.package_discovery:discover_packages(recursive) discover
[0.293s] INFO:colcon.colcon_core.package_discovery:Crawling recursively for packages in '/home/robomaven/ws/tb3_ws'
[0.293s] Level 1:colcon.colcon_core.package_identification:_identify(.) by extensions ['ignore', 'ignore_ament_install']
[0.293s] Level 1:colcon.colcon_core.package_identification:_identify(.) by extension 'ignore'
[0.293s] Level 1:colcon.colcon_core.package_identification:_identify(.) by extension 'ignore_ament_install'
[0.293s] Level 1:colcon.colcon_core.package_identification:_identify(.) by extensions ['colcon_pkg']
[0.293s] Level 1:colcon.colcon_core.package_identification:_identify(.) by extension 'colcon_pkg'
[0.293s] Level 1:colcon.colcon_core.package_identification:_identify(.) by extensions ['colcon_meta']
[0.293s] Level 1:colcon.colcon_core.package_identification:_identify(.) by extension 'colcon_meta'
[0.293s] Level 1:colcon.colcon_core.package_identification:_identify(.) by extensions ['ros']
[0.293s] Level 1:colcon.colcon_core.package_identification:_identify(.) by extension 'ros'
[0.301s] Level 1:colcon.colcon_core.package_identification:_identify(.) by extensions ['cmake', 'python']
[0.301s] Level 1:colcon.colcon_core.package_identification:_identify(.) by extension 'cmake'
[0.301s] Level 1:colcon.colcon_core.package_identification:_identify(.) by extension 'python'
[0.301s] Level 1:colcon.colcon_core.package_identification:_identify(.) by extensions ['python_setup_py']
[0.301s] Level 1:colcon.colcon_core.package_identification:_identify(.) by extension 'python_setup_py'
[0.301s] Level 1:colcon.colcon_core.package_identification:_identify(build) by extensions ['ignore', 'ignore_ament_install']
[0.301s] Level 1:colcon.colcon_core.package_identification:_identify(build) by extension 'ignore'
[0.301s] Level 1:colcon.colcon_core.package_identification:_identify(build) ignored
[0.301s] Level 1:colcon.colcon_core.package_identification:_identify(install) by extensions ['ignore', 'ignore_ament_install']
[0.301s] Level 1:colcon.colcon_core.package_identification:_identify(install) by extension 'ignore'
[0.301s] Level 1:colcon.colcon_core.package_identification:_identify(install) ignored
[0.301s] Level 1:colcon.colcon_core.package_identification:_identify(log) by extensions ['ignore', 'ignore_ament_install']
[0.301s] Level 1:colcon.colcon_core.package_identification:_identify(log) by extension 'ignore'
[0.301s] Level 1:colcon.colcon_core.package_identification:_identify(log) ignored
[0.302s] Level 1:colcon.colcon_core.package_identification:_identify(src) by extensions ['ignore', 'ignore_ament_install']
[0.302s] Level 1:colcon.colcon_core.package_identification:_identify(src) by extension 'ignore'
[0.302s] Level 1:colcon.colcon_core.package_identification:_identify(src) by extension 'ignore_ament_install'
[0.302s] Level 1:colcon.colcon_core.package_identification:_identify(src) by extensions ['colcon_pkg']
[0.302s] Level 1:colcon.colcon_core.package_identification:_identify(src) by extension 'colcon_pkg'
[0.302s] Level 1:colcon.colcon_core.package_identification:_identify(src) by extensions ['colcon_meta']
[0.302s] Level 1:colcon.colcon_core.package_identification:_identify(src) by extension 'colcon_meta'
[0.302s] Level 1:colcon.colcon_core.package_identification:_identify(src) by extensions ['ros']
[0.302s] Level 1:colcon.colcon_core.package_identification:_identify(src) by extension 'ros'
[0.302s] Level 1:colcon.colcon_core.package_identification:_identify(src) by extensions ['cmake', 'python']
[0.302s] Level 1:colcon.colcon_core.package_identification:_identify(src) by extension 'cmake'
[0.302s] Level 1:colcon.colcon_core.package_identification:_identify(src) by extension 'python'
[0.302s] Level 1:colcon.colcon_core.package_identification:_identify(src) by extensions ['python_setup_py']
[0.302s] Level 1:colcon.colcon_core.package_identification:_identify(src) by extension 'python_setup_py'
[0.302s] Level 1:colcon.colcon_core.package_identification:_identify(src/turtlebot3_fake_node) by extensions ['ignore', 'ignore_ament_install']
[0.302s] Level 1:colcon.colcon_core.package_identification:_identify(src/turtlebot3_fake_node) by extension 'ignore'
[0.302s] Level 1:colcon.colcon_core.package_identification:_identify(src/turtlebot3_fake_node) by extension 'ignore_ament_install'
[0.302s] Level 1:colcon.colcon_core.package_identification:_identify(src/turtlebot3_fake_node) by extensions ['colcon_pkg']
[0.302s] Level 1:colcon.colcon_core.package_identification:_identify(src/turtlebot3_fake_node) by extension 'colcon_pkg'
[0.302s] Level 1:colcon.colcon_core.package_identification:_identify(src/turtlebot3_fake_node) by extensions ['colcon_meta']
[0.302s] Level 1:colcon.colcon_core.package_identification:_identify(src/turtlebot3_fake_node) by extension 'colcon_meta'
[0.302s] Level 1:colcon.colcon_core.package_identification:_identify(src/turtlebot3_fake_node) by extensions ['ros']
[0.302s] Level 1:colcon.colcon_core.package_identification:_identify(src/turtlebot3_fake_node) by extension 'ros'
[0.304s] DEBUG:colcon.colcon_core.package_identification:Package 'src/turtlebot3_fake_node' with type 'ros.ament_cmake' and name 'turtlebot3_fake_node'
[0.305s] Level 1:colcon.colcon_core.package_identification:_identify(src/turtlebot3_gazebo) by extensions ['ignore', 'ignore_ament_install']
[0.305s] Level 1:colcon.colcon_core.package_identification:_identify(src/turtlebot3_gazebo) by extension 'ignore'
[0.305s] Level 1:colcon.colcon_core.package_identification:_identify(src/turtlebot3_gazebo) by extension 'ignore_ament_install'
[0.305s] Level 1:colcon.colcon_core.package_identification:_identify(src/turtlebot3_gazebo) by extensions ['colcon_pkg']
[0.305s] Level 1:colcon.colcon_core.package_identification:_identify(src/turtlebot3_gazebo) by extension 'colcon_pkg'
[0.305s] Level 1:colcon.colcon_core.package_identification:_identify(src/turtlebot3_gazebo) by extensions ['colcon_meta']
[0.305s] Level 1:colcon.colcon_core.package_identification:_identify(src/turtlebot3_gazebo) by extension 'colcon_meta'
[0.305s] Level 1:colcon.colcon_core.package_identification:_identify(src/turtlebot3_gazebo) by extensions ['ros']
[0.305s] Level 1:colcon.colcon_core.package_identification:_identify(src/turtlebot3_gazebo) by extension 'ros'
[0.305s] DEBUG:colcon.colcon_core.package_identification:Package 'src/turtlebot3_gazebo' with type 'ros.ament_cmake' and name 'turtlebot3_gazebo'
[0.306s] Level 1:colcon.colcon_core.package_identification:_identify(src/turtlebot3_simulations) by extensions ['ignore', 'ignore_ament_install']
[0.306s] Level 1:colcon.colcon_core.package_identification:_identify(src/turtlebot3_simulations) by extension 'ignore'
[0.306s] Level 1:colcon.colcon_core.package_identification:_identify(src/turtlebot3_simulations) by extension 'ignore_ament_install'
[0.306s] Level 1:colcon.colcon_core.package_identification:_identify(src/turtlebot3_simulations) by extensions ['colcon_pkg']
[0.306s] Level 1:colcon.colcon_core.package_identification:_identify(src/turtlebot3_simulations) by extension 'colcon_pkg'
[0.306s] Level 1:colcon.colcon_core.package_identification:_identify(src/turtlebot3_simulations) by extensions ['colcon_meta']
[0.306s] Level 1:colcon.colcon_core.package_identification:_identify(src/turtlebot3_simulations) by extension 'colcon_meta'
[0.306s] Level 1:colcon.colcon_core.package_identification:_identify(src/turtlebot3_simulations) by extensions ['ros']
[0.306s] Level 1:colcon.colcon_core.package_identification:_identify(src/turtlebot3_simulations) by extension 'ros'
[0.306s] DEBUG:colcon.colcon_core.package_identification:Package 'src/turtlebot3_simulations' with type 'ros.ament_cmake' and name 'turtlebot3_simulations'
[0.306s] Level 1:colcon.colcon_core.package_discovery:discover_packages(recursive) using defaults
[0.306s] Level 1:colcon.colcon_core.package_discovery:discover_packages(ignore) discover
[0.306s] Level 1:colcon.colcon_core.package_discovery:discover_packages(ignore) using defaults
[0.306s] Level 1:colcon.colcon_core.package_discovery:discover_packages(path) discover
[0.306s] Level 1:colcon.colcon_core.package_discovery:discover_packages(path) using defaults
[0.328s] Level 1:colcon.colcon_core.package_discovery:discover_packages(prefix_path) check parameters
[0.328s] Level 1:colcon.colcon_core.package_discovery:discover_packages(prefix_path) discover
[0.331s] DEBUG:colcon.colcon_installed_package_information.package_discovery:Found 398 installed packages in /opt/ros/humble
[0.332s] Level 1:colcon.colcon_core.package_discovery:discover_packages(prefix_path) using defaults
[0.359s] Level 5:colcon.colcon_core.verb:set package 'turtlebot3_fake_node' build argument 'cmake_args' from command line to 'None'
[0.359s] Level 5:colcon.colcon_core.verb:set package 'turtlebot3_fake_node' build argument 'cmake_target' from command line to 'None'
[0.359s] Level 5:colcon.colcon_core.verb:set package 'turtlebot3_fake_node' build argument 'cmake_target_skip_unavailable' from command line to 'False'
[0.359s] Level 5:colcon.colcon_core.verb:set package 'turtlebot3_fake_node' build argument 'cmake_clean_cache' from command line to 'False'
[0.359s] Level 5:colcon.colcon_core.verb:set package 'turtlebot3_fake_node' build argument 'cmake_clean_first' from command line to 'False'
[0.359s] Level 5:colcon.colcon_core.verb:set package 'turtlebot3_fake_node' build argument 'cmake_force_configure' from command line to 'False'
[0.359s] Level 5:colcon.colcon_core.verb:set package 'turtlebot3_fake_node' build argument 'ament_cmake_args' from command line to 'None'
[0.359s] Level 5:colcon.colcon_core.verb:set package 'turtlebot3_fake_node' build argument 'catkin_cmake_args' from command line to 'None'
[0.359s] Level 5:colcon.colcon_core.verb:set package 'turtlebot3_fake_node' build argument 'catkin_skip_building_tests' from command line to 'False'
[0.359s] DEBUG:colcon.colcon_core.verb:Building package 'turtlebot3_fake_node' with the following arguments: {'ament_cmake_args': None, 'build_base': '/home/robomaven/ws/tb3_ws/build/turtlebot3_fake_node', 'catkin_cmake_args': None, 'catkin_skip_building_tests': False, 'cmake_args': None, 'cmake_clean_cache': False, 'cmake_clean_first': False, 'cmake_force_configure': False, 'cmake_target': None, 'cmake_target_skip_unavailable': False, 'install_base': '/home/robomaven/ws/tb3_ws/install/turtlebot3_fake_node', 'merge_install': False, 'path': '/home/robomaven/ws/tb3_ws/src/turtlebot3_fake_node', 'symlink_install': False, 'test_result_base': None}
[0.360s] Level 5:colcon.colcon_core.verb:set package 'turtlebot3_gazebo' build argument 'cmake_args' from command line to 'None'
[0.360s] Level 5:colcon.colcon_core.verb:set package 'turtlebot3_gazebo' build argument 'cmake_target' from command line to 'None'
[0.360s] Level 5:colcon.colcon_core.verb:set package 'turtlebot3_gazebo' build argument 'cmake_target_skip_unavailable' from command line to 'False'
[0.360s] Level 5:colcon.colcon_core.verb:set package 'turtlebot3_gazebo' build argument 'cmake_clean_cache' from command line to 'False'
[0.360s] Level 5:colcon.colcon_core.verb:set package 'turtlebot3_gazebo' build argument 'cmake_clean_first' from command line to 'False'
[0.360s] Level 5:colcon.colcon_core.verb:set package 'turtlebot3_gazebo' build argument 'cmake_force_configure' from command line to 'False'
[0.360s] Level 5:colcon.colcon_core.verb:set package 'turtlebot3_gazebo' build argument 'ament_cmake_args' from command line to 'None'
[0.360s] Level 5:colcon.colcon_core.verb:set package 'turtlebot3_gazebo' build argument 'catkin_cmake_args' from command line to 'None'
[0.360s] Level 5:colcon.colcon_core.verb:set package 'turtlebot3_gazebo' build argument 'catkin_skip_building_tests' from command line to 'False'
[0.360s] DEBUG:colcon.colcon_core.verb:Building package 'turtlebot3_gazebo' with the following arguments: {'ament_cmake_args': None, 'build_base': '/home/robomaven/ws/tb3_ws/build/turtlebot3_gazebo', 'catkin_cmake_args': None, 'catkin_skip_building_tests': False, 'cmake_args': None, 'cmake_clean_cache': False, 'cmake_clean_first': False, 'cmake_force_configure': False, 'cmake_target': None, 'cmake_target_skip_unavailable': False, 'install_base': '/home/robomaven/ws/tb3_ws/install/turtlebot3_gazebo', 'merge_install': False, 'path': '/home/robomaven/ws/tb3_ws/src/turtlebot3_gazebo', 'symlink_install': False, 'test_result_base': None}
[0.360s] Level 5:colcon.colcon_core.verb:set package 'turtlebot3_simulations' build argument 'cmake_args' from command line to 'None'
[0.360s] Level 5:colcon.colcon_core.verb:set package 'turtlebot3_simulations' build argument 'cmake_target' from command line to 'None'
[0.360s] Level 5:colcon.colcon_core.verb:set package 'turtlebot3_simulations' build argument 'cmake_target_skip_unavailable' from command line to 'False'
[0.360s] Level 5:colcon.colcon_core.verb:set package 'turtlebot3_simulations' build argument 'cmake_clean_cache' from command line to 'False'
[0.360s] Level 5:colcon.colcon_core.verb:set package 'turtlebot3_simulations' build argument 'cmake_clean_first' from command line to 'False'
[0.360s] Level 5:colcon.colcon_core.verb:set package 'turtlebot3_simulations' build argument 'cmake_force_configure' from command line to 'False'
[0.360s] Level 5:colcon.colcon_core.verb:set package 'turtlebot3_simulations' build argument 'ament_cmake_args' from command line to 'None'
[0.360s] Level 5:colcon.colcon_core.verb:set package 'turtlebot3_simulations' build argument 'catkin_cmake_args' from command line to 'None'
[0.360s] Level 5:colcon.colcon_core.verb:set package 'turtlebot3_simulations' build argument 'catkin_skip_building_tests' from command line to 'False'
[0.360s] DEBUG:colcon.colcon_core.verb:Building package 'turtlebot3_simulations' with the following arguments: {'ament_cmake_args': None, 'build_base': '/home/robomaven/ws/tb3_ws/build/turtlebot3_simulations', 'catkin_cmake_args': None, 'catkin_skip_building_tests': False, 'cmake_args': None, 'cmake_clean_cache': False, 'cmake_clean_first': False, 'cmake_force_configure': False, 'cmake_target': None, 'cmake_target_skip_unavailable': False, 'install_base': '/home/robomaven/ws/tb3_ws/install/turtlebot3_simulations', 'merge_install': False, 'path': '/home/robomaven/ws/tb3_ws/src/turtlebot3_simulations', 'symlink_install': False, 'test_result_base': None}
[0.360s] INFO:colcon.colcon_core.executor:Executing jobs using 'parallel' executor
[0.361s] DEBUG:colcon.colcon_parallel_executor.executor.parallel:run_until_complete
[0.361s] INFO:colcon.colcon_ros.task.ament_cmake.build:Building ROS package in '/home/robomaven/ws/tb3_ws/src/turtlebot3_fake_node' with build type 'ament_cmake'
[0.361s] INFO:colcon.colcon_cmake.task.cmake.build:Building CMake package in '/home/robomaven/ws/tb3_ws/src/turtlebot3_fake_node'
[0.364s] INFO:colcon.colcon_core.plugin_system:Skipping extension 'colcon_core.shell.bat': Not used on non-Windows systems
[0.364s] INFO:colcon.colcon_core.shell:Skip shell extension 'powershell' for command environment: Not usable outside of PowerShell
[0.364s] DEBUG:colcon.colcon_core.shell:Skip shell extension 'dsv' for command environment
[0.366s] INFO:colcon.colcon_ros.task.ament_cmake.build:Building ROS package in '/home/robomaven/ws/tb3_ws/src/turtlebot3_gazebo' with build type 'ament_cmake'
[0.366s] INFO:colcon.colcon_cmake.task.cmake.build:Building CMake package in '/home/robomaven/ws/tb3_ws/src/turtlebot3_gazebo'
[0.366s] INFO:colcon.colcon_core.shell:Skip shell extension 'powershell' for command environment: Not usable outside of PowerShell
[0.366s] DEBUG:colcon.colcon_core.shell:Skip shell extension 'dsv' for command environment
[0.370s] DEBUG:colcon.colcon_core.event_handler.log_command:Invoking command in '/home/robomaven/ws/tb3_ws/build/turtlebot3_fake_node': CMAKE_PREFIX_PATH=/opt/ros/humble /usr/bin/cmake /home/robomaven/ws/tb3_ws/src/turtlebot3_fake_node -DCMAKE_INSTALL_PREFIX=/home/robomaven/ws/tb3_ws/install/turtlebot3_fake_node
[0.372s] DEBUG:colcon.colcon_core.event_handler.log_command:Invoking command in '/home/robomaven/ws/tb3_ws/build/turtlebot3_gazebo': CMAKE_PREFIX_PATH=/opt/ros/humble /usr/bin/cmake /home/robomaven/ws/tb3_ws/src/turtlebot3_gazebo -DCMAKE_INSTALL_PREFIX=/home/robomaven/ws/tb3_ws/install/turtlebot3_gazebo
[1.582s] DEBUG:colcon.colcon_core.event_handler.log_command:Invoked command in '/home/robomaven/ws/tb3_ws/build/turtlebot3_fake_node' returned '0': CMAKE_PREFIX_PATH=/opt/ros/humble /usr/bin/cmake /home/robomaven/ws/tb3_ws/src/turtlebot3_fake_node -DCMAKE_INSTALL_PREFIX=/home/robomaven/ws/tb3_ws/install/turtlebot3_fake_node
[1.584s] DEBUG:colcon.colcon_core.event_handler.log_command:Invoking command in '/home/robomaven/ws/tb3_ws/build/turtlebot3_fake_node': CMAKE_PREFIX_PATH=/opt/ros/humble /usr/bin/cmake --build /home/robomaven/ws/tb3_ws/build/turtlebot3_fake_node -- -j20 -l20
[1.941s] DEBUG:colcon.colcon_core.event_handler.log_command:Invoked command in '/home/robomaven/ws/tb3_ws/build/turtlebot3_gazebo' returned '0': CMAKE_PREFIX_PATH=/opt/ros/humble /usr/bin/cmake /home/robomaven/ws/tb3_ws/src/turtlebot3_gazebo -DCMAKE_INSTALL_PREFIX=/home/robomaven/ws/tb3_ws/install/turtlebot3_gazebo
[1.942s] DEBUG:colcon.colcon_core.event_handler.log_command:Invoking command in '/home/robomaven/ws/tb3_ws/build/turtlebot3_gazebo': CMAKE_PREFIX_PATH=/opt/ros/humble /usr/bin/cmake --build /home/robomaven/ws/tb3_ws/build/turtlebot3_gazebo -- -j20 -l20
[8.518s] DEBUG:colcon.colcon_core.event_handler.log_command:Invoked command in '/home/robomaven/ws/tb3_ws/build/turtlebot3_fake_node' returned '0': CMAKE_PREFIX_PATH=/opt/ros/humble /usr/bin/cmake --build /home/robomaven/ws/tb3_ws/build/turtlebot3_fake_node -- -j20 -l20
[8.545s] DEBUG:colcon.colcon_core.event_handler.log_command:Invoking command in '/home/robomaven/ws/tb3_ws/build/turtlebot3_fake_node': CMAKE_PREFIX_PATH=/opt/ros/humble /usr/bin/cmake --install /home/robomaven/ws/tb3_ws/build/turtlebot3_fake_node
[8.556s] Level 1:colcon.colcon_core.environment:create_environment_scripts_only(turtlebot3_fake_node)
[8.557s] DEBUG:colcon.colcon_core.event_handler.log_command:Invoked command in '/home/robomaven/ws/tb3_ws/build/turtlebot3_fake_node' returned '0': CMAKE_PREFIX_PATH=/opt/ros/humble /usr/bin/cmake --install /home/robomaven/ws/tb3_ws/build/turtlebot3_fake_node
[8.561s] Level 1:colcon.colcon_core.environment:checking '/home/robomaven/ws/tb3_ws/install/turtlebot3_fake_node' for CMake module files
[8.562s] Level 1:colcon.colcon_core.environment:checking '/home/robomaven/ws/tb3_ws/install/turtlebot3_fake_node' for CMake config files
[8.562s] Level 1:colcon.colcon_core.shell:create_environment_hook('turtlebot3_fake_node', 'cmake_prefix_path')
[8.562s] INFO:colcon.colcon_core.shell:Creating environment hook '/home/robomaven/ws/tb3_ws/install/turtlebot3_fake_node/share/turtlebot3_fake_node/hook/cmake_prefix_path.ps1'
[8.563s] INFO:colcon.colcon_core.shell:Creating environment descriptor '/home/robomaven/ws/tb3_ws/install/turtlebot3_fake_node/share/turtlebot3_fake_node/hook/cmake_prefix_path.dsv'
[8.563s] INFO:colcon.colcon_core.shell:Creating environment hook '/home/robomaven/ws/tb3_ws/install/turtlebot3_fake_node/share/turtlebot3_fake_node/hook/cmake_prefix_path.sh'
[8.564s] Level 1:colcon.colcon_core.environment:checking '/home/robomaven/ws/tb3_ws/install/turtlebot3_fake_node/lib'
[8.564s] Level 1:colcon.colcon_core.environment:checking '/home/robomaven/ws/tb3_ws/install/turtlebot3_fake_node/bin'
[8.564s] Level 1:colcon.colcon_core.environment:checking '/home/robomaven/ws/tb3_ws/install/turtlebot3_fake_node/lib/pkgconfig/turtlebot3_fake_node.pc'
[8.564s] Level 1:colcon.colcon_core.environment:checking '/home/robomaven/ws/tb3_ws/install/turtlebot3_fake_node/lib/python3.10/site-packages'
[8.564s] Level 1:colcon.colcon_core.environment:checking '/home/robomaven/ws/tb3_ws/install/turtlebot3_fake_node/bin'
[8.564s] INFO:colcon.colcon_core.shell:Creating package script '/home/robomaven/ws/tb3_ws/install/turtlebot3_fake_node/share/turtlebot3_fake_node/package.ps1'
[8.565s] INFO:colcon.colcon_core.shell:Creating package descriptor '/home/robomaven/ws/tb3_ws/install/turtlebot3_fake_node/share/turtlebot3_fake_node/package.dsv'
[8.565s] INFO:colcon.colcon_core.shell:Creating package script '/home/robomaven/ws/tb3_ws/install/turtlebot3_fake_node/share/turtlebot3_fake_node/package.sh'
[8.566s] INFO:colcon.colcon_core.shell:Creating package script '/home/robomaven/ws/tb3_ws/install/turtlebot3_fake_node/share/turtlebot3_fake_node/package.bash'
[8.566s] INFO:colcon.colcon_core.shell:Creating package script '/home/robomaven/ws/tb3_ws/install/turtlebot3_fake_node/share/turtlebot3_fake_node/package.zsh'
[8.567s] Level 1:colcon.colcon_core.environment:create_file_with_runtime_dependencies(/home/robomaven/ws/tb3_ws/install/turtlebot3_fake_node/share/colcon-core/packages/turtlebot3_fake_node)
[8.586s] Level 1:colcon.colcon_core.environment:create_environment_scripts_only(turtlebot3_fake_node)
[8.586s] Level 1:colcon.colcon_core.environment:checking '/home/robomaven/ws/tb3_ws/install/turtlebot3_fake_node' for CMake module files
[8.587s] Level 1:colcon.colcon_core.environment:checking '/home/robomaven/ws/tb3_ws/install/turtlebot3_fake_node' for CMake config files
[8.587s] Level 1:colcon.colcon_core.shell:create_environment_hook('turtlebot3_fake_node', 'cmake_prefix_path')
[8.587s] INFO:colcon.colcon_core.shell:Creating environment hook '/home/robomaven/ws/tb3_ws/install/turtlebot3_fake_node/share/turtlebot3_fake_node/hook/cmake_prefix_path.ps1'
[8.588s] INFO:colcon.colcon_core.shell:Creating environment descriptor '/home/robomaven/ws/tb3_ws/install/turtlebot3_fake_node/share/turtlebot3_fake_node/hook/cmake_prefix_path.dsv'
[8.589s] INFO:colcon.colcon_core.shell:Creating environment hook '/home/robomaven/ws/tb3_ws/install/turtlebot3_fake_node/share/turtlebot3_fake_node/hook/cmake_prefix_path.sh'
[8.589s] Level 1:colcon.colcon_core.environment:checking '/home/robomaven/ws/tb3_ws/install/turtlebot3_fake_node/lib'
[8.589s] Level 1:colcon.colcon_core.environment:checking '/home/robomaven/ws/tb3_ws/install/turtlebot3_fake_node/bin'
[8.589s] Level 1:colcon.colcon_core.environment:checking '/home/robomaven/ws/tb3_ws/install/turtlebot3_fake_node/lib/pkgconfig/turtlebot3_fake_node.pc'
[8.589s] Level 1:colcon.colcon_core.environment:checking '/home/robomaven/ws/tb3_ws/install/turtlebot3_fake_node/lib/python3.10/site-packages'
[8.589s] Level 1:colcon.colcon_core.environment:checking '/home/robomaven/ws/tb3_ws/install/turtlebot3_fake_node/bin'
[8.590s] INFO:colcon.colcon_core.shell:Creating package script '/home/robomaven/ws/tb3_ws/install/turtlebot3_fake_node/share/turtlebot3_fake_node/package.ps1'
[8.590s] INFO:colcon.colcon_core.shell:Creating package descriptor '/home/robomaven/ws/tb3_ws/install/turtlebot3_fake_node/share/turtlebot3_fake_node/package.dsv'
[8.590s] INFO:colcon.colcon_core.shell:Creating package script '/home/robomaven/ws/tb3_ws/install/turtlebot3_fake_node/share/turtlebot3_fake_node/package.sh'
[8.590s] INFO:colcon.colcon_core.shell:Creating package script '/home/robomaven/ws/tb3_ws/install/turtlebot3_fake_node/share/turtlebot3_fake_node/package.bash'
[8.591s] INFO:colcon.colcon_core.shell:Creating package script '/home/robomaven/ws/tb3_ws/install/turtlebot3_fake_node/share/turtlebot3_fake_node/package.zsh'
[8.591s] Level 1:colcon.colcon_core.environment:create_file_with_runtime_dependencies(/home/robomaven/ws/tb3_ws/install/turtlebot3_fake_node/share/colcon-core/packages/turtlebot3_fake_node)
[10.245s] DEBUG:colcon.colcon_core.event_handler.log_command:Invoked command in '/home/robomaven/ws/tb3_ws/build/turtlebot3_gazebo' returned '0': CMAKE_PREFIX_PATH=/opt/ros/humble /usr/bin/cmake --build /home/robomaven/ws/tb3_ws/build/turtlebot3_gazebo -- -j20 -l20
[10.283s] DEBUG:colcon.colcon_core.event_handler.log_command:Invoking command in '/home/robomaven/ws/tb3_ws/build/turtlebot3_gazebo': CMAKE_PREFIX_PATH=/opt/ros/humble /usr/bin/cmake --install /home/robomaven/ws/tb3_ws/build/turtlebot3_gazebo
[10.309s] Level 1:colcon.colcon_core.environment:create_environment_scripts_only(turtlebot3_gazebo)
[10.309s] Level 1:colcon.colcon_core.environment:checking '/home/robomaven/ws/tb3_ws/install/turtlebot3_gazebo' for CMake module files
[10.310s] DEBUG:colcon.colcon_core.event_handler.log_command:Invoked command in '/home/robomaven/ws/tb3_ws/build/turtlebot3_gazebo' returned '0': CMAKE_PREFIX_PATH=/opt/ros/humble /usr/bin/cmake --install /home/robomaven/ws/tb3_ws/build/turtlebot3_gazebo
[10.310s] Level 1:colcon.colcon_core.environment:checking '/home/robomaven/ws/tb3_ws/install/turtlebot3_gazebo' for CMake config files
[10.310s] Level 1:colcon.colcon_core.shell:create_environment_hook('turtlebot3_gazebo', 'cmake_prefix_path')
[10.310s] INFO:colcon.colcon_core.shell:Creating environment hook '/home/robomaven/ws/tb3_ws/install/turtlebot3_gazebo/share/turtlebot3_gazebo/hook/cmake_prefix_path.ps1'
[10.311s] INFO:colcon.colcon_core.shell:Creating environment descriptor '/home/robomaven/ws/tb3_ws/install/turtlebot3_gazebo/share/turtlebot3_gazebo/hook/cmake_prefix_path.dsv'
[10.311s] INFO:colcon.colcon_core.shell:Creating environment hook '/home/robomaven/ws/tb3_ws/install/turtlebot3_gazebo/share/turtlebot3_gazebo/hook/cmake_prefix_path.sh'
[10.311s] Level 1:colcon.colcon_core.environment:checking '/home/robomaven/ws/tb3_ws/install/turtlebot3_gazebo/lib'
[10.311s] Level 1:colcon.colcon_core.environment:checking '/home/robomaven/ws/tb3_ws/install/turtlebot3_gazebo/bin'
[10.311s] Level 1:colcon.colcon_core.environment:checking '/home/robomaven/ws/tb3_ws/install/turtlebot3_gazebo/lib/pkgconfig/turtlebot3_gazebo.pc'
[10.312s] Level 1:colcon.colcon_core.environment:checking '/home/robomaven/ws/tb3_ws/install/turtlebot3_gazebo/lib/python3.10/site-packages'
[10.312s] Level 1:colcon.colcon_core.environment:checking '/home/robomaven/ws/tb3_ws/install/turtlebot3_gazebo/bin'
[10.312s] INFO:colcon.colcon_core.shell:Creating package script '/home/robomaven/ws/tb3_ws/install/turtlebot3_gazebo/share/turtlebot3_gazebo/package.ps1'
[10.312s] INFO:colcon.colcon_core.shell:Creating package descriptor '/home/robomaven/ws/tb3_ws/install/turtlebot3_gazebo/share/turtlebot3_gazebo/package.dsv'
[10.313s] INFO:colcon.colcon_core.shell:Creating package script '/home/robomaven/ws/tb3_ws/install/turtlebot3_gazebo/share/turtlebot3_gazebo/package.sh'
[10.313s] INFO:colcon.colcon_core.shell:Creating package script '/home/robomaven/ws/tb3_ws/install/turtlebot3_gazebo/share/turtlebot3_gazebo/package.bash'
[10.313s] INFO:colcon.colcon_core.shell:Creating package script '/home/robomaven/ws/tb3_ws/install/turtlebot3_gazebo/share/turtlebot3_gazebo/package.zsh'
[10.313s] Level 1:colcon.colcon_core.environment:create_file_with_runtime_dependencies(/home/robomaven/ws/tb3_ws/install/turtlebot3_gazebo/share/colcon-core/packages/turtlebot3_gazebo)
[10.359s] Level 1:colcon.colcon_core.environment:create_environment_scripts_only(turtlebot3_gazebo)
[10.359s] Level 1:colcon.colcon_core.environment:checking '/home/robomaven/ws/tb3_ws/install/turtlebot3_gazebo' for CMake module files
[10.359s] Level 1:colcon.colcon_core.environment:checking '/home/robomaven/ws/tb3_ws/install/turtlebot3_gazebo' for CMake config files
[10.360s] Level 1:colcon.colcon_core.shell:create_environment_hook('turtlebot3_gazebo', 'cmake_prefix_path')
[10.360s] INFO:colcon.colcon_core.shell:Creating environment hook '/home/robomaven/ws/tb3_ws/install/turtlebot3_gazebo/share/turtlebot3_gazebo/hook/cmake_prefix_path.ps1'
[10.361s] INFO:colcon.colcon_core.shell:Creating environment descriptor '/home/robomaven/ws/tb3_ws/install/turtlebot3_gazebo/share/turtlebot3_gazebo/hook/cmake_prefix_path.dsv'
[10.362s] INFO:colcon.colcon_core.shell:Creating environment hook '/home/robomaven/ws/tb3_ws/install/turtlebot3_gazebo/share/turtlebot3_gazebo/hook/cmake_prefix_path.sh'
[10.362s] Level 1:colcon.colcon_core.environment:checking '/home/robomaven/ws/tb3_ws/install/turtlebot3_gazebo/lib'
[10.363s] Level 1:colcon.colcon_core.environment:checking '/home/robomaven/ws/tb3_ws/install/turtlebot3_gazebo/bin'
[10.363s] Level 1:colcon.colcon_core.environment:checking '/home/robomaven/ws/tb3_ws/install/turtlebot3_gazebo/lib/pkgconfig/turtlebot3_gazebo.pc'
[10.363s] Level 1:colcon.colcon_core.environment:checking '/home/robomaven/ws/tb3_ws/install/turtlebot3_gazebo/lib/python3.10/site-packages'
[10.363s] Level 1:colcon.colcon_core.environment:checking '/home/robomaven/ws/tb3_ws/install/turtlebot3_gazebo/bin'
[10.364s] INFO:colcon.colcon_core.shell:Creating package script '/home/robomaven/ws/tb3_ws/install/turtlebot3_gazebo/share/turtlebot3_gazebo/package.ps1'
[10.364s] INFO:colcon.colcon_core.shell:Creating package descriptor '/home/robomaven/ws/tb3_ws/install/turtlebot3_gazebo/share/turtlebot3_gazebo/package.dsv'
[10.365s] INFO:colcon.colcon_core.shell:Creating package script '/home/robomaven/ws/tb3_ws/install/turtlebot3_gazebo/share/turtlebot3_gazebo/package.sh'
[10.365s] INFO:colcon.colcon_core.shell:Creating package script '/home/robomaven/ws/tb3_ws/install/turtlebot3_gazebo/share/turtlebot3_gazebo/package.bash'
[10.366s] INFO:colcon.colcon_core.shell:Creating package script '/home/robomaven/ws/tb3_ws/install/turtlebot3_gazebo/share/turtlebot3_gazebo/package.zsh'
[10.366s] Level 1:colcon.colcon_core.environment:create_file_with_runtime_dependencies(/home/robomaven/ws/tb3_ws/install/turtlebot3_gazebo/share/colcon-core/packages/turtlebot3_gazebo)
[10.366s] INFO:colcon.colcon_ros.task.ament_cmake.build:Building ROS package in '/home/robomaven/ws/tb3_ws/src/turtlebot3_simulations' with build type 'ament_cmake'
[10.367s] INFO:colcon.colcon_cmake.task.cmake.build:Building CMake package in '/home/robomaven/ws/tb3_ws/src/turtlebot3_simulations'
[10.367s] INFO:colcon.colcon_core.shell:Skip shell extension 'powershell' for command environment: Not usable outside of PowerShell
[10.367s] DEBUG:colcon.colcon_core.shell:Skip shell extension 'dsv' for command environment
[10.378s] DEBUG:colcon.colcon_core.event_handler.log_command:Invoking command in '/home/robomaven/ws/tb3_ws/build/turtlebot3_simulations': AMENT_PREFIX_PATH=/home/robomaven/ws/tb3_ws/install/turtlebot3_gazebo:/home/robomaven/ws/tb3_ws/install/turtlebot3_fake_node:${AMENT_PREFIX_PATH} CMAKE_PREFIX_PATH=/home/robomaven/ws/tb3_ws/install/turtlebot3_gazebo:/home/robomaven/ws/tb3_ws/install/turtlebot3_fake_node:/opt/ros/humble /usr/bin/cmake /home/robomaven/ws/tb3_ws/src/turtlebot3_simulations -DCMAKE_INSTALL_PREFIX=/home/robomaven/ws/tb3_ws/install/turtlebot3_simulations
[10.852s] DEBUG:colcon.colcon_core.event_handler.log_command:Invoked command in '/home/robomaven/ws/tb3_ws/build/turtlebot3_simulations' returned '0': AMENT_PREFIX_PATH=/home/robomaven/ws/tb3_ws/install/turtlebot3_gazebo:/home/robomaven/ws/tb3_ws/install/turtlebot3_fake_node:${AMENT_PREFIX_PATH} CMAKE_PREFIX_PATH=/home/robomaven/ws/tb3_ws/install/turtlebot3_gazebo:/home/robomaven/ws/tb3_ws/install/turtlebot3_fake_node:/opt/ros/humble /usr/bin/cmake /home/robomaven/ws/tb3_ws/src/turtlebot3_simulations -DCMAKE_INSTALL_PREFIX=/home/robomaven/ws/tb3_ws/install/turtlebot3_simulations
[10.853s] DEBUG:colcon.colcon_core.event_handler.log_command:Invoking command in '/home/robomaven/ws/tb3_ws/build/turtlebot3_simulations': AMENT_PREFIX_PATH=/home/robomaven/ws/tb3_ws/install/turtlebot3_gazebo:/home/robomaven/ws/tb3_ws/install/turtlebot3_fake_node:${AMENT_PREFIX_PATH} CMAKE_PREFIX_PATH=/home/robomaven/ws/tb3_ws/install/turtlebot3_gazebo:/home/robomaven/ws/tb3_ws/install/turtlebot3_fake_node:/opt/ros/humble /usr/bin/cmake --build /home/robomaven/ws/tb3_ws/build/turtlebot3_simulations -- -j20 -l20
[10.879s] DEBUG:colcon.colcon_core.event_handler.log_command:Invoked command in '/home/robomaven/ws/tb3_ws/build/turtlebot3_simulations' returned '0': AMENT_PREFIX_PATH=/home/robomaven/ws/tb3_ws/install/turtlebot3_gazebo:/home/robomaven/ws/tb3_ws/install/turtlebot3_fake_node:${AMENT_PREFIX_PATH} CMAKE_PREFIX_PATH=/home/robomaven/ws/tb3_ws/install/turtlebot3_gazebo:/home/robomaven/ws/tb3_ws/install/turtlebot3_fake_node:/opt/ros/humble /usr/bin/cmake --build /home/robomaven/ws/tb3_ws/build/turtlebot3_simulations -- -j20 -l20
[10.900s] DEBUG:colcon.colcon_core.event_handler.log_command:Invoking command in '/home/robomaven/ws/tb3_ws/build/turtlebot3_simulations': AMENT_PREFIX_PATH=/home/robomaven/ws/tb3_ws/install/turtlebot3_gazebo:/home/robomaven/ws/tb3_ws/install/turtlebot3_fake_node:${AMENT_PREFIX_PATH} CMAKE_PREFIX_PATH=/home/robomaven/ws/tb3_ws/install/turtlebot3_gazebo:/home/robomaven/ws/tb3_ws/install/turtlebot3_fake_node:/opt/ros/humble /usr/bin/cmake --install /home/robomaven/ws/tb3_ws/build/turtlebot3_simulations
[10.911s] Level 1:colcon.colcon_core.environment:create_environment_scripts_only(turtlebot3_simulations)
[10.911s] DEBUG:colcon.colcon_core.event_handler.log_command:Invoked command in '/home/robomaven/ws/tb3_ws/build/turtlebot3_simulations' returned '0': AMENT_PREFIX_PATH=/home/robomaven/ws/tb3_ws/install/turtlebot3_gazebo:/home/robomaven/ws/tb3_ws/install/turtlebot3_fake_node:${AMENT_PREFIX_PATH} CMAKE_PREFIX_PATH=/home/robomaven/ws/tb3_ws/install/turtlebot3_gazebo:/home/robomaven/ws/tb3_ws/install/turtlebot3_fake_node:/opt/ros/humble /usr/bin/cmake --install /home/robomaven/ws/tb3_ws/build/turtlebot3_simulations
[10.911s] Level 1:colcon.colcon_core.environment:checking '/home/robomaven/ws/tb3_ws/install/turtlebot3_simulations' for CMake module files
[10.912s] Level 1:colcon.colcon_core.environment:checking '/home/robomaven/ws/tb3_ws/install/turtlebot3_simulations' for CMake config files
[10.912s] Level 1:colcon.colcon_core.shell:create_environment_hook('turtlebot3_simulations', 'cmake_prefix_path')
[10.912s] INFO:colcon.colcon_core.shell:Creating environment hook '/home/robomaven/ws/tb3_ws/install/turtlebot3_simulations/share/turtlebot3_simulations/hook/cmake_prefix_path.ps1'
[10.912s] INFO:colcon.colcon_core.shell:Creating environment descriptor '/home/robomaven/ws/tb3_ws/install/turtlebot3_simulations/share/turtlebot3_simulations/hook/cmake_prefix_path.dsv'
[10.913s] INFO:colcon.colcon_core.shell:Creating environment hook '/home/robomaven/ws/tb3_ws/install/turtlebot3_simulations/share/turtlebot3_simulations/hook/cmake_prefix_path.sh'
[10.913s] Level 1:colcon.colcon_core.environment:checking '/home/robomaven/ws/tb3_ws/install/turtlebot3_simulations/bin'
[10.913s] Level 1:colcon.colcon_core.environment:checking '/home/robomaven/ws/tb3_ws/install/turtlebot3_simulations/lib/pkgconfig/turtlebot3_simulations.pc'
[10.913s] Level 1:colcon.colcon_core.environment:checking '/home/robomaven/ws/tb3_ws/install/turtlebot3_simulations/lib/python3.10/site-packages'
[10.913s] Level 1:colcon.colcon_core.environment:checking '/home/robomaven/ws/tb3_ws/install/turtlebot3_simulations/bin'
[10.913s] INFO:colcon.colcon_core.shell:Creating package script '/home/robomaven/ws/tb3_ws/install/turtlebot3_simulations/share/turtlebot3_simulations/package.ps1'
[10.914s] INFO:colcon.colcon_core.shell:Creating package descriptor '/home/robomaven/ws/tb3_ws/install/turtlebot3_simulations/share/turtlebot3_simulations/package.dsv'
[10.914s] INFO:colcon.colcon_core.shell:Creating package script '/home/robomaven/ws/tb3_ws/install/turtlebot3_simulations/share/turtlebot3_simulations/package.sh'
[10.914s] INFO:colcon.colcon_core.shell:Creating package script '/home/robomaven/ws/tb3_ws/install/turtlebot3_simulations/share/turtlebot3_simulations/package.bash'
[10.914s] INFO:colcon.colcon_core.shell:Creating package script '/home/robomaven/ws/tb3_ws/install/turtlebot3_simulations/share/turtlebot3_simulations/package.zsh'
[10.915s] Level 1:colcon.colcon_core.environment:create_file_with_runtime_dependencies(/home/robomaven/ws/tb3_ws/install/turtlebot3_simulations/share/colcon-core/packages/turtlebot3_simulations)
[10.937s] Level 1:colcon.colcon_core.environment:create_environment_scripts_only(turtlebot3_simulations)
[10.938s] Level 1:colcon.colcon_core.environment:checking '/home/robomaven/ws/tb3_ws/install/turtlebot3_simulations' for CMake module files
[10.938s] Level 1:colcon.colcon_core.environment:checking '/home/robomaven/ws/tb3_ws/install/turtlebot3_simulations' for CMake config files
[10.938s] Level 1:colcon.colcon_core.shell:create_environment_hook('turtlebot3_simulations', 'cmake_prefix_path')
[10.939s] INFO:colcon.colcon_core.shell:Creating environment hook '/home/robomaven/ws/tb3_ws/install/turtlebot3_simulations/share/turtlebot3_simulations/hook/cmake_prefix_path.ps1'
[10.939s] INFO:colcon.colcon_core.shell:Creating environment descriptor '/home/robomaven/ws/tb3_ws/install/turtlebot3_simulations/share/turtlebot3_simulations/hook/cmake_prefix_path.dsv'
[10.940s] INFO:colcon.colcon_core.shell:Creating environment hook '/home/robomaven/ws/tb3_ws/install/turtlebot3_simulations/share/turtlebot3_simulations/hook/cmake_prefix_path.sh'
[10.940s] Level 1:colcon.colcon_core.environment:checking '/home/robomaven/ws/tb3_ws/install/turtlebot3_simulations/bin'
[10.940s] Level 1:colcon.colcon_core.environment:checking '/home/robomaven/ws/tb3_ws/install/turtlebot3_simulations/lib/pkgconfig/turtlebot3_simulations.pc'
[10.941s] Level 1:colcon.colcon_core.environment:checking '/home/robomaven/ws/tb3_ws/install/turtlebot3_simulations/lib/python3.10/site-packages'
[10.941s] Level 1:colcon.colcon_core.environment:checking '/home/robomaven/ws/tb3_ws/install/turtlebot3_simulations/bin'
[10.942s] INFO:colcon.colcon_core.shell:Creating package script '/home/robomaven/ws/tb3_ws/install/turtlebot3_simulations/share/turtlebot3_simulations/package.ps1'
[10.942s] INFO:colcon.colcon_core.shell:Creating package descriptor '/home/robomaven/ws/tb3_ws/install/turtlebot3_simulations/share/turtlebot3_simulations/package.dsv'
[10.943s] INFO:colcon.colcon_core.shell:Creating package script '/home/robomaven/ws/tb3_ws/install/turtlebot3_simulations/share/turtlebot3_simulations/package.sh'
[10.944s] INFO:colcon.colcon_core.shell:Creating package script '/home/robomaven/ws/tb3_ws/install/turtlebot3_simulations/share/turtlebot3_simulations/package.bash'
[10.945s] INFO:colcon.colcon_core.shell:Creating package script '/home/robomaven/ws/tb3_ws/install/turtlebot3_simulations/share/turtlebot3_simulations/package.zsh'
[10.946s] Level 1:colcon.colcon_core.environment:create_file_with_runtime_dependencies(/home/robomaven/ws/tb3_ws/install/turtlebot3_simulations/share/colcon-core/packages/turtlebot3_simulations)
[10.946s] DEBUG:colcon.colcon_parallel_executor.executor.parallel:closing loop
[10.946s] DEBUG:colcon.colcon_parallel_executor.executor.parallel:loop closed
[10.946s] DEBUG:colcon.colcon_parallel_executor.executor.parallel:run_until_complete finished with '0'
[10.946s] DEBUG:colcon.colcon_core.event_reactor:joining thread
[10.955s] INFO:colcon.colcon_core.plugin_system:Skipping extension 'colcon_notification.desktop_notification.terminal_notifier': Not used on non-Darwin systems
[10.955s] INFO:colcon.colcon_core.plugin_system:Skipping extension 'colcon_notification.desktop_notification.win32': Not used on non-Windows systems
[10.955s] INFO:colcon.colcon_notification.desktop_notification:Sending desktop notification using 'notify2'
[10.978s] DEBUG:colcon.colcon_core.event_reactor:joined thread
[10.979s] INFO:colcon.colcon_core.shell:Creating prefix script '/home/robomaven/ws/tb3_ws/install/local_setup.ps1'
[10.980s] INFO:colcon.colcon_core.shell:Creating prefix util module '/home/robomaven/ws/tb3_ws/install/_local_setup_util_ps1.py'
[10.981s] INFO:colcon.colcon_core.shell:Creating prefix chain script '/home/robomaven/ws/tb3_ws/install/setup.ps1'
[10.982s] INFO:colcon.colcon_core.shell:Creating prefix script '/home/robomaven/ws/tb3_ws/install/local_setup.sh'
[10.983s] INFO:colcon.colcon_core.shell:Creating prefix util module '/home/robomaven/ws/tb3_ws/install/_local_setup_util_sh.py'
[10.983s] INFO:colcon.colcon_core.shell:Creating prefix chain script '/home/robomaven/ws/tb3_ws/install/setup.sh'
[10.984s] INFO:colcon.colcon_core.shell:Creating prefix script '/home/robomaven/ws/tb3_ws/install/local_setup.bash'
[10.984s] INFO:colcon.colcon_core.shell:Creating prefix chain script '/home/robomaven/ws/tb3_ws/install/setup.bash'
[10.985s] INFO:colcon.colcon_core.shell:Creating prefix script '/home/robomaven/ws/tb3_ws/install/local_setup.zsh'
[10.986s] INFO:colcon.colcon_core.shell:Creating prefix chain script '/home/robomaven/ws/tb3_ws/install/setup.zsh'
