[0.455s] Invoking command in '/home/robomaven/ws/ws_moveit2/launch_param_builder': PYTHONPATH=/home/robomaven/ws/ws_moveit2/build/launch_param_builder/prefix_override:/home/robomaven/ws/ws_moveit2/install/launch_param_builder/lib/python3.10/site-packages:${PYTHONPATH} /usr/bin/python3 -W ignore:setup.py install is deprecated setup.py egg_info --egg-base ../build/launch_param_builder build --build-base /home/robomaven/ws/ws_moveit2/build/launch_param_builder/build install --record /home/robomaven/ws/ws_moveit2/build/launch_param_builder/install.log --single-version-externally-managed install_data
[0.609s] running egg_info
[0.609s] creating ../build/launch_param_builder/launch_param_builder.egg-info
[0.610s] writing ../build/launch_param_builder/launch_param_builder.egg-info/PKG-INFO
[0.610s] writing dependency_links to ../build/launch_param_builder/launch_param_builder.egg-info/dependency_links.txt
[0.610s] writing entry points to ../build/launch_param_builder/launch_param_builder.egg-info/entry_points.txt
[0.610s] writing requirements to ../build/launch_param_builder/launch_param_builder.egg-info/requires.txt
[0.610s] writing top-level names to ../build/launch_param_builder/launch_param_builder.egg-info/top_level.txt
[0.610s] writing manifest file '../build/launch_param_builder/launch_param_builder.egg-info/SOURCES.txt'
[0.611s] reading manifest file '../build/launch_param_builder/launch_param_builder.egg-info/SOURCES.txt'
[0.611s] adding license file 'LICENSE'
[0.612s] writing manifest file '../build/launch_param_builder/launch_param_builder.egg-info/SOURCES.txt'
[0.612s] running build
[0.612s] running build_py
[0.613s] creating /home/robomaven/ws/ws_moveit2/build/launch_param_builder/build
[0.613s] creating /home/robomaven/ws/ws_moveit2/build/launch_param_builder/build/lib
[0.613s] creating /home/robomaven/ws/ws_moveit2/build/launch_param_builder/build/lib/launch_param_builder
[0.613s] copying launch_param_builder/utils.py -> /home/robomaven/ws/ws_moveit2/build/launch_param_builder/build/lib/launch_param_builder
[0.613s] copying launch_param_builder/launch_param_builder.py -> /home/robomaven/ws/ws_moveit2/build/launch_param_builder/build/lib/launch_param_builder
[0.613s] copying launch_param_builder/__init__.py -> /home/robomaven/ws/ws_moveit2/build/launch_param_builder/build/lib/launch_param_builder
[0.613s] running install
[0.613s] running install_lib
[0.613s] creating /home/robomaven/ws/ws_moveit2/install/launch_param_builder/lib/python3.10/site-packages/launch_param_builder
[0.614s] copying /home/robomaven/ws/ws_moveit2/build/launch_param_builder/build/lib/launch_param_builder/utils.py -> /home/robomaven/ws/ws_moveit2/install/launch_param_builder/lib/python3.10/site-packages/launch_param_builder
[0.614s] copying /home/robomaven/ws/ws_moveit2/build/launch_param_builder/build/lib/launch_param_builder/launch_param_builder.py -> /home/robomaven/ws/ws_moveit2/install/launch_param_builder/lib/python3.10/site-packages/launch_param_builder
[0.614s] copying /home/robomaven/ws/ws_moveit2/build/launch_param_builder/build/lib/launch_param_builder/__init__.py -> /home/robomaven/ws/ws_moveit2/install/launch_param_builder/lib/python3.10/site-packages/launch_param_builder
[0.614s] byte-compiling /home/robomaven/ws/ws_moveit2/install/launch_param_builder/lib/python3.10/site-packages/launch_param_builder/utils.py to utils.cpython-310.pyc
[0.614s] byte-compiling /home/robomaven/ws/ws_moveit2/install/launch_param_builder/lib/python3.10/site-packages/launch_param_builder/launch_param_builder.py to launch_param_builder.cpython-310.pyc
[0.614s] byte-compiling /home/robomaven/ws/ws_moveit2/install/launch_param_builder/lib/python3.10/site-packages/launch_param_builder/__init__.py to __init__.cpython-310.pyc
[0.614s] running install_data
[0.615s] creating /home/robomaven/ws/ws_moveit2/install/launch_param_builder/share/ament_index
[0.615s] creating /home/robomaven/ws/ws_moveit2/install/launch_param_builder/share/ament_index/resource_index
[0.615s] creating /home/robomaven/ws/ws_moveit2/install/launch_param_builder/share/ament_index/resource_index/packages
[0.615s] copying resource/launch_param_builder -> /home/robomaven/ws/ws_moveit2/install/launch_param_builder/share/ament_index/resource_index/packages
[0.615s] creating /home/robomaven/ws/ws_moveit2/install/launch_param_builder/share/launch_param_builder/launch
[0.615s] copying example/launch_param_builder_example.launch.py -> /home/robomaven/ws/ws_moveit2/install/launch_param_builder/share/launch_param_builder/launch
[0.615s] creating /home/robomaven/ws/ws_moveit2/install/launch_param_builder/share/launch_param_builder/config
[0.615s] copying test/data/parameter_file -> /home/robomaven/ws/ws_moveit2/install/launch_param_builder/share/launch_param_builder/config
[0.615s] copying test/data/parameters_injection.yaml -> /home/robomaven/ws/ws_moveit2/install/launch_param_builder/share/launch_param_builder/config
[0.615s] copying test/data/parameters.yaml -> /home/robomaven/ws/ws_moveit2/install/launch_param_builder/share/launch_param_builder/config
[0.615s] copying test/data/parameter.xacro -> /home/robomaven/ws/ws_moveit2/install/launch_param_builder/share/launch_param_builder/config
[0.615s] copying test/data/param_file_to_inject.yaml -> /home/robomaven/ws/ws_moveit2/install/launch_param_builder/share/launch_param_builder/config
[0.616s] copying package.xml -> /home/robomaven/ws/ws_moveit2/install/launch_param_builder/share/launch_param_builder
[0.616s] creating /home/robomaven/ws/ws_moveit2/install/launch_param_builder/lib/launch_param_builder
[0.616s] copying example/example_node.py -> /home/robomaven/ws/ws_moveit2/install/launch_param_builder/lib/launch_param_builder
[0.616s] running install_egg_info
[0.616s] Copying ../build/launch_param_builder/launch_param_builder.egg-info to /home/robomaven/ws/ws_moveit2/install/launch_param_builder/lib/python3.10/site-packages/launch_param_builder-0.1.1-py3.10.egg-info
[0.616s] running install_scripts
[0.632s] writing list of installed files to '/home/robomaven/ws/ws_moveit2/build/launch_param_builder/install.log'
[0.653s] Invoked command in '/home/robomaven/ws/ws_moveit2/launch_param_builder' returned '0': PYTHONPATH=/home/robomaven/ws/ws_moveit2/build/launch_param_builder/prefix_override:/home/robomaven/ws/ws_moveit2/install/launch_param_builder/lib/python3.10/site-packages:${PYTHONPATH} /usr/bin/python3 -W ignore:setup.py install is deprecated setup.py egg_info --egg-base ../build/launch_param_builder build --build-base /home/robomaven/ws/ws_moveit2/build/launch_param_builder/build install --record /home/robomaven/ws/ws_moveit2/build/launch_param_builder/install.log --single-version-externally-managed install_data
