[0.019s] Invoking command in '/home/robomaven/ws/ws_moveit2/build/moveit_ros_perception': AMENT_PREFIX_PATH=/home/robomaven/ws/ws_moveit2/install/moveit_ros_planning:/home/robomaven/ws/ws_moveit2/install/moveit_ros_occupancy_map_monitor:/home/robomaven/ws/ws_moveit2/install/moveit_core:/home/robomaven/ws/ws_moveit2/install/srdfdom:/home/robomaven/ws/ws_moveit2/install/moveit_common:${AMENT_PREFIX_PATH} CMAKE_PREFIX_PATH=/home/robomaven/ws/ws_moveit2/install/moveit_ros_planning:/home/robomaven/ws/ws_moveit2/install/moveit_ros_occupancy_map_monitor:/home/robomaven/ws/ws_moveit2/install/moveit_core:/home/robomaven/ws/ws_moveit2/install/srdfdom:/home/robomaven/ws/ws_moveit2/install/moveit_common:/opt/ros/humble LD_LIBRARY_PATH=/home/robomaven/ws/ws_moveit2/install/moveit_ros_planning/lib:/home/robomaven/ws/ws_moveit2/install/moveit_ros_occupancy_map_monitor/lib:/home/robomaven/ws/ws_moveit2/install/moveit_core/lib:/home/robomaven/ws/ws_moveit2/install/srdfdom/lib:/usr/lib/x86_64-linux-gnu/gazebo-11/plugins:/opt/ros/humble/opt/rviz_ogre_vendor/lib:/opt/ros/humble/lib/x86_64-linux-gnu:/opt/ros/humble/lib:/usr/share/gazebo/../../lib/x86_64-linux-gnu/gazebo-11/plugins PATH=/home/robomaven/ws/ws_moveit2/install/moveit_core/bin:${PATH} PYTHONPATH=/home/robomaven/ws/ws_moveit2/install/srdfdom/local/lib/python3.10/dist-packages:${PYTHONPATH} /usr/bin/cmake /home/robomaven/ws/ws_moveit2/moveit2/moveit_ros/perception -DCMAKE_BUILD_TYPE=Release -DCMAKE_INSTALL_PREFIX=/home/robomaven/ws/ws_moveit2/install/moveit_ros_perception
[0.052s] -- The C compiler identification is GNU 11.4.0
[0.089s] -- The CXX compiler identification is GNU 11.4.0
[0.094s] -- Detecting C compiler ABI info
[0.136s] -- Detecting C compiler ABI info - done
[0.145s] -- Check for working C compiler: /usr/bin/cc - skipped
[0.146s] -- Detecting C compile features
[0.146s] -- Detecting C compile features - done
[0.148s] -- Detecting CXX compiler ABI info
[0.196s] -- Detecting CXX compiler ABI info - done
[0.202s] -- Check for working CXX compiler: /usr/bin/c++ - skipped
[0.202s] -- Detecting CXX compile features
[0.202s] -- Detecting CXX compile features - done
[0.203s] -- Found moveit_common: 2.5.5 (/home/robomaven/ws/ws_moveit2/install/moveit_common/share/moveit_common/cmake)
[0.205s] -- Found ament_cmake: 1.3.9 (/opt/ros/humble/share/ament_cmake/cmake)
[0.308s] -- Found Python3: /usr/bin/python3 (found version "3.10.12") found components: Interpreter 
[0.421s] -- Found libdw: /usr/lib/x86_64-linux-gnu/libdw.so  
[0.425s] -- Could NOT find libbfd (missing: LIBBFD_LIBRARY LIBBFD_INCLUDE_DIR) 
[0.425s] -- BACKWARD_HAS_UNWIND=1
[0.425s] -- BACKWARD_HAS_BACKTRACE=0
[0.425s] -- BACKWARD_HAS_BACKTRACE_SYMBOL=0
[0.425s] -- BACKWARD_HAS_DW=1
[0.426s] -- BACKWARD_HAS_BFD=0
[0.426s] -- Found Backward: /opt/ros/humble/share/backward_ros/cmake  
[0.440s] -- Found OpenGL: /usr/lib/x86_64-linux-gnu/libOpenGL.so   
[0.467s] -- Found GLEW: /usr/include (found version "2.2.0") 
[0.471s] -- Found PkgConfig: /usr/bin/pkg-config (found version "0.29.2") 
[0.471s] -- Checking for module 'glut'
[0.473s] --   No package 'glut' found
[0.475s] -- Found GLUT: /usr/lib/x86_64-linux-gnu/libglut.so  
[0.477s] -- Found cv_bridge: 3.2.1 (/opt/ros/humble/share/cv_bridge/cmake)
[0.507s] -- Found rosidl_generator_c: 3.1.5 (/opt/ros/humble/share/rosidl_generator_c/cmake)
[0.511s] -- Found rosidl_adapter: 3.1.5 (/opt/ros/humble/share/rosidl_adapter/cmake)
[0.517s] -- Found rosidl_generator_cpp: 3.1.5 (/opt/ros/humble/share/rosidl_generator_cpp/cmake)
[0.529s] -- Using all available rosidl_typesupport_c: rosidl_typesupport_fastrtps_c;rosidl_typesupport_introspection_c
[0.543s] -- Using all available rosidl_typesupport_cpp: rosidl_typesupport_fastrtps_cpp;rosidl_typesupport_introspection_cpp
[0.700s] -- Found moveit_core: 2.5.5 (/home/robomaven/ws/ws_moveit2/install/moveit_core/share/moveit_core/cmake)
[0.851s] -- Found Boost: /usr/lib/x86_64-linux-gnu/cmake/Boost-1.74.0/BoostConfig.cmake (found version "1.74.0") found components: chrono date_time filesystem iostreams program_options regex serialization system thread 
[0.884s] -- Found parameter_traits: 0.3.8 (/opt/ros/humble/share/parameter_traits/cmake)
[0.928s] -- Found rmw_implementation_cmake: 6.1.2 (/opt/ros/humble/share/rmw_implementation_cmake/cmake)
[0.931s] -- Found rmw_cyclonedds_cpp: 1.3.4 (/opt/ros/humble/share/rmw_cyclonedds_cpp/cmake)
[0.954s] -- Using RMW implementation 'rmw_cyclonedds_cpp' as default
[0.961s] -- Found Threads: TRUE  
[1.065s] -- Found Eigen3: TRUE (found version "3.4.0") 
[1.067s] -- Found rclcpp_lifecycle: 16.0.9 (/opt/ros/humble/share/rclcpp_lifecycle/cmake)
[1.100s] -- Found Boost: /usr/lib/x86_64-linux-gnu/cmake/Boost-1.74.0/BoostConfig.cmake (found version "1.74.0") found components: filesystem 
[1.158s] -- library: /usr/lib/x86_64-linux-gnu/libcurl.so
[1.307s] -- Ensuring Eigen3 include directory is part of orocos-kdl CMake target
[2.063s] -- Found image_transport: 3.1.9 (/opt/ros/humble/share/image_transport/cmake)
[2.072s] -- Found moveit_ros_occupancy_map_monitor: 2.5.5 (/home/robomaven/ws/ws_moveit2/install/moveit_ros_occupancy_map_monitor/share/moveit_ros_occupancy_map_monitor/cmake)
[2.421s] -- Found OpenMP_C: -fopenmp (found version "4.5") 
[2.498s] -- Found OpenMP_CXX: -fopenmp (found version "4.5") 
[2.498s] -- Found OpenMP: TRUE (found version "4.5")  
[2.502s] -- Found OpenCV: /usr (found version "4.5.4") 
[2.505s] -- Found Boost: /usr/lib/x86_64-linux-gnu/cmake/Boost-1.74.0/BoostConfig.cmake (found version "1.74.0") found components: thread 
[2.519s] -- Performing Test COMPILER_HAS_HIDDEN_VISIBILITY
[2.590s] -- Performing Test COMPILER_HAS_HIDDEN_VISIBILITY - Success
[2.591s] -- Performing Test COMPILER_HAS_HIDDEN_INLINE_VISIBILITY
[2.710s] -- Performing Test COMPILER_HAS_HIDDEN_INLINE_VISIBILITY - Success
[2.710s] -- Performing Test COMPILER_HAS_DEPRECATED_ATTR
[2.858s] -- Performing Test COMPILER_HAS_DEPRECATED_ATTR - Success
[2.904s] -- Found ament_lint_auto: 0.12.11 (/opt/ros/humble/share/ament_lint_auto/cmake)
[2.935s] -- Added test 'cppcheck' to perform static code analysis on C / C++ code
[2.935s] -- Configured cppcheck include dirs: /home/robomaven/ws/ws_moveit2/moveit2/moveit_ros/perception/depth_image_octomap_updater/include;/home/robomaven/ws/ws_moveit2/moveit2/moveit_ros/perception/lazy_free_space_updater/include;/home/robomaven/ws/ws_moveit2/moveit2/moveit_ros/perception/mesh_filter/include;/home/robomaven/ws/ws_moveit2/moveit2/moveit_ros/perception/point_containment_filter/include;/home/robomaven/ws/ws_moveit2/moveit2/moveit_ros/perception/pointcloud_octomap_updater/include;/home/robomaven/ws/ws_moveit2/moveit2/moveit_ros/perception/semantic_world/include
[2.935s] -- Configured cppcheck exclude dirs and/or files: 
[2.938s] -- Added test 'lint_cmake' to check CMake code style
[2.939s] -- Added test 'xmllint' to check XML markup files
[2.942s] -- Configuring done
[3.125s] -- Generating done
[3.129s] -- Build files have been written to: /home/robomaven/ws/ws_moveit2/build/moveit_ros_perception
[3.183s] Invoked command in '/home/robomaven/ws/ws_moveit2/build/moveit_ros_perception' returned '0': AMENT_PREFIX_PATH=/home/robomaven/ws/ws_moveit2/install/moveit_ros_planning:/home/robomaven/ws/ws_moveit2/install/moveit_ros_occupancy_map_monitor:/home/robomaven/ws/ws_moveit2/install/moveit_core:/home/robomaven/ws/ws_moveit2/install/srdfdom:/home/robomaven/ws/ws_moveit2/install/moveit_common:${AMENT_PREFIX_PATH} CMAKE_PREFIX_PATH=/home/robomaven/ws/ws_moveit2/install/moveit_ros_planning:/home/robomaven/ws/ws_moveit2/install/moveit_ros_occupancy_map_monitor:/home/robomaven/ws/ws_moveit2/install/moveit_core:/home/robomaven/ws/ws_moveit2/install/srdfdom:/home/robomaven/ws/ws_moveit2/install/moveit_common:/opt/ros/humble LD_LIBRARY_PATH=/home/robomaven/ws/ws_moveit2/install/moveit_ros_planning/lib:/home/robomaven/ws/ws_moveit2/install/moveit_ros_occupancy_map_monitor/lib:/home/robomaven/ws/ws_moveit2/install/moveit_core/lib:/home/robomaven/ws/ws_moveit2/install/srdfdom/lib:/usr/lib/x86_64-linux-gnu/gazebo-11/plugins:/opt/ros/humble/opt/rviz_ogre_vendor/lib:/opt/ros/humble/lib/x86_64-linux-gnu:/opt/ros/humble/lib:/usr/share/gazebo/../../lib/x86_64-linux-gnu/gazebo-11/plugins PATH=/home/robomaven/ws/ws_moveit2/install/moveit_core/bin:${PATH} PYTHONPATH=/home/robomaven/ws/ws_moveit2/install/srdfdom/local/lib/python3.10/dist-packages:${PYTHONPATH} /usr/bin/cmake /home/robomaven/ws/ws_moveit2/moveit2/moveit_ros/perception -DCMAKE_BUILD_TYPE=Release -DCMAKE_INSTALL_PREFIX=/home/robomaven/ws/ws_moveit2/install/moveit_ros_perception
[3.184s] Invoking command in '/home/robomaven/ws/ws_moveit2/build/moveit_ros_perception': AMENT_PREFIX_PATH=/home/robomaven/ws/ws_moveit2/install/moveit_ros_planning:/home/robomaven/ws/ws_moveit2/install/moveit_ros_occupancy_map_monitor:/home/robomaven/ws/ws_moveit2/install/moveit_core:/home/robomaven/ws/ws_moveit2/install/srdfdom:/home/robomaven/ws/ws_moveit2/install/moveit_common:${AMENT_PREFIX_PATH} CMAKE_PREFIX_PATH=/home/robomaven/ws/ws_moveit2/install/moveit_ros_planning:/home/robomaven/ws/ws_moveit2/install/moveit_ros_occupancy_map_monitor:/home/robomaven/ws/ws_moveit2/install/moveit_core:/home/robomaven/ws/ws_moveit2/install/srdfdom:/home/robomaven/ws/ws_moveit2/install/moveit_common:/opt/ros/humble LD_LIBRARY_PATH=/home/robomaven/ws/ws_moveit2/install/moveit_ros_planning/lib:/home/robomaven/ws/ws_moveit2/install/moveit_ros_occupancy_map_monitor/lib:/home/robomaven/ws/ws_moveit2/install/moveit_core/lib:/home/robomaven/ws/ws_moveit2/install/srdfdom/lib:/usr/lib/x86_64-linux-gnu/gazebo-11/plugins:/opt/ros/humble/opt/rviz_ogre_vendor/lib:/opt/ros/humble/lib/x86_64-linux-gnu:/opt/ros/humble/lib:/usr/share/gazebo/../../lib/x86_64-linux-gnu/gazebo-11/plugins PATH=/home/robomaven/ws/ws_moveit2/install/moveit_core/bin:${PATH} PYTHONPATH=/home/robomaven/ws/ws_moveit2/install/srdfdom/local/lib/python3.10/dist-packages:${PYTHONPATH} /usr/bin/cmake --build /home/robomaven/ws/ws_moveit2/build/moveit_ros_perception -- -j20 -l20
[3.448s] [  5%] [32mBuilding CXX object lazy_free_space_updater/CMakeFiles/moveit_lazy_free_space_updater.dir/src/lazy_free_space_updater.cpp.o[0m
[3.472s] [ 10%] [32mBuilding CXX object semantic_world/CMakeFiles/moveit_semantic_world.dir/src/semantic_world.cpp.o[0m
[3.475s] [ 15%] [32mBuilding CXX object mesh_filter/CMakeFiles/moveit_mesh_filter.dir/src/mesh_filter_base.cpp.o[0m
[3.493s] [ 25%] [32mBuilding CXX object mesh_filter/CMakeFiles/moveit_mesh_filter.dir/src/stereo_camera_model.cpp.o[0m
[3.502s] [ 25%] [32mBuilding CXX object mesh_filter/CMakeFiles/moveit_mesh_filter.dir/src/sensor_model.cpp.o[0m
[3.517s] [ 30%] [32mBuilding CXX object point_containment_filter/CMakeFiles/moveit_point_containment_filter.dir/src/shape_mask.cpp.o[0m
[3.558s] [ 35%] [32mBuilding CXX object mesh_filter/CMakeFiles/moveit_mesh_filter.dir/src/gl_renderer.cpp.o[0m
[3.591s] [ 40%] [32mBuilding CXX object mesh_filter/CMakeFiles/moveit_mesh_filter.dir/src/gl_mesh.cpp.o[0m
[10.090s] [ 45%] [32m[1mLinking CXX shared library libmoveit_lazy_free_space_updater.so[0m
[10.749s] [ 50%] [32m[1mLinking CXX shared library libmoveit_point_containment_filter.so[0m
[10.852s] [ 50%] Built target moveit_lazy_free_space_updater
[11.352s] [ 50%] Built target moveit_point_containment_filter
[11.432s] [ 55%] [32mBuilding CXX object pointcloud_octomap_updater/CMakeFiles/moveit_pointcloud_octomap_updater_core.dir/src/pointcloud_octomap_updater.cpp.o[0m
[17.288s] [ 60%] [32m[1mLinking CXX shared library libmoveit_mesh_filter.so[0m
[19.213s] [ 60%] Built target moveit_mesh_filter
[19.362s] [ 65%] [32mBuilding CXX object depth_image_octomap_updater/CMakeFiles/moveit_depth_image_octomap_updater_core.dir/src/depth_image_octomap_updater.cpp.o[0m
[32.973s] [ 70%] [32m[1mLinking CXX shared library libmoveit_depth_image_octomap_updater_core.so[0m
[33.489s] [ 70%] Built target moveit_depth_image_octomap_updater_core
[81.089s] [ 75%] [32m[1mLinking CXX shared library libmoveit_pointcloud_octomap_updater_core.so[0m
[81.397s] [ 75%] Built target moveit_pointcloud_octomap_updater_core
[87.744s] [ 80%] [32m[1mLinking CXX shared library libmoveit_semantic_world.so[0m
[87.981s] [ 80%] Built target moveit_semantic_world
[87.999s] [ 85%] [32mBuilding CXX object pointcloud_octomap_updater/CMakeFiles/moveit_pointcloud_octomap_updater.dir/src/plugin_init.cpp.o[0m
[91.091s] [ 90%] [32m[1mLinking CXX shared library libmoveit_pointcloud_octomap_updater.so[0m
[91.210s] [ 90%] Built target moveit_pointcloud_octomap_updater
[91.228s] [ 95%] [32mBuilding CXX object depth_image_octomap_updater/CMakeFiles/moveit_depth_image_octomap_updater.dir/src/updater_plugin.cpp.o[0m
[94.111s] [100%] [32m[1mLinking CXX shared library libmoveit_depth_image_octomap_updater.so[0m
[94.228s] [100%] Built target moveit_depth_image_octomap_updater
[94.250s] Invoked command in '/home/robomaven/ws/ws_moveit2/build/moveit_ros_perception' returned '0': AMENT_PREFIX_PATH=/home/robomaven/ws/ws_moveit2/install/moveit_ros_planning:/home/robomaven/ws/ws_moveit2/install/moveit_ros_occupancy_map_monitor:/home/robomaven/ws/ws_moveit2/install/moveit_core:/home/robomaven/ws/ws_moveit2/install/srdfdom:/home/robomaven/ws/ws_moveit2/install/moveit_common:${AMENT_PREFIX_PATH} CMAKE_PREFIX_PATH=/home/robomaven/ws/ws_moveit2/install/moveit_ros_planning:/home/robomaven/ws/ws_moveit2/install/moveit_ros_occupancy_map_monitor:/home/robomaven/ws/ws_moveit2/install/moveit_core:/home/robomaven/ws/ws_moveit2/install/srdfdom:/home/robomaven/ws/ws_moveit2/install/moveit_common:/opt/ros/humble LD_LIBRARY_PATH=/home/robomaven/ws/ws_moveit2/install/moveit_ros_planning/lib:/home/robomaven/ws/ws_moveit2/install/moveit_ros_occupancy_map_monitor/lib:/home/robomaven/ws/ws_moveit2/install/moveit_core/lib:/home/robomaven/ws/ws_moveit2/install/srdfdom/lib:/usr/lib/x86_64-linux-gnu/gazebo-11/plugins:/opt/ros/humble/opt/rviz_ogre_vendor/lib:/opt/ros/humble/lib/x86_64-linux-gnu:/opt/ros/humble/lib:/usr/share/gazebo/../../lib/x86_64-linux-gnu/gazebo-11/plugins PATH=/home/robomaven/ws/ws_moveit2/install/moveit_core/bin:${PATH} PYTHONPATH=/home/robomaven/ws/ws_moveit2/install/srdfdom/local/lib/python3.10/dist-packages:${PYTHONPATH} /usr/bin/cmake --build /home/robomaven/ws/ws_moveit2/build/moveit_ros_perception -- -j20 -l20
[94.268s] Invoking command in '/home/robomaven/ws/ws_moveit2/build/moveit_ros_perception': AMENT_PREFIX_PATH=/home/robomaven/ws/ws_moveit2/install/moveit_ros_planning:/home/robomaven/ws/ws_moveit2/install/moveit_ros_occupancy_map_monitor:/home/robomaven/ws/ws_moveit2/install/moveit_core:/home/robomaven/ws/ws_moveit2/install/srdfdom:/home/robomaven/ws/ws_moveit2/install/moveit_common:${AMENT_PREFIX_PATH} CMAKE_PREFIX_PATH=/home/robomaven/ws/ws_moveit2/install/moveit_ros_planning:/home/robomaven/ws/ws_moveit2/install/moveit_ros_occupancy_map_monitor:/home/robomaven/ws/ws_moveit2/install/moveit_core:/home/robomaven/ws/ws_moveit2/install/srdfdom:/home/robomaven/ws/ws_moveit2/install/moveit_common:/opt/ros/humble LD_LIBRARY_PATH=/home/robomaven/ws/ws_moveit2/install/moveit_ros_planning/lib:/home/robomaven/ws/ws_moveit2/install/moveit_ros_occupancy_map_monitor/lib:/home/robomaven/ws/ws_moveit2/install/moveit_core/lib:/home/robomaven/ws/ws_moveit2/install/srdfdom/lib:/usr/lib/x86_64-linux-gnu/gazebo-11/plugins:/opt/ros/humble/opt/rviz_ogre_vendor/lib:/opt/ros/humble/lib/x86_64-linux-gnu:/opt/ros/humble/lib:/usr/share/gazebo/../../lib/x86_64-linux-gnu/gazebo-11/plugins PATH=/home/robomaven/ws/ws_moveit2/install/moveit_core/bin:${PATH} PYTHONPATH=/home/robomaven/ws/ws_moveit2/install/srdfdom/local/lib/python3.10/dist-packages:${PYTHONPATH} /usr/bin/cmake --install /home/robomaven/ws/ws_moveit2/build/moveit_ros_perception
[94.273s] -- Install configuration: "Release"
[94.273s] -- Installing: /home/robomaven/ws/ws_moveit2/install/moveit_ros_perception/include
[94.273s] -- Installing: /home/robomaven/ws/ws_moveit2/install/moveit_ros_perception/include/moveit
[94.273s] -- Installing: /home/robomaven/ws/ws_moveit2/install/moveit_ros_perception/include/moveit/lazy_free_space_updater
[94.273s] -- Installing: /home/robomaven/ws/ws_moveit2/install/moveit_ros_perception/include/moveit/lazy_free_space_updater/lazy_free_space_updater.h
[94.273s] -- Up-to-date: /home/robomaven/ws/ws_moveit2/install/moveit_ros_perception/include
[94.273s] -- Up-to-date: /home/robomaven/ws/ws_moveit2/install/moveit_ros_perception/include/moveit
[94.273s] -- Installing: /home/robomaven/ws/ws_moveit2/install/moveit_ros_perception/include/moveit/point_containment_filter
[94.274s] -- Installing: /home/robomaven/ws/ws_moveit2/install/moveit_ros_perception/include/moveit/point_containment_filter/shape_mask.h
[94.274s] -- Up-to-date: /home/robomaven/ws/ws_moveit2/install/moveit_ros_perception/include
[94.274s] -- Up-to-date: /home/robomaven/ws/ws_moveit2/install/moveit_ros_perception/include/moveit
[94.274s] -- Installing: /home/robomaven/ws/ws_moveit2/install/moveit_ros_perception/include/moveit/pointcloud_octomap_updater
[94.274s] -- Installing: /home/robomaven/ws/ws_moveit2/install/moveit_ros_perception/include/moveit/pointcloud_octomap_updater/pointcloud_octomap_updater.h
[94.274s] -- Up-to-date: /home/robomaven/ws/ws_moveit2/install/moveit_ros_perception/include
[94.274s] -- Up-to-date: /home/robomaven/ws/ws_moveit2/install/moveit_ros_perception/include/moveit
[94.274s] -- Installing: /home/robomaven/ws/ws_moveit2/install/moveit_ros_perception/include/moveit/mesh_filter
[94.274s] -- Installing: /home/robomaven/ws/ws_moveit2/install/moveit_ros_perception/include/moveit/mesh_filter/sensor_model.h
[94.274s] -- Installing: /home/robomaven/ws/ws_moveit2/install/moveit_ros_perception/include/moveit/mesh_filter/stereo_camera_model.h
[94.274s] -- Installing: /home/robomaven/ws/ws_moveit2/install/moveit_ros_perception/include/moveit/mesh_filter/transform_provider.h
[94.275s] -- Installing: /home/robomaven/ws/ws_moveit2/install/moveit_ros_perception/include/moveit/mesh_filter/mesh_filter_base.h
[94.275s] -- Installing: /home/robomaven/ws/ws_moveit2/install/moveit_ros_perception/include/moveit/mesh_filter/gl_renderer.h
[94.275s] -- Installing: /home/robomaven/ws/ws_moveit2/install/moveit_ros_perception/include/moveit/mesh_filter/depth_self_filter_nodelet.h
[94.275s] -- Installing: /home/robomaven/ws/ws_moveit2/install/moveit_ros_perception/include/moveit/mesh_filter/filter_job.h
[94.275s] -- Installing: /home/robomaven/ws/ws_moveit2/install/moveit_ros_perception/include/moveit/mesh_filter/gl_mesh.h
[94.275s] -- Installing: /home/robomaven/ws/ws_moveit2/install/moveit_ros_perception/include/moveit/mesh_filter/mesh_filter.h
[94.275s] -- Installing: /home/robomaven/ws/ws_moveit2/install/moveit_ros_perception/include/moveit_mesh_filter_export.h
[94.275s] -- Up-to-date: /home/robomaven/ws/ws_moveit2/install/moveit_ros_perception/include
[94.275s] -- Up-to-date: /home/robomaven/ws/ws_moveit2/install/moveit_ros_perception/include/moveit
[94.275s] -- Installing: /home/robomaven/ws/ws_moveit2/install/moveit_ros_perception/include/moveit/depth_image_octomap_updater
[94.275s] -- Installing: /home/robomaven/ws/ws_moveit2/install/moveit_ros_perception/include/moveit/depth_image_octomap_updater/depth_image_octomap_updater.h
[94.276s] -- Up-to-date: /home/robomaven/ws/ws_moveit2/install/moveit_ros_perception/include
[94.276s] -- Up-to-date: /home/robomaven/ws/ws_moveit2/install/moveit_ros_perception/include/moveit
[94.276s] -- Installing: /home/robomaven/ws/ws_moveit2/install/moveit_ros_perception/include/moveit/semantic_world
[94.276s] -- Installing: /home/robomaven/ws/ws_moveit2/install/moveit_ros_perception/include/moveit/semantic_world/semantic_world.h
[94.276s] -- Installing: /home/robomaven/ws/ws_moveit2/install/moveit_ros_perception/lib/libmoveit_depth_image_octomap_updater.so.2.5.5
[94.276s] -- Set runtime path of "/home/robomaven/ws/ws_moveit2/install/moveit_ros_perception/lib/libmoveit_depth_image_octomap_updater.so.2.5.5" to ""
[94.276s] -- Installing: /home/robomaven/ws/ws_moveit2/install/moveit_ros_perception/lib/libmoveit_depth_image_octomap_updater.so
[94.276s] -- Installing: /home/robomaven/ws/ws_moveit2/install/moveit_ros_perception/lib/libmoveit_depth_image_octomap_updater_core.so.2.5.5
[94.276s] -- Set runtime path of "/home/robomaven/ws/ws_moveit2/install/moveit_ros_perception/lib/libmoveit_depth_image_octomap_updater_core.so.2.5.5" to ""
[94.276s] -- Installing: /home/robomaven/ws/ws_moveit2/install/moveit_ros_perception/lib/libmoveit_depth_image_octomap_updater_core.so
[94.276s] -- Installing: /home/robomaven/ws/ws_moveit2/install/moveit_ros_perception/lib/libmoveit_lazy_free_space_updater.so.2.5.5
[94.277s] -- Set runtime path of "/home/robomaven/ws/ws_moveit2/install/moveit_ros_perception/lib/libmoveit_lazy_free_space_updater.so.2.5.5" to ""
[94.277s] -- Installing: /home/robomaven/ws/ws_moveit2/install/moveit_ros_perception/lib/libmoveit_lazy_free_space_updater.so
[94.277s] -- Installing: /home/robomaven/ws/ws_moveit2/install/moveit_ros_perception/lib/libmoveit_mesh_filter.so.2.5.5
[94.277s] -- Set runtime path of "/home/robomaven/ws/ws_moveit2/install/moveit_ros_perception/lib/libmoveit_mesh_filter.so.2.5.5" to ""
[94.277s] -- Installing: /home/robomaven/ws/ws_moveit2/install/moveit_ros_perception/lib/libmoveit_mesh_filter.so
[94.277s] -- Installing: /home/robomaven/ws/ws_moveit2/install/moveit_ros_perception/lib/libmoveit_point_containment_filter.so.2.5.5
[94.277s] -- Set runtime path of "/home/robomaven/ws/ws_moveit2/install/moveit_ros_perception/lib/libmoveit_point_containment_filter.so.2.5.5" to ""
[94.278s] -- Installing: /home/robomaven/ws/ws_moveit2/install/moveit_ros_perception/lib/libmoveit_point_containment_filter.so
[94.278s] -- Installing: /home/robomaven/ws/ws_moveit2/install/moveit_ros_perception/lib/libmoveit_pointcloud_octomap_updater.so.2.5.5
[94.278s] -- Set runtime path of "/home/robomaven/ws/ws_moveit2/install/moveit_ros_perception/lib/libmoveit_pointcloud_octomap_updater.so.2.5.5" to ""
[94.278s] -- Installing: /home/robomaven/ws/ws_moveit2/install/moveit_ros_perception/lib/libmoveit_pointcloud_octomap_updater.so
[94.278s] -- Installing: /home/robomaven/ws/ws_moveit2/install/moveit_ros_perception/lib/libmoveit_pointcloud_octomap_updater_core.so.2.5.5
[94.278s] -- Set runtime path of "/home/robomaven/ws/ws_moveit2/install/moveit_ros_perception/lib/libmoveit_pointcloud_octomap_updater_core.so.2.5.5" to ""
[94.278s] -- Installing: /home/robomaven/ws/ws_moveit2/install/moveit_ros_perception/lib/libmoveit_pointcloud_octomap_updater_core.so
[94.278s] -- Installing: /home/robomaven/ws/ws_moveit2/install/moveit_ros_perception/lib/libmoveit_semantic_world.so.2.5.5
[94.278s] -- Set runtime path of "/home/robomaven/ws/ws_moveit2/install/moveit_ros_perception/lib/libmoveit_semantic_world.so.2.5.5" to ""
[94.278s] -- Installing: /home/robomaven/ws/ws_moveit2/install/moveit_ros_perception/lib/libmoveit_semantic_world.so
[94.278s] -- Installing: /home/robomaven/ws/ws_moveit2/install/moveit_ros_perception/share/moveit_ros_perception/environment/library_path.sh
[94.278s] -- Installing: /home/robomaven/ws/ws_moveit2/install/moveit_ros_perception/share/moveit_ros_perception/environment/library_path.dsv
[94.278s] -- Installing: /home/robomaven/ws/ws_moveit2/install/moveit_ros_perception/share/moveit_ros_perception/pointcloud_octomap_updater_plugin_description.xml
[94.278s] -- Installing: /home/robomaven/ws/ws_moveit2/install/moveit_ros_perception/share/moveit_ros_perception/depth_image_octomap_updater_plugin_description.xml
[94.279s] -- Installing: /home/robomaven/ws/ws_moveit2/install/moveit_ros_perception/share/ament_index/resource_index/package_run_dependencies/moveit_ros_perception
[94.279s] -- Installing: /home/robomaven/ws/ws_moveit2/install/moveit_ros_perception/share/ament_index/resource_index/parent_prefix_path/moveit_ros_perception
[94.279s] -- Installing: /home/robomaven/ws/ws_moveit2/install/moveit_ros_perception/share/moveit_ros_perception/environment/ament_prefix_path.sh
[94.279s] -- Installing: /home/robomaven/ws/ws_moveit2/install/moveit_ros_perception/share/moveit_ros_perception/environment/ament_prefix_path.dsv
[94.279s] -- Installing: /home/robomaven/ws/ws_moveit2/install/moveit_ros_perception/share/moveit_ros_perception/environment/path.sh
[94.279s] -- Installing: /home/robomaven/ws/ws_moveit2/install/moveit_ros_perception/share/moveit_ros_perception/environment/path.dsv
[94.279s] -- Installing: /home/robomaven/ws/ws_moveit2/install/moveit_ros_perception/share/moveit_ros_perception/local_setup.bash
[94.279s] -- Installing: /home/robomaven/ws/ws_moveit2/install/moveit_ros_perception/share/moveit_ros_perception/local_setup.sh
[94.279s] -- Installing: /home/robomaven/ws/ws_moveit2/install/moveit_ros_perception/share/moveit_ros_perception/local_setup.zsh
[94.279s] -- Installing: /home/robomaven/ws/ws_moveit2/install/moveit_ros_perception/share/moveit_ros_perception/local_setup.dsv
[94.280s] -- Installing: /home/robomaven/ws/ws_moveit2/install/moveit_ros_perception/share/moveit_ros_perception/package.dsv
[94.280s] -- Installing: /home/robomaven/ws/ws_moveit2/install/moveit_ros_perception/share/ament_index/resource_index/packages/moveit_ros_perception
[94.280s] -- Installing: /home/robomaven/ws/ws_moveit2/install/moveit_ros_perception/share/ament_index/resource_index/moveit_ros_occupancy_map_monitor__pluginlib__plugin/moveit_ros_perception
[94.280s] -- Installing: /home/robomaven/ws/ws_moveit2/install/moveit_ros_perception/share/moveit_ros_perception/cmake/export_moveit_ros_perceptionExport.cmake
[94.280s] -- Installing: /home/robomaven/ws/ws_moveit2/install/moveit_ros_perception/share/moveit_ros_perception/cmake/export_moveit_ros_perceptionExport-release.cmake
[94.281s] -- Installing: /home/robomaven/ws/ws_moveit2/install/moveit_ros_perception/share/moveit_ros_perception/cmake/ConfigExtras.cmake
[94.281s] -- Installing: /home/robomaven/ws/ws_moveit2/install/moveit_ros_perception/share/moveit_ros_perception/cmake/ament_cmake_export_targets-extras.cmake
[94.281s] -- Installing: /home/robomaven/ws/ws_moveit2/install/moveit_ros_perception/share/moveit_ros_perception/cmake/ament_cmake_export_dependencies-extras.cmake
[94.281s] -- Installing: /home/robomaven/ws/ws_moveit2/install/moveit_ros_perception/share/moveit_ros_perception/cmake/moveit_ros_perceptionConfig.cmake
[94.281s] -- Installing: /home/robomaven/ws/ws_moveit2/install/moveit_ros_perception/share/moveit_ros_perception/cmake/moveit_ros_perceptionConfig-version.cmake
[94.281s] -- Installing: /home/robomaven/ws/ws_moveit2/install/moveit_ros_perception/share/moveit_ros_perception/package.xml
[94.283s] Invoked command in '/home/robomaven/ws/ws_moveit2/build/moveit_ros_perception' returned '0': AMENT_PREFIX_PATH=/home/robomaven/ws/ws_moveit2/install/moveit_ros_planning:/home/robomaven/ws/ws_moveit2/install/moveit_ros_occupancy_map_monitor:/home/robomaven/ws/ws_moveit2/install/moveit_core:/home/robomaven/ws/ws_moveit2/install/srdfdom:/home/robomaven/ws/ws_moveit2/install/moveit_common:${AMENT_PREFIX_PATH} CMAKE_PREFIX_PATH=/home/robomaven/ws/ws_moveit2/install/moveit_ros_planning:/home/robomaven/ws/ws_moveit2/install/moveit_ros_occupancy_map_monitor:/home/robomaven/ws/ws_moveit2/install/moveit_core:/home/robomaven/ws/ws_moveit2/install/srdfdom:/home/robomaven/ws/ws_moveit2/install/moveit_common:/opt/ros/humble LD_LIBRARY_PATH=/home/robomaven/ws/ws_moveit2/install/moveit_ros_planning/lib:/home/robomaven/ws/ws_moveit2/install/moveit_ros_occupancy_map_monitor/lib:/home/robomaven/ws/ws_moveit2/install/moveit_core/lib:/home/robomaven/ws/ws_moveit2/install/srdfdom/lib:/usr/lib/x86_64-linux-gnu/gazebo-11/plugins:/opt/ros/humble/opt/rviz_ogre_vendor/lib:/opt/ros/humble/lib/x86_64-linux-gnu:/opt/ros/humble/lib:/usr/share/gazebo/../../lib/x86_64-linux-gnu/gazebo-11/plugins PATH=/home/robomaven/ws/ws_moveit2/install/moveit_core/bin:${PATH} PYTHONPATH=/home/robomaven/ws/ws_moveit2/install/srdfdom/local/lib/python3.10/dist-packages:${PYTHONPATH} /usr/bin/cmake --install /home/robomaven/ws/ws_moveit2/build/moveit_ros_perception
