[0.021s] Invoking command in '/home/robomaven/turtlebot3_ws/build/turtlebot3_node': CMAKE_PREFIX_PATH=${CMAKE_PREFIX_PATH}:/home/robomaven/ros2_ws3/install/actions_py:/home/robomaven/activity1_ws/install/activity1_py_pkg:/opt/ros/humble /usr/bin/cmake /home/robomaven/turtlebot3_ws/src/turtlebot3/turtlebot3_node -DCMAKE_INSTALL_PREFIX=/home/robomaven/turtlebot3_ws/install/turtlebot3_node
[0.192s] -- The C compiler identification is GNU 11.4.0
[0.193s] -- The CXX compiler identification is GNU 11.4.0
[0.193s] -- Detecting C compiler ABI info
[0.193s] -- Detecting C compiler ABI info - done
[0.193s] -- Check for working C compiler: /usr/bin/cc - skipped
[0.193s] -- Detecting C compile features
[0.193s] -- Detecting C compile features - done
[0.193s] -- Detecting CXX compiler ABI info
[0.236s] -- Detecting CXX compiler ABI info - done
[0.241s] -- Check for working CXX compiler: /usr/bin/c++ - skipped
[0.241s] -- Detecting CXX compile features
[0.241s] -- Detecting CXX compile features - done
[0.243s] -- Found ament_cmake: 1.3.9 (/opt/ros/humble/share/ament_cmake/cmake)
[0.353s] -- Found Python3: /usr/bin/python3 (found version "3.10.12") found components: Interpreter 
[0.425s] -- Found dynamixel_sdk: 3.7.60 (/opt/ros/humble/share/dynamixel_sdk/cmake)
[0.428s] -- Found geometry_msgs: 4.2.3 (/opt/ros/humble/share/geometry_msgs/cmake)
[0.465s] -- Found rosidl_generator_c: 3.1.5 (/opt/ros/humble/share/rosidl_generator_c/cmake)
[0.469s] -- Found rosidl_adapter: 3.1.5 (/opt/ros/humble/share/rosidl_adapter/cmake)
[0.477s] -- Found rosidl_generator_cpp: 3.1.5 (/opt/ros/humble/share/rosidl_generator_cpp/cmake)
[0.494s] -- Using all available rosidl_typesupport_c: rosidl_typesupport_fastrtps_c;rosidl_typesupport_introspection_c
[0.512s] -- Using all available rosidl_typesupport_cpp: rosidl_typesupport_fastrtps_cpp;rosidl_typesupport_introspection_cpp
[0.605s] -- Found message_filters: 4.3.4 (/opt/ros/humble/share/message_filters/cmake)
[0.663s] -- Found rmw_implementation_cmake: 6.1.2 (/opt/ros/humble/share/rmw_implementation_cmake/cmake)
[0.666s] -- Found rmw_fastrtps_cpp: 6.2.6 (/opt/ros/humble/share/rmw_fastrtps_cpp/cmake)
[0.741s] -- Found OpenSSL: /usr/lib/x86_64-linux-gnu/libcrypto.so (found version "3.0.2")  
[0.760s] -- Found FastRTPS: /opt/ros/humble/include  
[0.793s] -- Using RMW implementation 'rmw_fastrtps_cpp' as default
[0.801s] -- Looking for pthread.h
[0.855s] -- Looking for pthread.h - found
[0.855s] -- Performing Test CMAKE_HAVE_LIBC_PTHREAD
[0.923s] -- Performing Test CMAKE_HAVE_LIBC_PTHREAD - Success
[0.924s] -- Found Threads: TRUE  
[1.035s] -- Found nav_msgs: 4.2.3 (/opt/ros/humble/share/nav_msgs/cmake)
[1.093s] -- Found sensor_msgs: 4.2.3 (/opt/ros/humble/share/sensor_msgs/cmake)
[1.151s] -- Found std_srvs: 4.2.3 (/opt/ros/humble/share/std_srvs/cmake)
[1.165s] -- Found tf2: 0.25.6 (/opt/ros/humble/share/tf2/cmake)
[1.175s] -- Found tf2_ros: 0.25.6 (/opt/ros/humble/share/tf2_ros/cmake)
[1.410s] -- Found turtlebot3_msgs: 2.2.3 (/opt/ros/humble/share/turtlebot3_msgs/cmake)
[1.511s] -- Configuring done
[1.521s] -- Generating done
[1.522s] -- Build files have been written to: /home/robomaven/turtlebot3_ws/build/turtlebot3_node
[1.528s] Invoked command in '/home/robomaven/turtlebot3_ws/build/turtlebot3_node' returned '0': CMAKE_PREFIX_PATH=${CMAKE_PREFIX_PATH}:/home/robomaven/ros2_ws3/install/actions_py:/home/robomaven/activity1_ws/install/activity1_py_pkg:/opt/ros/humble /usr/bin/cmake /home/robomaven/turtlebot3_ws/src/turtlebot3/turtlebot3_node -DCMAKE_INSTALL_PREFIX=/home/robomaven/turtlebot3_ws/install/turtlebot3_node
[1.530s] Invoking command in '/home/robomaven/turtlebot3_ws/build/turtlebot3_node': CMAKE_PREFIX_PATH=${CMAKE_PREFIX_PATH}:/home/robomaven/ros2_ws3/install/actions_py:/home/robomaven/activity1_ws/install/activity1_py_pkg:/opt/ros/humble /usr/bin/cmake --build /home/robomaven/turtlebot3_ws/build/turtlebot3_node -- -j20 -l20
[1.574s] [  7%] [32mBuilding CXX object CMakeFiles/turtlebot3_node_lib.dir/src/devices/motor_power.cpp.o[0m
[1.574s] [ 14%] [32mBuilding CXX object CMakeFiles/turtlebot3_node_lib.dir/src/devices/sound.cpp.o[0m
[1.575s] [ 21%] [32mBuilding CXX object CMakeFiles/turtlebot3_node_lib.dir/src/devices/reset.cpp.o[0m
[1.575s] [ 28%] [32mBuilding CXX object CMakeFiles/turtlebot3_node_lib.dir/src/diff_drive_controller.cpp.o[0m
[1.576s] [ 35%] [32mBuilding CXX object CMakeFiles/turtlebot3_node_lib.dir/src/odometry.cpp.o[0m
[1.576s] [ 42%] [32mBuilding CXX object CMakeFiles/turtlebot3_node_lib.dir/src/turtlebot3.cpp.o[0m
[1.577s] [ 50%] [32mBuilding CXX object CMakeFiles/turtlebot3_node_lib.dir/src/dynamixel_sdk_wrapper.cpp.o[0m
[1.578s] [ 57%] [32mBuilding CXX object CMakeFiles/turtlebot3_node_lib.dir/src/sensors/battery_state.cpp.o[0m
[1.579s] [ 64%] [32mBuilding CXX object CMakeFiles/turtlebot3_node_lib.dir/src/sensors/imu.cpp.o[0m
[1.579s] [ 78%] [32mBuilding CXX object CMakeFiles/turtlebot3_node_lib.dir/src/sensors/joint_state.cpp.o[0m
[1.579s] [ 78%] [32mBuilding CXX object CMakeFiles/turtlebot3_node_lib.dir/src/sensors/sensor_state.cpp.o[0m
[11.046s] [ 85%] [32m[1mLinking CXX static library libturtlebot3_node_lib.a[0m
[11.389s] [ 85%] Built target turtlebot3_node_lib
[11.410s] [ 92%] [32mBuilding CXX object CMakeFiles/turtlebot3_ros.dir/src/node_main.cpp.o[0m
[13.359s] [100%] [32m[1mLinking CXX executable turtlebot3_ros[0m
[14.424s] [100%] Built target turtlebot3_ros
[14.435s] Invoked command in '/home/robomaven/turtlebot3_ws/build/turtlebot3_node' returned '0': CMAKE_PREFIX_PATH=${CMAKE_PREFIX_PATH}:/home/robomaven/ros2_ws3/install/actions_py:/home/robomaven/activity1_ws/install/activity1_py_pkg:/opt/ros/humble /usr/bin/cmake --build /home/robomaven/turtlebot3_ws/build/turtlebot3_node -- -j20 -l20
[14.487s] Invoking command in '/home/robomaven/turtlebot3_ws/build/turtlebot3_node': CMAKE_PREFIX_PATH=${CMAKE_PREFIX_PATH}:/home/robomaven/ros2_ws3/install/actions_py:/home/robomaven/activity1_ws/install/activity1_py_pkg:/opt/ros/humble /usr/bin/cmake --install /home/robomaven/turtlebot3_ws/build/turtlebot3_node
[14.495s] -- Install configuration: ""
[14.496s] -- Installing: /home/robomaven/turtlebot3_ws/install/turtlebot3_node/share/turtlebot3_node/param
[14.496s] -- Installing: /home/robomaven/turtlebot3_ws/install/turtlebot3_node/share/turtlebot3_node/param/waffle.yaml
[14.496s] -- Installing: /home/robomaven/turtlebot3_ws/install/turtlebot3_node/share/turtlebot3_node/param/burger.yaml
[14.496s] -- Installing: /home/robomaven/turtlebot3_ws/install/turtlebot3_node/share/turtlebot3_node/param/waffle_pi.yaml
[14.496s] -- Installing: /home/robomaven/turtlebot3_ws/install/turtlebot3_node/lib/turtlebot3_node/turtlebot3_ros
[14.506s] -- Set runtime path of "/home/robomaven/turtlebot3_ws/install/turtlebot3_node/lib/turtlebot3_node/turtlebot3_ros" to ""
[14.506s] -- Installing: /home/robomaven/turtlebot3_ws/install/turtlebot3_node/share/ament_index/resource_index/package_run_dependencies/turtlebot3_node
[14.506s] -- Installing: /home/robomaven/turtlebot3_ws/install/turtlebot3_node/share/ament_index/resource_index/parent_prefix_path/turtlebot3_node
[14.506s] -- Installing: /home/robomaven/turtlebot3_ws/install/turtlebot3_node/share/turtlebot3_node/environment/ament_prefix_path.sh
[14.506s] -- Installing: /home/robomaven/turtlebot3_ws/install/turtlebot3_node/share/turtlebot3_node/environment/ament_prefix_path.dsv
[14.506s] -- Installing: /home/robomaven/turtlebot3_ws/install/turtlebot3_node/share/turtlebot3_node/environment/path.sh
[14.506s] -- Installing: /home/robomaven/turtlebot3_ws/install/turtlebot3_node/share/turtlebot3_node/environment/path.dsv
[14.506s] -- Installing: /home/robomaven/turtlebot3_ws/install/turtlebot3_node/share/turtlebot3_node/local_setup.bash
[14.506s] -- Installing: /home/robomaven/turtlebot3_ws/install/turtlebot3_node/share/turtlebot3_node/local_setup.sh
[14.506s] -- Installing: /home/robomaven/turtlebot3_ws/install/turtlebot3_node/share/turtlebot3_node/local_setup.zsh
[14.507s] -- Installing: /home/robomaven/turtlebot3_ws/install/turtlebot3_node/share/turtlebot3_node/local_setup.dsv
[14.507s] -- Installing: /home/robomaven/turtlebot3_ws/install/turtlebot3_node/share/turtlebot3_node/package.dsv
[14.507s] -- Installing: /home/robomaven/turtlebot3_ws/install/turtlebot3_node/share/ament_index/resource_index/packages/turtlebot3_node
[14.507s] -- Installing: /home/robomaven/turtlebot3_ws/install/turtlebot3_node/share/turtlebot3_node/cmake/ament_cmake_export_include_directories-extras.cmake
[14.507s] -- Installing: /home/robomaven/turtlebot3_ws/install/turtlebot3_node/share/turtlebot3_node/cmake/turtlebot3_nodeConfig.cmake
[14.507s] -- Installing: /home/robomaven/turtlebot3_ws/install/turtlebot3_node/share/turtlebot3_node/cmake/turtlebot3_nodeConfig-version.cmake
[14.507s] -- Installing: /home/robomaven/turtlebot3_ws/install/turtlebot3_node/share/turtlebot3_node/package.xml
[14.508s] Invoked command in '/home/robomaven/turtlebot3_ws/build/turtlebot3_node' returned '0': CMAKE_PREFIX_PATH=${CMAKE_PREFIX_PATH}:/home/robomaven/ros2_ws3/install/actions_py:/home/robomaven/activity1_ws/install/activity1_py_pkg:/opt/ros/humble /usr/bin/cmake --install /home/robomaven/turtlebot3_ws/build/turtlebot3_node
