[0.013s] Invoking command in '/home/robomaven/ws/ros2_ws3/build/lifecycle_cpp': CMAKE_PREFIX_PATH=${CMAKE_PREFIX_PATH}:/home/robomaven/ws/ros2_ws3/install/actions_py:/home/robomaven/ws/ros2_ws3/install/lifecycle_py:/opt/ros/humble /usr/bin/cmake --build /home/robomaven/ws/ros2_ws3/build/lifecycle_cpp -- -j20 -l20
[0.040s] [35m[1mConsolidate compiler generated dependencies of target number_publisher[0m
[0.050s] [ 50%] [32mBuilding CXX object CMakeFiles/number_publisher.dir/src/number_publisher.cpp.o[0m
[1.959s] [100%] [32m[1mLinking CXX executable number_publisher[0m
[2.042s] [100%] Built target number_publisher
[2.051s] Invoked command in '/home/robomaven/ws/ros2_ws3/build/lifecycle_cpp' returned '0': CMAKE_PREFIX_PATH=${CMAKE_PREFIX_PATH}:/home/robomaven/ws/ros2_ws3/install/actions_py:/home/robomaven/ws/ros2_ws3/install/lifecycle_py:/opt/ros/humble /usr/bin/cmake --build /home/robomaven/ws/ros2_ws3/build/lifecycle_cpp -- -j20 -l20
[2.071s] Invoking command in '/home/robomaven/ws/ros2_ws3/build/lifecycle_cpp': CMAKE_PREFIX_PATH=${CMAKE_PREFIX_PATH}:/home/robomaven/ws/ros2_ws3/install/actions_py:/home/robomaven/ws/ros2_ws3/install/lifecycle_py:/opt/ros/humble /usr/bin/cmake --install /home/robomaven/ws/ros2_ws3/build/lifecycle_cpp
[2.077s] -- Install configuration: ""
[2.077s] -- Installing: /home/robomaven/ws/ros2_ws3/install/lifecycle_cpp/lib/lifecycle_cpp/number_publisher
[2.078s] -- Set runtime path of "/home/robomaven/ws/ros2_ws3/install/lifecycle_cpp/lib/lifecycle_cpp/number_publisher" to ""
[2.078s] -- Up-to-date: /home/robomaven/ws/ros2_ws3/install/lifecycle_cpp/share/ament_index/resource_index/package_run_dependencies/lifecycle_cpp
[2.078s] -- Up-to-date: /home/robomaven/ws/ros2_ws3/install/lifecycle_cpp/share/ament_index/resource_index/parent_prefix_path/lifecycle_cpp
[2.078s] -- Up-to-date: /home/robomaven/ws/ros2_ws3/install/lifecycle_cpp/share/lifecycle_cpp/environment/ament_prefix_path.sh
[2.078s] -- Up-to-date: /home/robomaven/ws/ros2_ws3/install/lifecycle_cpp/share/lifecycle_cpp/environment/ament_prefix_path.dsv
[2.078s] -- Up-to-date: /home/robomaven/ws/ros2_ws3/install/lifecycle_cpp/share/lifecycle_cpp/environment/path.sh
[2.078s] -- Up-to-date: /home/robomaven/ws/ros2_ws3/install/lifecycle_cpp/share/lifecycle_cpp/environment/path.dsv
[2.079s] -- Up-to-date: /home/robomaven/ws/ros2_ws3/install/lifecycle_cpp/share/lifecycle_cpp/local_setup.bash
[2.079s] -- Up-to-date: /home/robomaven/ws/ros2_ws3/install/lifecycle_cpp/share/lifecycle_cpp/local_setup.sh
[2.079s] -- Up-to-date: /home/robomaven/ws/ros2_ws3/install/lifecycle_cpp/share/lifecycle_cpp/local_setup.zsh
[2.079s] -- Up-to-date: /home/robomaven/ws/ros2_ws3/install/lifecycle_cpp/share/lifecycle_cpp/local_setup.dsv
[2.079s] -- Installing: /home/robomaven/ws/ros2_ws3/install/lifecycle_cpp/share/lifecycle_cpp/package.dsv
[2.079s] -- Up-to-date: /home/robomaven/ws/ros2_ws3/install/lifecycle_cpp/share/ament_index/resource_index/packages/lifecycle_cpp
[2.079s] -- Up-to-date: /home/robomaven/ws/ros2_ws3/install/lifecycle_cpp/share/lifecycle_cpp/cmake/lifecycle_cppConfig.cmake
[2.079s] -- Up-to-date: /home/robomaven/ws/ros2_ws3/install/lifecycle_cpp/share/lifecycle_cpp/cmake/lifecycle_cppConfig-version.cmake
[2.079s] -- Up-to-date: /home/robomaven/ws/ros2_ws3/install/lifecycle_cpp/share/lifecycle_cpp/package.xml
[2.080s] Invoked command in '/home/robomaven/ws/ros2_ws3/build/lifecycle_cpp' returned '0': CMAKE_PREFIX_PATH=${CMAKE_PREFIX_PATH}:/home/robomaven/ws/ros2_ws3/install/actions_py:/home/robomaven/ws/ros2_ws3/install/lifecycle_py:/opt/ros/humble /usr/bin/cmake --install /home/robomaven/ws/ros2_ws3/build/lifecycle_cpp
