[0.006s] Invoking command in '/home/robomaven/ws/ros2_ws3/build/components_cpp': CMAKE_PREFIX_PATH=${CMAKE_PREFIX_PATH}:/home/robomaven/ws/ros2_ws3/install/components_py:/home/robomaven/ws/ros2_ws3/install/executors_py:/home/robomaven/ws/ros2_ws3/install/actions_py:/home/robomaven/ws/ros2_ws3/install/lifecycle_py:/opt/ros/humble /usr/bin/cmake /home/robomaven/ws/ros2_ws3/src/components_cpp -DCMAKE_INSTALL_PREFIX=/home/robomaven/ws/ros2_ws3/install/components_cpp
[0.015s] -- Found ament_cmake: 1.3.9 (/opt/ros/humble/share/ament_cmake/cmake)
[0.101s] -- Found rclcpp: 16.0.9 (/opt/ros/humble/share/rclcpp/cmake)
[0.120s] -- Found rosidl_generator_c: 3.1.5 (/opt/ros/humble/share/rosidl_generator_c/cmake)
[0.121s] -- Found rosidl_adapter: 3.1.5 (/opt/ros/humble/share/rosidl_adapter/cmake)
[0.125s] -- Found rosidl_generator_cpp: 3.1.5 (/opt/ros/humble/share/rosidl_generator_cpp/cmake)
[0.132s] -- Using all available rosidl_typesupport_c: rosidl_typesupport_fastrtps_c;rosidl_typesupport_introspection_c
[0.143s] -- Using all available rosidl_typesupport_cpp: rosidl_typesupport_fastrtps_cpp;rosidl_typesupport_introspection_cpp
[0.180s] -- Found rmw_implementation_cmake: 6.1.2 (/opt/ros/humble/share/rmw_implementation_cmake/cmake)
[0.181s] -- Found rmw_fastrtps_cpp: 6.2.6 (/opt/ros/humble/share/rmw_fastrtps_cpp/cmake)
[0.259s] -- Using RMW implementation 'rmw_fastrtps_cpp' as default
[0.404s] -- Configuring done
[0.408s] -- Generating done
[0.409s] -- Build files have been written to: /home/robomaven/ws/ros2_ws3/build/components_cpp
[0.414s] Invoked command in '/home/robomaven/ws/ros2_ws3/build/components_cpp' returned '0': CMAKE_PREFIX_PATH=${CMAKE_PREFIX_PATH}:/home/robomaven/ws/ros2_ws3/install/components_py:/home/robomaven/ws/ros2_ws3/install/executors_py:/home/robomaven/ws/ros2_ws3/install/actions_py:/home/robomaven/ws/ros2_ws3/install/lifecycle_py:/opt/ros/humble /usr/bin/cmake /home/robomaven/ws/ros2_ws3/src/components_cpp -DCMAKE_INSTALL_PREFIX=/home/robomaven/ws/ros2_ws3/install/components_cpp
[0.415s] Invoking command in '/home/robomaven/ws/ros2_ws3/build/components_cpp': CMAKE_PREFIX_PATH=${CMAKE_PREFIX_PATH}:/home/robomaven/ws/ros2_ws3/install/components_py:/home/robomaven/ws/ros2_ws3/install/executors_py:/home/robomaven/ws/ros2_ws3/install/actions_py:/home/robomaven/ws/ros2_ws3/install/lifecycle_py:/opt/ros/humble /usr/bin/cmake --build /home/robomaven/ws/ros2_ws3/build/components_cpp -- -j20 -l20
[0.465s] [ 25%] [32mBuilding CXX object CMakeFiles/manual_compostion.dir/src/manual_composition.cpp.o[0m
[0.466s] [ 50%] [32mBuilding CXX object CMakeFiles/manual_compostion.dir/src/node1.cpp.o[0m
[0.466s] [ 75%] [32mBuilding CXX object CMakeFiles/manual_compostion.dir/src/node2.cpp.o[0m
[2.259s] [100%] [32m[1mLinking CXX executable manual_compostion[0m
[2.340s] [100%] Built target manual_compostion
[2.351s] Invoked command in '/home/robomaven/ws/ros2_ws3/build/components_cpp' returned '0': CMAKE_PREFIX_PATH=${CMAKE_PREFIX_PATH}:/home/robomaven/ws/ros2_ws3/install/components_py:/home/robomaven/ws/ros2_ws3/install/executors_py:/home/robomaven/ws/ros2_ws3/install/actions_py:/home/robomaven/ws/ros2_ws3/install/lifecycle_py:/opt/ros/humble /usr/bin/cmake --build /home/robomaven/ws/ros2_ws3/build/components_cpp -- -j20 -l20
[2.392s] Invoking command in '/home/robomaven/ws/ros2_ws3/build/components_cpp': CMAKE_PREFIX_PATH=${CMAKE_PREFIX_PATH}:/home/robomaven/ws/ros2_ws3/install/components_py:/home/robomaven/ws/ros2_ws3/install/executors_py:/home/robomaven/ws/ros2_ws3/install/actions_py:/home/robomaven/ws/ros2_ws3/install/lifecycle_py:/opt/ros/humble /usr/bin/cmake --install /home/robomaven/ws/ros2_ws3/build/components_cpp
[2.400s] -- Install configuration: ""
[2.401s] -- Installing: /home/robomaven/ws/ros2_ws3/install/components_cpp/lib/components_cpp/manual_compostion
[2.401s] -- Set runtime path of "/home/robomaven/ws/ros2_ws3/install/components_cpp/lib/components_cpp/manual_compostion" to ""
[2.401s] -- Installing: /home/robomaven/ws/ros2_ws3/install/components_cpp/share/ament_index/resource_index/package_run_dependencies/components_cpp
[2.401s] -- Installing: /home/robomaven/ws/ros2_ws3/install/components_cpp/share/ament_index/resource_index/parent_prefix_path/components_cpp
[2.401s] -- Installing: /home/robomaven/ws/ros2_ws3/install/components_cpp/share/components_cpp/environment/ament_prefix_path.sh
[2.402s] -- Installing: /home/robomaven/ws/ros2_ws3/install/components_cpp/share/components_cpp/environment/ament_prefix_path.dsv
[2.402s] -- Installing: /home/robomaven/ws/ros2_ws3/install/components_cpp/share/components_cpp/environment/path.sh
[2.402s] -- Installing: /home/robomaven/ws/ros2_ws3/install/components_cpp/share/components_cpp/environment/path.dsv
[2.402s] -- Installing: /home/robomaven/ws/ros2_ws3/install/components_cpp/share/components_cpp/local_setup.bash
[2.402s] -- Installing: /home/robomaven/ws/ros2_ws3/install/components_cpp/share/components_cpp/local_setup.sh
[2.402s] -- Installing: /home/robomaven/ws/ros2_ws3/install/components_cpp/share/components_cpp/local_setup.zsh
[2.402s] -- Installing: /home/robomaven/ws/ros2_ws3/install/components_cpp/share/components_cpp/local_setup.dsv
[2.402s] -- Installing: /home/robomaven/ws/ros2_ws3/install/components_cpp/share/components_cpp/package.dsv
[2.402s] -- Installing: /home/robomaven/ws/ros2_ws3/install/components_cpp/share/ament_index/resource_index/packages/components_cpp
[2.402s] -- Installing: /home/robomaven/ws/ros2_ws3/install/components_cpp/share/components_cpp/cmake/components_cppConfig.cmake
[2.402s] -- Installing: /home/robomaven/ws/ros2_ws3/install/components_cpp/share/components_cpp/cmake/components_cppConfig-version.cmake
[2.402s] -- Installing: /home/robomaven/ws/ros2_ws3/install/components_cpp/share/components_cpp/package.xml
[2.405s] Invoked command in '/home/robomaven/ws/ros2_ws3/build/components_cpp' returned '0': CMAKE_PREFIX_PATH=${CMAKE_PREFIX_PATH}:/home/robomaven/ws/ros2_ws3/install/components_py:/home/robomaven/ws/ros2_ws3/install/executors_py:/home/robomaven/ws/ros2_ws3/install/actions_py:/home/robomaven/ws/ros2_ws3/install/lifecycle_py:/opt/ros/humble /usr/bin/cmake --install /home/robomaven/ws/ros2_ws3/build/components_cpp
