[0.469s] Invoking command in '/home/robomaven/ws/snake_game_ws/build/snake_game': AMENT_PREFIX_PATH=/home/robomaven/ws/snake_game_ws/install/snake_game_interfaces:${AMENT_PREFIX_PATH} CMAKE_PREFIX_PATH=/home/robomaven/ws/snake_game_ws/install/snake_game_interfaces:${CMAKE_PREFIX_PATH} LD_LIBRARY_PATH=/home/robomaven/ws/snake_game_ws/install/snake_game_interfaces/lib:/usr/lib/x86_64-linux-gnu/gazebo-11/plugins:/opt/ros/humble/opt/rviz_ogre_vendor/lib:/opt/ros/humble/lib/x86_64-linux-gnu:/opt/ros/humble/lib:/usr/share/gazebo/../../lib/x86_64-linux-gnu/gazebo-11/plugins PYTHONPATH=/home/robomaven/ws/snake_game_ws/build/snake_game/prefix_override:/home/robomaven/ws/snake_game_ws/install/snake_game/lib/python3.10/site-packages:/home/robomaven/ws/snake_game_ws/install/snake_game_interfaces/local/lib/python3.10/dist-packages:${PYTHONPATH} /usr/bin/python3 -W ignore:setup.py install is deprecated setup.py develop --uninstall --editable --build-directory /home/robomaven/ws/snake_game_ws/build/snake_game/build
[0.635s] running develop
[0.725s] Removing /home/robomaven/ws/snake_game_ws/install/snake_game/lib/python3.10/site-packages/snake-game.egg-link (link to .)
[0.741s] Invoked command in '/home/robomaven/ws/snake_game_ws/build/snake_game' returned '0': AMENT_PREFIX_PATH=/home/robomaven/ws/snake_game_ws/install/snake_game_interfaces:${AMENT_PREFIX_PATH} CMAKE_PREFIX_PATH=/home/robomaven/ws/snake_game_ws/install/snake_game_interfaces:${CMAKE_PREFIX_PATH} LD_LIBRARY_PATH=/home/robomaven/ws/snake_game_ws/install/snake_game_interfaces/lib:/usr/lib/x86_64-linux-gnu/gazebo-11/plugins:/opt/ros/humble/opt/rviz_ogre_vendor/lib:/opt/ros/humble/lib/x86_64-linux-gnu:/opt/ros/humble/lib:/usr/share/gazebo/../../lib/x86_64-linux-gnu/gazebo-11/plugins PYTHONPATH=/home/robomaven/ws/snake_game_ws/build/snake_game/prefix_override:/home/robomaven/ws/snake_game_ws/install/snake_game/lib/python3.10/site-packages:/home/robomaven/ws/snake_game_ws/install/snake_game_interfaces/local/lib/python3.10/dist-packages:${PYTHONPATH} /usr/bin/python3 -W ignore:setup.py install is deprecated setup.py develop --uninstall --editable --build-directory /home/robomaven/ws/snake_game_ws/build/snake_game/build
[0.743s] Invoking command in '/home/robomaven/ws/snake_game_ws/src/snake_game': AMENT_PREFIX_PATH=/home/robomaven/ws/snake_game_ws/install/snake_game_interfaces:${AMENT_PREFIX_PATH} CMAKE_PREFIX_PATH=/home/robomaven/ws/snake_game_ws/install/snake_game_interfaces:${CMAKE_PREFIX_PATH} LD_LIBRARY_PATH=/home/robomaven/ws/snake_game_ws/install/snake_game_interfaces/lib:/usr/lib/x86_64-linux-gnu/gazebo-11/plugins:/opt/ros/humble/opt/rviz_ogre_vendor/lib:/opt/ros/humble/lib/x86_64-linux-gnu:/opt/ros/humble/lib:/usr/share/gazebo/../../lib/x86_64-linux-gnu/gazebo-11/plugins PYTHONPATH=/home/robomaven/ws/snake_game_ws/build/snake_game/prefix_override:/home/robomaven/ws/snake_game_ws/install/snake_game/lib/python3.10/site-packages:/home/robomaven/ws/snake_game_ws/install/snake_game_interfaces/local/lib/python3.10/dist-packages:${PYTHONPATH} /usr/bin/python3 -W ignore:setup.py install is deprecated setup.py egg_info --egg-base ../../build/snake_game build --build-base /home/robomaven/ws/snake_game_ws/build/snake_game/build install --record /home/robomaven/ws/snake_game_ws/build/snake_game/install.log --single-version-externally-managed install_data --force
[0.889s] running egg_info
[0.889s] writing ../../build/snake_game/snake_game.egg-info/PKG-INFO
[0.889s] writing dependency_links to ../../build/snake_game/snake_game.egg-info/dependency_links.txt
[0.889s] writing entry points to ../../build/snake_game/snake_game.egg-info/entry_points.txt
[0.889s] writing requirements to ../../build/snake_game/snake_game.egg-info/requires.txt
[0.889s] writing top-level names to ../../build/snake_game/snake_game.egg-info/top_level.txt
[0.890s] reading manifest file '../../build/snake_game/snake_game.egg-info/SOURCES.txt'
[0.898s] writing manifest file '../../build/snake_game/snake_game.egg-info/SOURCES.txt'
[0.898s] running build
[0.898s] running build_py
[0.898s] copying snake_game/turtle_follower.py -> /home/robomaven/ws/snake_game_ws/build/snake_game/build/lib/snake_game
[0.898s] running install
[0.898s] running install_lib
[0.899s] creating /home/robomaven/ws/snake_game_ws/install/snake_game/lib/python3.10/site-packages/snake_game
[0.899s] copying /home/robomaven/ws/snake_game_ws/build/snake_game/build/lib/snake_game/turtle_controller.py -> /home/robomaven/ws/snake_game_ws/install/snake_game/lib/python3.10/site-packages/snake_game
[0.899s] copying /home/robomaven/ws/snake_game_ws/build/snake_game/build/lib/snake_game/turtle_follower.py -> /home/robomaven/ws/snake_game_ws/install/snake_game/lib/python3.10/site-packages/snake_game
[0.899s] copying /home/robomaven/ws/snake_game_ws/build/snake_game/build/lib/snake_game/turtle_spawner.py -> /home/robomaven/ws/snake_game_ws/install/snake_game/lib/python3.10/site-packages/snake_game
[0.899s] copying /home/robomaven/ws/snake_game_ws/build/snake_game/build/lib/snake_game/__init__.py -> /home/robomaven/ws/snake_game_ws/install/snake_game/lib/python3.10/site-packages/snake_game
[0.899s] byte-compiling /home/robomaven/ws/snake_game_ws/install/snake_game/lib/python3.10/site-packages/snake_game/turtle_controller.py to turtle_controller.cpython-310.pyc
[0.900s] byte-compiling /home/robomaven/ws/snake_game_ws/install/snake_game/lib/python3.10/site-packages/snake_game/turtle_follower.py to turtle_follower.cpython-310.pyc
[0.901s] byte-compiling /home/robomaven/ws/snake_game_ws/install/snake_game/lib/python3.10/site-packages/snake_game/turtle_spawner.py to turtle_spawner.cpython-310.pyc
[0.902s] byte-compiling /home/robomaven/ws/snake_game_ws/install/snake_game/lib/python3.10/site-packages/snake_game/__init__.py to __init__.cpython-310.pyc
[0.902s] running install_data
[0.902s] copying resource/snake_game -> /home/robomaven/ws/snake_game_ws/install/snake_game/share/ament_index/resource_index/packages
[0.902s] copying package.xml -> /home/robomaven/ws/snake_game_ws/install/snake_game/share/snake_game
[0.902s] running install_egg_info
[0.903s] Copying ../../build/snake_game/snake_game.egg-info to /home/robomaven/ws/snake_game_ws/install/snake_game/lib/python3.10/site-packages/snake_game-0.0.0-py3.10.egg-info
[0.904s] running install_scripts
[0.916s] Installing turtle_controller script to /home/robomaven/ws/snake_game_ws/install/snake_game/lib/snake_game
[0.916s] Installing turtle_follower script to /home/robomaven/ws/snake_game_ws/install/snake_game/lib/snake_game
[0.916s] Installing turtle_spawner script to /home/robomaven/ws/snake_game_ws/install/snake_game/lib/snake_game
[0.916s] writing list of installed files to '/home/robomaven/ws/snake_game_ws/build/snake_game/install.log'
[0.930s] Invoked command in '/home/robomaven/ws/snake_game_ws/src/snake_game' returned '0': AMENT_PREFIX_PATH=/home/robomaven/ws/snake_game_ws/install/snake_game_interfaces:${AMENT_PREFIX_PATH} CMAKE_PREFIX_PATH=/home/robomaven/ws/snake_game_ws/install/snake_game_interfaces:${CMAKE_PREFIX_PATH} LD_LIBRARY_PATH=/home/robomaven/ws/snake_game_ws/install/snake_game_interfaces/lib:/usr/lib/x86_64-linux-gnu/gazebo-11/plugins:/opt/ros/humble/opt/rviz_ogre_vendor/lib:/opt/ros/humble/lib/x86_64-linux-gnu:/opt/ros/humble/lib:/usr/share/gazebo/../../lib/x86_64-linux-gnu/gazebo-11/plugins PYTHONPATH=/home/robomaven/ws/snake_game_ws/build/snake_game/prefix_override:/home/robomaven/ws/snake_game_ws/install/snake_game/lib/python3.10/site-packages:/home/robomaven/ws/snake_game_ws/install/snake_game_interfaces/local/lib/python3.10/dist-packages:${PYTHONPATH} /usr/bin/python3 -W ignore:setup.py install is deprecated setup.py egg_info --egg-base ../../build/snake_game build --build-base /home/robomaven/ws/snake_game_ws/build/snake_game/build install --record /home/robomaven/ws/snake_game_ws/build/snake_game/install.log --single-version-externally-managed install_data --force
