[0.009s] Invoking command in '/home/robomaven/ws/ws3_moveit2_pick_place/build/rviz_marker_tools': CMAKE_PREFIX_PATH=${CMAKE_PREFIX_PATH}:/home/robomaven/ws/ws_moveit2/install/moveit_configs_utils:/home/robomaven/ws/ws_moveit2/install/launch_param_builder:/opt/ros/humble /usr/bin/cmake /home/robomaven/ws/ws3_moveit2_pick_place/src/moveit_task_constructor/rviz_marker_tools -DCMAKE_INSTALL_PREFIX=/home/robomaven/ws/ws3_moveit2_pick_place/install/rviz_marker_tools
[0.020s] -- Found ament_cmake: 1.3.9 (/opt/ros/humble/share/ament_cmake/cmake)
[0.116s] -- Found moveit_common: 2.5.5 (/home/robomaven/ws/ws_moveit2/install/moveit_common/share/moveit_common/cmake)
[0.169s] -- Could NOT find libbfd (missing: LIBBFD_LIBRARY LIBBFD_INCLUDE_DIR) 
[0.169s] -- BACKWARD_HAS_UNWIND=1
[0.169s] -- BACKWARD_HAS_BACKTRACE=0
[0.169s] -- BACKWARD_HAS_BACKTRACE_SYMBOL=0
[0.169s] -- BACKWARD_HAS_DW=1
[0.169s] -- BACKWARD_HAS_BFD=0
[0.170s] -- Found Backward: /opt/ros/humble/share/backward_ros/cmake  
[0.170s] -- Found eigen3_cmake_module: 0.1.1 (/opt/ros/humble/share/eigen3_cmake_module/cmake)
[0.172s] -- Found geometry_msgs: 4.2.4 (/opt/ros/humble/share/geometry_msgs/cmake)
[0.185s] -- Found rosidl_generator_c: 3.1.5 (/opt/ros/humble/share/rosidl_generator_c/cmake)
[0.186s] -- Found rosidl_adapter: 3.1.5 (/opt/ros/humble/share/rosidl_adapter/cmake)
[0.190s] -- Found rosidl_generator_cpp: 3.1.5 (/opt/ros/humble/share/rosidl_generator_cpp/cmake)
[0.199s] -- Using all available rosidl_typesupport_c: rosidl_typesupport_fastrtps_c;rosidl_typesupport_introspection_c
[0.210s] -- Using all available rosidl_typesupport_cpp: rosidl_typesupport_fastrtps_cpp;rosidl_typesupport_introspection_cpp
[0.289s] -- Found rclcpp: 16.0.9 (/opt/ros/humble/share/rclcpp/cmake)
[0.327s] -- Found rmw_implementation_cmake: 6.1.2 (/opt/ros/humble/share/rmw_implementation_cmake/cmake)
[0.330s] -- Found rmw_cyclonedds_cpp: 1.3.4 (/opt/ros/humble/share/rmw_cyclonedds_cpp/cmake)
[0.356s] -- Using RMW implementation 'rmw_cyclonedds_cpp' as default
[0.446s] -- Found tf2_eigen: 0.25.7 (/opt/ros/humble/share/tf2_eigen/cmake)
[0.684s] -- Found visualization_msgs: 4.2.4 (/opt/ros/humble/share/visualization_msgs/cmake)
[0.842s] -- Configuring done
[0.851s] -- Generating done
[0.852s] -- Build files have been written to: /home/robomaven/ws/ws3_moveit2_pick_place/build/rviz_marker_tools
[0.857s] Invoked command in '/home/robomaven/ws/ws3_moveit2_pick_place/build/rviz_marker_tools' returned '0': CMAKE_PREFIX_PATH=${CMAKE_PREFIX_PATH}:/home/robomaven/ws/ws_moveit2/install/moveit_configs_utils:/home/robomaven/ws/ws_moveit2/install/launch_param_builder:/opt/ros/humble /usr/bin/cmake /home/robomaven/ws/ws3_moveit2_pick_place/src/moveit_task_constructor/rviz_marker_tools -DCMAKE_INSTALL_PREFIX=/home/robomaven/ws/ws3_moveit2_pick_place/install/rviz_marker_tools
[0.859s] Invoking command in '/home/robomaven/ws/ws3_moveit2_pick_place/build/rviz_marker_tools': CMAKE_PREFIX_PATH=${CMAKE_PREFIX_PATH}:/home/robomaven/ws/ws_moveit2/install/moveit_configs_utils:/home/robomaven/ws/ws_moveit2/install/launch_param_builder:/opt/ros/humble /usr/bin/cmake --build /home/robomaven/ws/ws3_moveit2_pick_place/build/rviz_marker_tools -- -j20 -l20
[0.895s] [35m[1mConsolidate compiler generated dependencies of target rviz_marker_tools[0m
[0.911s] [100%] Built target rviz_marker_tools
[0.920s] Invoked command in '/home/robomaven/ws/ws3_moveit2_pick_place/build/rviz_marker_tools' returned '0': CMAKE_PREFIX_PATH=${CMAKE_PREFIX_PATH}:/home/robomaven/ws/ws_moveit2/install/moveit_configs_utils:/home/robomaven/ws/ws_moveit2/install/launch_param_builder:/opt/ros/humble /usr/bin/cmake --build /home/robomaven/ws/ws3_moveit2_pick_place/build/rviz_marker_tools -- -j20 -l20
[0.955s] Invoking command in '/home/robomaven/ws/ws3_moveit2_pick_place/build/rviz_marker_tools': CMAKE_PREFIX_PATH=${CMAKE_PREFIX_PATH}:/home/robomaven/ws/ws_moveit2/install/moveit_configs_utils:/home/robomaven/ws/ws_moveit2/install/launch_param_builder:/opt/ros/humble /usr/bin/cmake --install /home/robomaven/ws/ws3_moveit2_pick_place/build/rviz_marker_tools
[0.961s] -- Install configuration: "Release"
[0.961s] -- Up-to-date: /home/robomaven/ws/ws3_moveit2_pick_place/install/rviz_marker_tools/include
[0.961s] -- Up-to-date: /home/robomaven/ws/ws3_moveit2_pick_place/install/rviz_marker_tools/include/rviz_marker_tools
[0.961s] -- Up-to-date: /home/robomaven/ws/ws3_moveit2_pick_place/install/rviz_marker_tools/include/rviz_marker_tools/marker_creation.h
[0.962s] -- Up-to-date: /home/robomaven/ws/ws3_moveit2_pick_place/install/rviz_marker_tools/lib/librviz_marker_tools.so
[0.962s] -- Up-to-date: /home/robomaven/ws/ws3_moveit2_pick_place/install/rviz_marker_tools/share/rviz_marker_tools/environment/library_path.sh
[0.962s] -- Installing: /home/robomaven/ws/ws3_moveit2_pick_place/install/rviz_marker_tools/share/rviz_marker_tools/environment/library_path.dsv
[0.962s] -- Up-to-date: /home/robomaven/ws/ws3_moveit2_pick_place/install/rviz_marker_tools/share/ament_index/resource_index/package_run_dependencies/rviz_marker_tools
[0.962s] -- Up-to-date: /home/robomaven/ws/ws3_moveit2_pick_place/install/rviz_marker_tools/share/ament_index/resource_index/parent_prefix_path/rviz_marker_tools
[0.962s] -- Up-to-date: /home/robomaven/ws/ws3_moveit2_pick_place/install/rviz_marker_tools/share/rviz_marker_tools/environment/ament_prefix_path.sh
[0.962s] -- Installing: /home/robomaven/ws/ws3_moveit2_pick_place/install/rviz_marker_tools/share/rviz_marker_tools/environment/ament_prefix_path.dsv
[0.962s] -- Up-to-date: /home/robomaven/ws/ws3_moveit2_pick_place/install/rviz_marker_tools/share/rviz_marker_tools/environment/path.sh
[0.962s] -- Installing: /home/robomaven/ws/ws3_moveit2_pick_place/install/rviz_marker_tools/share/rviz_marker_tools/environment/path.dsv
[0.962s] -- Up-to-date: /home/robomaven/ws/ws3_moveit2_pick_place/install/rviz_marker_tools/share/rviz_marker_tools/local_setup.bash
[0.962s] -- Up-to-date: /home/robomaven/ws/ws3_moveit2_pick_place/install/rviz_marker_tools/share/rviz_marker_tools/local_setup.sh
[0.962s] -- Up-to-date: /home/robomaven/ws/ws3_moveit2_pick_place/install/rviz_marker_tools/share/rviz_marker_tools/local_setup.zsh
[0.962s] -- Installing: /home/robomaven/ws/ws3_moveit2_pick_place/install/rviz_marker_tools/share/rviz_marker_tools/local_setup.dsv
[0.962s] -- Installing: /home/robomaven/ws/ws3_moveit2_pick_place/install/rviz_marker_tools/share/rviz_marker_tools/package.dsv
[0.962s] -- Up-to-date: /home/robomaven/ws/ws3_moveit2_pick_place/install/rviz_marker_tools/share/ament_index/resource_index/packages/rviz_marker_tools
[0.962s] -- Up-to-date: /home/robomaven/ws/ws3_moveit2_pick_place/install/rviz_marker_tools/share/rviz_marker_tools/cmake/rviz_marker_toolsTargetsExport.cmake
[0.962s] -- Up-to-date: /home/robomaven/ws/ws3_moveit2_pick_place/install/rviz_marker_tools/share/rviz_marker_tools/cmake/rviz_marker_toolsTargetsExport-release.cmake
[0.963s] -- Up-to-date: /home/robomaven/ws/ws3_moveit2_pick_place/install/rviz_marker_tools/share/rviz_marker_tools/cmake/ament_cmake_export_targets-extras.cmake
[0.963s] -- Up-to-date: /home/robomaven/ws/ws3_moveit2_pick_place/install/rviz_marker_tools/share/rviz_marker_tools/cmake/ament_cmake_export_dependencies-extras.cmake
[0.963s] -- Up-to-date: /home/robomaven/ws/ws3_moveit2_pick_place/install/rviz_marker_tools/share/rviz_marker_tools/cmake/rviz_marker_toolsConfig.cmake
[0.963s] -- Up-to-date: /home/robomaven/ws/ws3_moveit2_pick_place/install/rviz_marker_tools/share/rviz_marker_tools/cmake/rviz_marker_toolsConfig-version.cmake
[0.963s] -- Up-to-date: /home/robomaven/ws/ws3_moveit2_pick_place/install/rviz_marker_tools/share/rviz_marker_tools/package.xml
[0.964s] Invoked command in '/home/robomaven/ws/ws3_moveit2_pick_place/build/rviz_marker_tools' returned '0': CMAKE_PREFIX_PATH=${CMAKE_PREFIX_PATH}:/home/robomaven/ws/ws_moveit2/install/moveit_configs_utils:/home/robomaven/ws/ws_moveit2/install/launch_param_builder:/opt/ros/humble /usr/bin/cmake --install /home/robomaven/ws/ws3_moveit2_pick_place/build/rviz_marker_tools
