[0.007s] Invoking command in '/home/robomaven/activity1_ws/build/activity1_cpp_pkg': CMAKE_PREFIX_PATH=${CMAKE_PREFIX_PATH}:/home/robomaven/activity1_ws/install/activity1_py_pkg:/home/robomaven/ros2_ws/install/my_py_pkg:/opt/ros/humble /usr/bin/cmake --build /home/robomaven/activity1_ws/build/activity1_cpp_pkg -- -j20 -l20
[0.022s] -- Found ament_cmake: 1.3.8 (/opt/ros/humble/share/ament_cmake/cmake)
[0.117s] -- Found rclcpp: 16.0.8 (/opt/ros/humble/share/rclcpp/cmake)
[0.135s] -- Found rosidl_generator_c: 3.1.5 (/opt/ros/humble/share/rosidl_generator_c/cmake)
[0.137s] -- Found rosidl_adapter: 3.1.5 (/opt/ros/humble/share/rosidl_adapter/cmake)
[0.141s] -- Found rosidl_generator_cpp: 3.1.5 (/opt/ros/humble/share/rosidl_generator_cpp/cmake)
[0.148s] -- Using all available rosidl_typesupport_c: rosidl_typesupport_fastrtps_c;rosidl_typesupport_introspection_c
[0.158s] -- Using all available rosidl_typesupport_cpp: rosidl_typesupport_fastrtps_cpp;rosidl_typesupport_introspection_cpp
[0.195s] -- Found rmw_implementation_cmake: 6.1.1 (/opt/ros/humble/share/rmw_implementation_cmake/cmake)
[0.196s] -- Found rmw_fastrtps_cpp: 6.2.6 (/opt/ros/humble/share/rmw_fastrtps_cpp/cmake)
[0.271s] -- Using RMW implementation 'rmw_fastrtps_cpp' as default
[0.372s] -- Found example_interfaces: 0.9.3 (/opt/ros/humble/share/example_interfaces/cmake)
[0.502s] -- Configuring done
[0.509s] -- Generating done
[0.510s] -- Build files have been written to: /home/robomaven/activity1_ws/build/activity1_cpp_pkg
[0.528s] [35m[1mConsolidate compiler generated dependencies of target number_publisher[0m
[0.534s] [ 25%] [32mBuilding CXX object CMakeFiles/number_counter.dir/src/number_counter_cpp_node_file.cpp.o[0m
[0.538s] [ 50%] [32mBuilding CXX object CMakeFiles/number_publisher.dir/src/number_publisher_cpp_node_file.cpp.o[0m
[1.917s] In file included from [01m[K/opt/ros/humble/include/rclcpp/rclcpp/logging.hpp:24[m[K,
[1.917s]                  from [01m[K/opt/ros/humble/include/rclcpp/rclcpp/client.hpp:40[m[K,
[1.918s]                  from [01m[K/opt/ros/humble/include/rclcpp/rclcpp/callback_group.hpp:24[m[K,
[1.918s]                  from [01m[K/opt/ros/humble/include/rclcpp/rclcpp/any_executable.hpp:20[m[K,
[1.918s]                  from [01m[K/opt/ros/humble/include/rclcpp/rclcpp/memory_strategy.hpp:25[m[K,
[1.918s]                  from [01m[K/opt/ros/humble/include/rclcpp/rclcpp/memory_strategies.hpp:18[m[K,
[1.918s]                  from [01m[K/opt/ros/humble/include/rclcpp/rclcpp/executor_options.hpp:20[m[K,
[1.918s]                  from [01m[K/opt/ros/humble/include/rclcpp/rclcpp/executor.hpp:37[m[K,
[1.918s]                  from [01m[K/opt/ros/humble/include/rclcpp/rclcpp/executors/multi_threaded_executor.hpp:25[m[K,
[1.918s]                  from [01m[K/opt/ros/humble/include/rclcpp/rclcpp/executors.hpp:21[m[K,
[1.918s]                  from [01m[K/opt/ros/humble/include/rclcpp/rclcpp/rclcpp.hpp:155[m[K,
[1.918s]                  from [01m[K/home/robomaven/activity1_ws/src/activity1_cpp_pkg/src/number_counter_cpp_node_file.cpp:1[m[K:
[1.918s] [01m[K/home/robomaven/activity1_ws/src/activity1_cpp_pkg/src/number_counter_cpp_node_file.cpp:[m[K In member function ‘[01m[Kvoid NumberCounterNode::callbackNumber(example_interfaces::msg::Int64_<std::allocator<void> >::SharedPtr)[m[K’:
[1.918s] [01m[K/home/robomaven/activity1_ws/src/activity1_cpp_pkg/src/number_counter_cpp_node_file.cpp:20:41:[m[K [01;35m[Kwarning: [m[Kformat ‘[01m[K%d[m[K’ expects argument of type ‘[01m[Kint[m[K’, but argument 5 has type ‘[01m[Kexample_interfaces::msg::Int64_<std::allocator<void> >::_data_type[m[K’ {aka ‘[01m[Klong int[m[K’} [[01;35m[K]8;;https://gcc.gnu.org/onlinedocs/gcc/Warning-Options.html#index-Wformat=-Wformat=]8;;[m[K]
[1.918s]    20 |         RCLCPP_INFO(this->get_logger(), [01;35m[K"%d"[m[K, [32m[Kmsg->data[m[K);
[1.918s]       |                                         [01;35m[K^~~~[m[K  [32m[K~~~~~~~~~[m[K
[1.918s]       |                                                    [32m[K|[m[K
[1.918s]       |                                                    [32m[Kexample_interfaces::msg::Int64_<std::allocator<void> >::_data_type {aka long int}[m[K
[1.918s] [01m[K/home/robomaven/activity1_ws/src/activity1_cpp_pkg/src/number_counter_cpp_node_file.cpp:20:43:[m[K [01;36m[Knote: [m[Kformat string is defined here
[1.918s]    20 |         RCLCPP_INFO(this->get_logger(), "[01;36m[K%d[m[K", msg->data);
[1.918s]       |                                          [01;36m[K~^[m[K
[1.918s]       |                                           [01;36m[K|[m[K
[1.918s]       |                                           [01;36m[Kint[m[K
[1.918s]       |                                          [32m[K%ld[m[K
[3.111s] [ 75%] [32m[1mLinking CXX executable number_publisher[0m
[3.231s] [ 75%] Built target number_publisher
[5.398s] [100%] [32m[1mLinking CXX executable number_counter[0m
[5.628s] [100%] Built target number_counter
[5.639s] Invoked command in '/home/robomaven/activity1_ws/build/activity1_cpp_pkg' returned '0': CMAKE_PREFIX_PATH=${CMAKE_PREFIX_PATH}:/home/robomaven/activity1_ws/install/activity1_py_pkg:/home/robomaven/ros2_ws/install/my_py_pkg:/opt/ros/humble /usr/bin/cmake --build /home/robomaven/activity1_ws/build/activity1_cpp_pkg -- -j20 -l20
[5.671s] Invoking command in '/home/robomaven/activity1_ws/build/activity1_cpp_pkg': CMAKE_PREFIX_PATH=${CMAKE_PREFIX_PATH}:/home/robomaven/activity1_ws/install/activity1_py_pkg:/home/robomaven/ros2_ws/install/my_py_pkg:/opt/ros/humble /usr/bin/cmake --install /home/robomaven/activity1_ws/build/activity1_cpp_pkg
[5.678s] -- Install configuration: ""
[5.679s] -- Installing: /home/robomaven/activity1_ws/install/activity1_cpp_pkg/lib/activity1_cpp_pkg/number_publisher
[5.680s] -- Set runtime path of "/home/robomaven/activity1_ws/install/activity1_cpp_pkg/lib/activity1_cpp_pkg/number_publisher" to ""
[5.680s] -- Installing: /home/robomaven/activity1_ws/install/activity1_cpp_pkg/lib/activity1_cpp_pkg/number_counter
[5.683s] -- Set runtime path of "/home/robomaven/activity1_ws/install/activity1_cpp_pkg/lib/activity1_cpp_pkg/number_counter" to ""
[5.683s] -- Up-to-date: /home/robomaven/activity1_ws/install/activity1_cpp_pkg/share/ament_index/resource_index/package_run_dependencies/activity1_cpp_pkg
[5.683s] -- Up-to-date: /home/robomaven/activity1_ws/install/activity1_cpp_pkg/share/ament_index/resource_index/parent_prefix_path/activity1_cpp_pkg
[5.683s] -- Up-to-date: /home/robomaven/activity1_ws/install/activity1_cpp_pkg/share/activity1_cpp_pkg/environment/ament_prefix_path.sh
[5.683s] -- Installing: /home/robomaven/activity1_ws/install/activity1_cpp_pkg/share/activity1_cpp_pkg/environment/ament_prefix_path.dsv
[5.683s] -- Up-to-date: /home/robomaven/activity1_ws/install/activity1_cpp_pkg/share/activity1_cpp_pkg/environment/path.sh
[5.684s] -- Installing: /home/robomaven/activity1_ws/install/activity1_cpp_pkg/share/activity1_cpp_pkg/environment/path.dsv
[5.684s] -- Up-to-date: /home/robomaven/activity1_ws/install/activity1_cpp_pkg/share/activity1_cpp_pkg/local_setup.bash
[5.684s] -- Up-to-date: /home/robomaven/activity1_ws/install/activity1_cpp_pkg/share/activity1_cpp_pkg/local_setup.sh
[5.684s] -- Up-to-date: /home/robomaven/activity1_ws/install/activity1_cpp_pkg/share/activity1_cpp_pkg/local_setup.zsh
[5.684s] -- Installing: /home/robomaven/activity1_ws/install/activity1_cpp_pkg/share/activity1_cpp_pkg/local_setup.dsv
[5.684s] -- Installing: /home/robomaven/activity1_ws/install/activity1_cpp_pkg/share/activity1_cpp_pkg/package.dsv
[5.684s] -- Up-to-date: /home/robomaven/activity1_ws/install/activity1_cpp_pkg/share/ament_index/resource_index/packages/activity1_cpp_pkg
[5.684s] -- Up-to-date: /home/robomaven/activity1_ws/install/activity1_cpp_pkg/share/activity1_cpp_pkg/cmake/activity1_cpp_pkgConfig.cmake
[5.684s] -- Up-to-date: /home/robomaven/activity1_ws/install/activity1_cpp_pkg/share/activity1_cpp_pkg/cmake/activity1_cpp_pkgConfig-version.cmake
[5.684s] -- Up-to-date: /home/robomaven/activity1_ws/install/activity1_cpp_pkg/share/activity1_cpp_pkg/package.xml
[5.685s] Invoked command in '/home/robomaven/activity1_ws/build/activity1_cpp_pkg' returned '0': CMAKE_PREFIX_PATH=${CMAKE_PREFIX_PATH}:/home/robomaven/activity1_ws/install/activity1_py_pkg:/home/robomaven/ros2_ws/install/my_py_pkg:/opt/ros/humble /usr/bin/cmake --install /home/robomaven/activity1_ws/build/activity1_cpp_pkg
