[0.006s] Invoking command in '/home/robomaven/ws/ros2_ws2_project/build/my_robot_description': CMAKE_PREFIX_PATH=/opt/ros/humble /usr/bin/cmake /home/robomaven/ws/ros2_ws2_project/src/my_robot_description -DCMAKE_INSTALL_PREFIX=/home/robomaven/ws/ros2_ws2_project/install/my_robot_description
[0.051s] -- The C compiler identification is GNU 11.4.0
[0.097s] -- The CXX compiler identification is GNU 11.4.0
[0.101s] -- Detecting C compiler ABI info
[0.162s] -- Detecting C compiler ABI info - done
[0.166s] -- Check for working C compiler: /usr/bin/cc - skipped
[0.166s] -- Detecting C compile features
[0.167s] -- Detecting C compile features - done
[0.169s] -- Detecting CXX compiler ABI info
[0.218s] -- Detecting CXX compiler ABI info - done
[0.223s] -- Check for working CXX compiler: /usr/bin/c++ - skipped
[0.223s] -- Detecting CXX compile features
[0.224s] -- Detecting CXX compile features - done
[0.225s] -- Found ament_cmake: 1.3.9 (/opt/ros/humble/share/ament_cmake/cmake)
[0.353s] -- Found Python3: /usr/bin/python3 (found version "3.10.12") found components: Interpreter 
[0.451s] -- Configuring done
[0.453s] -- Generating done
[0.453s] -- Build files have been written to: /home/robomaven/ws/ros2_ws2_project/build/my_robot_description
[0.456s] Invoked command in '/home/robomaven/ws/ros2_ws2_project/build/my_robot_description' returned '0': CMAKE_PREFIX_PATH=/opt/ros/humble /usr/bin/cmake /home/robomaven/ws/ros2_ws2_project/src/my_robot_description -DCMAKE_INSTALL_PREFIX=/home/robomaven/ws/ros2_ws2_project/install/my_robot_description
[0.457s] Invoking command in '/home/robomaven/ws/ros2_ws2_project/build/my_robot_description': CMAKE_PREFIX_PATH=/opt/ros/humble /usr/bin/cmake --build /home/robomaven/ws/ros2_ws2_project/build/my_robot_description -- -j20 -l20
[0.484s] Invoked command in '/home/robomaven/ws/ros2_ws2_project/build/my_robot_description' returned '0': CMAKE_PREFIX_PATH=/opt/ros/humble /usr/bin/cmake --build /home/robomaven/ws/ros2_ws2_project/build/my_robot_description -- -j20 -l20
[0.514s] Invoking command in '/home/robomaven/ws/ros2_ws2_project/build/my_robot_description': CMAKE_PREFIX_PATH=/opt/ros/humble /usr/bin/cmake --install /home/robomaven/ws/ros2_ws2_project/build/my_robot_description
[0.521s] -- Install configuration: ""
[0.521s] -- Installing: /home/robomaven/ws/ros2_ws2_project/install/my_robot_description/share/my_robot_description//urdf
[0.522s] -- Installing: /home/robomaven/ws/ros2_ws2_project/install/my_robot_description/share/my_robot_description//urdf/my_robot.urdf.xacro
[0.522s] -- Installing: /home/robomaven/ws/ros2_ws2_project/install/my_robot_description/share/my_robot_description//urdf/camera.xacro
[0.522s] -- Installing: /home/robomaven/ws/ros2_ws2_project/install/my_robot_description/share/my_robot_description//urdf/common_properties.xacro
[0.522s] -- Installing: /home/robomaven/ws/ros2_ws2_project/install/my_robot_description/share/my_robot_description//urdf/mobile_base.xacro
[0.522s] -- Installing: /home/robomaven/ws/ros2_ws2_project/install/my_robot_description/share/my_robot_description//urdf/mobile_base_gazebo.xacro
[0.522s] -- Installing: /home/robomaven/ws/ros2_ws2_project/install/my_robot_description/share/my_robot_description//urdf/arm_gazebo.xacro
[0.522s] -- Installing: /home/robomaven/ws/ros2_ws2_project/install/my_robot_description/share/my_robot_description//urdf/standalone_arm.urdf.xacro
[0.522s] -- Installing: /home/robomaven/ws/ros2_ws2_project/install/my_robot_description/share/my_robot_description//urdf/arm.xacro
[0.522s] -- Installing: /home/robomaven/ws/ros2_ws2_project/install/my_robot_description/share/my_robot_description//launch
[0.522s] -- Installing: /home/robomaven/ws/ros2_ws2_project/install/my_robot_description/share/my_robot_description//launch/display.launch.py
[0.522s] -- Installing: /home/robomaven/ws/ros2_ws2_project/install/my_robot_description/share/my_robot_description//launch/display.launch.xml
[0.522s] -- Installing: /home/robomaven/ws/ros2_ws2_project/install/my_robot_description/share/my_robot_description//rviz
[0.522s] -- Installing: /home/robomaven/ws/ros2_ws2_project/install/my_robot_description/share/my_robot_description//rviz/urdf_config.rviz
[0.523s] -- Installing: /home/robomaven/ws/ros2_ws2_project/install/my_robot_description/share/ament_index/resource_index/package_run_dependencies/my_robot_description
[0.523s] -- Installing: /home/robomaven/ws/ros2_ws2_project/install/my_robot_description/share/ament_index/resource_index/parent_prefix_path/my_robot_description
[0.523s] -- Installing: /home/robomaven/ws/ros2_ws2_project/install/my_robot_description/share/my_robot_description/environment/ament_prefix_path.sh
[0.523s] -- Installing: /home/robomaven/ws/ros2_ws2_project/install/my_robot_description/share/my_robot_description/environment/ament_prefix_path.dsv
[0.523s] -- Installing: /home/robomaven/ws/ros2_ws2_project/install/my_robot_description/share/my_robot_description/environment/path.sh
[0.523s] -- Installing: /home/robomaven/ws/ros2_ws2_project/install/my_robot_description/share/my_robot_description/environment/path.dsv
[0.523s] -- Installing: /home/robomaven/ws/ros2_ws2_project/install/my_robot_description/share/my_robot_description/local_setup.bash
[0.523s] -- Installing: /home/robomaven/ws/ros2_ws2_project/install/my_robot_description/share/my_robot_description/local_setup.sh
[0.523s] -- Installing: /home/robomaven/ws/ros2_ws2_project/install/my_robot_description/share/my_robot_description/local_setup.zsh
[0.523s] -- Installing: /home/robomaven/ws/ros2_ws2_project/install/my_robot_description/share/my_robot_description/local_setup.dsv
[0.524s] -- Installing: /home/robomaven/ws/ros2_ws2_project/install/my_robot_description/share/my_robot_description/package.dsv
[0.524s] -- Installing: /home/robomaven/ws/ros2_ws2_project/install/my_robot_description/share/ament_index/resource_index/packages/my_robot_description
[0.524s] -- Installing: /home/robomaven/ws/ros2_ws2_project/install/my_robot_description/share/my_robot_description/cmake/my_robot_descriptionConfig.cmake
[0.524s] -- Installing: /home/robomaven/ws/ros2_ws2_project/install/my_robot_description/share/my_robot_description/cmake/my_robot_descriptionConfig-version.cmake
[0.524s] -- Installing: /home/robomaven/ws/ros2_ws2_project/install/my_robot_description/share/my_robot_description/package.xml
[0.526s] Invoked command in '/home/robomaven/ws/ros2_ws2_project/build/my_robot_description' returned '0': CMAKE_PREFIX_PATH=/opt/ros/humble /usr/bin/cmake --install /home/robomaven/ws/ros2_ws2_project/build/my_robot_description
