[0.010s] Invoking command in '/home/robomaven/turtlebot3_ws/build/turtlebot3_bringup': AMENT_PREFIX_PATH=/home/robomaven/turtlebot3_ws/install/turtlebot3_node:/home/robomaven/turtlebot3_ws/install/turtlebot3_description:${AMENT_PREFIX_PATH} CMAKE_PREFIX_PATH=/home/robomaven/turtlebot3_ws/install/turtlebot3_node:/home/robomaven/turtlebot3_ws/install/turtlebot3_description:/home/robomaven/ros2_ws3/install/my_robot_interfaces:/home/robomaven/activity1_ws/install/activity1_robot_bringup:/home/robomaven/activity1_ws/install/activity1_cpp_pkg:/home/robomaven/activity1_ws/install/activity1_interfaces:/home/robomaven/ros2_ws2/install/my_robot_bringup:/home/robomaven/ros2_ws2/install/my_robot_description:/home/robomaven/ros2_ws3/install/actions_py:/home/robomaven/activity1_ws/install/activity1_py_pkg:/opt/ros/humble /usr/bin/cmake /home/robomaven/turtlebot3_ws/src/turtlebot3/turtlebot3_bringup -DCMAKE_INSTALL_PREFIX=/home/robomaven/turtlebot3_ws/install/turtlebot3_bringup
[0.069s] -- The C compiler identification is GNU 11.4.0
[0.121s] -- The CXX compiler identification is GNU 11.4.0
[0.126s] -- Detecting C compiler ABI info
[0.182s] -- Detecting C compiler ABI info - done
[0.188s] -- Check for working C compiler: /usr/bin/cc - skipped
[0.188s] -- Detecting C compile features
[0.189s] -- Detecting C compile features - done
[0.191s] -- Detecting CXX compiler ABI info
[0.260s] -- Detecting CXX compiler ABI info - done
[0.265s] -- Check for working CXX compiler: /usr/bin/c++ - skipped
[0.266s] -- Detecting CXX compile features
[0.266s] -- Detecting CXX compile features - done
[0.268s] -- Found ament_cmake: 1.3.9 (/opt/ros/humble/share/ament_cmake/cmake)
[0.373s] -- Found Python3: /usr/bin/python3 (found version "3.10.12") found components: Interpreter 
[0.478s] -- Configuring done
[0.479s] -- Generating done
[0.479s] -- Build files have been written to: /home/robomaven/turtlebot3_ws/build/turtlebot3_bringup
[0.483s] Invoked command in '/home/robomaven/turtlebot3_ws/build/turtlebot3_bringup' returned '0': AMENT_PREFIX_PATH=/home/robomaven/turtlebot3_ws/install/turtlebot3_node:/home/robomaven/turtlebot3_ws/install/turtlebot3_description:${AMENT_PREFIX_PATH} CMAKE_PREFIX_PATH=/home/robomaven/turtlebot3_ws/install/turtlebot3_node:/home/robomaven/turtlebot3_ws/install/turtlebot3_description:/home/robomaven/ros2_ws3/install/my_robot_interfaces:/home/robomaven/activity1_ws/install/activity1_robot_bringup:/home/robomaven/activity1_ws/install/activity1_cpp_pkg:/home/robomaven/activity1_ws/install/activity1_interfaces:/home/robomaven/ros2_ws2/install/my_robot_bringup:/home/robomaven/ros2_ws2/install/my_robot_description:/home/robomaven/ros2_ws3/install/actions_py:/home/robomaven/activity1_ws/install/activity1_py_pkg:/opt/ros/humble /usr/bin/cmake /home/robomaven/turtlebot3_ws/src/turtlebot3/turtlebot3_bringup -DCMAKE_INSTALL_PREFIX=/home/robomaven/turtlebot3_ws/install/turtlebot3_bringup
[0.483s] Invoking command in '/home/robomaven/turtlebot3_ws/build/turtlebot3_bringup': AMENT_PREFIX_PATH=/home/robomaven/turtlebot3_ws/install/turtlebot3_node:/home/robomaven/turtlebot3_ws/install/turtlebot3_description:${AMENT_PREFIX_PATH} CMAKE_PREFIX_PATH=/home/robomaven/turtlebot3_ws/install/turtlebot3_node:/home/robomaven/turtlebot3_ws/install/turtlebot3_description:/home/robomaven/ros2_ws3/install/my_robot_interfaces:/home/robomaven/activity1_ws/install/activity1_robot_bringup:/home/robomaven/activity1_ws/install/activity1_cpp_pkg:/home/robomaven/activity1_ws/install/activity1_interfaces:/home/robomaven/ros2_ws2/install/my_robot_bringup:/home/robomaven/ros2_ws2/install/my_robot_description:/home/robomaven/ros2_ws3/install/actions_py:/home/robomaven/activity1_ws/install/activity1_py_pkg:/opt/ros/humble /usr/bin/cmake --build /home/robomaven/turtlebot3_ws/build/turtlebot3_bringup -- -j20 -l20
[0.508s] Invoked command in '/home/robomaven/turtlebot3_ws/build/turtlebot3_bringup' returned '0': AMENT_PREFIX_PATH=/home/robomaven/turtlebot3_ws/install/turtlebot3_node:/home/robomaven/turtlebot3_ws/install/turtlebot3_description:${AMENT_PREFIX_PATH} CMAKE_PREFIX_PATH=/home/robomaven/turtlebot3_ws/install/turtlebot3_node:/home/robomaven/turtlebot3_ws/install/turtlebot3_description:/home/robomaven/ros2_ws3/install/my_robot_interfaces:/home/robomaven/activity1_ws/install/activity1_robot_bringup:/home/robomaven/activity1_ws/install/activity1_cpp_pkg:/home/robomaven/activity1_ws/install/activity1_interfaces:/home/robomaven/ros2_ws2/install/my_robot_bringup:/home/robomaven/ros2_ws2/install/my_robot_description:/home/robomaven/ros2_ws3/install/actions_py:/home/robomaven/activity1_ws/install/activity1_py_pkg:/opt/ros/humble /usr/bin/cmake --build /home/robomaven/turtlebot3_ws/build/turtlebot3_bringup -- -j20 -l20
[0.527s] Invoking command in '/home/robomaven/turtlebot3_ws/build/turtlebot3_bringup': AMENT_PREFIX_PATH=/home/robomaven/turtlebot3_ws/install/turtlebot3_node:/home/robomaven/turtlebot3_ws/install/turtlebot3_description:${AMENT_PREFIX_PATH} CMAKE_PREFIX_PATH=/home/robomaven/turtlebot3_ws/install/turtlebot3_node:/home/robomaven/turtlebot3_ws/install/turtlebot3_description:/home/robomaven/ros2_ws3/install/my_robot_interfaces:/home/robomaven/activity1_ws/install/activity1_robot_bringup:/home/robomaven/activity1_ws/install/activity1_cpp_pkg:/home/robomaven/activity1_ws/install/activity1_interfaces:/home/robomaven/ros2_ws2/install/my_robot_bringup:/home/robomaven/ros2_ws2/install/my_robot_description:/home/robomaven/ros2_ws3/install/actions_py:/home/robomaven/activity1_ws/install/activity1_py_pkg:/opt/ros/humble /usr/bin/cmake --install /home/robomaven/turtlebot3_ws/build/turtlebot3_bringup
[0.534s] -- Install configuration: ""
[0.535s] -- Installing: /home/robomaven/turtlebot3_ws/install/turtlebot3_bringup/share/turtlebot3_bringup/launch
[0.535s] -- Installing: /home/robomaven/turtlebot3_ws/install/turtlebot3_bringup/share/turtlebot3_bringup/launch/turtlebot3_state_publisher.launch.py
[0.535s] -- Installing: /home/robomaven/turtlebot3_ws/install/turtlebot3_bringup/share/turtlebot3_bringup/launch/rviz2.launch.py
[0.535s] -- Installing: /home/robomaven/turtlebot3_ws/install/turtlebot3_bringup/share/turtlebot3_bringup/launch/robot.launch.py
[0.536s] -- Installing: /home/robomaven/turtlebot3_ws/install/turtlebot3_bringup/share/turtlebot3_bringup/param
[0.536s] -- Installing: /home/robomaven/turtlebot3_ws/install/turtlebot3_bringup/share/turtlebot3_bringup/param/waffle.yaml
[0.536s] -- Installing: /home/robomaven/turtlebot3_ws/install/turtlebot3_bringup/share/turtlebot3_bringup/param/burger.yaml
[0.536s] -- Installing: /home/robomaven/turtlebot3_ws/install/turtlebot3_bringup/share/turtlebot3_bringup/param/waffle_pi.yaml
[0.536s] -- Installing: /home/robomaven/turtlebot3_ws/install/turtlebot3_bringup/share/turtlebot3_bringup/script
[0.536s] -- Installing: /home/robomaven/turtlebot3_ws/install/turtlebot3_bringup/share/turtlebot3_bringup/script/create_udev_rules
[0.536s] -- Installing: /home/robomaven/turtlebot3_ws/install/turtlebot3_bringup/share/turtlebot3_bringup/script/99-turtlebot3-cdc.rules
[0.536s] -- Installing: /home/robomaven/turtlebot3_ws/install/turtlebot3_bringup/share/ament_index/resource_index/package_run_dependencies/turtlebot3_bringup
[0.536s] -- Installing: /home/robomaven/turtlebot3_ws/install/turtlebot3_bringup/share/ament_index/resource_index/parent_prefix_path/turtlebot3_bringup
[0.536s] -- Installing: /home/robomaven/turtlebot3_ws/install/turtlebot3_bringup/share/turtlebot3_bringup/environment/ament_prefix_path.sh
[0.537s] -- Installing: /home/robomaven/turtlebot3_ws/install/turtlebot3_bringup/share/turtlebot3_bringup/environment/ament_prefix_path.dsv
[0.537s] -- Installing: /home/robomaven/turtlebot3_ws/install/turtlebot3_bringup/share/turtlebot3_bringup/environment/path.sh
[0.537s] -- Installing: /home/robomaven/turtlebot3_ws/install/turtlebot3_bringup/share/turtlebot3_bringup/environment/path.dsv
[0.537s] -- Installing: /home/robomaven/turtlebot3_ws/install/turtlebot3_bringup/share/turtlebot3_bringup/local_setup.bash
[0.537s] -- Installing: /home/robomaven/turtlebot3_ws/install/turtlebot3_bringup/share/turtlebot3_bringup/local_setup.sh
[0.537s] -- Installing: /home/robomaven/turtlebot3_ws/install/turtlebot3_bringup/share/turtlebot3_bringup/local_setup.zsh
[0.537s] -- Installing: /home/robomaven/turtlebot3_ws/install/turtlebot3_bringup/share/turtlebot3_bringup/local_setup.dsv
[0.537s] -- Installing: /home/robomaven/turtlebot3_ws/install/turtlebot3_bringup/share/turtlebot3_bringup/package.dsv
[0.537s] -- Installing: /home/robomaven/turtlebot3_ws/install/turtlebot3_bringup/share/ament_index/resource_index/packages/turtlebot3_bringup
[0.537s] -- Installing: /home/robomaven/turtlebot3_ws/install/turtlebot3_bringup/share/turtlebot3_bringup/cmake/turtlebot3_bringupConfig.cmake
[0.537s] -- Installing: /home/robomaven/turtlebot3_ws/install/turtlebot3_bringup/share/turtlebot3_bringup/cmake/turtlebot3_bringupConfig-version.cmake
[0.537s] -- Installing: /home/robomaven/turtlebot3_ws/install/turtlebot3_bringup/share/turtlebot3_bringup/package.xml
[0.538s] Invoked command in '/home/robomaven/turtlebot3_ws/build/turtlebot3_bringup' returned '0': AMENT_PREFIX_PATH=/home/robomaven/turtlebot3_ws/install/turtlebot3_node:/home/robomaven/turtlebot3_ws/install/turtlebot3_description:${AMENT_PREFIX_PATH} CMAKE_PREFIX_PATH=/home/robomaven/turtlebot3_ws/install/turtlebot3_node:/home/robomaven/turtlebot3_ws/install/turtlebot3_description:/home/robomaven/ros2_ws3/install/my_robot_interfaces:/home/robomaven/activity1_ws/install/activity1_robot_bringup:/home/robomaven/activity1_ws/install/activity1_cpp_pkg:/home/robomaven/activity1_ws/install/activity1_interfaces:/home/robomaven/ros2_ws2/install/my_robot_bringup:/home/robomaven/ros2_ws2/install/my_robot_description:/home/robomaven/ros2_ws3/install/actions_py:/home/robomaven/activity1_ws/install/activity1_py_pkg:/opt/ros/humble /usr/bin/cmake --install /home/robomaven/turtlebot3_ws/build/turtlebot3_bringup
