[0.007s] Invoking command in '/home/robomaven/ws/ros2_ws3/build/components_cpp': CMAKE_PREFIX_PATH=${CMAKE_PREFIX_PATH}:/home/robomaven/ws/ros2_ws3/install/components_py:/home/robomaven/ws/ros2_ws3/install/executors_py:/home/robomaven/ws/ros2_ws3/install/actions_py:/home/robomaven/ws/ros2_ws3/install/lifecycle_py:/opt/ros/humble /usr/bin/cmake --build /home/robomaven/ws/ros2_ws3/build/components_cpp -- -j20 -l20
[0.023s] -- Found ament_cmake: 1.3.9 (/opt/ros/humble/share/ament_cmake/cmake)
[0.115s] -- Found rclcpp: 16.0.9 (/opt/ros/humble/share/rclcpp/cmake)
[0.138s] -- Found rosidl_generator_c: 3.1.5 (/opt/ros/humble/share/rosidl_generator_c/cmake)
[0.139s] -- Found rosidl_adapter: 3.1.5 (/opt/ros/humble/share/rosidl_adapter/cmake)
[0.143s] -- Found rosidl_generator_cpp: 3.1.5 (/opt/ros/humble/share/rosidl_generator_cpp/cmake)
[0.152s] -- Using all available rosidl_typesupport_c: rosidl_typesupport_fastrtps_c;rosidl_typesupport_introspection_c
[0.162s] -- Using all available rosidl_typesupport_cpp: rosidl_typesupport_fastrtps_cpp;rosidl_typesupport_introspection_cpp
[0.200s] -- Found rmw_implementation_cmake: 6.1.2 (/opt/ros/humble/share/rmw_implementation_cmake/cmake)
[0.201s] -- Found rmw_fastrtps_cpp: 6.2.6 (/opt/ros/humble/share/rmw_fastrtps_cpp/cmake)
[0.278s] -- Using RMW implementation 'rmw_fastrtps_cpp' as default
[0.380s] -- Found rclcpp_components: 16.0.9 (/opt/ros/humble/share/rclcpp_components/cmake)
[0.418s] -- Found example_interfaces: 0.9.3 (/opt/ros/humble/share/example_interfaces/cmake)
[0.549s] -- Configuring done
[0.556s] -- Generating done
[0.557s] -- Build files have been written to: /home/robomaven/ws/ros2_ws3/build/components_cpp
[0.577s] [35m[1mConsolidate compiler generated dependencies of target manual_composition[0m
[0.582s] [ 16%] [32mBuilding CXX object CMakeFiles/number_pub_component.dir/src/number_publisher.cpp.o[0m
[0.590s] [ 83%] Built target manual_composition
[3.170s] [100%] [32m[1mLinking CXX shared library libnumber_pub_component.so[0m
[3.304s] [100%] Built target number_pub_component
[3.312s] Invoked command in '/home/robomaven/ws/ros2_ws3/build/components_cpp' returned '0': CMAKE_PREFIX_PATH=${CMAKE_PREFIX_PATH}:/home/robomaven/ws/ros2_ws3/install/components_py:/home/robomaven/ws/ros2_ws3/install/executors_py:/home/robomaven/ws/ros2_ws3/install/actions_py:/home/robomaven/ws/ros2_ws3/install/lifecycle_py:/opt/ros/humble /usr/bin/cmake --build /home/robomaven/ws/ros2_ws3/build/components_cpp -- -j20 -l20
[3.361s] Invoking command in '/home/robomaven/ws/ros2_ws3/build/components_cpp': CMAKE_PREFIX_PATH=${CMAKE_PREFIX_PATH}:/home/robomaven/ws/ros2_ws3/install/components_py:/home/robomaven/ws/ros2_ws3/install/executors_py:/home/robomaven/ws/ros2_ws3/install/actions_py:/home/robomaven/ws/ros2_ws3/install/lifecycle_py:/opt/ros/humble /usr/bin/cmake --install /home/robomaven/ws/ros2_ws3/build/components_cpp
[3.370s] -- Install configuration: ""
[3.371s] -- Up-to-date: /home/robomaven/ws/ros2_ws3/install/components_cpp/lib/components_cpp/manual_composition
[3.371s] -- Installing: /home/robomaven/ws/ros2_ws3/install/components_cpp/lib/libnumber_pub_component.so
[3.373s] -- Set runtime path of "/home/robomaven/ws/ros2_ws3/install/components_cpp/lib/libnumber_pub_component.so" to ""
[3.373s] -- Installing: /home/robomaven/ws/ros2_ws3/install/components_cpp/share/ament_index/resource_index/package_run_dependencies/components_cpp
[3.373s] -- Up-to-date: /home/robomaven/ws/ros2_ws3/install/components_cpp/share/ament_index/resource_index/parent_prefix_path/components_cpp
[3.373s] -- Up-to-date: /home/robomaven/ws/ros2_ws3/install/components_cpp/share/components_cpp/environment/ament_prefix_path.sh
[3.373s] -- Installing: /home/robomaven/ws/ros2_ws3/install/components_cpp/share/components_cpp/environment/ament_prefix_path.dsv
[3.373s] -- Up-to-date: /home/robomaven/ws/ros2_ws3/install/components_cpp/share/components_cpp/environment/path.sh
[3.373s] -- Installing: /home/robomaven/ws/ros2_ws3/install/components_cpp/share/components_cpp/environment/path.dsv
[3.373s] -- Up-to-date: /home/robomaven/ws/ros2_ws3/install/components_cpp/share/components_cpp/local_setup.bash
[3.374s] -- Up-to-date: /home/robomaven/ws/ros2_ws3/install/components_cpp/share/components_cpp/local_setup.sh
[3.374s] -- Up-to-date: /home/robomaven/ws/ros2_ws3/install/components_cpp/share/components_cpp/local_setup.zsh
[3.374s] -- Installing: /home/robomaven/ws/ros2_ws3/install/components_cpp/share/components_cpp/local_setup.dsv
[3.374s] -- Installing: /home/robomaven/ws/ros2_ws3/install/components_cpp/share/components_cpp/package.dsv
[3.374s] -- Up-to-date: /home/robomaven/ws/ros2_ws3/install/components_cpp/share/ament_index/resource_index/packages/components_cpp
[3.374s] -- Installing: /home/robomaven/ws/ros2_ws3/install/components_cpp/share/ament_index/resource_index/rclcpp_components/components_cpp
[3.374s] -- Up-to-date: /home/robomaven/ws/ros2_ws3/install/components_cpp/share/components_cpp/cmake/components_cppConfig.cmake
[3.374s] -- Up-to-date: /home/robomaven/ws/ros2_ws3/install/components_cpp/share/components_cpp/cmake/components_cppConfig-version.cmake
[3.374s] -- Installing: /home/robomaven/ws/ros2_ws3/install/components_cpp/share/components_cpp/package.xml
[3.376s] Invoked command in '/home/robomaven/ws/ros2_ws3/build/components_cpp' returned '0': CMAKE_PREFIX_PATH=${CMAKE_PREFIX_PATH}:/home/robomaven/ws/ros2_ws3/install/components_py:/home/robomaven/ws/ros2_ws3/install/executors_py:/home/robomaven/ws/ros2_ws3/install/actions_py:/home/robomaven/ws/ros2_ws3/install/lifecycle_py:/opt/ros/humble /usr/bin/cmake --install /home/robomaven/ws/ros2_ws3/build/components_cpp
