[0.012s] Invoking command in '/home/robomaven/ws/ws3_moveit2_pick_place/build/moveit_task_constructor_msgs': CMAKE_PREFIX_PATH=${CMAKE_PREFIX_PATH}:/home/robomaven/ws/ws_moveit2/install/moveit_configs_utils:/home/robomaven/ws/ws_moveit2/install/launch_param_builder:/opt/ros/humble /usr/bin/cmake /home/robomaven/ws/ws3_moveit2_pick_place/src/moveit_task_constructor/msgs -DCMAKE_INSTALL_PREFIX=/home/robomaven/ws/ws3_moveit2_pick_place/install/moveit_task_constructor_msgs
[0.025s] -- Found ament_cmake: 1.3.9 (/opt/ros/humble/share/ament_cmake/cmake)
[0.121s] -- Found builtin_interfaces: 1.2.1 (/opt/ros/humble/share/builtin_interfaces/cmake)
[0.145s] -- Found rosidl_generator_c: 3.1.5 (/opt/ros/humble/share/rosidl_generator_c/cmake)
[0.147s] -- Found rosidl_adapter: 3.1.5 (/opt/ros/humble/share/rosidl_adapter/cmake)
[0.153s] -- Found rosidl_generator_cpp: 3.1.5 (/opt/ros/humble/share/rosidl_generator_cpp/cmake)
[0.163s] -- Using all available rosidl_typesupport_c: rosidl_typesupport_fastrtps_c;rosidl_typesupport_introspection_c
[0.177s] -- Using all available rosidl_typesupport_cpp: rosidl_typesupport_fastrtps_cpp;rosidl_typesupport_introspection_cpp
[0.189s] -- Found moveit_msgs: 2.2.1 (/opt/ros/humble/share/moveit_msgs/cmake)
[0.754s] -- Found rosidl_default_generators: 1.2.0 (/opt/ros/humble/share/rosidl_default_generators/cmake)
[0.763s] -- Found visualization_msgs: 4.2.4 (/opt/ros/humble/share/visualization_msgs/cmake)
[1.118s] -- Found ament_cmake_ros: 0.10.0 (/opt/ros/humble/share/ament_cmake_ros/cmake)
[1.561s] -- Using all available rosidl_typesupport_c: rosidl_typesupport_fastrtps_c;rosidl_typesupport_introspection_c
[1.746s] -- Using all available rosidl_typesupport_cpp: rosidl_typesupport_fastrtps_cpp;rosidl_typesupport_introspection_cpp
[1.764s] -- Found python_cmake_module: 0.10.0 (/opt/ros/humble/share/python_cmake_module/cmake)
[1.781s] -- Using PYTHON_EXECUTABLE: /usr/bin/python3
[1.781s] -- Using PYTHON_INCLUDE_DIRS: /usr/include/python3.10
[1.781s] -- Using PYTHON_LIBRARIES: /usr/lib/x86_64-linux-gnu/libpython3.10.so
[1.907s] -- Configuring done
[1.953s] -- Generating done
[1.955s] -- Build files have been written to: /home/robomaven/ws/ws3_moveit2_pick_place/build/moveit_task_constructor_msgs
[1.960s] Invoked command in '/home/robomaven/ws/ws3_moveit2_pick_place/build/moveit_task_constructor_msgs' returned '0': CMAKE_PREFIX_PATH=${CMAKE_PREFIX_PATH}:/home/robomaven/ws/ws_moveit2/install/moveit_configs_utils:/home/robomaven/ws/ws_moveit2/install/launch_param_builder:/opt/ros/humble /usr/bin/cmake /home/robomaven/ws/ws3_moveit2_pick_place/src/moveit_task_constructor/msgs -DCMAKE_INSTALL_PREFIX=/home/robomaven/ws/ws3_moveit2_pick_place/install/moveit_task_constructor_msgs
[1.961s] Invoking command in '/home/robomaven/ws/ws3_moveit2_pick_place/build/moveit_task_constructor_msgs': CMAKE_PREFIX_PATH=${CMAKE_PREFIX_PATH}:/home/robomaven/ws/ws_moveit2/install/moveit_configs_utils:/home/robomaven/ws/ws_moveit2/install/launch_param_builder:/opt/ros/humble /usr/bin/cmake --build /home/robomaven/ws/ws3_moveit2_pick_place/build/moveit_task_constructor_msgs -- -j20 -l20
[2.006s] [35m[1mConsolidate compiler generated dependencies of target moveit_task_constructor_msgs__rosidl_generator_c[0m
[2.016s] [  0%] Built target moveit_task_constructor_msgs__cpp
[2.021s] [ 12%] Built target moveit_task_constructor_msgs__rosidl_generator_c
[2.023s] [ 12%] Built target ament_cmake_python_copy_moveit_task_constructor_msgs
[2.027s] [35m[1mConsolidate compiler generated dependencies of target moveit_task_constructor_msgs__rosidl_typesupport_cpp[0m
[2.028s] [35m[1mConsolidate compiler generated dependencies of target moveit_task_constructor_msgs__rosidl_typesupport_fastrtps_cpp[0m
[2.029s] [35m[1mConsolidate compiler generated dependencies of target moveit_task_constructor_msgs__rosidl_typesupport_introspection_cpp[0m
[2.034s] [35m[1mConsolidate compiler generated dependencies of target moveit_task_constructor_msgs__rosidl_typesupport_introspection_c[0m
[2.035s] [35m[1mConsolidate compiler generated dependencies of target moveit_task_constructor_msgs__rosidl_typesupport_fastrtps_c[0m
[2.040s] [35m[1mConsolidate compiler generated dependencies of target moveit_task_constructor_msgs__rosidl_typesupport_c[0m
[2.047s] [ 25%] Built target moveit_task_constructor_msgs__rosidl_typesupport_fastrtps_cpp
[2.047s] [ 35%] Built target moveit_task_constructor_msgs__rosidl_typesupport_cpp
[2.048s] [ 47%] Built target moveit_task_constructor_msgs__rosidl_typesupport_introspection_cpp
[2.048s] [ 59%] Built target moveit_task_constructor_msgs__rosidl_typesupport_introspection_c
[2.052s] [ 71%] Built target moveit_task_constructor_msgs__rosidl_typesupport_fastrtps_c
[2.054s] [ 83%] Built target moveit_task_constructor_msgs__rosidl_typesupport_c
[2.073s] [ 83%] Built target moveit_task_constructor_msgs
[2.094s] [ 84%] Built target moveit_task_constructor_msgs__py
[2.105s] [35m[1mConsolidate compiler generated dependencies of target moveit_task_constructor_msgs__rosidl_generator_py[0m
[2.122s] [ 95%] Built target moveit_task_constructor_msgs__rosidl_generator_py
[2.132s] [35m[1mConsolidate compiler generated dependencies of target moveit_task_constructor_msgs__rosidl_typesupport_fastrtps_c__pyext[0m
[2.133s] [35m[1mConsolidate compiler generated dependencies of target moveit_task_constructor_msgs__rosidl_typesupport_introspection_c__pyext[0m
[2.133s] [35m[1mConsolidate compiler generated dependencies of target moveit_task_constructor_msgs__rosidl_typesupport_c__pyext[0m
[2.145s] [ 99%] Built target moveit_task_constructor_msgs__rosidl_typesupport_introspection_c__pyext
[2.145s] [ 99%] Built target moveit_task_constructor_msgs__rosidl_typesupport_c__pyext
[2.145s] [100%] Built target moveit_task_constructor_msgs__rosidl_typesupport_fastrtps_c__pyext
[2.187s] running egg_info
[2.187s] writing moveit_task_constructor_msgs.egg-info/PKG-INFO
[2.188s] writing dependency_links to moveit_task_constructor_msgs.egg-info/dependency_links.txt
[2.188s] writing top-level names to moveit_task_constructor_msgs.egg-info/top_level.txt
[2.189s] reading manifest file 'moveit_task_constructor_msgs.egg-info/SOURCES.txt'
[2.189s] writing manifest file 'moveit_task_constructor_msgs.egg-info/SOURCES.txt'
[2.208s] [100%] Built target ament_cmake_python_build_moveit_task_constructor_msgs_egg
[2.218s] Invoked command in '/home/robomaven/ws/ws3_moveit2_pick_place/build/moveit_task_constructor_msgs' returned '0': CMAKE_PREFIX_PATH=${CMAKE_PREFIX_PATH}:/home/robomaven/ws/ws_moveit2/install/moveit_configs_utils:/home/robomaven/ws/ws_moveit2/install/launch_param_builder:/opt/ros/humble /usr/bin/cmake --build /home/robomaven/ws/ws3_moveit2_pick_place/build/moveit_task_constructor_msgs -- -j20 -l20
[2.752s] Invoking command in '/home/robomaven/ws/ws3_moveit2_pick_place/build/moveit_task_constructor_msgs': CMAKE_PREFIX_PATH=${CMAKE_PREFIX_PATH}:/home/robomaven/ws/ws_moveit2/install/moveit_configs_utils:/home/robomaven/ws/ws_moveit2/install/launch_param_builder:/opt/ros/humble /usr/bin/cmake --install /home/robomaven/ws/ws3_moveit2_pick_place/build/moveit_task_constructor_msgs
[2.764s] -- Install configuration: "Release"
[2.764s] -- Up-to-date: /home/robomaven/ws/ws3_moveit2_pick_place/install/moveit_task_constructor_msgs/share/ament_index/resource_index/rosidl_interfaces/moveit_task_constructor_msgs
[2.765s] -- Up-to-date: /home/robomaven/ws/ws3_moveit2_pick_place/install/moveit_task_constructor_msgs/include/moveit_task_constructor_msgs/moveit_task_constructor_msgs
[2.765s] -- Up-to-date: /home/robomaven/ws/ws3_moveit2_pick_place/install/moveit_task_constructor_msgs/include/moveit_task_constructor_msgs/moveit_task_constructor_msgs/srv
[2.765s] -- Up-to-date: /home/robomaven/ws/ws3_moveit2_pick_place/install/moveit_task_constructor_msgs/include/moveit_task_constructor_msgs/moveit_task_constructor_msgs/srv/get_solution.h
[2.765s] -- Up-to-date: /home/robomaven/ws/ws3_moveit2_pick_place/install/moveit_task_constructor_msgs/include/moveit_task_constructor_msgs/moveit_task_constructor_msgs/srv/detail
[2.765s] -- Up-to-date: /home/robomaven/ws/ws3_moveit2_pick_place/install/moveit_task_constructor_msgs/include/moveit_task_constructor_msgs/moveit_task_constructor_msgs/srv/detail/get_solution__functions.h
[2.765s] -- Up-to-date: /home/robomaven/ws/ws3_moveit2_pick_place/install/moveit_task_constructor_msgs/include/moveit_task_constructor_msgs/moveit_task_constructor_msgs/srv/detail/get_solution__functions.c
[2.765s] -- Up-to-date: /home/robomaven/ws/ws3_moveit2_pick_place/install/moveit_task_constructor_msgs/include/moveit_task_constructor_msgs/moveit_task_constructor_msgs/srv/detail/get_solution__type_support.h
[2.765s] -- Up-to-date: /home/robomaven/ws/ws3_moveit2_pick_place/install/moveit_task_constructor_msgs/include/moveit_task_constructor_msgs/moveit_task_constructor_msgs/srv/detail/get_solution__struct.h
[2.766s] -- Up-to-date: /home/robomaven/ws/ws3_moveit2_pick_place/install/moveit_task_constructor_msgs/include/moveit_task_constructor_msgs/moveit_task_constructor_msgs/msg
[2.766s] -- Up-to-date: /home/robomaven/ws/ws3_moveit2_pick_place/install/moveit_task_constructor_msgs/include/moveit_task_constructor_msgs/moveit_task_constructor_msgs/msg/stage_description.h
[2.766s] -- Up-to-date: /home/robomaven/ws/ws3_moveit2_pick_place/install/moveit_task_constructor_msgs/include/moveit_task_constructor_msgs/moveit_task_constructor_msgs/msg/property.h
[2.766s] -- Up-to-date: /home/robomaven/ws/ws3_moveit2_pick_place/install/moveit_task_constructor_msgs/include/moveit_task_constructor_msgs/moveit_task_constructor_msgs/msg/task_statistics.h
[2.766s] -- Up-to-date: /home/robomaven/ws/ws3_moveit2_pick_place/install/moveit_task_constructor_msgs/include/moveit_task_constructor_msgs/moveit_task_constructor_msgs/msg/task_description.h
[2.766s] -- Up-to-date: /home/robomaven/ws/ws3_moveit2_pick_place/install/moveit_task_constructor_msgs/include/moveit_task_constructor_msgs/moveit_task_constructor_msgs/msg/solution_info.h
[2.766s] -- Up-to-date: /home/robomaven/ws/ws3_moveit2_pick_place/install/moveit_task_constructor_msgs/include/moveit_task_constructor_msgs/moveit_task_constructor_msgs/msg/stage_statistics.h
[2.766s] -- Up-to-date: /home/robomaven/ws/ws3_moveit2_pick_place/install/moveit_task_constructor_msgs/include/moveit_task_constructor_msgs/moveit_task_constructor_msgs/msg/trajectory_execution_info.h
[2.766s] -- Up-to-date: /home/robomaven/ws/ws3_moveit2_pick_place/install/moveit_task_constructor_msgs/include/moveit_task_constructor_msgs/moveit_task_constructor_msgs/msg/sub_solution.h
[2.766s] -- Up-to-date: /home/robomaven/ws/ws3_moveit2_pick_place/install/moveit_task_constructor_msgs/include/moveit_task_constructor_msgs/moveit_task_constructor_msgs/msg/rosidl_generator_c__visibility_control.h
[2.766s] -- Up-to-date: /home/robomaven/ws/ws3_moveit2_pick_place/install/moveit_task_constructor_msgs/include/moveit_task_constructor_msgs/moveit_task_constructor_msgs/msg/sub_trajectory.h
[2.766s] -- Up-to-date: /home/robomaven/ws/ws3_moveit2_pick_place/install/moveit_task_constructor_msgs/include/moveit_task_constructor_msgs/moveit_task_constructor_msgs/msg/solution.h
[2.766s] -- Up-to-date: /home/robomaven/ws/ws3_moveit2_pick_place/install/moveit_task_constructor_msgs/include/moveit_task_constructor_msgs/moveit_task_constructor_msgs/msg/detail
[2.766s] -- Up-to-date: /home/robomaven/ws/ws3_moveit2_pick_place/install/moveit_task_constructor_msgs/include/moveit_task_constructor_msgs/moveit_task_constructor_msgs/msg/detail/solution__functions.h
[2.767s] -- Up-to-date: /home/robomaven/ws/ws3_moveit2_pick_place/install/moveit_task_constructor_msgs/include/moveit_task_constructor_msgs/moveit_task_constructor_msgs/msg/detail/stage_description__type_support.h
[2.767s] -- Up-to-date: /home/robomaven/ws/ws3_moveit2_pick_place/install/moveit_task_constructor_msgs/include/moveit_task_constructor_msgs/moveit_task_constructor_msgs/msg/detail/sub_trajectory__functions.h
[2.767s] -- Up-to-date: /home/robomaven/ws/ws3_moveit2_pick_place/install/moveit_task_constructor_msgs/include/moveit_task_constructor_msgs/moveit_task_constructor_msgs/msg/detail/property__type_support.h
[2.767s] -- Up-to-date: /home/robomaven/ws/ws3_moveit2_pick_place/install/moveit_task_constructor_msgs/include/moveit_task_constructor_msgs/moveit_task_constructor_msgs/msg/detail/task_statistics__functions.h
[2.767s] -- Up-to-date: /home/robomaven/ws/ws3_moveit2_pick_place/install/moveit_task_constructor_msgs/include/moveit_task_constructor_msgs/moveit_task_constructor_msgs/msg/detail/trajectory_execution_info__struct.h
[2.767s] -- Up-to-date: /home/robomaven/ws/ws3_moveit2_pick_place/install/moveit_task_constructor_msgs/include/moveit_task_constructor_msgs/moveit_task_constructor_msgs/msg/detail/task_statistics__struct.h
[2.767s] -- Up-to-date: /home/robomaven/ws/ws3_moveit2_pick_place/install/moveit_task_constructor_msgs/include/moveit_task_constructor_msgs/moveit_task_constructor_msgs/msg/detail/sub_trajectory__struct.h
[2.767s] -- Up-to-date: /home/robomaven/ws/ws3_moveit2_pick_place/install/moveit_task_constructor_msgs/include/moveit_task_constructor_msgs/moveit_task_constructor_msgs/msg/detail/trajectory_execution_info__functions.c
[2.767s] -- Up-to-date: /home/robomaven/ws/ws3_moveit2_pick_place/install/moveit_task_constructor_msgs/include/moveit_task_constructor_msgs/moveit_task_constructor_msgs/msg/detail/property__struct.h
[2.767s] -- Up-to-date: /home/robomaven/ws/ws3_moveit2_pick_place/install/moveit_task_constructor_msgs/include/moveit_task_constructor_msgs/moveit_task_constructor_msgs/msg/detail/solution__struct.h
[2.767s] -- Up-to-date: /home/robomaven/ws/ws3_moveit2_pick_place/install/moveit_task_constructor_msgs/include/moveit_task_constructor_msgs/moveit_task_constructor_msgs/msg/detail/task_statistics__type_support.h
[2.767s] -- Up-to-date: /home/robomaven/ws/ws3_moveit2_pick_place/install/moveit_task_constructor_msgs/include/moveit_task_constructor_msgs/moveit_task_constructor_msgs/msg/detail/property__functions.h
[2.767s] -- Up-to-date: /home/robomaven/ws/ws3_moveit2_pick_place/install/moveit_task_constructor_msgs/include/moveit_task_constructor_msgs/moveit_task_constructor_msgs/msg/detail/solution_info__functions.h
[2.767s] -- Up-to-date: /home/robomaven/ws/ws3_moveit2_pick_place/install/moveit_task_constructor_msgs/include/moveit_task_constructor_msgs/moveit_task_constructor_msgs/msg/detail/property__functions.c
[2.767s] -- Up-to-date: /home/robomaven/ws/ws3_moveit2_pick_place/install/moveit_task_constructor_msgs/include/moveit_task_constructor_msgs/moveit_task_constructor_msgs/msg/detail/solution_info__type_support.h
[2.767s] -- Up-to-date: /home/robomaven/ws/ws3_moveit2_pick_place/install/moveit_task_constructor_msgs/include/moveit_task_constructor_msgs/moveit_task_constructor_msgs/msg/detail/sub_solution__functions.c
[2.767s] -- Up-to-date: /home/robomaven/ws/ws3_moveit2_pick_place/install/moveit_task_constructor_msgs/include/moveit_task_constructor_msgs/moveit_task_constructor_msgs/msg/detail/sub_solution__struct.h
[2.767s] -- Up-to-date: /home/robomaven/ws/ws3_moveit2_pick_place/install/moveit_task_constructor_msgs/include/moveit_task_constructor_msgs/moveit_task_constructor_msgs/msg/detail/solution__type_support.h
[2.767s] -- Up-to-date: /home/robomaven/ws/ws3_moveit2_pick_place/install/moveit_task_constructor_msgs/include/moveit_task_constructor_msgs/moveit_task_constructor_msgs/msg/detail/sub_trajectory__functions.c
[2.768s] -- Up-to-date: /home/robomaven/ws/ws3_moveit2_pick_place/install/moveit_task_constructor_msgs/include/moveit_task_constructor_msgs/moveit_task_constructor_msgs/msg/detail/task_statistics__functions.c
[2.768s] -- Up-to-date: /home/robomaven/ws/ws3_moveit2_pick_place/install/moveit_task_constructor_msgs/include/moveit_task_constructor_msgs/moveit_task_constructor_msgs/msg/detail/stage_statistics__struct.h
[2.768s] -- Up-to-date: /home/robomaven/ws/ws3_moveit2_pick_place/install/moveit_task_constructor_msgs/include/moveit_task_constructor_msgs/moveit_task_constructor_msgs/msg/detail/sub_trajectory__type_support.h
[2.768s] -- Up-to-date: /home/robomaven/ws/ws3_moveit2_pick_place/install/moveit_task_constructor_msgs/include/moveit_task_constructor_msgs/moveit_task_constructor_msgs/msg/detail/solution_info__struct.h
[2.768s] -- Up-to-date: /home/robomaven/ws/ws3_moveit2_pick_place/install/moveit_task_constructor_msgs/include/moveit_task_constructor_msgs/moveit_task_constructor_msgs/msg/detail/task_description__struct.h
[2.768s] -- Up-to-date: /home/robomaven/ws/ws3_moveit2_pick_place/install/moveit_task_constructor_msgs/include/moveit_task_constructor_msgs/moveit_task_constructor_msgs/msg/detail/stage_statistics__type_support.h
[2.768s] -- Up-to-date: /home/robomaven/ws/ws3_moveit2_pick_place/install/moveit_task_constructor_msgs/include/moveit_task_constructor_msgs/moveit_task_constructor_msgs/msg/detail/task_description__functions.c
[2.768s] -- Up-to-date: /home/robomaven/ws/ws3_moveit2_pick_place/install/moveit_task_constructor_msgs/include/moveit_task_constructor_msgs/moveit_task_constructor_msgs/msg/detail/solution_info__functions.c
[2.768s] -- Up-to-date: /home/robomaven/ws/ws3_moveit2_pick_place/install/moveit_task_constructor_msgs/include/moveit_task_constructor_msgs/moveit_task_constructor_msgs/msg/detail/task_description__type_support.h
[2.768s] -- Up-to-date: /home/robomaven/ws/ws3_moveit2_pick_place/install/moveit_task_constructor_msgs/include/moveit_task_constructor_msgs/moveit_task_constructor_msgs/msg/detail/sub_solution__type_support.h
[2.768s] -- Up-to-date: /home/robomaven/ws/ws3_moveit2_pick_place/install/moveit_task_constructor_msgs/include/moveit_task_constructor_msgs/moveit_task_constructor_msgs/msg/detail/stage_statistics__functions.c
[2.768s] -- Up-to-date: /home/robomaven/ws/ws3_moveit2_pick_place/install/moveit_task_constructor_msgs/include/moveit_task_constructor_msgs/moveit_task_constructor_msgs/msg/detail/solution__functions.c
[2.768s] -- Up-to-date: /home/robomaven/ws/ws3_moveit2_pick_place/install/moveit_task_constructor_msgs/include/moveit_task_constructor_msgs/moveit_task_constructor_msgs/msg/detail/task_description__functions.h
[2.768s] -- Up-to-date: /home/robomaven/ws/ws3_moveit2_pick_place/install/moveit_task_constructor_msgs/include/moveit_task_constructor_msgs/moveit_task_constructor_msgs/msg/detail/stage_description__functions.c
[2.768s] -- Up-to-date: /home/robomaven/ws/ws3_moveit2_pick_place/install/moveit_task_constructor_msgs/include/moveit_task_constructor_msgs/moveit_task_constructor_msgs/msg/detail/trajectory_execution_info__type_support.h
[2.768s] -- Up-to-date: /home/robomaven/ws/ws3_moveit2_pick_place/install/moveit_task_constructor_msgs/include/moveit_task_constructor_msgs/moveit_task_constructor_msgs/msg/detail/stage_description__functions.h
[2.768s] -- Up-to-date: /home/robomaven/ws/ws3_moveit2_pick_place/install/moveit_task_constructor_msgs/include/moveit_task_constructor_msgs/moveit_task_constructor_msgs/msg/detail/trajectory_execution_info__functions.h
[2.768s] -- Up-to-date: /home/robomaven/ws/ws3_moveit2_pick_place/install/moveit_task_constructor_msgs/include/moveit_task_constructor_msgs/moveit_task_constructor_msgs/msg/detail/stage_statistics__functions.h
[2.768s] -- Up-to-date: /home/robomaven/ws/ws3_moveit2_pick_place/install/moveit_task_constructor_msgs/include/moveit_task_constructor_msgs/moveit_task_constructor_msgs/msg/detail/sub_solution__functions.h
[2.768s] -- Up-to-date: /home/robomaven/ws/ws3_moveit2_pick_place/install/moveit_task_constructor_msgs/include/moveit_task_constructor_msgs/moveit_task_constructor_msgs/msg/detail/stage_description__struct.h
[2.769s] -- Up-to-date: /home/robomaven/ws/ws3_moveit2_pick_place/install/moveit_task_constructor_msgs/include/moveit_task_constructor_msgs/moveit_task_constructor_msgs/action
[2.769s] -- Up-to-date: /home/robomaven/ws/ws3_moveit2_pick_place/install/moveit_task_constructor_msgs/include/moveit_task_constructor_msgs/moveit_task_constructor_msgs/action/detail
[2.769s] -- Up-to-date: /home/robomaven/ws/ws3_moveit2_pick_place/install/moveit_task_constructor_msgs/include/moveit_task_constructor_msgs/moveit_task_constructor_msgs/action/detail/execute_task_solution__type_support.h
[2.769s] -- Up-to-date: /home/robomaven/ws/ws3_moveit2_pick_place/install/moveit_task_constructor_msgs/include/moveit_task_constructor_msgs/moveit_task_constructor_msgs/action/detail/execute_task_solution__functions.c
[2.769s] -- Up-to-date: /home/robomaven/ws/ws3_moveit2_pick_place/install/moveit_task_constructor_msgs/include/moveit_task_constructor_msgs/moveit_task_constructor_msgs/action/detail/execute_task_solution__functions.h
[2.769s] -- Up-to-date: /home/robomaven/ws/ws3_moveit2_pick_place/install/moveit_task_constructor_msgs/include/moveit_task_constructor_msgs/moveit_task_constructor_msgs/action/detail/execute_task_solution__struct.h
[2.769s] -- Up-to-date: /home/robomaven/ws/ws3_moveit2_pick_place/install/moveit_task_constructor_msgs/include/moveit_task_constructor_msgs/moveit_task_constructor_msgs/action/execute_task_solution.h
[2.769s] -- Up-to-date: /home/robomaven/ws/ws3_moveit2_pick_place/install/moveit_task_constructor_msgs/share/moveit_task_constructor_msgs/environment/library_path.sh
[2.769s] -- Installing: /home/robomaven/ws/ws3_moveit2_pick_place/install/moveit_task_constructor_msgs/share/moveit_task_constructor_msgs/environment/library_path.dsv
[2.769s] -- Up-to-date: /home/robomaven/ws/ws3_moveit2_pick_place/install/moveit_task_constructor_msgs/lib/libmoveit_task_constructor_msgs__rosidl_generator_c.so
[2.769s] -- Up-to-date: /home/robomaven/ws/ws3_moveit2_pick_place/install/moveit_task_constructor_msgs/include/moveit_task_constructor_msgs/moveit_task_constructor_msgs
[2.769s] -- Up-to-date: /home/robomaven/ws/ws3_moveit2_pick_place/install/moveit_task_constructor_msgs/include/moveit_task_constructor_msgs/moveit_task_constructor_msgs/srv
[2.769s] -- Up-to-date: /home/robomaven/ws/ws3_moveit2_pick_place/install/moveit_task_constructor_msgs/include/moveit_task_constructor_msgs/moveit_task_constructor_msgs/srv/detail
[2.769s] -- Up-to-date: /home/robomaven/ws/ws3_moveit2_pick_place/install/moveit_task_constructor_msgs/include/moveit_task_constructor_msgs/moveit_task_constructor_msgs/srv/detail/get_solution__rosidl_typesupport_fastrtps_c.h
[2.769s] -- Up-to-date: /home/robomaven/ws/ws3_moveit2_pick_place/install/moveit_task_constructor_msgs/include/moveit_task_constructor_msgs/moveit_task_constructor_msgs/msg
[2.769s] -- Up-to-date: /home/robomaven/ws/ws3_moveit2_pick_place/install/moveit_task_constructor_msgs/include/moveit_task_constructor_msgs/moveit_task_constructor_msgs/msg/detail
[2.769s] -- Up-to-date: /home/robomaven/ws/ws3_moveit2_pick_place/install/moveit_task_constructor_msgs/include/moveit_task_constructor_msgs/moveit_task_constructor_msgs/msg/detail/stage_description__rosidl_typesupport_fastrtps_c.h
[2.769s] -- Up-to-date: /home/robomaven/ws/ws3_moveit2_pick_place/install/moveit_task_constructor_msgs/include/moveit_task_constructor_msgs/moveit_task_constructor_msgs/msg/detail/property__rosidl_typesupport_fastrtps_c.h
[2.769s] -- Up-to-date: /home/robomaven/ws/ws3_moveit2_pick_place/install/moveit_task_constructor_msgs/include/moveit_task_constructor_msgs/moveit_task_constructor_msgs/msg/detail/sub_solution__rosidl_typesupport_fastrtps_c.h
[2.769s] -- Up-to-date: /home/robomaven/ws/ws3_moveit2_pick_place/install/moveit_task_constructor_msgs/include/moveit_task_constructor_msgs/moveit_task_constructor_msgs/msg/detail/task_statistics__rosidl_typesupport_fastrtps_c.h
[2.769s] -- Up-to-date: /home/robomaven/ws/ws3_moveit2_pick_place/install/moveit_task_constructor_msgs/include/moveit_task_constructor_msgs/moveit_task_constructor_msgs/msg/detail/solution__rosidl_typesupport_fastrtps_c.h
[2.769s] -- Up-to-date: /home/robomaven/ws/ws3_moveit2_pick_place/install/moveit_task_constructor_msgs/include/moveit_task_constructor_msgs/moveit_task_constructor_msgs/msg/detail/sub_trajectory__rosidl_typesupport_fastrtps_c.h
[2.769s] -- Up-to-date: /home/robomaven/ws/ws3_moveit2_pick_place/install/moveit_task_constructor_msgs/include/moveit_task_constructor_msgs/moveit_task_constructor_msgs/msg/detail/stage_statistics__rosidl_typesupport_fastrtps_c.h
[2.769s] -- Up-to-date: /home/robomaven/ws/ws3_moveit2_pick_place/install/moveit_task_constructor_msgs/include/moveit_task_constructor_msgs/moveit_task_constructor_msgs/msg/detail/task_description__rosidl_typesupport_fastrtps_c.h
[2.770s] -- Up-to-date: /home/robomaven/ws/ws3_moveit2_pick_place/install/moveit_task_constructor_msgs/include/moveit_task_constructor_msgs/moveit_task_constructor_msgs/msg/detail/solution_info__rosidl_typesupport_fastrtps_c.h
[2.770s] -- Up-to-date: /home/robomaven/ws/ws3_moveit2_pick_place/install/moveit_task_constructor_msgs/include/moveit_task_constructor_msgs/moveit_task_constructor_msgs/msg/detail/trajectory_execution_info__rosidl_typesupport_fastrtps_c.h
[2.770s] -- Up-to-date: /home/robomaven/ws/ws3_moveit2_pick_place/install/moveit_task_constructor_msgs/include/moveit_task_constructor_msgs/moveit_task_constructor_msgs/msg/rosidl_typesupport_fastrtps_c__visibility_control.h
[2.770s] -- Up-to-date: /home/robomaven/ws/ws3_moveit2_pick_place/install/moveit_task_constructor_msgs/include/moveit_task_constructor_msgs/moveit_task_constructor_msgs/action
[2.770s] -- Up-to-date: /home/robomaven/ws/ws3_moveit2_pick_place/install/moveit_task_constructor_msgs/include/moveit_task_constructor_msgs/moveit_task_constructor_msgs/action/detail
[2.770s] -- Up-to-date: /home/robomaven/ws/ws3_moveit2_pick_place/install/moveit_task_constructor_msgs/include/moveit_task_constructor_msgs/moveit_task_constructor_msgs/action/detail/execute_task_solution__rosidl_typesupport_fastrtps_c.h
[2.770s] -- Up-to-date: /home/robomaven/ws/ws3_moveit2_pick_place/install/moveit_task_constructor_msgs/lib/libmoveit_task_constructor_msgs__rosidl_typesupport_fastrtps_c.so
[2.770s] -- Up-to-date: /home/robomaven/ws/ws3_moveit2_pick_place/install/moveit_task_constructor_msgs/include/moveit_task_constructor_msgs/moveit_task_constructor_msgs
[2.770s] -- Up-to-date: /home/robomaven/ws/ws3_moveit2_pick_place/install/moveit_task_constructor_msgs/include/moveit_task_constructor_msgs/moveit_task_constructor_msgs/srv
[2.770s] -- Up-to-date: /home/robomaven/ws/ws3_moveit2_pick_place/install/moveit_task_constructor_msgs/include/moveit_task_constructor_msgs/moveit_task_constructor_msgs/srv/get_solution.hpp
[2.770s] -- Up-to-date: /home/robomaven/ws/ws3_moveit2_pick_place/install/moveit_task_constructor_msgs/include/moveit_task_constructor_msgs/moveit_task_constructor_msgs/srv/detail
[2.770s] -- Up-to-date: /home/robomaven/ws/ws3_moveit2_pick_place/install/moveit_task_constructor_msgs/include/moveit_task_constructor_msgs/moveit_task_constructor_msgs/srv/detail/get_solution__struct.hpp
[2.770s] -- Up-to-date: /home/robomaven/ws/ws3_moveit2_pick_place/install/moveit_task_constructor_msgs/include/moveit_task_constructor_msgs/moveit_task_constructor_msgs/srv/detail/get_solution__traits.hpp
[2.770s] -- Up-to-date: /home/robomaven/ws/ws3_moveit2_pick_place/install/moveit_task_constructor_msgs/include/moveit_task_constructor_msgs/moveit_task_constructor_msgs/srv/detail/get_solution__builder.hpp
[2.770s] -- Up-to-date: /home/robomaven/ws/ws3_moveit2_pick_place/install/moveit_task_constructor_msgs/include/moveit_task_constructor_msgs/moveit_task_constructor_msgs/msg
[2.770s] -- Up-to-date: /home/robomaven/ws/ws3_moveit2_pick_place/install/moveit_task_constructor_msgs/include/moveit_task_constructor_msgs/moveit_task_constructor_msgs/msg/property.hpp
[2.770s] -- Up-to-date: /home/robomaven/ws/ws3_moveit2_pick_place/install/moveit_task_constructor_msgs/include/moveit_task_constructor_msgs/moveit_task_constructor_msgs/msg/task_statistics.hpp
[2.770s] -- Up-to-date: /home/robomaven/ws/ws3_moveit2_pick_place/install/moveit_task_constructor_msgs/include/moveit_task_constructor_msgs/moveit_task_constructor_msgs/msg/trajectory_execution_info.hpp
[2.770s] -- Up-to-date: /home/robomaven/ws/ws3_moveit2_pick_place/install/moveit_task_constructor_msgs/include/moveit_task_constructor_msgs/moveit_task_constructor_msgs/msg/sub_solution.hpp
[2.770s] -- Up-to-date: /home/robomaven/ws/ws3_moveit2_pick_place/install/moveit_task_constructor_msgs/include/moveit_task_constructor_msgs/moveit_task_constructor_msgs/msg/task_description.hpp
[2.770s] -- Up-to-date: /home/robomaven/ws/ws3_moveit2_pick_place/install/moveit_task_constructor_msgs/include/moveit_task_constructor_msgs/moveit_task_constructor_msgs/msg/solution_info.hpp
[2.770s] -- Up-to-date: /home/robomaven/ws/ws3_moveit2_pick_place/install/moveit_task_constructor_msgs/include/moveit_task_constructor_msgs/moveit_task_constructor_msgs/msg/stage_description.hpp
[2.770s] -- Up-to-date: /home/robomaven/ws/ws3_moveit2_pick_place/install/moveit_task_constructor_msgs/include/moveit_task_constructor_msgs/moveit_task_constructor_msgs/msg/detail
[2.770s] -- Up-to-date: /home/robomaven/ws/ws3_moveit2_pick_place/install/moveit_task_constructor_msgs/include/moveit_task_constructor_msgs/moveit_task_constructor_msgs/msg/detail/stage_description__struct.hpp
[2.770s] -- Up-to-date: /home/robomaven/ws/ws3_moveit2_pick_place/install/moveit_task_constructor_msgs/include/moveit_task_constructor_msgs/moveit_task_constructor_msgs/msg/detail/solution__struct.hpp
[2.770s] -- Up-to-date: /home/robomaven/ws/ws3_moveit2_pick_place/install/moveit_task_constructor_msgs/include/moveit_task_constructor_msgs/moveit_task_constructor_msgs/msg/detail/solution_info__builder.hpp
[2.770s] -- Up-to-date: /home/robomaven/ws/ws3_moveit2_pick_place/install/moveit_task_constructor_msgs/include/moveit_task_constructor_msgs/moveit_task_constructor_msgs/msg/detail/property__traits.hpp
[2.770s] -- Up-to-date: /home/robomaven/ws/ws3_moveit2_pick_place/install/moveit_task_constructor_msgs/include/moveit_task_constructor_msgs/moveit_task_constructor_msgs/msg/detail/solution_info__struct.hpp
[2.771s] -- Up-to-date: /home/robomaven/ws/ws3_moveit2_pick_place/install/moveit_task_constructor_msgs/include/moveit_task_constructor_msgs/moveit_task_constructor_msgs/msg/detail/stage_statistics__builder.hpp
[2.771s] -- Up-to-date: /home/robomaven/ws/ws3_moveit2_pick_place/install/moveit_task_constructor_msgs/include/moveit_task_constructor_msgs/moveit_task_constructor_msgs/msg/detail/solution__builder.hpp
[2.771s] -- Up-to-date: /home/robomaven/ws/ws3_moveit2_pick_place/install/moveit_task_constructor_msgs/include/moveit_task_constructor_msgs/moveit_task_constructor_msgs/msg/detail/task_statistics__struct.hpp
[2.771s] -- Up-to-date: /home/robomaven/ws/ws3_moveit2_pick_place/install/moveit_task_constructor_msgs/include/moveit_task_constructor_msgs/moveit_task_constructor_msgs/msg/detail/task_description__traits.hpp
[2.771s] -- Up-to-date: /home/robomaven/ws/ws3_moveit2_pick_place/install/moveit_task_constructor_msgs/include/moveit_task_constructor_msgs/moveit_task_constructor_msgs/msg/detail/property__struct.hpp
[2.771s] -- Up-to-date: /home/robomaven/ws/ws3_moveit2_pick_place/install/moveit_task_constructor_msgs/include/moveit_task_constructor_msgs/moveit_task_constructor_msgs/msg/detail/stage_description__builder.hpp
[2.771s] -- Up-to-date: /home/robomaven/ws/ws3_moveit2_pick_place/install/moveit_task_constructor_msgs/include/moveit_task_constructor_msgs/moveit_task_constructor_msgs/msg/detail/task_description__builder.hpp
[2.771s] -- Up-to-date: /home/robomaven/ws/ws3_moveit2_pick_place/install/moveit_task_constructor_msgs/include/moveit_task_constructor_msgs/moveit_task_constructor_msgs/msg/detail/solution__traits.hpp
[2.771s] -- Up-to-date: /home/robomaven/ws/ws3_moveit2_pick_place/install/moveit_task_constructor_msgs/include/moveit_task_constructor_msgs/moveit_task_constructor_msgs/msg/detail/trajectory_execution_info__builder.hpp
[2.771s] -- Up-to-date: /home/robomaven/ws/ws3_moveit2_pick_place/install/moveit_task_constructor_msgs/include/moveit_task_constructor_msgs/moveit_task_constructor_msgs/msg/detail/trajectory_execution_info__traits.hpp
[2.771s] -- Up-to-date: /home/robomaven/ws/ws3_moveit2_pick_place/install/moveit_task_constructor_msgs/include/moveit_task_constructor_msgs/moveit_task_constructor_msgs/msg/detail/property__builder.hpp
[2.771s] -- Up-to-date: /home/robomaven/ws/ws3_moveit2_pick_place/install/moveit_task_constructor_msgs/include/moveit_task_constructor_msgs/moveit_task_constructor_msgs/msg/detail/task_statistics__traits.hpp
[2.771s] -- Up-to-date: /home/robomaven/ws/ws3_moveit2_pick_place/install/moveit_task_constructor_msgs/include/moveit_task_constructor_msgs/moveit_task_constructor_msgs/msg/detail/task_statistics__builder.hpp
[2.771s] -- Up-to-date: /home/robomaven/ws/ws3_moveit2_pick_place/install/moveit_task_constructor_msgs/include/moveit_task_constructor_msgs/moveit_task_constructor_msgs/msg/detail/stage_statistics__traits.hpp
[2.771s] -- Up-to-date: /home/robomaven/ws/ws3_moveit2_pick_place/install/moveit_task_constructor_msgs/include/moveit_task_constructor_msgs/moveit_task_constructor_msgs/msg/detail/sub_trajectory__struct.hpp
[2.771s] -- Up-to-date: /home/robomaven/ws/ws3_moveit2_pick_place/install/moveit_task_constructor_msgs/include/moveit_task_constructor_msgs/moveit_task_constructor_msgs/msg/detail/stage_description__traits.hpp
[2.771s] -- Up-to-date: /home/robomaven/ws/ws3_moveit2_pick_place/install/moveit_task_constructor_msgs/include/moveit_task_constructor_msgs/moveit_task_constructor_msgs/msg/detail/task_description__struct.hpp
[2.771s] -- Up-to-date: /home/robomaven/ws/ws3_moveit2_pick_place/install/moveit_task_constructor_msgs/include/moveit_task_constructor_msgs/moveit_task_constructor_msgs/msg/detail/solution_info__traits.hpp
[2.771s] -- Up-to-date: /home/robomaven/ws/ws3_moveit2_pick_place/install/moveit_task_constructor_msgs/include/moveit_task_constructor_msgs/moveit_task_constructor_msgs/msg/detail/sub_trajectory__traits.hpp
[2.771s] -- Up-to-date: /home/robomaven/ws/ws3_moveit2_pick_place/install/moveit_task_constructor_msgs/include/moveit_task_constructor_msgs/moveit_task_constructor_msgs/msg/detail/trajectory_execution_info__struct.hpp
[2.771s] -- Up-to-date: /home/robomaven/ws/ws3_moveit2_pick_place/install/moveit_task_constructor_msgs/include/moveit_task_constructor_msgs/moveit_task_constructor_msgs/msg/detail/sub_solution__traits.hpp
[2.771s] -- Up-to-date: /home/robomaven/ws/ws3_moveit2_pick_place/install/moveit_task_constructor_msgs/include/moveit_task_constructor_msgs/moveit_task_constructor_msgs/msg/detail/stage_statistics__struct.hpp
[2.771s] -- Up-to-date: /home/robomaven/ws/ws3_moveit2_pick_place/install/moveit_task_constructor_msgs/include/moveit_task_constructor_msgs/moveit_task_constructor_msgs/msg/detail/sub_solution__builder.hpp
[2.771s] -- Up-to-date: /home/robomaven/ws/ws3_moveit2_pick_place/install/moveit_task_constructor_msgs/include/moveit_task_constructor_msgs/moveit_task_constructor_msgs/msg/detail/sub_solution__struct.hpp
[2.771s] -- Up-to-date: /home/robomaven/ws/ws3_moveit2_pick_place/install/moveit_task_constructor_msgs/include/moveit_task_constructor_msgs/moveit_task_constructor_msgs/msg/detail/sub_trajectory__builder.hpp
[2.771s] -- Up-to-date: /home/robomaven/ws/ws3_moveit2_pick_place/install/moveit_task_constructor_msgs/include/moveit_task_constructor_msgs/moveit_task_constructor_msgs/msg/stage_statistics.hpp
[2.771s] -- Up-to-date: /home/robomaven/ws/ws3_moveit2_pick_place/install/moveit_task_constructor_msgs/include/moveit_task_constructor_msgs/moveit_task_constructor_msgs/msg/sub_trajectory.hpp
[2.771s] -- Up-to-date: /home/robomaven/ws/ws3_moveit2_pick_place/install/moveit_task_constructor_msgs/include/moveit_task_constructor_msgs/moveit_task_constructor_msgs/msg/solution.hpp
[2.771s] -- Up-to-date: /home/robomaven/ws/ws3_moveit2_pick_place/install/moveit_task_constructor_msgs/include/moveit_task_constructor_msgs/moveit_task_constructor_msgs/action
[2.771s] -- Up-to-date: /home/robomaven/ws/ws3_moveit2_pick_place/install/moveit_task_constructor_msgs/include/moveit_task_constructor_msgs/moveit_task_constructor_msgs/action/execute_task_solution.hpp
[2.771s] -- Up-to-date: /home/robomaven/ws/ws3_moveit2_pick_place/install/moveit_task_constructor_msgs/include/moveit_task_constructor_msgs/moveit_task_constructor_msgs/action/detail
[2.771s] -- Up-to-date: /home/robomaven/ws/ws3_moveit2_pick_place/install/moveit_task_constructor_msgs/include/moveit_task_constructor_msgs/moveit_task_constructor_msgs/action/detail/execute_task_solution__builder.hpp
[2.771s] -- Up-to-date: /home/robomaven/ws/ws3_moveit2_pick_place/install/moveit_task_constructor_msgs/include/moveit_task_constructor_msgs/moveit_task_constructor_msgs/action/detail/execute_task_solution__struct.hpp
[2.772s] -- Up-to-date: /home/robomaven/ws/ws3_moveit2_pick_place/install/moveit_task_constructor_msgs/include/moveit_task_constructor_msgs/moveit_task_constructor_msgs/action/detail/execute_task_solution__traits.hpp
[2.772s] -- Up-to-date: /home/robomaven/ws/ws3_moveit2_pick_place/install/moveit_task_constructor_msgs/include/moveit_task_constructor_msgs/moveit_task_constructor_msgs
[2.772s] -- Up-to-date: /home/robomaven/ws/ws3_moveit2_pick_place/install/moveit_task_constructor_msgs/include/moveit_task_constructor_msgs/moveit_task_constructor_msgs/srv
[2.772s] -- Up-to-date: /home/robomaven/ws/ws3_moveit2_pick_place/install/moveit_task_constructor_msgs/include/moveit_task_constructor_msgs/moveit_task_constructor_msgs/srv/detail
[2.772s] -- Up-to-date: /home/robomaven/ws/ws3_moveit2_pick_place/install/moveit_task_constructor_msgs/include/moveit_task_constructor_msgs/moveit_task_constructor_msgs/srv/detail/dds_fastrtps
[2.772s] -- Up-to-date: /home/robomaven/ws/ws3_moveit2_pick_place/install/moveit_task_constructor_msgs/include/moveit_task_constructor_msgs/moveit_task_constructor_msgs/srv/detail/get_solution__rosidl_typesupport_fastrtps_cpp.hpp
[2.772s] -- Up-to-date: /home/robomaven/ws/ws3_moveit2_pick_place/install/moveit_task_constructor_msgs/include/moveit_task_constructor_msgs/moveit_task_constructor_msgs/msg
[2.772s] -- Up-to-date: /home/robomaven/ws/ws3_moveit2_pick_place/install/moveit_task_constructor_msgs/include/moveit_task_constructor_msgs/moveit_task_constructor_msgs/msg/rosidl_typesupport_fastrtps_cpp__visibility_control.h
[2.772s] -- Up-to-date: /home/robomaven/ws/ws3_moveit2_pick_place/install/moveit_task_constructor_msgs/include/moveit_task_constructor_msgs/moveit_task_constructor_msgs/msg/detail
[2.772s] -- Up-to-date: /home/robomaven/ws/ws3_moveit2_pick_place/install/moveit_task_constructor_msgs/include/moveit_task_constructor_msgs/moveit_task_constructor_msgs/msg/detail/property__rosidl_typesupport_fastrtps_cpp.hpp
[2.772s] -- Up-to-date: /home/robomaven/ws/ws3_moveit2_pick_place/install/moveit_task_constructor_msgs/include/moveit_task_constructor_msgs/moveit_task_constructor_msgs/msg/detail/dds_fastrtps
[2.772s] -- Up-to-date: /home/robomaven/ws/ws3_moveit2_pick_place/install/moveit_task_constructor_msgs/include/moveit_task_constructor_msgs/moveit_task_constructor_msgs/msg/detail/solution__rosidl_typesupport_fastrtps_cpp.hpp
[2.772s] -- Up-to-date: /home/robomaven/ws/ws3_moveit2_pick_place/install/moveit_task_constructor_msgs/include/moveit_task_constructor_msgs/moveit_task_constructor_msgs/msg/detail/solution_info__rosidl_typesupport_fastrtps_cpp.hpp
[2.772s] -- Up-to-date: /home/robomaven/ws/ws3_moveit2_pick_place/install/moveit_task_constructor_msgs/include/moveit_task_constructor_msgs/moveit_task_constructor_msgs/msg/detail/task_description__rosidl_typesupport_fastrtps_cpp.hpp
[2.772s] -- Up-to-date: /home/robomaven/ws/ws3_moveit2_pick_place/install/moveit_task_constructor_msgs/include/moveit_task_constructor_msgs/moveit_task_constructor_msgs/msg/detail/sub_trajectory__rosidl_typesupport_fastrtps_cpp.hpp
[2.772s] -- Up-to-date: /home/robomaven/ws/ws3_moveit2_pick_place/install/moveit_task_constructor_msgs/include/moveit_task_constructor_msgs/moveit_task_constructor_msgs/msg/detail/task_statistics__rosidl_typesupport_fastrtps_cpp.hpp
[2.772s] -- Up-to-date: /home/robomaven/ws/ws3_moveit2_pick_place/install/moveit_task_constructor_msgs/include/moveit_task_constructor_msgs/moveit_task_constructor_msgs/msg/detail/sub_solution__rosidl_typesupport_fastrtps_cpp.hpp
[2.772s] -- Up-to-date: /home/robomaven/ws/ws3_moveit2_pick_place/install/moveit_task_constructor_msgs/include/moveit_task_constructor_msgs/moveit_task_constructor_msgs/msg/detail/stage_description__rosidl_typesupport_fastrtps_cpp.hpp
[2.772s] -- Up-to-date: /home/robomaven/ws/ws3_moveit2_pick_place/install/moveit_task_constructor_msgs/include/moveit_task_constructor_msgs/moveit_task_constructor_msgs/msg/detail/stage_statistics__rosidl_typesupport_fastrtps_cpp.hpp
[2.772s] -- Up-to-date: /home/robomaven/ws/ws3_moveit2_pick_place/install/moveit_task_constructor_msgs/include/moveit_task_constructor_msgs/moveit_task_constructor_msgs/msg/detail/trajectory_execution_info__rosidl_typesupport_fastrtps_cpp.hpp
[2.772s] -- Up-to-date: /home/robomaven/ws/ws3_moveit2_pick_place/install/moveit_task_constructor_msgs/include/moveit_task_constructor_msgs/moveit_task_constructor_msgs/action
[2.772s] -- Up-to-date: /home/robomaven/ws/ws3_moveit2_pick_place/install/moveit_task_constructor_msgs/include/moveit_task_constructor_msgs/moveit_task_constructor_msgs/action/detail
[2.772s] -- Up-to-date: /home/robomaven/ws/ws3_moveit2_pick_place/install/moveit_task_constructor_msgs/include/moveit_task_constructor_msgs/moveit_task_constructor_msgs/action/detail/dds_fastrtps
[2.772s] -- Up-to-date: /home/robomaven/ws/ws3_moveit2_pick_place/install/moveit_task_constructor_msgs/include/moveit_task_constructor_msgs/moveit_task_constructor_msgs/action/detail/execute_task_solution__rosidl_typesupport_fastrtps_cpp.hpp
[2.772s] -- Up-to-date: /home/robomaven/ws/ws3_moveit2_pick_place/install/moveit_task_constructor_msgs/lib/libmoveit_task_constructor_msgs__rosidl_typesupport_fastrtps_cpp.so
[2.772s] -- Up-to-date: /home/robomaven/ws/ws3_moveit2_pick_place/install/moveit_task_constructor_msgs/include/moveit_task_constructor_msgs/moveit_task_constructor_msgs
[2.772s] -- Up-to-date: /home/robomaven/ws/ws3_moveit2_pick_place/install/moveit_task_constructor_msgs/include/moveit_task_constructor_msgs/moveit_task_constructor_msgs/srv
[2.772s] -- Up-to-date: /home/robomaven/ws/ws3_moveit2_pick_place/install/moveit_task_constructor_msgs/include/moveit_task_constructor_msgs/moveit_task_constructor_msgs/srv/detail
[2.772s] -- Up-to-date: /home/robomaven/ws/ws3_moveit2_pick_place/install/moveit_task_constructor_msgs/include/moveit_task_constructor_msgs/moveit_task_constructor_msgs/srv/detail/get_solution__type_support.c
[2.772s] -- Up-to-date: /home/robomaven/ws/ws3_moveit2_pick_place/install/moveit_task_constructor_msgs/include/moveit_task_constructor_msgs/moveit_task_constructor_msgs/srv/detail/get_solution__rosidl_typesupport_introspection_c.h
[2.772s] -- Up-to-date: /home/robomaven/ws/ws3_moveit2_pick_place/install/moveit_task_constructor_msgs/include/moveit_task_constructor_msgs/moveit_task_constructor_msgs/msg
[2.772s] -- Up-to-date: /home/robomaven/ws/ws3_moveit2_pick_place/install/moveit_task_constructor_msgs/include/moveit_task_constructor_msgs/moveit_task_constructor_msgs/msg/rosidl_typesupport_introspection_c__visibility_control.h
[2.772s] -- Up-to-date: /home/robomaven/ws/ws3_moveit2_pick_place/install/moveit_task_constructor_msgs/include/moveit_task_constructor_msgs/moveit_task_constructor_msgs/msg/detail
[2.772s] -- Up-to-date: /home/robomaven/ws/ws3_moveit2_pick_place/install/moveit_task_constructor_msgs/include/moveit_task_constructor_msgs/moveit_task_constructor_msgs/msg/detail/task_statistics__type_support.c
[2.772s] -- Up-to-date: /home/robomaven/ws/ws3_moveit2_pick_place/install/moveit_task_constructor_msgs/include/moveit_task_constructor_msgs/moveit_task_constructor_msgs/msg/detail/stage_description__type_support.c
[2.773s] -- Up-to-date: /home/robomaven/ws/ws3_moveit2_pick_place/install/moveit_task_constructor_msgs/include/moveit_task_constructor_msgs/moveit_task_constructor_msgs/msg/detail/solution__rosidl_typesupport_introspection_c.h
[2.773s] -- Up-to-date: /home/robomaven/ws/ws3_moveit2_pick_place/install/moveit_task_constructor_msgs/include/moveit_task_constructor_msgs/moveit_task_constructor_msgs/msg/detail/task_description__type_support.c
[2.773s] -- Up-to-date: /home/robomaven/ws/ws3_moveit2_pick_place/install/moveit_task_constructor_msgs/include/moveit_task_constructor_msgs/moveit_task_constructor_msgs/msg/detail/solution_info__rosidl_typesupport_introspection_c.h
[2.773s] -- Up-to-date: /home/robomaven/ws/ws3_moveit2_pick_place/install/moveit_task_constructor_msgs/include/moveit_task_constructor_msgs/moveit_task_constructor_msgs/msg/detail/sub_trajectory__rosidl_typesupport_introspection_c.h
[2.773s] -- Up-to-date: /home/robomaven/ws/ws3_moveit2_pick_place/install/moveit_task_constructor_msgs/include/moveit_task_constructor_msgs/moveit_task_constructor_msgs/msg/detail/sub_solution__rosidl_typesupport_introspection_c.h
[2.773s] -- Up-to-date: /home/robomaven/ws/ws3_moveit2_pick_place/install/moveit_task_constructor_msgs/include/moveit_task_constructor_msgs/moveit_task_constructor_msgs/msg/detail/trajectory_execution_info__type_support.c
[2.773s] -- Up-to-date: /home/robomaven/ws/ws3_moveit2_pick_place/install/moveit_task_constructor_msgs/include/moveit_task_constructor_msgs/moveit_task_constructor_msgs/msg/detail/stage_description__rosidl_typesupport_introspection_c.h
[2.773s] -- Up-to-date: /home/robomaven/ws/ws3_moveit2_pick_place/install/moveit_task_constructor_msgs/include/moveit_task_constructor_msgs/moveit_task_constructor_msgs/msg/detail/property__rosidl_typesupport_introspection_c.h
[2.773s] -- Up-to-date: /home/robomaven/ws/ws3_moveit2_pick_place/install/moveit_task_constructor_msgs/include/moveit_task_constructor_msgs/moveit_task_constructor_msgs/msg/detail/sub_trajectory__type_support.c
[2.773s] -- Up-to-date: /home/robomaven/ws/ws3_moveit2_pick_place/install/moveit_task_constructor_msgs/include/moveit_task_constructor_msgs/moveit_task_constructor_msgs/msg/detail/task_description__rosidl_typesupport_introspection_c.h
[2.773s] -- Up-to-date: /home/robomaven/ws/ws3_moveit2_pick_place/install/moveit_task_constructor_msgs/include/moveit_task_constructor_msgs/moveit_task_constructor_msgs/msg/detail/solution_info__type_support.c
[2.773s] -- Up-to-date: /home/robomaven/ws/ws3_moveit2_pick_place/install/moveit_task_constructor_msgs/include/moveit_task_constructor_msgs/moveit_task_constructor_msgs/msg/detail/solution__type_support.c
[2.773s] -- Up-to-date: /home/robomaven/ws/ws3_moveit2_pick_place/install/moveit_task_constructor_msgs/include/moveit_task_constructor_msgs/moveit_task_constructor_msgs/msg/detail/property__type_support.c
[2.773s] -- Up-to-date: /home/robomaven/ws/ws3_moveit2_pick_place/install/moveit_task_constructor_msgs/include/moveit_task_constructor_msgs/moveit_task_constructor_msgs/msg/detail/stage_statistics__rosidl_typesupport_introspection_c.h
[2.773s] -- Up-to-date: /home/robomaven/ws/ws3_moveit2_pick_place/install/moveit_task_constructor_msgs/include/moveit_task_constructor_msgs/moveit_task_constructor_msgs/msg/detail/sub_solution__type_support.c
[2.773s] -- Up-to-date: /home/robomaven/ws/ws3_moveit2_pick_place/install/moveit_task_constructor_msgs/include/moveit_task_constructor_msgs/moveit_task_constructor_msgs/msg/detail/trajectory_execution_info__rosidl_typesupport_introspection_c.h
[2.773s] -- Up-to-date: /home/robomaven/ws/ws3_moveit2_pick_place/install/moveit_task_constructor_msgs/include/moveit_task_constructor_msgs/moveit_task_constructor_msgs/msg/detail/stage_statistics__type_support.c
[2.773s] -- Up-to-date: /home/robomaven/ws/ws3_moveit2_pick_place/install/moveit_task_constructor_msgs/include/moveit_task_constructor_msgs/moveit_task_constructor_msgs/msg/detail/task_statistics__rosidl_typesupport_introspection_c.h
[2.773s] -- Up-to-date: /home/robomaven/ws/ws3_moveit2_pick_place/install/moveit_task_constructor_msgs/include/moveit_task_constructor_msgs/moveit_task_constructor_msgs/action
[2.773s] -- Up-to-date: /home/robomaven/ws/ws3_moveit2_pick_place/install/moveit_task_constructor_msgs/include/moveit_task_constructor_msgs/moveit_task_constructor_msgs/action/detail
[2.773s] -- Up-to-date: /home/robomaven/ws/ws3_moveit2_pick_place/install/moveit_task_constructor_msgs/include/moveit_task_constructor_msgs/moveit_task_constructor_msgs/action/detail/execute_task_solution__rosidl_typesupport_introspection_c.h
[2.773s] -- Up-to-date: /home/robomaven/ws/ws3_moveit2_pick_place/install/moveit_task_constructor_msgs/include/moveit_task_constructor_msgs/moveit_task_constructor_msgs/action/detail/execute_task_solution__type_support.c
[2.773s] -- Up-to-date: /home/robomaven/ws/ws3_moveit2_pick_place/install/moveit_task_constructor_msgs/lib/libmoveit_task_constructor_msgs__rosidl_typesupport_introspection_c.so
[2.773s] -- Up-to-date: /home/robomaven/ws/ws3_moveit2_pick_place/install/moveit_task_constructor_msgs/lib/libmoveit_task_constructor_msgs__rosidl_typesupport_c.so
[2.773s] -- Up-to-date: /home/robomaven/ws/ws3_moveit2_pick_place/install/moveit_task_constructor_msgs/include/moveit_task_constructor_msgs/moveit_task_constructor_msgs
[2.773s] -- Up-to-date: /home/robomaven/ws/ws3_moveit2_pick_place/install/moveit_task_constructor_msgs/include/moveit_task_constructor_msgs/moveit_task_constructor_msgs/srv
[2.773s] -- Up-to-date: /home/robomaven/ws/ws3_moveit2_pick_place/install/moveit_task_constructor_msgs/include/moveit_task_constructor_msgs/moveit_task_constructor_msgs/srv/detail
[2.773s] -- Up-to-date: /home/robomaven/ws/ws3_moveit2_pick_place/install/moveit_task_constructor_msgs/include/moveit_task_constructor_msgs/moveit_task_constructor_msgs/srv/detail/get_solution__type_support.cpp
[2.773s] -- Up-to-date: /home/robomaven/ws/ws3_moveit2_pick_place/install/moveit_task_constructor_msgs/include/moveit_task_constructor_msgs/moveit_task_constructor_msgs/srv/detail/get_solution__rosidl_typesupport_introspection_cpp.hpp
[2.773s] -- Up-to-date: /home/robomaven/ws/ws3_moveit2_pick_place/install/moveit_task_constructor_msgs/include/moveit_task_constructor_msgs/moveit_task_constructor_msgs/msg
[2.773s] -- Up-to-date: /home/robomaven/ws/ws3_moveit2_pick_place/install/moveit_task_constructor_msgs/include/moveit_task_constructor_msgs/moveit_task_constructor_msgs/msg/detail
[2.773s] -- Up-to-date: /home/robomaven/ws/ws3_moveit2_pick_place/install/moveit_task_constructor_msgs/include/moveit_task_constructor_msgs/moveit_task_constructor_msgs/msg/detail/task_statistics__type_support.cpp
[2.773s] -- Up-to-date: /home/robomaven/ws/ws3_moveit2_pick_place/install/moveit_task_constructor_msgs/include/moveit_task_constructor_msgs/moveit_task_constructor_msgs/msg/detail/solution__type_support.cpp
[2.773s] -- Up-to-date: /home/robomaven/ws/ws3_moveit2_pick_place/install/moveit_task_constructor_msgs/include/moveit_task_constructor_msgs/moveit_task_constructor_msgs/msg/detail/sub_solution__type_support.cpp
[2.774s] -- Up-to-date: /home/robomaven/ws/ws3_moveit2_pick_place/install/moveit_task_constructor_msgs/include/moveit_task_constructor_msgs/moveit_task_constructor_msgs/msg/detail/trajectory_execution_info__rosidl_typesupport_introspection_cpp.hpp
[2.774s] -- Up-to-date: /home/robomaven/ws/ws3_moveit2_pick_place/install/moveit_task_constructor_msgs/include/moveit_task_constructor_msgs/moveit_task_constructor_msgs/msg/detail/task_description__rosidl_typesupport_introspection_cpp.hpp
[2.774s] -- Up-to-date: /home/robomaven/ws/ws3_moveit2_pick_place/install/moveit_task_constructor_msgs/include/moveit_task_constructor_msgs/moveit_task_constructor_msgs/msg/detail/property__rosidl_typesupport_introspection_cpp.hpp
[2.774s] -- Up-to-date: /home/robomaven/ws/ws3_moveit2_pick_place/install/moveit_task_constructor_msgs/include/moveit_task_constructor_msgs/moveit_task_constructor_msgs/msg/detail/stage_statistics__rosidl_typesupport_introspection_cpp.hpp
[2.774s] -- Up-to-date: /home/robomaven/ws/ws3_moveit2_pick_place/install/moveit_task_constructor_msgs/include/moveit_task_constructor_msgs/moveit_task_constructor_msgs/msg/detail/trajectory_execution_info__type_support.cpp
[2.774s] -- Up-to-date: /home/robomaven/ws/ws3_moveit2_pick_place/install/moveit_task_constructor_msgs/include/moveit_task_constructor_msgs/moveit_task_constructor_msgs/msg/detail/sub_trajectory__rosidl_typesupport_introspection_cpp.hpp
[2.774s] -- Up-to-date: /home/robomaven/ws/ws3_moveit2_pick_place/install/moveit_task_constructor_msgs/include/moveit_task_constructor_msgs/moveit_task_constructor_msgs/msg/detail/stage_description__rosidl_typesupport_introspection_cpp.hpp
[2.774s] -- Up-to-date: /home/robomaven/ws/ws3_moveit2_pick_place/install/moveit_task_constructor_msgs/include/moveit_task_constructor_msgs/moveit_task_constructor_msgs/msg/detail/solution_info__rosidl_typesupport_introspection_cpp.hpp
[2.774s] -- Up-to-date: /home/robomaven/ws/ws3_moveit2_pick_place/install/moveit_task_constructor_msgs/include/moveit_task_constructor_msgs/moveit_task_constructor_msgs/msg/detail/stage_description__type_support.cpp
[2.774s] -- Up-to-date: /home/robomaven/ws/ws3_moveit2_pick_place/install/moveit_task_constructor_msgs/include/moveit_task_constructor_msgs/moveit_task_constructor_msgs/msg/detail/stage_statistics__type_support.cpp
[2.774s] -- Up-to-date: /home/robomaven/ws/ws3_moveit2_pick_place/install/moveit_task_constructor_msgs/include/moveit_task_constructor_msgs/moveit_task_constructor_msgs/msg/detail/solution_info__type_support.cpp
[2.774s] -- Up-to-date: /home/robomaven/ws/ws3_moveit2_pick_place/install/moveit_task_constructor_msgs/include/moveit_task_constructor_msgs/moveit_task_constructor_msgs/msg/detail/solution__rosidl_typesupport_introspection_cpp.hpp
[2.774s] -- Up-to-date: /home/robomaven/ws/ws3_moveit2_pick_place/install/moveit_task_constructor_msgs/include/moveit_task_constructor_msgs/moveit_task_constructor_msgs/msg/detail/task_statistics__rosidl_typesupport_introspection_cpp.hpp
[2.774s] -- Up-to-date: /home/robomaven/ws/ws3_moveit2_pick_place/install/moveit_task_constructor_msgs/include/moveit_task_constructor_msgs/moveit_task_constructor_msgs/msg/detail/property__type_support.cpp
[2.774s] -- Up-to-date: /home/robomaven/ws/ws3_moveit2_pick_place/install/moveit_task_constructor_msgs/include/moveit_task_constructor_msgs/moveit_task_constructor_msgs/msg/detail/sub_solution__rosidl_typesupport_introspection_cpp.hpp
[2.774s] -- Up-to-date: /home/robomaven/ws/ws3_moveit2_pick_place/install/moveit_task_constructor_msgs/include/moveit_task_constructor_msgs/moveit_task_constructor_msgs/msg/detail/sub_trajectory__type_support.cpp
[2.774s] -- Up-to-date: /home/robomaven/ws/ws3_moveit2_pick_place/install/moveit_task_constructor_msgs/include/moveit_task_constructor_msgs/moveit_task_constructor_msgs/msg/detail/task_description__type_support.cpp
[2.774s] -- Up-to-date: /home/robomaven/ws/ws3_moveit2_pick_place/install/moveit_task_constructor_msgs/include/moveit_task_constructor_msgs/moveit_task_constructor_msgs/action
[2.774s] -- Up-to-date: /home/robomaven/ws/ws3_moveit2_pick_place/install/moveit_task_constructor_msgs/include/moveit_task_constructor_msgs/moveit_task_constructor_msgs/action/detail
[2.774s] -- Up-to-date: /home/robomaven/ws/ws3_moveit2_pick_place/install/moveit_task_constructor_msgs/include/moveit_task_constructor_msgs/moveit_task_constructor_msgs/action/detail/execute_task_solution__rosidl_typesupport_introspection_cpp.hpp
[2.774s] -- Up-to-date: /home/robomaven/ws/ws3_moveit2_pick_place/install/moveit_task_constructor_msgs/include/moveit_task_constructor_msgs/moveit_task_constructor_msgs/action/detail/execute_task_solution__type_support.cpp
[2.774s] -- Up-to-date: /home/robomaven/ws/ws3_moveit2_pick_place/install/moveit_task_constructor_msgs/lib/libmoveit_task_constructor_msgs__rosidl_typesupport_introspection_cpp.so
[2.774s] -- Up-to-date: /home/robomaven/ws/ws3_moveit2_pick_place/install/moveit_task_constructor_msgs/lib/libmoveit_task_constructor_msgs__rosidl_typesupport_cpp.so
[2.774s] -- Up-to-date: /home/robomaven/ws/ws3_moveit2_pick_place/install/moveit_task_constructor_msgs/share/moveit_task_constructor_msgs/environment/pythonpath.sh
[2.774s] -- Installing: /home/robomaven/ws/ws3_moveit2_pick_place/install/moveit_task_constructor_msgs/share/moveit_task_constructor_msgs/environment/pythonpath.dsv
[2.774s] -- Up-to-date: /home/robomaven/ws/ws3_moveit2_pick_place/install/moveit_task_constructor_msgs/local/lib/python3.10/dist-packages/moveit_task_constructor_msgs-0.1.3-py3.10.egg-info
[2.774s] -- Installing: /home/robomaven/ws/ws3_moveit2_pick_place/install/moveit_task_constructor_msgs/local/lib/python3.10/dist-packages/moveit_task_constructor_msgs-0.1.3-py3.10.egg-info/top_level.txt
[2.774s] -- Installing: /home/robomaven/ws/ws3_moveit2_pick_place/install/moveit_task_constructor_msgs/local/lib/python3.10/dist-packages/moveit_task_constructor_msgs-0.1.3-py3.10.egg-info/PKG-INFO
[2.774s] -- Installing: /home/robomaven/ws/ws3_moveit2_pick_place/install/moveit_task_constructor_msgs/local/lib/python3.10/dist-packages/moveit_task_constructor_msgs-0.1.3-py3.10.egg-info/SOURCES.txt
[2.774s] -- Installing: /home/robomaven/ws/ws3_moveit2_pick_place/install/moveit_task_constructor_msgs/local/lib/python3.10/dist-packages/moveit_task_constructor_msgs-0.1.3-py3.10.egg-info/dependency_links.txt
[2.774s] -- Up-to-date: /home/robomaven/ws/ws3_moveit2_pick_place/install/moveit_task_constructor_msgs/local/lib/python3.10/dist-packages/moveit_task_constructor_msgs
[2.774s] -- Up-to-date: /home/robomaven/ws/ws3_moveit2_pick_place/install/moveit_task_constructor_msgs/local/lib/python3.10/dist-packages/moveit_task_constructor_msgs/moveit_task_constructor_msgs_s__rosidl_typesupport_c.cpython-310-x86_64-linux-gnu.so
[2.774s] -- Up-to-date: /home/robomaven/ws/ws3_moveit2_pick_place/install/moveit_task_constructor_msgs/local/lib/python3.10/dist-packages/moveit_task_constructor_msgs/srv
[2.775s] -- Up-to-date: /home/robomaven/ws/ws3_moveit2_pick_place/install/moveit_task_constructor_msgs/local/lib/python3.10/dist-packages/moveit_task_constructor_msgs/srv/_get_solution.py
[2.775s] -- Up-to-date: /home/robomaven/ws/ws3_moveit2_pick_place/install/moveit_task_constructor_msgs/local/lib/python3.10/dist-packages/moveit_task_constructor_msgs/srv/_get_solution_s.c
[2.775s] -- Up-to-date: /home/robomaven/ws/ws3_moveit2_pick_place/install/moveit_task_constructor_msgs/local/lib/python3.10/dist-packages/moveit_task_constructor_msgs/srv/__init__.py
[2.775s] -- Up-to-date: /home/robomaven/ws/ws3_moveit2_pick_place/install/moveit_task_constructor_msgs/local/lib/python3.10/dist-packages/moveit_task_constructor_msgs/libmoveit_task_constructor_msgs__rosidl_generator_py.so
[2.775s] -- Up-to-date: /home/robomaven/ws/ws3_moveit2_pick_place/install/moveit_task_constructor_msgs/local/lib/python3.10/dist-packages/moveit_task_constructor_msgs/msg
[2.775s] -- Up-to-date: /home/robomaven/ws/ws3_moveit2_pick_place/install/moveit_task_constructor_msgs/local/lib/python3.10/dist-packages/moveit_task_constructor_msgs/msg/_task_statistics.py
[2.775s] -- Up-to-date: /home/robomaven/ws/ws3_moveit2_pick_place/install/moveit_task_constructor_msgs/local/lib/python3.10/dist-packages/moveit_task_constructor_msgs/msg/_sub_trajectory.py
[2.775s] -- Up-to-date: /home/robomaven/ws/ws3_moveit2_pick_place/install/moveit_task_constructor_msgs/local/lib/python3.10/dist-packages/moveit_task_constructor_msgs/msg/_task_description.py
[2.775s] -- Up-to-date: /home/robomaven/ws/ws3_moveit2_pick_place/install/moveit_task_constructor_msgs/local/lib/python3.10/dist-packages/moveit_task_constructor_msgs/msg/_sub_trajectory_s.c
[2.775s] -- Up-to-date: /home/robomaven/ws/ws3_moveit2_pick_place/install/moveit_task_constructor_msgs/local/lib/python3.10/dist-packages/moveit_task_constructor_msgs/msg/_sub_solution_s.c
[2.775s] -- Up-to-date: /home/robomaven/ws/ws3_moveit2_pick_place/install/moveit_task_constructor_msgs/local/lib/python3.10/dist-packages/moveit_task_constructor_msgs/msg/_task_statistics_s.c
[2.775s] -- Up-to-date: /home/robomaven/ws/ws3_moveit2_pick_place/install/moveit_task_constructor_msgs/local/lib/python3.10/dist-packages/moveit_task_constructor_msgs/msg/_solution.py
[2.775s] -- Up-to-date: /home/robomaven/ws/ws3_moveit2_pick_place/install/moveit_task_constructor_msgs/local/lib/python3.10/dist-packages/moveit_task_constructor_msgs/msg/_stage_statistics_s.c
[2.775s] -- Up-to-date: /home/robomaven/ws/ws3_moveit2_pick_place/install/moveit_task_constructor_msgs/local/lib/python3.10/dist-packages/moveit_task_constructor_msgs/msg/_solution_info.py
[2.775s] -- Up-to-date: /home/robomaven/ws/ws3_moveit2_pick_place/install/moveit_task_constructor_msgs/local/lib/python3.10/dist-packages/moveit_task_constructor_msgs/msg/_trajectory_execution_info_s.c
[2.775s] -- Up-to-date: /home/robomaven/ws/ws3_moveit2_pick_place/install/moveit_task_constructor_msgs/local/lib/python3.10/dist-packages/moveit_task_constructor_msgs/msg/_stage_description_s.c
[2.775s] -- Up-to-date: /home/robomaven/ws/ws3_moveit2_pick_place/install/moveit_task_constructor_msgs/local/lib/python3.10/dist-packages/moveit_task_constructor_msgs/msg/_property_s.c
[2.775s] -- Up-to-date: /home/robomaven/ws/ws3_moveit2_pick_place/install/moveit_task_constructor_msgs/local/lib/python3.10/dist-packages/moveit_task_constructor_msgs/msg/_property.py
[2.775s] -- Up-to-date: /home/robomaven/ws/ws3_moveit2_pick_place/install/moveit_task_constructor_msgs/local/lib/python3.10/dist-packages/moveit_task_constructor_msgs/msg/_solution_info_s.c
[2.775s] -- Up-to-date: /home/robomaven/ws/ws3_moveit2_pick_place/install/moveit_task_constructor_msgs/local/lib/python3.10/dist-packages/moveit_task_constructor_msgs/msg/_sub_solution.py
[2.775s] -- Up-to-date: /home/robomaven/ws/ws3_moveit2_pick_place/install/moveit_task_constructor_msgs/local/lib/python3.10/dist-packages/moveit_task_constructor_msgs/msg/_trajectory_execution_info.py
[2.775s] -- Up-to-date: /home/robomaven/ws/ws3_moveit2_pick_place/install/moveit_task_constructor_msgs/local/lib/python3.10/dist-packages/moveit_task_constructor_msgs/msg/_solution_s.c
[2.775s] -- Up-to-date: /home/robomaven/ws/ws3_moveit2_pick_place/install/moveit_task_constructor_msgs/local/lib/python3.10/dist-packages/moveit_task_constructor_msgs/msg/_stage_description.py
[2.775s] -- Up-to-date: /home/robomaven/ws/ws3_moveit2_pick_place/install/moveit_task_constructor_msgs/local/lib/python3.10/dist-packages/moveit_task_constructor_msgs/msg/_task_description_s.c
[2.775s] -- Up-to-date: /home/robomaven/ws/ws3_moveit2_pick_place/install/moveit_task_constructor_msgs/local/lib/python3.10/dist-packages/moveit_task_constructor_msgs/msg/__init__.py
[2.775s] -- Up-to-date: /home/robomaven/ws/ws3_moveit2_pick_place/install/moveit_task_constructor_msgs/local/lib/python3.10/dist-packages/moveit_task_constructor_msgs/msg/_stage_statistics.py
[2.775s] -- Up-to-date: /home/robomaven/ws/ws3_moveit2_pick_place/install/moveit_task_constructor_msgs/local/lib/python3.10/dist-packages/moveit_task_constructor_msgs/moveit_task_constructor_msgs_s__rosidl_typesupport_fastrtps_c.cpython-310-x86_64-linux-gnu.so
[2.775s] -- Up-to-date: /home/robomaven/ws/ws3_moveit2_pick_place/install/moveit_task_constructor_msgs/local/lib/python3.10/dist-packages/moveit_task_constructor_msgs/_moveit_task_constructor_msgs_s.ep.rosidl_typesupport_c.c
[2.775s] -- Up-to-date: /home/robomaven/ws/ws3_moveit2_pick_place/install/moveit_task_constructor_msgs/local/lib/python3.10/dist-packages/moveit_task_constructor_msgs/action
[2.775s] -- Up-to-date: /home/robomaven/ws/ws3_moveit2_pick_place/install/moveit_task_constructor_msgs/local/lib/python3.10/dist-packages/moveit_task_constructor_msgs/action/_execute_task_solution.py
[2.775s] -- Up-to-date: /home/robomaven/ws/ws3_moveit2_pick_place/install/moveit_task_constructor_msgs/local/lib/python3.10/dist-packages/moveit_task_constructor_msgs/action/_execute_task_solution_s.c
[2.776s] -- Up-to-date: /home/robomaven/ws/ws3_moveit2_pick_place/install/moveit_task_constructor_msgs/local/lib/python3.10/dist-packages/moveit_task_constructor_msgs/action/__init__.py
[2.776s] -- Up-to-date: /home/robomaven/ws/ws3_moveit2_pick_place/install/moveit_task_constructor_msgs/local/lib/python3.10/dist-packages/moveit_task_constructor_msgs/_moveit_task_constructor_msgs_s.ep.rosidl_typesupport_fastrtps_c.c
[2.776s] -- Up-to-date: /home/robomaven/ws/ws3_moveit2_pick_place/install/moveit_task_constructor_msgs/local/lib/python3.10/dist-packages/moveit_task_constructor_msgs/_moveit_task_constructor_msgs_s.ep.rosidl_typesupport_introspection_c.c
[2.776s] -- Up-to-date: /home/robomaven/ws/ws3_moveit2_pick_place/install/moveit_task_constructor_msgs/local/lib/python3.10/dist-packages/moveit_task_constructor_msgs/moveit_task_constructor_msgs_s__rosidl_typesupport_introspection_c.cpython-310-x86_64-linux-gnu.so
[2.776s] -- Installing: /home/robomaven/ws/ws3_moveit2_pick_place/install/moveit_task_constructor_msgs/local/lib/python3.10/dist-packages/moveit_task_constructor_msgs/__init__.py
[2.797s] Listing '/home/robomaven/ws/ws3_moveit2_pick_place/install/moveit_task_constructor_msgs/local/lib/python3.10/dist-packages/moveit_task_constructor_msgs'...
[2.797s] Compiling '/home/robomaven/ws/ws3_moveit2_pick_place/install/moveit_task_constructor_msgs/local/lib/python3.10/dist-packages/moveit_task_constructor_msgs/__init__.py'...
[2.797s] Listing '/home/robomaven/ws/ws3_moveit2_pick_place/install/moveit_task_constructor_msgs/local/lib/python3.10/dist-packages/moveit_task_constructor_msgs/action'...
[2.797s] Listing '/home/robomaven/ws/ws3_moveit2_pick_place/install/moveit_task_constructor_msgs/local/lib/python3.10/dist-packages/moveit_task_constructor_msgs/msg'...
[2.797s] Listing '/home/robomaven/ws/ws3_moveit2_pick_place/install/moveit_task_constructor_msgs/local/lib/python3.10/dist-packages/moveit_task_constructor_msgs/srv'...
[2.800s] -- Up-to-date: /home/robomaven/ws/ws3_moveit2_pick_place/install/moveit_task_constructor_msgs/local/lib/python3.10/dist-packages/moveit_task_constructor_msgs/moveit_task_constructor_msgs_s__rosidl_typesupport_fastrtps_c.cpython-310-x86_64-linux-gnu.so
[2.800s] -- Up-to-date: /home/robomaven/ws/ws3_moveit2_pick_place/install/moveit_task_constructor_msgs/local/lib/python3.10/dist-packages/moveit_task_constructor_msgs/moveit_task_constructor_msgs_s__rosidl_typesupport_introspection_c.cpython-310-x86_64-linux-gnu.so
[2.800s] -- Up-to-date: /home/robomaven/ws/ws3_moveit2_pick_place/install/moveit_task_constructor_msgs/local/lib/python3.10/dist-packages/moveit_task_constructor_msgs/moveit_task_constructor_msgs_s__rosidl_typesupport_c.cpython-310-x86_64-linux-gnu.so
[2.800s] -- Up-to-date: /home/robomaven/ws/ws3_moveit2_pick_place/install/moveit_task_constructor_msgs/lib/libmoveit_task_constructor_msgs__rosidl_generator_py.so
[2.800s] -- Up-to-date: /home/robomaven/ws/ws3_moveit2_pick_place/install/moveit_task_constructor_msgs/share/moveit_task_constructor_msgs/msg/Property.idl
[2.800s] -- Up-to-date: /home/robomaven/ws/ws3_moveit2_pick_place/install/moveit_task_constructor_msgs/share/moveit_task_constructor_msgs/msg/Solution.idl
[2.800s] -- Up-to-date: /home/robomaven/ws/ws3_moveit2_pick_place/install/moveit_task_constructor_msgs/share/moveit_task_constructor_msgs/msg/SolutionInfo.idl
[2.800s] -- Up-to-date: /home/robomaven/ws/ws3_moveit2_pick_place/install/moveit_task_constructor_msgs/share/moveit_task_constructor_msgs/msg/StageDescription.idl
[2.800s] -- Up-to-date: /home/robomaven/ws/ws3_moveit2_pick_place/install/moveit_task_constructor_msgs/share/moveit_task_constructor_msgs/msg/StageStatistics.idl
[2.800s] -- Up-to-date: /home/robomaven/ws/ws3_moveit2_pick_place/install/moveit_task_constructor_msgs/share/moveit_task_constructor_msgs/msg/SubSolution.idl
[2.800s] -- Up-to-date: /home/robomaven/ws/ws3_moveit2_pick_place/install/moveit_task_constructor_msgs/share/moveit_task_constructor_msgs/msg/SubTrajectory.idl
[2.800s] -- Up-to-date: /home/robomaven/ws/ws3_moveit2_pick_place/install/moveit_task_constructor_msgs/share/moveit_task_constructor_msgs/msg/TaskDescription.idl
[2.800s] -- Up-to-date: /home/robomaven/ws/ws3_moveit2_pick_place/install/moveit_task_constructor_msgs/share/moveit_task_constructor_msgs/msg/TaskStatistics.idl
[2.800s] -- Up-to-date: /home/robomaven/ws/ws3_moveit2_pick_place/install/moveit_task_constructor_msgs/share/moveit_task_constructor_msgs/msg/TrajectoryExecutionInfo.idl
[2.800s] -- Up-to-date: /home/robomaven/ws/ws3_moveit2_pick_place/install/moveit_task_constructor_msgs/share/moveit_task_constructor_msgs/srv/GetSolution.idl
[2.800s] -- Up-to-date: /home/robomaven/ws/ws3_moveit2_pick_place/install/moveit_task_constructor_msgs/share/moveit_task_constructor_msgs/action/ExecuteTaskSolution.idl
[2.800s] -- Up-to-date: /home/robomaven/ws/ws3_moveit2_pick_place/install/moveit_task_constructor_msgs/share/moveit_task_constructor_msgs/msg/Property.msg
[2.800s] -- Up-to-date: /home/robomaven/ws/ws3_moveit2_pick_place/install/moveit_task_constructor_msgs/share/moveit_task_constructor_msgs/msg/Solution.msg
[2.800s] -- Up-to-date: /home/robomaven/ws/ws3_moveit2_pick_place/install/moveit_task_constructor_msgs/share/moveit_task_constructor_msgs/msg/SolutionInfo.msg
[2.801s] -- Up-to-date: /home/robomaven/ws/ws3_moveit2_pick_place/install/moveit_task_constructor_msgs/share/moveit_task_constructor_msgs/msg/StageDescription.msg
[2.801s] -- Up-to-date: /home/robomaven/ws/ws3_moveit2_pick_place/install/moveit_task_constructor_msgs/share/moveit_task_constructor_msgs/msg/StageStatistics.msg
[2.801s] -- Up-to-date: /home/robomaven/ws/ws3_moveit2_pick_place/install/moveit_task_constructor_msgs/share/moveit_task_constructor_msgs/msg/SubSolution.msg
[2.801s] -- Up-to-date: /home/robomaven/ws/ws3_moveit2_pick_place/install/moveit_task_constructor_msgs/share/moveit_task_constructor_msgs/msg/SubTrajectory.msg
[2.801s] -- Up-to-date: /home/robomaven/ws/ws3_moveit2_pick_place/install/moveit_task_constructor_msgs/share/moveit_task_constructor_msgs/msg/TaskDescription.msg
[2.801s] -- Up-to-date: /home/robomaven/ws/ws3_moveit2_pick_place/install/moveit_task_constructor_msgs/share/moveit_task_constructor_msgs/msg/TaskStatistics.msg
[2.801s] -- Up-to-date: /home/robomaven/ws/ws3_moveit2_pick_place/install/moveit_task_constructor_msgs/share/moveit_task_constructor_msgs/msg/TrajectoryExecutionInfo.msg
[2.801s] -- Up-to-date: /home/robomaven/ws/ws3_moveit2_pick_place/install/moveit_task_constructor_msgs/share/moveit_task_constructor_msgs/srv/GetSolution.srv
[2.801s] -- Up-to-date: /home/robomaven/ws/ws3_moveit2_pick_place/install/moveit_task_constructor_msgs/share/moveit_task_constructor_msgs/srv/GetSolution_Request.msg
[2.801s] -- Up-to-date: /home/robomaven/ws/ws3_moveit2_pick_place/install/moveit_task_constructor_msgs/share/moveit_task_constructor_msgs/srv/GetSolution_Response.msg
[2.801s] -- Up-to-date: /home/robomaven/ws/ws3_moveit2_pick_place/install/moveit_task_constructor_msgs/share/moveit_task_constructor_msgs/action/ExecuteTaskSolution.action
[2.801s] -- Up-to-date: /home/robomaven/ws/ws3_moveit2_pick_place/install/moveit_task_constructor_msgs/share/ament_index/resource_index/package_run_dependencies/moveit_task_constructor_msgs
[2.801s] -- Up-to-date: /home/robomaven/ws/ws3_moveit2_pick_place/install/moveit_task_constructor_msgs/share/ament_index/resource_index/parent_prefix_path/moveit_task_constructor_msgs
[2.801s] -- Up-to-date: /home/robomaven/ws/ws3_moveit2_pick_place/install/moveit_task_constructor_msgs/share/moveit_task_constructor_msgs/environment/ament_prefix_path.sh
[2.801s] -- Installing: /home/robomaven/ws/ws3_moveit2_pick_place/install/moveit_task_constructor_msgs/share/moveit_task_constructor_msgs/environment/ament_prefix_path.dsv
[2.801s] -- Up-to-date: /home/robomaven/ws/ws3_moveit2_pick_place/install/moveit_task_constructor_msgs/share/moveit_task_constructor_msgs/environment/path.sh
[2.801s] -- Installing: /home/robomaven/ws/ws3_moveit2_pick_place/install/moveit_task_constructor_msgs/share/moveit_task_constructor_msgs/environment/path.dsv
[2.801s] -- Up-to-date: /home/robomaven/ws/ws3_moveit2_pick_place/install/moveit_task_constructor_msgs/share/moveit_task_constructor_msgs/local_setup.bash
[2.801s] -- Up-to-date: /home/robomaven/ws/ws3_moveit2_pick_place/install/moveit_task_constructor_msgs/share/moveit_task_constructor_msgs/local_setup.sh
[2.801s] -- Up-to-date: /home/robomaven/ws/ws3_moveit2_pick_place/install/moveit_task_constructor_msgs/share/moveit_task_constructor_msgs/local_setup.zsh
[2.801s] -- Installing: /home/robomaven/ws/ws3_moveit2_pick_place/install/moveit_task_constructor_msgs/share/moveit_task_constructor_msgs/local_setup.dsv
[2.801s] -- Installing: /home/robomaven/ws/ws3_moveit2_pick_place/install/moveit_task_constructor_msgs/share/moveit_task_constructor_msgs/package.dsv
[2.801s] -- Up-to-date: /home/robomaven/ws/ws3_moveit2_pick_place/install/moveit_task_constructor_msgs/share/ament_index/resource_index/packages/moveit_task_constructor_msgs
[2.801s] -- Up-to-date: /home/robomaven/ws/ws3_moveit2_pick_place/install/moveit_task_constructor_msgs/share/moveit_task_constructor_msgs/cmake/export_moveit_task_constructor_msgs__rosidl_generator_cExport.cmake
[2.801s] -- Up-to-date: /home/robomaven/ws/ws3_moveit2_pick_place/install/moveit_task_constructor_msgs/share/moveit_task_constructor_msgs/cmake/export_moveit_task_constructor_msgs__rosidl_generator_cExport-release.cmake
[2.801s] -- Up-to-date: /home/robomaven/ws/ws3_moveit2_pick_place/install/moveit_task_constructor_msgs/share/moveit_task_constructor_msgs/cmake/export_moveit_task_constructor_msgs__rosidl_typesupport_fastrtps_cExport.cmake
[2.801s] -- Up-to-date: /home/robomaven/ws/ws3_moveit2_pick_place/install/moveit_task_constructor_msgs/share/moveit_task_constructor_msgs/cmake/export_moveit_task_constructor_msgs__rosidl_typesupport_fastrtps_cExport-release.cmake
[2.801s] -- Up-to-date: /home/robomaven/ws/ws3_moveit2_pick_place/install/moveit_task_constructor_msgs/share/moveit_task_constructor_msgs/cmake/export_moveit_task_constructor_msgs__rosidl_generator_cppExport.cmake
[2.802s] -- Up-to-date: /home/robomaven/ws/ws3_moveit2_pick_place/install/moveit_task_constructor_msgs/share/moveit_task_constructor_msgs/cmake/export_moveit_task_constructor_msgs__rosidl_typesupport_fastrtps_cppExport.cmake
[2.802s] -- Up-to-date: /home/robomaven/ws/ws3_moveit2_pick_place/install/moveit_task_constructor_msgs/share/moveit_task_constructor_msgs/cmake/export_moveit_task_constructor_msgs__rosidl_typesupport_fastrtps_cppExport-release.cmake
[2.802s] -- Up-to-date: /home/robomaven/ws/ws3_moveit2_pick_place/install/moveit_task_constructor_msgs/share/moveit_task_constructor_msgs/cmake/moveit_task_constructor_msgs__rosidl_typesupport_introspection_cExport.cmake
[2.802s] -- Up-to-date: /home/robomaven/ws/ws3_moveit2_pick_place/install/moveit_task_constructor_msgs/share/moveit_task_constructor_msgs/cmake/moveit_task_constructor_msgs__rosidl_typesupport_introspection_cExport-release.cmake
[2.802s] -- Up-to-date: /home/robomaven/ws/ws3_moveit2_pick_place/install/moveit_task_constructor_msgs/share/moveit_task_constructor_msgs/cmake/moveit_task_constructor_msgs__rosidl_typesupport_cExport.cmake
[2.802s] -- Up-to-date: /home/robomaven/ws/ws3_moveit2_pick_place/install/moveit_task_constructor_msgs/share/moveit_task_constructor_msgs/cmake/moveit_task_constructor_msgs__rosidl_typesupport_cExport-release.cmake
[2.802s] -- Up-to-date: /home/robomaven/ws/ws3_moveit2_pick_place/install/moveit_task_constructor_msgs/share/moveit_task_constructor_msgs/cmake/moveit_task_constructor_msgs__rosidl_typesupport_introspection_cppExport.cmake
[2.802s] -- Up-to-date: /home/robomaven/ws/ws3_moveit2_pick_place/install/moveit_task_constructor_msgs/share/moveit_task_constructor_msgs/cmake/moveit_task_constructor_msgs__rosidl_typesupport_introspection_cppExport-release.cmake
[2.802s] -- Up-to-date: /home/robomaven/ws/ws3_moveit2_pick_place/install/moveit_task_constructor_msgs/share/moveit_task_constructor_msgs/cmake/moveit_task_constructor_msgs__rosidl_typesupport_cppExport.cmake
[2.802s] -- Up-to-date: /home/robomaven/ws/ws3_moveit2_pick_place/install/moveit_task_constructor_msgs/share/moveit_task_constructor_msgs/cmake/moveit_task_constructor_msgs__rosidl_typesupport_cppExport-release.cmake
[2.802s] -- Up-to-date: /home/robomaven/ws/ws3_moveit2_pick_place/install/moveit_task_constructor_msgs/share/moveit_task_constructor_msgs/cmake/export_moveit_task_constructor_msgs__rosidl_generator_pyExport.cmake
[2.802s] -- Up-to-date: /home/robomaven/ws/ws3_moveit2_pick_place/install/moveit_task_constructor_msgs/share/moveit_task_constructor_msgs/cmake/export_moveit_task_constructor_msgs__rosidl_generator_pyExport-release.cmake
[2.802s] -- Up-to-date: /home/robomaven/ws/ws3_moveit2_pick_place/install/moveit_task_constructor_msgs/share/moveit_task_constructor_msgs/cmake/rosidl_cmake-extras.cmake
[2.802s] -- Up-to-date: /home/robomaven/ws/ws3_moveit2_pick_place/install/moveit_task_constructor_msgs/share/moveit_task_constructor_msgs/cmake/ament_cmake_export_dependencies-extras.cmake
[2.802s] -- Up-to-date: /home/robomaven/ws/ws3_moveit2_pick_place/install/moveit_task_constructor_msgs/share/moveit_task_constructor_msgs/cmake/ament_cmake_export_include_directories-extras.cmake
[2.802s] -- Up-to-date: /home/robomaven/ws/ws3_moveit2_pick_place/install/moveit_task_constructor_msgs/share/moveit_task_constructor_msgs/cmake/ament_cmake_export_libraries-extras.cmake
[2.802s] -- Up-to-date: /home/robomaven/ws/ws3_moveit2_pick_place/install/moveit_task_constructor_msgs/share/moveit_task_constructor_msgs/cmake/ament_cmake_export_targets-extras.cmake
[2.802s] -- Up-to-date: /home/robomaven/ws/ws3_moveit2_pick_place/install/moveit_task_constructor_msgs/share/moveit_task_constructor_msgs/cmake/rosidl_cmake_export_typesupport_targets-extras.cmake
[2.802s] -- Up-to-date: /home/robomaven/ws/ws3_moveit2_pick_place/install/moveit_task_constructor_msgs/share/moveit_task_constructor_msgs/cmake/rosidl_cmake_export_typesupport_libraries-extras.cmake
[2.802s] -- Up-to-date: /home/robomaven/ws/ws3_moveit2_pick_place/install/moveit_task_constructor_msgs/share/moveit_task_constructor_msgs/cmake/moveit_task_constructor_msgsConfig.cmake
[2.802s] -- Up-to-date: /home/robomaven/ws/ws3_moveit2_pick_place/install/moveit_task_constructor_msgs/share/moveit_task_constructor_msgs/cmake/moveit_task_constructor_msgsConfig-version.cmake
[2.802s] -- Up-to-date: /home/robomaven/ws/ws3_moveit2_pick_place/install/moveit_task_constructor_msgs/share/moveit_task_constructor_msgs/package.xml
[2.804s] Invoked command in '/home/robomaven/ws/ws3_moveit2_pick_place/build/moveit_task_constructor_msgs' returned '0': CMAKE_PREFIX_PATH=${CMAKE_PREFIX_PATH}:/home/robomaven/ws/ws_moveit2/install/moveit_configs_utils:/home/robomaven/ws/ws_moveit2/install/launch_param_builder:/opt/ros/humble /usr/bin/cmake --install /home/robomaven/ws/ws3_moveit2_pick_place/build/moveit_task_constructor_msgs
