[0.022s] Invoking command in '/home/robomaven/ws/ws_moveit2/build/moveit_ros_planning': CMAKE_PREFIX_PATH=/home/robomaven/ws/ws_moveit2/install/moveit_ros_occupancy_map_monitor:/home/robomaven/ws/ws_moveit2/install/moveit_core:/home/robomaven/ws/ws_moveit2/install/moveit_resources_panda_moveit_config:/home/robomaven/ws/ws_moveit2/install/srdfdom:/home/robomaven/ws/ws_moveit2/install/moveit_resources_panda_description:/home/robomaven/ws/ws_moveit2/install/moveit_common:/home/robomaven/ws/ws_moveit2/install/pilz_industrial_motion_planner_testutils:/home/robomaven/ws/ws_moveit2/install/moveit_runtime:/home/robomaven/ws/ws_moveit2/install/moveit2_tutorials:/home/robomaven/ws/ws_moveit2/install/moveit:/home/robomaven/ws/ws_moveit2/install/moveit_planners:/home/robomaven/ws/ws_moveit2/install/pilz_industrial_motion_planner:/home/robomaven/ws/ws_moveit2/install/mtc_tutorial:/home/robomaven/ws/ws_moveit2/install/hello_moveit:/home/robomaven/ws/ws_moveit2/install/moveit_visual_tools:/home/robomaven/ws/ws_moveit2/install/moveit_task_constructor_visualization:/home/robomaven/ws/ws_moveit2/install/moveit_task_constructor_demo:/home/robomaven/ws/ws_moveit2/install/moveit_task_constructor_capabilities:/home/robomaven/ws/ws_moveit2/install/moveit_task_constructor_core:/home/robomaven/ws/ws_moveit2/install/moveit_ros_control_interface:/home/robomaven/ws/ws_moveit2/install/moveit_plugins:/home/robomaven/ws/ws_moveit2/install/moveit_simple_controller_manager:/home/robomaven/ws/ws_moveit2/install/moveit_setup_assistant:/home/robomaven/ws/ws_moveit2/install/moveit_setup_srdf_plugins:/home/robomaven/ws/ws_moveit2/install/moveit_setup_core_plugins:/home/robomaven/ws/ws_moveit2/install/moveit_setup_controllers:/home/robomaven/ws/ws_moveit2/install/moveit_setup_app_plugins:/home/robomaven/ws/ws_moveit2/install/moveit_setup_framework:/home/robomaven/ws/ws_moveit2/install/moveit_servo:/home/robomaven/ws/ws_moveit2/install/moveit_ros:/home/robomaven/ws/ws_moveit2/install/moveit_ros_visualization:/home/robomaven/ws/ws_moveit2/install/moveit_hybrid_planning:/home/robomaven/ws/ws_moveit2/install/moveit_ros_planning_interface:/home/robomaven/ws/ws_moveit2/install/moveit_ros_benchmarks:/home/robomaven/ws/ws_moveit2/install/moveit_ros_warehouse:/home/robomaven/ws/ws_moveit2/install/moveit_ros_robot_interaction:/home/robomaven/ws/ws_moveit2/install/moveit_ros_perception:/home/robomaven/ws/ws_moveit2/install/moveit_resources_prbt_pg70_support:/home/robomaven/ws/ws_moveit2/install/moveit_resources_prbt_moveit_config:/home/robomaven/ws/ws_moveit2/install/moveit_ros_move_group:/home/robomaven/ws/ws_moveit2/install/moveit_planners_ompl:/home/robomaven/ws/ws_moveit2/install/moveit_ros_planning:/home/robomaven/ws/ws_moveit2/install/moveit_resources_prbt_ikfast_manipulator_plugin:/home/robomaven/ws/ws_moveit2/install/moveit_planners_chomp:/home/robomaven/ws/ws_moveit2/install/moveit_kinematics:/home/robomaven/ws/ws_moveit2/install/moveit_chomp_optimizer_adapter:/home/robomaven/ws/ws_moveit2/install/chomp_motion_planner:/home/robomaven/ws/ws_moveit2/install/rviz_marker_tools:/home/robomaven/ws/ws_moveit2/install/rosparam_shortcuts:/home/robomaven/ws/ws_moveit2/install/moveit_task_constructor_msgs:/home/robomaven/ws/ws_moveit2/install/moveit_resources_prbt_support:/home/robomaven/ws/ws_moveit2/install/moveit_resources:/home/robomaven/ws/ws_moveit2/install/moveit_resources_pr2_description:/home/robomaven/ws/ws_moveit2/install/moveit_resources_fanuc_moveit_config:/home/robomaven/ws/ws_moveit2/install/moveit_resources_fanuc_description:/home/robomaven/ws/ws_moveit2/install/moveit_configs_utils:/home/robomaven/ws/ws_moveit2/install/launch_param_builder:/opt/ros/humble LD_LIBRARY_PATH=/home/robomaven/ws/ws_moveit2/install/moveit_ros_occupancy_map_monitor/lib:/home/robomaven/ws/ws_moveit2/install/moveit_core/lib:/home/robomaven/ws/ws_moveit2/install/srdfdom/lib:/home/robomaven/ws/ws_moveit2/install/pilz_industrial_motion_planner_testutils/lib:/home/robomaven/ws/ws_moveit2/install/pilz_industrial_motion_planner/lib:/home/robomaven/ws/ws_moveit2/install/moveit_visual_tools/lib:/home/robomaven/ws/ws_moveit2/install/moveit_task_constructor_visualization/lib:/home/robomaven/ws/ws_moveit2/install/moveit_task_constructor_demo/lib:/home/robomaven/ws/ws_moveit2/install/moveit_task_constructor_capabilities/lib:/home/robomaven/ws/ws_moveit2/install/moveit_task_constructor_core/lib:/home/robomaven/ws/ws_moveit2/install/moveit_ros_control_interface/lib:/home/robomaven/ws/ws_moveit2/install/moveit_simple_controller_manager/lib:/home/robomaven/ws/ws_moveit2/install/moveit_setup_assistant/lib:/home/robomaven/ws/ws_moveit2/install/moveit_setup_srdf_plugins/lib:/home/robomaven/ws/ws_moveit2/install/moveit_setup_core_plugins/lib:/home/robomaven/ws/ws_moveit2/install/moveit_setup_controllers/lib:/home/robomaven/ws/ws_moveit2/install/moveit_setup_app_plugins/lib:/home/robomaven/ws/ws_moveit2/install/moveit_setup_framework/lib:/home/robomaven/ws/ws_moveit2/install/moveit_servo/lib:/home/robomaven/ws/ws_moveit2/install/moveit_ros_visualization/lib:/home/robomaven/ws/ws_moveit2/install/moveit_hybrid_planning/lib:/home/robomaven/ws/ws_moveit2/install/moveit_ros_planning_interface/lib:/home/robomaven/ws/ws_moveit2/install/moveit_ros_benchmarks/lib:/home/robomaven/ws/ws_moveit2/install/moveit_ros_warehouse/lib:/home/robomaven/ws/ws_moveit2/install/moveit_ros_robot_interaction/lib:/home/robomaven/ws/ws_moveit2/install/moveit_ros_perception/lib:/home/robomaven/ws/ws_moveit2/install/moveit_ros_move_group/lib:/home/robomaven/ws/ws_moveit2/install/moveit_planners_ompl/lib:/home/robomaven/ws/ws_moveit2/install/moveit_ros_planning/lib:/home/robomaven/ws/ws_moveit2/install/moveit_resources_prbt_ikfast_manipulator_plugin/lib:/home/robomaven/ws/ws_moveit2/install/moveit_planners_chomp/lib:/home/robomaven/ws/ws_moveit2/install/moveit_kinematics/lib:/home/robomaven/ws/ws_moveit2/install/moveit_chomp_optimizer_adapter/lib:/home/robomaven/ws/ws_moveit2/install/chomp_motion_planner/lib:/home/robomaven/ws/ws_moveit2/install/rviz_marker_tools/lib:/home/robomaven/ws/ws_moveit2/install/rosparam_shortcuts/lib:/home/robomaven/ws/ws_moveit2/install/moveit_task_constructor_msgs/lib:/usr/lib/x86_64-linux-gnu/gazebo-11/plugins:/opt/ros/humble/opt/rviz_ogre_vendor/lib:/opt/ros/humble/lib/x86_64-linux-gnu:/opt/ros/humble/lib:/usr/share/gazebo/../../lib/x86_64-linux-gnu/gazebo-11/plugins /usr/bin/cmake --build /home/robomaven/ws/ws_moveit2/build/moveit_ros_planning -- -j20 -l20
[0.085s] [  4%] Built target gmock
[0.087s] [  6%] [32m[1mLinking CXX shared library libmoveit_planning_pipeline.so[0m
[0.089s] [  8%] [32m[1mLinking CXX executable moveit_list_request_adapter_plugins[0m
[0.092s] [  9%] [32m[1mLinking CXX shared library libmoveit_collision_plugin_loader.so[0m
[0.092s] [ 12%] Built target gmock_main
[0.093s] [ 14%] [32m[1mLinking CXX shared library libmoveit_rdf_loader.so[0m
[0.107s] [ 16%] [32m[1mLinking CXX shared library libmoveit_default_planning_request_adapter_plugins.so[0m
[0.253s] [ 17%] Built target moveit_collision_plugin_loader
[0.257s] [ 19%] Built target moveit_list_request_adapter_plugins
[0.290s] [ 22%] Built target moveit_rdf_loader
[0.295s] [ 24%] Built target moveit_planning_pipeline
[0.305s] [ 40%] Built target moveit_default_planning_request_adapter_plugins
[0.317s] [ 41%] [32m[1mLinking CXX shared library libmoveit_kinematics_plugin_loader.so[0m
[0.318s] [ 43%] [32m[1mLinking CXX shared library libmoveit_constraint_sampler_manager_loader.so[0m
[0.466s] [ 45%] Built target moveit_kinematics_plugin_loader
[0.494s] [ 46%] [32m[1mLinking CXX shared library libmoveit_robot_model_loader.so[0m
[0.508s] [ 48%] Built target moveit_constraint_sampler_manager_loader
[0.667s] [ 50%] Built target moveit_robot_model_loader
[0.714s] [ 51%] [32m[1mLinking CXX executable moveit_print_planning_model_info[0m
[0.725s] [ 53%] [32m[1mLinking CXX shared library libmoveit_planning_scene_monitor.so[0m
[0.901s] [ 54%] Built target moveit_print_planning_model_info
[1.039s] [ 62%] Built target moveit_planning_scene_monitor
[1.075s] [ 67%] [32m[1mLinking CXX executable moveit_display_random_state[0m
[1.075s] [ 67%] [32m[1mLinking CXX executable trajectory_monitor_tests[0m
[1.075s] [ 67%] [32m[1mLinking CXX executable moveit_publish_scene_from_text[0m
[1.075s] [ 70%] [32m[1mLinking CXX shared library libmoveit_trajectory_execution_manager.so[0m
[1.075s] [ 70%] [32m[1mLinking CXX executable moveit_print_planning_scene_info[0m
[1.077s] [ 72%] [32m[1mLinking CXX executable moveit_evaluate_collision_checking_speed[0m
[1.081s] [ 74%] [32m[1mLinking CXX executable current_state_monitor_tests[0m
[1.083s] [ 75%] [32m[1mLinking CXX executable demo_scene[0m
[1.086s] [ 77%] [32m[1mLinking CXX executable moveit_visualize_robot_collision_volume[0m
[1.353s] [ 79%] Built target demo_scene
[1.485s] [ 80%] Built target moveit_print_planning_scene_info
[1.500s] [ 82%] Built target moveit_evaluate_collision_checking_speed
[1.512s] [ 83%] Built target moveit_publish_scene_from_text
[1.561s] [ 87%] Built target moveit_visualize_robot_collision_volume
[1.562s] [ 87%] Built target trajectory_monitor_tests
[1.564s] [ 88%] Built target moveit_trajectory_execution_manager
[1.567s] [ 90%] Built target current_state_monitor_tests
[1.583s] [ 91%] Built target moveit_display_random_state
[1.598s] [ 95%] [32m[1mLinking CXX shared library libmoveit_cpp.so[0m
[1.598s] [ 95%] [32m[1mLinking CXX shared library libmoveit_plan_execution.so[0m
[1.797s] [ 96%] Built target moveit_plan_execution
[1.816s] [100%] Built target moveit_cpp
[1.825s] Invoked command in '/home/robomaven/ws/ws_moveit2/build/moveit_ros_planning' returned '0': CMAKE_PREFIX_PATH=/home/robomaven/ws/ws_moveit2/install/moveit_ros_occupancy_map_monitor:/home/robomaven/ws/ws_moveit2/install/moveit_core:/home/robomaven/ws/ws_moveit2/install/moveit_resources_panda_moveit_config:/home/robomaven/ws/ws_moveit2/install/srdfdom:/home/robomaven/ws/ws_moveit2/install/moveit_resources_panda_description:/home/robomaven/ws/ws_moveit2/install/moveit_common:/home/robomaven/ws/ws_moveit2/install/pilz_industrial_motion_planner_testutils:/home/robomaven/ws/ws_moveit2/install/moveit_runtime:/home/robomaven/ws/ws_moveit2/install/moveit2_tutorials:/home/robomaven/ws/ws_moveit2/install/moveit:/home/robomaven/ws/ws_moveit2/install/moveit_planners:/home/robomaven/ws/ws_moveit2/install/pilz_industrial_motion_planner:/home/robomaven/ws/ws_moveit2/install/mtc_tutorial:/home/robomaven/ws/ws_moveit2/install/hello_moveit:/home/robomaven/ws/ws_moveit2/install/moveit_visual_tools:/home/robomaven/ws/ws_moveit2/install/moveit_task_constructor_visualization:/home/robomaven/ws/ws_moveit2/install/moveit_task_constructor_demo:/home/robomaven/ws/ws_moveit2/install/moveit_task_constructor_capabilities:/home/robomaven/ws/ws_moveit2/install/moveit_task_constructor_core:/home/robomaven/ws/ws_moveit2/install/moveit_ros_control_interface:/home/robomaven/ws/ws_moveit2/install/moveit_plugins:/home/robomaven/ws/ws_moveit2/install/moveit_simple_controller_manager:/home/robomaven/ws/ws_moveit2/install/moveit_setup_assistant:/home/robomaven/ws/ws_moveit2/install/moveit_setup_srdf_plugins:/home/robomaven/ws/ws_moveit2/install/moveit_setup_core_plugins:/home/robomaven/ws/ws_moveit2/install/moveit_setup_controllers:/home/robomaven/ws/ws_moveit2/install/moveit_setup_app_plugins:/home/robomaven/ws/ws_moveit2/install/moveit_setup_framework:/home/robomaven/ws/ws_moveit2/install/moveit_servo:/home/robomaven/ws/ws_moveit2/install/moveit_ros:/home/robomaven/ws/ws_moveit2/install/moveit_ros_visualization:/home/robomaven/ws/ws_moveit2/install/moveit_hybrid_planning:/home/robomaven/ws/ws_moveit2/install/moveit_ros_planning_interface:/home/robomaven/ws/ws_moveit2/install/moveit_ros_benchmarks:/home/robomaven/ws/ws_moveit2/install/moveit_ros_warehouse:/home/robomaven/ws/ws_moveit2/install/moveit_ros_robot_interaction:/home/robomaven/ws/ws_moveit2/install/moveit_ros_perception:/home/robomaven/ws/ws_moveit2/install/moveit_resources_prbt_pg70_support:/home/robomaven/ws/ws_moveit2/install/moveit_resources_prbt_moveit_config:/home/robomaven/ws/ws_moveit2/install/moveit_ros_move_group:/home/robomaven/ws/ws_moveit2/install/moveit_planners_ompl:/home/robomaven/ws/ws_moveit2/install/moveit_ros_planning:/home/robomaven/ws/ws_moveit2/install/moveit_resources_prbt_ikfast_manipulator_plugin:/home/robomaven/ws/ws_moveit2/install/moveit_planners_chomp:/home/robomaven/ws/ws_moveit2/install/moveit_kinematics:/home/robomaven/ws/ws_moveit2/install/moveit_chomp_optimizer_adapter:/home/robomaven/ws/ws_moveit2/install/chomp_motion_planner:/home/robomaven/ws/ws_moveit2/install/rviz_marker_tools:/home/robomaven/ws/ws_moveit2/install/rosparam_shortcuts:/home/robomaven/ws/ws_moveit2/install/moveit_task_constructor_msgs:/home/robomaven/ws/ws_moveit2/install/moveit_resources_prbt_support:/home/robomaven/ws/ws_moveit2/install/moveit_resources:/home/robomaven/ws/ws_moveit2/install/moveit_resources_pr2_description:/home/robomaven/ws/ws_moveit2/install/moveit_resources_fanuc_moveit_config:/home/robomaven/ws/ws_moveit2/install/moveit_resources_fanuc_description:/home/robomaven/ws/ws_moveit2/install/moveit_configs_utils:/home/robomaven/ws/ws_moveit2/install/launch_param_builder:/opt/ros/humble LD_LIBRARY_PATH=/home/robomaven/ws/ws_moveit2/install/moveit_ros_occupancy_map_monitor/lib:/home/robomaven/ws/ws_moveit2/install/moveit_core/lib:/home/robomaven/ws/ws_moveit2/install/srdfdom/lib:/home/robomaven/ws/ws_moveit2/install/pilz_industrial_motion_planner_testutils/lib:/home/robomaven/ws/ws_moveit2/install/pilz_industrial_motion_planner/lib:/home/robomaven/ws/ws_moveit2/install/moveit_visual_tools/lib:/home/robomaven/ws/ws_moveit2/install/moveit_task_constructor_visualization/lib:/home/robomaven/ws/ws_moveit2/install/moveit_task_constructor_demo/lib:/home/robomaven/ws/ws_moveit2/install/moveit_task_constructor_capabilities/lib:/home/robomaven/ws/ws_moveit2/install/moveit_task_constructor_core/lib:/home/robomaven/ws/ws_moveit2/install/moveit_ros_control_interface/lib:/home/robomaven/ws/ws_moveit2/install/moveit_simple_controller_manager/lib:/home/robomaven/ws/ws_moveit2/install/moveit_setup_assistant/lib:/home/robomaven/ws/ws_moveit2/install/moveit_setup_srdf_plugins/lib:/home/robomaven/ws/ws_moveit2/install/moveit_setup_core_plugins/lib:/home/robomaven/ws/ws_moveit2/install/moveit_setup_controllers/lib:/home/robomaven/ws/ws_moveit2/install/moveit_setup_app_plugins/lib:/home/robomaven/ws/ws_moveit2/install/moveit_setup_framework/lib:/home/robomaven/ws/ws_moveit2/install/moveit_servo/lib:/home/robomaven/ws/ws_moveit2/install/moveit_ros_visualization/lib:/home/robomaven/ws/ws_moveit2/install/moveit_hybrid_planning/lib:/home/robomaven/ws/ws_moveit2/install/moveit_ros_planning_interface/lib:/home/robomaven/ws/ws_moveit2/install/moveit_ros_benchmarks/lib:/home/robomaven/ws/ws_moveit2/install/moveit_ros_warehouse/lib:/home/robomaven/ws/ws_moveit2/install/moveit_ros_robot_interaction/lib:/home/robomaven/ws/ws_moveit2/install/moveit_ros_perception/lib:/home/robomaven/ws/ws_moveit2/install/moveit_ros_move_group/lib:/home/robomaven/ws/ws_moveit2/install/moveit_planners_ompl/lib:/home/robomaven/ws/ws_moveit2/install/moveit_ros_planning/lib:/home/robomaven/ws/ws_moveit2/install/moveit_resources_prbt_ikfast_manipulator_plugin/lib:/home/robomaven/ws/ws_moveit2/install/moveit_planners_chomp/lib:/home/robomaven/ws/ws_moveit2/install/moveit_kinematics/lib:/home/robomaven/ws/ws_moveit2/install/moveit_chomp_optimizer_adapter/lib:/home/robomaven/ws/ws_moveit2/install/chomp_motion_planner/lib:/home/robomaven/ws/ws_moveit2/install/rviz_marker_tools/lib:/home/robomaven/ws/ws_moveit2/install/rosparam_shortcuts/lib:/home/robomaven/ws/ws_moveit2/install/moveit_task_constructor_msgs/lib:/usr/lib/x86_64-linux-gnu/gazebo-11/plugins:/opt/ros/humble/opt/rviz_ogre_vendor/lib:/opt/ros/humble/lib/x86_64-linux-gnu:/opt/ros/humble/lib:/usr/share/gazebo/../../lib/x86_64-linux-gnu/gazebo-11/plugins /usr/bin/cmake --build /home/robomaven/ws/ws_moveit2/build/moveit_ros_planning -- -j20 -l20
[1.908s] Invoking command in '/home/robomaven/ws/ws_moveit2/build/moveit_ros_planning': CMAKE_PREFIX_PATH=/home/robomaven/ws/ws_moveit2/install/moveit_ros_occupancy_map_monitor:/home/robomaven/ws/ws_moveit2/install/moveit_core:/home/robomaven/ws/ws_moveit2/install/moveit_resources_panda_moveit_config:/home/robomaven/ws/ws_moveit2/install/srdfdom:/home/robomaven/ws/ws_moveit2/install/moveit_resources_panda_description:/home/robomaven/ws/ws_moveit2/install/moveit_common:/home/robomaven/ws/ws_moveit2/install/pilz_industrial_motion_planner_testutils:/home/robomaven/ws/ws_moveit2/install/moveit_runtime:/home/robomaven/ws/ws_moveit2/install/moveit2_tutorials:/home/robomaven/ws/ws_moveit2/install/moveit:/home/robomaven/ws/ws_moveit2/install/moveit_planners:/home/robomaven/ws/ws_moveit2/install/pilz_industrial_motion_planner:/home/robomaven/ws/ws_moveit2/install/mtc_tutorial:/home/robomaven/ws/ws_moveit2/install/hello_moveit:/home/robomaven/ws/ws_moveit2/install/moveit_visual_tools:/home/robomaven/ws/ws_moveit2/install/moveit_task_constructor_visualization:/home/robomaven/ws/ws_moveit2/install/moveit_task_constructor_demo:/home/robomaven/ws/ws_moveit2/install/moveit_task_constructor_capabilities:/home/robomaven/ws/ws_moveit2/install/moveit_task_constructor_core:/home/robomaven/ws/ws_moveit2/install/moveit_ros_control_interface:/home/robomaven/ws/ws_moveit2/install/moveit_plugins:/home/robomaven/ws/ws_moveit2/install/moveit_simple_controller_manager:/home/robomaven/ws/ws_moveit2/install/moveit_setup_assistant:/home/robomaven/ws/ws_moveit2/install/moveit_setup_srdf_plugins:/home/robomaven/ws/ws_moveit2/install/moveit_setup_core_plugins:/home/robomaven/ws/ws_moveit2/install/moveit_setup_controllers:/home/robomaven/ws/ws_moveit2/install/moveit_setup_app_plugins:/home/robomaven/ws/ws_moveit2/install/moveit_setup_framework:/home/robomaven/ws/ws_moveit2/install/moveit_servo:/home/robomaven/ws/ws_moveit2/install/moveit_ros:/home/robomaven/ws/ws_moveit2/install/moveit_ros_visualization:/home/robomaven/ws/ws_moveit2/install/moveit_hybrid_planning:/home/robomaven/ws/ws_moveit2/install/moveit_ros_planning_interface:/home/robomaven/ws/ws_moveit2/install/moveit_ros_benchmarks:/home/robomaven/ws/ws_moveit2/install/moveit_ros_warehouse:/home/robomaven/ws/ws_moveit2/install/moveit_ros_robot_interaction:/home/robomaven/ws/ws_moveit2/install/moveit_ros_perception:/home/robomaven/ws/ws_moveit2/install/moveit_resources_prbt_pg70_support:/home/robomaven/ws/ws_moveit2/install/moveit_resources_prbt_moveit_config:/home/robomaven/ws/ws_moveit2/install/moveit_ros_move_group:/home/robomaven/ws/ws_moveit2/install/moveit_planners_ompl:/home/robomaven/ws/ws_moveit2/install/moveit_ros_planning:/home/robomaven/ws/ws_moveit2/install/moveit_resources_prbt_ikfast_manipulator_plugin:/home/robomaven/ws/ws_moveit2/install/moveit_planners_chomp:/home/robomaven/ws/ws_moveit2/install/moveit_kinematics:/home/robomaven/ws/ws_moveit2/install/moveit_chomp_optimizer_adapter:/home/robomaven/ws/ws_moveit2/install/chomp_motion_planner:/home/robomaven/ws/ws_moveit2/install/rviz_marker_tools:/home/robomaven/ws/ws_moveit2/install/rosparam_shortcuts:/home/robomaven/ws/ws_moveit2/install/moveit_task_constructor_msgs:/home/robomaven/ws/ws_moveit2/install/moveit_resources_prbt_support:/home/robomaven/ws/ws_moveit2/install/moveit_resources:/home/robomaven/ws/ws_moveit2/install/moveit_resources_pr2_description:/home/robomaven/ws/ws_moveit2/install/moveit_resources_fanuc_moveit_config:/home/robomaven/ws/ws_moveit2/install/moveit_resources_fanuc_description:/home/robomaven/ws/ws_moveit2/install/moveit_configs_utils:/home/robomaven/ws/ws_moveit2/install/launch_param_builder:/opt/ros/humble LD_LIBRARY_PATH=/home/robomaven/ws/ws_moveit2/install/moveit_ros_occupancy_map_monitor/lib:/home/robomaven/ws/ws_moveit2/install/moveit_core/lib:/home/robomaven/ws/ws_moveit2/install/srdfdom/lib:/home/robomaven/ws/ws_moveit2/install/pilz_industrial_motion_planner_testutils/lib:/home/robomaven/ws/ws_moveit2/install/pilz_industrial_motion_planner/lib:/home/robomaven/ws/ws_moveit2/install/moveit_visual_tools/lib:/home/robomaven/ws/ws_moveit2/install/moveit_task_constructor_visualization/lib:/home/robomaven/ws/ws_moveit2/install/moveit_task_constructor_demo/lib:/home/robomaven/ws/ws_moveit2/install/moveit_task_constructor_capabilities/lib:/home/robomaven/ws/ws_moveit2/install/moveit_task_constructor_core/lib:/home/robomaven/ws/ws_moveit2/install/moveit_ros_control_interface/lib:/home/robomaven/ws/ws_moveit2/install/moveit_simple_controller_manager/lib:/home/robomaven/ws/ws_moveit2/install/moveit_setup_assistant/lib:/home/robomaven/ws/ws_moveit2/install/moveit_setup_srdf_plugins/lib:/home/robomaven/ws/ws_moveit2/install/moveit_setup_core_plugins/lib:/home/robomaven/ws/ws_moveit2/install/moveit_setup_controllers/lib:/home/robomaven/ws/ws_moveit2/install/moveit_setup_app_plugins/lib:/home/robomaven/ws/ws_moveit2/install/moveit_setup_framework/lib:/home/robomaven/ws/ws_moveit2/install/moveit_servo/lib:/home/robomaven/ws/ws_moveit2/install/moveit_ros_visualization/lib:/home/robomaven/ws/ws_moveit2/install/moveit_hybrid_planning/lib:/home/robomaven/ws/ws_moveit2/install/moveit_ros_planning_interface/lib:/home/robomaven/ws/ws_moveit2/install/moveit_ros_benchmarks/lib:/home/robomaven/ws/ws_moveit2/install/moveit_ros_warehouse/lib:/home/robomaven/ws/ws_moveit2/install/moveit_ros_robot_interaction/lib:/home/robomaven/ws/ws_moveit2/install/moveit_ros_perception/lib:/home/robomaven/ws/ws_moveit2/install/moveit_ros_move_group/lib:/home/robomaven/ws/ws_moveit2/install/moveit_planners_ompl/lib:/home/robomaven/ws/ws_moveit2/install/moveit_ros_planning/lib:/home/robomaven/ws/ws_moveit2/install/moveit_resources_prbt_ikfast_manipulator_plugin/lib:/home/robomaven/ws/ws_moveit2/install/moveit_planners_chomp/lib:/home/robomaven/ws/ws_moveit2/install/moveit_kinematics/lib:/home/robomaven/ws/ws_moveit2/install/moveit_chomp_optimizer_adapter/lib:/home/robomaven/ws/ws_moveit2/install/chomp_motion_planner/lib:/home/robomaven/ws/ws_moveit2/install/rviz_marker_tools/lib:/home/robomaven/ws/ws_moveit2/install/rosparam_shortcuts/lib:/home/robomaven/ws/ws_moveit2/install/moveit_task_constructor_msgs/lib:/usr/lib/x86_64-linux-gnu/gazebo-11/plugins:/opt/ros/humble/opt/rviz_ogre_vendor/lib:/opt/ros/humble/lib/x86_64-linux-gnu:/opt/ros/humble/lib:/usr/share/gazebo/../../lib/x86_64-linux-gnu/gazebo-11/plugins /usr/bin/cmake --install /home/robomaven/ws/ws_moveit2/build/moveit_ros_planning
[1.923s] -- Install configuration: "Release"
[1.924s] -- Up-to-date: /home/robomaven/ws/ws_moveit2/install/moveit_ros_planning/include
[1.924s] -- Up-to-date: /home/robomaven/ws/ws_moveit2/install/moveit_ros_planning/include/moveit
[1.924s] -- Up-to-date: /home/robomaven/ws/ws_moveit2/install/moveit_ros_planning/include/moveit/rdf_loader
[1.924s] -- Up-to-date: /home/robomaven/ws/ws_moveit2/install/moveit_ros_planning/include/moveit/rdf_loader/rdf_loader.h
[1.925s] -- Up-to-date: /home/robomaven/ws/ws_moveit2/install/moveit_ros_planning/include/moveit/rdf_loader/synchronized_string_parameter.h
[1.925s] -- Up-to-date: /home/robomaven/ws/ws_moveit2/install/moveit_ros_planning/share/moveit_ros_planning/rdf_loader/test/data
[1.925s] -- Up-to-date: /home/robomaven/ws/ws_moveit2/install/moveit_ros_planning/share/moveit_ros_planning/rdf_loader/test/data/kermit.urdf
[1.925s] -- Up-to-date: /home/robomaven/ws/ws_moveit2/install/moveit_ros_planning/share/moveit_ros_planning/rdf_loader/test/data/gonzo.urdf
[1.925s] -- Up-to-date: /home/robomaven/ws/ws_moveit2/install/moveit_ros_planning/share/moveit_ros_planning/rdf_loader/test/data/gonzo.srdf
[1.925s] -- Up-to-date: /home/robomaven/ws/ws_moveit2/install/moveit_ros_planning/share/moveit_ros_planning/rdf_loader/test/data/robin.srdf.xacro
[1.925s] -- Up-to-date: /home/robomaven/ws/ws_moveit2/install/moveit_ros_planning/share/moveit_ros_planning/rdf_loader/test/data/kermit.srdf
[1.925s] -- Up-to-date: /home/robomaven/ws/ws_moveit2/install/moveit_ros_planning/share/moveit_ros_planning/rdf_loader/test/launch
[1.925s] -- Up-to-date: /home/robomaven/ws/ws_moveit2/install/moveit_ros_planning/share/moveit_ros_planning/rdf_loader/test/launch/test_rdf_integration.test.py
[1.925s] -- Up-to-date: /home/robomaven/ws/ws_moveit2/install/moveit_ros_planning/include
[1.925s] -- Up-to-date: /home/robomaven/ws/ws_moveit2/install/moveit_ros_planning/include/moveit
[1.925s] -- Up-to-date: /home/robomaven/ws/ws_moveit2/install/moveit_ros_planning/include/moveit/collision_plugin_loader
[1.925s] -- Up-to-date: /home/robomaven/ws/ws_moveit2/install/moveit_ros_planning/include/moveit/collision_plugin_loader/collision_plugin_loader.h
[1.925s] -- Up-to-date: /home/robomaven/ws/ws_moveit2/install/moveit_ros_planning/include
[1.926s] -- Up-to-date: /home/robomaven/ws/ws_moveit2/install/moveit_ros_planning/include/moveit
[1.926s] -- Up-to-date: /home/robomaven/ws/ws_moveit2/install/moveit_ros_planning/include/moveit/kinematics_plugin_loader
[1.926s] -- Up-to-date: /home/robomaven/ws/ws_moveit2/install/moveit_ros_planning/include/moveit/kinematics_plugin_loader/kinematics_plugin_loader.h
[1.926s] -- Up-to-date: /home/robomaven/ws/ws_moveit2/install/moveit_ros_planning/include
[1.926s] -- Up-to-date: /home/robomaven/ws/ws_moveit2/install/moveit_ros_planning/include/moveit
[1.926s] -- Up-to-date: /home/robomaven/ws/ws_moveit2/install/moveit_ros_planning/include/moveit/robot_model_loader
[1.926s] -- Up-to-date: /home/robomaven/ws/ws_moveit2/install/moveit_ros_planning/include/moveit/robot_model_loader/robot_model_loader.h
[1.926s] -- Up-to-date: /home/robomaven/ws/ws_moveit2/install/moveit_ros_planning/include
[1.926s] -- Up-to-date: /home/robomaven/ws/ws_moveit2/install/moveit_ros_planning/include/moveit
[1.926s] -- Up-to-date: /home/robomaven/ws/ws_moveit2/install/moveit_ros_planning/include/moveit/constraint_sampler_manager_loader
[1.926s] -- Up-to-date: /home/robomaven/ws/ws_moveit2/install/moveit_ros_planning/include/moveit/constraint_sampler_manager_loader/constraint_sampler_manager_loader.h
[1.926s] -- Up-to-date: /home/robomaven/ws/ws_moveit2/install/moveit_ros_planning/include
[1.926s] -- Up-to-date: /home/robomaven/ws/ws_moveit2/install/moveit_ros_planning/include/moveit
[1.926s] -- Up-to-date: /home/robomaven/ws/ws_moveit2/install/moveit_ros_planning/include/moveit/planning_pipeline
[1.926s] -- Up-to-date: /home/robomaven/ws/ws_moveit2/install/moveit_ros_planning/include/moveit/planning_pipeline/planning_pipeline.h
[1.927s] -- Up-to-date: /home/robomaven/ws/ws_moveit2/install/moveit_ros_planning/include/moveit_planning_pipeline_export.h
[1.927s] -- Installing: /home/robomaven/ws/ws_moveit2/install/moveit_ros_planning/lib/moveit_ros_planning/moveit_list_request_adapter_plugins
[1.928s] -- Set runtime path of "/home/robomaven/ws/ws_moveit2/install/moveit_ros_planning/lib/moveit_ros_planning/moveit_list_request_adapter_plugins" to ""
[1.928s] -- Installing: /home/robomaven/ws/ws_moveit2/install/moveit_ros_planning/lib/moveit_ros_planning/demo_scene
[1.929s] -- Set runtime path of "/home/robomaven/ws/ws_moveit2/install/moveit_ros_planning/lib/moveit_ros_planning/demo_scene" to ""
[1.929s] -- Up-to-date: /home/robomaven/ws/ws_moveit2/install/moveit_ros_planning/include
[1.929s] -- Up-to-date: /home/robomaven/ws/ws_moveit2/install/moveit_ros_planning/include/moveit
[1.929s] -- Up-to-date: /home/robomaven/ws/ws_moveit2/install/moveit_ros_planning/include/moveit/planning_scene_monitor
[1.929s] -- Up-to-date: /home/robomaven/ws/ws_moveit2/install/moveit_ros_planning/include/moveit/planning_scene_monitor/current_state_monitor.h
[1.929s] -- Up-to-date: /home/robomaven/ws/ws_moveit2/install/moveit_ros_planning/include/moveit/planning_scene_monitor/current_state_monitor_middleware_handle.hpp
[1.929s] -- Up-to-date: /home/robomaven/ws/ws_moveit2/install/moveit_ros_planning/include/moveit/planning_scene_monitor/trajectory_monitor_middleware_handle.hpp
[1.929s] -- Up-to-date: /home/robomaven/ws/ws_moveit2/install/moveit_ros_planning/include/moveit/planning_scene_monitor/planning_scene_monitor.h
[1.929s] -- Up-to-date: /home/robomaven/ws/ws_moveit2/install/moveit_ros_planning/include/moveit/planning_scene_monitor/trajectory_monitor.h
[1.929s] -- Up-to-date: /home/robomaven/ws/ws_moveit2/install/moveit_ros_planning/include/moveit_planning_scene_monitor_export.h
[1.930s] -- Installing: /home/robomaven/ws/ws_moveit2/install/moveit_ros_planning/lib/moveit_ros_planning/moveit_print_planning_model_info
[1.930s] -- Set runtime path of "/home/robomaven/ws/ws_moveit2/install/moveit_ros_planning/lib/moveit_ros_planning/moveit_print_planning_model_info" to ""
[1.931s] -- Installing: /home/robomaven/ws/ws_moveit2/install/moveit_ros_planning/lib/moveit_ros_planning/moveit_print_planning_scene_info
[1.931s] -- Set runtime path of "/home/robomaven/ws/ws_moveit2/install/moveit_ros_planning/lib/moveit_ros_planning/moveit_print_planning_scene_info" to ""
[1.931s] -- Installing: /home/robomaven/ws/ws_moveit2/install/moveit_ros_planning/lib/moveit_ros_planning/moveit_display_random_state
[1.932s] -- Set runtime path of "/home/robomaven/ws/ws_moveit2/install/moveit_ros_planning/lib/moveit_ros_planning/moveit_display_random_state" to ""
[1.932s] -- Installing: /home/robomaven/ws/ws_moveit2/install/moveit_ros_planning/lib/moveit_ros_planning/moveit_visualize_robot_collision_volume
[1.932s] -- Set runtime path of "/home/robomaven/ws/ws_moveit2/install/moveit_ros_planning/lib/moveit_ros_planning/moveit_visualize_robot_collision_volume" to ""
[1.933s] -- Installing: /home/robomaven/ws/ws_moveit2/install/moveit_ros_planning/lib/moveit_ros_planning/moveit_evaluate_collision_checking_speed
[1.933s] -- Set runtime path of "/home/robomaven/ws/ws_moveit2/install/moveit_ros_planning/lib/moveit_ros_planning/moveit_evaluate_collision_checking_speed" to ""
[1.934s] -- Installing: /home/robomaven/ws/ws_moveit2/install/moveit_ros_planning/lib/moveit_ros_planning/moveit_publish_scene_from_text
[1.934s] -- Set runtime path of "/home/robomaven/ws/ws_moveit2/install/moveit_ros_planning/lib/moveit_ros_planning/moveit_publish_scene_from_text" to ""
[1.934s] -- Up-to-date: /home/robomaven/ws/ws_moveit2/install/moveit_ros_planning/include
[1.934s] -- Up-to-date: /home/robomaven/ws/ws_moveit2/install/moveit_ros_planning/include/moveit
[1.934s] -- Up-to-date: /home/robomaven/ws/ws_moveit2/install/moveit_ros_planning/include/moveit/trajectory_execution_manager
[1.934s] -- Up-to-date: /home/robomaven/ws/ws_moveit2/install/moveit_ros_planning/include/moveit/trajectory_execution_manager/trajectory_execution_manager.h
[1.934s] -- Up-to-date: /home/robomaven/ws/ws_moveit2/install/moveit_ros_planning/include/moveit_trajectory_execution_manager_export.h
[1.934s] -- Up-to-date: /home/robomaven/ws/ws_moveit2/install/moveit_ros_planning/include
[1.934s] -- Up-to-date: /home/robomaven/ws/ws_moveit2/install/moveit_ros_planning/include/moveit
[1.934s] -- Up-to-date: /home/robomaven/ws/ws_moveit2/install/moveit_ros_planning/include/moveit/plan_execution
[1.934s] -- Up-to-date: /home/robomaven/ws/ws_moveit2/install/moveit_ros_planning/include/moveit/plan_execution/plan_representation.h
[1.934s] -- Up-to-date: /home/robomaven/ws/ws_moveit2/install/moveit_ros_planning/include/moveit/plan_execution/plan_execution.h
[1.935s] -- Up-to-date: /home/robomaven/ws/ws_moveit2/install/moveit_ros_planning/include
[1.935s] -- Up-to-date: /home/robomaven/ws/ws_moveit2/install/moveit_ros_planning/include/moveit
[1.935s] -- Up-to-date: /home/robomaven/ws/ws_moveit2/install/moveit_ros_planning/include/moveit/moveit_cpp
[1.935s] -- Up-to-date: /home/robomaven/ws/ws_moveit2/install/moveit_ros_planning/include/moveit/moveit_cpp/planning_component.h
[1.935s] -- Up-to-date: /home/robomaven/ws/ws_moveit2/install/moveit_ros_planning/include/moveit/moveit_cpp/moveit_cpp.h
[1.935s] -- Installing: /home/robomaven/ws/ws_moveit2/install/moveit_ros_planning/lib/libmoveit_rdf_loader.so.2.5.5
[1.936s] -- Set runtime path of "/home/robomaven/ws/ws_moveit2/install/moveit_ros_planning/lib/libmoveit_rdf_loader.so.2.5.5" to ""
[1.936s] -- Up-to-date: /home/robomaven/ws/ws_moveit2/install/moveit_ros_planning/lib/libmoveit_rdf_loader.so
[1.936s] -- Installing: /home/robomaven/ws/ws_moveit2/install/moveit_ros_planning/lib/libmoveit_kinematics_plugin_loader.so.2.5.5
[1.937s] -- Set runtime path of "/home/robomaven/ws/ws_moveit2/install/moveit_ros_planning/lib/libmoveit_kinematics_plugin_loader.so.2.5.5" to ""
[1.937s] -- Up-to-date: /home/robomaven/ws/ws_moveit2/install/moveit_ros_planning/lib/libmoveit_kinematics_plugin_loader.so
[1.937s] -- Installing: /home/robomaven/ws/ws_moveit2/install/moveit_ros_planning/lib/libmoveit_robot_model_loader.so.2.5.5
[1.937s] -- Set runtime path of "/home/robomaven/ws/ws_moveit2/install/moveit_ros_planning/lib/libmoveit_robot_model_loader.so.2.5.5" to ""
[1.937s] -- Up-to-date: /home/robomaven/ws/ws_moveit2/install/moveit_ros_planning/lib/libmoveit_robot_model_loader.so
[1.937s] -- Installing: /home/robomaven/ws/ws_moveit2/install/moveit_ros_planning/lib/libmoveit_constraint_sampler_manager_loader.so.2.5.5
[1.938s] -- Set runtime path of "/home/robomaven/ws/ws_moveit2/install/moveit_ros_planning/lib/libmoveit_constraint_sampler_manager_loader.so.2.5.5" to ""
[1.938s] -- Up-to-date: /home/robomaven/ws/ws_moveit2/install/moveit_ros_planning/lib/libmoveit_constraint_sampler_manager_loader.so
[1.938s] -- Installing: /home/robomaven/ws/ws_moveit2/install/moveit_ros_planning/lib/libmoveit_planning_pipeline.so.2.5.5
[1.939s] -- Set runtime path of "/home/robomaven/ws/ws_moveit2/install/moveit_ros_planning/lib/libmoveit_planning_pipeline.so.2.5.5" to ""
[1.939s] -- Up-to-date: /home/robomaven/ws/ws_moveit2/install/moveit_ros_planning/lib/libmoveit_planning_pipeline.so
[1.939s] -- Installing: /home/robomaven/ws/ws_moveit2/install/moveit_ros_planning/lib/libmoveit_trajectory_execution_manager.so.2.5.5
[1.940s] -- Set runtime path of "/home/robomaven/ws/ws_moveit2/install/moveit_ros_planning/lib/libmoveit_trajectory_execution_manager.so.2.5.5" to ""
[1.940s] -- Up-to-date: /home/robomaven/ws/ws_moveit2/install/moveit_ros_planning/lib/libmoveit_trajectory_execution_manager.so
[1.940s] -- Installing: /home/robomaven/ws/ws_moveit2/install/moveit_ros_planning/lib/libmoveit_plan_execution.so.2.5.5
[1.941s] -- Set runtime path of "/home/robomaven/ws/ws_moveit2/install/moveit_ros_planning/lib/libmoveit_plan_execution.so.2.5.5" to ""
[1.941s] -- Up-to-date: /home/robomaven/ws/ws_moveit2/install/moveit_ros_planning/lib/libmoveit_plan_execution.so
[1.941s] -- Installing: /home/robomaven/ws/ws_moveit2/install/moveit_ros_planning/lib/libmoveit_planning_scene_monitor.so.2.5.5
[1.943s] -- Set runtime path of "/home/robomaven/ws/ws_moveit2/install/moveit_ros_planning/lib/libmoveit_planning_scene_monitor.so.2.5.5" to ""
[1.943s] -- Up-to-date: /home/robomaven/ws/ws_moveit2/install/moveit_ros_planning/lib/libmoveit_planning_scene_monitor.so
[1.944s] -- Installing: /home/robomaven/ws/ws_moveit2/install/moveit_ros_planning/lib/libmoveit_collision_plugin_loader.so.2.5.5
[1.944s] -- Set runtime path of "/home/robomaven/ws/ws_moveit2/install/moveit_ros_planning/lib/libmoveit_collision_plugin_loader.so.2.5.5" to ""
[1.944s] -- Up-to-date: /home/robomaven/ws/ws_moveit2/install/moveit_ros_planning/lib/libmoveit_collision_plugin_loader.so
[1.944s] -- Installing: /home/robomaven/ws/ws_moveit2/install/moveit_ros_planning/lib/libmoveit_default_planning_request_adapter_plugins.so.2.5.5
[1.944s] -- Set runtime path of "/home/robomaven/ws/ws_moveit2/install/moveit_ros_planning/lib/libmoveit_default_planning_request_adapter_plugins.so.2.5.5" to ""
[1.945s] -- Up-to-date: /home/robomaven/ws/ws_moveit2/install/moveit_ros_planning/lib/libmoveit_default_planning_request_adapter_plugins.so
[1.945s] -- Installing: /home/robomaven/ws/ws_moveit2/install/moveit_ros_planning/lib/libmoveit_cpp.so.2.5.5
[1.945s] -- Set runtime path of "/home/robomaven/ws/ws_moveit2/install/moveit_ros_planning/lib/libmoveit_cpp.so.2.5.5" to ""
[1.945s] -- Up-to-date: /home/robomaven/ws/ws_moveit2/install/moveit_ros_planning/lib/libmoveit_cpp.so
[1.945s] -- Up-to-date: /home/robomaven/ws/ws_moveit2/install/moveit_ros_planning/share/moveit_ros_planning/environment/library_path.sh
[1.946s] -- Up-to-date: /home/robomaven/ws/ws_moveit2/install/moveit_ros_planning/share/moveit_ros_planning/environment/library_path.dsv
[1.946s] -- Up-to-date: /home/robomaven/ws/ws_moveit2/install/moveit_ros_planning/share/moveit_ros_planning/planning_request_adapters_plugin_description.xml
[1.946s] -- Up-to-date: /home/robomaven/ws/ws_moveit2/install/moveit_ros_planning/share/ament_index/resource_index/package_run_dependencies/moveit_ros_planning
[1.946s] -- Up-to-date: /home/robomaven/ws/ws_moveit2/install/moveit_ros_planning/share/ament_index/resource_index/parent_prefix_path/moveit_ros_planning
[1.946s] -- Up-to-date: /home/robomaven/ws/ws_moveit2/install/moveit_ros_planning/share/moveit_ros_planning/environment/ament_prefix_path.sh
[1.946s] -- Up-to-date: /home/robomaven/ws/ws_moveit2/install/moveit_ros_planning/share/moveit_ros_planning/environment/ament_prefix_path.dsv
[1.946s] -- Up-to-date: /home/robomaven/ws/ws_moveit2/install/moveit_ros_planning/share/moveit_ros_planning/environment/path.sh
[1.946s] -- Up-to-date: /home/robomaven/ws/ws_moveit2/install/moveit_ros_planning/share/moveit_ros_planning/environment/path.dsv
[1.946s] -- Up-to-date: /home/robomaven/ws/ws_moveit2/install/moveit_ros_planning/share/moveit_ros_planning/local_setup.bash
[1.946s] -- Up-to-date: /home/robomaven/ws/ws_moveit2/install/moveit_ros_planning/share/moveit_ros_planning/local_setup.sh
[1.946s] -- Up-to-date: /home/robomaven/ws/ws_moveit2/install/moveit_ros_planning/share/moveit_ros_planning/local_setup.zsh
[1.946s] -- Up-to-date: /home/robomaven/ws/ws_moveit2/install/moveit_ros_planning/share/moveit_ros_planning/local_setup.dsv
[1.946s] -- Installing: /home/robomaven/ws/ws_moveit2/install/moveit_ros_planning/share/moveit_ros_planning/package.dsv
[1.946s] -- Up-to-date: /home/robomaven/ws/ws_moveit2/install/moveit_ros_planning/share/ament_index/resource_index/packages/moveit_ros_planning
[1.946s] -- Up-to-date: /home/robomaven/ws/ws_moveit2/install/moveit_ros_planning/share/ament_index/resource_index/moveit_core__pluginlib__plugin/moveit_ros_planning
[1.947s] -- Up-to-date: /home/robomaven/ws/ws_moveit2/install/moveit_ros_planning/share/moveit_ros_planning/cmake/export_moveit_ros_planningExport.cmake
[1.947s] -- Up-to-date: /home/robomaven/ws/ws_moveit2/install/moveit_ros_planning/share/moveit_ros_planning/cmake/export_moveit_ros_planningExport-release.cmake
[1.947s] -- Up-to-date: /home/robomaven/ws/ws_moveit2/install/moveit_ros_planning/share/moveit_ros_planning/cmake/ConfigExtras.cmake
[1.947s] -- Up-to-date: /home/robomaven/ws/ws_moveit2/install/moveit_ros_planning/share/moveit_ros_planning/cmake/ament_cmake_export_targets-extras.cmake
[1.947s] -- Up-to-date: /home/robomaven/ws/ws_moveit2/install/moveit_ros_planning/share/moveit_ros_planning/cmake/ament_cmake_export_dependencies-extras.cmake
[1.947s] -- Up-to-date: /home/robomaven/ws/ws_moveit2/install/moveit_ros_planning/share/moveit_ros_planning/cmake/moveit_ros_planningConfig.cmake
[1.947s] -- Up-to-date: /home/robomaven/ws/ws_moveit2/install/moveit_ros_planning/share/moveit_ros_planning/cmake/moveit_ros_planningConfig-version.cmake
[1.947s] -- Up-to-date: /home/robomaven/ws/ws_moveit2/install/moveit_ros_planning/share/moveit_ros_planning/package.xml
[1.948s] Invoked command in '/home/robomaven/ws/ws_moveit2/build/moveit_ros_planning' returned '0': CMAKE_PREFIX_PATH=/home/robomaven/ws/ws_moveit2/install/moveit_ros_occupancy_map_monitor:/home/robomaven/ws/ws_moveit2/install/moveit_core:/home/robomaven/ws/ws_moveit2/install/moveit_resources_panda_moveit_config:/home/robomaven/ws/ws_moveit2/install/srdfdom:/home/robomaven/ws/ws_moveit2/install/moveit_resources_panda_description:/home/robomaven/ws/ws_moveit2/install/moveit_common:/home/robomaven/ws/ws_moveit2/install/pilz_industrial_motion_planner_testutils:/home/robomaven/ws/ws_moveit2/install/moveit_runtime:/home/robomaven/ws/ws_moveit2/install/moveit2_tutorials:/home/robomaven/ws/ws_moveit2/install/moveit:/home/robomaven/ws/ws_moveit2/install/moveit_planners:/home/robomaven/ws/ws_moveit2/install/pilz_industrial_motion_planner:/home/robomaven/ws/ws_moveit2/install/mtc_tutorial:/home/robomaven/ws/ws_moveit2/install/hello_moveit:/home/robomaven/ws/ws_moveit2/install/moveit_visual_tools:/home/robomaven/ws/ws_moveit2/install/moveit_task_constructor_visualization:/home/robomaven/ws/ws_moveit2/install/moveit_task_constructor_demo:/home/robomaven/ws/ws_moveit2/install/moveit_task_constructor_capabilities:/home/robomaven/ws/ws_moveit2/install/moveit_task_constructor_core:/home/robomaven/ws/ws_moveit2/install/moveit_ros_control_interface:/home/robomaven/ws/ws_moveit2/install/moveit_plugins:/home/robomaven/ws/ws_moveit2/install/moveit_simple_controller_manager:/home/robomaven/ws/ws_moveit2/install/moveit_setup_assistant:/home/robomaven/ws/ws_moveit2/install/moveit_setup_srdf_plugins:/home/robomaven/ws/ws_moveit2/install/moveit_setup_core_plugins:/home/robomaven/ws/ws_moveit2/install/moveit_setup_controllers:/home/robomaven/ws/ws_moveit2/install/moveit_setup_app_plugins:/home/robomaven/ws/ws_moveit2/install/moveit_setup_framework:/home/robomaven/ws/ws_moveit2/install/moveit_servo:/home/robomaven/ws/ws_moveit2/install/moveit_ros:/home/robomaven/ws/ws_moveit2/install/moveit_ros_visualization:/home/robomaven/ws/ws_moveit2/install/moveit_hybrid_planning:/home/robomaven/ws/ws_moveit2/install/moveit_ros_planning_interface:/home/robomaven/ws/ws_moveit2/install/moveit_ros_benchmarks:/home/robomaven/ws/ws_moveit2/install/moveit_ros_warehouse:/home/robomaven/ws/ws_moveit2/install/moveit_ros_robot_interaction:/home/robomaven/ws/ws_moveit2/install/moveit_ros_perception:/home/robomaven/ws/ws_moveit2/install/moveit_resources_prbt_pg70_support:/home/robomaven/ws/ws_moveit2/install/moveit_resources_prbt_moveit_config:/home/robomaven/ws/ws_moveit2/install/moveit_ros_move_group:/home/robomaven/ws/ws_moveit2/install/moveit_planners_ompl:/home/robomaven/ws/ws_moveit2/install/moveit_ros_planning:/home/robomaven/ws/ws_moveit2/install/moveit_resources_prbt_ikfast_manipulator_plugin:/home/robomaven/ws/ws_moveit2/install/moveit_planners_chomp:/home/robomaven/ws/ws_moveit2/install/moveit_kinematics:/home/robomaven/ws/ws_moveit2/install/moveit_chomp_optimizer_adapter:/home/robomaven/ws/ws_moveit2/install/chomp_motion_planner:/home/robomaven/ws/ws_moveit2/install/rviz_marker_tools:/home/robomaven/ws/ws_moveit2/install/rosparam_shortcuts:/home/robomaven/ws/ws_moveit2/install/moveit_task_constructor_msgs:/home/robomaven/ws/ws_moveit2/install/moveit_resources_prbt_support:/home/robomaven/ws/ws_moveit2/install/moveit_resources:/home/robomaven/ws/ws_moveit2/install/moveit_resources_pr2_description:/home/robomaven/ws/ws_moveit2/install/moveit_resources_fanuc_moveit_config:/home/robomaven/ws/ws_moveit2/install/moveit_resources_fanuc_description:/home/robomaven/ws/ws_moveit2/install/moveit_configs_utils:/home/robomaven/ws/ws_moveit2/install/launch_param_builder:/opt/ros/humble LD_LIBRARY_PATH=/home/robomaven/ws/ws_moveit2/install/moveit_ros_occupancy_map_monitor/lib:/home/robomaven/ws/ws_moveit2/install/moveit_core/lib:/home/robomaven/ws/ws_moveit2/install/srdfdom/lib:/home/robomaven/ws/ws_moveit2/install/pilz_industrial_motion_planner_testutils/lib:/home/robomaven/ws/ws_moveit2/install/pilz_industrial_motion_planner/lib:/home/robomaven/ws/ws_moveit2/install/moveit_visual_tools/lib:/home/robomaven/ws/ws_moveit2/install/moveit_task_constructor_visualization/lib:/home/robomaven/ws/ws_moveit2/install/moveit_task_constructor_demo/lib:/home/robomaven/ws/ws_moveit2/install/moveit_task_constructor_capabilities/lib:/home/robomaven/ws/ws_moveit2/install/moveit_task_constructor_core/lib:/home/robomaven/ws/ws_moveit2/install/moveit_ros_control_interface/lib:/home/robomaven/ws/ws_moveit2/install/moveit_simple_controller_manager/lib:/home/robomaven/ws/ws_moveit2/install/moveit_setup_assistant/lib:/home/robomaven/ws/ws_moveit2/install/moveit_setup_srdf_plugins/lib:/home/robomaven/ws/ws_moveit2/install/moveit_setup_core_plugins/lib:/home/robomaven/ws/ws_moveit2/install/moveit_setup_controllers/lib:/home/robomaven/ws/ws_moveit2/install/moveit_setup_app_plugins/lib:/home/robomaven/ws/ws_moveit2/install/moveit_setup_framework/lib:/home/robomaven/ws/ws_moveit2/install/moveit_servo/lib:/home/robomaven/ws/ws_moveit2/install/moveit_ros_visualization/lib:/home/robomaven/ws/ws_moveit2/install/moveit_hybrid_planning/lib:/home/robomaven/ws/ws_moveit2/install/moveit_ros_planning_interface/lib:/home/robomaven/ws/ws_moveit2/install/moveit_ros_benchmarks/lib:/home/robomaven/ws/ws_moveit2/install/moveit_ros_warehouse/lib:/home/robomaven/ws/ws_moveit2/install/moveit_ros_robot_interaction/lib:/home/robomaven/ws/ws_moveit2/install/moveit_ros_perception/lib:/home/robomaven/ws/ws_moveit2/install/moveit_ros_move_group/lib:/home/robomaven/ws/ws_moveit2/install/moveit_planners_ompl/lib:/home/robomaven/ws/ws_moveit2/install/moveit_ros_planning/lib:/home/robomaven/ws/ws_moveit2/install/moveit_resources_prbt_ikfast_manipulator_plugin/lib:/home/robomaven/ws/ws_moveit2/install/moveit_planners_chomp/lib:/home/robomaven/ws/ws_moveit2/install/moveit_kinematics/lib:/home/robomaven/ws/ws_moveit2/install/moveit_chomp_optimizer_adapter/lib:/home/robomaven/ws/ws_moveit2/install/chomp_motion_planner/lib:/home/robomaven/ws/ws_moveit2/install/rviz_marker_tools/lib:/home/robomaven/ws/ws_moveit2/install/rosparam_shortcuts/lib:/home/robomaven/ws/ws_moveit2/install/moveit_task_constructor_msgs/lib:/usr/lib/x86_64-linux-gnu/gazebo-11/plugins:/opt/ros/humble/opt/rviz_ogre_vendor/lib:/opt/ros/humble/lib/x86_64-linux-gnu:/opt/ros/humble/lib:/usr/share/gazebo/../../lib/x86_64-linux-gnu/gazebo-11/plugins /usr/bin/cmake --install /home/robomaven/ws/ws_moveit2/build/moveit_ros_planning
