[0.006s] Invoking command in '/home/robomaven/ws/ros2_ws2/build/my_robot_description': CMAKE_PREFIX_PATH=${CMAKE_PREFIX_PATH}:/opt/ros/humble /usr/bin/cmake /home/robomaven/ws/ros2_ws2/src/my_robot_description -DCMAKE_INSTALL_PREFIX=/home/robomaven/ws/ros2_ws2/install/my_robot_description
[0.109s] -- The C compiler identification is GNU 11.4.0
[0.184s] -- The CXX compiler identification is GNU 11.4.0
[0.190s] -- Detecting C compiler ABI info
[0.236s] -- Detecting C compiler ABI info - done
[0.241s] -- Check for working C compiler: /usr/bin/cc - skipped
[0.241s] -- Detecting C compile features
[0.242s] -- Detecting C compile features - done
[0.244s] -- Detecting CXX compiler ABI info
[0.315s] -- Detecting CXX compiler ABI info - done
[0.320s] -- Check for working CXX compiler: /usr/bin/c++ - skipped
[0.320s] -- Detecting CXX compile features
[0.321s] -- Detecting CXX compile features - done
[0.326s] -- Found ament_cmake: 1.3.9 (/opt/ros/humble/share/ament_cmake/cmake)
[0.435s] -- Found Python3: /usr/bin/python3 (found version "3.10.12") found components: Interpreter 
[0.541s] -- Configuring done
[0.542s] -- Generating done
[0.542s] -- Build files have been written to: /home/robomaven/ws/ros2_ws2/build/my_robot_description
[0.545s] Invoked command in '/home/robomaven/ws/ros2_ws2/build/my_robot_description' returned '0': CMAKE_PREFIX_PATH=${CMAKE_PREFIX_PATH}:/opt/ros/humble /usr/bin/cmake /home/robomaven/ws/ros2_ws2/src/my_robot_description -DCMAKE_INSTALL_PREFIX=/home/robomaven/ws/ros2_ws2/install/my_robot_description
[0.546s] Invoking command in '/home/robomaven/ws/ros2_ws2/build/my_robot_description': CMAKE_PREFIX_PATH=${CMAKE_PREFIX_PATH}:/opt/ros/humble /usr/bin/cmake --build /home/robomaven/ws/ros2_ws2/build/my_robot_description -- -j20 -l20
[0.570s] Invoked command in '/home/robomaven/ws/ros2_ws2/build/my_robot_description' returned '0': CMAKE_PREFIX_PATH=${CMAKE_PREFIX_PATH}:/opt/ros/humble /usr/bin/cmake --build /home/robomaven/ws/ros2_ws2/build/my_robot_description -- -j20 -l20
[0.599s] Invoking command in '/home/robomaven/ws/ros2_ws2/build/my_robot_description': CMAKE_PREFIX_PATH=${CMAKE_PREFIX_PATH}:/opt/ros/humble /usr/bin/cmake --install /home/robomaven/ws/ros2_ws2/build/my_robot_description
[0.607s] -- Install configuration: ""
[0.607s] -- Installing: /home/robomaven/ws/ros2_ws2/install/my_robot_description/share/my_robot_description//urdf
[0.607s] -- Installing: /home/robomaven/ws/ros2_ws2/install/my_robot_description/share/my_robot_description//urdf/my_robot.urdf.xacro
[0.607s] -- Installing: /home/robomaven/ws/ros2_ws2/install/my_robot_description/share/my_robot_description//urdf/camera.xacro
[0.607s] -- Installing: /home/robomaven/ws/ros2_ws2/install/my_robot_description/share/my_robot_description//urdf/common_properties.xacro
[0.607s] -- Installing: /home/robomaven/ws/ros2_ws2/install/my_robot_description/share/my_robot_description//urdf/mobile_base.xacro
[0.608s] -- Installing: /home/robomaven/ws/ros2_ws2/install/my_robot_description/share/my_robot_description//urdf/mobile_base_gazebo.xacro
[0.608s] -- Installing: /home/robomaven/ws/ros2_ws2/install/my_robot_description/share/my_robot_description//urdf/arm_gazebo.xacro
[0.608s] -- Installing: /home/robomaven/ws/ros2_ws2/install/my_robot_description/share/my_robot_description//urdf/standalone_arm.urdf.xacro
[0.608s] -- Installing: /home/robomaven/ws/ros2_ws2/install/my_robot_description/share/my_robot_description//urdf/arm.xacro
[0.608s] -- Installing: /home/robomaven/ws/ros2_ws2/install/my_robot_description/share/my_robot_description//launch
[0.608s] -- Installing: /home/robomaven/ws/ros2_ws2/install/my_robot_description/share/my_robot_description//launch/display.launch.py
[0.608s] -- Installing: /home/robomaven/ws/ros2_ws2/install/my_robot_description/share/my_robot_description//launch/display.launch.xml
[0.608s] -- Installing: /home/robomaven/ws/ros2_ws2/install/my_robot_description/share/my_robot_description//rviz
[0.608s] -- Installing: /home/robomaven/ws/ros2_ws2/install/my_robot_description/share/my_robot_description//rviz/urdf_config.rviz
[0.609s] -- Installing: /home/robomaven/ws/ros2_ws2/install/my_robot_description/share/ament_index/resource_index/package_run_dependencies/my_robot_description
[0.609s] -- Installing: /home/robomaven/ws/ros2_ws2/install/my_robot_description/share/ament_index/resource_index/parent_prefix_path/my_robot_description
[0.609s] -- Installing: /home/robomaven/ws/ros2_ws2/install/my_robot_description/share/my_robot_description/environment/ament_prefix_path.sh
[0.609s] -- Installing: /home/robomaven/ws/ros2_ws2/install/my_robot_description/share/my_robot_description/environment/ament_prefix_path.dsv
[0.609s] -- Installing: /home/robomaven/ws/ros2_ws2/install/my_robot_description/share/my_robot_description/environment/path.sh
[0.609s] -- Installing: /home/robomaven/ws/ros2_ws2/install/my_robot_description/share/my_robot_description/environment/path.dsv
[0.609s] -- Installing: /home/robomaven/ws/ros2_ws2/install/my_robot_description/share/my_robot_description/local_setup.bash
[0.609s] -- Installing: /home/robomaven/ws/ros2_ws2/install/my_robot_description/share/my_robot_description/local_setup.sh
[0.609s] -- Installing: /home/robomaven/ws/ros2_ws2/install/my_robot_description/share/my_robot_description/local_setup.zsh
[0.609s] -- Installing: /home/robomaven/ws/ros2_ws2/install/my_robot_description/share/my_robot_description/local_setup.dsv
[0.610s] -- Installing: /home/robomaven/ws/ros2_ws2/install/my_robot_description/share/my_robot_description/package.dsv
[0.610s] -- Installing: /home/robomaven/ws/ros2_ws2/install/my_robot_description/share/ament_index/resource_index/packages/my_robot_description
[0.610s] -- Installing: /home/robomaven/ws/ros2_ws2/install/my_robot_description/share/my_robot_description/cmake/my_robot_descriptionConfig.cmake
[0.610s] -- Installing: /home/robomaven/ws/ros2_ws2/install/my_robot_description/share/my_robot_description/cmake/my_robot_descriptionConfig-version.cmake
[0.610s] -- Installing: /home/robomaven/ws/ros2_ws2/install/my_robot_description/share/my_robot_description/package.xml
[0.612s] Invoked command in '/home/robomaven/ws/ros2_ws2/build/my_robot_description' returned '0': CMAKE_PREFIX_PATH=${CMAKE_PREFIX_PATH}:/opt/ros/humble /usr/bin/cmake --install /home/robomaven/ws/ros2_ws2/build/my_robot_description
