[0.213s] Invoking command in '/home/robomaven/ws/ws_moveit2/build/moveit_resources_prbt_support': CMAKE_PREFIX_PATH=${CMAKE_PREFIX_PATH}:/home/robomaven/ws/ws_moveit2/install/moveit_configs_utils:/home/robomaven/ws/ws_moveit2/install/launch_param_builder:/opt/ros/humble /usr/bin/cmake /home/robomaven/ws/ws_moveit2/moveit2/moveit_planners/test_configs/prbt_support -DCMAKE_BUILD_TYPE=Debug -DCMAKE_INSTALL_PREFIX=/home/robomaven/ws/ws_moveit2/install/moveit_resources_prbt_support
[0.227s] -- Found ament_cmake: 1.3.9 (/opt/ros/humble/share/ament_cmake/cmake)
[0.383s] -- Configuring done
[0.387s] -- Generating done
[0.388s] -- Build files have been written to: /home/robomaven/ws/ws_moveit2/build/moveit_resources_prbt_support
[0.402s] Invoked command in '/home/robomaven/ws/ws_moveit2/build/moveit_resources_prbt_support' returned '0': CMAKE_PREFIX_PATH=${CMAKE_PREFIX_PATH}:/home/robomaven/ws/ws_moveit2/install/moveit_configs_utils:/home/robomaven/ws/ws_moveit2/install/launch_param_builder:/opt/ros/humble /usr/bin/cmake /home/robomaven/ws/ws_moveit2/moveit2/moveit_planners/test_configs/prbt_support -DCMAKE_BUILD_TYPE=Debug -DCMAKE_INSTALL_PREFIX=/home/robomaven/ws/ws_moveit2/install/moveit_resources_prbt_support
[0.402s] Invoking command in '/home/robomaven/ws/ws_moveit2/build/moveit_resources_prbt_support': CMAKE_PREFIX_PATH=${CMAKE_PREFIX_PATH}:/home/robomaven/ws/ws_moveit2/install/moveit_configs_utils:/home/robomaven/ws/ws_moveit2/install/launch_param_builder:/opt/ros/humble /usr/bin/cmake --build /home/robomaven/ws/ws_moveit2/build/moveit_resources_prbt_support -- -j20 -l20
[0.448s] Invoked command in '/home/robomaven/ws/ws_moveit2/build/moveit_resources_prbt_support' returned '0': CMAKE_PREFIX_PATH=${CMAKE_PREFIX_PATH}:/home/robomaven/ws/ws_moveit2/install/moveit_configs_utils:/home/robomaven/ws/ws_moveit2/install/launch_param_builder:/opt/ros/humble /usr/bin/cmake --build /home/robomaven/ws/ws_moveit2/build/moveit_resources_prbt_support -- -j20 -l20
[0.517s] Invoking command in '/home/robomaven/ws/ws_moveit2/build/moveit_resources_prbt_support': CMAKE_PREFIX_PATH=${CMAKE_PREFIX_PATH}:/home/robomaven/ws/ws_moveit2/install/moveit_configs_utils:/home/robomaven/ws/ws_moveit2/install/launch_param_builder:/opt/ros/humble /usr/bin/cmake --install /home/robomaven/ws/ws_moveit2/build/moveit_resources_prbt_support
[0.536s] -- Install configuration: "Debug"
[0.536s] -- Up-to-date: /home/robomaven/ws/ws_moveit2/install/moveit_resources_prbt_support/share/ament_index/resource_index/package_run_dependencies/moveit_resources_prbt_support
[0.536s] -- Installing: /home/robomaven/ws/ws_moveit2/install/moveit_resources_prbt_support/share/ament_index/resource_index/parent_prefix_path/moveit_resources_prbt_support
[0.536s] -- Up-to-date: /home/robomaven/ws/ws_moveit2/install/moveit_resources_prbt_support/share/moveit_resources_prbt_support/environment/ament_prefix_path.sh
[0.536s] -- Installing: /home/robomaven/ws/ws_moveit2/install/moveit_resources_prbt_support/share/moveit_resources_prbt_support/environment/ament_prefix_path.dsv
[0.537s] -- Up-to-date: /home/robomaven/ws/ws_moveit2/install/moveit_resources_prbt_support/share/moveit_resources_prbt_support/environment/path.sh
[0.537s] -- Installing: /home/robomaven/ws/ws_moveit2/install/moveit_resources_prbt_support/share/moveit_resources_prbt_support/environment/path.dsv
[0.537s] -- Up-to-date: /home/robomaven/ws/ws_moveit2/install/moveit_resources_prbt_support/share/moveit_resources_prbt_support/local_setup.bash
[0.537s] -- Up-to-date: /home/robomaven/ws/ws_moveit2/install/moveit_resources_prbt_support/share/moveit_resources_prbt_support/local_setup.sh
[0.537s] -- Up-to-date: /home/robomaven/ws/ws_moveit2/install/moveit_resources_prbt_support/share/moveit_resources_prbt_support/local_setup.zsh
[0.537s] -- Installing: /home/robomaven/ws/ws_moveit2/install/moveit_resources_prbt_support/share/moveit_resources_prbt_support/local_setup.dsv
[0.538s] -- Installing: /home/robomaven/ws/ws_moveit2/install/moveit_resources_prbt_support/share/moveit_resources_prbt_support/package.dsv
[0.538s] -- Up-to-date: /home/robomaven/ws/ws_moveit2/install/moveit_resources_prbt_support/share/ament_index/resource_index/packages/moveit_resources_prbt_support
[0.538s] -- Up-to-date: /home/robomaven/ws/ws_moveit2/install/moveit_resources_prbt_support/share/moveit_resources_prbt_support/cmake/moveit_resources_prbt_supportConfig.cmake
[0.538s] -- Up-to-date: /home/robomaven/ws/ws_moveit2/install/moveit_resources_prbt_support/share/moveit_resources_prbt_support/cmake/moveit_resources_prbt_supportConfig-version.cmake
[0.538s] -- Up-to-date: /home/robomaven/ws/ws_moveit2/install/moveit_resources_prbt_support/share/moveit_resources_prbt_support/package.xml
[0.538s] -- Up-to-date: /home/robomaven/ws/ws_moveit2/install/moveit_resources_prbt_support/share/moveit_resources_prbt_support/urdf
[0.538s] -- Up-to-date: /home/robomaven/ws/ws_moveit2/install/moveit_resources_prbt_support/share/moveit_resources_prbt_support/urdf/prbt.ros2_control.xacro
[0.538s] -- Up-to-date: /home/robomaven/ws/ws_moveit2/install/moveit_resources_prbt_support/share/moveit_resources_prbt_support/urdf/prbt_macro.xacro
[0.538s] -- Up-to-date: /home/robomaven/ws/ws_moveit2/install/moveit_resources_prbt_support/share/moveit_resources_prbt_support/urdf/simple_gripper_brackets.urdf.xacro
[0.538s] -- Up-to-date: /home/robomaven/ws/ws_moveit2/install/moveit_resources_prbt_support/share/moveit_resources_prbt_support/urdf/prbt.xacro
[0.539s] -- Up-to-date: /home/robomaven/ws/ws_moveit2/install/moveit_resources_prbt_support/share/moveit_resources_prbt_support/meshes
[0.539s] -- Up-to-date: /home/robomaven/ws/ws_moveit2/install/moveit_resources_prbt_support/share/moveit_resources_prbt_support/meshes/foot.dae
[0.539s] -- Up-to-date: /home/robomaven/ws/ws_moveit2/install/moveit_resources_prbt_support/share/moveit_resources_prbt_support/meshes/link_3.stl
[0.539s] -- Up-to-date: /home/robomaven/ws/ws_moveit2/install/moveit_resources_prbt_support/share/moveit_resources_prbt_support/meshes/link_5.stl
[0.539s] -- Up-to-date: /home/robomaven/ws/ws_moveit2/install/moveit_resources_prbt_support/share/moveit_resources_prbt_support/meshes/link_3.dae
[0.539s] -- Up-to-date: /home/robomaven/ws/ws_moveit2/install/moveit_resources_prbt_support/share/moveit_resources_prbt_support/meshes/link_1.stl
[0.539s] -- Up-to-date: /home/robomaven/ws/ws_moveit2/install/moveit_resources_prbt_support/share/moveit_resources_prbt_support/meshes/flange.stl
[0.539s] -- Up-to-date: /home/robomaven/ws/ws_moveit2/install/moveit_resources_prbt_support/share/moveit_resources_prbt_support/meshes/link_4.dae
[0.540s] -- Up-to-date: /home/robomaven/ws/ws_moveit2/install/moveit_resources_prbt_support/share/moveit_resources_prbt_support/meshes/foot.stl
[0.540s] -- Up-to-date: /home/robomaven/ws/ws_moveit2/install/moveit_resources_prbt_support/share/moveit_resources_prbt_support/meshes/link_1.dae
[0.540s] -- Up-to-date: /home/robomaven/ws/ws_moveit2/install/moveit_resources_prbt_support/share/moveit_resources_prbt_support/meshes/link_5.dae
[0.540s] -- Up-to-date: /home/robomaven/ws/ws_moveit2/install/moveit_resources_prbt_support/share/moveit_resources_prbt_support/meshes/link_4.stl
[0.540s] -- Up-to-date: /home/robomaven/ws/ws_moveit2/install/moveit_resources_prbt_support/share/moveit_resources_prbt_support/meshes/link_2.stl
[0.540s] -- Up-to-date: /home/robomaven/ws/ws_moveit2/install/moveit_resources_prbt_support/share/moveit_resources_prbt_support/meshes/link_2.dae
[0.540s] -- Up-to-date: /home/robomaven/ws/ws_moveit2/install/moveit_resources_prbt_support/share/moveit_resources_prbt_support/meshes/flange.dae
[0.540s] -- Up-to-date: /home/robomaven/ws/ws_moveit2/install/moveit_resources_prbt_support/share/moveit_resources_prbt_support/config
[0.540s] -- Up-to-date: /home/robomaven/ws/ws_moveit2/install/moveit_resources_prbt_support/share/moveit_resources_prbt_support/config/manipulator_controller.yaml
[0.540s] -- Up-to-date: /home/robomaven/ws/ws_moveit2/install/moveit_resources_prbt_support/share/moveit_resources_prbt_support/config/prbt_0_1.dcf
[0.541s] -- Up-to-date: /home/robomaven/ws/ws_moveit2/install/moveit_resources_prbt_support/share/moveit_resources_prbt_support/config/manipulator_driver.yaml
[0.549s] Invoked command in '/home/robomaven/ws/ws_moveit2/build/moveit_resources_prbt_support' returned '0': CMAKE_PREFIX_PATH=${CMAKE_PREFIX_PATH}:/home/robomaven/ws/ws_moveit2/install/moveit_configs_utils:/home/robomaven/ws/ws_moveit2/install/launch_param_builder:/opt/ros/humble /usr/bin/cmake --install /home/robomaven/ws/ws_moveit2/build/moveit_resources_prbt_support
