[0.008s] Invoking command in '/home/robomaven/ws/ws_moveit2/build/moveit_core': AMENT_PREFIX_PATH=/home/robomaven/ws/ws_moveit2/install/moveit_resources_panda_moveit_config:/home/robomaven/ws/ws_moveit2/install/srdfdom:/home/robomaven/ws/ws_moveit2/install/moveit_resources_pr2_description:/home/robomaven/ws/ws_moveit2/install/moveit_resources_panda_description:/home/robomaven/ws/ws_moveit2/install/moveit_common:${AMENT_PREFIX_PATH} CMAKE_PREFIX_PATH=/home/robomaven/ws/ws_moveit2/install/moveit_resources_panda_moveit_config:/home/robomaven/ws/ws_moveit2/install/srdfdom:/home/robomaven/ws/ws_moveit2/install/moveit_resources_pr2_description:/home/robomaven/ws/ws_moveit2/install/moveit_resources_panda_description:/home/robomaven/ws/ws_moveit2/install/moveit_common:/opt/ros/humble LD_LIBRARY_PATH=/home/robomaven/ws/ws_moveit2/install/srdfdom/lib:/usr/lib/x86_64-linux-gnu/gazebo-11/plugins:/opt/ros/humble/opt/rviz_ogre_vendor/lib:/opt/ros/humble/lib/x86_64-linux-gnu:/opt/ros/humble/lib:/usr/share/gazebo/../../lib/x86_64-linux-gnu/gazebo-11/plugins PYTHONPATH=/home/robomaven/ws/ws_moveit2/install/srdfdom/local/lib/python3.10/dist-packages:${PYTHONPATH} /usr/bin/cmake /home/robomaven/ws/ws_moveit2/moveit2/moveit_core -DCMAKE_BUILD_TYPE=Release -DCMAKE_INSTALL_PREFIX=/home/robomaven/ws/ws_moveit2/install/moveit_core
[0.053s] -- The CXX compiler identification is GNU 11.4.0
[0.059s] -- Detecting CXX compiler ABI info
[0.121s] -- Detecting CXX compiler ABI info - done
[0.131s] -- Check for working CXX compiler: /usr/bin/c++ - skipped
[0.131s] -- Detecting CXX compile features
[0.132s] -- Detecting CXX compile features - done
[0.133s] -- Found moveit_common: 2.5.5 (/home/robomaven/ws/ws_moveit2/install/moveit_common/share/moveit_common/cmake)
[0.135s] -- Found ament_cmake: 1.3.9 (/opt/ros/humble/share/ament_cmake/cmake)
[0.249s] -- Found Python3: /usr/bin/python3 (found version "3.10.12") found components: Interpreter 
[0.377s] -- Found libdw: /usr/lib/x86_64-linux-gnu/libdw.so  
[0.382s] -- Could NOT find libbfd (missing: LIBBFD_LIBRARY LIBBFD_INCLUDE_DIR) 
[0.382s] -- BACKWARD_HAS_UNWIND=1
[0.382s] -- BACKWARD_HAS_BACKTRACE=0
[0.382s] -- BACKWARD_HAS_BACKTRACE_SYMBOL=0
[0.382s] -- BACKWARD_HAS_DW=1
[0.382s] -- BACKWARD_HAS_BFD=0
[0.382s] -- Found Backward: /opt/ros/humble/share/backward_ros/cmake  
[0.384s] -- Found angles: 1.15.0 (/opt/ros/humble/share/angles/cmake)
[0.395s] -- Found Bullet: /usr/lib/x86_64-linux-gnu/libBulletDynamics.so (Required is at least version "2.87") 
[0.396s] -- Found common_interfaces: 4.2.4 (/opt/ros/humble/share/common_interfaces/cmake)
[0.397s] -- Found eigen_stl_containers: 1.0.0 (/opt/ros/humble/share/eigen_stl_containers/cmake)
[0.404s] -- Found eigen3_cmake_module: 0.1.1 (/opt/ros/humble/share/eigen3_cmake_module/cmake)
[0.406s] -- Found Eigen3: TRUE (found version "3.4.0") 
[0.409s] -- Found generate_parameter_library: 0.3.8 (/opt/ros/humble/share/generate_parameter_library/cmake)
[0.411s] -- Found parameter_traits: 0.3.8 (/opt/ros/humble/share/parameter_traits/cmake)
[0.441s] -- Found rosidl_generator_c: 3.1.5 (/opt/ros/humble/share/rosidl_generator_c/cmake)
[0.445s] -- Found rosidl_adapter: 3.1.5 (/opt/ros/humble/share/rosidl_adapter/cmake)
[0.451s] -- Found rosidl_generator_cpp: 3.1.5 (/opt/ros/humble/share/rosidl_generator_cpp/cmake)
[0.461s] -- Using all available rosidl_typesupport_c: rosidl_typesupport_fastrtps_c;rosidl_typesupport_introspection_c
[0.475s] -- Using all available rosidl_typesupport_cpp: rosidl_typesupport_fastrtps_cpp;rosidl_typesupport_introspection_cpp
[0.524s] -- Found rmw_implementation_cmake: 6.1.2 (/opt/ros/humble/share/rmw_implementation_cmake/cmake)
[0.526s] -- Found rmw_cyclonedds_cpp: 1.3.4 (/opt/ros/humble/share/rmw_cyclonedds_cpp/cmake)
[0.548s] -- Using RMW implementation 'rmw_cyclonedds_cpp' as default
[0.555s] -- Looking for C++ include pthread.h
[0.628s] -- Looking for C++ include pthread.h - found
[0.629s] -- Performing Test CMAKE_HAVE_LIBC_PTHREAD
[0.704s] -- Performing Test CMAKE_HAVE_LIBC_PTHREAD - Success
[0.705s] -- Found Threads: TRUE  
[0.830s] -- Found rclcpp_lifecycle: 16.0.9 (/opt/ros/humble/share/rclcpp_lifecycle/cmake)
[0.859s] -- Found geometric_shapes: 2.1.3 (/opt/ros/humble/share/geometric_shapes/cmake)
[0.866s] -- Found Boost: /usr/lib/x86_64-linux-gnu/cmake/Boost-1.74.0/BoostConfig.cmake (found version "1.74.0") found components: filesystem 
[0.959s] -- library: /usr/lib/x86_64-linux-gnu/libcurl.so
[1.156s] -- Found kdl_parser: 2.6.4 (/opt/ros/humble/share/kdl_parser/cmake)
[1.161s] -- Ensuring Eigen3 include directory is part of orocos-kdl CMake target
[1.164s] -- Found moveit_msgs: 2.2.1 (/opt/ros/humble/share/moveit_msgs/cmake)
[1.589s] -- Found pluginlib: 5.1.0 (/opt/ros/humble/share/pluginlib/cmake)
[1.603s] -- Found srdfdom: 2.0.4 (/home/robomaven/ws/ws_moveit2/install/srdfdom/share/srdfdom/cmake)
[1.613s] -- Found tf2_eigen: 0.25.7 (/opt/ros/humble/share/tf2_eigen/cmake)
[1.808s] -- Found tf2_geometry_msgs: 0.25.7 (/opt/ros/humble/share/tf2_geometry_msgs/cmake)
[1.817s] -- Found tf2_kdl: 0.25.7 (/opt/ros/humble/share/tf2_kdl/cmake)
[1.848s] -- Found Boost: /usr/lib/x86_64-linux-gnu/cmake/Boost-1.74.0/BoostConfig.cmake (found version "1.74.0") found components: chrono date_time filesystem iostreams program_options regex serialization system thread 
[1.849s] --  *** Building MoveIt 2.5.5-Alpha ***
[1.852s] -- Performing Test COMPILER_HAS_HIDDEN_VISIBILITY
[1.919s] -- Performing Test COMPILER_HAS_HIDDEN_VISIBILITY - Success
[1.919s] -- Performing Test COMPILER_HAS_HIDDEN_INLINE_VISIBILITY
[1.987s] -- Performing Test COMPILER_HAS_HIDDEN_INLINE_VISIBILITY - Success
[1.987s] -- Performing Test COMPILER_HAS_DEPRECATED_ATTR
[2.056s] -- Performing Test COMPILER_HAS_DEPRECATED_ATTR - Success
[2.058s] -- Found ament_cmake_gtest: 1.3.9 (/opt/ros/humble/share/ament_cmake_gtest/cmake)
[2.060s] -- Found gtest sources under '/opt/ros/humble/src/gtest_vendor': C++ tests using 'Google Test' will be built
[2.089s] -- The C compiler identification is GNU 11.4.0
[2.093s] -- Detecting C compiler ABI info
[2.153s] -- Detecting C compiler ABI info - done
[2.159s] -- Check for working C compiler: /usr/bin/cc - skipped
[2.159s] -- Detecting C compile features
[2.159s] -- Detecting C compile features - done
[2.167s] -- Found ament_cmake_gmock: 1.3.9 (/opt/ros/humble/share/ament_cmake_gmock/cmake)
[2.170s] -- Found gmock sources under '/opt/ros/humble/src/gmock_vendor': C++ tests using 'Google Mock' will be built
[2.172s] -- Found ament_cmake_gtest: 1.3.9 (/opt/ros/humble/share/ament_cmake_gtest/cmake)
[2.172s] -- Found gtest sources under '/opt/ros/humble/src/gtest_vendor': C++ tests using 'Google Test' will be built
[2.178s] -- Found ament_cmake_gtest: 1.3.9 (/opt/ros/humble/share/ament_cmake_gtest/cmake)
[2.178s] -- Found gtest sources under '/opt/ros/humble/src/gtest_vendor': C++ tests using 'Google Test' will be built
[2.193s] -- Found ament_cmake_gtest: 1.3.9 (/opt/ros/humble/share/ament_cmake_gtest/cmake)
[2.193s] -- Found gtest sources under '/opt/ros/humble/src/gtest_vendor': C++ tests using 'Google Test' will be built
[2.203s] -- Found ament_lint_auto: 0.12.11 (/opt/ros/humble/share/ament_lint_auto/cmake)
[2.203s] -- Found ament_cmake_gtest: 1.3.9 (/opt/ros/humble/share/ament_cmake_gtest/cmake)
[2.204s] -- Found gtest sources under '/opt/ros/humble/src/gtest_vendor': C++ tests using 'Google Test' will be built
[2.214s] -- Found ament_cmake_gtest: 1.3.9 (/opt/ros/humble/share/ament_cmake_gtest/cmake)
[2.214s] -- Found gtest sources under '/opt/ros/humble/src/gtest_vendor': C++ tests using 'Google Test' will be built
[2.222s] -- Found ament_cmake_gtest: 1.3.9 (/opt/ros/humble/share/ament_cmake_gtest/cmake)
[2.222s] -- Found gtest sources under '/opt/ros/humble/src/gtest_vendor': C++ tests using 'Google Test' will be built
[2.228s] -- Found ament_cmake_gtest: 1.3.9 (/opt/ros/humble/share/ament_cmake_gtest/cmake)
[2.228s] -- Found gtest sources under '/opt/ros/humble/src/gtest_vendor': C++ tests using 'Google Test' will be built
[2.237s] -- Found gtest sources under '/opt/ros/humble/src/gtest_vendor': C++ tests using 'Google Test' will be built
[2.243s] -- Found gtest sources under '/opt/ros/humble/src/gtest_vendor': C++ tests using 'Google Test' will be built
[2.251s] -- Found ament_cmake_gtest: 1.3.9 (/opt/ros/humble/share/ament_cmake_gtest/cmake)
[2.251s] -- Found gtest sources under '/opt/ros/humble/src/gtest_vendor': C++ tests using 'Google Test' will be built
[2.264s] -- Found gtest sources under '/opt/ros/humble/src/gtest_vendor': C++ tests using 'Google Test' will be built
[2.274s] -- Found gtest sources under '/opt/ros/humble/src/gtest_vendor': C++ tests using 'Google Test' will be built
[2.282s] -- Found gtest sources under '/opt/ros/humble/src/gtest_vendor': C++ tests using 'Google Test' will be built
[2.287s] -- Found ament_lint_auto: 0.12.11 (/opt/ros/humble/share/ament_lint_auto/cmake)
[2.305s] -- Added test 'cppcheck' to perform static code analysis on C / C++ code
[2.306s] -- Configured cppcheck include dirs: /home/robomaven/ws/ws_moveit2/moveit2/moveit_core/exceptions/include;/home/robomaven/ws/ws_moveit2/moveit2/moveit_core/collision_detection/include;/home/robomaven/ws/ws_moveit2/moveit2/moveit_core/collision_detection_fcl/include;/home/robomaven/ws/ws_moveit2/moveit2/moveit_core/collision_detection_bullet/include;/home/robomaven/ws/ws_moveit2/moveit2/moveit_core/constraint_samplers/include;/home/robomaven/ws/ws_moveit2/moveit2/moveit_core/controller_manager/include;/home/robomaven/ws/ws_moveit2/moveit2/moveit_core/distance_field/include;/home/robomaven/ws/ws_moveit2/moveit2/moveit_core/collision_distance_field/include;/home/robomaven/ws/ws_moveit2/moveit2/moveit_core/dynamics_solver/include;/home/robomaven/ws/ws_moveit2/moveit2/moveit_core/kinematics_base/include;/home/robomaven/ws/ws_moveit2/moveit2/moveit_core/kinematics_metrics/include;/home/robomaven/ws/ws_moveit2/moveit2/moveit_core/robot_model/include;/home/robomaven/ws/ws_moveit2/moveit2/moveit_core/transforms/include;/home/robomaven/ws/ws_moveit2/moveit2/moveit_core/robot_state/include;/home/robomaven/ws/ws_moveit2/moveit2/moveit_core/robot_trajectory/include;/home/robomaven/ws/ws_moveit2/moveit2/moveit_core/kinematic_constraints/include;/home/robomaven/ws/ws_moveit2/moveit2/moveit_core/macros/include;/home/robomaven/ws/ws_moveit2/moveit2/moveit_core/online_signal_smoothing/include;/home/robomaven/ws/ws_moveit2/moveit2/moveit_core/planning_interface/include;/home/robomaven/ws/ws_moveit2/moveit2/moveit_core/planning_request_adapter/include;/home/robomaven/ws/ws_moveit2/moveit2/moveit_core/planning_scene/include;/home/robomaven/ws/ws_moveit2/moveit2/moveit_core/sensor_manager/include;/home/robomaven/ws/ws_moveit2/moveit2/moveit_core/trajectory_processing/include;/home/robomaven/ws/ws_moveit2/moveit2/moveit_core/utils/include
[2.306s] -- Configured cppcheck exclude dirs and/or files: 
[2.307s] -- Added test 'pep257' to check Python code against some of the docstring style conventions in PEP 257
[2.309s] -- Added test 'xmllint' to check XML markup files
[2.311s] -- Configuring done
[2.662s] -- Generating done
[2.666s] -- Build files have been written to: /home/robomaven/ws/ws_moveit2/build/moveit_core
[2.691s] Invoked command in '/home/robomaven/ws/ws_moveit2/build/moveit_core' returned '0': AMENT_PREFIX_PATH=/home/robomaven/ws/ws_moveit2/install/moveit_resources_panda_moveit_config:/home/robomaven/ws/ws_moveit2/install/srdfdom:/home/robomaven/ws/ws_moveit2/install/moveit_resources_pr2_description:/home/robomaven/ws/ws_moveit2/install/moveit_resources_panda_description:/home/robomaven/ws/ws_moveit2/install/moveit_common:${AMENT_PREFIX_PATH} CMAKE_PREFIX_PATH=/home/robomaven/ws/ws_moveit2/install/moveit_resources_panda_moveit_config:/home/robomaven/ws/ws_moveit2/install/srdfdom:/home/robomaven/ws/ws_moveit2/install/moveit_resources_pr2_description:/home/robomaven/ws/ws_moveit2/install/moveit_resources_panda_description:/home/robomaven/ws/ws_moveit2/install/moveit_common:/opt/ros/humble LD_LIBRARY_PATH=/home/robomaven/ws/ws_moveit2/install/srdfdom/lib:/usr/lib/x86_64-linux-gnu/gazebo-11/plugins:/opt/ros/humble/opt/rviz_ogre_vendor/lib:/opt/ros/humble/lib/x86_64-linux-gnu:/opt/ros/humble/lib:/usr/share/gazebo/../../lib/x86_64-linux-gnu/gazebo-11/plugins PYTHONPATH=/home/robomaven/ws/ws_moveit2/install/srdfdom/local/lib/python3.10/dist-packages:${PYTHONPATH} /usr/bin/cmake /home/robomaven/ws/ws_moveit2/moveit2/moveit_core -DCMAKE_BUILD_TYPE=Release -DCMAKE_INSTALL_PREFIX=/home/robomaven/ws/ws_moveit2/install/moveit_core
[2.693s] Invoking command in '/home/robomaven/ws/ws_moveit2/build/moveit_core': AMENT_PREFIX_PATH=/home/robomaven/ws/ws_moveit2/install/moveit_resources_panda_moveit_config:/home/robomaven/ws/ws_moveit2/install/srdfdom:/home/robomaven/ws/ws_moveit2/install/moveit_resources_pr2_description:/home/robomaven/ws/ws_moveit2/install/moveit_resources_panda_description:/home/robomaven/ws/ws_moveit2/install/moveit_common:${AMENT_PREFIX_PATH} CMAKE_PREFIX_PATH=/home/robomaven/ws/ws_moveit2/install/moveit_resources_panda_moveit_config:/home/robomaven/ws/ws_moveit2/install/srdfdom:/home/robomaven/ws/ws_moveit2/install/moveit_resources_pr2_description:/home/robomaven/ws/ws_moveit2/install/moveit_resources_panda_description:/home/robomaven/ws/ws_moveit2/install/moveit_common:/opt/ros/humble LD_LIBRARY_PATH=/home/robomaven/ws/ws_moveit2/install/srdfdom/lib:/usr/lib/x86_64-linux-gnu/gazebo-11/plugins:/opt/ros/humble/opt/rviz_ogre_vendor/lib:/opt/ros/humble/lib/x86_64-linux-gnu:/opt/ros/humble/lib:/usr/share/gazebo/../../lib/x86_64-linux-gnu/gazebo-11/plugins PYTHONPATH=/home/robomaven/ws/ws_moveit2/install/srdfdom/local/lib/python3.10/dist-packages:${PYTHONPATH} /usr/bin/cmake --build /home/robomaven/ws/ws_moveit2/build/moveit_core -- -j20 -l20
[2.743s] [  0%] [32mBuilding CXX object exceptions/CMakeFiles/moveit_exceptions.dir/src/exceptions.cpp.o[0m
[2.745s] [  2%] [32mBuilding CXX object utils/CMakeFiles/moveit_utils.dir/src/rclcpp_utils.cpp.o[0m
[2.746s] [  2%] [32mBuilding CXX object gmock/CMakeFiles/gmock.dir/src/gmock-all.cc.o[0m
[2.746s] [  2%] [32mBuilding CXX object distance_field/CMakeFiles/moveit_distance_field.dir/src/find_internal_points.cpp.o[0m
[2.746s] [  3%] [32mBuilding CXX object kinematics_base/CMakeFiles/moveit_kinematics_base.dir/src/kinematics_base.cpp.o[0m
[2.747s] [  3%] [32mBuilding CXX object distance_field/CMakeFiles/moveit_distance_field.dir/src/distance_field.cpp.o[0m
[2.747s] [  4%] [32mBuilding CXX object utils/CMakeFiles/moveit_utils.dir/src/lexical_casts.cpp.o[0m
[2.748s] [  4%] [32mBuilding CXX object utils/CMakeFiles/moveit_utils.dir/src/message_checks.cpp.o[0m
[2.749s] [  4%] [32mBuilding CXX object gtest/CMakeFiles/gtest.dir/src/gtest-all.cc.o[0m
[2.750s] [  5%] [32mBuilding CXX object distance_field/CMakeFiles/moveit_distance_field.dir/src/propagation_distance_field.cpp.o[0m
[2.750s] [  5%] [32mBuilding CXX object gmock/CMakeFiles/gmock.dir/opt/ros/humble/src/gtest_vendor/src/gtest-all.cc.o[0m
[2.750s] [  5%] [32mBuilding CXX object transforms/CMakeFiles/moveit_transforms.dir/src/transforms.cpp.o[0m
[2.757s] [  6%] [34m[1mRunning `/opt/ros/humble/bin/generate_parameter_library_cpp /home/robomaven/ws/ws_moveit2/build/moveit_core/online_signal_smoothing/moveit_butterworth_parameters/include//moveit_butterworth_parameters.hpp /home/robomaven/ws/ws_moveit2/moveit2/moveit_core/online_signal_smoothing/src/butterworth_parameters.yaml `[0m
[2.758s] [  7%] [32mBuilding CXX object gtest/CMakeFiles/gtest_main.dir/src/gtest_main.cc.o[0m
[2.759s] [  7%] [32mBuilding CXX object gmock/CMakeFiles/gmock_main.dir/src/gmock_main.cc.o[0m
[2.759s] [  8%] [32mBuilding CXX object version/CMakeFiles/moveit_version.dir/version.cpp.o[0m
[2.760s] [  8%] [32mBuilding CXX object online_signal_smoothing/CMakeFiles/moveit_smoothing_base.dir/src/smoothing_base_class.cpp.o[0m
[2.814s] [  9%] [32m[1mLinking CXX executable moveit_version[0m
[2.898s] [  9%] Built target moveit_version
[2.957s] [  9%] Built target moveit_butterworth_parameters
[3.485s] [ 10%] [32m[1mLinking CXX shared library libmoveit_exceptions.so[0m
[3.497s] [ 10%] [32m[1mLinking CXX shared library libmoveit_utils.so[0m
[3.643s] [ 10%] Built target moveit_exceptions
[3.983s] [ 10%] [32m[1mLinking CXX static library libgtest_main.a[0m
[4.029s] [ 10%] Built target gtest_main
[4.071s] [ 10%] Built target moveit_utils
[4.500s] [ 11%] [32m[1mLinking CXX static library libgmock_main.a[0m
[4.542s] [ 11%] Built target gmock_main
[6.443s] [ 12%] [32m[1mLinking CXX shared library libmoveit_smoothing_base.so[0m
[6.567s] [ 12%] Built target moveit_smoothing_base
[6.706s] [ 13%] [32m[1mLinking CXX shared library libmoveit_kinematics_base.so[0m
[6.795s] [ 13%] Built target moveit_kinematics_base
[6.810s] [ 14%] [32mBuilding CXX object robot_model/CMakeFiles/moveit_robot_model.dir/src/floating_joint_model.cpp.o[0m
[6.813s] [ 14%] [32mBuilding CXX object robot_model/CMakeFiles/moveit_robot_model.dir/src/planar_joint_model.cpp.o[0m
[6.813s] [ 15%] [32mBuilding CXX object robot_model/CMakeFiles/moveit_robot_model.dir/src/aabb.cpp.o[0m
[6.813s] [ 15%] [32mBuilding CXX object robot_model/CMakeFiles/moveit_robot_model.dir/src/fixed_joint_model.cpp.o[0m
[6.813s] [ 15%] [32mBuilding CXX object robot_model/CMakeFiles/moveit_robot_model.dir/src/joint_model_group.cpp.o[0m
[6.814s] [ 16%] [32mBuilding CXX object robot_model/CMakeFiles/moveit_robot_model.dir/src/joint_model.cpp.o[0m
[6.814s] [ 17%] [32mBuilding CXX object robot_model/CMakeFiles/moveit_robot_model.dir/src/robot_model.cpp.o[0m
[6.814s] [ 17%] [32mBuilding CXX object robot_model/CMakeFiles/moveit_robot_model.dir/src/link_model.cpp.o[0m
[6.814s] [ 18%] [32mBuilding CXX object robot_model/CMakeFiles/moveit_robot_model.dir/src/prismatic_joint_model.cpp.o[0m
[6.814s] [ 19%] [32mBuilding CXX object robot_model/CMakeFiles/moveit_robot_model.dir/src/revolute_joint_model.cpp.o[0m
[8.527s] [ 19%] [32m[1mLinking CXX shared library libmoveit_distance_field.so[0m
[8.584s] [ 20%] [32m[1mLinking CXX shared library libmoveit_transforms.so[0m
[8.666s] [ 20%] Built target moveit_distance_field
[8.706s] [ 20%] Built target moveit_transforms
[9.743s] [ 21%] [32m[1mLinking CXX static library libgtest.a[0m
[9.775s] [ 21%] Built target gtest
[9.794s] [ 22%] [32mBuilding CXX object distance_field/CMakeFiles/test_voxel_grid.dir/test/test_voxel_grid.cpp.o[0m
[9.797s] [ 22%] [32mBuilding CXX object transforms/CMakeFiles/test_transforms.dir/test/test_transforms.cpp.o[0m
[9.802s] [ 22%] [32mBuilding CXX object distance_field/CMakeFiles/test_distance_field.dir/test/test_distance_field.cpp.o[0m
[10.095s] [ 23%] [32m[1mLinking CXX static library libgmock.a[0m
[10.127s] [ 23%] Built target gmock
[11.805s] [ 24%] [32m[1mLinking CXX executable test_transforms[0m
[11.901s] [ 24%] Built target test_transforms
[12.719s] [ 24%] [32m[1mLinking CXX executable test_voxel_grid[0m
[12.810s] [ 24%] Built target test_voxel_grid
[14.052s] [ 25%] [32m[1mLinking CXX shared library libmoveit_robot_model.so[0m
[14.155s] [ 25%] Built target moveit_robot_model
[14.169s] [ 28%] [32mBuilding CXX object utils/CMakeFiles/moveit_test_utils.dir/src/robot_model_test_utils.cpp.o[0m
[14.169s] [ 28%] [32mBuilding CXX object robot_state/CMakeFiles/moveit_robot_state.dir/src/conversions.cpp.o[0m
[14.169s] [ 28%] [32mBuilding CXX object robot_state/CMakeFiles/moveit_robot_state.dir/src/attached_body.cpp.o[0m
[14.169s] [ 28%] [32mBuilding CXX object online_signal_smoothing/CMakeFiles/moveit_butterworth_filter.dir/src/butterworth_filter.cpp.o[0m
[14.170s] [ 29%] [32mBuilding CXX object robot_state/CMakeFiles/moveit_robot_state.dir/src/robot_state.cpp.o[0m
[14.173s] [ 29%] [32mBuilding CXX object robot_state/CMakeFiles/moveit_robot_state.dir/src/cartesian_interpolator.cpp.o[0m
[16.465s] [ 30%] [32m[1mLinking CXX executable test_distance_field[0m
[16.635s] [ 30%] Built target test_distance_field
[18.604s] [ 30%] [32m[1mLinking CXX shared library libmoveit_butterworth_filter.so[0m
[18.710s] [ 30%] Built target moveit_butterworth_filter
[18.725s] [ 30%] [32mBuilding CXX object online_signal_smoothing/CMakeFiles/test_butterworth_filter.dir/test/test_butterworth_filter.cpp.o[0m
[20.203s] [ 30%] [32m[1mLinking CXX shared library libmoveit_test_utils.so[0m
[20.306s] [ 30%] Built target moveit_test_utils
[20.319s] [ 31%] [32mBuilding CXX object robot_model/CMakeFiles/test_robot_model.dir/test/test.cpp.o[0m
[22.987s] [ 32%] [32m[1mLinking CXX executable test_butterworth_filter[0m
[23.089s] [ 32%] Built target test_butterworth_filter
[23.985s] [ 32%] [32m[1mLinking CXX executable test_robot_model[0m
[24.139s] [ 32%] Built target test_robot_model
[29.009s] [ 33%] [32m[1mLinking CXX shared library libmoveit_robot_state.so[0m
[29.120s] [ 33%] Built target moveit_robot_state
[29.137s] [ 34%] [32mBuilding CXX object robot_trajectory/CMakeFiles/moveit_robot_trajectory.dir/src/robot_trajectory.cpp.o[0m
[29.137s] [ 34%] [32mBuilding CXX object collision_detection/CMakeFiles/moveit_collision_detection.dir/src/allvalid/collision_env_allvalid.cpp.o[0m
[29.138s] [ 36%] [32mBuilding CXX object collision_detection/CMakeFiles/moveit_collision_detection.dir/src/collision_matrix.cpp.o[0m
[29.138s] [ 36%] [32mBuilding CXX object dynamics_solver/CMakeFiles/moveit_dynamics_solver.dir/src/dynamics_solver.cpp.o[0m
[29.138s] [ 37%] [32mBuilding CXX object robot_state/CMakeFiles/test_robot_state.dir/test/robot_state_test.cpp.o[0m
[29.139s] [ 37%] [32mBuilding CXX object collision_detection/CMakeFiles/moveit_collision_detection.dir/src/collision_common.cpp.o[0m
[29.139s] [ 37%] [32mBuilding CXX object kinematics_metrics/CMakeFiles/moveit_kinematics_metrics.dir/src/kinematics_metrics.cpp.o[0m
[29.139s] [ 37%] [32mBuilding CXX object robot_state/CMakeFiles/test_robot_state_benchmark.dir/test/robot_state_benchmark.cpp.o[0m
[29.140s] [ 37%] [32mBuilding CXX object collision_detection/CMakeFiles/moveit_collision_detection.dir/src/world_diff.cpp.o[0m
[29.140s] [ 38%] [32mBuilding CXX object collision_detection/CMakeFiles/moveit_collision_detection.dir/src/collision_octomap_filter.cpp.o[0m
[29.141s] [ 38%] [32mBuilding CXX object collision_detection/CMakeFiles/moveit_collision_detection.dir/src/collision_env.cpp.o[0m
[29.141s] [ 39%] [32mBuilding CXX object collision_detection/CMakeFiles/moveit_collision_detection.dir/src/collision_tools.cpp.o[0m
[29.141s] [ 40%] [32mBuilding CXX object collision_detection/CMakeFiles/moveit_collision_detection.dir/src/world.cpp.o[0m
[29.142s] [ 40%] [32mBuilding CXX object collision_detection/CMakeFiles/moveit_collision_detection.dir/src/collision_plugin_cache.cpp.o[0m
[29.146s] [ 40%] [32mBuilding CXX object robot_state/CMakeFiles/test_cartesian_interpolator.dir/test/test_cartesian_interpolator.cpp.o[0m
[29.147s] [ 40%] [32mBuilding CXX object robot_state/CMakeFiles/test_robot_state_complex.dir/test/test_kinematic_complex.cpp.o[0m
[29.147s] [ 40%] [32mBuilding CXX object robot_state/CMakeFiles/test_aabb.dir/test/test_aabb.cpp.o[0m
[35.911s] [ 41%] [32m[1mLinking CXX shared library libmoveit_dynamics_solver.so[0m
[36.161s] [ 41%] Built target moveit_dynamics_solver
[36.737s] [ 42%] [32m[1mLinking CXX executable test_cartesian_interpolator[0m
[36.932s] [ 42%] Built target test_cartesian_interpolator
[38.091s] [ 43%] [32m[1mLinking CXX executable test_robot_state_complex[0m
[38.173s] [ 44%] [32m[1mLinking CXX executable test_robot_state_benchmark[0m
[38.410s] [ 44%] Built target test_robot_state_benchmark
[38.463s] [ 44%] Built target test_robot_state_complex
[38.863s] [ 45%] [32m[1mLinking CXX executable test_aabb[0m
[39.044s] [ 45%] Built target test_aabb
[39.412s] [ 46%] [32m[1mLinking CXX shared library libmoveit_robot_trajectory.so[0m
[39.530s] [ 46%] Built target moveit_robot_trajectory
[39.548s] [ 49%] [32mBuilding CXX object robot_trajectory/CMakeFiles/test_robot_trajectory.dir/test/test_robot_trajectory.cpp.o[0m
[39.548s] [ 49%] [32mBuilding CXX object trajectory_processing/CMakeFiles/moveit_trajectory_processing.dir/src/trajectory_tools.cpp.o[0m
[39.548s] [ 49%] [32mBuilding CXX object trajectory_processing/CMakeFiles/moveit_trajectory_processing.dir/src/ruckig_traj_smoothing.cpp.o[0m
[39.552s] [ 51%] [32mBuilding CXX object trajectory_processing/CMakeFiles/moveit_trajectory_processing.dir/src/iterative_spline_parameterization.cpp.o[0m
[39.552s] [ 51%] [32mBuilding CXX object planning_interface/CMakeFiles/moveit_planning_interface.dir/src/planning_response.cpp.o[0m
[39.552s] [ 51%] [32mBuilding CXX object trajectory_processing/CMakeFiles/moveit_trajectory_processing.dir/src/time_optimal_trajectory_generation.cpp.o[0m
[39.552s] [ 51%] [32mBuilding CXX object trajectory_processing/CMakeFiles/moveit_trajectory_processing.dir/src/iterative_time_parameterization.cpp.o[0m
[39.552s] [ 51%] [32mBuilding CXX object planning_interface/CMakeFiles/moveit_planning_interface.dir/src/planning_interface.cpp.o[0m
[40.148s] [ 52%] [32m[1mLinking CXX executable test_robot_state[0m
[40.410s] [ 52%] Built target test_robot_state
[42.603s] [ 53%] [32m[1mLinking CXX shared library libmoveit_collision_detection.so[0m
[42.858s] [ 53%] Built target moveit_collision_detection
[42.884s] [ 54%] [32mBuilding CXX object collision_detection_bullet/CMakeFiles/moveit_collision_detection_bullet.dir/src/bullet_integration/ros_bullet_utils.cpp.o[0m
[42.884s] [ 54%] [32mBuilding CXX object collision_detection_fcl/CMakeFiles/moveit_collision_detection_fcl.dir/src/collision_common.cpp.o[0m
[42.884s] [ 54%] [32mBuilding CXX object collision_detection_fcl/CMakeFiles/moveit_collision_detection_fcl.dir/src/collision_env_fcl.cpp.o[0m
[42.885s] [ 54%] [32mBuilding CXX object collision_detection/CMakeFiles/test_all_valid.dir/test/test_all_valid.cpp.o[0m
[42.885s] [ 55%] [32mBuilding CXX object collision_detection/CMakeFiles/test_world_diff.dir/test/test_world_diff.cpp.o[0m
[42.885s] [ 54%] [32mBuilding CXX object collision_detection_bullet/CMakeFiles/moveit_collision_detection_bullet.dir/src/bullet_integration/bullet_discrete_bvh_manager.cpp.o[0m
[42.885s] [ 56%] [32mBuilding CXX object collision_detection_bullet/CMakeFiles/moveit_collision_detection_bullet.dir/src/bullet_integration/bullet_cast_bvh_manager.cpp.o[0m
[42.885s] [ 58%] [32mBuilding CXX object collision_detection_bullet/CMakeFiles/moveit_collision_detection_bullet.dir/src/bullet_integration/bullet_utils.cpp.o[0m
[42.886s] [ 58%] [32mBuilding CXX object collision_detection/CMakeFiles/test_world.dir/test/test_world.cpp.o[0m
[42.887s] [ 59%] [32mBuilding CXX object collision_detection_bullet/CMakeFiles/moveit_collision_detection_bullet.dir/src/bullet_integration/contact_checker_common.cpp.o[0m
[42.888s] [ 60%] [32mBuilding CXX object collision_detection_bullet/CMakeFiles/moveit_collision_detection_bullet.dir/src/bullet_integration/bullet_bvh_manager.cpp.o[0m
[42.896s] [ 60%] [32mBuilding CXX object collision_detection_bullet/CMakeFiles/moveit_collision_detection_bullet.dir/src/collision_env_bullet.cpp.o[0m
[49.448s] [ 60%] [32m[1mLinking CXX executable test_robot_trajectory[0m
[49.953s] [ 60%] Built target test_robot_trajectory
[50.551s] [ 61%] [32m[1mLinking CXX shared library libmoveit_trajectory_processing.so[0m
[50.556s] [ 62%] [32m[1mLinking CXX executable test_world_diff[0m
[50.874s] [ 62%] Built target moveit_trajectory_processing
[50.907s] [ 64%] [32mBuilding CXX object trajectory_processing/CMakeFiles/test_time_parameterization.dir/test/test_time_parameterization.cpp.o[0m
[50.907s] [ 64%] [32mBuilding CXX object trajectory_processing/CMakeFiles/test_time_optimal_trajectory_generation.dir/test/test_time_optimal_trajectory_generation.cpp.o[0m
[50.907s] [ 64%] [32mBuilding CXX object trajectory_processing/CMakeFiles/test_ruckig_traj_smoothing.dir/test/test_ruckig_traj_smoothing.cpp.o[0m
[51.016s] [ 64%] Built target test_world_diff
[51.777s] [ 64%] [32m[1mLinking CXX executable test_world[0m
[51.888s] [ 65%] [32m[1mLinking CXX executable test_all_valid[0m
[52.017s] [ 65%] Built target test_world
[52.159s] [ 65%] Built target test_all_valid
[52.331s] [ 66%] [32m[1mLinking CXX shared library libmoveit_planning_interface.so[0m
[52.458s] [ 66%] Built target moveit_planning_interface
[52.572s] [ 67%] [32m[1mLinking CXX shared library libmoveit_kinematics_metrics.so[0m
[52.690s] [ 67%] Built target moveit_kinematics_metrics
[53.089s] [ 68%] [32m[1mLinking CXX shared library libmoveit_collision_detection_bullet.so[0m
[53.243s] [ 68%] Built target moveit_collision_detection_bullet
[53.257s] [ 70%] [32mBuilding CXX object collision_detection_bullet/CMakeFiles/test_bullet_collision_detection_panda.dir/test/test_bullet_collision_detection_panda.cpp.o[0m
[53.257s] [ 69%] [32mBuilding CXX object collision_detection_bullet/CMakeFiles/test_bullet_collision_detection.dir/test/test_bullet_collision_detection_pr2.cpp.o[0m
[53.268s] [ 71%] [32mBuilding CXX object collision_detection_bullet/CMakeFiles/test_bullet_continuous_collision_checking.dir/test/test_bullet_continuous_collision_checking.cpp.o[0m
[54.636s] [ 72%] [32m[1mLinking CXX shared library libmoveit_collision_detection_fcl.so[0m
[54.810s] [ 72%] Built target moveit_collision_detection_fcl
[54.827s] [ 73%] [32mBuilding CXX object kinematic_constraints/CMakeFiles/moveit_kinematic_constraints.dir/src/utils.cpp.o[0m
[54.829s] [ 73%] [32mBuilding CXX object kinematic_constraints/CMakeFiles/moveit_kinematic_constraints.dir/src/kinematic_constraint.cpp.o[0m
[54.835s] [ 76%] [32mBuilding CXX object collision_detection_fcl/CMakeFiles/test_fcl_collision_env.dir/test/test_fcl_env.cpp.o[0m
[54.835s] [ 76%] [32mBuilding CXX object collision_detection_fcl/CMakeFiles/test_fcl_collision_detection_panda.dir/test/test_fcl_collision_detection_panda.cpp.o[0m
[54.835s] [ 76%] [32mBuilding CXX object collision_detection_fcl/CMakeFiles/test_fcl_collision_detection.dir/test/test_fcl_collision_detection_pr2.cpp.o[0m
[57.506s] [ 76%] [32m[1mLinking CXX executable test_ruckig_traj_smoothing[0m
[57.784s] [ 76%] Built target test_ruckig_traj_smoothing
[57.812s] [ 77%] [32m[1mLinking CXX executable test_time_parameterization[0m
[58.050s] [ 77%] Built target test_time_parameterization
[59.244s] [ 78%] [32m[1mLinking CXX executable test_time_optimal_trajectory_generation[0m
[59.514s] [ 78%] Built target test_time_optimal_trajectory_generation
[59.914s] [ 78%] [32m[1mLinking CXX executable test_bullet_collision_detection_panda[0m
[60.140s] [ 78%] Built target test_bullet_collision_detection_panda
[61.049s] [ 78%] [32m[1mLinking CXX executable test_bullet_collision_detection[0m
[61.278s] [ 78%] Built target test_bullet_collision_detection
[62.914s] [ 79%] [32m[1mLinking CXX executable test_fcl_collision_env[0m
[63.132s] [ 79%] Built target test_fcl_collision_env
[63.370s] [ 79%] [32m[1mLinking CXX executable test_fcl_collision_detection_panda[0m
[63.567s] [ 79%] Built target test_fcl_collision_detection_panda
[63.918s] [ 80%] [32m[1mLinking CXX executable test_bullet_continuous_collision_checking[0m
[64.114s] [ 80%] Built target test_bullet_continuous_collision_checking
[64.387s] [ 80%] [32m[1mLinking CXX executable test_fcl_collision_detection[0m
[64.581s] [ 80%] Built target test_fcl_collision_detection
[66.562s] [ 81%] [32m[1mLinking CXX shared library libmoveit_kinematic_constraints.so[0m
[66.694s] [ 81%] Built target moveit_kinematic_constraints
[66.712s] [ 82%] [32mBuilding CXX object planning_scene/CMakeFiles/moveit_planning_scene.dir/src/planning_scene.cpp.o[0m
[66.712s] [ 82%] [32mBuilding CXX object kinematic_constraints/CMakeFiles/test_constraints.dir/test/test_constraints.cpp.o[0m
[66.712s] [ 82%] [32mBuilding CXX object kinematic_constraints/CMakeFiles/test_orientation_constraints.dir/test/test_orientation_constraints.cpp.o[0m
[72.845s] [ 83%] [32m[1mLinking CXX executable test_orientation_constraints[0m
[73.027s] [ 83%] Built target test_orientation_constraints
[73.712s] [ 84%] [32m[1mLinking CXX executable test_constraints[0m
[73.888s] [ 84%] Built target test_constraints
[77.837s] [ 84%] [32m[1mLinking CXX shared library libmoveit_planning_scene.so[0m
[77.972s] [ 84%] Built target moveit_planning_scene
[77.987s] [ 84%] [32mBuilding CXX object constraint_samplers/CMakeFiles/moveit_constraint_samplers.dir/src/constraint_sampler.cpp.o[0m
[77.987s] [ 84%] [32mBuilding CXX object collision_distance_field/CMakeFiles/moveit_collision_distance_field.dir/src/collision_distance_field_types.cpp.o[0m
[77.988s] [ 84%] [32mBuilding CXX object constraint_samplers/CMakeFiles/moveit_constraint_samplers.dir/src/union_constraint_sampler.cpp.o[0m
[77.988s] [ 85%] [32mBuilding CXX object planning_scene/CMakeFiles/test_collision_objects.dir/test/test_collision_objects.cpp.o[0m
[77.989s] [ 86%] [32mBuilding CXX object constraint_samplers/CMakeFiles/moveit_constraint_samplers.dir/src/constraint_sampler_manager.cpp.o[0m
[77.989s] [ 86%] [32mBuilding CXX object constraint_samplers/CMakeFiles/moveit_constraint_samplers.dir/src/constraint_sampler_tools.cpp.o[0m
[77.989s] [ 86%] [32mBuilding CXX object planning_request_adapter/CMakeFiles/moveit_planning_request_adapter.dir/src/planning_request_adapter.cpp.o[0m
[77.989s] [ 87%] [32mBuilding CXX object planning_scene/CMakeFiles/test_planning_scene.dir/test/test_planning_scene.cpp.o[0m
[77.991s] [ 88%] [32mBuilding CXX object collision_distance_field/CMakeFiles/moveit_collision_distance_field.dir/src/collision_env_distance_field.cpp.o[0m
[77.991s] [ 88%] [32mBuilding CXX object collision_distance_field/CMakeFiles/moveit_collision_distance_field.dir/src/collision_common_distance_field.cpp.o[0m
[77.991s] [ 90%] [32mBuilding CXX object constraint_samplers/CMakeFiles/moveit_constraint_samplers.dir/src/default_constraint_samplers.cpp.o[0m
[77.991s] [ 90%] [32mBuilding CXX object collision_distance_field/CMakeFiles/moveit_collision_distance_field.dir/src/collision_env_hybrid.cpp.o[0m
[77.992s] [ 90%] [32mBuilding CXX object planning_scene/CMakeFiles/test_multi_threaded.dir/test/test_multi_threaded.cpp.o[0m
[77.995s] [ 90%] [32mBuilding CXX object collision_detection_bullet/CMakeFiles/collision_detector_bullet_plugin.dir/src/collision_detector_bullet_plugin_loader.cpp.o[0m
[77.998s] [ 90%] [32mBuilding CXX object collision_detection_fcl/CMakeFiles/collision_detector_fcl_plugin.dir/src/collision_detector_fcl_plugin_loader.cpp.o[0m
[85.271s] [ 91%] [32m[1mLinking CXX shared library libcollision_detector_bullet_plugin.so[0m
[85.422s] [ 91%] Built target collision_detector_bullet_plugin
[87.425s] [ 92%] [32m[1mLinking CXX shared library libmoveit_planning_request_adapter.so[0m
[87.558s] [ 92%] Built target moveit_planning_request_adapter
[88.443s] [ 92%] [32m[1mLinking CXX executable test_collision_objects[0m
[88.677s] [ 92%] Built target test_collision_objects
[88.886s] [ 93%] [32m[1mLinking CXX executable test_multi_threaded[0m
[89.103s] [ 93%] Built target test_multi_threaded
[89.592s] [ 94%] [32m[1mLinking CXX shared library libcollision_detector_fcl_plugin.so[0m
[89.694s] [ 94%] Built target collision_detector_fcl_plugin
[89.823s] [ 95%] [32m[1mLinking CXX shared library libmoveit_constraint_samplers.so[0m
[89.945s] [ 95%] Built target moveit_constraint_samplers
[89.959s] [ 96%] [32mBuilding CXX object constraint_samplers/CMakeFiles/test_constraint_samplers.dir/test/test_constraint_samplers.cpp.o[0m
[89.959s] [ 97%] [32mBuilding CXX object constraint_samplers/CMakeFiles/test_constraint_samplers.dir/test/pr2_arm_kinematics_plugin.cpp.o[0m
[89.959s] [ 97%] [32mBuilding CXX object constraint_samplers/CMakeFiles/test_constraint_samplers.dir/test/pr2_arm_ik.cpp.o[0m
[90.959s] [ 97%] [32m[1mLinking CXX executable test_planning_scene[0m
[91.174s] [ 97%] Built target test_planning_scene
[93.015s] [ 98%] [32m[1mLinking CXX shared library libmoveit_collision_distance_field.so[0m
[93.153s] [ 98%] Built target moveit_collision_distance_field
[93.167s] [ 99%] [32mBuilding CXX object collision_distance_field/CMakeFiles/test_collision_distance_field.dir/test/test_collision_distance_field.cpp.o[0m
[99.092s] [100%] [32m[1mLinking CXX executable test_constraint_samplers[0m
[99.341s] [100%] Built target test_constraint_samplers
[99.994s] [100%] [32m[1mLinking CXX executable test_collision_distance_field[0m
[100.206s] [100%] Built target test_collision_distance_field
[100.219s] Invoked command in '/home/robomaven/ws/ws_moveit2/build/moveit_core' returned '0': AMENT_PREFIX_PATH=/home/robomaven/ws/ws_moveit2/install/moveit_resources_panda_moveit_config:/home/robomaven/ws/ws_moveit2/install/srdfdom:/home/robomaven/ws/ws_moveit2/install/moveit_resources_pr2_description:/home/robomaven/ws/ws_moveit2/install/moveit_resources_panda_description:/home/robomaven/ws/ws_moveit2/install/moveit_common:${AMENT_PREFIX_PATH} CMAKE_PREFIX_PATH=/home/robomaven/ws/ws_moveit2/install/moveit_resources_panda_moveit_config:/home/robomaven/ws/ws_moveit2/install/srdfdom:/home/robomaven/ws/ws_moveit2/install/moveit_resources_pr2_description:/home/robomaven/ws/ws_moveit2/install/moveit_resources_panda_description:/home/robomaven/ws/ws_moveit2/install/moveit_common:/opt/ros/humble LD_LIBRARY_PATH=/home/robomaven/ws/ws_moveit2/install/srdfdom/lib:/usr/lib/x86_64-linux-gnu/gazebo-11/plugins:/opt/ros/humble/opt/rviz_ogre_vendor/lib:/opt/ros/humble/lib/x86_64-linux-gnu:/opt/ros/humble/lib:/usr/share/gazebo/../../lib/x86_64-linux-gnu/gazebo-11/plugins PYTHONPATH=/home/robomaven/ws/ws_moveit2/install/srdfdom/local/lib/python3.10/dist-packages:${PYTHONPATH} /usr/bin/cmake --build /home/robomaven/ws/ws_moveit2/build/moveit_core -- -j20 -l20
[100.303s] Invoking command in '/home/robomaven/ws/ws_moveit2/build/moveit_core': AMENT_PREFIX_PATH=/home/robomaven/ws/ws_moveit2/install/moveit_resources_panda_moveit_config:/home/robomaven/ws/ws_moveit2/install/srdfdom:/home/robomaven/ws/ws_moveit2/install/moveit_resources_pr2_description:/home/robomaven/ws/ws_moveit2/install/moveit_resources_panda_description:/home/robomaven/ws/ws_moveit2/install/moveit_common:${AMENT_PREFIX_PATH} CMAKE_PREFIX_PATH=/home/robomaven/ws/ws_moveit2/install/moveit_resources_panda_moveit_config:/home/robomaven/ws/ws_moveit2/install/srdfdom:/home/robomaven/ws/ws_moveit2/install/moveit_resources_pr2_description:/home/robomaven/ws/ws_moveit2/install/moveit_resources_panda_description:/home/robomaven/ws/ws_moveit2/install/moveit_common:/opt/ros/humble LD_LIBRARY_PATH=/home/robomaven/ws/ws_moveit2/install/srdfdom/lib:/usr/lib/x86_64-linux-gnu/gazebo-11/plugins:/opt/ros/humble/opt/rviz_ogre_vendor/lib:/opt/ros/humble/lib/x86_64-linux-gnu:/opt/ros/humble/lib:/usr/share/gazebo/../../lib/x86_64-linux-gnu/gazebo-11/plugins PYTHONPATH=/home/robomaven/ws/ws_moveit2/install/srdfdom/local/lib/python3.10/dist-packages:${PYTHONPATH} /usr/bin/cmake --install /home/robomaven/ws/ws_moveit2/build/moveit_core
[100.312s] -- Install configuration: "Release"
[100.312s] -- Installing: /home/robomaven/ws/ws_moveit2/install/moveit_core/include/moveit/version.h
[100.313s] -- Up-to-date: /home/robomaven/ws/ws_moveit2/install/moveit_core/include
[100.313s] -- Up-to-date: /home/robomaven/ws/ws_moveit2/install/moveit_core/include/moveit
[100.313s] -- Installing: /home/robomaven/ws/ws_moveit2/install/moveit_core/include/moveit/collision_distance_field
[100.313s] -- Installing: /home/robomaven/ws/ws_moveit2/install/moveit_core/include/moveit/collision_distance_field/collision_detector_allocator_hybrid.h
[100.313s] -- Installing: /home/robomaven/ws/ws_moveit2/install/moveit_core/include/moveit/collision_distance_field/collision_env_distance_field.h
[100.313s] -- Installing: /home/robomaven/ws/ws_moveit2/install/moveit_core/include/moveit/collision_distance_field/collision_env_hybrid.h
[100.313s] -- Installing: /home/robomaven/ws/ws_moveit2/install/moveit_core/include/moveit/collision_distance_field/collision_distance_field_types.h
[100.313s] -- Installing: /home/robomaven/ws/ws_moveit2/install/moveit_core/include/moveit/collision_distance_field/collision_common_distance_field.h
[100.313s] -- Installing: /home/robomaven/ws/ws_moveit2/install/moveit_core/include/moveit/collision_distance_field/collision_detector_allocator_distance_field.h
[100.313s] -- Installing: /home/robomaven/ws/ws_moveit2/install/moveit_core/include/moveit_collision_distance_field_export.h
[100.314s] -- Up-to-date: /home/robomaven/ws/ws_moveit2/install/moveit_core/include
[100.314s] -- Up-to-date: /home/robomaven/ws/ws_moveit2/install/moveit_core/include/moveit
[100.314s] -- Installing: /home/robomaven/ws/ws_moveit2/install/moveit_core/include/moveit/constraint_samplers
[100.314s] -- Installing: /home/robomaven/ws/ws_moveit2/install/moveit_core/include/moveit/constraint_samplers/constraint_sampler.h
[100.314s] -- Installing: /home/robomaven/ws/ws_moveit2/install/moveit_core/include/moveit/constraint_samplers/default_constraint_samplers.h
[100.314s] -- Installing: /home/robomaven/ws/ws_moveit2/install/moveit_core/include/moveit/constraint_samplers/constraint_sampler_allocator.h
[100.314s] -- Installing: /home/robomaven/ws/ws_moveit2/install/moveit_core/include/moveit/constraint_samplers/union_constraint_sampler.h
[100.314s] -- Installing: /home/robomaven/ws/ws_moveit2/install/moveit_core/include/moveit/constraint_samplers/constraint_sampler_tools.h
[100.314s] -- Installing: /home/robomaven/ws/ws_moveit2/install/moveit_core/include/moveit/constraint_samplers/constraint_sampler_manager.h
[100.314s] -- Up-to-date: /home/robomaven/ws/ws_moveit2/install/moveit_core/include
[100.314s] -- Up-to-date: /home/robomaven/ws/ws_moveit2/install/moveit_core/include/moveit
[100.314s] -- Installing: /home/robomaven/ws/ws_moveit2/install/moveit_core/include/moveit/controller_manager
[100.314s] -- Installing: /home/robomaven/ws/ws_moveit2/install/moveit_core/include/moveit/controller_manager/controller_manager.h
[100.314s] -- Up-to-date: /home/robomaven/ws/ws_moveit2/install/moveit_core/include
[100.314s] -- Up-to-date: /home/robomaven/ws/ws_moveit2/install/moveit_core/include/moveit
[100.314s] -- Installing: /home/robomaven/ws/ws_moveit2/install/moveit_core/include/moveit/distance_field
[100.315s] -- Installing: /home/robomaven/ws/ws_moveit2/install/moveit_core/include/moveit/distance_field/find_internal_points.h
[100.315s] -- Installing: /home/robomaven/ws/ws_moveit2/install/moveit_core/include/moveit/distance_field/propagation_distance_field.h
[100.315s] -- Installing: /home/robomaven/ws/ws_moveit2/install/moveit_core/include/moveit/distance_field/voxel_grid.h
[100.315s] -- Installing: /home/robomaven/ws/ws_moveit2/install/moveit_core/include/moveit/distance_field/distance_field.h
[100.315s] -- Up-to-date: /home/robomaven/ws/ws_moveit2/install/moveit_core/include
[100.315s] -- Up-to-date: /home/robomaven/ws/ws_moveit2/install/moveit_core/include/moveit
[100.315s] -- Installing: /home/robomaven/ws/ws_moveit2/install/moveit_core/include/moveit/dynamics_solver
[100.315s] -- Installing: /home/robomaven/ws/ws_moveit2/install/moveit_core/include/moveit/dynamics_solver/dynamics_solver.h
[100.315s] -- Up-to-date: /home/robomaven/ws/ws_moveit2/install/moveit_core/include
[100.315s] -- Up-to-date: /home/robomaven/ws/ws_moveit2/install/moveit_core/include/moveit
[100.315s] -- Installing: /home/robomaven/ws/ws_moveit2/install/moveit_core/include/moveit/exceptions
[100.315s] -- Installing: /home/robomaven/ws/ws_moveit2/install/moveit_core/include/moveit/exceptions/exceptions.h
[100.315s] -- Up-to-date: /home/robomaven/ws/ws_moveit2/install/moveit_core/include
[100.315s] -- Up-to-date: /home/robomaven/ws/ws_moveit2/install/moveit_core/include/moveit
[100.315s] -- Installing: /home/robomaven/ws/ws_moveit2/install/moveit_core/include/moveit/kinematics_base
[100.315s] -- Installing: /home/robomaven/ws/ws_moveit2/install/moveit_core/include/moveit/kinematics_base/kinematics_base.h
[100.316s] -- Installing: /home/robomaven/ws/ws_moveit2/install/moveit_core/include/moveit_kinematics_base_export.h
[100.316s] -- Up-to-date: /home/robomaven/ws/ws_moveit2/install/moveit_core/include
[100.316s] -- Up-to-date: /home/robomaven/ws/ws_moveit2/install/moveit_core/include/moveit
[100.316s] -- Installing: /home/robomaven/ws/ws_moveit2/install/moveit_core/include/moveit/kinematic_constraints
[100.316s] -- Installing: /home/robomaven/ws/ws_moveit2/install/moveit_core/include/moveit/kinematic_constraints/kinematic_constraint.h
[100.316s] -- Installing: /home/robomaven/ws/ws_moveit2/install/moveit_core/include/moveit/kinematic_constraints/utils.h
[100.316s] -- Up-to-date: /home/robomaven/ws/ws_moveit2/install/moveit_core/include
[100.316s] -- Up-to-date: /home/robomaven/ws/ws_moveit2/install/moveit_core/include/moveit
[100.316s] -- Installing: /home/robomaven/ws/ws_moveit2/install/moveit_core/include/moveit/kinematics_metrics
[100.316s] -- Installing: /home/robomaven/ws/ws_moveit2/install/moveit_core/include/moveit/kinematics_metrics/kinematics_metrics.h
[100.316s] -- Up-to-date: /home/robomaven/ws/ws_moveit2/install/moveit_core/include
[100.316s] -- Up-to-date: /home/robomaven/ws/ws_moveit2/install/moveit_core/include/moveit
[100.316s] -- Installing: /home/robomaven/ws/ws_moveit2/install/moveit_core/include/moveit/macros
[100.316s] -- Installing: /home/robomaven/ws/ws_moveit2/install/moveit_core/include/moveit/macros/class_forward.h
[100.316s] -- Installing: /home/robomaven/ws/ws_moveit2/install/moveit_core/include/moveit/macros/console_colors.h
[100.316s] -- Installing: /home/robomaven/ws/ws_moveit2/install/moveit_core/include/moveit/macros/declare_ptr.h
[100.317s] -- Installing: /home/robomaven/ws/ws_moveit2/install/moveit_core/include/moveit/macros/deprecation.h
[100.317s] -- Installing: /home/robomaven/ws/ws_moveit2/install/moveit_core/include/moveit_butterworth_parameters
[100.317s] -- Installing: /home/robomaven/ws/ws_moveit2/install/moveit_core/include/moveit_butterworth_parameters/moveit_butterworth_parameters.hpp
[100.317s] -- Up-to-date: /home/robomaven/ws/ws_moveit2/install/moveit_core/include
[100.317s] -- Up-to-date: /home/robomaven/ws/ws_moveit2/install/moveit_core/include/moveit
[100.317s] -- Installing: /home/robomaven/ws/ws_moveit2/install/moveit_core/include/moveit/online_signal_smoothing
[100.317s] -- Installing: /home/robomaven/ws/ws_moveit2/install/moveit_core/include/moveit/online_signal_smoothing/smoothing_base_class.h
[100.317s] -- Installing: /home/robomaven/ws/ws_moveit2/install/moveit_core/include/moveit/online_signal_smoothing/butterworth_filter.h
[100.317s] -- Installing: /home/robomaven/ws/ws_moveit2/install/moveit_core/include/moveit_smoothing_base_export.h
[100.317s] -- Installing: /home/robomaven/ws/ws_moveit2/install/moveit_core/include/moveit_butterworth_filter_export.h
[100.317s] -- Up-to-date: /home/robomaven/ws/ws_moveit2/install/moveit_core/include
[100.317s] -- Up-to-date: /home/robomaven/ws/ws_moveit2/install/moveit_core/include/moveit
[100.317s] -- Installing: /home/robomaven/ws/ws_moveit2/install/moveit_core/include/moveit/planning_interface
[100.317s] -- Installing: /home/robomaven/ws/ws_moveit2/install/moveit_core/include/moveit/planning_interface/planning_request.h
[100.317s] -- Installing: /home/robomaven/ws/ws_moveit2/install/moveit_core/include/moveit/planning_interface/planning_response.h
[100.318s] -- Installing: /home/robomaven/ws/ws_moveit2/install/moveit_core/include/moveit/planning_interface/planning_interface.h
[100.318s] -- Up-to-date: /home/robomaven/ws/ws_moveit2/install/moveit_core/include
[100.318s] -- Up-to-date: /home/robomaven/ws/ws_moveit2/install/moveit_core/include/moveit
[100.318s] -- Installing: /home/robomaven/ws/ws_moveit2/install/moveit_core/include/moveit/planning_request_adapter
[100.318s] -- Installing: /home/robomaven/ws/ws_moveit2/install/moveit_core/include/moveit/planning_request_adapter/planning_request_adapter.h
[100.318s] -- Up-to-date: /home/robomaven/ws/ws_moveit2/install/moveit_core/include
[100.318s] -- Up-to-date: /home/robomaven/ws/ws_moveit2/install/moveit_core/include/moveit
[100.318s] -- Installing: /home/robomaven/ws/ws_moveit2/install/moveit_core/include/moveit/planning_scene
[100.318s] -- Installing: /home/robomaven/ws/ws_moveit2/install/moveit_core/include/moveit/planning_scene/planning_scene.h
[100.318s] -- Installing: /home/robomaven/ws/ws_moveit2/install/moveit_core/include/moveit_planning_scene_export.h
[100.318s] -- Up-to-date: /home/robomaven/ws/ws_moveit2/install/moveit_core/include
[100.318s] -- Up-to-date: /home/robomaven/ws/ws_moveit2/install/moveit_core/include/moveit
[100.318s] -- Installing: /home/robomaven/ws/ws_moveit2/install/moveit_core/include/moveit/robot_model
[100.318s] -- Installing: /home/robomaven/ws/ws_moveit2/install/moveit_core/include/moveit/robot_model/joint_model.h
[100.319s] -- Installing: /home/robomaven/ws/ws_moveit2/install/moveit_core/include/moveit/robot_model/planar_joint_model.h
[100.319s] -- Installing: /home/robomaven/ws/ws_moveit2/install/moveit_core/include/moveit/robot_model/aabb.h
[100.319s] -- Installing: /home/robomaven/ws/ws_moveit2/install/moveit_core/include/moveit/robot_model/revolute_joint_model.h
[100.319s] -- Installing: /home/robomaven/ws/ws_moveit2/install/moveit_core/include/moveit/robot_model/link_model.h
[100.319s] -- Installing: /home/robomaven/ws/ws_moveit2/install/moveit_core/include/moveit/robot_model/joint_model_group.h
[100.319s] -- Installing: /home/robomaven/ws/ws_moveit2/install/moveit_core/include/moveit/robot_model/floating_joint_model.h
[100.319s] -- Installing: /home/robomaven/ws/ws_moveit2/install/moveit_core/include/moveit/robot_model/robot_model.h
[100.319s] -- Installing: /home/robomaven/ws/ws_moveit2/install/moveit_core/include/moveit/robot_model/fixed_joint_model.h
[100.319s] -- Installing: /home/robomaven/ws/ws_moveit2/install/moveit_core/include/moveit/robot_model/prismatic_joint_model.h
[100.319s] -- Up-to-date: /home/robomaven/ws/ws_moveit2/install/moveit_core/include
[100.319s] -- Up-to-date: /home/robomaven/ws/ws_moveit2/install/moveit_core/include/moveit
[100.319s] -- Installing: /home/robomaven/ws/ws_moveit2/install/moveit_core/include/moveit/robot_state
[100.319s] -- Installing: /home/robomaven/ws/ws_moveit2/install/moveit_core/include/moveit/robot_state/conversions.h
[100.320s] -- Installing: /home/robomaven/ws/ws_moveit2/install/moveit_core/include/moveit/robot_state/cartesian_interpolator.h
[100.320s] -- Installing: /home/robomaven/ws/ws_moveit2/install/moveit_core/include/moveit/robot_state/attached_body.h
[100.320s] -- Installing: /home/robomaven/ws/ws_moveit2/install/moveit_core/include/moveit/robot_state/robot_state.h
[100.320s] -- Up-to-date: /home/robomaven/ws/ws_moveit2/install/moveit_core/include
[100.320s] -- Up-to-date: /home/robomaven/ws/ws_moveit2/install/moveit_core/include/moveit
[100.320s] -- Installing: /home/robomaven/ws/ws_moveit2/install/moveit_core/include/moveit/robot_trajectory
[100.320s] -- Installing: /home/robomaven/ws/ws_moveit2/install/moveit_core/include/moveit/robot_trajectory/robot_trajectory.h
[100.320s] -- Up-to-date: /home/robomaven/ws/ws_moveit2/install/moveit_core/include
[100.320s] -- Up-to-date: /home/robomaven/ws/ws_moveit2/install/moveit_core/include/moveit
[100.320s] -- Installing: /home/robomaven/ws/ws_moveit2/install/moveit_core/include/moveit/sensor_manager
[100.320s] -- Installing: /home/robomaven/ws/ws_moveit2/install/moveit_core/include/moveit/sensor_manager/sensor_manager.h
[100.320s] -- Up-to-date: /home/robomaven/ws/ws_moveit2/install/moveit_core/include
[100.320s] -- Up-to-date: /home/robomaven/ws/ws_moveit2/install/moveit_core/include/moveit
[100.320s] -- Installing: /home/robomaven/ws/ws_moveit2/install/moveit_core/include/moveit/trajectory_processing
[100.320s] -- Installing: /home/robomaven/ws/ws_moveit2/install/moveit_core/include/moveit/trajectory_processing/trajectory_tools.h
[100.321s] -- Installing: /home/robomaven/ws/ws_moveit2/install/moveit_core/include/moveit/trajectory_processing/ruckig_traj_smoothing.h
[100.321s] -- Installing: /home/robomaven/ws/ws_moveit2/install/moveit_core/include/moveit/trajectory_processing/iterative_time_parameterization.h
[100.321s] -- Installing: /home/robomaven/ws/ws_moveit2/install/moveit_core/include/moveit/trajectory_processing/iterative_spline_parameterization.h
[100.321s] -- Installing: /home/robomaven/ws/ws_moveit2/install/moveit_core/include/moveit/trajectory_processing/time_parameterization.h
[100.321s] -- Installing: /home/robomaven/ws/ws_moveit2/install/moveit_core/include/moveit/trajectory_processing/time_optimal_trajectory_generation.h
[100.321s] -- Up-to-date: /home/robomaven/ws/ws_moveit2/install/moveit_core/include
[100.321s] -- Up-to-date: /home/robomaven/ws/ws_moveit2/install/moveit_core/include/moveit
[100.321s] -- Installing: /home/robomaven/ws/ws_moveit2/install/moveit_core/include/moveit/transforms
[100.321s] -- Installing: /home/robomaven/ws/ws_moveit2/install/moveit_core/include/moveit/transforms/transforms.h
[100.321s] -- Up-to-date: /home/robomaven/ws/ws_moveit2/install/moveit_core/include
[100.321s] -- Up-to-date: /home/robomaven/ws/ws_moveit2/install/moveit_core/include/moveit
[100.321s] -- Installing: /home/robomaven/ws/ws_moveit2/install/moveit_core/include/moveit/utils
[100.321s] -- Installing: /home/robomaven/ws/ws_moveit2/install/moveit_core/include/moveit/utils/message_checks.h
[100.321s] -- Installing: /home/robomaven/ws/ws_moveit2/install/moveit_core/include/moveit/utils/moveit_error_code.h
[100.321s] -- Installing: /home/robomaven/ws/ws_moveit2/install/moveit_core/include/moveit/utils/rclcpp_utils.h
[100.321s] -- Installing: /home/robomaven/ws/ws_moveit2/install/moveit_core/include/moveit/utils/robot_model_test_utils.h
[100.322s] -- Installing: /home/robomaven/ws/ws_moveit2/install/moveit_core/include/moveit/utils/lexical_casts.h
[100.322s] -- Installing: /home/robomaven/ws/ws_moveit2/install/moveit_core/bin/moveit_version
[100.322s] -- Up-to-date: /home/robomaven/ws/ws_moveit2/install/moveit_core/include
[100.322s] -- Up-to-date: /home/robomaven/ws/ws_moveit2/install/moveit_core/include/moveit
[100.322s] -- Installing: /home/robomaven/ws/ws_moveit2/install/moveit_core/include/moveit/collision_detection
[100.322s] -- Installing: /home/robomaven/ws/ws_moveit2/install/moveit_core/include/moveit/collision_detection/collision_detector_allocator.h
[100.322s] -- Installing: /home/robomaven/ws/ws_moveit2/install/moveit_core/include/moveit/collision_detection/world_diff.h
[100.322s] -- Installing: /home/robomaven/ws/ws_moveit2/install/moveit_core/include/moveit/collision_detection/world.h
[100.322s] -- Installing: /home/robomaven/ws/ws_moveit2/install/moveit_core/include/moveit/collision_detection/test_collision_common_pr2.h
[100.322s] -- Installing: /home/robomaven/ws/ws_moveit2/install/moveit_core/include/moveit/collision_detection/collision_tools.h
[100.322s] -- Installing: /home/robomaven/ws/ws_moveit2/install/moveit_core/include/moveit/collision_detection/occupancy_map.h
[100.322s] -- Installing: /home/robomaven/ws/ws_moveit2/install/moveit_core/include/moveit/collision_detection/collision_env.h
[100.322s] -- Installing: /home/robomaven/ws/ws_moveit2/install/moveit_core/include/moveit/collision_detection/test_collision_common_panda.h
[100.322s] -- Installing: /home/robomaven/ws/ws_moveit2/install/moveit_core/include/moveit/collision_detection/collision_plugin_cache.h
[100.323s] -- Installing: /home/robomaven/ws/ws_moveit2/install/moveit_core/include/moveit/collision_detection/collision_common.h
[100.323s] -- Installing: /home/robomaven/ws/ws_moveit2/install/moveit_core/include/moveit/collision_detection/collision_matrix.h
[100.323s] -- Installing: /home/robomaven/ws/ws_moveit2/install/moveit_core/include/moveit/collision_detection/allvalid
[100.323s] -- Installing: /home/robomaven/ws/ws_moveit2/install/moveit_core/include/moveit/collision_detection/allvalid/collision_detector_allocator_allvalid.h
[100.323s] -- Installing: /home/robomaven/ws/ws_moveit2/install/moveit_core/include/moveit/collision_detection/allvalid/collision_env_allvalid.h
[100.323s] -- Installing: /home/robomaven/ws/ws_moveit2/install/moveit_core/include/moveit/collision_detection/collision_octomap_filter.h
[100.323s] -- Installing: /home/robomaven/ws/ws_moveit2/install/moveit_core/include/moveit/collision_detection/collision_plugin.h
[100.323s] -- Installing: /home/robomaven/ws/ws_moveit2/install/moveit_core/include/moveit_collision_detection_export.h
[100.323s] -- Up-to-date: /home/robomaven/ws/ws_moveit2/install/moveit_core/include
[100.323s] -- Up-to-date: /home/robomaven/ws/ws_moveit2/install/moveit_core/include/moveit
[100.323s] -- Installing: /home/robomaven/ws/ws_moveit2/install/moveit_core/include/moveit/collision_detection_bullet
[100.323s] -- Installing: /home/robomaven/ws/ws_moveit2/install/moveit_core/include/moveit/collision_detection_bullet/collision_detector_bullet_plugin_loader.h
[100.323s] -- Installing: /home/robomaven/ws/ws_moveit2/install/moveit_core/include/moveit/collision_detection_bullet/collision_env_bullet.h
[100.323s] -- Installing: /home/robomaven/ws/ws_moveit2/install/moveit_core/include/moveit/collision_detection_bullet/collision_detector_allocator_bullet.h
[100.323s] -- Installing: /home/robomaven/ws/ws_moveit2/install/moveit_core/include/moveit/collision_detection_bullet/bullet_integration
[100.323s] -- Installing: /home/robomaven/ws/ws_moveit2/install/moveit_core/include/moveit/collision_detection_bullet/bullet_integration/contact_checker_common.h
[100.323s] -- Installing: /home/robomaven/ws/ws_moveit2/install/moveit_core/include/moveit/collision_detection_bullet/bullet_integration/bullet_utils.h
[100.323s] -- Installing: /home/robomaven/ws/ws_moveit2/install/moveit_core/include/moveit/collision_detection_bullet/bullet_integration/bullet_cast_bvh_manager.h
[100.323s] -- Installing: /home/robomaven/ws/ws_moveit2/install/moveit_core/include/moveit/collision_detection_bullet/bullet_integration/bullet_discrete_bvh_manager.h
[100.324s] -- Installing: /home/robomaven/ws/ws_moveit2/install/moveit_core/include/moveit/collision_detection_bullet/bullet_integration/basic_types.h
[100.324s] -- Installing: /home/robomaven/ws/ws_moveit2/install/moveit_core/include/moveit/collision_detection_bullet/bullet_integration/bullet_bvh_manager.h
[100.324s] -- Installing: /home/robomaven/ws/ws_moveit2/install/moveit_core/include/moveit/collision_detection_bullet/bullet_integration/ros_bullet_utils.h
[100.324s] -- Installing: /home/robomaven/ws/ws_moveit2/install/moveit_core/include/moveit_collision_detection_bullet_export.h
[100.324s] -- Up-to-date: /home/robomaven/ws/ws_moveit2/install/moveit_core/include
[100.324s] -- Up-to-date: /home/robomaven/ws/ws_moveit2/install/moveit_core/include/moveit
[100.324s] -- Installing: /home/robomaven/ws/ws_moveit2/install/moveit_core/include/moveit/collision_detection_fcl
[100.324s] -- Installing: /home/robomaven/ws/ws_moveit2/install/moveit_core/include/moveit/collision_detection_fcl/collision_env_fcl.h
[100.324s] -- Installing: /home/robomaven/ws/ws_moveit2/install/moveit_core/include/moveit/collision_detection_fcl/collision_common.h
[100.324s] -- Installing: /home/robomaven/ws/ws_moveit2/install/moveit_core/include/moveit/collision_detection_fcl/fcl_compat.h
[100.324s] -- Installing: /home/robomaven/ws/ws_moveit2/install/moveit_core/include/moveit/collision_detection_fcl/collision_detector_allocator_fcl.h
[100.324s] -- Installing: /home/robomaven/ws/ws_moveit2/install/moveit_core/include/moveit/collision_detection_fcl/collision_detector_fcl_plugin_loader.h
[100.324s] -- Installing: /home/robomaven/ws/ws_moveit2/install/moveit_core/include/moveit_collision_detection_fcl_export.h
[100.324s] -- Installing: /home/robomaven/ws/ws_moveit2/install/moveit_core/lib/libcollision_detector_bullet_plugin.so.2.5.5
[100.324s] -- Set runtime path of "/home/robomaven/ws/ws_moveit2/install/moveit_core/lib/libcollision_detector_bullet_plugin.so.2.5.5" to ""
[100.324s] -- Installing: /home/robomaven/ws/ws_moveit2/install/moveit_core/lib/libcollision_detector_bullet_plugin.so
[100.325s] -- Installing: /home/robomaven/ws/ws_moveit2/install/moveit_core/lib/libmoveit_butterworth_filter.so.2.5.5
[100.325s] -- Set runtime path of "/home/robomaven/ws/ws_moveit2/install/moveit_core/lib/libmoveit_butterworth_filter.so.2.5.5" to ""
[100.325s] -- Installing: /home/robomaven/ws/ws_moveit2/install/moveit_core/lib/libmoveit_butterworth_filter.so
[100.325s] -- Installing: /home/robomaven/ws/ws_moveit2/install/moveit_core/lib/libmoveit_collision_distance_field.so.2.5.5
[100.325s] -- Set runtime path of "/home/robomaven/ws/ws_moveit2/install/moveit_core/lib/libmoveit_collision_distance_field.so.2.5.5" to ""
[100.325s] -- Installing: /home/robomaven/ws/ws_moveit2/install/moveit_core/lib/libmoveit_collision_distance_field.so
[100.325s] -- Installing: /home/robomaven/ws/ws_moveit2/install/moveit_core/lib/libmoveit_collision_detection.so.2.5.5
[100.326s] -- Set runtime path of "/home/robomaven/ws/ws_moveit2/install/moveit_core/lib/libmoveit_collision_detection.so.2.5.5" to ""
[100.326s] -- Installing: /home/robomaven/ws/ws_moveit2/install/moveit_core/lib/libmoveit_collision_detection.so
[100.326s] -- Installing: /home/robomaven/ws/ws_moveit2/install/moveit_core/lib/libmoveit_collision_detection_fcl.so.2.5.5
[100.326s] -- Set runtime path of "/home/robomaven/ws/ws_moveit2/install/moveit_core/lib/libmoveit_collision_detection_fcl.so.2.5.5" to ""
[100.326s] -- Installing: /home/robomaven/ws/ws_moveit2/install/moveit_core/lib/libmoveit_collision_detection_fcl.so
[100.326s] -- Installing: /home/robomaven/ws/ws_moveit2/install/moveit_core/lib/libmoveit_collision_detection_bullet.so.2.5.5
[100.327s] -- Set runtime path of "/home/robomaven/ws/ws_moveit2/install/moveit_core/lib/libmoveit_collision_detection_bullet.so.2.5.5" to ""
[100.327s] -- Installing: /home/robomaven/ws/ws_moveit2/install/moveit_core/lib/libmoveit_collision_detection_bullet.so
[100.327s] -- Installing: /home/robomaven/ws/ws_moveit2/install/moveit_core/lib/libmoveit_dynamics_solver.so.2.5.5
[100.327s] -- Set runtime path of "/home/robomaven/ws/ws_moveit2/install/moveit_core/lib/libmoveit_dynamics_solver.so.2.5.5" to ""
[100.327s] -- Installing: /home/robomaven/ws/ws_moveit2/install/moveit_core/lib/libmoveit_dynamics_solver.so
[100.327s] -- Installing: /home/robomaven/ws/ws_moveit2/install/moveit_core/lib/libmoveit_constraint_samplers.so.2.5.5
[100.327s] -- Set runtime path of "/home/robomaven/ws/ws_moveit2/install/moveit_core/lib/libmoveit_constraint_samplers.so.2.5.5" to ""
[100.327s] -- Installing: /home/robomaven/ws/ws_moveit2/install/moveit_core/lib/libmoveit_constraint_samplers.so
[100.327s] -- Installing: /home/robomaven/ws/ws_moveit2/install/moveit_core/lib/libmoveit_distance_field.so.2.5.5
[100.328s] -- Set runtime path of "/home/robomaven/ws/ws_moveit2/install/moveit_core/lib/libmoveit_distance_field.so.2.5.5" to ""
[100.328s] -- Installing: /home/robomaven/ws/ws_moveit2/install/moveit_core/lib/libmoveit_distance_field.so
[100.328s] -- Installing: /home/robomaven/ws/ws_moveit2/install/moveit_core/lib/libmoveit_exceptions.so.2.5.5
[100.328s] -- Set runtime path of "/home/robomaven/ws/ws_moveit2/install/moveit_core/lib/libmoveit_exceptions.so.2.5.5" to ""
[100.328s] -- Installing: /home/robomaven/ws/ws_moveit2/install/moveit_core/lib/libmoveit_exceptions.so
[100.328s] -- Installing: /home/robomaven/ws/ws_moveit2/install/moveit_core/lib/libmoveit_kinematics_base.so
[100.328s] -- Set runtime path of "/home/robomaven/ws/ws_moveit2/install/moveit_core/lib/libmoveit_kinematics_base.so" to ""
[100.328s] -- Installing: /home/robomaven/ws/ws_moveit2/install/moveit_core/lib/libmoveit_kinematic_constraints.so.2.5.5
[100.328s] -- Set runtime path of "/home/robomaven/ws/ws_moveit2/install/moveit_core/lib/libmoveit_kinematic_constraints.so.2.5.5" to ""
[100.328s] -- Installing: /home/robomaven/ws/ws_moveit2/install/moveit_core/lib/libmoveit_kinematic_constraints.so
[100.328s] -- Installing: /home/robomaven/ws/ws_moveit2/install/moveit_core/lib/libmoveit_kinematics_metrics.so.2.5.5
[100.329s] -- Set runtime path of "/home/robomaven/ws/ws_moveit2/install/moveit_core/lib/libmoveit_kinematics_metrics.so.2.5.5" to ""
[100.329s] -- Installing: /home/robomaven/ws/ws_moveit2/install/moveit_core/lib/libmoveit_kinematics_metrics.so
[100.329s] -- Installing: /home/robomaven/ws/ws_moveit2/install/moveit_core/lib/libmoveit_planning_interface.so.2.5.5
[100.329s] -- Set runtime path of "/home/robomaven/ws/ws_moveit2/install/moveit_core/lib/libmoveit_planning_interface.so.2.5.5" to ""
[100.329s] -- Installing: /home/robomaven/ws/ws_moveit2/install/moveit_core/lib/libmoveit_planning_interface.so
[100.329s] -- Installing: /home/robomaven/ws/ws_moveit2/install/moveit_core/lib/libmoveit_planning_scene.so.2.5.5
[100.329s] -- Set runtime path of "/home/robomaven/ws/ws_moveit2/install/moveit_core/lib/libmoveit_planning_scene.so.2.5.5" to ""
[100.329s] -- Installing: /home/robomaven/ws/ws_moveit2/install/moveit_core/lib/libmoveit_planning_scene.so
[100.329s] -- Installing: /home/robomaven/ws/ws_moveit2/install/moveit_core/lib/libmoveit_planning_request_adapter.so.2.5.5
[100.329s] -- Set runtime path of "/home/robomaven/ws/ws_moveit2/install/moveit_core/lib/libmoveit_planning_request_adapter.so.2.5.5" to ""
[100.330s] -- Installing: /home/robomaven/ws/ws_moveit2/install/moveit_core/lib/libmoveit_planning_request_adapter.so
[100.330s] -- Installing: /home/robomaven/ws/ws_moveit2/install/moveit_core/lib/libmoveit_robot_model.so.2.5.5
[100.330s] -- Set runtime path of "/home/robomaven/ws/ws_moveit2/install/moveit_core/lib/libmoveit_robot_model.so.2.5.5" to ""
[100.330s] -- Installing: /home/robomaven/ws/ws_moveit2/install/moveit_core/lib/libmoveit_robot_model.so
[100.330s] -- Installing: /home/robomaven/ws/ws_moveit2/install/moveit_core/lib/libmoveit_robot_state.so.2.5.5
[100.331s] -- Set runtime path of "/home/robomaven/ws/ws_moveit2/install/moveit_core/lib/libmoveit_robot_state.so.2.5.5" to ""
[100.331s] -- Installing: /home/robomaven/ws/ws_moveit2/install/moveit_core/lib/libmoveit_robot_state.so
[100.331s] -- Installing: /home/robomaven/ws/ws_moveit2/install/moveit_core/lib/libmoveit_robot_trajectory.so.2.5.5
[100.331s] -- Set runtime path of "/home/robomaven/ws/ws_moveit2/install/moveit_core/lib/libmoveit_robot_trajectory.so.2.5.5" to ""
[100.331s] -- Installing: /home/robomaven/ws/ws_moveit2/install/moveit_core/lib/libmoveit_robot_trajectory.so
[100.331s] -- Installing: /home/robomaven/ws/ws_moveit2/install/moveit_core/lib/libmoveit_smoothing_base.so.2.5.5
[100.331s] -- Set runtime path of "/home/robomaven/ws/ws_moveit2/install/moveit_core/lib/libmoveit_smoothing_base.so.2.5.5" to ""
[100.331s] -- Installing: /home/robomaven/ws/ws_moveit2/install/moveit_core/lib/libmoveit_smoothing_base.so
[100.331s] -- Installing: /home/robomaven/ws/ws_moveit2/install/moveit_core/lib/libmoveit_test_utils.so.2.5.5
[100.331s] -- Set runtime path of "/home/robomaven/ws/ws_moveit2/install/moveit_core/lib/libmoveit_test_utils.so.2.5.5" to ""
[100.331s] -- Installing: /home/robomaven/ws/ws_moveit2/install/moveit_core/lib/libmoveit_test_utils.so
[100.331s] -- Installing: /home/robomaven/ws/ws_moveit2/install/moveit_core/lib/libmoveit_trajectory_processing.so.2.5.5
[100.332s] -- Set runtime path of "/home/robomaven/ws/ws_moveit2/install/moveit_core/lib/libmoveit_trajectory_processing.so.2.5.5" to ""
[100.332s] -- Installing: /home/robomaven/ws/ws_moveit2/install/moveit_core/lib/libmoveit_trajectory_processing.so
[100.332s] -- Installing: /home/robomaven/ws/ws_moveit2/install/moveit_core/lib/libmoveit_transforms.so.2.5.5
[100.332s] -- Set runtime path of "/home/robomaven/ws/ws_moveit2/install/moveit_core/lib/libmoveit_transforms.so.2.5.5" to ""
[100.332s] -- Installing: /home/robomaven/ws/ws_moveit2/install/moveit_core/lib/libmoveit_transforms.so
[100.332s] -- Installing: /home/robomaven/ws/ws_moveit2/install/moveit_core/lib/libmoveit_utils.so.2.5.5
[100.332s] -- Set runtime path of "/home/robomaven/ws/ws_moveit2/install/moveit_core/lib/libmoveit_utils.so.2.5.5" to ""
[100.332s] -- Installing: /home/robomaven/ws/ws_moveit2/install/moveit_core/lib/libmoveit_utils.so
[100.332s] -- Installing: /home/robomaven/ws/ws_moveit2/install/moveit_core/share/moveit_core/environment/library_path.sh
[100.332s] -- Installing: /home/robomaven/ws/ws_moveit2/install/moveit_core/share/moveit_core/environment/library_path.dsv
[100.332s] -- Installing: /home/robomaven/ws/ws_moveit2/install/moveit_core/share/moveit_core/collision_detector_fcl_description.xml
[100.332s] -- Installing: /home/robomaven/ws/ws_moveit2/install/moveit_core/share/moveit_core/collision_detector_bullet_description.xml
[100.332s] -- Installing: /home/robomaven/ws/ws_moveit2/install/moveit_core/share/moveit_core/filter_plugin_butterworth.xml
[100.332s] -- Installing: /home/robomaven/ws/ws_moveit2/install/moveit_core/share/ament_index/resource_index/package_run_dependencies/moveit_core
[100.332s] -- Installing: /home/robomaven/ws/ws_moveit2/install/moveit_core/share/ament_index/resource_index/parent_prefix_path/moveit_core
[100.332s] -- Installing: /home/robomaven/ws/ws_moveit2/install/moveit_core/share/moveit_core/environment/ament_prefix_path.sh
[100.333s] -- Installing: /home/robomaven/ws/ws_moveit2/install/moveit_core/share/moveit_core/environment/ament_prefix_path.dsv
[100.333s] -- Installing: /home/robomaven/ws/ws_moveit2/install/moveit_core/share/moveit_core/environment/path.sh
[100.333s] -- Installing: /home/robomaven/ws/ws_moveit2/install/moveit_core/share/moveit_core/environment/path.dsv
[100.333s] -- Installing: /home/robomaven/ws/ws_moveit2/install/moveit_core/share/moveit_core/local_setup.bash
[100.333s] -- Installing: /home/robomaven/ws/ws_moveit2/install/moveit_core/share/moveit_core/local_setup.sh
[100.333s] -- Installing: /home/robomaven/ws/ws_moveit2/install/moveit_core/share/moveit_core/local_setup.zsh
[100.333s] -- Installing: /home/robomaven/ws/ws_moveit2/install/moveit_core/share/moveit_core/local_setup.dsv
[100.333s] -- Installing: /home/robomaven/ws/ws_moveit2/install/moveit_core/share/moveit_core/package.dsv
[100.333s] -- Installing: /home/robomaven/ws/ws_moveit2/install/moveit_core/share/ament_index/resource_index/packages/moveit_core
[100.333s] -- Installing: /home/robomaven/ws/ws_moveit2/install/moveit_core/share/ament_index/resource_index/moveit_core__pluginlib__plugin/moveit_core
[100.333s] -- Installing: /home/robomaven/ws/ws_moveit2/install/moveit_core/share/moveit_core/cmake/export_moveit_coreExport.cmake
[100.333s] -- Installing: /home/robomaven/ws/ws_moveit2/install/moveit_core/share/moveit_core/cmake/export_moveit_coreExport-release.cmake
[100.333s] -- Installing: /home/robomaven/ws/ws_moveit2/install/moveit_core/share/moveit_core/cmake/ConfigExtras.cmake
[100.333s] -- Installing: /home/robomaven/ws/ws_moveit2/install/moveit_core/share/moveit_core/cmake/ament_cmake_export_targets-extras.cmake
[100.333s] -- Installing: /home/robomaven/ws/ws_moveit2/install/moveit_core/share/moveit_core/cmake/ament_cmake_export_dependencies-extras.cmake
[100.333s] -- Installing: /home/robomaven/ws/ws_moveit2/install/moveit_core/share/moveit_core/cmake/moveit_coreConfig.cmake
[100.333s] -- Installing: /home/robomaven/ws/ws_moveit2/install/moveit_core/share/moveit_core/cmake/moveit_coreConfig-version.cmake
[100.333s] -- Installing: /home/robomaven/ws/ws_moveit2/install/moveit_core/share/moveit_core/package.xml
[100.335s] Invoked command in '/home/robomaven/ws/ws_moveit2/build/moveit_core' returned '0': AMENT_PREFIX_PATH=/home/robomaven/ws/ws_moveit2/install/moveit_resources_panda_moveit_config:/home/robomaven/ws/ws_moveit2/install/srdfdom:/home/robomaven/ws/ws_moveit2/install/moveit_resources_pr2_description:/home/robomaven/ws/ws_moveit2/install/moveit_resources_panda_description:/home/robomaven/ws/ws_moveit2/install/moveit_common:${AMENT_PREFIX_PATH} CMAKE_PREFIX_PATH=/home/robomaven/ws/ws_moveit2/install/moveit_resources_panda_moveit_config:/home/robomaven/ws/ws_moveit2/install/srdfdom:/home/robomaven/ws/ws_moveit2/install/moveit_resources_pr2_description:/home/robomaven/ws/ws_moveit2/install/moveit_resources_panda_description:/home/robomaven/ws/ws_moveit2/install/moveit_common:/opt/ros/humble LD_LIBRARY_PATH=/home/robomaven/ws/ws_moveit2/install/srdfdom/lib:/usr/lib/x86_64-linux-gnu/gazebo-11/plugins:/opt/ros/humble/opt/rviz_ogre_vendor/lib:/opt/ros/humble/lib/x86_64-linux-gnu:/opt/ros/humble/lib:/usr/share/gazebo/../../lib/x86_64-linux-gnu/gazebo-11/plugins PYTHONPATH=/home/robomaven/ws/ws_moveit2/install/srdfdom/local/lib/python3.10/dist-packages:${PYTHONPATH} /usr/bin/cmake --install /home/robomaven/ws/ws_moveit2/build/moveit_core
