[0.395s] Invoking command in '/home/robomaven/activity1_ws/src/activity1_py_pkg': PYTHONPATH=/home/robomaven/activity1_ws/build/activity1_py_pkg/prefix_override:/home/robomaven/activity1_ws/install/activity1_py_pkg/lib/python3.10/site-packages:${PYTHONPATH} /usr/bin/python3 -W ignore:setup.py install is deprecated setup.py egg_info --egg-base ../../build/activity1_py_pkg build --build-base /home/robomaven/activity1_ws/build/activity1_py_pkg/build install --record /home/robomaven/activity1_ws/build/activity1_py_pkg/install.log --single-version-externally-managed install_data
[0.540s] running egg_info
[0.541s] creating ../../build/activity1_py_pkg/activity1_py_pkg.egg-info
[0.541s] writing ../../build/activity1_py_pkg/activity1_py_pkg.egg-info/PKG-INFO
[0.541s] writing dependency_links to ../../build/activity1_py_pkg/activity1_py_pkg.egg-info/dependency_links.txt
[0.541s] writing entry points to ../../build/activity1_py_pkg/activity1_py_pkg.egg-info/entry_points.txt
[0.541s] writing requirements to ../../build/activity1_py_pkg/activity1_py_pkg.egg-info/requires.txt
[0.541s] writing top-level names to ../../build/activity1_py_pkg/activity1_py_pkg.egg-info/top_level.txt
[0.541s] writing manifest file '../../build/activity1_py_pkg/activity1_py_pkg.egg-info/SOURCES.txt'
[0.542s] reading manifest file '../../build/activity1_py_pkg/activity1_py_pkg.egg-info/SOURCES.txt'
[0.542s] writing manifest file '../../build/activity1_py_pkg/activity1_py_pkg.egg-info/SOURCES.txt'
[0.543s] running build
[0.543s] running build_py
[0.543s] creating /home/robomaven/activity1_ws/build/activity1_py_pkg/build
[0.543s] creating /home/robomaven/activity1_ws/build/activity1_py_pkg/build/lib
[0.543s] creating /home/robomaven/activity1_ws/build/activity1_py_pkg/build/lib/activity1_py_pkg
[0.543s] copying activity1_py_pkg/__init__.py -> /home/robomaven/activity1_ws/build/activity1_py_pkg/build/lib/activity1_py_pkg
[0.543s] running install
[0.543s] running install_lib
[0.543s] creating /home/robomaven/activity1_ws/install/activity1_py_pkg/lib/python3.10/site-packages/activity1_py_pkg
[0.543s] copying /home/robomaven/activity1_ws/build/activity1_py_pkg/build/lib/activity1_py_pkg/__init__.py -> /home/robomaven/activity1_ws/install/activity1_py_pkg/lib/python3.10/site-packages/activity1_py_pkg
[0.544s] byte-compiling /home/robomaven/activity1_ws/install/activity1_py_pkg/lib/python3.10/site-packages/activity1_py_pkg/__init__.py to __init__.cpython-310.pyc
[0.544s] running install_data
[0.544s] creating /home/robomaven/activity1_ws/install/activity1_py_pkg/share/ament_index
[0.544s] creating /home/robomaven/activity1_ws/install/activity1_py_pkg/share/ament_index/resource_index
[0.544s] creating /home/robomaven/activity1_ws/install/activity1_py_pkg/share/ament_index/resource_index/packages
[0.544s] copying resource/activity1_py_pkg -> /home/robomaven/activity1_ws/install/activity1_py_pkg/share/ament_index/resource_index/packages
[0.544s] copying package.xml -> /home/robomaven/activity1_ws/install/activity1_py_pkg/share/activity1_py_pkg
[0.544s] running install_egg_info
[0.545s] Copying ../../build/activity1_py_pkg/activity1_py_pkg.egg-info to /home/robomaven/activity1_ws/install/activity1_py_pkg/lib/python3.10/site-packages/activity1_py_pkg-0.0.0-py3.10.egg-info
[0.545s] running install_scripts
[0.558s] writing list of installed files to '/home/robomaven/activity1_ws/build/activity1_py_pkg/install.log'
[0.571s] Invoked command in '/home/robomaven/activity1_ws/src/activity1_py_pkg' returned '0': PYTHONPATH=/home/robomaven/activity1_ws/build/activity1_py_pkg/prefix_override:/home/robomaven/activity1_ws/install/activity1_py_pkg/lib/python3.10/site-packages:${PYTHONPATH} /usr/bin/python3 -W ignore:setup.py install is deprecated setup.py egg_info --egg-base ../../build/activity1_py_pkg build --build-base /home/robomaven/activity1_ws/build/activity1_py_pkg/build install --record /home/robomaven/activity1_ws/build/activity1_py_pkg/install.log --single-version-externally-managed install_data
