[0.218s] Invoking command in '/home/robomaven/ws/ws_moveit2/build/moveit_resources_panda_description': CMAKE_PREFIX_PATH=${CMAKE_PREFIX_PATH}:/home/robomaven/ws/ws_moveit2/install/moveit_configs_utils:/home/robomaven/ws/ws_moveit2/install/launch_param_builder:/opt/ros/humble /usr/bin/cmake /home/robomaven/ws/ws_moveit2/moveit_resources/panda_description -DCMAKE_BUILD_TYPE=Release -DCMAKE_INSTALL_PREFIX=/home/robomaven/ws/ws_moveit2/install/moveit_resources_panda_description
[0.232s] -- Found ament_cmake: 1.3.9 (/opt/ros/humble/share/ament_cmake/cmake)
[0.376s] -- Configuring done
[0.380s] -- Generating done
[0.381s] -- Build files have been written to: /home/robomaven/ws/ws_moveit2/build/moveit_resources_panda_description
[0.390s] Invoked command in '/home/robomaven/ws/ws_moveit2/build/moveit_resources_panda_description' returned '0': CMAKE_PREFIX_PATH=${CMAKE_PREFIX_PATH}:/home/robomaven/ws/ws_moveit2/install/moveit_configs_utils:/home/robomaven/ws/ws_moveit2/install/launch_param_builder:/opt/ros/humble /usr/bin/cmake /home/robomaven/ws/ws_moveit2/moveit_resources/panda_description -DCMAKE_BUILD_TYPE=Release -DCMAKE_INSTALL_PREFIX=/home/robomaven/ws/ws_moveit2/install/moveit_resources_panda_description
[0.391s] Invoking command in '/home/robomaven/ws/ws_moveit2/build/moveit_resources_panda_description': CMAKE_PREFIX_PATH=${CMAKE_PREFIX_PATH}:/home/robomaven/ws/ws_moveit2/install/moveit_configs_utils:/home/robomaven/ws/ws_moveit2/install/launch_param_builder:/opt/ros/humble /usr/bin/cmake --build /home/robomaven/ws/ws_moveit2/build/moveit_resources_panda_description -- -j20 -l20
[0.432s] Invoked command in '/home/robomaven/ws/ws_moveit2/build/moveit_resources_panda_description' returned '0': CMAKE_PREFIX_PATH=${CMAKE_PREFIX_PATH}:/home/robomaven/ws/ws_moveit2/install/moveit_configs_utils:/home/robomaven/ws/ws_moveit2/install/launch_param_builder:/opt/ros/humble /usr/bin/cmake --build /home/robomaven/ws/ws_moveit2/build/moveit_resources_panda_description -- -j20 -l20
[0.456s] Invoking command in '/home/robomaven/ws/ws_moveit2/build/moveit_resources_panda_description': CMAKE_PREFIX_PATH=${CMAKE_PREFIX_PATH}:/home/robomaven/ws/ws_moveit2/install/moveit_configs_utils:/home/robomaven/ws/ws_moveit2/install/launch_param_builder:/opt/ros/humble /usr/bin/cmake --install /home/robomaven/ws/ws_moveit2/build/moveit_resources_panda_description
[0.462s] -- Install configuration: "Release"
[0.463s] -- Up-to-date: /home/robomaven/ws/ws_moveit2/install/moveit_resources_panda_description/share/ament_index/resource_index/package_run_dependencies/moveit_resources_panda_description
[0.463s] -- Installing: /home/robomaven/ws/ws_moveit2/install/moveit_resources_panda_description/share/ament_index/resource_index/parent_prefix_path/moveit_resources_panda_description
[0.463s] -- Up-to-date: /home/robomaven/ws/ws_moveit2/install/moveit_resources_panda_description/share/moveit_resources_panda_description/environment/ament_prefix_path.sh
[0.463s] -- Installing: /home/robomaven/ws/ws_moveit2/install/moveit_resources_panda_description/share/moveit_resources_panda_description/environment/ament_prefix_path.dsv
[0.463s] -- Up-to-date: /home/robomaven/ws/ws_moveit2/install/moveit_resources_panda_description/share/moveit_resources_panda_description/environment/path.sh
[0.463s] -- Installing: /home/robomaven/ws/ws_moveit2/install/moveit_resources_panda_description/share/moveit_resources_panda_description/environment/path.dsv
[0.463s] -- Up-to-date: /home/robomaven/ws/ws_moveit2/install/moveit_resources_panda_description/share/moveit_resources_panda_description/local_setup.bash
[0.463s] -- Up-to-date: /home/robomaven/ws/ws_moveit2/install/moveit_resources_panda_description/share/moveit_resources_panda_description/local_setup.sh
[0.463s] -- Up-to-date: /home/robomaven/ws/ws_moveit2/install/moveit_resources_panda_description/share/moveit_resources_panda_description/local_setup.zsh
[0.463s] -- Installing: /home/robomaven/ws/ws_moveit2/install/moveit_resources_panda_description/share/moveit_resources_panda_description/local_setup.dsv
[0.463s] -- Installing: /home/robomaven/ws/ws_moveit2/install/moveit_resources_panda_description/share/moveit_resources_panda_description/package.dsv
[0.463s] -- Up-to-date: /home/robomaven/ws/ws_moveit2/install/moveit_resources_panda_description/share/ament_index/resource_index/packages/moveit_resources_panda_description
[0.463s] -- Up-to-date: /home/robomaven/ws/ws_moveit2/install/moveit_resources_panda_description/share/moveit_resources_panda_description/cmake/moveit_resources_panda_descriptionConfig.cmake
[0.463s] -- Up-to-date: /home/robomaven/ws/ws_moveit2/install/moveit_resources_panda_description/share/moveit_resources_panda_description/cmake/moveit_resources_panda_descriptionConfig-version.cmake
[0.464s] -- Up-to-date: /home/robomaven/ws/ws_moveit2/install/moveit_resources_panda_description/share/moveit_resources_panda_description/package.xml
[0.464s] -- Up-to-date: /home/robomaven/ws/ws_moveit2/install/moveit_resources_panda_description/share/moveit_resources_panda_description/meshes
[0.464s] -- Up-to-date: /home/robomaven/ws/ws_moveit2/install/moveit_resources_panda_description/share/moveit_resources_panda_description/meshes/collision
[0.464s] -- Up-to-date: /home/robomaven/ws/ws_moveit2/install/moveit_resources_panda_description/share/moveit_resources_panda_description/meshes/collision/link3.stl
[0.464s] -- Up-to-date: /home/robomaven/ws/ws_moveit2/install/moveit_resources_panda_description/share/moveit_resources_panda_description/meshes/collision/link1.stl
[0.464s] -- Up-to-date: /home/robomaven/ws/ws_moveit2/install/moveit_resources_panda_description/share/moveit_resources_panda_description/meshes/collision/link7.stl
[0.464s] -- Up-to-date: /home/robomaven/ws/ws_moveit2/install/moveit_resources_panda_description/share/moveit_resources_panda_description/meshes/collision/link6.stl
[0.464s] -- Up-to-date: /home/robomaven/ws/ws_moveit2/install/moveit_resources_panda_description/share/moveit_resources_panda_description/meshes/collision/link4.stl
[0.464s] -- Up-to-date: /home/robomaven/ws/ws_moveit2/install/moveit_resources_panda_description/share/moveit_resources_panda_description/meshes/collision/hand.stl
[0.464s] -- Up-to-date: /home/robomaven/ws/ws_moveit2/install/moveit_resources_panda_description/share/moveit_resources_panda_description/meshes/collision/finger.stl
[0.464s] -- Up-to-date: /home/robomaven/ws/ws_moveit2/install/moveit_resources_panda_description/share/moveit_resources_panda_description/meshes/collision/link5.stl
[0.464s] -- Up-to-date: /home/robomaven/ws/ws_moveit2/install/moveit_resources_panda_description/share/moveit_resources_panda_description/meshes/collision/link0.stl
[0.464s] -- Up-to-date: /home/robomaven/ws/ws_moveit2/install/moveit_resources_panda_description/share/moveit_resources_panda_description/meshes/collision/link2.stl
[0.464s] -- Up-to-date: /home/robomaven/ws/ws_moveit2/install/moveit_resources_panda_description/share/moveit_resources_panda_description/meshes/visual
[0.464s] -- Up-to-date: /home/robomaven/ws/ws_moveit2/install/moveit_resources_panda_description/share/moveit_resources_panda_description/meshes/visual/link3.dae
[0.464s] -- Up-to-date: /home/robomaven/ws/ws_moveit2/install/moveit_resources_panda_description/share/moveit_resources_panda_description/meshes/visual/link5.dae
[0.464s] -- Up-to-date: /home/robomaven/ws/ws_moveit2/install/moveit_resources_panda_description/share/moveit_resources_panda_description/meshes/visual/finger.dae
[0.464s] -- Up-to-date: /home/robomaven/ws/ws_moveit2/install/moveit_resources_panda_description/share/moveit_resources_panda_description/meshes/visual/link7.dae
[0.464s] -- Up-to-date: /home/robomaven/ws/ws_moveit2/install/moveit_resources_panda_description/share/moveit_resources_panda_description/meshes/visual/link0.dae
[0.464s] -- Up-to-date: /home/robomaven/ws/ws_moveit2/install/moveit_resources_panda_description/share/moveit_resources_panda_description/meshes/visual/hand.dae
[0.464s] -- Up-to-date: /home/robomaven/ws/ws_moveit2/install/moveit_resources_panda_description/share/moveit_resources_panda_description/meshes/visual/link1.dae
[0.464s] -- Up-to-date: /home/robomaven/ws/ws_moveit2/install/moveit_resources_panda_description/share/moveit_resources_panda_description/meshes/visual/link2.dae
[0.464s] -- Up-to-date: /home/robomaven/ws/ws_moveit2/install/moveit_resources_panda_description/share/moveit_resources_panda_description/meshes/visual/link6.dae
[0.465s] -- Up-to-date: /home/robomaven/ws/ws_moveit2/install/moveit_resources_panda_description/share/moveit_resources_panda_description/meshes/visual/link4.dae
[0.465s] -- Up-to-date: /home/robomaven/ws/ws_moveit2/install/moveit_resources_panda_description/share/moveit_resources_panda_description/urdf
[0.465s] -- Up-to-date: /home/robomaven/ws/ws_moveit2/install/moveit_resources_panda_description/share/moveit_resources_panda_description/urdf/panda.urdf
[0.467s] Invoked command in '/home/robomaven/ws/ws_moveit2/build/moveit_resources_panda_description' returned '0': CMAKE_PREFIX_PATH=${CMAKE_PREFIX_PATH}:/home/robomaven/ws/ws_moveit2/install/moveit_configs_utils:/home/robomaven/ws/ws_moveit2/install/launch_param_builder:/opt/ros/humble /usr/bin/cmake --install /home/robomaven/ws/ws_moveit2/build/moveit_resources_panda_description
