[0.458s] Invoking command in '/home/robomaven/ws/ros2_ws3/src/actions_py': AMENT_PREFIX_PATH=/home/robomaven/ws/ros2_ws3/install/my_robot_interfaces:${AMENT_PREFIX_PATH} CMAKE_PREFIX_PATH=/home/robomaven/ws/ros2_ws3/install/my_robot_interfaces:/home/robomaven/ws/ros2_ws3/install/actions_cpp LD_LIBRARY_PATH=/home/robomaven/ws/ros2_ws3/install/my_robot_interfaces/lib:/usr/lib/x86_64-linux-gnu/gazebo-11/plugins:/opt/ros/humble/opt/rviz_ogre_vendor/lib:/opt/ros/humble/lib/x86_64-linux-gnu:/opt/ros/humble/lib:/usr/share/gazebo/../../lib/x86_64-linux-gnu/gazebo-11/plugins PYTHONPATH=/home/robomaven/ws/ros2_ws3/build/actions_py/prefix_override:/home/robomaven/ws/ros2_ws3/install/actions_py/lib/python3.10/site-packages:/home/robomaven/ws/ros2_ws3/install/my_robot_interfaces/local/lib/python3.10/dist-packages:${PYTHONPATH} /usr/bin/python3 -W ignore:setup.py install is deprecated setup.py egg_info --egg-base ../../build/actions_py build --build-base /home/robomaven/ws/ros2_ws3/build/actions_py/build install --record /home/robomaven/ws/ros2_ws3/build/actions_py/install.log --single-version-externally-managed install_data
[0.606s] running egg_info
[0.606s] creating ../../build/actions_py/actions_py.egg-info
[0.606s] writing ../../build/actions_py/actions_py.egg-info/PKG-INFO
[0.607s] writing dependency_links to ../../build/actions_py/actions_py.egg-info/dependency_links.txt
[0.607s] writing entry points to ../../build/actions_py/actions_py.egg-info/entry_points.txt
[0.607s] writing requirements to ../../build/actions_py/actions_py.egg-info/requires.txt
[0.607s] writing top-level names to ../../build/actions_py/actions_py.egg-info/top_level.txt
[0.607s] writing manifest file '../../build/actions_py/actions_py.egg-info/SOURCES.txt'
[0.608s] reading manifest file '../../build/actions_py/actions_py.egg-info/SOURCES.txt'
[0.608s] writing manifest file '../../build/actions_py/actions_py.egg-info/SOURCES.txt'
[0.608s] running build
[0.608s] running build_py
[0.608s] creating /home/robomaven/ws/ros2_ws3/build/actions_py/build
[0.608s] creating /home/robomaven/ws/ros2_ws3/build/actions_py/build/lib
[0.608s] creating /home/robomaven/ws/ros2_ws3/build/actions_py/build/lib/actions_py
[0.608s] copying actions_py/count_until_server.py -> /home/robomaven/ws/ros2_ws3/build/actions_py/build/lib/actions_py
[0.609s] copying actions_py/__init__.py -> /home/robomaven/ws/ros2_ws3/build/actions_py/build/lib/actions_py
[0.609s] copying actions_py/count_until_client.py -> /home/robomaven/ws/ros2_ws3/build/actions_py/build/lib/actions_py
[0.609s] running install
[0.609s] running install_lib
[0.609s] creating /home/robomaven/ws/ros2_ws3/install/actions_py/lib/python3.10/site-packages/actions_py
[0.609s] copying /home/robomaven/ws/ros2_ws3/build/actions_py/build/lib/actions_py/count_until_server.py -> /home/robomaven/ws/ros2_ws3/install/actions_py/lib/python3.10/site-packages/actions_py
[0.609s] copying /home/robomaven/ws/ros2_ws3/build/actions_py/build/lib/actions_py/__init__.py -> /home/robomaven/ws/ros2_ws3/install/actions_py/lib/python3.10/site-packages/actions_py
[0.609s] copying /home/robomaven/ws/ros2_ws3/build/actions_py/build/lib/actions_py/count_until_client.py -> /home/robomaven/ws/ros2_ws3/install/actions_py/lib/python3.10/site-packages/actions_py
[0.609s] byte-compiling /home/robomaven/ws/ros2_ws3/install/actions_py/lib/python3.10/site-packages/actions_py/count_until_server.py to count_until_server.cpython-310.pyc
[0.610s] byte-compiling /home/robomaven/ws/ros2_ws3/install/actions_py/lib/python3.10/site-packages/actions_py/__init__.py to __init__.cpython-310.pyc
[0.610s] byte-compiling /home/robomaven/ws/ros2_ws3/install/actions_py/lib/python3.10/site-packages/actions_py/count_until_client.py to count_until_client.cpython-310.pyc
[0.611s] running install_data
[0.611s] creating /home/robomaven/ws/ros2_ws3/install/actions_py/share/ament_index
[0.611s] creating /home/robomaven/ws/ros2_ws3/install/actions_py/share/ament_index/resource_index
[0.611s] creating /home/robomaven/ws/ros2_ws3/install/actions_py/share/ament_index/resource_index/packages
[0.611s] copying resource/actions_py -> /home/robomaven/ws/ros2_ws3/install/actions_py/share/ament_index/resource_index/packages
[0.611s] copying package.xml -> /home/robomaven/ws/ros2_ws3/install/actions_py/share/actions_py
[0.611s] running install_egg_info
[0.612s] Copying ../../build/actions_py/actions_py.egg-info to /home/robomaven/ws/ros2_ws3/install/actions_py/lib/python3.10/site-packages/actions_py-0.0.0-py3.10.egg-info
[0.612s] running install_scripts
[0.625s] Installing count_until_client script to /home/robomaven/ws/ros2_ws3/install/actions_py/lib/actions_py
[0.626s] Installing count_until_server script to /home/robomaven/ws/ros2_ws3/install/actions_py/lib/actions_py
[0.626s] writing list of installed files to '/home/robomaven/ws/ros2_ws3/build/actions_py/install.log'
[0.644s] Invoked command in '/home/robomaven/ws/ros2_ws3/src/actions_py' returned '0': AMENT_PREFIX_PATH=/home/robomaven/ws/ros2_ws3/install/my_robot_interfaces:${AMENT_PREFIX_PATH} CMAKE_PREFIX_PATH=/home/robomaven/ws/ros2_ws3/install/my_robot_interfaces:/home/robomaven/ws/ros2_ws3/install/actions_cpp LD_LIBRARY_PATH=/home/robomaven/ws/ros2_ws3/install/my_robot_interfaces/lib:/usr/lib/x86_64-linux-gnu/gazebo-11/plugins:/opt/ros/humble/opt/rviz_ogre_vendor/lib:/opt/ros/humble/lib/x86_64-linux-gnu:/opt/ros/humble/lib:/usr/share/gazebo/../../lib/x86_64-linux-gnu/gazebo-11/plugins PYTHONPATH=/home/robomaven/ws/ros2_ws3/build/actions_py/prefix_override:/home/robomaven/ws/ros2_ws3/install/actions_py/lib/python3.10/site-packages:/home/robomaven/ws/ros2_ws3/install/my_robot_interfaces/local/lib/python3.10/dist-packages:${PYTHONPATH} /usr/bin/python3 -W ignore:setup.py install is deprecated setup.py egg_info --egg-base ../../build/actions_py build --build-base /home/robomaven/ws/ros2_ws3/build/actions_py/build install --record /home/robomaven/ws/ros2_ws3/build/actions_py/install.log --single-version-externally-managed install_data
