Traceback (most recent call last):
  File "/opt/ros/humble/lib/rosidl_typesupport_c/rosidl_typesupport_c", line 28, in <module>
gmake[2]: *** Deleting file 'rosidl_typesupport_introspection_c/moveit_task_constructor_msgs/msg/detail/property__rosidl_typesupport_introspection_c.h'
gmake[2]: *** Deleting file 'rosidl_typesupport_fastrtps_c/moveit_task_constructor_msgs/msg/detail/property__rosidl_typesupport_fastrtps_c.h'
gmake[2]: *** Deleting file 'rosidl_typesupport_c/moveit_task_constructor_msgs/msg/property__type_support.cpp'
    sys.exit(main())
  File "/opt/ros/humble/lib/rosidl_typesupport_c/rosidl_typesupport_c", line 24, in main
Traceback (most recent call last):
  File "/opt/ros/humble/lib/rosidl_typesupport_fastrtps_c/rosidl_typesupport_fastrtps_c", line 33, in <module>
    generate_c(args.generator_arguments_file, args.typesupports)
  File "/opt/ros/humble/local/lib/python3.10/dist-packages/rosidl_typesupport_c/__init__.py", line 28, in generate_c
    sys.exit(main())
    return generate_files(
  File "/opt/ros/humble/lib/rosidl_typesupport_fastrtps_c/rosidl_typesupport_fastrtps_c", line 29, in main
  File "/opt/ros/humble/local/lib/python3.10/dist-packages/rosidl_cmake/__init__.py", line 74, in generate_files
    generate_typesupport_fastrtps_c(args.generator_arguments_file)
  File "/opt/ros/humble/local/lib/python3.10/dist-packages/rosidl_typesupport_fastrtps_c/__init__.py", line 24, in generate_typesupport_fastrtps_c
    idl_file = parse_idl_file(locator)
    return generate_files(generator_arguments_file, mapping)
  File "/opt/ros/humble/local/lib/python3.10/dist-packages/rosidl_cmake/__init__.py", line 87, in generate_files
  File "/opt/ros/humble/local/lib/python3.10/dist-packages/rosidl_parser/parser.py", line 64, in parse_idl_file
    expand_template(
  File "/opt/ros/humble/local/lib/python3.10/dist-packages/rosidl_cmake/__init__.py", line 149, in expand_template
    content = parse_idl_string(string, png_file=png_file)
  File "/opt/ros/humble/local/lib/python3.10/dist-packages/rosidl_parser/parser.py", line 72, in parse_idl_string
    interpreter.string(template_content, template_path, locals=data)
  File "/usr/lib/python3/dist-packages/em.py", line 2391, in string
    tree = get_ast_from_idl_string(idl_string)
  File "/opt/ros/humble/local/lib/python3.10/dist-packages/rosidl_parser/parser.py", line 89, in get_ast_from_idl_string
gmake[2]: *** wait: No child processes.  Stop.
gmake[2]: *** Waiting for unfinished jobs....
gmake[2]: *** wait: No child processes.  Stop.
    return _parser.parse(idl_string)
gmake[2]: *** [CMakeFiles/moveit_task_constructor_msgs__rosidl_typesupport_introspection_cpp.dir/build.make:458: CMakeFiles/moveit_task_constructor_msgs__rosidl_typesupport_introspection_cpp.dir/rosidl_typesupport_introspection_cpp/moveit_task_constructor_msgs/msg/detail/sub_trajectory__type_support.cpp.o] Interrupt
gmake[2]: *** [CMakeFiles/moveit_task_constructor_msgs__rosidl_typesupport_introspection_cpp.dir/build.make:388: CMakeFiles/moveit_task_constructor_msgs__rosidl_typesupport_introspection_cpp.dir/rosidl_typesupport_introspection_cpp/moveit_task_constructor_msgs/msg/detail/solution__type_support.cpp.o] Interrupt
gmake[2]: *** [CMakeFiles/moveit_task_constructor_msgs__rosidl_typesupport_introspection_cpp.dir/build.make:472: CMakeFiles/moveit_task_constructor_msgs__rosidl_typesupport_introspection_cpp.dir/rosidl_typesupport_introspection_cpp/moveit_task_constructor_msgs/msg/detail/task_description__type_support.cpp.o] Interrupt
gmake[2]: *** [CMakeFiles/moveit_task_constructor_msgs__rosidl_typesupport_introspection_cpp.dir/build.make:500: CMakeFiles/moveit_task_constructor_msgs__rosidl_typesupport_introspection_cpp.dir/rosidl_typesupport_introspection_cpp/moveit_task_constructor_msgs/msg/detail/trajectory_execution_info__type_support.cpp.o] Interrupt
gmake[2]: *** [CMakeFiles/moveit_task_constructor_msgs__rosidl_typesupport_introspection_cpp.dir/build.make:514: CMakeFiles/moveit_task_constructor_msgs__rosidl_typesupport_introspection_cpp.dir/rosidl_typesupport_introspection_cpp/moveit_task_constructor_msgs/srv/detail/get_solution__type_support.cpp.o] Interrupt
  File "/usr/lib/python3/dist-packages/lark/lark.py", line 619, in parse
Traceback (most recent call last):
  File "/opt/ros/humble/lib/rosidl_typesupport_introspection_c/rosidl_typesupport_introspection_c", line 31, in <module>
gmake[1]: *** [CMakeFiles/Makefile2:291: CMakeFiles/moveit_task_constructor_msgs__rosidl_typesupport_fastrtps_cpp.dir/all] Error 2
    sys.exit(main())
gmake[2]: *** [CMakeFiles/moveit_task_constructor_msgs__rosidl_typesupport_introspection_cpp.dir/build.make:528: CMakeFiles/moveit_task_constructor_msgs__rosidl_typesupport_introspection_cpp.dir/rosidl_typesupport_introspection_cpp/moveit_task_constructor_msgs/action/detail/execute_task_solution__type_support.cpp.o] Interrupt
  File "/opt/ros/humble/lib/rosidl_typesupport_introspection_c/rosidl_typesupport_introspection_c", line 27, in main
    return self.parser.parse(text, start=start, on_error=on_error)
  File "/usr/lib/python3/dist-packages/lark/parser_frontends.py", line 99, in parse
    self.safe(scanner, True, locals)
  File "/usr/lib/python3/dist-packages/em.py", line 2401, in safe
    generate_c(args.generator_arguments_file)
  File "/opt/ros/humble/local/lib/python3.10/dist-packages/rosidl_typesupport_introspection_c/__init__.py", line 31, in generate_c
    return generate_files(generator_arguments_file, mapping)
  File "/opt/ros/humble/local/lib/python3.10/dist-packages/rosidl_cmake/__init__.py", line 74, in generate_files
    idl_file = parse_idl_file(locator)
  File "/opt/ros/humble/local/lib/python3.10/dist-packages/rosidl_parser/parser.py", line 64, in parse_idl_file
    return self.parser.parse(stream, chosen_start, **kw)
    content = parse_idl_string(string, png_file=png_file)
  File "/usr/lib/python3/dist-packages/lark/parsers/earley.py", line 266, in parse
  File "/opt/ros/humble/local/lib/python3.10/dist-packages/rosidl_parser/parser.py", line 72, in parse_idl_string
    tree = get_ast_from_idl_string(idl_string)
  File "/opt/ros/humble/local/lib/python3.10/dist-packages/rosidl_parser/parser.py", line 89, in get_ast_from_idl_string
    return _parser.parse(idl_string)
  File "/usr/lib/python3/dist-packages/lark/lark.py", line 619, in parse
    self.parse(scanner, locals)
  File "/usr/lib/python3/dist-packages/em.py", line 2421, in parse
    to_scan = self._parse(lexer, columns, to_scan, start_symbol)
    return self.parser.parse(text, start=start, on_error=on_error)
  File "/usr/lib/python3/dist-packages/lark/parsers/xearley.py", line 146, in _parse
  File "/usr/lib/python3/dist-packages/lark/parser_frontends.py", line 99, in parse
    return self.parser.parse(stream, chosen_start, **kw)
  File "/usr/lib/python3/dist-packages/lark/parsers/earley.py", line 292, in parse
gmake[2]: *** [CMakeFiles/moveit_task_constructor_msgs__rosidl_typesupport_introspection_cpp.dir/build.make:402: CMakeFiles/moveit_task_constructor_msgs__rosidl_typesupport_introspection_cpp.dir/rosidl_typesupport_introspection_cpp/moveit_task_constructor_msgs/msg/detail/solution_info__type_support.cpp.o] Interrupt
gmake[2]: *** wait: No child processes.  Stop.
gmake[2]: *** Waiting for unfinished jobs....
    return transformer.transform(solutions[0])
  File "/usr/lib/python3/dist-packages/lark/parsers/earley_forest.py", line 395, in transform
gmake[2]: *** wait: No child processes.  Stop.
    to_scan = scan(i, to_scan)
  File "/usr/lib/python3/dist-packages/lark/parsers/xearley.py", line 53, in scan
    m = match(item.expect, stream, i)
  File "/usr/lib/python3/dist-packages/lark/parser_frontends.py", line 179, in match
    return self.regexps[term.name].match(text, index)
KeyboardInterrupt
    token.run(self, locals)
  File "/usr/lib/python3/dist-packages/em.py", line 1547, in run
    self.visit(root)
  File "/usr/lib/python3/dist-packages/lark/parsers/earley_forest.py", line 532, in visit
    super(ForestToParseTree, self).visit(root)
  File "/usr/lib/python3/dist-packages/lark/parsers/earley_forest.py", line 355, in visit
    next_node = vsni(current)
gmake[1]: *** [CMakeFiles/Makefile2:369: CMakeFiles/moveit_task_constructor_msgs__rosidl_typesupport_introspection_cpp.dir/all] Error 2
    self.subrun(info[0][1], interpreter, locals)
  File "/usr/lib/python3/dist-packages/lark/parsers/earley_forest.py", line 620, in visit_symbol_node_in
  File "/usr/lib/python3/dist-packages/em.py", line 1631, in subrun
    super(ForestToParseTree, self).visit_symbol_node_in(node)
  File "/usr/lib/python3/dist-packages/lark/parsers/earley_forest.py", line 419, in visit_symbol_node_in
    return node.children
  File "/usr/lib/python3/dist-packages/lark/parsers/earley_forest.py", line 89, in children
    return sorted(self._children, key=attrgetter('sort_key'))
  File "/usr/lib/python3/dist-packages/lark/parsers/earley_forest.py", line 139, in sort_key
    token.run(interpreter, locals)
  File "/usr/lib/python3/dist-packages/em.py", line 1425, in run
    @property
KeyboardInterrupt
    interpreter.execute(self.code, locals)
  File "/usr/lib/python3/dist-packages/em.py", line 2596, in execute
    _exec(statements, self.globals, locals)
  File "<string>", line 2, in <module>
  File "/opt/ros/humble/local/lib/python3.10/dist-packages/rosidl_cmake/__init__.py", line 198, in _expand_template
    interpreter.string(content, str(template_path), kwargs)
  File "/usr/lib/python3/dist-packages/em.py", line 2391, in string
    self.safe(scanner, True, locals)
  File "/usr/lib/python3/dist-packages/em.py", line 2401, in safe
    self.parse(scanner, locals)
  File "/usr/lib/python3/dist-packages/em.py", line 2417, in parse
    token = scanner.one()
  File "/usr/lib/python3/dist-packages/em.py", line 1984, in one
    token.scan(self)
  File "/usr/lib/python3/dist-packages/em.py", line 1468, in scan
    self.subscan(scanner, self.type)
  File "/usr/lib/python3/dist-packages/em.py", line 1483, in subscan
    token = scanner.one()
  File "/usr/lib/python3/dist-packages/em.py", line 1984, in one
    token.scan(self)
  File "/usr/lib/python3/dist-packages/em.py", line 1311, in scan
    q = scanner.next('$', 0, z, True)
  File "/usr/lib/python3/dist-packages/em.py", line 1818, in next
    newQuote = self.check(i, quote)
  File "/usr/lib/python3/dist-packages/em.py", line 1774, in check
    if self[i + 1] == self[i + 2] == quote:
  File "/usr/lib/python3/dist-packages/em.py", line 1683, in __getitem__
    if isinstance(index, slice):
KeyboardInterrupt
Exception ignored in: <function Interpreter.__del__ at 0x74936bbc2050>
Traceback (most recent call last):
  File "/usr/lib/python3/dist-packages/em.py", line 2094, in __del__
  File "/usr/lib/python3/dist-packages/em.py", line 2157, in shutdown
  File "/usr/lib/python3/dist-packages/em.py", line 2647, in finalize
  File "/usr/lib/python3/dist-packages/em.py", line 2200, in push
AttributeError: '_io.TextIOWrapper' object has no attribute 'push'
gmake[2]: *** [CMakeFiles/moveit_task_constructor_msgs__rosidl_typesupport_introspection_c.dir/build.make:299: rosidl_typesupport_introspection_c/moveit_task_constructor_msgs/msg/detail/property__rosidl_typesupport_introspection_c.h] Interrupt
gmake[1]: *** [CMakeFiles/Makefile2:316: CMakeFiles/moveit_task_constructor_msgs__rosidl_typesupport_introspection_c.dir/all] Interrupt
gmake[2]: *** [CMakeFiles/moveit_task_constructor_msgs__rosidl_typesupport_c.dir/build.make:297: rosidl_typesupport_c/moveit_task_constructor_msgs/msg/property__type_support.cpp] Interrupt
gmake[2]: *** [CMakeFiles/moveit_task_constructor_msgs__rosidl_typesupport_fastrtps_c.dir/build.make:299: rosidl_typesupport_fastrtps_c/moveit_task_constructor_msgs/msg/detail/property__rosidl_typesupport_fastrtps_c.h] Interrupt
gmake[1]: *** [CMakeFiles/Makefile2:342: CMakeFiles/moveit_task_constructor_msgs__rosidl_typesupport_c.dir/all] Interrupt
gmake[1]: *** [CMakeFiles/Makefile2:238: CMakeFiles/moveit_task_constructor_msgs__rosidl_typesupport_fastrtps_c.dir/all] Interrupt
gmake: *** [Makefile:146: all] Interrupt
