[0.012s] Invoking command in '/home/robomaven/ws/ros2_ws/build/my_robot_bringup': AMENT_PREFIX_PATH=/home/robomaven/ws/ros2_ws/install/my_py_pkg:/home/robomaven/ws/ros2_ws/install/my_cpp_pkg:/home/robomaven/ws/ros2_ws/install/my_robot_interfaces:/opt/ros/humble CMAKE_PREFIX_PATH=/home/robomaven/ws/ros2_ws/install/my_cpp_pkg:/home/robomaven/ws/ros2_ws/install/my_robot_interfaces:/home/robomaven/ws/ros2_ws/install/my_robot_bringup:/home/robomaven/ws/ros2_ws/install/my_py_pkg:/opt/ros/humble PYTHONPATH=/home/robomaven/ws/ros2_ws/install/my_py_pkg/lib/python3.10/site-packages:/home/robomaven/ws/ros2_ws/install/my_robot_interfaces/local/lib/python3.10/dist-packages:/home/robomaven/ros2_ws/build/my_py_pkg:/opt/ros/humble/lib/python3.10/site-packages:/opt/ros/humble/local/lib/python3.10/dist-packages /usr/bin/cmake /home/robomaven/ws/ros2_ws/src/my_robot_bringup -DCMAKE_INSTALL_PREFIX=/home/robomaven/ws/ros2_ws/install/my_robot_bringup
[0.070s] -- The C compiler identification is GNU 11.4.0
[0.124s] -- The CXX compiler identification is GNU 11.4.0
[0.128s] -- Detecting C compiler ABI info
[0.197s] -- Detecting C compiler ABI info - done
[0.202s] -- Check for working C compiler: /usr/bin/cc - skipped
[0.202s] -- Detecting C compile features
[0.202s] -- Detecting C compile features - done
[0.204s] -- Detecting CXX compiler ABI info
[0.270s] -- Detecting CXX compiler ABI info - done
[0.277s] -- Check for working CXX compiler: /usr/bin/c++ - skipped
[0.277s] -- Detecting CXX compile features
[0.277s] -- Detecting CXX compile features - done
[0.279s] -- Found ament_cmake: 1.3.9 (/opt/ros/humble/share/ament_cmake/cmake)
[0.394s] -- Found Python3: /usr/bin/python3 (found version "3.10.12") found components: Interpreter 
[0.492s] -- Configuring done
[0.494s] -- Generating done
[0.494s] -- Build files have been written to: /home/robomaven/ws/ros2_ws/build/my_robot_bringup
[0.498s] Invoked command in '/home/robomaven/ws/ros2_ws/build/my_robot_bringup' returned '0': AMENT_PREFIX_PATH=/home/robomaven/ws/ros2_ws/install/my_py_pkg:/home/robomaven/ws/ros2_ws/install/my_cpp_pkg:/home/robomaven/ws/ros2_ws/install/my_robot_interfaces:/opt/ros/humble CMAKE_PREFIX_PATH=/home/robomaven/ws/ros2_ws/install/my_cpp_pkg:/home/robomaven/ws/ros2_ws/install/my_robot_interfaces:/home/robomaven/ws/ros2_ws/install/my_robot_bringup:/home/robomaven/ws/ros2_ws/install/my_py_pkg:/opt/ros/humble PYTHONPATH=/home/robomaven/ws/ros2_ws/install/my_py_pkg/lib/python3.10/site-packages:/home/robomaven/ws/ros2_ws/install/my_robot_interfaces/local/lib/python3.10/dist-packages:/home/robomaven/ros2_ws/build/my_py_pkg:/opt/ros/humble/lib/python3.10/site-packages:/opt/ros/humble/local/lib/python3.10/dist-packages /usr/bin/cmake /home/robomaven/ws/ros2_ws/src/my_robot_bringup -DCMAKE_INSTALL_PREFIX=/home/robomaven/ws/ros2_ws/install/my_robot_bringup
[0.498s] Invoking command in '/home/robomaven/ws/ros2_ws/build/my_robot_bringup': AMENT_PREFIX_PATH=/home/robomaven/ws/ros2_ws/install/my_py_pkg:/home/robomaven/ws/ros2_ws/install/my_cpp_pkg:/home/robomaven/ws/ros2_ws/install/my_robot_interfaces:/opt/ros/humble CMAKE_PREFIX_PATH=/home/robomaven/ws/ros2_ws/install/my_cpp_pkg:/home/robomaven/ws/ros2_ws/install/my_robot_interfaces:/home/robomaven/ws/ros2_ws/install/my_robot_bringup:/home/robomaven/ws/ros2_ws/install/my_py_pkg:/opt/ros/humble PYTHONPATH=/home/robomaven/ws/ros2_ws/install/my_py_pkg/lib/python3.10/site-packages:/home/robomaven/ws/ros2_ws/install/my_robot_interfaces/local/lib/python3.10/dist-packages:/home/robomaven/ros2_ws/build/my_py_pkg:/opt/ros/humble/lib/python3.10/site-packages:/opt/ros/humble/local/lib/python3.10/dist-packages /usr/bin/cmake --build /home/robomaven/ws/ros2_ws/build/my_robot_bringup -- -j20 -l20
[0.527s] Invoked command in '/home/robomaven/ws/ros2_ws/build/my_robot_bringup' returned '0': AMENT_PREFIX_PATH=/home/robomaven/ws/ros2_ws/install/my_py_pkg:/home/robomaven/ws/ros2_ws/install/my_cpp_pkg:/home/robomaven/ws/ros2_ws/install/my_robot_interfaces:/opt/ros/humble CMAKE_PREFIX_PATH=/home/robomaven/ws/ros2_ws/install/my_cpp_pkg:/home/robomaven/ws/ros2_ws/install/my_robot_interfaces:/home/robomaven/ws/ros2_ws/install/my_robot_bringup:/home/robomaven/ws/ros2_ws/install/my_py_pkg:/opt/ros/humble PYTHONPATH=/home/robomaven/ws/ros2_ws/install/my_py_pkg/lib/python3.10/site-packages:/home/robomaven/ws/ros2_ws/install/my_robot_interfaces/local/lib/python3.10/dist-packages:/home/robomaven/ros2_ws/build/my_py_pkg:/opt/ros/humble/lib/python3.10/site-packages:/opt/ros/humble/local/lib/python3.10/dist-packages /usr/bin/cmake --build /home/robomaven/ws/ros2_ws/build/my_robot_bringup -- -j20 -l20
[0.550s] Invoking command in '/home/robomaven/ws/ros2_ws/build/my_robot_bringup': AMENT_PREFIX_PATH=/home/robomaven/ws/ros2_ws/install/my_py_pkg:/home/robomaven/ws/ros2_ws/install/my_cpp_pkg:/home/robomaven/ws/ros2_ws/install/my_robot_interfaces:/opt/ros/humble CMAKE_PREFIX_PATH=/home/robomaven/ws/ros2_ws/install/my_cpp_pkg:/home/robomaven/ws/ros2_ws/install/my_robot_interfaces:/home/robomaven/ws/ros2_ws/install/my_robot_bringup:/home/robomaven/ws/ros2_ws/install/my_py_pkg:/opt/ros/humble PYTHONPATH=/home/robomaven/ws/ros2_ws/install/my_py_pkg/lib/python3.10/site-packages:/home/robomaven/ws/ros2_ws/install/my_robot_interfaces/local/lib/python3.10/dist-packages:/home/robomaven/ros2_ws/build/my_py_pkg:/opt/ros/humble/lib/python3.10/site-packages:/opt/ros/humble/local/lib/python3.10/dist-packages /usr/bin/cmake --install /home/robomaven/ws/ros2_ws/build/my_robot_bringup
[0.557s] -- Install configuration: ""
[0.558s] -- Installing: /home/robomaven/ws/ros2_ws/install/my_robot_bringup/share/my_robot_bringup/launch
[0.558s] -- Installing: /home/robomaven/ws/ros2_ws/install/my_robot_bringup/share/my_robot_bringup/launch/my_robot.launch.py
[0.558s] -- Installing: /home/robomaven/ws/ros2_ws/install/my_robot_bringup/share/ament_index/resource_index/package_run_dependencies/my_robot_bringup
[0.558s] -- Installing: /home/robomaven/ws/ros2_ws/install/my_robot_bringup/share/ament_index/resource_index/parent_prefix_path/my_robot_bringup
[0.558s] -- Installing: /home/robomaven/ws/ros2_ws/install/my_robot_bringup/share/my_robot_bringup/environment/ament_prefix_path.sh
[0.558s] -- Installing: /home/robomaven/ws/ros2_ws/install/my_robot_bringup/share/my_robot_bringup/environment/ament_prefix_path.dsv
[0.559s] -- Installing: /home/robomaven/ws/ros2_ws/install/my_robot_bringup/share/my_robot_bringup/environment/path.sh
[0.559s] -- Installing: /home/robomaven/ws/ros2_ws/install/my_robot_bringup/share/my_robot_bringup/environment/path.dsv
[0.559s] -- Installing: /home/robomaven/ws/ros2_ws/install/my_robot_bringup/share/my_robot_bringup/local_setup.bash
[0.559s] -- Installing: /home/robomaven/ws/ros2_ws/install/my_robot_bringup/share/my_robot_bringup/local_setup.sh
[0.559s] -- Installing: /home/robomaven/ws/ros2_ws/install/my_robot_bringup/share/my_robot_bringup/local_setup.zsh
[0.559s] -- Installing: /home/robomaven/ws/ros2_ws/install/my_robot_bringup/share/my_robot_bringup/local_setup.dsv
[0.559s] -- Installing: /home/robomaven/ws/ros2_ws/install/my_robot_bringup/share/my_robot_bringup/package.dsv
[0.559s] -- Installing: /home/robomaven/ws/ros2_ws/install/my_robot_bringup/share/ament_index/resource_index/packages/my_robot_bringup
[0.559s] -- Installing: /home/robomaven/ws/ros2_ws/install/my_robot_bringup/share/my_robot_bringup/cmake/my_robot_bringupConfig.cmake
[0.560s] -- Installing: /home/robomaven/ws/ros2_ws/install/my_robot_bringup/share/my_robot_bringup/cmake/my_robot_bringupConfig-version.cmake
[0.560s] -- Installing: /home/robomaven/ws/ros2_ws/install/my_robot_bringup/share/my_robot_bringup/package.xml
[0.562s] Invoked command in '/home/robomaven/ws/ros2_ws/build/my_robot_bringup' returned '0': AMENT_PREFIX_PATH=/home/robomaven/ws/ros2_ws/install/my_py_pkg:/home/robomaven/ws/ros2_ws/install/my_cpp_pkg:/home/robomaven/ws/ros2_ws/install/my_robot_interfaces:/opt/ros/humble CMAKE_PREFIX_PATH=/home/robomaven/ws/ros2_ws/install/my_cpp_pkg:/home/robomaven/ws/ros2_ws/install/my_robot_interfaces:/home/robomaven/ws/ros2_ws/install/my_robot_bringup:/home/robomaven/ws/ros2_ws/install/my_py_pkg:/opt/ros/humble PYTHONPATH=/home/robomaven/ws/ros2_ws/install/my_py_pkg/lib/python3.10/site-packages:/home/robomaven/ws/ros2_ws/install/my_robot_interfaces/local/lib/python3.10/dist-packages:/home/robomaven/ros2_ws/build/my_py_pkg:/opt/ros/humble/lib/python3.10/site-packages:/opt/ros/humble/local/lib/python3.10/dist-packages /usr/bin/cmake --install /home/robomaven/ws/ros2_ws/build/my_robot_bringup
