[0.394s] Invoking command in '/home/robomaven/ws/snake_game_ws/src/snake_game': AMENT_PREFIX_PATH=/home/robomaven/ws/snake_game_ws/install/snake_game_interfaces:${AMENT_PREFIX_PATH} CMAKE_PREFIX_PATH=/home/robomaven/ws/snake_game_ws/install/snake_game_interfaces:${CMAKE_PREFIX_PATH} LD_LIBRARY_PATH=/home/robomaven/ws/snake_game_ws/install/snake_game_interfaces/lib:/usr/lib/x86_64-linux-gnu/gazebo-11/plugins:/opt/ros/humble/opt/rviz_ogre_vendor/lib:/opt/ros/humble/lib/x86_64-linux-gnu:/opt/ros/humble/lib:/usr/share/gazebo/../../lib/x86_64-linux-gnu/gazebo-11/plugins PYTHONPATH=/home/robomaven/ws/snake_game_ws/build/snake_game/prefix_override:/home/robomaven/ws/snake_game_ws/install/snake_game/lib/python3.10/site-packages:/home/robomaven/ws/snake_game_ws/install/snake_game_interfaces/local/lib/python3.10/dist-packages:${PYTHONPATH} /usr/bin/python3 -W ignore:setup.py install is deprecated setup.py egg_info --egg-base ../../build/snake_game build --build-base /home/robomaven/ws/snake_game_ws/build/snake_game/build install --record /home/robomaven/ws/snake_game_ws/build/snake_game/install.log --single-version-externally-managed install_data
[0.543s] running egg_info
[0.543s] writing ../../build/snake_game/snake_game.egg-info/PKG-INFO
[0.543s] writing dependency_links to ../../build/snake_game/snake_game.egg-info/dependency_links.txt
[0.543s] writing entry points to ../../build/snake_game/snake_game.egg-info/entry_points.txt
[0.543s] writing requirements to ../../build/snake_game/snake_game.egg-info/requires.txt
[0.543s] writing top-level names to ../../build/snake_game/snake_game.egg-info/top_level.txt
[0.544s] reading manifest file '../../build/snake_game/snake_game.egg-info/SOURCES.txt'
[0.544s] writing manifest file '../../build/snake_game/snake_game.egg-info/SOURCES.txt'
[0.544s] running build
[0.544s] running build_py
[0.544s] running install
[0.545s] running install_lib
[0.546s] running install_data
[0.546s] copying package.xml -> /home/robomaven/ws/snake_game_ws/install/snake_game/share/snake_game
[0.546s] running install_egg_info
[0.547s] removing '/home/robomaven/ws/snake_game_ws/install/snake_game/lib/python3.10/site-packages/snake_game-0.0.0-py3.10.egg-info' (and everything under it)
[0.547s] Copying ../../build/snake_game/snake_game.egg-info to /home/robomaven/ws/snake_game_ws/install/snake_game/lib/python3.10/site-packages/snake_game-0.0.0-py3.10.egg-info
[0.547s] running install_scripts
[0.560s] Installing turtle_spawner script to /home/robomaven/ws/snake_game_ws/install/snake_game/lib/snake_game
[0.560s] writing list of installed files to '/home/robomaven/ws/snake_game_ws/build/snake_game/install.log'
[0.574s] Invoked command in '/home/robomaven/ws/snake_game_ws/src/snake_game' returned '0': AMENT_PREFIX_PATH=/home/robomaven/ws/snake_game_ws/install/snake_game_interfaces:${AMENT_PREFIX_PATH} CMAKE_PREFIX_PATH=/home/robomaven/ws/snake_game_ws/install/snake_game_interfaces:${CMAKE_PREFIX_PATH} LD_LIBRARY_PATH=/home/robomaven/ws/snake_game_ws/install/snake_game_interfaces/lib:/usr/lib/x86_64-linux-gnu/gazebo-11/plugins:/opt/ros/humble/opt/rviz_ogre_vendor/lib:/opt/ros/humble/lib/x86_64-linux-gnu:/opt/ros/humble/lib:/usr/share/gazebo/../../lib/x86_64-linux-gnu/gazebo-11/plugins PYTHONPATH=/home/robomaven/ws/snake_game_ws/build/snake_game/prefix_override:/home/robomaven/ws/snake_game_ws/install/snake_game/lib/python3.10/site-packages:/home/robomaven/ws/snake_game_ws/install/snake_game_interfaces/local/lib/python3.10/dist-packages:${PYTHONPATH} /usr/bin/python3 -W ignore:setup.py install is deprecated setup.py egg_info --egg-base ../../build/snake_game build --build-base /home/robomaven/ws/snake_game_ws/build/snake_game/build install --record /home/robomaven/ws/snake_game_ws/build/snake_game/install.log --single-version-externally-managed install_data
