[0.062s] DEBUG:colcon:Command line arguments: ['/usr/bin/colcon', 'build']
[0.062s] DEBUG:colcon:Parsed command line arguments: Namespace(log_base=None, log_level=None, verb_name='build', build_base='build', install_base='install', merge_install=False, symlink_install=False, test_result_base=None, continue_on_error=False, executor='parallel', parallel_workers=20, event_handlers=None, ignore_user_meta=False, metas=['./colcon.meta'], base_paths=['.'], packages_ignore=None, packages_ignore_regex=None, paths=None, packages_up_to=None, packages_up_to_regex=None, packages_above=None, packages_above_and_dependencies=None, packages_above_depth=None, packages_select_by_dep=None, packages_skip_by_dep=None, packages_skip_up_to=None, packages_select_build_failed=False, packages_skip_build_finished=False, packages_select_test_failures=False, packages_skip_test_passed=False, packages_select=None, packages_skip=None, packages_select_regex=None, packages_skip_regex=None, packages_start=None, packages_end=None, allow_overriding=[], cmake_args=None, cmake_target=None, cmake_target_skip_unavailable=False, cmake_clean_cache=False, cmake_clean_first=False, cmake_force_configure=False, ament_cmake_args=None, catkin_cmake_args=None, catkin_skip_building_tests=False, verb_parser=<colcon_defaults.argument_parser.defaults.DefaultArgumentsDecorator object at 0x72004090bd90>, verb_extension=<colcon_core.verb.build.BuildVerb object at 0x72004090b880>, main=<bound method BuildVerb.main of <colcon_core.verb.build.BuildVerb object at 0x72004090b880>>)
[0.161s] Level 1:colcon.colcon_core.package_discovery:discover_packages(colcon_meta) check parameters
[0.161s] Level 1:colcon.colcon_core.package_discovery:discover_packages(recursive) check parameters
[0.161s] Level 1:colcon.colcon_core.package_discovery:discover_packages(ignore) check parameters
[0.161s] Level 1:colcon.colcon_core.package_discovery:discover_packages(path) check parameters
[0.161s] Level 1:colcon.colcon_core.package_discovery:discover_packages(colcon_meta) discover
[0.161s] Level 1:colcon.colcon_core.package_discovery:discover_packages(recursive) discover
[0.161s] INFO:colcon.colcon_core.package_discovery:Crawling recursively for packages in '/home/robomaven/activity1_ws'
[0.161s] Level 1:colcon.colcon_core.package_identification:_identify(.) by extensions ['ignore', 'ignore_ament_install']
[0.161s] Level 1:colcon.colcon_core.package_identification:_identify(.) by extension 'ignore'
[0.161s] Level 1:colcon.colcon_core.package_identification:_identify(.) by extension 'ignore_ament_install'
[0.161s] Level 1:colcon.colcon_core.package_identification:_identify(.) by extensions ['colcon_pkg']
[0.161s] Level 1:colcon.colcon_core.package_identification:_identify(.) by extension 'colcon_pkg'
[0.161s] Level 1:colcon.colcon_core.package_identification:_identify(.) by extensions ['colcon_meta']
[0.161s] Level 1:colcon.colcon_core.package_identification:_identify(.) by extension 'colcon_meta'
[0.161s] Level 1:colcon.colcon_core.package_identification:_identify(.) by extensions ['ros']
[0.161s] Level 1:colcon.colcon_core.package_identification:_identify(.) by extension 'ros'
[0.168s] Level 1:colcon.colcon_core.package_identification:_identify(.) by extensions ['cmake', 'python']
[0.168s] Level 1:colcon.colcon_core.package_identification:_identify(.) by extension 'cmake'
[0.168s] Level 1:colcon.colcon_core.package_identification:_identify(.) by extension 'python'
[0.169s] Level 1:colcon.colcon_core.package_identification:_identify(.) by extensions ['python_setup_py']
[0.169s] Level 1:colcon.colcon_core.package_identification:_identify(.) by extension 'python_setup_py'
[0.169s] Level 1:colcon.colcon_core.package_identification:_identify(build) by extensions ['ignore', 'ignore_ament_install']
[0.169s] Level 1:colcon.colcon_core.package_identification:_identify(build) by extension 'ignore'
[0.169s] Level 1:colcon.colcon_core.package_identification:_identify(build) ignored
[0.169s] Level 1:colcon.colcon_core.package_identification:_identify(install) by extensions ['ignore', 'ignore_ament_install']
[0.169s] Level 1:colcon.colcon_core.package_identification:_identify(install) by extension 'ignore'
[0.169s] Level 1:colcon.colcon_core.package_identification:_identify(install) ignored
[0.169s] Level 1:colcon.colcon_core.package_identification:_identify(log) by extensions ['ignore', 'ignore_ament_install']
[0.169s] Level 1:colcon.colcon_core.package_identification:_identify(log) by extension 'ignore'
[0.169s] Level 1:colcon.colcon_core.package_identification:_identify(log) ignored
[0.169s] Level 1:colcon.colcon_core.package_identification:_identify(src) by extensions ['ignore', 'ignore_ament_install']
[0.169s] Level 1:colcon.colcon_core.package_identification:_identify(src) by extension 'ignore'
[0.169s] Level 1:colcon.colcon_core.package_identification:_identify(src) by extension 'ignore_ament_install'
[0.169s] Level 1:colcon.colcon_core.package_identification:_identify(src) by extensions ['colcon_pkg']
[0.169s] Level 1:colcon.colcon_core.package_identification:_identify(src) by extension 'colcon_pkg'
[0.169s] Level 1:colcon.colcon_core.package_identification:_identify(src) by extensions ['colcon_meta']
[0.169s] Level 1:colcon.colcon_core.package_identification:_identify(src) by extension 'colcon_meta'
[0.169s] Level 1:colcon.colcon_core.package_identification:_identify(src) by extensions ['ros']
[0.169s] Level 1:colcon.colcon_core.package_identification:_identify(src) by extension 'ros'
[0.169s] Level 1:colcon.colcon_core.package_identification:_identify(src) by extensions ['cmake', 'python']
[0.169s] Level 1:colcon.colcon_core.package_identification:_identify(src) by extension 'cmake'
[0.169s] Level 1:colcon.colcon_core.package_identification:_identify(src) by extension 'python'
[0.169s] Level 1:colcon.colcon_core.package_identification:_identify(src) by extensions ['python_setup_py']
[0.169s] Level 1:colcon.colcon_core.package_identification:_identify(src) by extension 'python_setup_py'
[0.169s] Level 1:colcon.colcon_core.package_identification:_identify(src/activity1_cpp_pkg) by extensions ['ignore', 'ignore_ament_install']
[0.169s] Level 1:colcon.colcon_core.package_identification:_identify(src/activity1_cpp_pkg) by extension 'ignore'
[0.169s] Level 1:colcon.colcon_core.package_identification:_identify(src/activity1_cpp_pkg) by extension 'ignore_ament_install'
[0.170s] Level 1:colcon.colcon_core.package_identification:_identify(src/activity1_cpp_pkg) by extensions ['colcon_pkg']
[0.170s] Level 1:colcon.colcon_core.package_identification:_identify(src/activity1_cpp_pkg) by extension 'colcon_pkg'
[0.170s] Level 1:colcon.colcon_core.package_identification:_identify(src/activity1_cpp_pkg) by extensions ['colcon_meta']
[0.170s] Level 1:colcon.colcon_core.package_identification:_identify(src/activity1_cpp_pkg) by extension 'colcon_meta'
[0.170s] Level 1:colcon.colcon_core.package_identification:_identify(src/activity1_cpp_pkg) by extensions ['ros']
[0.170s] Level 1:colcon.colcon_core.package_identification:_identify(src/activity1_cpp_pkg) by extension 'ros'
[0.171s] DEBUG:colcon.colcon_core.package_identification:Package 'src/activity1_cpp_pkg' with type 'ros.ament_cmake' and name 'activity1_cpp_pkg'
[0.171s] Level 1:colcon.colcon_core.package_identification:_identify(src/activity1_interfaces) by extensions ['ignore', 'ignore_ament_install']
[0.171s] Level 1:colcon.colcon_core.package_identification:_identify(src/activity1_interfaces) by extension 'ignore'
[0.171s] Level 1:colcon.colcon_core.package_identification:_identify(src/activity1_interfaces) by extension 'ignore_ament_install'
[0.171s] Level 1:colcon.colcon_core.package_identification:_identify(src/activity1_interfaces) by extensions ['colcon_pkg']
[0.171s] Level 1:colcon.colcon_core.package_identification:_identify(src/activity1_interfaces) by extension 'colcon_pkg'
[0.172s] Level 1:colcon.colcon_core.package_identification:_identify(src/activity1_interfaces) by extensions ['colcon_meta']
[0.172s] Level 1:colcon.colcon_core.package_identification:_identify(src/activity1_interfaces) by extension 'colcon_meta'
[0.172s] Level 1:colcon.colcon_core.package_identification:_identify(src/activity1_interfaces) by extensions ['ros']
[0.172s] Level 1:colcon.colcon_core.package_identification:_identify(src/activity1_interfaces) by extension 'ros'
[0.172s] DEBUG:colcon.colcon_core.package_identification:Package 'src/activity1_interfaces' with type 'ros.ament_cmake' and name 'activity1_interfaces'
[0.172s] Level 1:colcon.colcon_core.package_identification:_identify(src/activity1_py_pkg) by extensions ['ignore', 'ignore_ament_install']
[0.172s] Level 1:colcon.colcon_core.package_identification:_identify(src/activity1_py_pkg) by extension 'ignore'
[0.172s] Level 1:colcon.colcon_core.package_identification:_identify(src/activity1_py_pkg) by extension 'ignore_ament_install'
[0.172s] Level 1:colcon.colcon_core.package_identification:_identify(src/activity1_py_pkg) by extensions ['colcon_pkg']
[0.172s] Level 1:colcon.colcon_core.package_identification:_identify(src/activity1_py_pkg) by extension 'colcon_pkg'
[0.172s] Level 1:colcon.colcon_core.package_identification:_identify(src/activity1_py_pkg) by extensions ['colcon_meta']
[0.172s] Level 1:colcon.colcon_core.package_identification:_identify(src/activity1_py_pkg) by extension 'colcon_meta'
[0.172s] Level 1:colcon.colcon_core.package_identification:_identify(src/activity1_py_pkg) by extensions ['ros']
[0.172s] Level 1:colcon.colcon_core.package_identification:_identify(src/activity1_py_pkg) by extension 'ros'
[0.172s] DEBUG:colcon.colcon_core.package_identification:Package 'src/activity1_py_pkg' with type 'ros.ament_python' and name 'activity1_py_pkg'
[0.173s] Level 1:colcon.colcon_core.package_discovery:discover_packages(recursive) using defaults
[0.173s] Level 1:colcon.colcon_core.package_discovery:discover_packages(ignore) discover
[0.173s] Level 1:colcon.colcon_core.package_discovery:discover_packages(ignore) using defaults
[0.173s] Level 1:colcon.colcon_core.package_discovery:discover_packages(path) discover
[0.173s] Level 1:colcon.colcon_core.package_discovery:discover_packages(path) using defaults
[0.190s] Level 1:colcon.colcon_core.package_discovery:discover_packages(prefix_path) check parameters
[0.190s] Level 1:colcon.colcon_core.package_discovery:discover_packages(prefix_path) discover
[0.191s] DEBUG:colcon.colcon_installed_package_information.package_discovery:Found 3 installed packages in /home/robomaven/activity1_ws/install
[0.191s] DEBUG:colcon.colcon_installed_package_information.package_discovery:Found 3 installed packages in /home/robomaven/ros2_ws/install
[0.192s] DEBUG:colcon.colcon_installed_package_information.package_discovery:Found 270 installed packages in /opt/ros/humble
[0.193s] Level 1:colcon.colcon_core.package_discovery:discover_packages(prefix_path) using defaults
[0.214s] Level 5:colcon.colcon_core.verb:set package 'activity1_interfaces' build argument 'cmake_args' from command line to 'None'
[0.214s] Level 5:colcon.colcon_core.verb:set package 'activity1_interfaces' build argument 'cmake_target' from command line to 'None'
[0.214s] Level 5:colcon.colcon_core.verb:set package 'activity1_interfaces' build argument 'cmake_target_skip_unavailable' from command line to 'False'
[0.214s] Level 5:colcon.colcon_core.verb:set package 'activity1_interfaces' build argument 'cmake_clean_cache' from command line to 'False'
[0.214s] Level 5:colcon.colcon_core.verb:set package 'activity1_interfaces' build argument 'cmake_clean_first' from command line to 'False'
[0.214s] Level 5:colcon.colcon_core.verb:set package 'activity1_interfaces' build argument 'cmake_force_configure' from command line to 'False'
[0.214s] Level 5:colcon.colcon_core.verb:set package 'activity1_interfaces' build argument 'ament_cmake_args' from command line to 'None'
[0.214s] Level 5:colcon.colcon_core.verb:set package 'activity1_interfaces' build argument 'catkin_cmake_args' from command line to 'None'
[0.214s] Level 5:colcon.colcon_core.verb:set package 'activity1_interfaces' build argument 'catkin_skip_building_tests' from command line to 'False'
[0.214s] DEBUG:colcon.colcon_core.verb:Building package 'activity1_interfaces' with the following arguments: {'ament_cmake_args': None, 'build_base': '/home/robomaven/activity1_ws/build/activity1_interfaces', 'catkin_cmake_args': None, 'catkin_skip_building_tests': False, 'cmake_args': None, 'cmake_clean_cache': False, 'cmake_clean_first': False, 'cmake_force_configure': False, 'cmake_target': None, 'cmake_target_skip_unavailable': False, 'install_base': '/home/robomaven/activity1_ws/install/activity1_interfaces', 'merge_install': False, 'path': '/home/robomaven/activity1_ws/src/activity1_interfaces', 'symlink_install': False, 'test_result_base': None}
[0.214s] Level 5:colcon.colcon_core.verb:set package 'activity1_cpp_pkg' build argument 'cmake_args' from command line to 'None'
[0.214s] Level 5:colcon.colcon_core.verb:set package 'activity1_cpp_pkg' build argument 'cmake_target' from command line to 'None'
[0.214s] Level 5:colcon.colcon_core.verb:set package 'activity1_cpp_pkg' build argument 'cmake_target_skip_unavailable' from command line to 'False'
[0.214s] Level 5:colcon.colcon_core.verb:set package 'activity1_cpp_pkg' build argument 'cmake_clean_cache' from command line to 'False'
[0.214s] Level 5:colcon.colcon_core.verb:set package 'activity1_cpp_pkg' build argument 'cmake_clean_first' from command line to 'False'
[0.214s] Level 5:colcon.colcon_core.verb:set package 'activity1_cpp_pkg' build argument 'cmake_force_configure' from command line to 'False'
[0.214s] Level 5:colcon.colcon_core.verb:set package 'activity1_cpp_pkg' build argument 'ament_cmake_args' from command line to 'None'
[0.214s] Level 5:colcon.colcon_core.verb:set package 'activity1_cpp_pkg' build argument 'catkin_cmake_args' from command line to 'None'
[0.214s] Level 5:colcon.colcon_core.verb:set package 'activity1_cpp_pkg' build argument 'catkin_skip_building_tests' from command line to 'False'
[0.214s] DEBUG:colcon.colcon_core.verb:Building package 'activity1_cpp_pkg' with the following arguments: {'ament_cmake_args': None, 'build_base': '/home/robomaven/activity1_ws/build/activity1_cpp_pkg', 'catkin_cmake_args': None, 'catkin_skip_building_tests': False, 'cmake_args': None, 'cmake_clean_cache': False, 'cmake_clean_first': False, 'cmake_force_configure': False, 'cmake_target': None, 'cmake_target_skip_unavailable': False, 'install_base': '/home/robomaven/activity1_ws/install/activity1_cpp_pkg', 'merge_install': False, 'path': '/home/robomaven/activity1_ws/src/activity1_cpp_pkg', 'symlink_install': False, 'test_result_base': None}
[0.215s] Level 5:colcon.colcon_core.verb:set package 'activity1_py_pkg' build argument 'cmake_args' from command line to 'None'
[0.215s] Level 5:colcon.colcon_core.verb:set package 'activity1_py_pkg' build argument 'cmake_target' from command line to 'None'
[0.215s] Level 5:colcon.colcon_core.verb:set package 'activity1_py_pkg' build argument 'cmake_target_skip_unavailable' from command line to 'False'
[0.215s] Level 5:colcon.colcon_core.verb:set package 'activity1_py_pkg' build argument 'cmake_clean_cache' from command line to 'False'
[0.215s] Level 5:colcon.colcon_core.verb:set package 'activity1_py_pkg' build argument 'cmake_clean_first' from command line to 'False'
[0.215s] Level 5:colcon.colcon_core.verb:set package 'activity1_py_pkg' build argument 'cmake_force_configure' from command line to 'False'
[0.215s] Level 5:colcon.colcon_core.verb:set package 'activity1_py_pkg' build argument 'ament_cmake_args' from command line to 'None'
[0.215s] Level 5:colcon.colcon_core.verb:set package 'activity1_py_pkg' build argument 'catkin_cmake_args' from command line to 'None'
[0.215s] Level 5:colcon.colcon_core.verb:set package 'activity1_py_pkg' build argument 'catkin_skip_building_tests' from command line to 'False'
[0.215s] DEBUG:colcon.colcon_core.verb:Building package 'activity1_py_pkg' with the following arguments: {'ament_cmake_args': None, 'build_base': '/home/robomaven/activity1_ws/build/activity1_py_pkg', 'catkin_cmake_args': None, 'catkin_skip_building_tests': False, 'cmake_args': None, 'cmake_clean_cache': False, 'cmake_clean_first': False, 'cmake_force_configure': False, 'cmake_target': None, 'cmake_target_skip_unavailable': False, 'install_base': '/home/robomaven/activity1_ws/install/activity1_py_pkg', 'merge_install': False, 'path': '/home/robomaven/activity1_ws/src/activity1_py_pkg', 'symlink_install': False, 'test_result_base': None}
[0.215s] INFO:colcon.colcon_core.executor:Executing jobs using 'parallel' executor
[0.215s] DEBUG:colcon.colcon_parallel_executor.executor.parallel:run_until_complete
[0.216s] INFO:colcon.colcon_ros.task.ament_cmake.build:Building ROS package in '/home/robomaven/activity1_ws/src/activity1_interfaces' with build type 'ament_cmake'
[0.216s] INFO:colcon.colcon_cmake.task.cmake.build:Building CMake package in '/home/robomaven/activity1_ws/src/activity1_interfaces'
[0.217s] INFO:colcon.colcon_core.plugin_system:Skipping extension 'colcon_core.shell.bat': Not used on non-Windows systems
[0.217s] INFO:colcon.colcon_core.shell:Skip shell extension 'powershell' for command environment: Not usable outside of PowerShell
[0.217s] DEBUG:colcon.colcon_core.shell:Skip shell extension 'dsv' for command environment
[0.223s] DEBUG:colcon.colcon_core.event_handler.log_command:Invoking command in '/home/robomaven/activity1_ws/build/activity1_interfaces': CMAKE_PREFIX_PATH=${CMAKE_PREFIX_PATH}:/home/robomaven/ros2_ws/install/my_py_pkg:/home/robomaven/activity1_ws/install/activity1_py_pkg:/opt/ros/humble /usr/bin/cmake --build /home/robomaven/activity1_ws/build/activity1_interfaces -- -j20 -l20
[0.447s] DEBUG:colcon.colcon_core.event_handler.log_command:Invoked command in '/home/robomaven/activity1_ws/build/activity1_interfaces' returned '0': CMAKE_PREFIX_PATH=${CMAKE_PREFIX_PATH}:/home/robomaven/ros2_ws/install/my_py_pkg:/home/robomaven/activity1_ws/install/activity1_py_pkg:/opt/ros/humble /usr/bin/cmake --build /home/robomaven/activity1_ws/build/activity1_interfaces -- -j20 -l20
[0.523s] DEBUG:colcon.colcon_core.event_handler.log_command:Invoking command in '/home/robomaven/activity1_ws/build/activity1_interfaces': CMAKE_PREFIX_PATH=${CMAKE_PREFIX_PATH}:/home/robomaven/ros2_ws/install/my_py_pkg:/home/robomaven/activity1_ws/install/activity1_py_pkg:/opt/ros/humble /usr/bin/cmake --install /home/robomaven/activity1_ws/build/activity1_interfaces
[0.564s] Level 1:colcon.colcon_core.environment:create_environment_scripts_only(activity1_interfaces)
[0.564s] DEBUG:colcon.colcon_core.event_handler.log_command:Invoked command in '/home/robomaven/activity1_ws/build/activity1_interfaces' returned '0': CMAKE_PREFIX_PATH=${CMAKE_PREFIX_PATH}:/home/robomaven/ros2_ws/install/my_py_pkg:/home/robomaven/activity1_ws/install/activity1_py_pkg:/opt/ros/humble /usr/bin/cmake --install /home/robomaven/activity1_ws/build/activity1_interfaces
[0.566s] Level 1:colcon.colcon_core.environment:checking '/home/robomaven/activity1_ws/install/activity1_interfaces' for CMake module files
[0.566s] Level 1:colcon.colcon_core.environment:checking '/home/robomaven/activity1_ws/install/activity1_interfaces' for CMake config files
[0.566s] Level 1:colcon.colcon_core.shell:create_environment_hook('activity1_interfaces', 'cmake_prefix_path')
[0.566s] INFO:colcon.colcon_core.shell:Creating environment hook '/home/robomaven/activity1_ws/install/activity1_interfaces/share/activity1_interfaces/hook/cmake_prefix_path.ps1'
[0.567s] INFO:colcon.colcon_core.shell:Creating environment descriptor '/home/robomaven/activity1_ws/install/activity1_interfaces/share/activity1_interfaces/hook/cmake_prefix_path.dsv'
[0.567s] INFO:colcon.colcon_core.shell:Creating environment hook '/home/robomaven/activity1_ws/install/activity1_interfaces/share/activity1_interfaces/hook/cmake_prefix_path.sh'
[0.568s] Level 1:colcon.colcon_core.environment:checking '/home/robomaven/activity1_ws/install/activity1_interfaces/lib'
[0.568s] Level 1:colcon.colcon_core.shell:create_environment_hook('activity1_interfaces', 'ld_library_path_lib')
[0.568s] INFO:colcon.colcon_core.shell:Creating environment hook '/home/robomaven/activity1_ws/install/activity1_interfaces/share/activity1_interfaces/hook/ld_library_path_lib.ps1'
[0.568s] INFO:colcon.colcon_core.shell:Creating environment descriptor '/home/robomaven/activity1_ws/install/activity1_interfaces/share/activity1_interfaces/hook/ld_library_path_lib.dsv'
[0.568s] INFO:colcon.colcon_core.shell:Creating environment hook '/home/robomaven/activity1_ws/install/activity1_interfaces/share/activity1_interfaces/hook/ld_library_path_lib.sh'
[0.568s] Level 1:colcon.colcon_core.environment:checking '/home/robomaven/activity1_ws/install/activity1_interfaces/bin'
[0.568s] Level 1:colcon.colcon_core.environment:checking '/home/robomaven/activity1_ws/install/activity1_interfaces/lib/pkgconfig/activity1_interfaces.pc'
[0.569s] Level 1:colcon.colcon_core.environment:checking '/home/robomaven/activity1_ws/install/activity1_interfaces/lib/python3.10/site-packages'
[0.569s] Level 1:colcon.colcon_core.environment:checking '/home/robomaven/activity1_ws/install/activity1_interfaces/bin'
[0.569s] INFO:colcon.colcon_core.shell:Creating package script '/home/robomaven/activity1_ws/install/activity1_interfaces/share/activity1_interfaces/package.ps1'
[0.569s] INFO:colcon.colcon_core.shell:Creating package descriptor '/home/robomaven/activity1_ws/install/activity1_interfaces/share/activity1_interfaces/package.dsv'
[0.570s] INFO:colcon.colcon_core.shell:Creating package script '/home/robomaven/activity1_ws/install/activity1_interfaces/share/activity1_interfaces/package.sh'
[0.570s] INFO:colcon.colcon_core.shell:Creating package script '/home/robomaven/activity1_ws/install/activity1_interfaces/share/activity1_interfaces/package.bash'
[0.570s] INFO:colcon.colcon_core.shell:Creating package script '/home/robomaven/activity1_ws/install/activity1_interfaces/share/activity1_interfaces/package.zsh'
[0.571s] Level 1:colcon.colcon_core.environment:create_file_with_runtime_dependencies(/home/robomaven/activity1_ws/install/activity1_interfaces/share/colcon-core/packages/activity1_interfaces)
[0.656s] Level 1:colcon.colcon_core.environment:create_environment_scripts_only(activity1_interfaces)
[0.657s] Level 1:colcon.colcon_core.environment:checking '/home/robomaven/activity1_ws/install/activity1_interfaces' for CMake module files
[0.657s] Level 1:colcon.colcon_core.environment:checking '/home/robomaven/activity1_ws/install/activity1_interfaces' for CMake config files
[0.658s] Level 1:colcon.colcon_core.shell:create_environment_hook('activity1_interfaces', 'cmake_prefix_path')
[0.658s] INFO:colcon.colcon_core.shell:Creating environment hook '/home/robomaven/activity1_ws/install/activity1_interfaces/share/activity1_interfaces/hook/cmake_prefix_path.ps1'
[0.659s] INFO:colcon.colcon_core.shell:Creating environment descriptor '/home/robomaven/activity1_ws/install/activity1_interfaces/share/activity1_interfaces/hook/cmake_prefix_path.dsv'
[0.659s] INFO:colcon.colcon_core.shell:Creating environment hook '/home/robomaven/activity1_ws/install/activity1_interfaces/share/activity1_interfaces/hook/cmake_prefix_path.sh'
[0.660s] Level 1:colcon.colcon_core.environment:checking '/home/robomaven/activity1_ws/install/activity1_interfaces/lib'
[0.660s] Level 1:colcon.colcon_core.shell:create_environment_hook('activity1_interfaces', 'ld_library_path_lib')
[0.660s] INFO:colcon.colcon_core.shell:Creating environment hook '/home/robomaven/activity1_ws/install/activity1_interfaces/share/activity1_interfaces/hook/ld_library_path_lib.ps1'
[0.660s] INFO:colcon.colcon_core.shell:Creating environment descriptor '/home/robomaven/activity1_ws/install/activity1_interfaces/share/activity1_interfaces/hook/ld_library_path_lib.dsv'
[0.661s] INFO:colcon.colcon_core.shell:Creating environment hook '/home/robomaven/activity1_ws/install/activity1_interfaces/share/activity1_interfaces/hook/ld_library_path_lib.sh'
[0.661s] Level 1:colcon.colcon_core.environment:checking '/home/robomaven/activity1_ws/install/activity1_interfaces/bin'
[0.661s] Level 1:colcon.colcon_core.environment:checking '/home/robomaven/activity1_ws/install/activity1_interfaces/lib/pkgconfig/activity1_interfaces.pc'
[0.661s] Level 1:colcon.colcon_core.environment:checking '/home/robomaven/activity1_ws/install/activity1_interfaces/lib/python3.10/site-packages'
[0.661s] Level 1:colcon.colcon_core.environment:checking '/home/robomaven/activity1_ws/install/activity1_interfaces/bin'
[0.662s] INFO:colcon.colcon_core.shell:Creating package script '/home/robomaven/activity1_ws/install/activity1_interfaces/share/activity1_interfaces/package.ps1'
[0.662s] INFO:colcon.colcon_core.shell:Creating package descriptor '/home/robomaven/activity1_ws/install/activity1_interfaces/share/activity1_interfaces/package.dsv'
[0.663s] INFO:colcon.colcon_core.shell:Creating package script '/home/robomaven/activity1_ws/install/activity1_interfaces/share/activity1_interfaces/package.sh'
[0.663s] INFO:colcon.colcon_core.shell:Creating package script '/home/robomaven/activity1_ws/install/activity1_interfaces/share/activity1_interfaces/package.bash'
[0.664s] INFO:colcon.colcon_core.shell:Creating package script '/home/robomaven/activity1_ws/install/activity1_interfaces/share/activity1_interfaces/package.zsh'
[0.664s] Level 1:colcon.colcon_core.environment:create_file_with_runtime_dependencies(/home/robomaven/activity1_ws/install/activity1_interfaces/share/colcon-core/packages/activity1_interfaces)
[0.664s] INFO:colcon.colcon_ros.task.ament_cmake.build:Building ROS package in '/home/robomaven/activity1_ws/src/activity1_cpp_pkg' with build type 'ament_cmake'
[0.665s] INFO:colcon.colcon_cmake.task.cmake.build:Building CMake package in '/home/robomaven/activity1_ws/src/activity1_cpp_pkg'
[0.665s] INFO:colcon.colcon_core.shell:Skip shell extension 'powershell' for command environment: Not usable outside of PowerShell
[0.665s] DEBUG:colcon.colcon_core.shell:Skip shell extension 'dsv' for command environment
[0.669s] INFO:colcon.colcon_ros.task.ament_python.build:Building ROS package in '/home/robomaven/activity1_ws/src/activity1_py_pkg' with build type 'ament_python'
[0.669s] Level 1:colcon.colcon_core.shell:create_environment_hook('activity1_py_pkg', 'ament_prefix_path')
[0.670s] INFO:colcon.colcon_core.shell:Creating environment hook '/home/robomaven/activity1_ws/install/activity1_py_pkg/share/activity1_py_pkg/hook/ament_prefix_path.ps1'
[0.670s] INFO:colcon.colcon_core.shell:Creating environment descriptor '/home/robomaven/activity1_ws/install/activity1_py_pkg/share/activity1_py_pkg/hook/ament_prefix_path.dsv'
[0.670s] INFO:colcon.colcon_core.shell:Creating environment hook '/home/robomaven/activity1_ws/install/activity1_py_pkg/share/activity1_py_pkg/hook/ament_prefix_path.sh'
[0.671s] INFO:colcon.colcon_core.shell:Skip shell extension 'powershell' for command environment: Not usable outside of PowerShell
[0.671s] DEBUG:colcon.colcon_core.shell:Skip shell extension 'dsv' for command environment
[0.677s] DEBUG:colcon.colcon_core.event_handler.log_command:Invoking command in '/home/robomaven/activity1_ws/build/activity1_cpp_pkg': CMAKE_PREFIX_PATH=/home/robomaven/activity1_ws/install/activity1_interfaces:/home/robomaven/ros2_ws/install/my_cpp_pkg:/home/robomaven/ros2_ws/install/my_robot_interfaces:/home/robomaven/activity1_ws/install/activity1_cpp_pkg:/home/robomaven/ros2_ws/install/my_py_pkg:/home/robomaven/activity1_ws/install/activity1_py_pkg:/opt/ros/humble LD_LIBRARY_PATH=/home/robomaven/activity1_ws/install/activity1_interfaces/lib:/home/robomaven/ros2_ws/install/my_robot_interfaces/lib:/opt/ros/humble/opt/rviz_ogre_vendor/lib:/opt/ros/humble/lib/x86_64-linux-gnu:/opt/ros/humble/lib /usr/bin/cmake --build /home/robomaven/activity1_ws/build/activity1_cpp_pkg -- -j20 -l20
[0.837s] INFO:colcon.colcon_core.task.python.build:Building Python package in '/home/robomaven/activity1_ws/src/activity1_py_pkg'
[0.838s] INFO:colcon.colcon_core.shell:Skip shell extension 'powershell' for command environment: Not usable outside of PowerShell
[0.838s] DEBUG:colcon.colcon_core.shell:Skip shell extension 'dsv' for command environment
[1.045s] DEBUG:colcon.colcon_core.event_handler.log_command:Invoking command in '/home/robomaven/activity1_ws/build/activity1_py_pkg': CMAKE_PREFIX_PATH=/home/robomaven/activity1_ws/install/activity1_interfaces:/home/robomaven/ros2_ws/install/my_cpp_pkg:/home/robomaven/ros2_ws/install/my_robot_interfaces:/home/robomaven/activity1_ws/install/activity1_cpp_pkg LD_LIBRARY_PATH=/home/robomaven/activity1_ws/install/activity1_interfaces/lib:/home/robomaven/ros2_ws/install/my_robot_interfaces/lib:/opt/ros/humble/opt/rviz_ogre_vendor/lib:/opt/ros/humble/lib/x86_64-linux-gnu:/opt/ros/humble/lib PYTHONPATH=/home/robomaven/activity1_ws/build/activity1_py_pkg/prefix_override:/home/robomaven/activity1_ws/install/activity1_py_pkg/lib/python3.10/site-packages:${PYTHONPATH} /usr/bin/python3 -W ignore:setup.py install is deprecated setup.py develop --uninstall --editable --build-directory /home/robomaven/activity1_ws/build/activity1_py_pkg/build
[1.301s] DEBUG:colcon.colcon_core.event_handler.log_command:Invoked command in '/home/robomaven/activity1_ws/build/activity1_py_pkg' returned '0': CMAKE_PREFIX_PATH=/home/robomaven/activity1_ws/install/activity1_interfaces:/home/robomaven/ros2_ws/install/my_cpp_pkg:/home/robomaven/ros2_ws/install/my_robot_interfaces:/home/robomaven/activity1_ws/install/activity1_cpp_pkg LD_LIBRARY_PATH=/home/robomaven/activity1_ws/install/activity1_interfaces/lib:/home/robomaven/ros2_ws/install/my_robot_interfaces/lib:/opt/ros/humble/opt/rviz_ogre_vendor/lib:/opt/ros/humble/lib/x86_64-linux-gnu:/opt/ros/humble/lib PYTHONPATH=/home/robomaven/activity1_ws/build/activity1_py_pkg/prefix_override:/home/robomaven/activity1_ws/install/activity1_py_pkg/lib/python3.10/site-packages:${PYTHONPATH} /usr/bin/python3 -W ignore:setup.py install is deprecated setup.py develop --uninstall --editable --build-directory /home/robomaven/activity1_ws/build/activity1_py_pkg/build
[1.303s] DEBUG:colcon.colcon_core.event_handler.log_command:Invoking command in '/home/robomaven/activity1_ws/src/activity1_py_pkg': CMAKE_PREFIX_PATH=/home/robomaven/activity1_ws/install/activity1_interfaces:/home/robomaven/ros2_ws/install/my_cpp_pkg:/home/robomaven/ros2_ws/install/my_robot_interfaces:/home/robomaven/activity1_ws/install/activity1_cpp_pkg LD_LIBRARY_PATH=/home/robomaven/activity1_ws/install/activity1_interfaces/lib:/home/robomaven/ros2_ws/install/my_robot_interfaces/lib:/opt/ros/humble/opt/rviz_ogre_vendor/lib:/opt/ros/humble/lib/x86_64-linux-gnu:/opt/ros/humble/lib PYTHONPATH=/home/robomaven/activity1_ws/build/activity1_py_pkg/prefix_override:/home/robomaven/activity1_ws/install/activity1_py_pkg/lib/python3.10/site-packages:${PYTHONPATH} /usr/bin/python3 -W ignore:setup.py install is deprecated setup.py egg_info --egg-base ../../build/activity1_py_pkg build --build-base /home/robomaven/activity1_ws/build/activity1_py_pkg/build install --record /home/robomaven/activity1_ws/build/activity1_py_pkg/install.log --single-version-externally-managed install_data --force
[1.484s] Level 1:colcon.colcon_core.environment:checking '/home/robomaven/activity1_ws/install/activity1_py_pkg' for CMake module files
[1.485s] DEBUG:colcon.colcon_core.event_handler.log_command:Invoked command in '/home/robomaven/activity1_ws/src/activity1_py_pkg' returned '0': CMAKE_PREFIX_PATH=/home/robomaven/activity1_ws/install/activity1_interfaces:/home/robomaven/ros2_ws/install/my_cpp_pkg:/home/robomaven/ros2_ws/install/my_robot_interfaces:/home/robomaven/activity1_ws/install/activity1_cpp_pkg LD_LIBRARY_PATH=/home/robomaven/activity1_ws/install/activity1_interfaces/lib:/home/robomaven/ros2_ws/install/my_robot_interfaces/lib:/opt/ros/humble/opt/rviz_ogre_vendor/lib:/opt/ros/humble/lib/x86_64-linux-gnu:/opt/ros/humble/lib PYTHONPATH=/home/robomaven/activity1_ws/build/activity1_py_pkg/prefix_override:/home/robomaven/activity1_ws/install/activity1_py_pkg/lib/python3.10/site-packages:${PYTHONPATH} /usr/bin/python3 -W ignore:setup.py install is deprecated setup.py egg_info --egg-base ../../build/activity1_py_pkg build --build-base /home/robomaven/activity1_ws/build/activity1_py_pkg/build install --record /home/robomaven/activity1_ws/build/activity1_py_pkg/install.log --single-version-externally-managed install_data --force
[1.485s] Level 1:colcon.colcon_core.environment:checking '/home/robomaven/activity1_ws/install/activity1_py_pkg' for CMake config files
[1.485s] Level 1:colcon.colcon_core.environment:checking '/home/robomaven/activity1_ws/install/activity1_py_pkg/lib'
[1.485s] Level 1:colcon.colcon_core.environment:checking '/home/robomaven/activity1_ws/install/activity1_py_pkg/bin'
[1.485s] Level 1:colcon.colcon_core.environment:checking '/home/robomaven/activity1_ws/install/activity1_py_pkg/lib/pkgconfig/activity1_py_pkg.pc'
[1.485s] Level 1:colcon.colcon_core.environment:checking '/home/robomaven/activity1_ws/install/activity1_py_pkg/lib/python3.10/site-packages'
[1.486s] Level 1:colcon.colcon_core.shell:create_environment_hook('activity1_py_pkg', 'pythonpath')
[1.486s] INFO:colcon.colcon_core.shell:Creating environment hook '/home/robomaven/activity1_ws/install/activity1_py_pkg/share/activity1_py_pkg/hook/pythonpath.ps1'
[1.486s] INFO:colcon.colcon_core.shell:Creating environment descriptor '/home/robomaven/activity1_ws/install/activity1_py_pkg/share/activity1_py_pkg/hook/pythonpath.dsv'
[1.486s] INFO:colcon.colcon_core.shell:Creating environment hook '/home/robomaven/activity1_ws/install/activity1_py_pkg/share/activity1_py_pkg/hook/pythonpath.sh'
[1.486s] Level 1:colcon.colcon_core.environment:checking '/home/robomaven/activity1_ws/install/activity1_py_pkg/bin'
[1.487s] Level 1:colcon.colcon_core.environment:create_environment_scripts_only(activity1_py_pkg)
[1.487s] INFO:colcon.colcon_core.shell:Creating package script '/home/robomaven/activity1_ws/install/activity1_py_pkg/share/activity1_py_pkg/package.ps1'
[1.487s] INFO:colcon.colcon_core.shell:Creating package descriptor '/home/robomaven/activity1_ws/install/activity1_py_pkg/share/activity1_py_pkg/package.dsv'
[1.487s] INFO:colcon.colcon_core.shell:Creating package script '/home/robomaven/activity1_ws/install/activity1_py_pkg/share/activity1_py_pkg/package.sh'
[1.487s] INFO:colcon.colcon_core.shell:Creating package script '/home/robomaven/activity1_ws/install/activity1_py_pkg/share/activity1_py_pkg/package.bash'
[1.488s] INFO:colcon.colcon_core.shell:Creating package script '/home/robomaven/activity1_ws/install/activity1_py_pkg/share/activity1_py_pkg/package.zsh'
[1.488s] Level 1:colcon.colcon_core.environment:create_file_with_runtime_dependencies(/home/robomaven/activity1_ws/install/activity1_py_pkg/share/colcon-core/packages/activity1_py_pkg)
[3.472s] DEBUG:colcon.colcon_core.event_handler.log_command:Invoked command in '/home/robomaven/activity1_ws/build/activity1_cpp_pkg' returned '0': CMAKE_PREFIX_PATH=/home/robomaven/activity1_ws/install/activity1_interfaces:/home/robomaven/ros2_ws/install/my_cpp_pkg:/home/robomaven/ros2_ws/install/my_robot_interfaces:/home/robomaven/activity1_ws/install/activity1_cpp_pkg:/home/robomaven/ros2_ws/install/my_py_pkg:/home/robomaven/activity1_ws/install/activity1_py_pkg:/opt/ros/humble LD_LIBRARY_PATH=/home/robomaven/activity1_ws/install/activity1_interfaces/lib:/home/robomaven/ros2_ws/install/my_robot_interfaces/lib:/opt/ros/humble/opt/rviz_ogre_vendor/lib:/opt/ros/humble/lib/x86_64-linux-gnu:/opt/ros/humble/lib /usr/bin/cmake --build /home/robomaven/activity1_ws/build/activity1_cpp_pkg -- -j20 -l20
[3.497s] DEBUG:colcon.colcon_core.event_handler.log_command:Invoking command in '/home/robomaven/activity1_ws/build/activity1_cpp_pkg': CMAKE_PREFIX_PATH=/home/robomaven/activity1_ws/install/activity1_interfaces:/home/robomaven/ros2_ws/install/my_cpp_pkg:/home/robomaven/ros2_ws/install/my_robot_interfaces:/home/robomaven/activity1_ws/install/activity1_cpp_pkg:/home/robomaven/ros2_ws/install/my_py_pkg:/home/robomaven/activity1_ws/install/activity1_py_pkg:/opt/ros/humble LD_LIBRARY_PATH=/home/robomaven/activity1_ws/install/activity1_interfaces/lib:/home/robomaven/ros2_ws/install/my_robot_interfaces/lib:/opt/ros/humble/opt/rviz_ogre_vendor/lib:/opt/ros/humble/lib/x86_64-linux-gnu:/opt/ros/humble/lib /usr/bin/cmake --install /home/robomaven/activity1_ws/build/activity1_cpp_pkg
[3.510s] Level 1:colcon.colcon_core.environment:create_environment_scripts_only(activity1_cpp_pkg)
[3.510s] DEBUG:colcon.colcon_core.event_handler.log_command:Invoked command in '/home/robomaven/activity1_ws/build/activity1_cpp_pkg' returned '0': CMAKE_PREFIX_PATH=/home/robomaven/activity1_ws/install/activity1_interfaces:/home/robomaven/ros2_ws/install/my_cpp_pkg:/home/robomaven/ros2_ws/install/my_robot_interfaces:/home/robomaven/activity1_ws/install/activity1_cpp_pkg:/home/robomaven/ros2_ws/install/my_py_pkg:/home/robomaven/activity1_ws/install/activity1_py_pkg:/opt/ros/humble LD_LIBRARY_PATH=/home/robomaven/activity1_ws/install/activity1_interfaces/lib:/home/robomaven/ros2_ws/install/my_robot_interfaces/lib:/opt/ros/humble/opt/rviz_ogre_vendor/lib:/opt/ros/humble/lib/x86_64-linux-gnu:/opt/ros/humble/lib /usr/bin/cmake --install /home/robomaven/activity1_ws/build/activity1_cpp_pkg
[3.511s] Level 1:colcon.colcon_core.environment:checking '/home/robomaven/activity1_ws/install/activity1_cpp_pkg' for CMake module files
[3.511s] Level 1:colcon.colcon_core.environment:checking '/home/robomaven/activity1_ws/install/activity1_cpp_pkg' for CMake config files
[3.511s] Level 1:colcon.colcon_core.shell:create_environment_hook('activity1_cpp_pkg', 'cmake_prefix_path')
[3.512s] INFO:colcon.colcon_core.shell:Creating environment hook '/home/robomaven/activity1_ws/install/activity1_cpp_pkg/share/activity1_cpp_pkg/hook/cmake_prefix_path.ps1'
[3.512s] INFO:colcon.colcon_core.shell:Creating environment descriptor '/home/robomaven/activity1_ws/install/activity1_cpp_pkg/share/activity1_cpp_pkg/hook/cmake_prefix_path.dsv'
[3.512s] INFO:colcon.colcon_core.shell:Creating environment hook '/home/robomaven/activity1_ws/install/activity1_cpp_pkg/share/activity1_cpp_pkg/hook/cmake_prefix_path.sh'
[3.513s] Level 1:colcon.colcon_core.environment:checking '/home/robomaven/activity1_ws/install/activity1_cpp_pkg/lib'
[3.513s] Level 1:colcon.colcon_core.environment:checking '/home/robomaven/activity1_ws/install/activity1_cpp_pkg/bin'
[3.513s] Level 1:colcon.colcon_core.environment:checking '/home/robomaven/activity1_ws/install/activity1_cpp_pkg/lib/pkgconfig/activity1_cpp_pkg.pc'
[3.513s] Level 1:colcon.colcon_core.environment:checking '/home/robomaven/activity1_ws/install/activity1_cpp_pkg/lib/python3.10/site-packages'
[3.514s] Level 1:colcon.colcon_core.environment:checking '/home/robomaven/activity1_ws/install/activity1_cpp_pkg/bin'
[3.514s] INFO:colcon.colcon_core.shell:Creating package script '/home/robomaven/activity1_ws/install/activity1_cpp_pkg/share/activity1_cpp_pkg/package.ps1'
[3.514s] INFO:colcon.colcon_core.shell:Creating package descriptor '/home/robomaven/activity1_ws/install/activity1_cpp_pkg/share/activity1_cpp_pkg/package.dsv'
[3.515s] INFO:colcon.colcon_core.shell:Creating package script '/home/robomaven/activity1_ws/install/activity1_cpp_pkg/share/activity1_cpp_pkg/package.sh'
[3.515s] INFO:colcon.colcon_core.shell:Creating package script '/home/robomaven/activity1_ws/install/activity1_cpp_pkg/share/activity1_cpp_pkg/package.bash'
[3.515s] INFO:colcon.colcon_core.shell:Creating package script '/home/robomaven/activity1_ws/install/activity1_cpp_pkg/share/activity1_cpp_pkg/package.zsh'
[3.515s] Level 1:colcon.colcon_core.environment:create_file_with_runtime_dependencies(/home/robomaven/activity1_ws/install/activity1_cpp_pkg/share/colcon-core/packages/activity1_cpp_pkg)
[3.548s] Level 1:colcon.colcon_core.environment:create_environment_scripts_only(activity1_cpp_pkg)
[3.549s] Level 1:colcon.colcon_core.environment:checking '/home/robomaven/activity1_ws/install/activity1_cpp_pkg' for CMake module files
[3.549s] Level 1:colcon.colcon_core.environment:checking '/home/robomaven/activity1_ws/install/activity1_cpp_pkg' for CMake config files
[3.549s] Level 1:colcon.colcon_core.shell:create_environment_hook('activity1_cpp_pkg', 'cmake_prefix_path')
[3.550s] INFO:colcon.colcon_core.shell:Creating environment hook '/home/robomaven/activity1_ws/install/activity1_cpp_pkg/share/activity1_cpp_pkg/hook/cmake_prefix_path.ps1'
[3.550s] INFO:colcon.colcon_core.shell:Creating environment descriptor '/home/robomaven/activity1_ws/install/activity1_cpp_pkg/share/activity1_cpp_pkg/hook/cmake_prefix_path.dsv'
[3.550s] INFO:colcon.colcon_core.shell:Creating environment hook '/home/robomaven/activity1_ws/install/activity1_cpp_pkg/share/activity1_cpp_pkg/hook/cmake_prefix_path.sh'
[3.551s] Level 1:colcon.colcon_core.environment:checking '/home/robomaven/activity1_ws/install/activity1_cpp_pkg/lib'
[3.551s] Level 1:colcon.colcon_core.environment:checking '/home/robomaven/activity1_ws/install/activity1_cpp_pkg/bin'
[3.551s] Level 1:colcon.colcon_core.environment:checking '/home/robomaven/activity1_ws/install/activity1_cpp_pkg/lib/pkgconfig/activity1_cpp_pkg.pc'
[3.551s] Level 1:colcon.colcon_core.environment:checking '/home/robomaven/activity1_ws/install/activity1_cpp_pkg/lib/python3.10/site-packages'
[3.551s] Level 1:colcon.colcon_core.environment:checking '/home/robomaven/activity1_ws/install/activity1_cpp_pkg/bin'
[3.552s] INFO:colcon.colcon_core.shell:Creating package script '/home/robomaven/activity1_ws/install/activity1_cpp_pkg/share/activity1_cpp_pkg/package.ps1'
[3.552s] INFO:colcon.colcon_core.shell:Creating package descriptor '/home/robomaven/activity1_ws/install/activity1_cpp_pkg/share/activity1_cpp_pkg/package.dsv'
[3.553s] INFO:colcon.colcon_core.shell:Creating package script '/home/robomaven/activity1_ws/install/activity1_cpp_pkg/share/activity1_cpp_pkg/package.sh'
[3.553s] INFO:colcon.colcon_core.shell:Creating package script '/home/robomaven/activity1_ws/install/activity1_cpp_pkg/share/activity1_cpp_pkg/package.bash'
[3.553s] INFO:colcon.colcon_core.shell:Creating package script '/home/robomaven/activity1_ws/install/activity1_cpp_pkg/share/activity1_cpp_pkg/package.zsh'
[3.554s] Level 1:colcon.colcon_core.environment:create_file_with_runtime_dependencies(/home/robomaven/activity1_ws/install/activity1_cpp_pkg/share/colcon-core/packages/activity1_cpp_pkg)
[3.554s] DEBUG:colcon.colcon_parallel_executor.executor.parallel:closing loop
[3.554s] DEBUG:colcon.colcon_parallel_executor.executor.parallel:loop closed
[3.554s] DEBUG:colcon.colcon_parallel_executor.executor.parallel:run_until_complete finished with '0'
[3.554s] DEBUG:colcon.colcon_core.event_reactor:joining thread
[3.560s] INFO:colcon.colcon_core.plugin_system:Skipping extension 'colcon_notification.desktop_notification.terminal_notifier': Not used on non-Darwin systems
[3.560s] INFO:colcon.colcon_core.plugin_system:Skipping extension 'colcon_notification.desktop_notification.win32': Not used on non-Windows systems
[3.560s] INFO:colcon.colcon_notification.desktop_notification:Sending desktop notification using 'notify2'
[3.569s] DEBUG:colcon.colcon_core.event_reactor:joined thread
[3.570s] INFO:colcon.colcon_core.shell:Creating prefix script '/home/robomaven/activity1_ws/install/local_setup.ps1'
[3.571s] INFO:colcon.colcon_core.shell:Creating prefix util module '/home/robomaven/activity1_ws/install/_local_setup_util_ps1.py'
[3.572s] INFO:colcon.colcon_core.shell:Creating prefix chain script '/home/robomaven/activity1_ws/install/setup.ps1'
[3.573s] INFO:colcon.colcon_core.shell:Creating prefix script '/home/robomaven/activity1_ws/install/local_setup.sh'
[3.574s] INFO:colcon.colcon_core.shell:Creating prefix util module '/home/robomaven/activity1_ws/install/_local_setup_util_sh.py'
[3.574s] INFO:colcon.colcon_core.shell:Creating prefix chain script '/home/robomaven/activity1_ws/install/setup.sh'
[3.575s] INFO:colcon.colcon_core.shell:Creating prefix script '/home/robomaven/activity1_ws/install/local_setup.bash'
[3.576s] INFO:colcon.colcon_core.shell:Creating prefix chain script '/home/robomaven/activity1_ws/install/setup.bash'
[3.577s] INFO:colcon.colcon_core.shell:Creating prefix script '/home/robomaven/activity1_ws/install/local_setup.zsh'
[3.577s] INFO:colcon.colcon_core.shell:Creating prefix chain script '/home/robomaven/activity1_ws/install/setup.zsh'
