[0.008s] Invoking command in '/home/robomaven/ws/ros2_ws3/build/actions_cpp': CMAKE_PREFIX_PATH=/home/robomaven/ws/ros2_ws3/install/my_robot_interfaces:/home/robomaven/ws/ros2_ws3/install/actions_cpp:/home/robomaven/ws/ros2_ws3/install/actions_py:/opt/ros/humble LD_LIBRARY_PATH=/home/robomaven/ws/ros2_ws3/install/my_robot_interfaces/lib:/usr/lib/x86_64-linux-gnu/gazebo-11/plugins:/opt/ros/humble/opt/rviz_ogre_vendor/lib:/opt/ros/humble/lib/x86_64-linux-gnu:/opt/ros/humble/lib:/usr/share/gazebo/../../lib/x86_64-linux-gnu/gazebo-11/plugins /usr/bin/cmake --build /home/robomaven/ws/ros2_ws3/build/actions_cpp -- -j20 -l20
[0.024s] -- Found ament_cmake: 1.3.9 (/opt/ros/humble/share/ament_cmake/cmake)
[0.113s] -- Found rclcpp: 16.0.9 (/opt/ros/humble/share/rclcpp/cmake)
[0.132s] -- Found rosidl_generator_c: 3.1.5 (/opt/ros/humble/share/rosidl_generator_c/cmake)
[0.133s] -- Found rosidl_adapter: 3.1.5 (/opt/ros/humble/share/rosidl_adapter/cmake)
[0.137s] -- Found rosidl_generator_cpp: 3.1.5 (/opt/ros/humble/share/rosidl_generator_cpp/cmake)
[0.144s] -- Using all available rosidl_typesupport_c: rosidl_typesupport_fastrtps_c;rosidl_typesupport_introspection_c
[0.154s] -- Using all available rosidl_typesupport_cpp: rosidl_typesupport_fastrtps_cpp;rosidl_typesupport_introspection_cpp
[0.191s] -- Found rmw_implementation_cmake: 6.1.2 (/opt/ros/humble/share/rmw_implementation_cmake/cmake)
[0.192s] -- Found rmw_fastrtps_cpp: 6.2.6 (/opt/ros/humble/share/rmw_fastrtps_cpp/cmake)
[0.268s] -- Using RMW implementation 'rmw_fastrtps_cpp' as default
[0.369s] -- Found my_robot_interfaces: 0.0.0 (/home/robomaven/ws/ros2_ws3/install/my_robot_interfaces/share/my_robot_interfaces/cmake)
[0.456s] -- Found rclcpp_action: 16.0.9 (/opt/ros/humble/share/rclcpp_action/cmake)
[0.518s] -- Configuring done
[0.530s] -- Generating done
[0.531s] -- Build files have been written to: /home/robomaven/ws/ros2_ws3/build/actions_cpp
[0.550s] [35m[1mConsolidate compiler generated dependencies of target count_until_server[0m
[0.550s] [35m[1mConsolidate compiler generated dependencies of target count_until_server_queue_goal[0m
[0.550s] [35m[1mConsolidate compiler generated dependencies of target count_until_client[0m
[0.561s] [ 16%] [32m[1mLinking CXX executable count_until_server_queue_goal[0m
[0.561s] [ 50%] Built target count_until_server
[0.561s] [ 83%] Built target count_until_client
[0.662s] [100%] Built target count_until_server_queue_goal
[0.673s] Invoked command in '/home/robomaven/ws/ros2_ws3/build/actions_cpp' returned '0': CMAKE_PREFIX_PATH=/home/robomaven/ws/ros2_ws3/install/my_robot_interfaces:/home/robomaven/ws/ros2_ws3/install/actions_cpp:/home/robomaven/ws/ros2_ws3/install/actions_py:/opt/ros/humble LD_LIBRARY_PATH=/home/robomaven/ws/ros2_ws3/install/my_robot_interfaces/lib:/usr/lib/x86_64-linux-gnu/gazebo-11/plugins:/opt/ros/humble/opt/rviz_ogre_vendor/lib:/opt/ros/humble/lib/x86_64-linux-gnu:/opt/ros/humble/lib:/usr/share/gazebo/../../lib/x86_64-linux-gnu/gazebo-11/plugins /usr/bin/cmake --build /home/robomaven/ws/ros2_ws3/build/actions_cpp -- -j20 -l20
[0.713s] Invoking command in '/home/robomaven/ws/ros2_ws3/build/actions_cpp': CMAKE_PREFIX_PATH=/home/robomaven/ws/ros2_ws3/install/my_robot_interfaces:/home/robomaven/ws/ros2_ws3/install/actions_cpp:/home/robomaven/ws/ros2_ws3/install/actions_py:/opt/ros/humble LD_LIBRARY_PATH=/home/robomaven/ws/ros2_ws3/install/my_robot_interfaces/lib:/usr/lib/x86_64-linux-gnu/gazebo-11/plugins:/opt/ros/humble/opt/rviz_ogre_vendor/lib:/opt/ros/humble/lib/x86_64-linux-gnu:/opt/ros/humble/lib:/usr/share/gazebo/../../lib/x86_64-linux-gnu/gazebo-11/plugins /usr/bin/cmake --install /home/robomaven/ws/ros2_ws3/build/actions_cpp
[0.720s] -- Install configuration: ""
[0.720s] -- Up-to-date: /home/robomaven/ws/ros2_ws3/install/actions_cpp/lib/actions_cpp/count_until_client
[0.720s] -- Up-to-date: /home/robomaven/ws/ros2_ws3/install/actions_cpp/lib/actions_cpp/count_until_server
[0.720s] -- Installing: /home/robomaven/ws/ros2_ws3/install/actions_cpp/lib/actions_cpp/count_until_server_queue_goal
[0.721s] -- Set runtime path of "/home/robomaven/ws/ros2_ws3/install/actions_cpp/lib/actions_cpp/count_until_server_queue_goal" to ""
[0.721s] -- Up-to-date: /home/robomaven/ws/ros2_ws3/install/actions_cpp/share/ament_index/resource_index/package_run_dependencies/actions_cpp
[0.722s] -- Up-to-date: /home/robomaven/ws/ros2_ws3/install/actions_cpp/share/ament_index/resource_index/parent_prefix_path/actions_cpp
[0.722s] -- Up-to-date: /home/robomaven/ws/ros2_ws3/install/actions_cpp/share/actions_cpp/environment/ament_prefix_path.sh
[0.722s] -- Installing: /home/robomaven/ws/ros2_ws3/install/actions_cpp/share/actions_cpp/environment/ament_prefix_path.dsv
[0.722s] -- Up-to-date: /home/robomaven/ws/ros2_ws3/install/actions_cpp/share/actions_cpp/environment/path.sh
[0.722s] -- Installing: /home/robomaven/ws/ros2_ws3/install/actions_cpp/share/actions_cpp/environment/path.dsv
[0.722s] -- Up-to-date: /home/robomaven/ws/ros2_ws3/install/actions_cpp/share/actions_cpp/local_setup.bash
[0.722s] -- Up-to-date: /home/robomaven/ws/ros2_ws3/install/actions_cpp/share/actions_cpp/local_setup.sh
[0.722s] -- Up-to-date: /home/robomaven/ws/ros2_ws3/install/actions_cpp/share/actions_cpp/local_setup.zsh
[0.722s] -- Installing: /home/robomaven/ws/ros2_ws3/install/actions_cpp/share/actions_cpp/local_setup.dsv
[0.722s] -- Installing: /home/robomaven/ws/ros2_ws3/install/actions_cpp/share/actions_cpp/package.dsv
[0.722s] -- Up-to-date: /home/robomaven/ws/ros2_ws3/install/actions_cpp/share/ament_index/resource_index/packages/actions_cpp
[0.722s] -- Up-to-date: /home/robomaven/ws/ros2_ws3/install/actions_cpp/share/actions_cpp/cmake/actions_cppConfig.cmake
[0.722s] -- Up-to-date: /home/robomaven/ws/ros2_ws3/install/actions_cpp/share/actions_cpp/cmake/actions_cppConfig-version.cmake
[0.722s] -- Up-to-date: /home/robomaven/ws/ros2_ws3/install/actions_cpp/share/actions_cpp/package.xml
[0.723s] Invoked command in '/home/robomaven/ws/ros2_ws3/build/actions_cpp' returned '0': CMAKE_PREFIX_PATH=/home/robomaven/ws/ros2_ws3/install/my_robot_interfaces:/home/robomaven/ws/ros2_ws3/install/actions_cpp:/home/robomaven/ws/ros2_ws3/install/actions_py:/opt/ros/humble LD_LIBRARY_PATH=/home/robomaven/ws/ros2_ws3/install/my_robot_interfaces/lib:/usr/lib/x86_64-linux-gnu/gazebo-11/plugins:/opt/ros/humble/opt/rviz_ogre_vendor/lib:/opt/ros/humble/lib/x86_64-linux-gnu:/opt/ros/humble/lib:/usr/share/gazebo/../../lib/x86_64-linux-gnu/gazebo-11/plugins /usr/bin/cmake --install /home/robomaven/ws/ros2_ws3/build/actions_cpp
