[0.014s] Invoking command in '/home/robomaven/ws/ros2_ws3/build/my_robot_interfaces': CMAKE_PREFIX_PATH=${CMAKE_PREFIX_PATH}:/home/robomaven/ws/ros2_ws3/install/actions_py:/home/robomaven/ws/ros2_ws3/install/lifecycle_py:/home/robomaven/ws/ros2_ws3/install/executors_py:/home/robomaven/ws/ros2_ws3/install/components_py:/opt/ros/humble /usr/bin/cmake --build /home/robomaven/ws/ros2_ws3/build/my_robot_interfaces -- -j20 -l20
[0.038s] -- Found ament_cmake: 1.3.9 (/opt/ros/humble/share/ament_cmake/cmake)
[0.150s] -- Found rosidl_default_generators: 1.2.0 (/opt/ros/humble/share/rosidl_default_generators/cmake)
[0.153s] -- Using all available rosidl_typesupport_c: rosidl_typesupport_fastrtps_c;rosidl_typesupport_introspection_c
[0.156s] -- Found rosidl_adapter: 3.1.5 (/opt/ros/humble/share/rosidl_adapter/cmake)
[0.178s] -- Using all available rosidl_typesupport_cpp: rosidl_typesupport_fastrtps_cpp;rosidl_typesupport_introspection_cpp
[0.458s] -- Found ament_cmake_ros: 0.10.0 (/opt/ros/humble/share/ament_cmake_ros/cmake)
[0.622s] -- Using all available rosidl_typesupport_c: rosidl_typesupport_fastrtps_c;rosidl_typesupport_introspection_c
[0.852s] -- Using all available rosidl_typesupport_cpp: rosidl_typesupport_fastrtps_cpp;rosidl_typesupport_introspection_cpp
[0.871s] -- Found python_cmake_module: 0.10.0 (/opt/ros/humble/share/python_cmake_module/cmake)
[0.891s] -- Using PYTHON_EXECUTABLE: /usr/bin/python3
[0.891s] -- Using PYTHON_INCLUDE_DIRS: /usr/include/python3.10
[0.891s] -- Using PYTHON_LIBRARIES: /usr/lib/x86_64-linux-gnu/libpython3.10.so
[0.914s] -- Configuring done
[0.943s] -- Generating done
[0.944s] -- Build files have been written to: /home/robomaven/ws/ros2_ws3/build/my_robot_interfaces
[0.961s] [  2%] [34m[1mGenerating C code for ROS interfaces[0m
[0.970s] [  4%] [34m[1mGenerating C++ code for ROS interfaces[0m
[0.977s] [  4%] Built target ament_cmake_python_copy_my_robot_interfaces
[1.140s] running egg_info
[1.140s] writing my_robot_interfaces.egg-info/PKG-INFO
[1.140s] writing dependency_links to my_robot_interfaces.egg-info/dependency_links.txt
[1.141s] writing top-level names to my_robot_interfaces.egg-info/top_level.txt
[1.142s] reading manifest file 'my_robot_interfaces.egg-info/SOURCES.txt'
[1.143s] writing manifest file 'my_robot_interfaces.egg-info/SOURCES.txt'
[1.161s] [  4%] Built target ament_cmake_python_build_my_robot_interfaces_egg
[1.497s] [  4%] Built target my_robot_interfaces__cpp
[1.502s] [  6%] [34m[1mGenerating C++ type support dispatch for ROS interfaces[0m
[1.503s] [  8%] [34m[1mGenerating C++ type support for eProsima Fast-RTPS[0m
[1.503s] [ 10%] [34m[1mGenerating C++ introspection for ROS interfaces[0m
[1.506s] [35m[1mConsolidate compiler generated dependencies of target my_robot_interfaces__rosidl_generator_c[0m
[1.513s] [ 17%] [32mBuilding C object CMakeFiles/my_robot_interfaces__rosidl_generator_c.dir/rosidl_generator_c/my_robot_interfaces/action/detail/count_until__functions.c.o[0m
[1.513s] [ 17%] [32mBuilding C object CMakeFiles/my_robot_interfaces__rosidl_generator_c.dir/rosidl_generator_c/my_robot_interfaces/action/detail/move_robot__functions.c.o[0m
[1.513s] [ 17%] [32mBuilding C object CMakeFiles/my_robot_interfaces__rosidl_generator_c.dir/rosidl_generator_c/my_robot_interfaces/action/detail/move_turtle__functions.c.o[0m
[1.614s] [ 19%] [32m[1mLinking C shared library libmy_robot_interfaces__rosidl_generator_c.so[0m
[1.640s] [ 19%] Built target my_robot_interfaces__rosidl_generator_c
[1.647s] [ 23%] [34m[1mGenerating C type support dispatch for ROS interfaces[0m
[1.647s] [ 23%] [34m[1mGenerating C type support for eProsima Fast-RTPS[0m
[1.647s] [ 25%] [34m[1mGenerating C introspection for ROS interfaces[0m
[1.810s] [35m[1mConsolidate compiler generated dependencies of target my_robot_interfaces__rosidl_typesupport_cpp[0m
[1.819s] [ 27%] [32mBuilding CXX object CMakeFiles/my_robot_interfaces__rosidl_typesupport_cpp.dir/rosidl_typesupport_cpp/my_robot_interfaces/action/count_until__type_support.cpp.o[0m
[1.822s] [ 31%] [32mBuilding CXX object CMakeFiles/my_robot_interfaces__rosidl_typesupport_cpp.dir/rosidl_typesupport_cpp/my_robot_interfaces/action/move_turtle__type_support.cpp.o[0m
[1.822s] [ 31%] [32mBuilding CXX object CMakeFiles/my_robot_interfaces__rosidl_typesupport_cpp.dir/rosidl_typesupport_cpp/my_robot_interfaces/action/move_robot__type_support.cpp.o[0m
[1.874s] [35m[1mConsolidate compiler generated dependencies of target my_robot_interfaces__rosidl_typesupport_introspection_cpp[0m
[1.884s] [ 34%] [32mBuilding CXX object CMakeFiles/my_robot_interfaces__rosidl_typesupport_introspection_cpp.dir/rosidl_typesupport_introspection_cpp/my_robot_interfaces/action/detail/count_until__type_support.cpp.o[0m
[1.887s] [ 38%] [32mBuilding CXX object CMakeFiles/my_robot_interfaces__rosidl_typesupport_introspection_cpp.dir/rosidl_typesupport_introspection_cpp/my_robot_interfaces/action/detail/move_robot__type_support.cpp.o[0m
[1.887s] [ 38%] [32mBuilding CXX object CMakeFiles/my_robot_interfaces__rosidl_typesupport_introspection_cpp.dir/rosidl_typesupport_introspection_cpp/my_robot_interfaces/action/detail/move_turtle__type_support.cpp.o[0m
[1.933s] [35m[1mConsolidate compiler generated dependencies of target my_robot_interfaces__rosidl_typesupport_c[0m
[1.942s] [ 40%] [32mBuilding CXX object CMakeFiles/my_robot_interfaces__rosidl_typesupport_c.dir/rosidl_typesupport_c/my_robot_interfaces/action/count_until__type_support.cpp.o[0m
[1.945s] [ 44%] [32mBuilding CXX object CMakeFiles/my_robot_interfaces__rosidl_typesupport_c.dir/rosidl_typesupport_c/my_robot_interfaces/action/move_turtle__type_support.cpp.o[0m
[1.945s] [ 44%] [32mBuilding CXX object CMakeFiles/my_robot_interfaces__rosidl_typesupport_c.dir/rosidl_typesupport_c/my_robot_interfaces/action/move_robot__type_support.cpp.o[0m
[1.970s] [35m[1mConsolidate compiler generated dependencies of target my_robot_interfaces__rosidl_typesupport_fastrtps_cpp[0m
[1.981s] [ 46%] [32mBuilding CXX object CMakeFiles/my_robot_interfaces__rosidl_typesupport_fastrtps_cpp.dir/rosidl_typesupport_fastrtps_cpp/my_robot_interfaces/action/detail/dds_fastrtps/count_until__type_support.cpp.o[0m
[1.983s] [ 48%] [32mBuilding CXX object CMakeFiles/my_robot_interfaces__rosidl_typesupport_fastrtps_cpp.dir/rosidl_typesupport_fastrtps_cpp/my_robot_interfaces/action/detail/dds_fastrtps/move_robot__type_support.cpp.o[0m
[1.984s] [ 51%] [32mBuilding CXX object CMakeFiles/my_robot_interfaces__rosidl_typesupport_fastrtps_cpp.dir/rosidl_typesupport_fastrtps_cpp/my_robot_interfaces/action/detail/dds_fastrtps/move_turtle__type_support.cpp.o[0m
[2.001s] [ 53%] [32m[1mLinking CXX shared library libmy_robot_interfaces__rosidl_typesupport_c.so[0m
[2.050s] [ 53%] Built target my_robot_interfaces__rosidl_typesupport_c
[2.074s] [35m[1mConsolidate compiler generated dependencies of target my_robot_interfaces__rosidl_typesupport_introspection_c[0m
[2.084s] [ 55%] [32mBuilding C object CMakeFiles/my_robot_interfaces__rosidl_typesupport_introspection_c.dir/rosidl_typesupport_introspection_c/my_robot_interfaces/action/detail/count_until__type_support.c.o[0m
[2.089s] [ 59%] [32mBuilding C object CMakeFiles/my_robot_interfaces__rosidl_typesupport_introspection_c.dir/rosidl_typesupport_introspection_c/my_robot_interfaces/action/detail/move_robot__type_support.c.o[0m
[2.089s] [ 59%] [32mBuilding C object CMakeFiles/my_robot_interfaces__rosidl_typesupport_introspection_c.dir/rosidl_typesupport_introspection_c/my_robot_interfaces/action/detail/move_turtle__type_support.c.o[0m
[2.117s] [35m[1mConsolidate compiler generated dependencies of target my_robot_interfaces__rosidl_typesupport_fastrtps_c[0m
[2.129s] [ 63%] [32mBuilding CXX object CMakeFiles/my_robot_interfaces__rosidl_typesupport_fastrtps_c.dir/rosidl_typesupport_fastrtps_c/my_robot_interfaces/action/detail/count_until__type_support_c.cpp.o[0m
[2.129s] [ 63%] [32mBuilding CXX object CMakeFiles/my_robot_interfaces__rosidl_typesupport_fastrtps_c.dir/rosidl_typesupport_fastrtps_c/my_robot_interfaces/action/detail/move_turtle__type_support_c.cpp.o[0m
[2.132s] [ 65%] [32mBuilding CXX object CMakeFiles/my_robot_interfaces__rosidl_typesupport_fastrtps_c.dir/rosidl_typesupport_fastrtps_c/my_robot_interfaces/action/detail/move_robot__type_support_c.cpp.o[0m
[2.147s] [ 68%] [32m[1mLinking C shared library libmy_robot_interfaces__rosidl_typesupport_introspection_c.so[0m
[2.190s] [ 68%] Built target my_robot_interfaces__rosidl_typesupport_introspection_c
[2.373s] [ 70%] [32m[1mLinking CXX shared library libmy_robot_interfaces__rosidl_typesupport_cpp.so[0m
[2.399s] [ 72%] [32m[1mLinking CXX shared library libmy_robot_interfaces__rosidl_typesupport_fastrtps_cpp.so[0m
[2.405s] [ 72%] Built target my_robot_interfaces__rosidl_typesupport_cpp
[2.453s] [ 72%] Built target my_robot_interfaces__rosidl_typesupport_fastrtps_cpp
[2.502s] [ 74%] [32m[1mLinking CXX shared library libmy_robot_interfaces__rosidl_typesupport_introspection_cpp.so[0m
[2.503s] [ 76%] [32m[1mLinking CXX shared library libmy_robot_interfaces__rosidl_typesupport_fastrtps_c.so[0m
[2.553s] [ 76%] Built target my_robot_interfaces__rosidl_typesupport_introspection_cpp
[2.553s] [ 76%] Built target my_robot_interfaces__rosidl_typesupport_fastrtps_c
[2.566s] [ 76%] Built target my_robot_interfaces
[2.580s] [ 78%] [34m[1mGenerating Python code for ROS interfaces[0m
[3.617s] [ 78%] Built target my_robot_interfaces__py
[3.625s] [35m[1mConsolidate compiler generated dependencies of target my_robot_interfaces__rosidl_generator_py[0m
[3.639s] [ 80%] [32mBuilding C object CMakeFiles/my_robot_interfaces__rosidl_generator_py.dir/rosidl_generator_py/my_robot_interfaces/action/_count_until_s.c.o[0m
[3.639s] [ 82%] [32mBuilding C object CMakeFiles/my_robot_interfaces__rosidl_generator_py.dir/rosidl_generator_py/my_robot_interfaces/action/_move_robot_s.c.o[0m
[3.640s] [ 85%] [32mBuilding C object CMakeFiles/my_robot_interfaces__rosidl_generator_py.dir/rosidl_generator_py/my_robot_interfaces/action/_move_turtle_s.c.o[0m
[3.739s] [ 87%] [32m[1mLinking C shared library rosidl_generator_py/my_robot_interfaces/libmy_robot_interfaces__rosidl_generator_py.so[0m
[3.777s] [ 87%] Built target my_robot_interfaces__rosidl_generator_py
[3.790s] [35m[1mConsolidate compiler generated dependencies of target my_robot_interfaces__rosidl_typesupport_fastrtps_c__pyext[0m
[3.790s] [35m[1mConsolidate compiler generated dependencies of target my_robot_interfaces__rosidl_typesupport_introspection_c__pyext[0m
[3.790s] [35m[1mConsolidate compiler generated dependencies of target my_robot_interfaces__rosidl_typesupport_c__pyext[0m
[3.798s] [ 89%] [32mBuilding C object CMakeFiles/my_robot_interfaces__rosidl_typesupport_fastrtps_c__pyext.dir/rosidl_generator_py/my_robot_interfaces/_my_robot_interfaces_s.ep.rosidl_typesupport_fastrtps_c.c.o[0m
[3.798s] [ 93%] [32mBuilding C object CMakeFiles/my_robot_interfaces__rosidl_typesupport_introspection_c__pyext.dir/rosidl_generator_py/my_robot_interfaces/_my_robot_interfaces_s.ep.rosidl_typesupport_introspection_c.c.o[0m
[3.798s] [ 93%] [32mBuilding C object CMakeFiles/my_robot_interfaces__rosidl_typesupport_c__pyext.dir/rosidl_generator_py/my_robot_interfaces/_my_robot_interfaces_s.ep.rosidl_typesupport_c.c.o[0m
[3.903s] [100%] [32m[1mLinking C shared library rosidl_generator_py/my_robot_interfaces/my_robot_interfaces_s__rosidl_typesupport_introspection_c.cpython-310-x86_64-linux-gnu.so[0m
[3.903s] [100%] [32m[1mLinking C shared library rosidl_generator_py/my_robot_interfaces/my_robot_interfaces_s__rosidl_typesupport_c.cpython-310-x86_64-linux-gnu.so[0m
[3.903s] [100%] [32m[1mLinking C shared library rosidl_generator_py/my_robot_interfaces/my_robot_interfaces_s__rosidl_typesupport_fastrtps_c.cpython-310-x86_64-linux-gnu.so[0m
[3.930s] [100%] Built target my_robot_interfaces__rosidl_typesupport_fastrtps_c__pyext
[3.930s] [100%] Built target my_robot_interfaces__rosidl_typesupport_introspection_c__pyext
[3.930s] [100%] Built target my_robot_interfaces__rosidl_typesupport_c__pyext
[3.938s] Invoked command in '/home/robomaven/ws/ros2_ws3/build/my_robot_interfaces' returned '0': CMAKE_PREFIX_PATH=${CMAKE_PREFIX_PATH}:/home/robomaven/ws/ros2_ws3/install/actions_py:/home/robomaven/ws/ros2_ws3/install/lifecycle_py:/home/robomaven/ws/ros2_ws3/install/executors_py:/home/robomaven/ws/ros2_ws3/install/components_py:/opt/ros/humble /usr/bin/cmake --build /home/robomaven/ws/ros2_ws3/build/my_robot_interfaces -- -j20 -l20
[4.068s] Invoking command in '/home/robomaven/ws/ros2_ws3/build/my_robot_interfaces': CMAKE_PREFIX_PATH=${CMAKE_PREFIX_PATH}:/home/robomaven/ws/ros2_ws3/install/actions_py:/home/robomaven/ws/ros2_ws3/install/lifecycle_py:/home/robomaven/ws/ros2_ws3/install/executors_py:/home/robomaven/ws/ros2_ws3/install/components_py:/opt/ros/humble /usr/bin/cmake --install /home/robomaven/ws/ros2_ws3/build/my_robot_interfaces
[4.077s] -- Install configuration: ""
[4.086s] -- Installing: /home/robomaven/ws/ros2_ws3/install/my_robot_interfaces/share/ament_index/resource_index/rosidl_interfaces/my_robot_interfaces
[4.087s] -- Up-to-date: /home/robomaven/ws/ros2_ws3/install/my_robot_interfaces/include/my_robot_interfaces/my_robot_interfaces
[4.087s] -- Up-to-date: /home/robomaven/ws/ros2_ws3/install/my_robot_interfaces/include/my_robot_interfaces/my_robot_interfaces/msg
[4.088s] -- Up-to-date: /home/robomaven/ws/ros2_ws3/install/my_robot_interfaces/include/my_robot_interfaces/my_robot_interfaces/msg/rosidl_generator_c__visibility_control.h
[4.088s] -- Up-to-date: /home/robomaven/ws/ros2_ws3/install/my_robot_interfaces/include/my_robot_interfaces/my_robot_interfaces/action
[4.089s] -- Installing: /home/robomaven/ws/ros2_ws3/install/my_robot_interfaces/include/my_robot_interfaces/my_robot_interfaces/action/move_turtle.h
[4.089s] -- Up-to-date: /home/robomaven/ws/ros2_ws3/install/my_robot_interfaces/include/my_robot_interfaces/my_robot_interfaces/action/detail
[4.089s] -- Installing: /home/robomaven/ws/ros2_ws3/install/my_robot_interfaces/include/my_robot_interfaces/my_robot_interfaces/action/detail/move_turtle__type_support.h
[4.089s] -- Installing: /home/robomaven/ws/ros2_ws3/install/my_robot_interfaces/include/my_robot_interfaces/my_robot_interfaces/action/detail/move_turtle__struct.h
[4.089s] -- Installing: /home/robomaven/ws/ros2_ws3/install/my_robot_interfaces/include/my_robot_interfaces/my_robot_interfaces/action/detail/move_robot__functions.h
[4.089s] -- Installing: /home/robomaven/ws/ros2_ws3/install/my_robot_interfaces/include/my_robot_interfaces/my_robot_interfaces/action/detail/move_robot__type_support.h
[4.089s] -- Installing: /home/robomaven/ws/ros2_ws3/install/my_robot_interfaces/include/my_robot_interfaces/my_robot_interfaces/action/detail/count_until__functions.h
[4.089s] -- Installing: /home/robomaven/ws/ros2_ws3/install/my_robot_interfaces/include/my_robot_interfaces/my_robot_interfaces/action/detail/move_robot__struct.h
[4.090s] -- Installing: /home/robomaven/ws/ros2_ws3/install/my_robot_interfaces/include/my_robot_interfaces/my_robot_interfaces/action/detail/count_until__type_support.h
[4.090s] -- Installing: /home/robomaven/ws/ros2_ws3/install/my_robot_interfaces/include/my_robot_interfaces/my_robot_interfaces/action/detail/count_until__struct.h
[4.090s] -- Installing: /home/robomaven/ws/ros2_ws3/install/my_robot_interfaces/include/my_robot_interfaces/my_robot_interfaces/action/detail/move_turtle__functions.h
[4.090s] -- Installing: /home/robomaven/ws/ros2_ws3/install/my_robot_interfaces/include/my_robot_interfaces/my_robot_interfaces/action/detail/move_turtle__functions.c
[4.090s] -- Installing: /home/robomaven/ws/ros2_ws3/install/my_robot_interfaces/include/my_robot_interfaces/my_robot_interfaces/action/detail/count_until__functions.c
[4.090s] -- Installing: /home/robomaven/ws/ros2_ws3/install/my_robot_interfaces/include/my_robot_interfaces/my_robot_interfaces/action/detail/move_robot__functions.c
[4.090s] -- Installing: /home/robomaven/ws/ros2_ws3/install/my_robot_interfaces/include/my_robot_interfaces/my_robot_interfaces/action/count_until.h
[4.091s] -- Installing: /home/robomaven/ws/ros2_ws3/install/my_robot_interfaces/include/my_robot_interfaces/my_robot_interfaces/action/move_robot.h
[4.091s] -- Up-to-date: /home/robomaven/ws/ros2_ws3/install/my_robot_interfaces/share/my_robot_interfaces/environment/library_path.sh
[4.091s] -- Installing: /home/robomaven/ws/ros2_ws3/install/my_robot_interfaces/share/my_robot_interfaces/environment/library_path.dsv
[4.091s] -- Installing: /home/robomaven/ws/ros2_ws3/install/my_robot_interfaces/lib/libmy_robot_interfaces__rosidl_generator_c.so
[4.091s] -- Set runtime path of "/home/robomaven/ws/ros2_ws3/install/my_robot_interfaces/lib/libmy_robot_interfaces__rosidl_generator_c.so" to ""
[4.092s] -- Up-to-date: /home/robomaven/ws/ros2_ws3/install/my_robot_interfaces/include/my_robot_interfaces/my_robot_interfaces
[4.092s] -- Up-to-date: /home/robomaven/ws/ros2_ws3/install/my_robot_interfaces/include/my_robot_interfaces/my_robot_interfaces/msg
[4.092s] -- Up-to-date: /home/robomaven/ws/ros2_ws3/install/my_robot_interfaces/include/my_robot_interfaces/my_robot_interfaces/msg/rosidl_typesupport_fastrtps_c__visibility_control.h
[4.092s] -- Up-to-date: /home/robomaven/ws/ros2_ws3/install/my_robot_interfaces/include/my_robot_interfaces/my_robot_interfaces/action
[4.092s] -- Up-to-date: /home/robomaven/ws/ros2_ws3/install/my_robot_interfaces/include/my_robot_interfaces/my_robot_interfaces/action/detail
[4.092s] -- Installing: /home/robomaven/ws/ros2_ws3/install/my_robot_interfaces/include/my_robot_interfaces/my_robot_interfaces/action/detail/move_turtle__rosidl_typesupport_fastrtps_c.h
[4.092s] -- Installing: /home/robomaven/ws/ros2_ws3/install/my_robot_interfaces/include/my_robot_interfaces/my_robot_interfaces/action/detail/move_robot__rosidl_typesupport_fastrtps_c.h
[4.092s] -- Installing: /home/robomaven/ws/ros2_ws3/install/my_robot_interfaces/include/my_robot_interfaces/my_robot_interfaces/action/detail/count_until__rosidl_typesupport_fastrtps_c.h
[4.092s] -- Installing: /home/robomaven/ws/ros2_ws3/install/my_robot_interfaces/lib/libmy_robot_interfaces__rosidl_typesupport_fastrtps_c.so
[4.093s] -- Set runtime path of "/home/robomaven/ws/ros2_ws3/install/my_robot_interfaces/lib/libmy_robot_interfaces__rosidl_typesupport_fastrtps_c.so" to ""
[4.093s] -- Up-to-date: /home/robomaven/ws/ros2_ws3/install/my_robot_interfaces/include/my_robot_interfaces/my_robot_interfaces
[4.093s] -- Up-to-date: /home/robomaven/ws/ros2_ws3/install/my_robot_interfaces/include/my_robot_interfaces/my_robot_interfaces/msg
[4.093s] -- Up-to-date: /home/robomaven/ws/ros2_ws3/install/my_robot_interfaces/include/my_robot_interfaces/my_robot_interfaces/msg/rosidl_typesupport_introspection_c__visibility_control.h
[4.093s] -- Up-to-date: /home/robomaven/ws/ros2_ws3/install/my_robot_interfaces/include/my_robot_interfaces/my_robot_interfaces/action
[4.093s] -- Up-to-date: /home/robomaven/ws/ros2_ws3/install/my_robot_interfaces/include/my_robot_interfaces/my_robot_interfaces/action/detail
[4.093s] -- Installing: /home/robomaven/ws/ros2_ws3/install/my_robot_interfaces/include/my_robot_interfaces/my_robot_interfaces/action/detail/move_turtle__rosidl_typesupport_introspection_c.h
[4.093s] -- Installing: /home/robomaven/ws/ros2_ws3/install/my_robot_interfaces/include/my_robot_interfaces/my_robot_interfaces/action/detail/count_until__rosidl_typesupport_introspection_c.h
[4.093s] -- Installing: /home/robomaven/ws/ros2_ws3/install/my_robot_interfaces/include/my_robot_interfaces/my_robot_interfaces/action/detail/move_robot__type_support.c
[4.094s] -- Installing: /home/robomaven/ws/ros2_ws3/install/my_robot_interfaces/include/my_robot_interfaces/my_robot_interfaces/action/detail/move_robot__rosidl_typesupport_introspection_c.h
[4.094s] -- Installing: /home/robomaven/ws/ros2_ws3/install/my_robot_interfaces/include/my_robot_interfaces/my_robot_interfaces/action/detail/move_turtle__type_support.c
[4.094s] -- Installing: /home/robomaven/ws/ros2_ws3/install/my_robot_interfaces/include/my_robot_interfaces/my_robot_interfaces/action/detail/count_until__type_support.c
[4.094s] -- Installing: /home/robomaven/ws/ros2_ws3/install/my_robot_interfaces/lib/libmy_robot_interfaces__rosidl_typesupport_introspection_c.so
[4.095s] -- Set runtime path of "/home/robomaven/ws/ros2_ws3/install/my_robot_interfaces/lib/libmy_robot_interfaces__rosidl_typesupport_introspection_c.so" to ""
[4.095s] -- Installing: /home/robomaven/ws/ros2_ws3/install/my_robot_interfaces/lib/libmy_robot_interfaces__rosidl_typesupport_c.so
[4.096s] -- Set runtime path of "/home/robomaven/ws/ros2_ws3/install/my_robot_interfaces/lib/libmy_robot_interfaces__rosidl_typesupport_c.so" to ""
[4.096s] -- Up-to-date: /home/robomaven/ws/ros2_ws3/install/my_robot_interfaces/include/my_robot_interfaces/my_robot_interfaces
[4.096s] -- Up-to-date: /home/robomaven/ws/ros2_ws3/install/my_robot_interfaces/include/my_robot_interfaces/my_robot_interfaces/action
[4.096s] -- Installing: /home/robomaven/ws/ros2_ws3/install/my_robot_interfaces/include/my_robot_interfaces/my_robot_interfaces/action/move_robot.hpp
[4.096s] -- Installing: /home/robomaven/ws/ros2_ws3/install/my_robot_interfaces/include/my_robot_interfaces/my_robot_interfaces/action/count_until.hpp
[4.096s] -- Up-to-date: /home/robomaven/ws/ros2_ws3/install/my_robot_interfaces/include/my_robot_interfaces/my_robot_interfaces/action/detail
[4.096s] -- Installing: /home/robomaven/ws/ros2_ws3/install/my_robot_interfaces/include/my_robot_interfaces/my_robot_interfaces/action/detail/count_until__struct.hpp
[4.096s] -- Installing: /home/robomaven/ws/ros2_ws3/install/my_robot_interfaces/include/my_robot_interfaces/my_robot_interfaces/action/detail/count_until__builder.hpp
[4.097s] -- Installing: /home/robomaven/ws/ros2_ws3/install/my_robot_interfaces/include/my_robot_interfaces/my_robot_interfaces/action/detail/move_turtle__struct.hpp
[4.097s] -- Installing: /home/robomaven/ws/ros2_ws3/install/my_robot_interfaces/include/my_robot_interfaces/my_robot_interfaces/action/detail/move_robot__builder.hpp
[4.097s] -- Installing: /home/robomaven/ws/ros2_ws3/install/my_robot_interfaces/include/my_robot_interfaces/my_robot_interfaces/action/detail/move_robot__traits.hpp
[4.097s] -- Installing: /home/robomaven/ws/ros2_ws3/install/my_robot_interfaces/include/my_robot_interfaces/my_robot_interfaces/action/detail/move_turtle__builder.hpp
[4.097s] -- Installing: /home/robomaven/ws/ros2_ws3/install/my_robot_interfaces/include/my_robot_interfaces/my_robot_interfaces/action/detail/count_until__traits.hpp
[4.097s] -- Installing: /home/robomaven/ws/ros2_ws3/install/my_robot_interfaces/include/my_robot_interfaces/my_robot_interfaces/action/detail/move_turtle__traits.hpp
[4.097s] -- Installing: /home/robomaven/ws/ros2_ws3/install/my_robot_interfaces/include/my_robot_interfaces/my_robot_interfaces/action/detail/move_robot__struct.hpp
[4.097s] -- Installing: /home/robomaven/ws/ros2_ws3/install/my_robot_interfaces/include/my_robot_interfaces/my_robot_interfaces/action/move_turtle.hpp
[4.097s] -- Up-to-date: /home/robomaven/ws/ros2_ws3/install/my_robot_interfaces/include/my_robot_interfaces/my_robot_interfaces
[4.097s] -- Up-to-date: /home/robomaven/ws/ros2_ws3/install/my_robot_interfaces/include/my_robot_interfaces/my_robot_interfaces/msg
[4.097s] -- Up-to-date: /home/robomaven/ws/ros2_ws3/install/my_robot_interfaces/include/my_robot_interfaces/my_robot_interfaces/msg/rosidl_typesupport_fastrtps_cpp__visibility_control.h
[4.097s] -- Up-to-date: /home/robomaven/ws/ros2_ws3/install/my_robot_interfaces/include/my_robot_interfaces/my_robot_interfaces/action
[4.097s] -- Up-to-date: /home/robomaven/ws/ros2_ws3/install/my_robot_interfaces/include/my_robot_interfaces/my_robot_interfaces/action/detail
[4.097s] -- Up-to-date: /home/robomaven/ws/ros2_ws3/install/my_robot_interfaces/include/my_robot_interfaces/my_robot_interfaces/action/detail/dds_fastrtps
[4.098s] -- Installing: /home/robomaven/ws/ros2_ws3/install/my_robot_interfaces/include/my_robot_interfaces/my_robot_interfaces/action/detail/count_until__rosidl_typesupport_fastrtps_cpp.hpp
[4.098s] -- Installing: /home/robomaven/ws/ros2_ws3/install/my_robot_interfaces/include/my_robot_interfaces/my_robot_interfaces/action/detail/move_turtle__rosidl_typesupport_fastrtps_cpp.hpp
[4.098s] -- Installing: /home/robomaven/ws/ros2_ws3/install/my_robot_interfaces/include/my_robot_interfaces/my_robot_interfaces/action/detail/move_robot__rosidl_typesupport_fastrtps_cpp.hpp
[4.098s] -- Installing: /home/robomaven/ws/ros2_ws3/install/my_robot_interfaces/lib/libmy_robot_interfaces__rosidl_typesupport_fastrtps_cpp.so
[4.098s] -- Set runtime path of "/home/robomaven/ws/ros2_ws3/install/my_robot_interfaces/lib/libmy_robot_interfaces__rosidl_typesupport_fastrtps_cpp.so" to ""
[4.098s] -- Up-to-date: /home/robomaven/ws/ros2_ws3/install/my_robot_interfaces/include/my_robot_interfaces/my_robot_interfaces
[4.098s] -- Up-to-date: /home/robomaven/ws/ros2_ws3/install/my_robot_interfaces/include/my_robot_interfaces/my_robot_interfaces/action
[4.098s] -- Up-to-date: /home/robomaven/ws/ros2_ws3/install/my_robot_interfaces/include/my_robot_interfaces/my_robot_interfaces/action/detail
[4.098s] -- Installing: /home/robomaven/ws/ros2_ws3/install/my_robot_interfaces/include/my_robot_interfaces/my_robot_interfaces/action/detail/move_robot__type_support.cpp
[4.098s] -- Installing: /home/robomaven/ws/ros2_ws3/install/my_robot_interfaces/include/my_robot_interfaces/my_robot_interfaces/action/detail/move_turtle__type_support.cpp
[4.098s] -- Installing: /home/robomaven/ws/ros2_ws3/install/my_robot_interfaces/include/my_robot_interfaces/my_robot_interfaces/action/detail/count_until__type_support.cpp
[4.099s] -- Installing: /home/robomaven/ws/ros2_ws3/install/my_robot_interfaces/include/my_robot_interfaces/my_robot_interfaces/action/detail/move_turtle__rosidl_typesupport_introspection_cpp.hpp
[4.099s] -- Installing: /home/robomaven/ws/ros2_ws3/install/my_robot_interfaces/include/my_robot_interfaces/my_robot_interfaces/action/detail/count_until__rosidl_typesupport_introspection_cpp.hpp
[4.099s] -- Installing: /home/robomaven/ws/ros2_ws3/install/my_robot_interfaces/include/my_robot_interfaces/my_robot_interfaces/action/detail/move_robot__rosidl_typesupport_introspection_cpp.hpp
[4.099s] -- Installing: /home/robomaven/ws/ros2_ws3/install/my_robot_interfaces/lib/libmy_robot_interfaces__rosidl_typesupport_introspection_cpp.so
[4.100s] -- Set runtime path of "/home/robomaven/ws/ros2_ws3/install/my_robot_interfaces/lib/libmy_robot_interfaces__rosidl_typesupport_introspection_cpp.so" to ""
[4.100s] -- Installing: /home/robomaven/ws/ros2_ws3/install/my_robot_interfaces/lib/libmy_robot_interfaces__rosidl_typesupport_cpp.so
[4.100s] -- Set runtime path of "/home/robomaven/ws/ros2_ws3/install/my_robot_interfaces/lib/libmy_robot_interfaces__rosidl_typesupport_cpp.so" to ""
[4.100s] -- Up-to-date: /home/robomaven/ws/ros2_ws3/install/my_robot_interfaces/share/my_robot_interfaces/environment/pythonpath.sh
[4.100s] -- Installing: /home/robomaven/ws/ros2_ws3/install/my_robot_interfaces/share/my_robot_interfaces/environment/pythonpath.dsv
[4.100s] -- Up-to-date: /home/robomaven/ws/ros2_ws3/install/my_robot_interfaces/local/lib/python3.10/dist-packages/my_robot_interfaces-0.0.0-py3.10.egg-info
[4.100s] -- Installing: /home/robomaven/ws/ros2_ws3/install/my_robot_interfaces/local/lib/python3.10/dist-packages/my_robot_interfaces-0.0.0-py3.10.egg-info/top_level.txt
[4.101s] -- Installing: /home/robomaven/ws/ros2_ws3/install/my_robot_interfaces/local/lib/python3.10/dist-packages/my_robot_interfaces-0.0.0-py3.10.egg-info/PKG-INFO
[4.101s] -- Installing: /home/robomaven/ws/ros2_ws3/install/my_robot_interfaces/local/lib/python3.10/dist-packages/my_robot_interfaces-0.0.0-py3.10.egg-info/SOURCES.txt
[4.101s] -- Installing: /home/robomaven/ws/ros2_ws3/install/my_robot_interfaces/local/lib/python3.10/dist-packages/my_robot_interfaces-0.0.0-py3.10.egg-info/dependency_links.txt
[4.101s] -- Up-to-date: /home/robomaven/ws/ros2_ws3/install/my_robot_interfaces/local/lib/python3.10/dist-packages/my_robot_interfaces
[4.101s] -- Installing: /home/robomaven/ws/ros2_ws3/install/my_robot_interfaces/local/lib/python3.10/dist-packages/my_robot_interfaces/_my_robot_interfaces_s.ep.rosidl_typesupport_introspection_c.c
[4.101s] -- Installing: /home/robomaven/ws/ros2_ws3/install/my_robot_interfaces/local/lib/python3.10/dist-packages/my_robot_interfaces/my_robot_interfaces_s__rosidl_typesupport_c.cpython-310-x86_64-linux-gnu.so
[4.101s] -- Up-to-date: /home/robomaven/ws/ros2_ws3/install/my_robot_interfaces/local/lib/python3.10/dist-packages/my_robot_interfaces/action
[4.101s] -- Installing: /home/robomaven/ws/ros2_ws3/install/my_robot_interfaces/local/lib/python3.10/dist-packages/my_robot_interfaces/action/_move_turtle.py
[4.101s] -- Installing: /home/robomaven/ws/ros2_ws3/install/my_robot_interfaces/local/lib/python3.10/dist-packages/my_robot_interfaces/action/_move_turtle_s.c
[4.101s] -- Installing: /home/robomaven/ws/ros2_ws3/install/my_robot_interfaces/local/lib/python3.10/dist-packages/my_robot_interfaces/action/_move_robot.py
[4.102s] -- Installing: /home/robomaven/ws/ros2_ws3/install/my_robot_interfaces/local/lib/python3.10/dist-packages/my_robot_interfaces/action/_count_until.py
[4.102s] -- Installing: /home/robomaven/ws/ros2_ws3/install/my_robot_interfaces/local/lib/python3.10/dist-packages/my_robot_interfaces/action/__init__.py
[4.102s] -- Installing: /home/robomaven/ws/ros2_ws3/install/my_robot_interfaces/local/lib/python3.10/dist-packages/my_robot_interfaces/action/_count_until_s.c
[4.102s] -- Installing: /home/robomaven/ws/ros2_ws3/install/my_robot_interfaces/local/lib/python3.10/dist-packages/my_robot_interfaces/action/_move_robot_s.c
[4.102s] -- Installing: /home/robomaven/ws/ros2_ws3/install/my_robot_interfaces/local/lib/python3.10/dist-packages/my_robot_interfaces/_my_robot_interfaces_s.ep.rosidl_typesupport_c.c
[4.102s] -- Installing: /home/robomaven/ws/ros2_ws3/install/my_robot_interfaces/local/lib/python3.10/dist-packages/my_robot_interfaces/libmy_robot_interfaces__rosidl_generator_py.so
[4.102s] -- Installing: /home/robomaven/ws/ros2_ws3/install/my_robot_interfaces/local/lib/python3.10/dist-packages/my_robot_interfaces/_my_robot_interfaces_s.ep.rosidl_typesupport_fastrtps_c.c
[4.102s] -- Installing: /home/robomaven/ws/ros2_ws3/install/my_robot_interfaces/local/lib/python3.10/dist-packages/my_robot_interfaces/my_robot_interfaces_s__rosidl_typesupport_introspection_c.cpython-310-x86_64-linux-gnu.so
[4.103s] -- Installing: /home/robomaven/ws/ros2_ws3/install/my_robot_interfaces/local/lib/python3.10/dist-packages/my_robot_interfaces/__init__.py
[4.103s] -- Installing: /home/robomaven/ws/ros2_ws3/install/my_robot_interfaces/local/lib/python3.10/dist-packages/my_robot_interfaces/my_robot_interfaces_s__rosidl_typesupport_fastrtps_c.cpython-310-x86_64-linux-gnu.so
[4.145s] Listing '/home/robomaven/ws/ros2_ws3/install/my_robot_interfaces/local/lib/python3.10/dist-packages/my_robot_interfaces'...
[4.145s] Compiling '/home/robomaven/ws/ros2_ws3/install/my_robot_interfaces/local/lib/python3.10/dist-packages/my_robot_interfaces/__init__.py'...
[4.145s] Listing '/home/robomaven/ws/ros2_ws3/install/my_robot_interfaces/local/lib/python3.10/dist-packages/my_robot_interfaces/action'...
[4.146s] Compiling '/home/robomaven/ws/ros2_ws3/install/my_robot_interfaces/local/lib/python3.10/dist-packages/my_robot_interfaces/action/__init__.py'...
[4.146s] Compiling '/home/robomaven/ws/ros2_ws3/install/my_robot_interfaces/local/lib/python3.10/dist-packages/my_robot_interfaces/action/_count_until.py'...
[4.146s] Compiling '/home/robomaven/ws/ros2_ws3/install/my_robot_interfaces/local/lib/python3.10/dist-packages/my_robot_interfaces/action/_move_robot.py'...
[4.146s] Compiling '/home/robomaven/ws/ros2_ws3/install/my_robot_interfaces/local/lib/python3.10/dist-packages/my_robot_interfaces/action/_move_turtle.py'...
[4.149s] -- Installing: /home/robomaven/ws/ros2_ws3/install/my_robot_interfaces/local/lib/python3.10/dist-packages/my_robot_interfaces/my_robot_interfaces_s__rosidl_typesupport_fastrtps_c.cpython-310-x86_64-linux-gnu.so
[4.149s] -- Set runtime path of "/home/robomaven/ws/ros2_ws3/install/my_robot_interfaces/local/lib/python3.10/dist-packages/my_robot_interfaces/my_robot_interfaces_s__rosidl_typesupport_fastrtps_c.cpython-310-x86_64-linux-gnu.so" to ""
[4.149s] -- Installing: /home/robomaven/ws/ros2_ws3/install/my_robot_interfaces/local/lib/python3.10/dist-packages/my_robot_interfaces/my_robot_interfaces_s__rosidl_typesupport_introspection_c.cpython-310-x86_64-linux-gnu.so
[4.150s] -- Set runtime path of "/home/robomaven/ws/ros2_ws3/install/my_robot_interfaces/local/lib/python3.10/dist-packages/my_robot_interfaces/my_robot_interfaces_s__rosidl_typesupport_introspection_c.cpython-310-x86_64-linux-gnu.so" to ""
[4.150s] -- Installing: /home/robomaven/ws/ros2_ws3/install/my_robot_interfaces/local/lib/python3.10/dist-packages/my_robot_interfaces/my_robot_interfaces_s__rosidl_typesupport_c.cpython-310-x86_64-linux-gnu.so
[4.150s] -- Set runtime path of "/home/robomaven/ws/ros2_ws3/install/my_robot_interfaces/local/lib/python3.10/dist-packages/my_robot_interfaces/my_robot_interfaces_s__rosidl_typesupport_c.cpython-310-x86_64-linux-gnu.so" to ""
[4.150s] -- Installing: /home/robomaven/ws/ros2_ws3/install/my_robot_interfaces/lib/libmy_robot_interfaces__rosidl_generator_py.so
[4.151s] -- Set runtime path of "/home/robomaven/ws/ros2_ws3/install/my_robot_interfaces/lib/libmy_robot_interfaces__rosidl_generator_py.so" to ""
[4.151s] -- Up-to-date: /home/robomaven/ws/ros2_ws3/install/my_robot_interfaces/share/my_robot_interfaces/action/CountUntil.idl
[4.151s] -- Up-to-date: /home/robomaven/ws/ros2_ws3/install/my_robot_interfaces/share/my_robot_interfaces/action/MoveRobot.idl
[4.151s] -- Installing: /home/robomaven/ws/ros2_ws3/install/my_robot_interfaces/share/my_robot_interfaces/action/MoveTurtle.idl
[4.151s] -- Up-to-date: /home/robomaven/ws/ros2_ws3/install/my_robot_interfaces/share/my_robot_interfaces/action/CountUntil.action
[4.151s] -- Up-to-date: /home/robomaven/ws/ros2_ws3/install/my_robot_interfaces/share/my_robot_interfaces/action/MoveRobot.action
[4.151s] -- Installing: /home/robomaven/ws/ros2_ws3/install/my_robot_interfaces/share/my_robot_interfaces/action/MoveTurtle.action
[4.151s] -- Up-to-date: /home/robomaven/ws/ros2_ws3/install/my_robot_interfaces/share/ament_index/resource_index/package_run_dependencies/my_robot_interfaces
[4.151s] -- Installing: /home/robomaven/ws/ros2_ws3/install/my_robot_interfaces/share/ament_index/resource_index/parent_prefix_path/my_robot_interfaces
[4.151s] -- Up-to-date: /home/robomaven/ws/ros2_ws3/install/my_robot_interfaces/share/my_robot_interfaces/environment/ament_prefix_path.sh
[4.151s] -- Installing: /home/robomaven/ws/ros2_ws3/install/my_robot_interfaces/share/my_robot_interfaces/environment/ament_prefix_path.dsv
[4.151s] -- Up-to-date: /home/robomaven/ws/ros2_ws3/install/my_robot_interfaces/share/my_robot_interfaces/environment/path.sh
[4.151s] -- Installing: /home/robomaven/ws/ros2_ws3/install/my_robot_interfaces/share/my_robot_interfaces/environment/path.dsv
[4.151s] -- Up-to-date: /home/robomaven/ws/ros2_ws3/install/my_robot_interfaces/share/my_robot_interfaces/local_setup.bash
[4.151s] -- Up-to-date: /home/robomaven/ws/ros2_ws3/install/my_robot_interfaces/share/my_robot_interfaces/local_setup.sh
[4.151s] -- Up-to-date: /home/robomaven/ws/ros2_ws3/install/my_robot_interfaces/share/my_robot_interfaces/local_setup.zsh
[4.151s] -- Installing: /home/robomaven/ws/ros2_ws3/install/my_robot_interfaces/share/my_robot_interfaces/local_setup.dsv
[4.151s] -- Installing: /home/robomaven/ws/ros2_ws3/install/my_robot_interfaces/share/my_robot_interfaces/package.dsv
[4.151s] -- Up-to-date: /home/robomaven/ws/ros2_ws3/install/my_robot_interfaces/share/ament_index/resource_index/packages/my_robot_interfaces
[4.151s] -- Up-to-date: /home/robomaven/ws/ros2_ws3/install/my_robot_interfaces/share/my_robot_interfaces/cmake/export_my_robot_interfaces__rosidl_generator_cExport.cmake
[4.151s] -- Up-to-date: /home/robomaven/ws/ros2_ws3/install/my_robot_interfaces/share/my_robot_interfaces/cmake/export_my_robot_interfaces__rosidl_generator_cExport-noconfig.cmake
[4.152s] -- Up-to-date: /home/robomaven/ws/ros2_ws3/install/my_robot_interfaces/share/my_robot_interfaces/cmake/export_my_robot_interfaces__rosidl_typesupport_fastrtps_cExport.cmake
[4.152s] -- Up-to-date: /home/robomaven/ws/ros2_ws3/install/my_robot_interfaces/share/my_robot_interfaces/cmake/export_my_robot_interfaces__rosidl_typesupport_fastrtps_cExport-noconfig.cmake
[4.152s] -- Up-to-date: /home/robomaven/ws/ros2_ws3/install/my_robot_interfaces/share/my_robot_interfaces/cmake/my_robot_interfaces__rosidl_typesupport_introspection_cExport.cmake
[4.152s] -- Up-to-date: /home/robomaven/ws/ros2_ws3/install/my_robot_interfaces/share/my_robot_interfaces/cmake/my_robot_interfaces__rosidl_typesupport_introspection_cExport-noconfig.cmake
[4.152s] -- Up-to-date: /home/robomaven/ws/ros2_ws3/install/my_robot_interfaces/share/my_robot_interfaces/cmake/my_robot_interfaces__rosidl_typesupport_cExport.cmake
[4.152s] -- Up-to-date: /home/robomaven/ws/ros2_ws3/install/my_robot_interfaces/share/my_robot_interfaces/cmake/my_robot_interfaces__rosidl_typesupport_cExport-noconfig.cmake
[4.152s] -- Up-to-date: /home/robomaven/ws/ros2_ws3/install/my_robot_interfaces/share/my_robot_interfaces/cmake/export_my_robot_interfaces__rosidl_generator_cppExport.cmake
[4.152s] -- Up-to-date: /home/robomaven/ws/ros2_ws3/install/my_robot_interfaces/share/my_robot_interfaces/cmake/export_my_robot_interfaces__rosidl_typesupport_fastrtps_cppExport.cmake
[4.152s] -- Up-to-date: /home/robomaven/ws/ros2_ws3/install/my_robot_interfaces/share/my_robot_interfaces/cmake/export_my_robot_interfaces__rosidl_typesupport_fastrtps_cppExport-noconfig.cmake
[4.152s] -- Up-to-date: /home/robomaven/ws/ros2_ws3/install/my_robot_interfaces/share/my_robot_interfaces/cmake/my_robot_interfaces__rosidl_typesupport_introspection_cppExport.cmake
[4.152s] -- Up-to-date: /home/robomaven/ws/ros2_ws3/install/my_robot_interfaces/share/my_robot_interfaces/cmake/my_robot_interfaces__rosidl_typesupport_introspection_cppExport-noconfig.cmake
[4.152s] -- Up-to-date: /home/robomaven/ws/ros2_ws3/install/my_robot_interfaces/share/my_robot_interfaces/cmake/my_robot_interfaces__rosidl_typesupport_cppExport.cmake
[4.152s] -- Up-to-date: /home/robomaven/ws/ros2_ws3/install/my_robot_interfaces/share/my_robot_interfaces/cmake/my_robot_interfaces__rosidl_typesupport_cppExport-noconfig.cmake
[4.153s] -- Up-to-date: /home/robomaven/ws/ros2_ws3/install/my_robot_interfaces/share/my_robot_interfaces/cmake/export_my_robot_interfaces__rosidl_generator_pyExport.cmake
[4.153s] -- Up-to-date: /home/robomaven/ws/ros2_ws3/install/my_robot_interfaces/share/my_robot_interfaces/cmake/export_my_robot_interfaces__rosidl_generator_pyExport-noconfig.cmake
[4.153s] -- Installing: /home/robomaven/ws/ros2_ws3/install/my_robot_interfaces/share/my_robot_interfaces/cmake/rosidl_cmake-extras.cmake
[4.153s] -- Up-to-date: /home/robomaven/ws/ros2_ws3/install/my_robot_interfaces/share/my_robot_interfaces/cmake/ament_cmake_export_dependencies-extras.cmake
[4.153s] -- Up-to-date: /home/robomaven/ws/ros2_ws3/install/my_robot_interfaces/share/my_robot_interfaces/cmake/ament_cmake_export_include_directories-extras.cmake
[4.153s] -- Up-to-date: /home/robomaven/ws/ros2_ws3/install/my_robot_interfaces/share/my_robot_interfaces/cmake/ament_cmake_export_libraries-extras.cmake
[4.153s] -- Up-to-date: /home/robomaven/ws/ros2_ws3/install/my_robot_interfaces/share/my_robot_interfaces/cmake/ament_cmake_export_targets-extras.cmake
[4.153s] -- Up-to-date: /home/robomaven/ws/ros2_ws3/install/my_robot_interfaces/share/my_robot_interfaces/cmake/rosidl_cmake_export_typesupport_targets-extras.cmake
[4.153s] -- Up-to-date: /home/robomaven/ws/ros2_ws3/install/my_robot_interfaces/share/my_robot_interfaces/cmake/rosidl_cmake_export_typesupport_libraries-extras.cmake
[4.153s] -- Up-to-date: /home/robomaven/ws/ros2_ws3/install/my_robot_interfaces/share/my_robot_interfaces/cmake/my_robot_interfacesConfig.cmake
[4.153s] -- Up-to-date: /home/robomaven/ws/ros2_ws3/install/my_robot_interfaces/share/my_robot_interfaces/cmake/my_robot_interfacesConfig-version.cmake
[4.153s] -- Up-to-date: /home/robomaven/ws/ros2_ws3/install/my_robot_interfaces/share/my_robot_interfaces/package.xml
[4.154s] Invoked command in '/home/robomaven/ws/ros2_ws3/build/my_robot_interfaces' returned '0': CMAKE_PREFIX_PATH=${CMAKE_PREFIX_PATH}:/home/robomaven/ws/ros2_ws3/install/actions_py:/home/robomaven/ws/ros2_ws3/install/lifecycle_py:/home/robomaven/ws/ros2_ws3/install/executors_py:/home/robomaven/ws/ros2_ws3/install/components_py:/opt/ros/humble /usr/bin/cmake --install /home/robomaven/ws/ros2_ws3/build/my_robot_interfaces
