[0.009s] Invoking command in '/home/robomaven/ws/ros2_ws3/build/final_project': CMAKE_PREFIX_PATH=/home/robomaven/ws/ros2_ws3/install/my_robot_interfaces:/home/robomaven/ws/ros2_ws3/install/my_robot_bringup:/home/robomaven/ws/ros2_ws3/install/lifecycle_cpp:/home/robomaven/ws/ros2_ws3/install/actions_cpp:/home/robomaven/ws/ros2_ws3/install/final_project:/home/robomaven/ws/ros2_ws3/install/executors_cpp:/home/robomaven/ws/ros2_ws3/install/components_cpp:/home/robomaven/ws/ros2_ws2_project/install/my_robot_bringup:/home/robomaven/ws/ros2_ws2_project/install/my_robot_description:/home/robomaven/ws/ros2_ws3/install/actions_py:/home/robomaven/ws/ros2_ws3/install/lifecycle_py:/home/robomaven/ws/ros2_ws3/install/executors_py:/home/robomaven/ws/ros2_ws3/install/components_py:/opt/ros/humble /usr/bin/cmake --build /home/robomaven/ws/ros2_ws3/build/final_project -- -j20 -l20
[0.044s] [35m[1mConsolidate compiler generated dependencies of target final_project[0m
[0.058s] [ 50%] [32mBuilding CXX object CMakeFiles/final_project.dir/src/final_project.cpp.o[0m
[1.528s] [01m[K/home/robomaven/ws/ros2_ws3/src/final_project/src/final_project.cpp:[m[K In member function ‘[01m[Krclcpp_action::GoalResponse TurtleController::goal_callback(const GoalUUID&, std::shared_ptr<const my_robot_interfaces::action::MoveTurtle_Goal_<std::allocator<void> > >)[m[K’:
[1.528s] [01m[K/home/robomaven/ws/ros2_ws3/src/final_project/src/final_project.cpp:69:42:[m[K [01;35m[Kwarning: [m[Kstatement has no effect [[01;35m[K]8;;https://gcc.gnu.org/onlinedocs/gcc/Warning-Options.html#index-Wunused-value-Wunused-value]8;;[m[K]
[1.528s]    69 |             [01;35m[Krclcpp_action::GoalResponse::REJECT[m[K;
[1.528s]       |             [01;35m[K~~~~~~~~~~~~~~~~~~~~~~~~~~~~~^~~~~~[m[K
[3.939s] [100%] [32m[1mLinking CXX executable final_project[0m
[4.120s] [100%] Built target final_project
[4.131s] Invoked command in '/home/robomaven/ws/ros2_ws3/build/final_project' returned '0': CMAKE_PREFIX_PATH=/home/robomaven/ws/ros2_ws3/install/my_robot_interfaces:/home/robomaven/ws/ros2_ws3/install/my_robot_bringup:/home/robomaven/ws/ros2_ws3/install/lifecycle_cpp:/home/robomaven/ws/ros2_ws3/install/actions_cpp:/home/robomaven/ws/ros2_ws3/install/final_project:/home/robomaven/ws/ros2_ws3/install/executors_cpp:/home/robomaven/ws/ros2_ws3/install/components_cpp:/home/robomaven/ws/ros2_ws2_project/install/my_robot_bringup:/home/robomaven/ws/ros2_ws2_project/install/my_robot_description:/home/robomaven/ws/ros2_ws3/install/actions_py:/home/robomaven/ws/ros2_ws3/install/lifecycle_py:/home/robomaven/ws/ros2_ws3/install/executors_py:/home/robomaven/ws/ros2_ws3/install/components_py:/opt/ros/humble /usr/bin/cmake --build /home/robomaven/ws/ros2_ws3/build/final_project -- -j20 -l20
[4.158s] Invoking command in '/home/robomaven/ws/ros2_ws3/build/final_project': CMAKE_PREFIX_PATH=/home/robomaven/ws/ros2_ws3/install/my_robot_interfaces:/home/robomaven/ws/ros2_ws3/install/my_robot_bringup:/home/robomaven/ws/ros2_ws3/install/lifecycle_cpp:/home/robomaven/ws/ros2_ws3/install/actions_cpp:/home/robomaven/ws/ros2_ws3/install/final_project:/home/robomaven/ws/ros2_ws3/install/executors_cpp:/home/robomaven/ws/ros2_ws3/install/components_cpp:/home/robomaven/ws/ros2_ws2_project/install/my_robot_bringup:/home/robomaven/ws/ros2_ws2_project/install/my_robot_description:/home/robomaven/ws/ros2_ws3/install/actions_py:/home/robomaven/ws/ros2_ws3/install/lifecycle_py:/home/robomaven/ws/ros2_ws3/install/executors_py:/home/robomaven/ws/ros2_ws3/install/components_py:/opt/ros/humble /usr/bin/cmake --install /home/robomaven/ws/ros2_ws3/build/final_project
[4.165s] -- Install configuration: ""
[4.165s] -- Installing: /home/robomaven/ws/ros2_ws3/install/final_project/lib/final_project/final_project
[4.167s] -- Set runtime path of "/home/robomaven/ws/ros2_ws3/install/final_project/lib/final_project/final_project" to ""
[4.167s] -- Up-to-date: /home/robomaven/ws/ros2_ws3/install/final_project/share/ament_index/resource_index/package_run_dependencies/final_project
[4.167s] -- Up-to-date: /home/robomaven/ws/ros2_ws3/install/final_project/share/ament_index/resource_index/parent_prefix_path/final_project
[4.167s] -- Up-to-date: /home/robomaven/ws/ros2_ws3/install/final_project/share/final_project/environment/ament_prefix_path.sh
[4.167s] -- Up-to-date: /home/robomaven/ws/ros2_ws3/install/final_project/share/final_project/environment/ament_prefix_path.dsv
[4.167s] -- Up-to-date: /home/robomaven/ws/ros2_ws3/install/final_project/share/final_project/environment/path.sh
[4.168s] -- Up-to-date: /home/robomaven/ws/ros2_ws3/install/final_project/share/final_project/environment/path.dsv
[4.168s] -- Up-to-date: /home/robomaven/ws/ros2_ws3/install/final_project/share/final_project/local_setup.bash
[4.169s] -- Up-to-date: /home/robomaven/ws/ros2_ws3/install/final_project/share/final_project/local_setup.sh
[4.169s] -- Up-to-date: /home/robomaven/ws/ros2_ws3/install/final_project/share/final_project/local_setup.zsh
[4.169s] -- Up-to-date: /home/robomaven/ws/ros2_ws3/install/final_project/share/final_project/local_setup.dsv
[4.169s] -- Installing: /home/robomaven/ws/ros2_ws3/install/final_project/share/final_project/package.dsv
[4.169s] -- Up-to-date: /home/robomaven/ws/ros2_ws3/install/final_project/share/ament_index/resource_index/packages/final_project
[4.169s] -- Up-to-date: /home/robomaven/ws/ros2_ws3/install/final_project/share/final_project/cmake/final_projectConfig.cmake
[4.169s] -- Up-to-date: /home/robomaven/ws/ros2_ws3/install/final_project/share/final_project/cmake/final_projectConfig-version.cmake
[4.169s] -- Up-to-date: /home/robomaven/ws/ros2_ws3/install/final_project/share/final_project/package.xml
[4.169s] Invoked command in '/home/robomaven/ws/ros2_ws3/build/final_project' returned '0': CMAKE_PREFIX_PATH=/home/robomaven/ws/ros2_ws3/install/my_robot_interfaces:/home/robomaven/ws/ros2_ws3/install/my_robot_bringup:/home/robomaven/ws/ros2_ws3/install/lifecycle_cpp:/home/robomaven/ws/ros2_ws3/install/actions_cpp:/home/robomaven/ws/ros2_ws3/install/final_project:/home/robomaven/ws/ros2_ws3/install/executors_cpp:/home/robomaven/ws/ros2_ws3/install/components_cpp:/home/robomaven/ws/ros2_ws2_project/install/my_robot_bringup:/home/robomaven/ws/ros2_ws2_project/install/my_robot_description:/home/robomaven/ws/ros2_ws3/install/actions_py:/home/robomaven/ws/ros2_ws3/install/lifecycle_py:/home/robomaven/ws/ros2_ws3/install/executors_py:/home/robomaven/ws/ros2_ws3/install/components_py:/opt/ros/humble /usr/bin/cmake --install /home/robomaven/ws/ros2_ws3/build/final_project
