[0.362s] Invoking command in '/home/robomaven/activity1_ws/src/activity1_py_pkg': CMAKE_PREFIX_PATH=/home/robomaven/activity1_ws/install/activity1_interfaces:/home/robomaven/ros2_ws/install/my_cpp_pkg:/home/robomaven/ros2_ws/install/my_robot_interfaces:/home/robomaven/activity1_ws/install/activity1_cpp_pkg LD_LIBRARY_PATH=/home/robomaven/activity1_ws/install/activity1_interfaces/lib:/home/robomaven/ros2_ws/install/my_robot_interfaces/lib:/opt/ros/humble/opt/rviz_ogre_vendor/lib:/opt/ros/humble/lib/x86_64-linux-gnu:/opt/ros/humble/lib PYTHONPATH=/home/robomaven/activity1_ws/build/activity1_py_pkg/prefix_override:/home/robomaven/activity1_ws/install/activity1_py_pkg/lib/python3.10/site-packages:${PYTHONPATH} /usr/bin/python3 -W ignore:setup.py install is deprecated setup.py egg_info --egg-base ../../build/activity1_py_pkg build --build-base /home/robomaven/activity1_ws/build/activity1_py_pkg/build install --record /home/robomaven/activity1_ws/build/activity1_py_pkg/install.log --single-version-externally-managed install_data
[0.503s] running egg_info
[0.504s] writing ../../build/activity1_py_pkg/activity1_py_pkg.egg-info/PKG-INFO
[0.504s] writing dependency_links to ../../build/activity1_py_pkg/activity1_py_pkg.egg-info/dependency_links.txt
[0.504s] writing entry points to ../../build/activity1_py_pkg/activity1_py_pkg.egg-info/entry_points.txt
[0.504s] writing requirements to ../../build/activity1_py_pkg/activity1_py_pkg.egg-info/requires.txt
[0.505s] writing top-level names to ../../build/activity1_py_pkg/activity1_py_pkg.egg-info/top_level.txt
[0.505s] reading manifest file '../../build/activity1_py_pkg/activity1_py_pkg.egg-info/SOURCES.txt'
[0.506s] writing manifest file '../../build/activity1_py_pkg/activity1_py_pkg.egg-info/SOURCES.txt'
[0.506s] running build
[0.506s] running build_py
[0.506s] running install
[0.506s] running install_lib
[0.507s] running install_data
[0.507s] running install_egg_info
[0.508s] removing '/home/robomaven/activity1_ws/install/activity1_py_pkg/lib/python3.10/site-packages/activity1_py_pkg-0.0.0-py3.10.egg-info' (and everything under it)
[0.508s] Copying ../../build/activity1_py_pkg/activity1_py_pkg.egg-info to /home/robomaven/activity1_ws/install/activity1_py_pkg/lib/python3.10/site-packages/activity1_py_pkg-0.0.0-py3.10.egg-info
[0.508s] running install_scripts
[0.521s] Installing battery script to /home/robomaven/activity1_ws/install/activity1_py_pkg/lib/activity1_py_pkg
[0.521s] Installing led_panel script to /home/robomaven/activity1_ws/install/activity1_py_pkg/lib/activity1_py_pkg
[0.521s] Installing number_counter script to /home/robomaven/activity1_ws/install/activity1_py_pkg/lib/activity1_py_pkg
[0.521s] Installing number_publisher script to /home/robomaven/activity1_ws/install/activity1_py_pkg/lib/activity1_py_pkg
[0.521s] Installing robot_news_station script to /home/robomaven/activity1_ws/install/activity1_py_pkg/lib/activity1_py_pkg
[0.521s] writing list of installed files to '/home/robomaven/activity1_ws/build/activity1_py_pkg/install.log'
[0.535s] Invoked command in '/home/robomaven/activity1_ws/src/activity1_py_pkg' returned '0': CMAKE_PREFIX_PATH=/home/robomaven/activity1_ws/install/activity1_interfaces:/home/robomaven/ros2_ws/install/my_cpp_pkg:/home/robomaven/ros2_ws/install/my_robot_interfaces:/home/robomaven/activity1_ws/install/activity1_cpp_pkg LD_LIBRARY_PATH=/home/robomaven/activity1_ws/install/activity1_interfaces/lib:/home/robomaven/ros2_ws/install/my_robot_interfaces/lib:/opt/ros/humble/opt/rviz_ogre_vendor/lib:/opt/ros/humble/lib/x86_64-linux-gnu:/opt/ros/humble/lib PYTHONPATH=/home/robomaven/activity1_ws/build/activity1_py_pkg/prefix_override:/home/robomaven/activity1_ws/install/activity1_py_pkg/lib/python3.10/site-packages:${PYTHONPATH} /usr/bin/python3 -W ignore:setup.py install is deprecated setup.py egg_info --egg-base ../../build/activity1_py_pkg build --build-base /home/robomaven/activity1_ws/build/activity1_py_pkg/build install --record /home/robomaven/activity1_ws/build/activity1_py_pkg/install.log --single-version-externally-managed install_data
