[0.009s] Invoking command in '/home/robomaven/ws/ros2_ws3/build/lifecycle_cpp': CMAKE_PREFIX_PATH=/home/robomaven/ws/ros2_ws3/install/my_robot_interfaces:/home/robomaven/ws/ros2_ws3/install/actions_cpp:/home/robomaven/ws/ros2_ws3/install/my_robot_bringup:/home/robomaven/ws/ros2_ws3/install/lifecycle_cpp:/home/robomaven/ws/ros2_ws3/install/executors_cpp:/home/robomaven/ws/ros2_ws3/install/components_cpp:/home/robomaven/ws/ros2_ws2_project/install/my_robot_bringup:/home/robomaven/ws/ros2_ws2_project/install/my_robot_description:/home/robomaven/ws/ros2_ws3/install/actions_py:/home/robomaven/ws/ros2_ws3/install/lifecycle_py:/home/robomaven/ws/ros2_ws3/install/executors_py:/home/robomaven/ws/ros2_ws3/install/components_py:/opt/ros/humble /usr/bin/cmake --build /home/robomaven/ws/ros2_ws3/build/lifecycle_cpp -- -j20 -l20
[0.025s] -- Found ament_cmake: 1.3.9 (/opt/ros/humble/share/ament_cmake/cmake)
[0.124s] -- Found rclcpp: 16.0.9 (/opt/ros/humble/share/rclcpp/cmake)
[0.143s] -- Found rosidl_generator_c: 3.1.5 (/opt/ros/humble/share/rosidl_generator_c/cmake)
[0.145s] -- Found rosidl_adapter: 3.1.5 (/opt/ros/humble/share/rosidl_adapter/cmake)
[0.149s] -- Found rosidl_generator_cpp: 3.1.5 (/opt/ros/humble/share/rosidl_generator_cpp/cmake)
[0.156s] -- Using all available rosidl_typesupport_c: rosidl_typesupport_fastrtps_c;rosidl_typesupport_introspection_c
[0.166s] -- Using all available rosidl_typesupport_cpp: rosidl_typesupport_fastrtps_cpp;rosidl_typesupport_introspection_cpp
[0.203s] -- Found rmw_implementation_cmake: 6.1.2 (/opt/ros/humble/share/rmw_implementation_cmake/cmake)
[0.204s] -- Found rmw_cyclonedds_cpp: 1.3.4 (/opt/ros/humble/share/rmw_cyclonedds_cpp/cmake)
[0.223s] -- Using RMW implementation 'rmw_cyclonedds_cpp' as default
[0.324s] -- Found example_interfaces: 0.9.3 (/opt/ros/humble/share/example_interfaces/cmake)
[0.412s] -- Found rclcpp_lifecycle: 16.0.9 (/opt/ros/humble/share/rclcpp_lifecycle/cmake)
[0.446s] -- Found rclcpp_action: 16.0.9 (/opt/ros/humble/share/rclcpp_action/cmake)
[0.467s] -- Found my_robot_interfaces: 0.0.0 (/home/robomaven/ws/ros2_ws3/install/my_robot_interfaces/share/my_robot_interfaces/cmake)
[0.552s] -- Configuring done
[0.562s] -- Generating done
[0.563s] -- Build files have been written to: /home/robomaven/ws/ros2_ws3/build/lifecycle_cpp
[0.583s] [35m[1mConsolidate compiler generated dependencies of target number_publisher[0m
[0.589s] [ 25%] [32mBuilding CXX object CMakeFiles/move_robot_server.dir/src/move_robot_server.cpp.o[0m
[0.594s] [ 75%] Built target number_publisher
[2.867s] [100%] [32m[1mLinking CXX executable move_robot_server[0m
[2.984s] [100%] Built target move_robot_server
[2.992s] Invoked command in '/home/robomaven/ws/ros2_ws3/build/lifecycle_cpp' returned '0': CMAKE_PREFIX_PATH=/home/robomaven/ws/ros2_ws3/install/my_robot_interfaces:/home/robomaven/ws/ros2_ws3/install/actions_cpp:/home/robomaven/ws/ros2_ws3/install/my_robot_bringup:/home/robomaven/ws/ros2_ws3/install/lifecycle_cpp:/home/robomaven/ws/ros2_ws3/install/executors_cpp:/home/robomaven/ws/ros2_ws3/install/components_cpp:/home/robomaven/ws/ros2_ws2_project/install/my_robot_bringup:/home/robomaven/ws/ros2_ws2_project/install/my_robot_description:/home/robomaven/ws/ros2_ws3/install/actions_py:/home/robomaven/ws/ros2_ws3/install/lifecycle_py:/home/robomaven/ws/ros2_ws3/install/executors_py:/home/robomaven/ws/ros2_ws3/install/components_py:/opt/ros/humble /usr/bin/cmake --build /home/robomaven/ws/ros2_ws3/build/lifecycle_cpp -- -j20 -l20
[3.019s] Invoking command in '/home/robomaven/ws/ros2_ws3/build/lifecycle_cpp': CMAKE_PREFIX_PATH=/home/robomaven/ws/ros2_ws3/install/my_robot_interfaces:/home/robomaven/ws/ros2_ws3/install/actions_cpp:/home/robomaven/ws/ros2_ws3/install/my_robot_bringup:/home/robomaven/ws/ros2_ws3/install/lifecycle_cpp:/home/robomaven/ws/ros2_ws3/install/executors_cpp:/home/robomaven/ws/ros2_ws3/install/components_cpp:/home/robomaven/ws/ros2_ws2_project/install/my_robot_bringup:/home/robomaven/ws/ros2_ws2_project/install/my_robot_description:/home/robomaven/ws/ros2_ws3/install/actions_py:/home/robomaven/ws/ros2_ws3/install/lifecycle_py:/home/robomaven/ws/ros2_ws3/install/executors_py:/home/robomaven/ws/ros2_ws3/install/components_py:/opt/ros/humble /usr/bin/cmake --install /home/robomaven/ws/ros2_ws3/build/lifecycle_cpp
[3.027s] -- Install configuration: ""
[3.027s] -- Up-to-date: /home/robomaven/ws/ros2_ws3/install/lifecycle_cpp/lib/lifecycle_cpp/number_publisher
[3.027s] -- Installing: /home/robomaven/ws/ros2_ws3/install/lifecycle_cpp/lib/lifecycle_cpp/move_robot_server
[3.028s] -- Set runtime path of "/home/robomaven/ws/ros2_ws3/install/lifecycle_cpp/lib/lifecycle_cpp/move_robot_server" to ""
[3.028s] -- Installing: /home/robomaven/ws/ros2_ws3/install/lifecycle_cpp/share/ament_index/resource_index/package_run_dependencies/lifecycle_cpp
[3.029s] -- Installing: /home/robomaven/ws/ros2_ws3/install/lifecycle_cpp/share/ament_index/resource_index/parent_prefix_path/lifecycle_cpp
[3.029s] -- Up-to-date: /home/robomaven/ws/ros2_ws3/install/lifecycle_cpp/share/lifecycle_cpp/environment/ament_prefix_path.sh
[3.029s] -- Installing: /home/robomaven/ws/ros2_ws3/install/lifecycle_cpp/share/lifecycle_cpp/environment/ament_prefix_path.dsv
[3.029s] -- Up-to-date: /home/robomaven/ws/ros2_ws3/install/lifecycle_cpp/share/lifecycle_cpp/environment/path.sh
[3.029s] -- Installing: /home/robomaven/ws/ros2_ws3/install/lifecycle_cpp/share/lifecycle_cpp/environment/path.dsv
[3.029s] -- Up-to-date: /home/robomaven/ws/ros2_ws3/install/lifecycle_cpp/share/lifecycle_cpp/local_setup.bash
[3.029s] -- Up-to-date: /home/robomaven/ws/ros2_ws3/install/lifecycle_cpp/share/lifecycle_cpp/local_setup.sh
[3.029s] -- Up-to-date: /home/robomaven/ws/ros2_ws3/install/lifecycle_cpp/share/lifecycle_cpp/local_setup.zsh
[3.029s] -- Installing: /home/robomaven/ws/ros2_ws3/install/lifecycle_cpp/share/lifecycle_cpp/local_setup.dsv
[3.029s] -- Installing: /home/robomaven/ws/ros2_ws3/install/lifecycle_cpp/share/lifecycle_cpp/package.dsv
[3.029s] -- Up-to-date: /home/robomaven/ws/ros2_ws3/install/lifecycle_cpp/share/ament_index/resource_index/packages/lifecycle_cpp
[3.030s] -- Up-to-date: /home/robomaven/ws/ros2_ws3/install/lifecycle_cpp/share/lifecycle_cpp/cmake/lifecycle_cppConfig.cmake
[3.030s] -- Up-to-date: /home/robomaven/ws/ros2_ws3/install/lifecycle_cpp/share/lifecycle_cpp/cmake/lifecycle_cppConfig-version.cmake
[3.030s] -- Installing: /home/robomaven/ws/ros2_ws3/install/lifecycle_cpp/share/lifecycle_cpp/package.xml
[3.032s] Invoked command in '/home/robomaven/ws/ros2_ws3/build/lifecycle_cpp' returned '0': CMAKE_PREFIX_PATH=/home/robomaven/ws/ros2_ws3/install/my_robot_interfaces:/home/robomaven/ws/ros2_ws3/install/actions_cpp:/home/robomaven/ws/ros2_ws3/install/my_robot_bringup:/home/robomaven/ws/ros2_ws3/install/lifecycle_cpp:/home/robomaven/ws/ros2_ws3/install/executors_cpp:/home/robomaven/ws/ros2_ws3/install/components_cpp:/home/robomaven/ws/ros2_ws2_project/install/my_robot_bringup:/home/robomaven/ws/ros2_ws2_project/install/my_robot_description:/home/robomaven/ws/ros2_ws3/install/actions_py:/home/robomaven/ws/ros2_ws3/install/lifecycle_py:/home/robomaven/ws/ros2_ws3/install/executors_py:/home/robomaven/ws/ros2_ws3/install/components_py:/opt/ros/humble /usr/bin/cmake --install /home/robomaven/ws/ros2_ws3/build/lifecycle_cpp
