[0.011s] Invoking command in '/home/robomaven/ws/ws_moveit2/build/moveit_resources': AMENT_PREFIX_PATH=/home/robomaven/ws/ws_moveit2/install/moveit_resources_panda_moveit_config:/home/robomaven/ws/ws_moveit2/install/moveit_resources_fanuc_moveit_config:/home/robomaven/ws/ws_moveit2/install/moveit_resources_pr2_description:/home/robomaven/ws/ws_moveit2/install/moveit_resources_panda_description:/home/robomaven/ws/ws_moveit2/install/moveit_resources_fanuc_description:${AMENT_PREFIX_PATH} CMAKE_PREFIX_PATH=/home/robomaven/ws/ws_moveit2/install/moveit_resources_panda_moveit_config:/home/robomaven/ws/ws_moveit2/install/moveit_resources_fanuc_moveit_config:/home/robomaven/ws/ws_moveit2/install/moveit_resources_pr2_description:/home/robomaven/ws/ws_moveit2/install/moveit_resources_panda_description:/home/robomaven/ws/ws_moveit2/install/moveit_resources_fanuc_description:/opt/ros/humble /usr/bin/cmake /home/robomaven/ws/ws_moveit2/moveit_resources/moveit_resources -DCMAKE_BUILD_TYPE=Release -DCMAKE_INSTALL_PREFIX=/home/robomaven/ws/ws_moveit2/install/moveit_resources
[0.070s] -- The C compiler identification is GNU 11.4.0
[0.131s] -- The CXX compiler identification is GNU 11.4.0
[0.139s] -- Detecting C compiler ABI info
[0.213s] -- Detecting C compiler ABI info - done
[0.223s] -- Check for working C compiler: /usr/bin/cc - skipped
[0.223s] -- Detecting C compile features
[0.223s] -- Detecting C compile features - done
[0.227s] -- Detecting CXX compiler ABI info
[0.314s] -- Detecting CXX compiler ABI info - done
[0.324s] -- Check for working CXX compiler: /usr/bin/c++ - skipped
[0.324s] -- Detecting CXX compile features
[0.325s] -- Detecting CXX compile features - done
[0.328s] -- Found ament_cmake: 1.3.9 (/opt/ros/humble/share/ament_cmake/cmake)
[0.513s] -- Found Python3: /usr/bin/python3 (found version "3.10.12") found components: Interpreter 
[0.704s] -- Configuring done
[0.706s] -- Generating done
[0.707s] -- Build files have been written to: /home/robomaven/ws/ws_moveit2/build/moveit_resources
[0.712s] Invoked command in '/home/robomaven/ws/ws_moveit2/build/moveit_resources' returned '0': AMENT_PREFIX_PATH=/home/robomaven/ws/ws_moveit2/install/moveit_resources_panda_moveit_config:/home/robomaven/ws/ws_moveit2/install/moveit_resources_fanuc_moveit_config:/home/robomaven/ws/ws_moveit2/install/moveit_resources_pr2_description:/home/robomaven/ws/ws_moveit2/install/moveit_resources_panda_description:/home/robomaven/ws/ws_moveit2/install/moveit_resources_fanuc_description:${AMENT_PREFIX_PATH} CMAKE_PREFIX_PATH=/home/robomaven/ws/ws_moveit2/install/moveit_resources_panda_moveit_config:/home/robomaven/ws/ws_moveit2/install/moveit_resources_fanuc_moveit_config:/home/robomaven/ws/ws_moveit2/install/moveit_resources_pr2_description:/home/robomaven/ws/ws_moveit2/install/moveit_resources_panda_description:/home/robomaven/ws/ws_moveit2/install/moveit_resources_fanuc_description:/opt/ros/humble /usr/bin/cmake /home/robomaven/ws/ws_moveit2/moveit_resources/moveit_resources -DCMAKE_BUILD_TYPE=Release -DCMAKE_INSTALL_PREFIX=/home/robomaven/ws/ws_moveit2/install/moveit_resources
[0.713s] Invoking command in '/home/robomaven/ws/ws_moveit2/build/moveit_resources': AMENT_PREFIX_PATH=/home/robomaven/ws/ws_moveit2/install/moveit_resources_panda_moveit_config:/home/robomaven/ws/ws_moveit2/install/moveit_resources_fanuc_moveit_config:/home/robomaven/ws/ws_moveit2/install/moveit_resources_pr2_description:/home/robomaven/ws/ws_moveit2/install/moveit_resources_panda_description:/home/robomaven/ws/ws_moveit2/install/moveit_resources_fanuc_description:${AMENT_PREFIX_PATH} CMAKE_PREFIX_PATH=/home/robomaven/ws/ws_moveit2/install/moveit_resources_panda_moveit_config:/home/robomaven/ws/ws_moveit2/install/moveit_resources_fanuc_moveit_config:/home/robomaven/ws/ws_moveit2/install/moveit_resources_pr2_description:/home/robomaven/ws/ws_moveit2/install/moveit_resources_panda_description:/home/robomaven/ws/ws_moveit2/install/moveit_resources_fanuc_description:/opt/ros/humble /usr/bin/cmake --build /home/robomaven/ws/ws_moveit2/build/moveit_resources -- -j20 -l20
[0.760s] Invoked command in '/home/robomaven/ws/ws_moveit2/build/moveit_resources' returned '0': AMENT_PREFIX_PATH=/home/robomaven/ws/ws_moveit2/install/moveit_resources_panda_moveit_config:/home/robomaven/ws/ws_moveit2/install/moveit_resources_fanuc_moveit_config:/home/robomaven/ws/ws_moveit2/install/moveit_resources_pr2_description:/home/robomaven/ws/ws_moveit2/install/moveit_resources_panda_description:/home/robomaven/ws/ws_moveit2/install/moveit_resources_fanuc_description:${AMENT_PREFIX_PATH} CMAKE_PREFIX_PATH=/home/robomaven/ws/ws_moveit2/install/moveit_resources_panda_moveit_config:/home/robomaven/ws/ws_moveit2/install/moveit_resources_fanuc_moveit_config:/home/robomaven/ws/ws_moveit2/install/moveit_resources_pr2_description:/home/robomaven/ws/ws_moveit2/install/moveit_resources_panda_description:/home/robomaven/ws/ws_moveit2/install/moveit_resources_fanuc_description:/opt/ros/humble /usr/bin/cmake --build /home/robomaven/ws/ws_moveit2/build/moveit_resources -- -j20 -l20
[0.785s] Invoking command in '/home/robomaven/ws/ws_moveit2/build/moveit_resources': AMENT_PREFIX_PATH=/home/robomaven/ws/ws_moveit2/install/moveit_resources_panda_moveit_config:/home/robomaven/ws/ws_moveit2/install/moveit_resources_fanuc_moveit_config:/home/robomaven/ws/ws_moveit2/install/moveit_resources_pr2_description:/home/robomaven/ws/ws_moveit2/install/moveit_resources_panda_description:/home/robomaven/ws/ws_moveit2/install/moveit_resources_fanuc_description:${AMENT_PREFIX_PATH} CMAKE_PREFIX_PATH=/home/robomaven/ws/ws_moveit2/install/moveit_resources_panda_moveit_config:/home/robomaven/ws/ws_moveit2/install/moveit_resources_fanuc_moveit_config:/home/robomaven/ws/ws_moveit2/install/moveit_resources_pr2_description:/home/robomaven/ws/ws_moveit2/install/moveit_resources_panda_description:/home/robomaven/ws/ws_moveit2/install/moveit_resources_fanuc_description:/opt/ros/humble /usr/bin/cmake --install /home/robomaven/ws/ws_moveit2/build/moveit_resources
[0.794s] -- Install configuration: "Release"
[0.794s] -- Installing: /home/robomaven/ws/ws_moveit2/install/moveit_resources/share/ament_index/resource_index/package_run_dependencies/moveit_resources
[0.794s] -- Installing: /home/robomaven/ws/ws_moveit2/install/moveit_resources/share/ament_index/resource_index/parent_prefix_path/moveit_resources
[0.794s] -- Installing: /home/robomaven/ws/ws_moveit2/install/moveit_resources/share/moveit_resources/environment/ament_prefix_path.sh
[0.794s] -- Installing: /home/robomaven/ws/ws_moveit2/install/moveit_resources/share/moveit_resources/environment/ament_prefix_path.dsv
[0.795s] -- Installing: /home/robomaven/ws/ws_moveit2/install/moveit_resources/share/moveit_resources/environment/path.sh
[0.795s] -- Installing: /home/robomaven/ws/ws_moveit2/install/moveit_resources/share/moveit_resources/environment/path.dsv
[0.795s] -- Installing: /home/robomaven/ws/ws_moveit2/install/moveit_resources/share/moveit_resources/local_setup.bash
[0.795s] -- Installing: /home/robomaven/ws/ws_moveit2/install/moveit_resources/share/moveit_resources/local_setup.sh
[0.795s] -- Installing: /home/robomaven/ws/ws_moveit2/install/moveit_resources/share/moveit_resources/local_setup.zsh
[0.795s] -- Installing: /home/robomaven/ws/ws_moveit2/install/moveit_resources/share/moveit_resources/local_setup.dsv
[0.795s] -- Installing: /home/robomaven/ws/ws_moveit2/install/moveit_resources/share/moveit_resources/package.dsv
[0.795s] -- Installing: /home/robomaven/ws/ws_moveit2/install/moveit_resources/share/ament_index/resource_index/packages/moveit_resources
[0.795s] -- Installing: /home/robomaven/ws/ws_moveit2/install/moveit_resources/share/moveit_resources/cmake/moveit_resourcesConfig.cmake
[0.795s] -- Installing: /home/robomaven/ws/ws_moveit2/install/moveit_resources/share/moveit_resources/cmake/moveit_resourcesConfig-version.cmake
[0.795s] -- Installing: /home/robomaven/ws/ws_moveit2/install/moveit_resources/share/moveit_resources/package.xml
[0.798s] Invoked command in '/home/robomaven/ws/ws_moveit2/build/moveit_resources' returned '0': AMENT_PREFIX_PATH=/home/robomaven/ws/ws_moveit2/install/moveit_resources_panda_moveit_config:/home/robomaven/ws/ws_moveit2/install/moveit_resources_fanuc_moveit_config:/home/robomaven/ws/ws_moveit2/install/moveit_resources_pr2_description:/home/robomaven/ws/ws_moveit2/install/moveit_resources_panda_description:/home/robomaven/ws/ws_moveit2/install/moveit_resources_fanuc_description:${AMENT_PREFIX_PATH} CMAKE_PREFIX_PATH=/home/robomaven/ws/ws_moveit2/install/moveit_resources_panda_moveit_config:/home/robomaven/ws/ws_moveit2/install/moveit_resources_fanuc_moveit_config:/home/robomaven/ws/ws_moveit2/install/moveit_resources_pr2_description:/home/robomaven/ws/ws_moveit2/install/moveit_resources_panda_description:/home/robomaven/ws/ws_moveit2/install/moveit_resources_fanuc_description:/opt/ros/humble /usr/bin/cmake --install /home/robomaven/ws/ws_moveit2/build/moveit_resources
