[0.006s] Invoking command in '/home/robomaven/activity1_ws/build/activity1_cpp_pkg': CMAKE_PREFIX_PATH=${CMAKE_PREFIX_PATH}:/home/robomaven/activity1_ws/install/activity1_py_pkg:/home/robomaven/ros2_ws/install/my_py_pkg:/opt/ros/humble /usr/bin/cmake --build /home/robomaven/activity1_ws/build/activity1_cpp_pkg -- -j20 -l20
[0.036s] [35m[1mConsolidate compiler generated dependencies of target number_publisher[0m
[0.048s] [ 50%] [32mBuilding CXX object CMakeFiles/number_publisher.dir/src/number_publisher_cpp_node_file.cpp.o[0m
[2.555s] [100%] [32m[1mLinking CXX executable number_publisher[0m
[2.675s] [100%] Built target number_publisher
[2.683s] Invoked command in '/home/robomaven/activity1_ws/build/activity1_cpp_pkg' returned '0': CMAKE_PREFIX_PATH=${CMAKE_PREFIX_PATH}:/home/robomaven/activity1_ws/install/activity1_py_pkg:/home/robomaven/ros2_ws/install/my_py_pkg:/opt/ros/humble /usr/bin/cmake --build /home/robomaven/activity1_ws/build/activity1_cpp_pkg -- -j20 -l20
[2.714s] Invoking command in '/home/robomaven/activity1_ws/build/activity1_cpp_pkg': CMAKE_PREFIX_PATH=${CMAKE_PREFIX_PATH}:/home/robomaven/activity1_ws/install/activity1_py_pkg:/home/robomaven/ros2_ws/install/my_py_pkg:/opt/ros/humble /usr/bin/cmake --install /home/robomaven/activity1_ws/build/activity1_cpp_pkg
[2.721s] -- Install configuration: ""
[2.722s] -- Installing: /home/robomaven/activity1_ws/install/activity1_cpp_pkg/lib/activity1_cpp_pkg/number_publisher
[2.723s] -- Set runtime path of "/home/robomaven/activity1_ws/install/activity1_cpp_pkg/lib/activity1_cpp_pkg/number_publisher" to ""
[2.723s] -- Up-to-date: /home/robomaven/activity1_ws/install/activity1_cpp_pkg/share/ament_index/resource_index/package_run_dependencies/activity1_cpp_pkg
[2.723s] -- Up-to-date: /home/robomaven/activity1_ws/install/activity1_cpp_pkg/share/ament_index/resource_index/parent_prefix_path/activity1_cpp_pkg
[2.723s] -- Up-to-date: /home/robomaven/activity1_ws/install/activity1_cpp_pkg/share/activity1_cpp_pkg/environment/ament_prefix_path.sh
[2.723s] -- Up-to-date: /home/robomaven/activity1_ws/install/activity1_cpp_pkg/share/activity1_cpp_pkg/environment/ament_prefix_path.dsv
[2.724s] -- Up-to-date: /home/robomaven/activity1_ws/install/activity1_cpp_pkg/share/activity1_cpp_pkg/environment/path.sh
[2.724s] -- Up-to-date: /home/robomaven/activity1_ws/install/activity1_cpp_pkg/share/activity1_cpp_pkg/environment/path.dsv
[2.724s] -- Up-to-date: /home/robomaven/activity1_ws/install/activity1_cpp_pkg/share/activity1_cpp_pkg/local_setup.bash
[2.724s] -- Up-to-date: /home/robomaven/activity1_ws/install/activity1_cpp_pkg/share/activity1_cpp_pkg/local_setup.sh
[2.724s] -- Up-to-date: /home/robomaven/activity1_ws/install/activity1_cpp_pkg/share/activity1_cpp_pkg/local_setup.zsh
[2.724s] -- Up-to-date: /home/robomaven/activity1_ws/install/activity1_cpp_pkg/share/activity1_cpp_pkg/local_setup.dsv
[2.724s] -- Installing: /home/robomaven/activity1_ws/install/activity1_cpp_pkg/share/activity1_cpp_pkg/package.dsv
[2.724s] -- Up-to-date: /home/robomaven/activity1_ws/install/activity1_cpp_pkg/share/ament_index/resource_index/packages/activity1_cpp_pkg
[2.724s] -- Up-to-date: /home/robomaven/activity1_ws/install/activity1_cpp_pkg/share/activity1_cpp_pkg/cmake/activity1_cpp_pkgConfig.cmake
[2.724s] -- Up-to-date: /home/robomaven/activity1_ws/install/activity1_cpp_pkg/share/activity1_cpp_pkg/cmake/activity1_cpp_pkgConfig-version.cmake
[2.724s] -- Up-to-date: /home/robomaven/activity1_ws/install/activity1_cpp_pkg/share/activity1_cpp_pkg/package.xml
[2.726s] Invoked command in '/home/robomaven/activity1_ws/build/activity1_cpp_pkg' returned '0': CMAKE_PREFIX_PATH=${CMAKE_PREFIX_PATH}:/home/robomaven/activity1_ws/install/activity1_py_pkg:/home/robomaven/ros2_ws/install/my_py_pkg:/opt/ros/humble /usr/bin/cmake --install /home/robomaven/activity1_ws/build/activity1_cpp_pkg
