[0.071s] Invoking command in '/home/robomaven/ws/ws_moveit2/build/rviz_marker_tools': AMENT_PREFIX_PATH=/home/robomaven/ws/ws_moveit2/install/moveit_common:${AMENT_PREFIX_PATH} CMAKE_PREFIX_PATH=/home/robomaven/ws/ws_moveit2/install/moveit_common:/opt/ros/humble /usr/bin/cmake --build /home/robomaven/ws/ws_moveit2/build/rviz_marker_tools -- -j20 -l20
[0.151s] [ 50%] [32mBuilding CXX object CMakeFiles/rviz_marker_tools.dir/src/marker_creation.cpp.o[0m
[4.178s] [100%] [32m[1mLinking CXX shared library librviz_marker_tools.so[0m
[4.319s] [100%] Built target rviz_marker_tools
[4.329s] Invoked command in '/home/robomaven/ws/ws_moveit2/build/rviz_marker_tools' returned '0': AMENT_PREFIX_PATH=/home/robomaven/ws/ws_moveit2/install/moveit_common:${AMENT_PREFIX_PATH} CMAKE_PREFIX_PATH=/home/robomaven/ws/ws_moveit2/install/moveit_common:/opt/ros/humble /usr/bin/cmake --build /home/robomaven/ws/ws_moveit2/build/rviz_marker_tools -- -j20 -l20
[4.350s] Invoking command in '/home/robomaven/ws/ws_moveit2/build/rviz_marker_tools': AMENT_PREFIX_PATH=/home/robomaven/ws/ws_moveit2/install/moveit_common:${AMENT_PREFIX_PATH} CMAKE_PREFIX_PATH=/home/robomaven/ws/ws_moveit2/install/moveit_common:/opt/ros/humble /usr/bin/cmake --install /home/robomaven/ws/ws_moveit2/build/rviz_marker_tools
[4.357s] -- Install configuration: "Release"
[4.357s] -- Installing: /home/robomaven/ws/ws_moveit2/install/rviz_marker_tools/include
[4.357s] -- Installing: /home/robomaven/ws/ws_moveit2/install/rviz_marker_tools/include/rviz_marker_tools
[4.358s] -- Installing: /home/robomaven/ws/ws_moveit2/install/rviz_marker_tools/include/rviz_marker_tools/marker_creation.h
[4.358s] -- Installing: /home/robomaven/ws/ws_moveit2/install/rviz_marker_tools/lib/librviz_marker_tools.so
[4.358s] -- Set runtime path of "/home/robomaven/ws/ws_moveit2/install/rviz_marker_tools/lib/librviz_marker_tools.so" to ""
[4.358s] -- Installing: /home/robomaven/ws/ws_moveit2/install/rviz_marker_tools/share/rviz_marker_tools/environment/library_path.sh
[4.358s] -- Installing: /home/robomaven/ws/ws_moveit2/install/rviz_marker_tools/share/rviz_marker_tools/environment/library_path.dsv
[4.358s] -- Installing: /home/robomaven/ws/ws_moveit2/install/rviz_marker_tools/share/ament_index/resource_index/package_run_dependencies/rviz_marker_tools
[4.358s] -- Installing: /home/robomaven/ws/ws_moveit2/install/rviz_marker_tools/share/ament_index/resource_index/parent_prefix_path/rviz_marker_tools
[4.359s] -- Installing: /home/robomaven/ws/ws_moveit2/install/rviz_marker_tools/share/rviz_marker_tools/environment/ament_prefix_path.sh
[4.359s] -- Installing: /home/robomaven/ws/ws_moveit2/install/rviz_marker_tools/share/rviz_marker_tools/environment/ament_prefix_path.dsv
[4.359s] -- Installing: /home/robomaven/ws/ws_moveit2/install/rviz_marker_tools/share/rviz_marker_tools/environment/path.sh
[4.359s] -- Installing: /home/robomaven/ws/ws_moveit2/install/rviz_marker_tools/share/rviz_marker_tools/environment/path.dsv
[4.359s] -- Installing: /home/robomaven/ws/ws_moveit2/install/rviz_marker_tools/share/rviz_marker_tools/local_setup.bash
[4.359s] -- Installing: /home/robomaven/ws/ws_moveit2/install/rviz_marker_tools/share/rviz_marker_tools/local_setup.sh
[4.359s] -- Installing: /home/robomaven/ws/ws_moveit2/install/rviz_marker_tools/share/rviz_marker_tools/local_setup.zsh
[4.359s] -- Installing: /home/robomaven/ws/ws_moveit2/install/rviz_marker_tools/share/rviz_marker_tools/local_setup.dsv
[4.359s] -- Installing: /home/robomaven/ws/ws_moveit2/install/rviz_marker_tools/share/rviz_marker_tools/package.dsv
[4.359s] -- Installing: /home/robomaven/ws/ws_moveit2/install/rviz_marker_tools/share/ament_index/resource_index/packages/rviz_marker_tools
[4.360s] -- Installing: /home/robomaven/ws/ws_moveit2/install/rviz_marker_tools/share/rviz_marker_tools/cmake/rviz_marker_toolsTargetsExport.cmake
[4.361s] -- Installing: /home/robomaven/ws/ws_moveit2/install/rviz_marker_tools/share/rviz_marker_tools/cmake/rviz_marker_toolsTargetsExport-release.cmake
[4.361s] -- Installing: /home/robomaven/ws/ws_moveit2/install/rviz_marker_tools/share/rviz_marker_tools/cmake/ament_cmake_export_targets-extras.cmake
[4.361s] -- Installing: /home/robomaven/ws/ws_moveit2/install/rviz_marker_tools/share/rviz_marker_tools/cmake/ament_cmake_export_dependencies-extras.cmake
[4.361s] -- Installing: /home/robomaven/ws/ws_moveit2/install/rviz_marker_tools/share/rviz_marker_tools/cmake/rviz_marker_toolsConfig.cmake
[4.361s] -- Installing: /home/robomaven/ws/ws_moveit2/install/rviz_marker_tools/share/rviz_marker_tools/cmake/rviz_marker_toolsConfig-version.cmake
[4.361s] -- Installing: /home/robomaven/ws/ws_moveit2/install/rviz_marker_tools/share/rviz_marker_tools/package.xml
[4.362s] Invoked command in '/home/robomaven/ws/ws_moveit2/build/rviz_marker_tools' returned '0': AMENT_PREFIX_PATH=/home/robomaven/ws/ws_moveit2/install/moveit_common:${AMENT_PREFIX_PATH} CMAKE_PREFIX_PATH=/home/robomaven/ws/ws_moveit2/install/moveit_common:/opt/ros/humble /usr/bin/cmake --install /home/robomaven/ws/ws_moveit2/build/rviz_marker_tools
