[0.043s] Invoking command in '/home/robomaven/ws/ws_moveit2/build/moveit_ros_move_group': AMENT_PREFIX_PATH=/home/robomaven/ws/ws_moveit2/install/moveit_kinematics:/home/robomaven/ws/ws_moveit2/install/moveit_ros_planning:/home/robomaven/ws/ws_moveit2/install/moveit_ros_occupancy_map_monitor:/home/robomaven/ws/ws_moveit2/install/moveit_core:/home/robomaven/ws/ws_moveit2/install/moveit_resources_fanuc_moveit_config:/home/robomaven/ws/ws_moveit2/install/srdfdom:/home/robomaven/ws/ws_moveit2/install/moveit_resources_fanuc_description:/home/robomaven/ws/ws_moveit2/install/moveit_common:${AMENT_PREFIX_PATH} CMAKE_PREFIX_PATH=/home/robomaven/ws/ws_moveit2/install/moveit_kinematics:/home/robomaven/ws/ws_moveit2/install/moveit_ros_planning:/home/robomaven/ws/ws_moveit2/install/moveit_ros_occupancy_map_monitor:/home/robomaven/ws/ws_moveit2/install/moveit_core:/home/robomaven/ws/ws_moveit2/install/moveit_resources_fanuc_moveit_config:/home/robomaven/ws/ws_moveit2/install/srdfdom:/home/robomaven/ws/ws_moveit2/install/moveit_resources_fanuc_description:/home/robomaven/ws/ws_moveit2/install/moveit_common:/opt/ros/humble LD_LIBRARY_PATH=/home/robomaven/ws/ws_moveit2/install/moveit_kinematics/lib:/home/robomaven/ws/ws_moveit2/install/moveit_ros_planning/lib:/home/robomaven/ws/ws_moveit2/install/moveit_ros_occupancy_map_monitor/lib:/home/robomaven/ws/ws_moveit2/install/moveit_core/lib:/home/robomaven/ws/ws_moveit2/install/srdfdom/lib:/usr/lib/x86_64-linux-gnu/gazebo-11/plugins:/opt/ros/humble/opt/rviz_ogre_vendor/lib:/opt/ros/humble/lib/x86_64-linux-gnu:/opt/ros/humble/lib:/usr/share/gazebo/../../lib/x86_64-linux-gnu/gazebo-11/plugins PATH=/home/robomaven/ws/ws_moveit2/install/moveit_core/bin:${PATH} PYTHONPATH=/home/robomaven/ws/ws_moveit2/install/srdfdom/local/lib/python3.10/dist-packages:${PYTHONPATH} /usr/bin/cmake /home/robomaven/ws/ws_moveit2/moveit2/moveit_ros/move_group -DCMAKE_BUILD_TYPE=Release -DCMAKE_INSTALL_PREFIX=/home/robomaven/ws/ws_moveit2/install/moveit_ros_move_group
[0.134s] -- The C compiler identification is GNU 11.4.0
[0.209s] -- The CXX compiler identification is GNU 11.4.0
[0.222s] -- Detecting C compiler ABI info
[0.312s] -- Detecting C compiler ABI info - done
[0.320s] -- Check for working C compiler: /usr/bin/cc - skipped
[0.321s] -- Detecting C compile features
[0.321s] -- Detecting C compile features - done
[0.324s] -- Detecting CXX compiler ABI info
[0.391s] -- Detecting CXX compiler ABI info - done
[0.401s] -- Check for working CXX compiler: /usr/bin/c++ - skipped
[0.402s] -- Detecting CXX compile features
[0.402s] -- Detecting CXX compile features - done
[0.405s] -- Found moveit_common: 2.5.5 (/home/robomaven/ws/ws_moveit2/install/moveit_common/share/moveit_common/cmake)
[0.414s] -- Found ament_cmake: 1.3.9 (/opt/ros/humble/share/ament_cmake/cmake)
[0.583s] -- Found Python3: /usr/bin/python3 (found version "3.10.12") found components: Interpreter 
[0.827s] -- Found libdw: /usr/lib/x86_64-linux-gnu/libdw.so  
[0.834s] -- Could NOT find libbfd (missing: LIBBFD_LIBRARY LIBBFD_INCLUDE_DIR) 
[0.835s] -- BACKWARD_HAS_UNWIND=1
[0.835s] -- BACKWARD_HAS_BACKTRACE=0
[0.835s] -- BACKWARD_HAS_BACKTRACE_SYMBOL=0
[0.835s] -- BACKWARD_HAS_DW=1
[0.835s] -- BACKWARD_HAS_BFD=0
[0.835s] -- Found Backward: /opt/ros/humble/share/backward_ros/cmake  
[0.837s] -- Found moveit_core: 2.5.5 (/home/robomaven/ws/ws_moveit2/install/moveit_core/share/moveit_core/cmake)
[1.143s] -- Found Boost: /usr/lib/x86_64-linux-gnu/cmake/Boost-1.74.0/BoostConfig.cmake (found version "1.74.0") found components: chrono date_time filesystem iostreams program_options regex serialization system thread 
[1.211s] -- Found parameter_traits: 0.3.8 (/opt/ros/humble/share/parameter_traits/cmake)
[1.281s] -- Found rosidl_generator_c: 3.1.5 (/opt/ros/humble/share/rosidl_generator_c/cmake)
[1.290s] -- Found rosidl_adapter: 3.1.5 (/opt/ros/humble/share/rosidl_adapter/cmake)
[1.304s] -- Found rosidl_generator_cpp: 3.1.5 (/opt/ros/humble/share/rosidl_generator_cpp/cmake)
[1.331s] -- Using all available rosidl_typesupport_c: rosidl_typesupport_fastrtps_c;rosidl_typesupport_introspection_c
[1.362s] -- Using all available rosidl_typesupport_cpp: rosidl_typesupport_fastrtps_cpp;rosidl_typesupport_introspection_cpp
[1.469s] -- Found rmw_implementation_cmake: 6.1.2 (/opt/ros/humble/share/rmw_implementation_cmake/cmake)
[1.474s] -- Found rmw_cyclonedds_cpp: 1.3.4 (/opt/ros/humble/share/rmw_cyclonedds_cpp/cmake)
[1.527s] -- Using RMW implementation 'rmw_cyclonedds_cpp' as default
[1.543s] -- Found Threads: TRUE  
[1.792s] -- Found Eigen3: TRUE (found version "3.4.0") 
[1.797s] -- Found rclcpp_lifecycle: 16.0.9 (/opt/ros/humble/share/rclcpp_lifecycle/cmake)
[1.864s] -- Found Boost: /usr/lib/x86_64-linux-gnu/cmake/Boost-1.74.0/BoostConfig.cmake (found version "1.74.0") found components: filesystem 
[2.056s] -- library: /usr/lib/x86_64-linux-gnu/libcurl.so
[2.484s] -- Ensuring Eigen3 include directory is part of orocos-kdl CMake target
[3.932s] -- Found moveit_ros_planning: 2.5.5 (/home/robomaven/ws/ws_moveit2/install/moveit_ros_planning/share/moveit_ros_planning/cmake)
[3.937s] -- Found Boost: /usr/lib/x86_64-linux-gnu/cmake/Boost-1.74.0/BoostConfig.cmake (found version "1.74.0") found components: system filesystem date_time program_options thread chrono 
[4.247s] -- Found std_srvs: 4.2.4 (/opt/ros/humble/share/std_srvs/cmake)
[4.277s] -- Found Boost: /usr/lib/x86_64-linux-gnu/cmake/Boost-1.74.0/BoostConfig.cmake (found version "1.74.0") found components: system filesystem date_time program_options thread 
[4.312s] -- Found ament_lint_auto: 0.12.11 (/opt/ros/humble/share/ament_lint_auto/cmake)
[4.338s] -- Added test 'cppcheck' to perform static code analysis on C / C++ code
[4.339s] -- Configured cppcheck include dirs: /home/robomaven/ws/ws_moveit2/moveit2/moveit_ros/move_group/include
[4.339s] -- Configured cppcheck exclude dirs and/or files: 
[4.340s] -- Added test 'lint_cmake' to check CMake code style
[4.341s] -- Added test 'pep257' to check Python code against some of the docstring style conventions in PEP 257
[4.342s] -- Added test 'xmllint' to check XML markup files
[4.344s] -- Configuring done
[4.428s] -- Generating done
[4.431s] -- Build files have been written to: /home/robomaven/ws/ws_moveit2/build/moveit_ros_move_group
[4.448s] Invoked command in '/home/robomaven/ws/ws_moveit2/build/moveit_ros_move_group' returned '0': AMENT_PREFIX_PATH=/home/robomaven/ws/ws_moveit2/install/moveit_kinematics:/home/robomaven/ws/ws_moveit2/install/moveit_ros_planning:/home/robomaven/ws/ws_moveit2/install/moveit_ros_occupancy_map_monitor:/home/robomaven/ws/ws_moveit2/install/moveit_core:/home/robomaven/ws/ws_moveit2/install/moveit_resources_fanuc_moveit_config:/home/robomaven/ws/ws_moveit2/install/srdfdom:/home/robomaven/ws/ws_moveit2/install/moveit_resources_fanuc_description:/home/robomaven/ws/ws_moveit2/install/moveit_common:${AMENT_PREFIX_PATH} CMAKE_PREFIX_PATH=/home/robomaven/ws/ws_moveit2/install/moveit_kinematics:/home/robomaven/ws/ws_moveit2/install/moveit_ros_planning:/home/robomaven/ws/ws_moveit2/install/moveit_ros_occupancy_map_monitor:/home/robomaven/ws/ws_moveit2/install/moveit_core:/home/robomaven/ws/ws_moveit2/install/moveit_resources_fanuc_moveit_config:/home/robomaven/ws/ws_moveit2/install/srdfdom:/home/robomaven/ws/ws_moveit2/install/moveit_resources_fanuc_description:/home/robomaven/ws/ws_moveit2/install/moveit_common:/opt/ros/humble LD_LIBRARY_PATH=/home/robomaven/ws/ws_moveit2/install/moveit_kinematics/lib:/home/robomaven/ws/ws_moveit2/install/moveit_ros_planning/lib:/home/robomaven/ws/ws_moveit2/install/moveit_ros_occupancy_map_monitor/lib:/home/robomaven/ws/ws_moveit2/install/moveit_core/lib:/home/robomaven/ws/ws_moveit2/install/srdfdom/lib:/usr/lib/x86_64-linux-gnu/gazebo-11/plugins:/opt/ros/humble/opt/rviz_ogre_vendor/lib:/opt/ros/humble/lib/x86_64-linux-gnu:/opt/ros/humble/lib:/usr/share/gazebo/../../lib/x86_64-linux-gnu/gazebo-11/plugins PATH=/home/robomaven/ws/ws_moveit2/install/moveit_core/bin:${PATH} PYTHONPATH=/home/robomaven/ws/ws_moveit2/install/srdfdom/local/lib/python3.10/dist-packages:${PYTHONPATH} /usr/bin/cmake /home/robomaven/ws/ws_moveit2/moveit2/moveit_ros/move_group -DCMAKE_BUILD_TYPE=Release -DCMAKE_INSTALL_PREFIX=/home/robomaven/ws/ws_moveit2/install/moveit_ros_move_group
[4.451s] Invoking command in '/home/robomaven/ws/ws_moveit2/build/moveit_ros_move_group': AMENT_PREFIX_PATH=/home/robomaven/ws/ws_moveit2/install/moveit_kinematics:/home/robomaven/ws/ws_moveit2/install/moveit_ros_planning:/home/robomaven/ws/ws_moveit2/install/moveit_ros_occupancy_map_monitor:/home/robomaven/ws/ws_moveit2/install/moveit_core:/home/robomaven/ws/ws_moveit2/install/moveit_resources_fanuc_moveit_config:/home/robomaven/ws/ws_moveit2/install/srdfdom:/home/robomaven/ws/ws_moveit2/install/moveit_resources_fanuc_description:/home/robomaven/ws/ws_moveit2/install/moveit_common:${AMENT_PREFIX_PATH} CMAKE_PREFIX_PATH=/home/robomaven/ws/ws_moveit2/install/moveit_kinematics:/home/robomaven/ws/ws_moveit2/install/moveit_ros_planning:/home/robomaven/ws/ws_moveit2/install/moveit_ros_occupancy_map_monitor:/home/robomaven/ws/ws_moveit2/install/moveit_core:/home/robomaven/ws/ws_moveit2/install/moveit_resources_fanuc_moveit_config:/home/robomaven/ws/ws_moveit2/install/srdfdom:/home/robomaven/ws/ws_moveit2/install/moveit_resources_fanuc_description:/home/robomaven/ws/ws_moveit2/install/moveit_common:/opt/ros/humble LD_LIBRARY_PATH=/home/robomaven/ws/ws_moveit2/install/moveit_kinematics/lib:/home/robomaven/ws/ws_moveit2/install/moveit_ros_planning/lib:/home/robomaven/ws/ws_moveit2/install/moveit_ros_occupancy_map_monitor/lib:/home/robomaven/ws/ws_moveit2/install/moveit_core/lib:/home/robomaven/ws/ws_moveit2/install/srdfdom/lib:/usr/lib/x86_64-linux-gnu/gazebo-11/plugins:/opt/ros/humble/opt/rviz_ogre_vendor/lib:/opt/ros/humble/lib/x86_64-linux-gnu:/opt/ros/humble/lib:/usr/share/gazebo/../../lib/x86_64-linux-gnu/gazebo-11/plugins PATH=/home/robomaven/ws/ws_moveit2/install/moveit_core/bin:${PATH} PYTHONPATH=/home/robomaven/ws/ws_moveit2/install/srdfdom/local/lib/python3.10/dist-packages:${PYTHONPATH} /usr/bin/cmake --build /home/robomaven/ws/ws_moveit2/build/moveit_ros_move_group -- -j20 -l20
[4.522s] [ 15%] [32mBuilding CXX object CMakeFiles/list_move_group_capabilities.dir/src/list_capabilities.cpp.o[0m
[4.523s] [ 15%] [32mBuilding CXX object CMakeFiles/moveit_move_group_capabilities_base.dir/src/move_group_context.cpp.o[0m
[4.523s] [ 15%] [32mBuilding CXX object CMakeFiles/moveit_move_group_capabilities_base.dir/src/move_group_capability.cpp.o[0m
[14.633s] [ 21%] [32m[1mLinking CXX shared library libmoveit_move_group_capabilities_base.so[0m
[14.780s] [ 21%] Built target moveit_move_group_capabilities_base
[14.796s] [ 31%] [32mBuilding CXX object CMakeFiles/move_group.dir/src/move_group.cpp.o[0m
[14.796s] [ 36%] [32mBuilding CXX object CMakeFiles/moveit_move_group_default_capabilities.dir/src/default_capabilities/move_action_capability.cpp.o[0m
[14.796s] [ 36%] [32mBuilding CXX object CMakeFiles/moveit_move_group_default_capabilities.dir/src/default_capabilities/plan_service_capability.cpp.o[0m
[14.797s] [ 42%] [32mBuilding CXX object CMakeFiles/moveit_move_group_default_capabilities.dir/src/default_capabilities/execute_trajectory_action_capability.cpp.o[0m
[14.798s] [ 47%] [32mBuilding CXX object CMakeFiles/moveit_move_group_default_capabilities.dir/src/default_capabilities/get_planning_scene_service_capability.cpp.o[0m
[14.800s] [ 52%] [32mBuilding CXX object CMakeFiles/moveit_move_group_default_capabilities.dir/src/default_capabilities/query_planners_service_capability.cpp.o[0m
[14.800s] [ 57%] [32mBuilding CXX object CMakeFiles/moveit_move_group_default_capabilities.dir/src/default_capabilities/kinematics_service_capability.cpp.o[0m
[14.800s] [ 63%] [32mBuilding CXX object CMakeFiles/moveit_move_group_default_capabilities.dir/src/default_capabilities/state_validation_service_capability.cpp.o[0m
[14.801s] [ 68%] [32mBuilding CXX object CMakeFiles/moveit_move_group_default_capabilities.dir/src/default_capabilities/cartesian_path_service_capability.cpp.o[0m
[14.802s] [ 78%] [32mBuilding CXX object CMakeFiles/moveit_move_group_default_capabilities.dir/src/default_capabilities/clear_octomap_service_capability.cpp.o[0m
[14.802s] [ 78%] [32mBuilding CXX object CMakeFiles/moveit_move_group_default_capabilities.dir/src/default_capabilities/apply_planning_scene_service_capability.cpp.o[0m
[14.803s] [ 84%] [32mBuilding CXX object CMakeFiles/moveit_move_group_default_capabilities.dir/src/default_capabilities/tf_publisher_capability.cpp.o[0m
[16.064s] [ 89%] [32m[1mLinking CXX executable list_move_group_capabilities[0m
[16.240s] [ 89%] Built target list_move_group_capabilities
[32.167s] [ 94%] [32m[1mLinking CXX shared library libmoveit_move_group_default_capabilities.so[0m
[32.447s] [ 94%] Built target moveit_move_group_default_capabilities
[33.969s] [100%] [32m[1mLinking CXX executable move_group[0m
[34.219s] [100%] Built target move_group
[34.228s] Invoked command in '/home/robomaven/ws/ws_moveit2/build/moveit_ros_move_group' returned '0': AMENT_PREFIX_PATH=/home/robomaven/ws/ws_moveit2/install/moveit_kinematics:/home/robomaven/ws/ws_moveit2/install/moveit_ros_planning:/home/robomaven/ws/ws_moveit2/install/moveit_ros_occupancy_map_monitor:/home/robomaven/ws/ws_moveit2/install/moveit_core:/home/robomaven/ws/ws_moveit2/install/moveit_resources_fanuc_moveit_config:/home/robomaven/ws/ws_moveit2/install/srdfdom:/home/robomaven/ws/ws_moveit2/install/moveit_resources_fanuc_description:/home/robomaven/ws/ws_moveit2/install/moveit_common:${AMENT_PREFIX_PATH} CMAKE_PREFIX_PATH=/home/robomaven/ws/ws_moveit2/install/moveit_kinematics:/home/robomaven/ws/ws_moveit2/install/moveit_ros_planning:/home/robomaven/ws/ws_moveit2/install/moveit_ros_occupancy_map_monitor:/home/robomaven/ws/ws_moveit2/install/moveit_core:/home/robomaven/ws/ws_moveit2/install/moveit_resources_fanuc_moveit_config:/home/robomaven/ws/ws_moveit2/install/srdfdom:/home/robomaven/ws/ws_moveit2/install/moveit_resources_fanuc_description:/home/robomaven/ws/ws_moveit2/install/moveit_common:/opt/ros/humble LD_LIBRARY_PATH=/home/robomaven/ws/ws_moveit2/install/moveit_kinematics/lib:/home/robomaven/ws/ws_moveit2/install/moveit_ros_planning/lib:/home/robomaven/ws/ws_moveit2/install/moveit_ros_occupancy_map_monitor/lib:/home/robomaven/ws/ws_moveit2/install/moveit_core/lib:/home/robomaven/ws/ws_moveit2/install/srdfdom/lib:/usr/lib/x86_64-linux-gnu/gazebo-11/plugins:/opt/ros/humble/opt/rviz_ogre_vendor/lib:/opt/ros/humble/lib/x86_64-linux-gnu:/opt/ros/humble/lib:/usr/share/gazebo/../../lib/x86_64-linux-gnu/gazebo-11/plugins PATH=/home/robomaven/ws/ws_moveit2/install/moveit_core/bin:${PATH} PYTHONPATH=/home/robomaven/ws/ws_moveit2/install/srdfdom/local/lib/python3.10/dist-packages:${PYTHONPATH} /usr/bin/cmake --build /home/robomaven/ws/ws_moveit2/build/moveit_ros_move_group -- -j20 -l20
[34.269s] Invoking command in '/home/robomaven/ws/ws_moveit2/build/moveit_ros_move_group': AMENT_PREFIX_PATH=/home/robomaven/ws/ws_moveit2/install/moveit_kinematics:/home/robomaven/ws/ws_moveit2/install/moveit_ros_planning:/home/robomaven/ws/ws_moveit2/install/moveit_ros_occupancy_map_monitor:/home/robomaven/ws/ws_moveit2/install/moveit_core:/home/robomaven/ws/ws_moveit2/install/moveit_resources_fanuc_moveit_config:/home/robomaven/ws/ws_moveit2/install/srdfdom:/home/robomaven/ws/ws_moveit2/install/moveit_resources_fanuc_description:/home/robomaven/ws/ws_moveit2/install/moveit_common:${AMENT_PREFIX_PATH} CMAKE_PREFIX_PATH=/home/robomaven/ws/ws_moveit2/install/moveit_kinematics:/home/robomaven/ws/ws_moveit2/install/moveit_ros_planning:/home/robomaven/ws/ws_moveit2/install/moveit_ros_occupancy_map_monitor:/home/robomaven/ws/ws_moveit2/install/moveit_core:/home/robomaven/ws/ws_moveit2/install/moveit_resources_fanuc_moveit_config:/home/robomaven/ws/ws_moveit2/install/srdfdom:/home/robomaven/ws/ws_moveit2/install/moveit_resources_fanuc_description:/home/robomaven/ws/ws_moveit2/install/moveit_common:/opt/ros/humble LD_LIBRARY_PATH=/home/robomaven/ws/ws_moveit2/install/moveit_kinematics/lib:/home/robomaven/ws/ws_moveit2/install/moveit_ros_planning/lib:/home/robomaven/ws/ws_moveit2/install/moveit_ros_occupancy_map_monitor/lib:/home/robomaven/ws/ws_moveit2/install/moveit_core/lib:/home/robomaven/ws/ws_moveit2/install/srdfdom/lib:/usr/lib/x86_64-linux-gnu/gazebo-11/plugins:/opt/ros/humble/opt/rviz_ogre_vendor/lib:/opt/ros/humble/lib/x86_64-linux-gnu:/opt/ros/humble/lib:/usr/share/gazebo/../../lib/x86_64-linux-gnu/gazebo-11/plugins PATH=/home/robomaven/ws/ws_moveit2/install/moveit_core/bin:${PATH} PYTHONPATH=/home/robomaven/ws/ws_moveit2/install/srdfdom/local/lib/python3.10/dist-packages:${PYTHONPATH} /usr/bin/cmake --install /home/robomaven/ws/ws_moveit2/build/moveit_ros_move_group
[34.274s] -- Install configuration: "Release"
[34.274s] -- Installing: /home/robomaven/ws/ws_moveit2/install/moveit_ros_move_group/lib/moveit_ros_move_group/move_group
[34.274s] -- Set runtime path of "/home/robomaven/ws/ws_moveit2/install/moveit_ros_move_group/lib/moveit_ros_move_group/move_group" to ""
[34.274s] -- Installing: /home/robomaven/ws/ws_moveit2/install/moveit_ros_move_group/lib/moveit_ros_move_group/list_move_group_capabilities
[34.275s] -- Set runtime path of "/home/robomaven/ws/ws_moveit2/install/moveit_ros_move_group/lib/moveit_ros_move_group/list_move_group_capabilities" to ""
[34.275s] -- Installing: /home/robomaven/ws/ws_moveit2/install/moveit_ros_move_group/lib/libmoveit_move_group_default_capabilities.so.2.5.5
[34.276s] -- Set runtime path of "/home/robomaven/ws/ws_moveit2/install/moveit_ros_move_group/lib/libmoveit_move_group_default_capabilities.so.2.5.5" to ""
[34.276s] -- Installing: /home/robomaven/ws/ws_moveit2/install/moveit_ros_move_group/lib/libmoveit_move_group_default_capabilities.so
[34.276s] -- Installing: /home/robomaven/ws/ws_moveit2/install/moveit_ros_move_group/lib/libmoveit_move_group_capabilities_base.so.2.5.5
[34.276s] -- Set runtime path of "/home/robomaven/ws/ws_moveit2/install/moveit_ros_move_group/lib/libmoveit_move_group_capabilities_base.so.2.5.5" to ""
[34.276s] -- Installing: /home/robomaven/ws/ws_moveit2/install/moveit_ros_move_group/lib/libmoveit_move_group_capabilities_base.so
[34.276s] -- Installing: /home/robomaven/ws/ws_moveit2/install/moveit_ros_move_group/include
[34.276s] -- Installing: /home/robomaven/ws/ws_moveit2/install/moveit_ros_move_group/include/moveit
[34.276s] -- Installing: /home/robomaven/ws/ws_moveit2/install/moveit_ros_move_group/include/moveit/move_group
[34.276s] -- Installing: /home/robomaven/ws/ws_moveit2/install/moveit_ros_move_group/include/moveit/move_group/node_name.h
[34.276s] -- Installing: /home/robomaven/ws/ws_moveit2/install/moveit_ros_move_group/include/moveit/move_group/move_group_context.h
[34.276s] -- Installing: /home/robomaven/ws/ws_moveit2/install/moveit_ros_move_group/include/moveit/move_group/capability_names.h
[34.276s] -- Installing: /home/robomaven/ws/ws_moveit2/install/moveit_ros_move_group/include/moveit/move_group/move_group_capability.h
[34.276s] -- Installing: /home/robomaven/ws/ws_moveit2/install/moveit_ros_move_group/share/moveit_ros_move_group/environment/library_path.sh
[34.277s] -- Installing: /home/robomaven/ws/ws_moveit2/install/moveit_ros_move_group/share/moveit_ros_move_group/environment/library_path.dsv
[34.277s] -- Installing: /home/robomaven/ws/ws_moveit2/install/moveit_ros_move_group/lib/moveit_ros_move_group/load_map
[34.277s] -- Installing: /home/robomaven/ws/ws_moveit2/install/moveit_ros_move_group/lib/moveit_ros_move_group/save_map
[34.277s] -- Installing: /home/robomaven/ws/ws_moveit2/install/moveit_ros_move_group/share/moveit_ros_move_group/default_capabilities_plugin_description.xml
[34.277s] -- Installing: /home/robomaven/ws/ws_moveit2/install/moveit_ros_move_group/share/ament_index/resource_index/package_run_dependencies/moveit_ros_move_group
[34.277s] -- Installing: /home/robomaven/ws/ws_moveit2/install/moveit_ros_move_group/share/ament_index/resource_index/parent_prefix_path/moveit_ros_move_group
[34.277s] -- Installing: /home/robomaven/ws/ws_moveit2/install/moveit_ros_move_group/share/moveit_ros_move_group/environment/ament_prefix_path.sh
[34.277s] -- Installing: /home/robomaven/ws/ws_moveit2/install/moveit_ros_move_group/share/moveit_ros_move_group/environment/ament_prefix_path.dsv
[34.277s] -- Installing: /home/robomaven/ws/ws_moveit2/install/moveit_ros_move_group/share/moveit_ros_move_group/environment/path.sh
[34.277s] -- Installing: /home/robomaven/ws/ws_moveit2/install/moveit_ros_move_group/share/moveit_ros_move_group/environment/path.dsv
[34.277s] -- Installing: /home/robomaven/ws/ws_moveit2/install/moveit_ros_move_group/share/moveit_ros_move_group/local_setup.bash
[34.277s] -- Installing: /home/robomaven/ws/ws_moveit2/install/moveit_ros_move_group/share/moveit_ros_move_group/local_setup.sh
[34.277s] -- Installing: /home/robomaven/ws/ws_moveit2/install/moveit_ros_move_group/share/moveit_ros_move_group/local_setup.zsh
[34.277s] -- Installing: /home/robomaven/ws/ws_moveit2/install/moveit_ros_move_group/share/moveit_ros_move_group/local_setup.dsv
[34.277s] -- Installing: /home/robomaven/ws/ws_moveit2/install/moveit_ros_move_group/share/moveit_ros_move_group/package.dsv
[34.277s] -- Installing: /home/robomaven/ws/ws_moveit2/install/moveit_ros_move_group/share/ament_index/resource_index/packages/moveit_ros_move_group
[34.277s] -- Installing: /home/robomaven/ws/ws_moveit2/install/moveit_ros_move_group/share/ament_index/resource_index/moveit_ros_move_group__pluginlib__plugin/moveit_ros_move_group
[34.278s] -- Installing: /home/robomaven/ws/ws_moveit2/install/moveit_ros_move_group/share/moveit_ros_move_group/cmake/export_moveit_ros_move_groupExport.cmake
[34.278s] -- Installing: /home/robomaven/ws/ws_moveit2/install/moveit_ros_move_group/share/moveit_ros_move_group/cmake/export_moveit_ros_move_groupExport-release.cmake
[34.278s] -- Installing: /home/robomaven/ws/ws_moveit2/install/moveit_ros_move_group/share/moveit_ros_move_group/cmake/ConfigExtras.cmake
[34.278s] -- Installing: /home/robomaven/ws/ws_moveit2/install/moveit_ros_move_group/share/moveit_ros_move_group/cmake/ament_cmake_export_targets-extras.cmake
[34.278s] -- Installing: /home/robomaven/ws/ws_moveit2/install/moveit_ros_move_group/share/moveit_ros_move_group/cmake/ament_cmake_export_dependencies-extras.cmake
[34.278s] -- Installing: /home/robomaven/ws/ws_moveit2/install/moveit_ros_move_group/share/moveit_ros_move_group/cmake/moveit_ros_move_groupConfig.cmake
[34.278s] -- Installing: /home/robomaven/ws/ws_moveit2/install/moveit_ros_move_group/share/moveit_ros_move_group/cmake/moveit_ros_move_groupConfig-version.cmake
[34.278s] -- Installing: /home/robomaven/ws/ws_moveit2/install/moveit_ros_move_group/share/moveit_ros_move_group/package.xml
[34.279s] Invoked command in '/home/robomaven/ws/ws_moveit2/build/moveit_ros_move_group' returned '0': AMENT_PREFIX_PATH=/home/robomaven/ws/ws_moveit2/install/moveit_kinematics:/home/robomaven/ws/ws_moveit2/install/moveit_ros_planning:/home/robomaven/ws/ws_moveit2/install/moveit_ros_occupancy_map_monitor:/home/robomaven/ws/ws_moveit2/install/moveit_core:/home/robomaven/ws/ws_moveit2/install/moveit_resources_fanuc_moveit_config:/home/robomaven/ws/ws_moveit2/install/srdfdom:/home/robomaven/ws/ws_moveit2/install/moveit_resources_fanuc_description:/home/robomaven/ws/ws_moveit2/install/moveit_common:${AMENT_PREFIX_PATH} CMAKE_PREFIX_PATH=/home/robomaven/ws/ws_moveit2/install/moveit_kinematics:/home/robomaven/ws/ws_moveit2/install/moveit_ros_planning:/home/robomaven/ws/ws_moveit2/install/moveit_ros_occupancy_map_monitor:/home/robomaven/ws/ws_moveit2/install/moveit_core:/home/robomaven/ws/ws_moveit2/install/moveit_resources_fanuc_moveit_config:/home/robomaven/ws/ws_moveit2/install/srdfdom:/home/robomaven/ws/ws_moveit2/install/moveit_resources_fanuc_description:/home/robomaven/ws/ws_moveit2/install/moveit_common:/opt/ros/humble LD_LIBRARY_PATH=/home/robomaven/ws/ws_moveit2/install/moveit_kinematics/lib:/home/robomaven/ws/ws_moveit2/install/moveit_ros_planning/lib:/home/robomaven/ws/ws_moveit2/install/moveit_ros_occupancy_map_monitor/lib:/home/robomaven/ws/ws_moveit2/install/moveit_core/lib:/home/robomaven/ws/ws_moveit2/install/srdfdom/lib:/usr/lib/x86_64-linux-gnu/gazebo-11/plugins:/opt/ros/humble/opt/rviz_ogre_vendor/lib:/opt/ros/humble/lib/x86_64-linux-gnu:/opt/ros/humble/lib:/usr/share/gazebo/../../lib/x86_64-linux-gnu/gazebo-11/plugins PATH=/home/robomaven/ws/ws_moveit2/install/moveit_core/bin:${PATH} PYTHONPATH=/home/robomaven/ws/ws_moveit2/install/srdfdom/local/lib/python3.10/dist-packages:${PYTHONPATH} /usr/bin/cmake --install /home/robomaven/ws/ws_moveit2/build/moveit_ros_move_group
