[0.011s] Invoking command in '/home/robomaven/open_manipulator_ws/build/open_manipulator_x_description': CMAKE_PREFIX_PATH=${CMAKE_PREFIX_PATH}:/home/robomaven/ros2_ws3/install/actions_py:/home/robomaven/activity1_ws/install/activity1_py_pkg:/opt/ros/humble /usr/bin/cmake /home/robomaven/open_manipulator_ws/src/open_manipulator/open_manipulator_x_description -DCMAKE_INSTALL_PREFIX=/home/robomaven/open_manipulator_ws/install/open_manipulator_x_description
[0.044s] -- The C compiler identification is GNU 11.4.0
[0.079s] -- The CXX compiler identification is GNU 11.4.0
[0.083s] -- Detecting C compiler ABI info
[0.126s] -- Detecting C compiler ABI info - done
[0.131s] -- Check for working C compiler: /usr/bin/cc - skipped
[0.131s] -- Detecting C compile features
[0.131s] -- Detecting C compile features - done
[0.133s] -- Detecting CXX compiler ABI info
[0.187s] -- Detecting CXX compiler ABI info - done
[0.193s] -- Check for working CXX compiler: /usr/bin/c++ - skipped
[0.194s] -- Detecting CXX compile features
[0.194s] -- Detecting CXX compile features - done
[0.196s] -- Found ament_cmake: 1.3.9 (/opt/ros/humble/share/ament_cmake/cmake)
[0.299s] -- Found Python3: /usr/bin/python3 (found version "3.10.12") found components: Interpreter 
[0.413s] -- Configuring done
[0.414s] -- Generating done
[0.415s] -- Build files have been written to: /home/robomaven/open_manipulator_ws/build/open_manipulator_x_description
[0.417s] Invoked command in '/home/robomaven/open_manipulator_ws/build/open_manipulator_x_description' returned '0': CMAKE_PREFIX_PATH=${CMAKE_PREFIX_PATH}:/home/robomaven/ros2_ws3/install/actions_py:/home/robomaven/activity1_ws/install/activity1_py_pkg:/opt/ros/humble /usr/bin/cmake /home/robomaven/open_manipulator_ws/src/open_manipulator/open_manipulator_x_description -DCMAKE_INSTALL_PREFIX=/home/robomaven/open_manipulator_ws/install/open_manipulator_x_description
[0.419s] Invoking command in '/home/robomaven/open_manipulator_ws/build/open_manipulator_x_description': CMAKE_PREFIX_PATH=${CMAKE_PREFIX_PATH}:/home/robomaven/ros2_ws3/install/actions_py:/home/robomaven/activity1_ws/install/activity1_py_pkg:/opt/ros/humble /usr/bin/cmake --build /home/robomaven/open_manipulator_ws/build/open_manipulator_x_description -- -j20 -l20
[0.444s] Invoked command in '/home/robomaven/open_manipulator_ws/build/open_manipulator_x_description' returned '0': CMAKE_PREFIX_PATH=${CMAKE_PREFIX_PATH}:/home/robomaven/ros2_ws3/install/actions_py:/home/robomaven/activity1_ws/install/activity1_py_pkg:/opt/ros/humble /usr/bin/cmake --build /home/robomaven/open_manipulator_ws/build/open_manipulator_x_description -- -j20 -l20
[0.465s] Invoking command in '/home/robomaven/open_manipulator_ws/build/open_manipulator_x_description': CMAKE_PREFIX_PATH=${CMAKE_PREFIX_PATH}:/home/robomaven/ros2_ws3/install/actions_py:/home/robomaven/activity1_ws/install/activity1_py_pkg:/opt/ros/humble /usr/bin/cmake --install /home/robomaven/open_manipulator_ws/build/open_manipulator_x_description
[0.470s] -- Install configuration: ""
[0.470s] -- Installing: /home/robomaven/open_manipulator_ws/install/open_manipulator_x_description/share/open_manipulator_x_description/launch
[0.470s] -- Installing: /home/robomaven/open_manipulator_ws/install/open_manipulator_x_description/share/open_manipulator_x_description/launch/open_manipulator_x_rviz.launch.py
[0.470s] -- Installing: /home/robomaven/open_manipulator_ws/install/open_manipulator_x_description/share/open_manipulator_x_description/launch/.DS_Store
[0.470s] -- Installing: /home/robomaven/open_manipulator_ws/install/open_manipulator_x_description/share/open_manipulator_x_description/meshes
[0.470s] -- Installing: /home/robomaven/open_manipulator_ws/install/open_manipulator_x_description/share/open_manipulator_x_description/meshes/chain_link_grip_l.stl
[0.470s] -- Installing: /home/robomaven/open_manipulator_ws/install/open_manipulator_x_description/share/open_manipulator_x_description/meshes/chain_link3.stl
[0.471s] -- Installing: /home/robomaven/open_manipulator_ws/install/open_manipulator_x_description/share/open_manipulator_x_description/meshes/chain_link2.stl
[0.471s] -- Installing: /home/robomaven/open_manipulator_ws/install/open_manipulator_x_description/share/open_manipulator_x_description/meshes/chain_link_grip_r.stl
[0.471s] -- Installing: /home/robomaven/open_manipulator_ws/install/open_manipulator_x_description/share/open_manipulator_x_description/meshes/chain_link4.stl
[0.471s] -- Installing: /home/robomaven/open_manipulator_ws/install/open_manipulator_x_description/share/open_manipulator_x_description/meshes/chain_link1.stl
[0.472s] -- Installing: /home/robomaven/open_manipulator_ws/install/open_manipulator_x_description/share/open_manipulator_x_description/meshes/chain_link5.stl
[0.472s] -- Installing: /home/robomaven/open_manipulator_ws/install/open_manipulator_x_description/share/open_manipulator_x_description/rviz
[0.472s] -- Installing: /home/robomaven/open_manipulator_ws/install/open_manipulator_x_description/share/open_manipulator_x_description/rviz/open_manipulator_x.rviz
[0.473s] -- Installing: /home/robomaven/open_manipulator_ws/install/open_manipulator_x_description/share/open_manipulator_x_description/urdf
[0.473s] -- Installing: /home/robomaven/open_manipulator_ws/install/open_manipulator_x_description/share/open_manipulator_x_description/urdf/open_manipulator_x_robot.urdf.xacro
[0.473s] -- Installing: /home/robomaven/open_manipulator_ws/install/open_manipulator_x_description/share/open_manipulator_x_description/urdf/open_manipulator_x.gazebo.xacro
[0.473s] -- Installing: /home/robomaven/open_manipulator_ws/install/open_manipulator_x_description/share/open_manipulator_x_description/urdf/open_manipulator_x.urdf.xacro
[0.473s] -- Installing: /home/robomaven/open_manipulator_ws/install/open_manipulator_x_description/share/open_manipulator_x_description/urdf/open_manipulator_x.transmission.xacro
[0.473s] -- Installing: /home/robomaven/open_manipulator_ws/install/open_manipulator_x_description/share/open_manipulator_x_description/urdf/materials.xacro
[0.473s] -- Installing: /home/robomaven/open_manipulator_ws/install/open_manipulator_x_description/share/ament_index/resource_index/package_run_dependencies/open_manipulator_x_description
[0.473s] -- Installing: /home/robomaven/open_manipulator_ws/install/open_manipulator_x_description/share/ament_index/resource_index/parent_prefix_path/open_manipulator_x_description
[0.473s] -- Installing: /home/robomaven/open_manipulator_ws/install/open_manipulator_x_description/share/open_manipulator_x_description/environment/ament_prefix_path.sh
[0.473s] -- Installing: /home/robomaven/open_manipulator_ws/install/open_manipulator_x_description/share/open_manipulator_x_description/environment/ament_prefix_path.dsv
[0.474s] -- Installing: /home/robomaven/open_manipulator_ws/install/open_manipulator_x_description/share/open_manipulator_x_description/environment/path.sh
[0.474s] -- Installing: /home/robomaven/open_manipulator_ws/install/open_manipulator_x_description/share/open_manipulator_x_description/environment/path.dsv
[0.474s] -- Installing: /home/robomaven/open_manipulator_ws/install/open_manipulator_x_description/share/open_manipulator_x_description/local_setup.bash
[0.474s] -- Installing: /home/robomaven/open_manipulator_ws/install/open_manipulator_x_description/share/open_manipulator_x_description/local_setup.sh
[0.474s] -- Installing: /home/robomaven/open_manipulator_ws/install/open_manipulator_x_description/share/open_manipulator_x_description/local_setup.zsh
[0.474s] -- Installing: /home/robomaven/open_manipulator_ws/install/open_manipulator_x_description/share/open_manipulator_x_description/local_setup.dsv
[0.474s] -- Installing: /home/robomaven/open_manipulator_ws/install/open_manipulator_x_description/share/open_manipulator_x_description/package.dsv
[0.474s] -- Installing: /home/robomaven/open_manipulator_ws/install/open_manipulator_x_description/share/ament_index/resource_index/packages/open_manipulator_x_description
[0.474s] -- Installing: /home/robomaven/open_manipulator_ws/install/open_manipulator_x_description/share/open_manipulator_x_description/cmake/open_manipulator_x_descriptionConfig.cmake
[0.474s] -- Installing: /home/robomaven/open_manipulator_ws/install/open_manipulator_x_description/share/open_manipulator_x_description/cmake/open_manipulator_x_descriptionConfig-version.cmake
[0.475s] -- Installing: /home/robomaven/open_manipulator_ws/install/open_manipulator_x_description/share/open_manipulator_x_description/package.xml
[0.475s] Invoked command in '/home/robomaven/open_manipulator_ws/build/open_manipulator_x_description' returned '0': CMAKE_PREFIX_PATH=${CMAKE_PREFIX_PATH}:/home/robomaven/ros2_ws3/install/actions_py:/home/robomaven/activity1_ws/install/activity1_py_pkg:/opt/ros/humble /usr/bin/cmake --install /home/robomaven/open_manipulator_ws/build/open_manipulator_x_description
