[0.011s] Invoking command in '/home/robomaven/ws/ros2_ws3/build/my_robot_interfaces': CMAKE_PREFIX_PATH=${CMAKE_PREFIX_PATH}:/home/robomaven/ws/ros2_ws3/install/actions_py:/opt/ros/humble /usr/bin/cmake --build /home/robomaven/ws/ros2_ws3/build/my_robot_interfaces -- -j20 -l20
[0.044s] [  3%] Built target my_robot_interfaces__cpp
[0.044s] [ 12%] Built target my_robot_interfaces__rosidl_generator_c
[0.054s] [ 12%] Built target ament_cmake_python_copy_my_robot_interfaces
[0.058s] [ 41%] Built target my_robot_interfaces__rosidl_typesupport_c
[0.058s] [ 48%] Built target my_robot_interfaces__rosidl_typesupport_introspection_cpp
[0.058s] [ 51%] Built target my_robot_interfaces__rosidl_typesupport_fastrtps_cpp
[0.059s] [ 48%] Built target my_robot_interfaces__rosidl_typesupport_cpp
[0.059s] [ 61%] Built target my_robot_interfaces__rosidl_typesupport_introspection_c
[0.064s] [ 70%] Built target my_robot_interfaces__rosidl_typesupport_fastrtps_c
[0.077s] [ 70%] Built target my_robot_interfaces
[0.091s] [ 74%] Built target my_robot_interfaces__py
[0.105s] [ 80%] Built target my_robot_interfaces__rosidl_generator_py
[0.120s] [ 87%] Built target my_robot_interfaces__rosidl_typesupport_fastrtps_c__pyext
[0.120s] [ 93%] Built target my_robot_interfaces__rosidl_typesupport_introspection_c__pyext
[0.121s] [100%] Built target my_robot_interfaces__rosidl_typesupport_c__pyext
[0.209s] running egg_info
[0.209s] writing my_robot_interfaces.egg-info/PKG-INFO
[0.210s] writing dependency_links to my_robot_interfaces.egg-info/dependency_links.txt
[0.210s] writing top-level names to my_robot_interfaces.egg-info/top_level.txt
[0.211s] reading manifest file 'my_robot_interfaces.egg-info/SOURCES.txt'
[0.211s] writing manifest file 'my_robot_interfaces.egg-info/SOURCES.txt'
[0.229s] [100%] Built target ament_cmake_python_build_my_robot_interfaces_egg
[0.237s] Invoked command in '/home/robomaven/ws/ros2_ws3/build/my_robot_interfaces' returned '0': CMAKE_PREFIX_PATH=${CMAKE_PREFIX_PATH}:/home/robomaven/ws/ros2_ws3/install/actions_py:/opt/ros/humble /usr/bin/cmake --build /home/robomaven/ws/ros2_ws3/build/my_robot_interfaces -- -j20 -l20
[0.282s] Invoking command in '/home/robomaven/ws/ros2_ws3/build/my_robot_interfaces': CMAKE_PREFIX_PATH=${CMAKE_PREFIX_PATH}:/home/robomaven/ws/ros2_ws3/install/actions_py:/opt/ros/humble /usr/bin/cmake --install /home/robomaven/ws/ros2_ws3/build/my_robot_interfaces
[0.287s] -- Install configuration: ""
[0.287s] -- Up-to-date: /home/robomaven/ws/ros2_ws3/install/my_robot_interfaces/share/ament_index/resource_index/rosidl_interfaces/my_robot_interfaces
[0.287s] -- Up-to-date: /home/robomaven/ws/ros2_ws3/install/my_robot_interfaces/include/my_robot_interfaces/my_robot_interfaces
[0.287s] -- Up-to-date: /home/robomaven/ws/ros2_ws3/install/my_robot_interfaces/include/my_robot_interfaces/my_robot_interfaces/msg
[0.287s] -- Up-to-date: /home/robomaven/ws/ros2_ws3/install/my_robot_interfaces/include/my_robot_interfaces/my_robot_interfaces/msg/rosidl_generator_c__visibility_control.h
[0.287s] -- Up-to-date: /home/robomaven/ws/ros2_ws3/install/my_robot_interfaces/include/my_robot_interfaces/my_robot_interfaces/action
[0.287s] -- Up-to-date: /home/robomaven/ws/ros2_ws3/install/my_robot_interfaces/include/my_robot_interfaces/my_robot_interfaces/action/detail
[0.287s] -- Up-to-date: /home/robomaven/ws/ros2_ws3/install/my_robot_interfaces/include/my_robot_interfaces/my_robot_interfaces/action/detail/count_until__functions.h
[0.287s] -- Up-to-date: /home/robomaven/ws/ros2_ws3/install/my_robot_interfaces/include/my_robot_interfaces/my_robot_interfaces/action/detail/count_until__type_support.h
[0.287s] -- Up-to-date: /home/robomaven/ws/ros2_ws3/install/my_robot_interfaces/include/my_robot_interfaces/my_robot_interfaces/action/detail/count_until__struct.h
[0.287s] -- Up-to-date: /home/robomaven/ws/ros2_ws3/install/my_robot_interfaces/include/my_robot_interfaces/my_robot_interfaces/action/detail/count_until__functions.c
[0.287s] -- Up-to-date: /home/robomaven/ws/ros2_ws3/install/my_robot_interfaces/include/my_robot_interfaces/my_robot_interfaces/action/count_until.h
[0.287s] -- Up-to-date: /home/robomaven/ws/ros2_ws3/install/my_robot_interfaces/share/my_robot_interfaces/environment/library_path.sh
[0.287s] -- Up-to-date: /home/robomaven/ws/ros2_ws3/install/my_robot_interfaces/share/my_robot_interfaces/environment/library_path.dsv
[0.287s] -- Up-to-date: /home/robomaven/ws/ros2_ws3/install/my_robot_interfaces/lib/libmy_robot_interfaces__rosidl_generator_c.so
[0.287s] -- Up-to-date: /home/robomaven/ws/ros2_ws3/install/my_robot_interfaces/include/my_robot_interfaces/my_robot_interfaces
[0.287s] -- Up-to-date: /home/robomaven/ws/ros2_ws3/install/my_robot_interfaces/include/my_robot_interfaces/my_robot_interfaces/msg
[0.287s] -- Up-to-date: /home/robomaven/ws/ros2_ws3/install/my_robot_interfaces/include/my_robot_interfaces/my_robot_interfaces/msg/rosidl_typesupport_fastrtps_c__visibility_control.h
[0.287s] -- Up-to-date: /home/robomaven/ws/ros2_ws3/install/my_robot_interfaces/include/my_robot_interfaces/my_robot_interfaces/action
[0.287s] -- Up-to-date: /home/robomaven/ws/ros2_ws3/install/my_robot_interfaces/include/my_robot_interfaces/my_robot_interfaces/action/detail
[0.287s] -- Up-to-date: /home/robomaven/ws/ros2_ws3/install/my_robot_interfaces/include/my_robot_interfaces/my_robot_interfaces/action/detail/count_until__rosidl_typesupport_fastrtps_c.h
[0.287s] -- Up-to-date: /home/robomaven/ws/ros2_ws3/install/my_robot_interfaces/lib/libmy_robot_interfaces__rosidl_typesupport_fastrtps_c.so
[0.288s] -- Up-to-date: /home/robomaven/ws/ros2_ws3/install/my_robot_interfaces/include/my_robot_interfaces/my_robot_interfaces
[0.288s] -- Up-to-date: /home/robomaven/ws/ros2_ws3/install/my_robot_interfaces/include/my_robot_interfaces/my_robot_interfaces/msg
[0.288s] -- Up-to-date: /home/robomaven/ws/ros2_ws3/install/my_robot_interfaces/include/my_robot_interfaces/my_robot_interfaces/msg/rosidl_typesupport_introspection_c__visibility_control.h
[0.288s] -- Up-to-date: /home/robomaven/ws/ros2_ws3/install/my_robot_interfaces/include/my_robot_interfaces/my_robot_interfaces/action
[0.288s] -- Up-to-date: /home/robomaven/ws/ros2_ws3/install/my_robot_interfaces/include/my_robot_interfaces/my_robot_interfaces/action/detail
[0.288s] -- Up-to-date: /home/robomaven/ws/ros2_ws3/install/my_robot_interfaces/include/my_robot_interfaces/my_robot_interfaces/action/detail/count_until__rosidl_typesupport_introspection_c.h
[0.288s] -- Up-to-date: /home/robomaven/ws/ros2_ws3/install/my_robot_interfaces/include/my_robot_interfaces/my_robot_interfaces/action/detail/count_until__type_support.c
[0.288s] -- Up-to-date: /home/robomaven/ws/ros2_ws3/install/my_robot_interfaces/lib/libmy_robot_interfaces__rosidl_typesupport_introspection_c.so
[0.288s] -- Up-to-date: /home/robomaven/ws/ros2_ws3/install/my_robot_interfaces/lib/libmy_robot_interfaces__rosidl_typesupport_c.so
[0.288s] -- Up-to-date: /home/robomaven/ws/ros2_ws3/install/my_robot_interfaces/include/my_robot_interfaces/my_robot_interfaces
[0.288s] -- Up-to-date: /home/robomaven/ws/ros2_ws3/install/my_robot_interfaces/include/my_robot_interfaces/my_robot_interfaces/action
[0.288s] -- Up-to-date: /home/robomaven/ws/ros2_ws3/install/my_robot_interfaces/include/my_robot_interfaces/my_robot_interfaces/action/count_until.hpp
[0.288s] -- Up-to-date: /home/robomaven/ws/ros2_ws3/install/my_robot_interfaces/include/my_robot_interfaces/my_robot_interfaces/action/detail
[0.288s] -- Up-to-date: /home/robomaven/ws/ros2_ws3/install/my_robot_interfaces/include/my_robot_interfaces/my_robot_interfaces/action/detail/count_until__struct.hpp
[0.288s] -- Up-to-date: /home/robomaven/ws/ros2_ws3/install/my_robot_interfaces/include/my_robot_interfaces/my_robot_interfaces/action/detail/count_until__builder.hpp
[0.288s] -- Up-to-date: /home/robomaven/ws/ros2_ws3/install/my_robot_interfaces/include/my_robot_interfaces/my_robot_interfaces/action/detail/count_until__traits.hpp
[0.288s] -- Up-to-date: /home/robomaven/ws/ros2_ws3/install/my_robot_interfaces/include/my_robot_interfaces/my_robot_interfaces
[0.288s] -- Up-to-date: /home/robomaven/ws/ros2_ws3/install/my_robot_interfaces/include/my_robot_interfaces/my_robot_interfaces/msg
[0.288s] -- Up-to-date: /home/robomaven/ws/ros2_ws3/install/my_robot_interfaces/include/my_robot_interfaces/my_robot_interfaces/msg/rosidl_typesupport_fastrtps_cpp__visibility_control.h
[0.288s] -- Up-to-date: /home/robomaven/ws/ros2_ws3/install/my_robot_interfaces/include/my_robot_interfaces/my_robot_interfaces/action
[0.288s] -- Up-to-date: /home/robomaven/ws/ros2_ws3/install/my_robot_interfaces/include/my_robot_interfaces/my_robot_interfaces/action/detail
[0.288s] -- Up-to-date: /home/robomaven/ws/ros2_ws3/install/my_robot_interfaces/include/my_robot_interfaces/my_robot_interfaces/action/detail/dds_fastrtps
[0.288s] -- Up-to-date: /home/robomaven/ws/ros2_ws3/install/my_robot_interfaces/include/my_robot_interfaces/my_robot_interfaces/action/detail/count_until__rosidl_typesupport_fastrtps_cpp.hpp
[0.288s] -- Up-to-date: /home/robomaven/ws/ros2_ws3/install/my_robot_interfaces/lib/libmy_robot_interfaces__rosidl_typesupport_fastrtps_cpp.so
[0.288s] -- Up-to-date: /home/robomaven/ws/ros2_ws3/install/my_robot_interfaces/include/my_robot_interfaces/my_robot_interfaces
[0.288s] -- Up-to-date: /home/robomaven/ws/ros2_ws3/install/my_robot_interfaces/include/my_robot_interfaces/my_robot_interfaces/action
[0.288s] -- Up-to-date: /home/robomaven/ws/ros2_ws3/install/my_robot_interfaces/include/my_robot_interfaces/my_robot_interfaces/action/detail
[0.289s] -- Up-to-date: /home/robomaven/ws/ros2_ws3/install/my_robot_interfaces/include/my_robot_interfaces/my_robot_interfaces/action/detail/count_until__type_support.cpp
[0.289s] -- Up-to-date: /home/robomaven/ws/ros2_ws3/install/my_robot_interfaces/include/my_robot_interfaces/my_robot_interfaces/action/detail/count_until__rosidl_typesupport_introspection_cpp.hpp
[0.289s] -- Up-to-date: /home/robomaven/ws/ros2_ws3/install/my_robot_interfaces/lib/libmy_robot_interfaces__rosidl_typesupport_introspection_cpp.so
[0.289s] -- Up-to-date: /home/robomaven/ws/ros2_ws3/install/my_robot_interfaces/lib/libmy_robot_interfaces__rosidl_typesupport_cpp.so
[0.289s] -- Up-to-date: /home/robomaven/ws/ros2_ws3/install/my_robot_interfaces/share/my_robot_interfaces/environment/pythonpath.sh
[0.289s] -- Up-to-date: /home/robomaven/ws/ros2_ws3/install/my_robot_interfaces/share/my_robot_interfaces/environment/pythonpath.dsv
[0.289s] -- Up-to-date: /home/robomaven/ws/ros2_ws3/install/my_robot_interfaces/local/lib/python3.10/dist-packages/my_robot_interfaces-0.0.0-py3.10.egg-info
[0.289s] -- Installing: /home/robomaven/ws/ros2_ws3/install/my_robot_interfaces/local/lib/python3.10/dist-packages/my_robot_interfaces-0.0.0-py3.10.egg-info/top_level.txt
[0.289s] -- Installing: /home/robomaven/ws/ros2_ws3/install/my_robot_interfaces/local/lib/python3.10/dist-packages/my_robot_interfaces-0.0.0-py3.10.egg-info/PKG-INFO
[0.289s] -- Installing: /home/robomaven/ws/ros2_ws3/install/my_robot_interfaces/local/lib/python3.10/dist-packages/my_robot_interfaces-0.0.0-py3.10.egg-info/SOURCES.txt
[0.289s] -- Installing: /home/robomaven/ws/ros2_ws3/install/my_robot_interfaces/local/lib/python3.10/dist-packages/my_robot_interfaces-0.0.0-py3.10.egg-info/dependency_links.txt
[0.289s] -- Up-to-date: /home/robomaven/ws/ros2_ws3/install/my_robot_interfaces/local/lib/python3.10/dist-packages/my_robot_interfaces
[0.289s] -- Up-to-date: /home/robomaven/ws/ros2_ws3/install/my_robot_interfaces/local/lib/python3.10/dist-packages/my_robot_interfaces/_my_robot_interfaces_s.ep.rosidl_typesupport_introspection_c.c
[0.289s] -- Up-to-date: /home/robomaven/ws/ros2_ws3/install/my_robot_interfaces/local/lib/python3.10/dist-packages/my_robot_interfaces/my_robot_interfaces_s__rosidl_typesupport_c.cpython-310-x86_64-linux-gnu.so
[0.289s] -- Up-to-date: /home/robomaven/ws/ros2_ws3/install/my_robot_interfaces/local/lib/python3.10/dist-packages/my_robot_interfaces/action
[0.289s] -- Up-to-date: /home/robomaven/ws/ros2_ws3/install/my_robot_interfaces/local/lib/python3.10/dist-packages/my_robot_interfaces/action/_count_until.py
[0.289s] -- Up-to-date: /home/robomaven/ws/ros2_ws3/install/my_robot_interfaces/local/lib/python3.10/dist-packages/my_robot_interfaces/action/__init__.py
[0.289s] -- Up-to-date: /home/robomaven/ws/ros2_ws3/install/my_robot_interfaces/local/lib/python3.10/dist-packages/my_robot_interfaces/action/_count_until_s.c
[0.289s] -- Up-to-date: /home/robomaven/ws/ros2_ws3/install/my_robot_interfaces/local/lib/python3.10/dist-packages/my_robot_interfaces/_my_robot_interfaces_s.ep.rosidl_typesupport_c.c
[0.289s] -- Up-to-date: /home/robomaven/ws/ros2_ws3/install/my_robot_interfaces/local/lib/python3.10/dist-packages/my_robot_interfaces/libmy_robot_interfaces__rosidl_generator_py.so
[0.289s] -- Up-to-date: /home/robomaven/ws/ros2_ws3/install/my_robot_interfaces/local/lib/python3.10/dist-packages/my_robot_interfaces/_my_robot_interfaces_s.ep.rosidl_typesupport_fastrtps_c.c
[0.289s] -- Up-to-date: /home/robomaven/ws/ros2_ws3/install/my_robot_interfaces/local/lib/python3.10/dist-packages/my_robot_interfaces/my_robot_interfaces_s__rosidl_typesupport_introspection_c.cpython-310-x86_64-linux-gnu.so
[0.289s] -- Up-to-date: /home/robomaven/ws/ros2_ws3/install/my_robot_interfaces/local/lib/python3.10/dist-packages/my_robot_interfaces/__init__.py
[0.289s] -- Up-to-date: /home/robomaven/ws/ros2_ws3/install/my_robot_interfaces/local/lib/python3.10/dist-packages/my_robot_interfaces/my_robot_interfaces_s__rosidl_typesupport_fastrtps_c.cpython-310-x86_64-linux-gnu.so
[0.309s] Listing '/home/robomaven/ws/ros2_ws3/install/my_robot_interfaces/local/lib/python3.10/dist-packages/my_robot_interfaces'...
[0.309s] Listing '/home/robomaven/ws/ros2_ws3/install/my_robot_interfaces/local/lib/python3.10/dist-packages/my_robot_interfaces/action'...
[0.312s] -- Up-to-date: /home/robomaven/ws/ros2_ws3/install/my_robot_interfaces/local/lib/python3.10/dist-packages/my_robot_interfaces/my_robot_interfaces_s__rosidl_typesupport_fastrtps_c.cpython-310-x86_64-linux-gnu.so
[0.312s] -- Up-to-date: /home/robomaven/ws/ros2_ws3/install/my_robot_interfaces/local/lib/python3.10/dist-packages/my_robot_interfaces/my_robot_interfaces_s__rosidl_typesupport_introspection_c.cpython-310-x86_64-linux-gnu.so
[0.312s] -- Up-to-date: /home/robomaven/ws/ros2_ws3/install/my_robot_interfaces/local/lib/python3.10/dist-packages/my_robot_interfaces/my_robot_interfaces_s__rosidl_typesupport_c.cpython-310-x86_64-linux-gnu.so
[0.312s] -- Up-to-date: /home/robomaven/ws/ros2_ws3/install/my_robot_interfaces/lib/libmy_robot_interfaces__rosidl_generator_py.so
[0.312s] -- Up-to-date: /home/robomaven/ws/ros2_ws3/install/my_robot_interfaces/share/my_robot_interfaces/action/CountUntil.idl
[0.312s] -- Up-to-date: /home/robomaven/ws/ros2_ws3/install/my_robot_interfaces/share/my_robot_interfaces/action/CountUntil.action
[0.312s] -- Up-to-date: /home/robomaven/ws/ros2_ws3/install/my_robot_interfaces/share/ament_index/resource_index/package_run_dependencies/my_robot_interfaces
[0.312s] -- Up-to-date: /home/robomaven/ws/ros2_ws3/install/my_robot_interfaces/share/ament_index/resource_index/parent_prefix_path/my_robot_interfaces
[0.312s] -- Up-to-date: /home/robomaven/ws/ros2_ws3/install/my_robot_interfaces/share/my_robot_interfaces/environment/ament_prefix_path.sh
[0.313s] -- Up-to-date: /home/robomaven/ws/ros2_ws3/install/my_robot_interfaces/share/my_robot_interfaces/environment/ament_prefix_path.dsv
[0.313s] -- Up-to-date: /home/robomaven/ws/ros2_ws3/install/my_robot_interfaces/share/my_robot_interfaces/environment/path.sh
[0.313s] -- Up-to-date: /home/robomaven/ws/ros2_ws3/install/my_robot_interfaces/share/my_robot_interfaces/environment/path.dsv
[0.313s] -- Up-to-date: /home/robomaven/ws/ros2_ws3/install/my_robot_interfaces/share/my_robot_interfaces/local_setup.bash
[0.313s] -- Up-to-date: /home/robomaven/ws/ros2_ws3/install/my_robot_interfaces/share/my_robot_interfaces/local_setup.sh
[0.313s] -- Up-to-date: /home/robomaven/ws/ros2_ws3/install/my_robot_interfaces/share/my_robot_interfaces/local_setup.zsh
[0.313s] -- Up-to-date: /home/robomaven/ws/ros2_ws3/install/my_robot_interfaces/share/my_robot_interfaces/local_setup.dsv
[0.313s] -- Installing: /home/robomaven/ws/ros2_ws3/install/my_robot_interfaces/share/my_robot_interfaces/package.dsv
[0.313s] -- Up-to-date: /home/robomaven/ws/ros2_ws3/install/my_robot_interfaces/share/ament_index/resource_index/packages/my_robot_interfaces
[0.313s] -- Up-to-date: /home/robomaven/ws/ros2_ws3/install/my_robot_interfaces/share/my_robot_interfaces/cmake/export_my_robot_interfaces__rosidl_generator_cExport.cmake
[0.313s] -- Up-to-date: /home/robomaven/ws/ros2_ws3/install/my_robot_interfaces/share/my_robot_interfaces/cmake/export_my_robot_interfaces__rosidl_generator_cExport-noconfig.cmake
[0.313s] -- Up-to-date: /home/robomaven/ws/ros2_ws3/install/my_robot_interfaces/share/my_robot_interfaces/cmake/export_my_robot_interfaces__rosidl_typesupport_fastrtps_cExport.cmake
[0.313s] -- Up-to-date: /home/robomaven/ws/ros2_ws3/install/my_robot_interfaces/share/my_robot_interfaces/cmake/export_my_robot_interfaces__rosidl_typesupport_fastrtps_cExport-noconfig.cmake
[0.313s] -- Up-to-date: /home/robomaven/ws/ros2_ws3/install/my_robot_interfaces/share/my_robot_interfaces/cmake/my_robot_interfaces__rosidl_typesupport_introspection_cExport.cmake
[0.313s] -- Up-to-date: /home/robomaven/ws/ros2_ws3/install/my_robot_interfaces/share/my_robot_interfaces/cmake/my_robot_interfaces__rosidl_typesupport_introspection_cExport-noconfig.cmake
[0.313s] -- Up-to-date: /home/robomaven/ws/ros2_ws3/install/my_robot_interfaces/share/my_robot_interfaces/cmake/my_robot_interfaces__rosidl_typesupport_cExport.cmake
[0.313s] -- Up-to-date: /home/robomaven/ws/ros2_ws3/install/my_robot_interfaces/share/my_robot_interfaces/cmake/my_robot_interfaces__rosidl_typesupport_cExport-noconfig.cmake
[0.313s] -- Up-to-date: /home/robomaven/ws/ros2_ws3/install/my_robot_interfaces/share/my_robot_interfaces/cmake/export_my_robot_interfaces__rosidl_generator_cppExport.cmake
[0.313s] -- Up-to-date: /home/robomaven/ws/ros2_ws3/install/my_robot_interfaces/share/my_robot_interfaces/cmake/export_my_robot_interfaces__rosidl_typesupport_fastrtps_cppExport.cmake
[0.313s] -- Up-to-date: /home/robomaven/ws/ros2_ws3/install/my_robot_interfaces/share/my_robot_interfaces/cmake/export_my_robot_interfaces__rosidl_typesupport_fastrtps_cppExport-noconfig.cmake
[0.313s] -- Up-to-date: /home/robomaven/ws/ros2_ws3/install/my_robot_interfaces/share/my_robot_interfaces/cmake/my_robot_interfaces__rosidl_typesupport_introspection_cppExport.cmake
[0.313s] -- Up-to-date: /home/robomaven/ws/ros2_ws3/install/my_robot_interfaces/share/my_robot_interfaces/cmake/my_robot_interfaces__rosidl_typesupport_introspection_cppExport-noconfig.cmake
[0.313s] -- Up-to-date: /home/robomaven/ws/ros2_ws3/install/my_robot_interfaces/share/my_robot_interfaces/cmake/my_robot_interfaces__rosidl_typesupport_cppExport.cmake
[0.314s] -- Up-to-date: /home/robomaven/ws/ros2_ws3/install/my_robot_interfaces/share/my_robot_interfaces/cmake/my_robot_interfaces__rosidl_typesupport_cppExport-noconfig.cmake
[0.314s] -- Up-to-date: /home/robomaven/ws/ros2_ws3/install/my_robot_interfaces/share/my_robot_interfaces/cmake/export_my_robot_interfaces__rosidl_generator_pyExport.cmake
[0.314s] -- Up-to-date: /home/robomaven/ws/ros2_ws3/install/my_robot_interfaces/share/my_robot_interfaces/cmake/export_my_robot_interfaces__rosidl_generator_pyExport-noconfig.cmake
[0.314s] -- Up-to-date: /home/robomaven/ws/ros2_ws3/install/my_robot_interfaces/share/my_robot_interfaces/cmake/rosidl_cmake-extras.cmake
[0.314s] -- Up-to-date: /home/robomaven/ws/ros2_ws3/install/my_robot_interfaces/share/my_robot_interfaces/cmake/ament_cmake_export_dependencies-extras.cmake
[0.314s] -- Up-to-date: /home/robomaven/ws/ros2_ws3/install/my_robot_interfaces/share/my_robot_interfaces/cmake/ament_cmake_export_include_directories-extras.cmake
[0.314s] -- Up-to-date: /home/robomaven/ws/ros2_ws3/install/my_robot_interfaces/share/my_robot_interfaces/cmake/ament_cmake_export_libraries-extras.cmake
[0.314s] -- Up-to-date: /home/robomaven/ws/ros2_ws3/install/my_robot_interfaces/share/my_robot_interfaces/cmake/ament_cmake_export_targets-extras.cmake
[0.314s] -- Up-to-date: /home/robomaven/ws/ros2_ws3/install/my_robot_interfaces/share/my_robot_interfaces/cmake/rosidl_cmake_export_typesupport_targets-extras.cmake
[0.314s] -- Up-to-date: /home/robomaven/ws/ros2_ws3/install/my_robot_interfaces/share/my_robot_interfaces/cmake/rosidl_cmake_export_typesupport_libraries-extras.cmake
[0.314s] -- Up-to-date: /home/robomaven/ws/ros2_ws3/install/my_robot_interfaces/share/my_robot_interfaces/cmake/my_robot_interfacesConfig.cmake
[0.314s] -- Up-to-date: /home/robomaven/ws/ros2_ws3/install/my_robot_interfaces/share/my_robot_interfaces/cmake/my_robot_interfacesConfig-version.cmake
[0.314s] -- Up-to-date: /home/robomaven/ws/ros2_ws3/install/my_robot_interfaces/share/my_robot_interfaces/package.xml
[0.315s] Invoked command in '/home/robomaven/ws/ros2_ws3/build/my_robot_interfaces' returned '0': CMAKE_PREFIX_PATH=${CMAKE_PREFIX_PATH}:/home/robomaven/ws/ros2_ws3/install/actions_py:/opt/ros/humble /usr/bin/cmake --install /home/robomaven/ws/ros2_ws3/build/my_robot_interfaces
