[0.008s] Invoking command in '/home/robomaven/open_manipulator_ws/build/open_manipulator_x_libs': AMENT_PREFIX_PATH=/home/robomaven/open_manipulator_ws/install/dynamixel_workbench_toolbox:${AMENT_PREFIX_PATH} CMAKE_PREFIX_PATH=/home/robomaven/open_manipulator_ws/install/dynamixel_workbench_toolbox:/home/robomaven/ros2_ws3/install/my_robot_interfaces:/home/robomaven/activity1_ws/install/activity1_robot_bringup:/home/robomaven/activity1_ws/install/activity1_cpp_pkg:/home/robomaven/activity1_ws/install/activity1_interfaces:/home/robomaven/ros2_ws2/install/my_robot_bringup:/home/robomaven/ros2_ws2/install/my_robot_description:/home/robomaven/ros2_ws3/install/actions_py:/home/robomaven/activity1_ws/install/activity1_py_pkg:/opt/ros/humble LD_LIBRARY_PATH=/home/robomaven/open_manipulator_ws/install/dynamixel_workbench_toolbox/lib:/home/robomaven/ros2_ws3/install/my_robot_interfaces/lib:/home/robomaven/activity1_ws/install/activity1_interfaces/lib:/usr/lib/x86_64-linux-gnu/gazebo-11/plugins:/opt/ros/humble/opt/rviz_ogre_vendor/lib:/opt/ros/humble/lib/x86_64-linux-gnu:/opt/ros/humble/lib:/usr/share/gazebo/../../lib/x86_64-linux-gnu/gazebo-11/plugins:/usr/share/gazebo/../../lib/x86_64-linux-gnu/gazebo-11/plugins:/usr/share/gazebo/../../lib/x86_64-linux-gnu/gazebo-11/plugins:/usr/share/gazebo/../../lib/x86_64-linux-gnu/gazebo-11/plugins:/usr/share/gazebo/../../lib/x86_64-linux-gnu/gazebo-11/plugins:/usr/share/gazebo/../../lib/x86_64-linux-gnu/gazebo-11/plugins:/usr/share/gazebo/../../lib/x86_64-linux-gnu/gazebo-11/plugins:/usr/share/gazebo/../../lib/x86_64-linux-gnu/gazebo-11/plugins:/usr/share/gazebo/../../lib/x86_64-linux-gnu/gazebo-11/plugins:/usr/share/gazebo/../../lib/x86_64-linux-gnu/gazebo-11/plugins /usr/bin/cmake /home/robomaven/open_manipulator_ws/src/open_manipulator/open_manipulator_x_libs -DCMAKE_INSTALL_PREFIX=/home/robomaven/open_manipulator_ws/install/open_manipulator_x_libs
[0.049s] -- The C compiler identification is GNU 11.4.0
[0.087s] -- The CXX compiler identification is GNU 11.4.0
[0.092s] -- Detecting C compiler ABI info
[0.135s] -- Detecting C compiler ABI info - done
[0.140s] -- Check for working C compiler: /usr/bin/cc - skipped
[0.140s] -- Detecting C compile features
[0.140s] -- Detecting C compile features - done
[0.143s] -- Detecting CXX compiler ABI info
[0.192s] -- Detecting CXX compiler ABI info - done
[0.197s] -- Check for working CXX compiler: /usr/bin/c++ - skipped
[0.197s] -- Detecting CXX compile features
[0.197s] -- Detecting CXX compile features - done
[0.204s] -- Found ament_cmake: 1.3.9 (/opt/ros/humble/share/ament_cmake/cmake)
[0.306s] -- Found Python3: /usr/bin/python3 (found version "3.10.12") found components: Interpreter 
[0.368s] -- Found dynamixel_workbench_toolbox: 2.2.3 (/home/robomaven/open_manipulator_ws/install/dynamixel_workbench_toolbox/share/dynamixel_workbench_toolbox/cmake)
[0.404s] -- Found rosidl_generator_c: 3.1.5 (/opt/ros/humble/share/rosidl_generator_c/cmake)
[0.408s] -- Found rosidl_adapter: 3.1.5 (/opt/ros/humble/share/rosidl_adapter/cmake)
[0.416s] -- Found rosidl_generator_cpp: 3.1.5 (/opt/ros/humble/share/rosidl_generator_cpp/cmake)
[0.424s] -- Using all available rosidl_typesupport_c: rosidl_typesupport_fastrtps_c;rosidl_typesupport_introspection_c
[0.438s] -- Using all available rosidl_typesupport_cpp: rosidl_typesupport_fastrtps_cpp;rosidl_typesupport_introspection_cpp
[0.490s] -- Found rmw_implementation_cmake: 6.1.2 (/opt/ros/humble/share/rmw_implementation_cmake/cmake)
[0.492s] -- Found rmw_fastrtps_cpp: 6.2.6 (/opt/ros/humble/share/rmw_fastrtps_cpp/cmake)
[0.560s] -- Found OpenSSL: /usr/lib/x86_64-linux-gnu/libcrypto.so (found version "3.0.2")  
[0.582s] -- Found FastRTPS: /opt/ros/humble/include  
[0.614s] -- Using RMW implementation 'rmw_fastrtps_cpp' as default
[0.621s] -- Looking for pthread.h
[0.670s] -- Looking for pthread.h - found
[0.670s] -- Performing Test CMAKE_HAVE_LIBC_PTHREAD
[0.738s] -- Performing Test CMAKE_HAVE_LIBC_PTHREAD - Success
[0.738s] -- Found Threads: TRUE  
[0.856s] [31mCMake Error at CMakeLists.txt:22 (find_package):
[0.856s]   By not providing "Findrobotis_manipulator.cmake" in CMAKE_MODULE_PATH this
[0.856s]   project has asked CMake to find a package configuration file provided by
[0.856s]   "robotis_manipulator", but CMake did not find one.
[0.856s] 
[0.856s]   Could not find a package configuration file provided by
[0.856s]   "robotis_manipulator" with any of the following names:
[0.857s] 
[0.857s]     robotis_manipulatorConfig.cmake
[0.857s]     robotis_manipulator-config.cmake
[0.857s] 
[0.857s]   Add the installation prefix of "robotis_manipulator" to CMAKE_PREFIX_PATH
[0.857s]   or set "robotis_manipulator_DIR" to a directory containing one of the above
[0.857s]   files.  If "robotis_manipulator" provides a separate development package or
[0.857s]   SDK, be sure it has been installed.
[0.857s] 
[0.857s] [0m
[0.857s] -- Configuring incomplete, errors occurred!
[0.857s] See also "/home/robomaven/open_manipulator_ws/build/open_manipulator_x_libs/CMakeFiles/CMakeOutput.log".
[0.862s] Invoked command in '/home/robomaven/open_manipulator_ws/build/open_manipulator_x_libs' returned '1': AMENT_PREFIX_PATH=/home/robomaven/open_manipulator_ws/install/dynamixel_workbench_toolbox:${AMENT_PREFIX_PATH} CMAKE_PREFIX_PATH=/home/robomaven/open_manipulator_ws/install/dynamixel_workbench_toolbox:/home/robomaven/ros2_ws3/install/my_robot_interfaces:/home/robomaven/activity1_ws/install/activity1_robot_bringup:/home/robomaven/activity1_ws/install/activity1_cpp_pkg:/home/robomaven/activity1_ws/install/activity1_interfaces:/home/robomaven/ros2_ws2/install/my_robot_bringup:/home/robomaven/ros2_ws2/install/my_robot_description:/home/robomaven/ros2_ws3/install/actions_py:/home/robomaven/activity1_ws/install/activity1_py_pkg:/opt/ros/humble LD_LIBRARY_PATH=/home/robomaven/open_manipulator_ws/install/dynamixel_workbench_toolbox/lib:/home/robomaven/ros2_ws3/install/my_robot_interfaces/lib:/home/robomaven/activity1_ws/install/activity1_interfaces/lib:/usr/lib/x86_64-linux-gnu/gazebo-11/plugins:/opt/ros/humble/opt/rviz_ogre_vendor/lib:/opt/ros/humble/lib/x86_64-linux-gnu:/opt/ros/humble/lib:/usr/share/gazebo/../../lib/x86_64-linux-gnu/gazebo-11/plugins:/usr/share/gazebo/../../lib/x86_64-linux-gnu/gazebo-11/plugins:/usr/share/gazebo/../../lib/x86_64-linux-gnu/gazebo-11/plugins:/usr/share/gazebo/../../lib/x86_64-linux-gnu/gazebo-11/plugins:/usr/share/gazebo/../../lib/x86_64-linux-gnu/gazebo-11/plugins:/usr/share/gazebo/../../lib/x86_64-linux-gnu/gazebo-11/plugins:/usr/share/gazebo/../../lib/x86_64-linux-gnu/gazebo-11/plugins:/usr/share/gazebo/../../lib/x86_64-linux-gnu/gazebo-11/plugins:/usr/share/gazebo/../../lib/x86_64-linux-gnu/gazebo-11/plugins:/usr/share/gazebo/../../lib/x86_64-linux-gnu/gazebo-11/plugins /usr/bin/cmake /home/robomaven/open_manipulator_ws/src/open_manipulator/open_manipulator_x_libs -DCMAKE_INSTALL_PREFIX=/home/robomaven/open_manipulator_ws/install/open_manipulator_x_libs
