[0.084s] DEBUG:colcon:Command line arguments: ['/usr/bin/colcon', 'build']
[0.084s] DEBUG:colcon:Parsed command line arguments: Namespace(log_base=None, log_level=None, verb_name='build', build_base='build', install_base='install', merge_install=False, symlink_install=False, test_result_base=None, continue_on_error=False, executor='parallel', parallel_workers=20, event_handlers=None, ignore_user_meta=False, metas=['./colcon.meta'], base_paths=['.'], packages_ignore=None, packages_ignore_regex=None, paths=None, packages_up_to=None, packages_up_to_regex=None, packages_above=None, packages_above_and_dependencies=None, packages_above_depth=None, packages_select_by_dep=None, packages_skip_by_dep=None, packages_skip_up_to=None, packages_select_build_failed=False, packages_skip_build_finished=False, packages_select_test_failures=False, packages_skip_test_passed=False, packages_select=None, packages_skip=None, packages_select_regex=None, packages_skip_regex=None, packages_start=None, packages_end=None, allow_overriding=[], cmake_args=None, cmake_target=None, cmake_target_skip_unavailable=False, cmake_clean_cache=False, cmake_clean_first=False, cmake_force_configure=False, ament_cmake_args=None, catkin_cmake_args=None, catkin_skip_building_tests=False, mixin_files=None, mixin=None, verb_parser=<colcon_mixin.mixin.mixin_argument.MixinArgumentDecorator object at 0x7f6f2553a4d0>, verb_extension=<colcon_core.verb.build.BuildVerb object at 0x7f6f25539f00>, main=<bound method BuildVerb.main of <colcon_core.verb.build.BuildVerb object at 0x7f6f25539f00>>, mixin_verb=('build',))
[0.189s] Level 1:colcon.colcon_core.package_discovery:discover_packages(colcon_meta) check parameters
[0.189s] Level 1:colcon.colcon_core.package_discovery:discover_packages(recursive) check parameters
[0.189s] Level 1:colcon.colcon_core.package_discovery:discover_packages(ignore) check parameters
[0.189s] Level 1:colcon.colcon_core.package_discovery:discover_packages(path) check parameters
[0.189s] Level 1:colcon.colcon_core.package_discovery:discover_packages(colcon_meta) discover
[0.189s] Level 1:colcon.colcon_core.package_discovery:discover_packages(recursive) discover
[0.189s] INFO:colcon.colcon_core.package_discovery:Crawling recursively for packages in '/home/robomaven/ws/snake_game_ws'
[0.190s] Level 1:colcon.colcon_core.package_identification:_identify(.) by extensions ['ignore', 'ignore_ament_install']
[0.190s] Level 1:colcon.colcon_core.package_identification:_identify(.) by extension 'ignore'
[0.190s] Level 1:colcon.colcon_core.package_identification:_identify(.) by extension 'ignore_ament_install'
[0.190s] Level 1:colcon.colcon_core.package_identification:_identify(.) by extensions ['colcon_pkg']
[0.190s] Level 1:colcon.colcon_core.package_identification:_identify(.) by extension 'colcon_pkg'
[0.190s] Level 1:colcon.colcon_core.package_identification:_identify(.) by extensions ['colcon_meta']
[0.190s] Level 1:colcon.colcon_core.package_identification:_identify(.) by extension 'colcon_meta'
[0.190s] Level 1:colcon.colcon_core.package_identification:_identify(.) by extensions ['ros']
[0.190s] Level 1:colcon.colcon_core.package_identification:_identify(.) by extension 'ros'
[0.197s] Level 1:colcon.colcon_core.package_identification:_identify(.) by extensions ['cmake', 'python']
[0.197s] Level 1:colcon.colcon_core.package_identification:_identify(.) by extension 'cmake'
[0.197s] Level 1:colcon.colcon_core.package_identification:_identify(.) by extension 'python'
[0.197s] Level 1:colcon.colcon_core.package_identification:_identify(.) by extensions ['python_setup_py']
[0.197s] Level 1:colcon.colcon_core.package_identification:_identify(.) by extension 'python_setup_py'
[0.197s] Level 1:colcon.colcon_core.package_identification:_identify(build) by extensions ['ignore', 'ignore_ament_install']
[0.197s] Level 1:colcon.colcon_core.package_identification:_identify(build) by extension 'ignore'
[0.197s] Level 1:colcon.colcon_core.package_identification:_identify(build) ignored
[0.197s] Level 1:colcon.colcon_core.package_identification:_identify(install) by extensions ['ignore', 'ignore_ament_install']
[0.197s] Level 1:colcon.colcon_core.package_identification:_identify(install) by extension 'ignore'
[0.197s] Level 1:colcon.colcon_core.package_identification:_identify(install) ignored
[0.198s] Level 1:colcon.colcon_core.package_identification:_identify(log) by extensions ['ignore', 'ignore_ament_install']
[0.198s] Level 1:colcon.colcon_core.package_identification:_identify(log) by extension 'ignore'
[0.198s] Level 1:colcon.colcon_core.package_identification:_identify(log) ignored
[0.198s] Level 1:colcon.colcon_core.package_identification:_identify(src) by extensions ['ignore', 'ignore_ament_install']
[0.198s] Level 1:colcon.colcon_core.package_identification:_identify(src) by extension 'ignore'
[0.198s] Level 1:colcon.colcon_core.package_identification:_identify(src) by extension 'ignore_ament_install'
[0.198s] Level 1:colcon.colcon_core.package_identification:_identify(src) by extensions ['colcon_pkg']
[0.198s] Level 1:colcon.colcon_core.package_identification:_identify(src) by extension 'colcon_pkg'
[0.198s] Level 1:colcon.colcon_core.package_identification:_identify(src) by extensions ['colcon_meta']
[0.198s] Level 1:colcon.colcon_core.package_identification:_identify(src) by extension 'colcon_meta'
[0.198s] Level 1:colcon.colcon_core.package_identification:_identify(src) by extensions ['ros']
[0.198s] Level 1:colcon.colcon_core.package_identification:_identify(src) by extension 'ros'
[0.198s] Level 1:colcon.colcon_core.package_identification:_identify(src) by extensions ['cmake', 'python']
[0.198s] Level 1:colcon.colcon_core.package_identification:_identify(src) by extension 'cmake'
[0.198s] Level 1:colcon.colcon_core.package_identification:_identify(src) by extension 'python'
[0.198s] Level 1:colcon.colcon_core.package_identification:_identify(src) by extensions ['python_setup_py']
[0.198s] Level 1:colcon.colcon_core.package_identification:_identify(src) by extension 'python_setup_py'
[0.198s] Level 1:colcon.colcon_core.package_identification:_identify(src/snake_game) by extensions ['ignore', 'ignore_ament_install']
[0.198s] Level 1:colcon.colcon_core.package_identification:_identify(src/snake_game) by extension 'ignore'
[0.198s] Level 1:colcon.colcon_core.package_identification:_identify(src/snake_game) by extension 'ignore_ament_install'
[0.198s] Level 1:colcon.colcon_core.package_identification:_identify(src/snake_game) by extensions ['colcon_pkg']
[0.198s] Level 1:colcon.colcon_core.package_identification:_identify(src/snake_game) by extension 'colcon_pkg'
[0.198s] Level 1:colcon.colcon_core.package_identification:_identify(src/snake_game) by extensions ['colcon_meta']
[0.198s] Level 1:colcon.colcon_core.package_identification:_identify(src/snake_game) by extension 'colcon_meta'
[0.198s] Level 1:colcon.colcon_core.package_identification:_identify(src/snake_game) by extensions ['ros']
[0.198s] Level 1:colcon.colcon_core.package_identification:_identify(src/snake_game) by extension 'ros'
[0.204s] DEBUG:colcon.colcon_core.package_identification:Package 'src/snake_game' with type 'ros.ament_python' and name 'snake_game'
[0.204s] Level 1:colcon.colcon_core.package_identification:_identify(src/snake_game_interfaces) by extensions ['ignore', 'ignore_ament_install']
[0.204s] Level 1:colcon.colcon_core.package_identification:_identify(src/snake_game_interfaces) by extension 'ignore'
[0.204s] Level 1:colcon.colcon_core.package_identification:_identify(src/snake_game_interfaces) by extension 'ignore_ament_install'
[0.204s] Level 1:colcon.colcon_core.package_identification:_identify(src/snake_game_interfaces) by extensions ['colcon_pkg']
[0.204s] Level 1:colcon.colcon_core.package_identification:_identify(src/snake_game_interfaces) by extension 'colcon_pkg'
[0.204s] Level 1:colcon.colcon_core.package_identification:_identify(src/snake_game_interfaces) by extensions ['colcon_meta']
[0.204s] Level 1:colcon.colcon_core.package_identification:_identify(src/snake_game_interfaces) by extension 'colcon_meta'
[0.204s] Level 1:colcon.colcon_core.package_identification:_identify(src/snake_game_interfaces) by extensions ['ros']
[0.204s] Level 1:colcon.colcon_core.package_identification:_identify(src/snake_game_interfaces) by extension 'ros'
[0.205s] DEBUG:colcon.colcon_core.package_identification:Package 'src/snake_game_interfaces' with type 'ros.ament_cmake' and name 'snake_game_interfaces'
[0.205s] Level 1:colcon.colcon_core.package_discovery:discover_packages(recursive) using defaults
[0.205s] Level 1:colcon.colcon_core.package_discovery:discover_packages(ignore) discover
[0.205s] Level 1:colcon.colcon_core.package_discovery:discover_packages(ignore) using defaults
[0.205s] Level 1:colcon.colcon_core.package_discovery:discover_packages(path) discover
[0.205s] Level 1:colcon.colcon_core.package_discovery:discover_packages(path) using defaults
[0.225s] Level 1:colcon.colcon_core.package_discovery:discover_packages(prefix_path) check parameters
[0.226s] Level 1:colcon.colcon_core.package_discovery:discover_packages(prefix_path) discover
[0.227s] DEBUG:colcon.colcon_installed_package_information.package_discovery:Found 2 installed packages in /home/robomaven/ws/ros2_ws2/install
[0.228s] DEBUG:colcon.colcon_installed_package_information.package_discovery:Found 3 installed packages in /home/robomaven/ws/tb3_ws/install
[0.228s] DEBUG:colcon.colcon_installed_package_information.package_discovery:Found 413 installed packages in /opt/ros/humble
[0.230s] Level 1:colcon.colcon_core.package_discovery:discover_packages(prefix_path) using defaults
[0.261s] Level 5:colcon.colcon_core.verb:set package 'snake_game_interfaces' build argument 'cmake_args' from command line to 'None'
[0.261s] Level 5:colcon.colcon_core.verb:set package 'snake_game_interfaces' build argument 'cmake_target' from command line to 'None'
[0.261s] Level 5:colcon.colcon_core.verb:set package 'snake_game_interfaces' build argument 'cmake_target_skip_unavailable' from command line to 'False'
[0.261s] Level 5:colcon.colcon_core.verb:set package 'snake_game_interfaces' build argument 'cmake_clean_cache' from command line to 'False'
[0.261s] Level 5:colcon.colcon_core.verb:set package 'snake_game_interfaces' build argument 'cmake_clean_first' from command line to 'False'
[0.261s] Level 5:colcon.colcon_core.verb:set package 'snake_game_interfaces' build argument 'cmake_force_configure' from command line to 'False'
[0.261s] Level 5:colcon.colcon_core.verb:set package 'snake_game_interfaces' build argument 'ament_cmake_args' from command line to 'None'
[0.261s] Level 5:colcon.colcon_core.verb:set package 'snake_game_interfaces' build argument 'catkin_cmake_args' from command line to 'None'
[0.261s] Level 5:colcon.colcon_core.verb:set package 'snake_game_interfaces' build argument 'catkin_skip_building_tests' from command line to 'False'
[0.261s] DEBUG:colcon.colcon_core.verb:Building package 'snake_game_interfaces' with the following arguments: {'ament_cmake_args': None, 'build_base': '/home/robomaven/ws/snake_game_ws/build/snake_game_interfaces', 'catkin_cmake_args': None, 'catkin_skip_building_tests': False, 'cmake_args': None, 'cmake_clean_cache': False, 'cmake_clean_first': False, 'cmake_force_configure': False, 'cmake_target': None, 'cmake_target_skip_unavailable': False, 'install_base': '/home/robomaven/ws/snake_game_ws/install/snake_game_interfaces', 'merge_install': False, 'path': '/home/robomaven/ws/snake_game_ws/src/snake_game_interfaces', 'symlink_install': False, 'test_result_base': None}
[0.261s] Level 5:colcon.colcon_core.verb:set package 'snake_game' build argument 'cmake_args' from command line to 'None'
[0.261s] Level 5:colcon.colcon_core.verb:set package 'snake_game' build argument 'cmake_target' from command line to 'None'
[0.261s] Level 5:colcon.colcon_core.verb:set package 'snake_game' build argument 'cmake_target_skip_unavailable' from command line to 'False'
[0.261s] Level 5:colcon.colcon_core.verb:set package 'snake_game' build argument 'cmake_clean_cache' from command line to 'False'
[0.261s] Level 5:colcon.colcon_core.verb:set package 'snake_game' build argument 'cmake_clean_first' from command line to 'False'
[0.261s] Level 5:colcon.colcon_core.verb:set package 'snake_game' build argument 'cmake_force_configure' from command line to 'False'
[0.261s] Level 5:colcon.colcon_core.verb:set package 'snake_game' build argument 'ament_cmake_args' from command line to 'None'
[0.261s] Level 5:colcon.colcon_core.verb:set package 'snake_game' build argument 'catkin_cmake_args' from command line to 'None'
[0.261s] Level 5:colcon.colcon_core.verb:set package 'snake_game' build argument 'catkin_skip_building_tests' from command line to 'False'
[0.261s] DEBUG:colcon.colcon_core.verb:Building package 'snake_game' with the following arguments: {'ament_cmake_args': None, 'build_base': '/home/robomaven/ws/snake_game_ws/build/snake_game', 'catkin_cmake_args': None, 'catkin_skip_building_tests': False, 'cmake_args': None, 'cmake_clean_cache': False, 'cmake_clean_first': False, 'cmake_force_configure': False, 'cmake_target': None, 'cmake_target_skip_unavailable': False, 'install_base': '/home/robomaven/ws/snake_game_ws/install/snake_game', 'merge_install': False, 'path': '/home/robomaven/ws/snake_game_ws/src/snake_game', 'symlink_install': False, 'test_result_base': None}
[0.261s] INFO:colcon.colcon_core.executor:Executing jobs using 'parallel' executor
[0.262s] DEBUG:colcon.colcon_parallel_executor.executor.parallel:run_until_complete
[0.262s] INFO:colcon.colcon_ros.task.ament_cmake.build:Building ROS package in '/home/robomaven/ws/snake_game_ws/src/snake_game_interfaces' with build type 'ament_cmake'
[0.262s] INFO:colcon.colcon_cmake.task.cmake.build:Building CMake package in '/home/robomaven/ws/snake_game_ws/src/snake_game_interfaces'
[0.264s] INFO:colcon.colcon_core.plugin_system:Skipping extension 'colcon_core.shell.bat': Not used on non-Windows systems
[0.264s] INFO:colcon.colcon_core.shell:Skip shell extension 'powershell' for command environment: Not usable outside of PowerShell
[0.264s] DEBUG:colcon.colcon_core.shell:Skip shell extension 'dsv' for command environment
[0.271s] DEBUG:colcon.colcon_core.event_handler.log_command:Invoking command in '/home/robomaven/ws/snake_game_ws/build/snake_game_interfaces': CMAKE_PREFIX_PATH=${CMAKE_PREFIX_PATH}:/opt/ros/humble /usr/bin/cmake --build /home/robomaven/ws/snake_game_ws/build/snake_game_interfaces -- -j20 -l20
[2.519s] DEBUG:colcon.colcon_core.event_handler.log_command:Invoked command in '/home/robomaven/ws/snake_game_ws/build/snake_game_interfaces' returned '0': CMAKE_PREFIX_PATH=${CMAKE_PREFIX_PATH}:/opt/ros/humble /usr/bin/cmake --build /home/robomaven/ws/snake_game_ws/build/snake_game_interfaces -- -j20 -l20
[2.626s] DEBUG:colcon.colcon_core.event_handler.log_command:Invoking command in '/home/robomaven/ws/snake_game_ws/build/snake_game_interfaces': CMAKE_PREFIX_PATH=${CMAKE_PREFIX_PATH}:/opt/ros/humble /usr/bin/cmake --install /home/robomaven/ws/snake_game_ws/build/snake_game_interfaces
[2.700s] Level 1:colcon.colcon_core.environment:create_environment_scripts_only(snake_game_interfaces)
[2.701s] DEBUG:colcon.colcon_core.event_handler.log_command:Invoked command in '/home/robomaven/ws/snake_game_ws/build/snake_game_interfaces' returned '0': CMAKE_PREFIX_PATH=${CMAKE_PREFIX_PATH}:/opt/ros/humble /usr/bin/cmake --install /home/robomaven/ws/snake_game_ws/build/snake_game_interfaces
[2.703s] Level 1:colcon.colcon_core.environment:checking '/home/robomaven/ws/snake_game_ws/install/snake_game_interfaces' for CMake module files
[2.703s] Level 1:colcon.colcon_core.environment:checking '/home/robomaven/ws/snake_game_ws/install/snake_game_interfaces' for CMake config files
[2.704s] Level 1:colcon.colcon_core.shell:create_environment_hook('snake_game_interfaces', 'cmake_prefix_path')
[2.704s] INFO:colcon.colcon_core.shell:Creating environment hook '/home/robomaven/ws/snake_game_ws/install/snake_game_interfaces/share/snake_game_interfaces/hook/cmake_prefix_path.ps1'
[2.705s] INFO:colcon.colcon_core.shell:Creating environment descriptor '/home/robomaven/ws/snake_game_ws/install/snake_game_interfaces/share/snake_game_interfaces/hook/cmake_prefix_path.dsv'
[2.705s] INFO:colcon.colcon_core.shell:Creating environment hook '/home/robomaven/ws/snake_game_ws/install/snake_game_interfaces/share/snake_game_interfaces/hook/cmake_prefix_path.sh'
[2.706s] Level 1:colcon.colcon_core.environment:checking '/home/robomaven/ws/snake_game_ws/install/snake_game_interfaces/lib'
[2.706s] Level 1:colcon.colcon_core.shell:create_environment_hook('snake_game_interfaces', 'ld_library_path_lib')
[2.706s] INFO:colcon.colcon_core.shell:Creating environment hook '/home/robomaven/ws/snake_game_ws/install/snake_game_interfaces/share/snake_game_interfaces/hook/ld_library_path_lib.ps1'
[2.706s] INFO:colcon.colcon_core.shell:Creating environment descriptor '/home/robomaven/ws/snake_game_ws/install/snake_game_interfaces/share/snake_game_interfaces/hook/ld_library_path_lib.dsv'
[2.706s] INFO:colcon.colcon_core.shell:Creating environment hook '/home/robomaven/ws/snake_game_ws/install/snake_game_interfaces/share/snake_game_interfaces/hook/ld_library_path_lib.sh'
[2.706s] Level 1:colcon.colcon_core.environment:checking '/home/robomaven/ws/snake_game_ws/install/snake_game_interfaces/bin'
[2.706s] Level 1:colcon.colcon_core.environment:checking '/home/robomaven/ws/snake_game_ws/install/snake_game_interfaces/lib/pkgconfig/snake_game_interfaces.pc'
[2.707s] Level 1:colcon.colcon_core.environment:checking '/home/robomaven/ws/snake_game_ws/install/snake_game_interfaces/lib/python3.10/site-packages'
[2.707s] Level 1:colcon.colcon_core.environment:checking '/home/robomaven/ws/snake_game_ws/install/snake_game_interfaces/bin'
[2.707s] INFO:colcon.colcon_core.shell:Creating package script '/home/robomaven/ws/snake_game_ws/install/snake_game_interfaces/share/snake_game_interfaces/package.ps1'
[2.707s] INFO:colcon.colcon_core.shell:Creating package descriptor '/home/robomaven/ws/snake_game_ws/install/snake_game_interfaces/share/snake_game_interfaces/package.dsv'
[2.708s] INFO:colcon.colcon_core.shell:Creating package script '/home/robomaven/ws/snake_game_ws/install/snake_game_interfaces/share/snake_game_interfaces/package.sh'
[2.708s] INFO:colcon.colcon_core.shell:Creating package script '/home/robomaven/ws/snake_game_ws/install/snake_game_interfaces/share/snake_game_interfaces/package.bash'
[2.709s] INFO:colcon.colcon_core.shell:Creating package script '/home/robomaven/ws/snake_game_ws/install/snake_game_interfaces/share/snake_game_interfaces/package.zsh'
[2.709s] Level 1:colcon.colcon_core.environment:create_file_with_runtime_dependencies(/home/robomaven/ws/snake_game_ws/install/snake_game_interfaces/share/colcon-core/packages/snake_game_interfaces)
[2.798s] Level 1:colcon.colcon_core.environment:create_environment_scripts_only(snake_game_interfaces)
[2.799s] Level 1:colcon.colcon_core.environment:checking '/home/robomaven/ws/snake_game_ws/install/snake_game_interfaces' for CMake module files
[2.799s] Level 1:colcon.colcon_core.environment:checking '/home/robomaven/ws/snake_game_ws/install/snake_game_interfaces' for CMake config files
[2.800s] Level 1:colcon.colcon_core.shell:create_environment_hook('snake_game_interfaces', 'cmake_prefix_path')
[2.800s] INFO:colcon.colcon_core.shell:Creating environment hook '/home/robomaven/ws/snake_game_ws/install/snake_game_interfaces/share/snake_game_interfaces/hook/cmake_prefix_path.ps1'
[2.801s] INFO:colcon.colcon_core.shell:Creating environment descriptor '/home/robomaven/ws/snake_game_ws/install/snake_game_interfaces/share/snake_game_interfaces/hook/cmake_prefix_path.dsv'
[2.801s] INFO:colcon.colcon_core.shell:Creating environment hook '/home/robomaven/ws/snake_game_ws/install/snake_game_interfaces/share/snake_game_interfaces/hook/cmake_prefix_path.sh'
[2.802s] Level 1:colcon.colcon_core.environment:checking '/home/robomaven/ws/snake_game_ws/install/snake_game_interfaces/lib'
[2.802s] Level 1:colcon.colcon_core.shell:create_environment_hook('snake_game_interfaces', 'ld_library_path_lib')
[2.802s] INFO:colcon.colcon_core.shell:Creating environment hook '/home/robomaven/ws/snake_game_ws/install/snake_game_interfaces/share/snake_game_interfaces/hook/ld_library_path_lib.ps1'
[2.802s] INFO:colcon.colcon_core.shell:Creating environment descriptor '/home/robomaven/ws/snake_game_ws/install/snake_game_interfaces/share/snake_game_interfaces/hook/ld_library_path_lib.dsv'
[2.803s] INFO:colcon.colcon_core.shell:Creating environment hook '/home/robomaven/ws/snake_game_ws/install/snake_game_interfaces/share/snake_game_interfaces/hook/ld_library_path_lib.sh'
[2.803s] Level 1:colcon.colcon_core.environment:checking '/home/robomaven/ws/snake_game_ws/install/snake_game_interfaces/bin'
[2.803s] Level 1:colcon.colcon_core.environment:checking '/home/robomaven/ws/snake_game_ws/install/snake_game_interfaces/lib/pkgconfig/snake_game_interfaces.pc'
[2.803s] Level 1:colcon.colcon_core.environment:checking '/home/robomaven/ws/snake_game_ws/install/snake_game_interfaces/lib/python3.10/site-packages'
[2.804s] Level 1:colcon.colcon_core.environment:checking '/home/robomaven/ws/snake_game_ws/install/snake_game_interfaces/bin'
[2.804s] INFO:colcon.colcon_core.shell:Creating package script '/home/robomaven/ws/snake_game_ws/install/snake_game_interfaces/share/snake_game_interfaces/package.ps1'
[2.805s] INFO:colcon.colcon_core.shell:Creating package descriptor '/home/robomaven/ws/snake_game_ws/install/snake_game_interfaces/share/snake_game_interfaces/package.dsv'
[2.805s] INFO:colcon.colcon_core.shell:Creating package script '/home/robomaven/ws/snake_game_ws/install/snake_game_interfaces/share/snake_game_interfaces/package.sh'
[2.805s] INFO:colcon.colcon_core.shell:Creating package script '/home/robomaven/ws/snake_game_ws/install/snake_game_interfaces/share/snake_game_interfaces/package.bash'
[2.806s] INFO:colcon.colcon_core.shell:Creating package script '/home/robomaven/ws/snake_game_ws/install/snake_game_interfaces/share/snake_game_interfaces/package.zsh'
[2.806s] Level 1:colcon.colcon_core.environment:create_file_with_runtime_dependencies(/home/robomaven/ws/snake_game_ws/install/snake_game_interfaces/share/colcon-core/packages/snake_game_interfaces)
[2.806s] INFO:colcon.colcon_ros.task.ament_python.build:Building ROS package in '/home/robomaven/ws/snake_game_ws/src/snake_game' with build type 'ament_python'
[2.806s] Level 1:colcon.colcon_core.shell:create_environment_hook('snake_game', 'ament_prefix_path')
[2.807s] INFO:colcon.colcon_core.shell:Creating environment hook '/home/robomaven/ws/snake_game_ws/install/snake_game/share/snake_game/hook/ament_prefix_path.ps1'
[2.807s] INFO:colcon.colcon_core.shell:Creating environment descriptor '/home/robomaven/ws/snake_game_ws/install/snake_game/share/snake_game/hook/ament_prefix_path.dsv'
[2.807s] INFO:colcon.colcon_core.shell:Creating environment hook '/home/robomaven/ws/snake_game_ws/install/snake_game/share/snake_game/hook/ament_prefix_path.sh'
[2.808s] INFO:colcon.colcon_core.shell:Skip shell extension 'powershell' for command environment: Not usable outside of PowerShell
[2.808s] DEBUG:colcon.colcon_core.shell:Skip shell extension 'dsv' for command environment
[2.985s] INFO:colcon.colcon_core.task.python.build:Building Python package in '/home/robomaven/ws/snake_game_ws/src/snake_game'
[2.985s] INFO:colcon.colcon_core.shell:Skip shell extension 'powershell' for command environment: Not usable outside of PowerShell
[2.985s] DEBUG:colcon.colcon_core.shell:Skip shell extension 'dsv' for command environment
[3.276s] DEBUG:colcon.colcon_core.event_handler.log_command:Invoking command in '/home/robomaven/ws/snake_game_ws/build/snake_game': AMENT_PREFIX_PATH=/home/robomaven/ws/snake_game_ws/install/snake_game_interfaces:${AMENT_PREFIX_PATH} CMAKE_PREFIX_PATH=/home/robomaven/ws/snake_game_ws/install/snake_game_interfaces:${CMAKE_PREFIX_PATH} LD_LIBRARY_PATH=/home/robomaven/ws/snake_game_ws/install/snake_game_interfaces/lib:/usr/lib/x86_64-linux-gnu/gazebo-11/plugins:/opt/ros/humble/opt/rviz_ogre_vendor/lib:/opt/ros/humble/lib/x86_64-linux-gnu:/opt/ros/humble/lib:/usr/share/gazebo/../../lib/x86_64-linux-gnu/gazebo-11/plugins PYTHONPATH=/home/robomaven/ws/snake_game_ws/build/snake_game/prefix_override:/home/robomaven/ws/snake_game_ws/install/snake_game/lib/python3.10/site-packages:/home/robomaven/ws/snake_game_ws/install/snake_game_interfaces/local/lib/python3.10/dist-packages:${PYTHONPATH} /usr/bin/python3 -W ignore:setup.py install is deprecated setup.py develop --uninstall --editable --build-directory /home/robomaven/ws/snake_game_ws/build/snake_game/build
[3.548s] DEBUG:colcon.colcon_core.event_handler.log_command:Invoked command in '/home/robomaven/ws/snake_game_ws/build/snake_game' returned '0': AMENT_PREFIX_PATH=/home/robomaven/ws/snake_game_ws/install/snake_game_interfaces:${AMENT_PREFIX_PATH} CMAKE_PREFIX_PATH=/home/robomaven/ws/snake_game_ws/install/snake_game_interfaces:${CMAKE_PREFIX_PATH} LD_LIBRARY_PATH=/home/robomaven/ws/snake_game_ws/install/snake_game_interfaces/lib:/usr/lib/x86_64-linux-gnu/gazebo-11/plugins:/opt/ros/humble/opt/rviz_ogre_vendor/lib:/opt/ros/humble/lib/x86_64-linux-gnu:/opt/ros/humble/lib:/usr/share/gazebo/../../lib/x86_64-linux-gnu/gazebo-11/plugins PYTHONPATH=/home/robomaven/ws/snake_game_ws/build/snake_game/prefix_override:/home/robomaven/ws/snake_game_ws/install/snake_game/lib/python3.10/site-packages:/home/robomaven/ws/snake_game_ws/install/snake_game_interfaces/local/lib/python3.10/dist-packages:${PYTHONPATH} /usr/bin/python3 -W ignore:setup.py install is deprecated setup.py develop --uninstall --editable --build-directory /home/robomaven/ws/snake_game_ws/build/snake_game/build
[3.550s] DEBUG:colcon.colcon_core.event_handler.log_command:Invoking command in '/home/robomaven/ws/snake_game_ws/src/snake_game': AMENT_PREFIX_PATH=/home/robomaven/ws/snake_game_ws/install/snake_game_interfaces:${AMENT_PREFIX_PATH} CMAKE_PREFIX_PATH=/home/robomaven/ws/snake_game_ws/install/snake_game_interfaces:${CMAKE_PREFIX_PATH} LD_LIBRARY_PATH=/home/robomaven/ws/snake_game_ws/install/snake_game_interfaces/lib:/usr/lib/x86_64-linux-gnu/gazebo-11/plugins:/opt/ros/humble/opt/rviz_ogre_vendor/lib:/opt/ros/humble/lib/x86_64-linux-gnu:/opt/ros/humble/lib:/usr/share/gazebo/../../lib/x86_64-linux-gnu/gazebo-11/plugins PYTHONPATH=/home/robomaven/ws/snake_game_ws/build/snake_game/prefix_override:/home/robomaven/ws/snake_game_ws/install/snake_game/lib/python3.10/site-packages:/home/robomaven/ws/snake_game_ws/install/snake_game_interfaces/local/lib/python3.10/dist-packages:${PYTHONPATH} /usr/bin/python3 -W ignore:setup.py install is deprecated setup.py egg_info --egg-base ../../build/snake_game build --build-base /home/robomaven/ws/snake_game_ws/build/snake_game/build install --record /home/robomaven/ws/snake_game_ws/build/snake_game/install.log --single-version-externally-managed install_data --force
[3.737s] Level 1:colcon.colcon_core.environment:checking '/home/robomaven/ws/snake_game_ws/install/snake_game' for CMake module files
[3.737s] DEBUG:colcon.colcon_core.event_handler.log_command:Invoked command in '/home/robomaven/ws/snake_game_ws/src/snake_game' returned '0': AMENT_PREFIX_PATH=/home/robomaven/ws/snake_game_ws/install/snake_game_interfaces:${AMENT_PREFIX_PATH} CMAKE_PREFIX_PATH=/home/robomaven/ws/snake_game_ws/install/snake_game_interfaces:${CMAKE_PREFIX_PATH} LD_LIBRARY_PATH=/home/robomaven/ws/snake_game_ws/install/snake_game_interfaces/lib:/usr/lib/x86_64-linux-gnu/gazebo-11/plugins:/opt/ros/humble/opt/rviz_ogre_vendor/lib:/opt/ros/humble/lib/x86_64-linux-gnu:/opt/ros/humble/lib:/usr/share/gazebo/../../lib/x86_64-linux-gnu/gazebo-11/plugins PYTHONPATH=/home/robomaven/ws/snake_game_ws/build/snake_game/prefix_override:/home/robomaven/ws/snake_game_ws/install/snake_game/lib/python3.10/site-packages:/home/robomaven/ws/snake_game_ws/install/snake_game_interfaces/local/lib/python3.10/dist-packages:${PYTHONPATH} /usr/bin/python3 -W ignore:setup.py install is deprecated setup.py egg_info --egg-base ../../build/snake_game build --build-base /home/robomaven/ws/snake_game_ws/build/snake_game/build install --record /home/robomaven/ws/snake_game_ws/build/snake_game/install.log --single-version-externally-managed install_data --force
[3.738s] Level 1:colcon.colcon_core.environment:checking '/home/robomaven/ws/snake_game_ws/install/snake_game' for CMake config files
[3.738s] Level 1:colcon.colcon_core.environment:checking '/home/robomaven/ws/snake_game_ws/install/snake_game/lib'
[3.738s] Level 1:colcon.colcon_core.environment:checking '/home/robomaven/ws/snake_game_ws/install/snake_game/bin'
[3.738s] Level 1:colcon.colcon_core.environment:checking '/home/robomaven/ws/snake_game_ws/install/snake_game/lib/pkgconfig/snake_game.pc'
[3.738s] Level 1:colcon.colcon_core.environment:checking '/home/robomaven/ws/snake_game_ws/install/snake_game/lib/python3.10/site-packages'
[3.738s] Level 1:colcon.colcon_core.shell:create_environment_hook('snake_game', 'pythonpath')
[3.738s] INFO:colcon.colcon_core.shell:Creating environment hook '/home/robomaven/ws/snake_game_ws/install/snake_game/share/snake_game/hook/pythonpath.ps1'
[3.739s] INFO:colcon.colcon_core.shell:Creating environment descriptor '/home/robomaven/ws/snake_game_ws/install/snake_game/share/snake_game/hook/pythonpath.dsv'
[3.739s] INFO:colcon.colcon_core.shell:Creating environment hook '/home/robomaven/ws/snake_game_ws/install/snake_game/share/snake_game/hook/pythonpath.sh'
[3.739s] Level 1:colcon.colcon_core.environment:checking '/home/robomaven/ws/snake_game_ws/install/snake_game/bin'
[3.739s] Level 1:colcon.colcon_core.environment:create_environment_scripts_only(snake_game)
[3.739s] INFO:colcon.colcon_core.shell:Creating package script '/home/robomaven/ws/snake_game_ws/install/snake_game/share/snake_game/package.ps1'
[3.740s] INFO:colcon.colcon_core.shell:Creating package descriptor '/home/robomaven/ws/snake_game_ws/install/snake_game/share/snake_game/package.dsv'
[3.740s] INFO:colcon.colcon_core.shell:Creating package script '/home/robomaven/ws/snake_game_ws/install/snake_game/share/snake_game/package.sh'
[3.740s] INFO:colcon.colcon_core.shell:Creating package script '/home/robomaven/ws/snake_game_ws/install/snake_game/share/snake_game/package.bash'
[3.740s] INFO:colcon.colcon_core.shell:Creating package script '/home/robomaven/ws/snake_game_ws/install/snake_game/share/snake_game/package.zsh'
[3.740s] Level 1:colcon.colcon_core.environment:create_file_with_runtime_dependencies(/home/robomaven/ws/snake_game_ws/install/snake_game/share/colcon-core/packages/snake_game)
[3.740s] DEBUG:colcon.colcon_parallel_executor.executor.parallel:closing loop
[3.741s] DEBUG:colcon.colcon_parallel_executor.executor.parallel:loop closed
[3.741s] DEBUG:colcon.colcon_parallel_executor.executor.parallel:run_until_complete finished with '0'
[3.741s] DEBUG:colcon.colcon_core.event_reactor:joining thread
[3.744s] INFO:colcon.colcon_core.plugin_system:Skipping extension 'colcon_notification.desktop_notification.terminal_notifier': Not used on non-Darwin systems
[3.744s] INFO:colcon.colcon_core.plugin_system:Skipping extension 'colcon_notification.desktop_notification.win32': Not used on non-Windows systems
[3.744s] INFO:colcon.colcon_notification.desktop_notification:Sending desktop notification using 'notify2'
[3.762s] DEBUG:colcon.colcon_core.event_reactor:joined thread
[3.762s] INFO:colcon.colcon_core.shell:Creating prefix script '/home/robomaven/ws/snake_game_ws/install/local_setup.ps1'
[3.764s] INFO:colcon.colcon_core.shell:Creating prefix util module '/home/robomaven/ws/snake_game_ws/install/_local_setup_util_ps1.py'
[3.765s] INFO:colcon.colcon_core.shell:Creating prefix chain script '/home/robomaven/ws/snake_game_ws/install/setup.ps1'
[3.766s] INFO:colcon.colcon_core.shell:Creating prefix script '/home/robomaven/ws/snake_game_ws/install/local_setup.sh'
[3.767s] INFO:colcon.colcon_core.shell:Creating prefix util module '/home/robomaven/ws/snake_game_ws/install/_local_setup_util_sh.py'
[3.767s] INFO:colcon.colcon_core.shell:Creating prefix chain script '/home/robomaven/ws/snake_game_ws/install/setup.sh'
[3.768s] INFO:colcon.colcon_core.shell:Creating prefix script '/home/robomaven/ws/snake_game_ws/install/local_setup.bash'
[3.769s] INFO:colcon.colcon_core.shell:Creating prefix chain script '/home/robomaven/ws/snake_game_ws/install/setup.bash'
[3.770s] INFO:colcon.colcon_core.shell:Creating prefix script '/home/robomaven/ws/snake_game_ws/install/local_setup.zsh'
[3.770s] INFO:colcon.colcon_core.shell:Creating prefix chain script '/home/robomaven/ws/snake_game_ws/install/setup.zsh'
