[0.061s] DEBUG:colcon:Command line arguments: ['/usr/bin/colcon', 'build', '--packages-select', 'actions_cpp']
[0.062s] DEBUG:colcon:Parsed command line arguments: Namespace(log_base=None, log_level=None, verb_name='build', build_base='build', install_base='install', merge_install=False, symlink_install=False, test_result_base=None, continue_on_error=False, executor='parallel', parallel_workers=20, event_handlers=None, ignore_user_meta=False, metas=['./colcon.meta'], base_paths=['.'], packages_ignore=None, packages_ignore_regex=None, paths=None, packages_up_to=None, packages_up_to_regex=None, packages_above=None, packages_above_and_dependencies=None, packages_above_depth=None, packages_select_by_dep=None, packages_skip_by_dep=None, packages_skip_up_to=None, packages_select_build_failed=False, packages_skip_build_finished=False, packages_select_test_failures=False, packages_skip_test_passed=False, packages_select=['actions_cpp'], packages_skip=None, packages_select_regex=None, packages_skip_regex=None, packages_start=None, packages_end=None, allow_overriding=[], cmake_args=None, cmake_target=None, cmake_target_skip_unavailable=False, cmake_clean_cache=False, cmake_clean_first=False, cmake_force_configure=False, ament_cmake_args=None, catkin_cmake_args=None, catkin_skip_building_tests=False, verb_parser=<colcon_defaults.argument_parser.defaults.DefaultArgumentsDecorator object at 0x780fea83cd00>, verb_extension=<colcon_core.verb.build.BuildVerb object at 0x780fea83c7f0>, main=<bound method BuildVerb.main of <colcon_core.verb.build.BuildVerb object at 0x780fea83c7f0>>)
[0.167s] Level 1:colcon.colcon_core.package_discovery:discover_packages(colcon_meta) check parameters
[0.167s] Level 1:colcon.colcon_core.package_discovery:discover_packages(recursive) check parameters
[0.167s] Level 1:colcon.colcon_core.package_discovery:discover_packages(ignore) check parameters
[0.167s] Level 1:colcon.colcon_core.package_discovery:discover_packages(path) check parameters
[0.167s] Level 1:colcon.colcon_core.package_discovery:discover_packages(colcon_meta) discover
[0.167s] Level 1:colcon.colcon_core.package_discovery:discover_packages(recursive) discover
[0.167s] INFO:colcon.colcon_core.package_discovery:Crawling recursively for packages in '/home/robomaven/ws/ros2_ws3'
[0.167s] Level 1:colcon.colcon_core.package_identification:_identify(.) by extensions ['ignore', 'ignore_ament_install']
[0.167s] Level 1:colcon.colcon_core.package_identification:_identify(.) by extension 'ignore'
[0.167s] Level 1:colcon.colcon_core.package_identification:_identify(.) by extension 'ignore_ament_install'
[0.167s] Level 1:colcon.colcon_core.package_identification:_identify(.) by extensions ['colcon_pkg']
[0.167s] Level 1:colcon.colcon_core.package_identification:_identify(.) by extension 'colcon_pkg'
[0.167s] Level 1:colcon.colcon_core.package_identification:_identify(.) by extensions ['colcon_meta']
[0.167s] Level 1:colcon.colcon_core.package_identification:_identify(.) by extension 'colcon_meta'
[0.167s] Level 1:colcon.colcon_core.package_identification:_identify(.) by extensions ['ros']
[0.167s] Level 1:colcon.colcon_core.package_identification:_identify(.) by extension 'ros'
[0.174s] Level 1:colcon.colcon_core.package_identification:_identify(.) by extensions ['cmake', 'python']
[0.175s] Level 1:colcon.colcon_core.package_identification:_identify(.) by extension 'cmake'
[0.175s] Level 1:colcon.colcon_core.package_identification:_identify(.) by extension 'python'
[0.175s] Level 1:colcon.colcon_core.package_identification:_identify(.) by extensions ['python_setup_py']
[0.175s] Level 1:colcon.colcon_core.package_identification:_identify(.) by extension 'python_setup_py'
[0.175s] Level 1:colcon.colcon_core.package_identification:_identify(build) by extensions ['ignore', 'ignore_ament_install']
[0.175s] Level 1:colcon.colcon_core.package_identification:_identify(build) by extension 'ignore'
[0.175s] Level 1:colcon.colcon_core.package_identification:_identify(build) ignored
[0.175s] Level 1:colcon.colcon_core.package_identification:_identify(install) by extensions ['ignore', 'ignore_ament_install']
[0.175s] Level 1:colcon.colcon_core.package_identification:_identify(install) by extension 'ignore'
[0.175s] Level 1:colcon.colcon_core.package_identification:_identify(install) ignored
[0.175s] Level 1:colcon.colcon_core.package_identification:_identify(log) by extensions ['ignore', 'ignore_ament_install']
[0.175s] Level 1:colcon.colcon_core.package_identification:_identify(log) by extension 'ignore'
[0.175s] Level 1:colcon.colcon_core.package_identification:_identify(log) ignored
[0.175s] Level 1:colcon.colcon_core.package_identification:_identify(src) by extensions ['ignore', 'ignore_ament_install']
[0.175s] Level 1:colcon.colcon_core.package_identification:_identify(src) by extension 'ignore'
[0.175s] Level 1:colcon.colcon_core.package_identification:_identify(src) by extension 'ignore_ament_install'
[0.175s] Level 1:colcon.colcon_core.package_identification:_identify(src) by extensions ['colcon_pkg']
[0.175s] Level 1:colcon.colcon_core.package_identification:_identify(src) by extension 'colcon_pkg'
[0.175s] Level 1:colcon.colcon_core.package_identification:_identify(src) by extensions ['colcon_meta']
[0.175s] Level 1:colcon.colcon_core.package_identification:_identify(src) by extension 'colcon_meta'
[0.175s] Level 1:colcon.colcon_core.package_identification:_identify(src) by extensions ['ros']
[0.175s] Level 1:colcon.colcon_core.package_identification:_identify(src) by extension 'ros'
[0.175s] Level 1:colcon.colcon_core.package_identification:_identify(src) by extensions ['cmake', 'python']
[0.175s] Level 1:colcon.colcon_core.package_identification:_identify(src) by extension 'cmake'
[0.175s] Level 1:colcon.colcon_core.package_identification:_identify(src) by extension 'python'
[0.175s] Level 1:colcon.colcon_core.package_identification:_identify(src) by extensions ['python_setup_py']
[0.175s] Level 1:colcon.colcon_core.package_identification:_identify(src) by extension 'python_setup_py'
[0.175s] Level 1:colcon.colcon_core.package_identification:_identify(src/actions_cpp) by extensions ['ignore', 'ignore_ament_install']
[0.176s] Level 1:colcon.colcon_core.package_identification:_identify(src/actions_cpp) by extension 'ignore'
[0.176s] Level 1:colcon.colcon_core.package_identification:_identify(src/actions_cpp) by extension 'ignore_ament_install'
[0.176s] Level 1:colcon.colcon_core.package_identification:_identify(src/actions_cpp) by extensions ['colcon_pkg']
[0.176s] Level 1:colcon.colcon_core.package_identification:_identify(src/actions_cpp) by extension 'colcon_pkg'
[0.176s] Level 1:colcon.colcon_core.package_identification:_identify(src/actions_cpp) by extensions ['colcon_meta']
[0.176s] Level 1:colcon.colcon_core.package_identification:_identify(src/actions_cpp) by extension 'colcon_meta'
[0.176s] Level 1:colcon.colcon_core.package_identification:_identify(src/actions_cpp) by extensions ['ros']
[0.176s] Level 1:colcon.colcon_core.package_identification:_identify(src/actions_cpp) by extension 'ros'
[0.177s] DEBUG:colcon.colcon_core.package_identification:Package 'src/actions_cpp' with type 'ros.ament_cmake' and name 'actions_cpp'
[0.177s] Level 1:colcon.colcon_core.package_identification:_identify(src/actions_py) by extensions ['ignore', 'ignore_ament_install']
[0.178s] Level 1:colcon.colcon_core.package_identification:_identify(src/actions_py) by extension 'ignore'
[0.178s] Level 1:colcon.colcon_core.package_identification:_identify(src/actions_py) by extension 'ignore_ament_install'
[0.178s] Level 1:colcon.colcon_core.package_identification:_identify(src/actions_py) by extensions ['colcon_pkg']
[0.178s] Level 1:colcon.colcon_core.package_identification:_identify(src/actions_py) by extension 'colcon_pkg'
[0.178s] Level 1:colcon.colcon_core.package_identification:_identify(src/actions_py) by extensions ['colcon_meta']
[0.178s] Level 1:colcon.colcon_core.package_identification:_identify(src/actions_py) by extension 'colcon_meta'
[0.178s] Level 1:colcon.colcon_core.package_identification:_identify(src/actions_py) by extensions ['ros']
[0.178s] Level 1:colcon.colcon_core.package_identification:_identify(src/actions_py) by extension 'ros'
[0.178s] DEBUG:colcon.colcon_core.package_identification:Package 'src/actions_py' with type 'ros.ament_python' and name 'actions_py'
[0.178s] Level 1:colcon.colcon_core.package_identification:_identify(src/my_robot_interfaces) by extensions ['ignore', 'ignore_ament_install']
[0.178s] Level 1:colcon.colcon_core.package_identification:_identify(src/my_robot_interfaces) by extension 'ignore'
[0.178s] Level 1:colcon.colcon_core.package_identification:_identify(src/my_robot_interfaces) by extension 'ignore_ament_install'
[0.178s] Level 1:colcon.colcon_core.package_identification:_identify(src/my_robot_interfaces) by extensions ['colcon_pkg']
[0.178s] Level 1:colcon.colcon_core.package_identification:_identify(src/my_robot_interfaces) by extension 'colcon_pkg'
[0.178s] Level 1:colcon.colcon_core.package_identification:_identify(src/my_robot_interfaces) by extensions ['colcon_meta']
[0.178s] Level 1:colcon.colcon_core.package_identification:_identify(src/my_robot_interfaces) by extension 'colcon_meta'
[0.179s] Level 1:colcon.colcon_core.package_identification:_identify(src/my_robot_interfaces) by extensions ['ros']
[0.179s] Level 1:colcon.colcon_core.package_identification:_identify(src/my_robot_interfaces) by extension 'ros'
[0.179s] DEBUG:colcon.colcon_core.package_identification:Package 'src/my_robot_interfaces' with type 'ros.ament_cmake' and name 'my_robot_interfaces'
[0.179s] Level 1:colcon.colcon_core.package_discovery:discover_packages(recursive) using defaults
[0.179s] Level 1:colcon.colcon_core.package_discovery:discover_packages(ignore) discover
[0.179s] Level 1:colcon.colcon_core.package_discovery:discover_packages(ignore) using defaults
[0.179s] Level 1:colcon.colcon_core.package_discovery:discover_packages(path) discover
[0.179s] Level 1:colcon.colcon_core.package_discovery:discover_packages(path) using defaults
[0.201s] INFO:colcon.colcon_core.package_selection:Skipping not selected package 'my_robot_interfaces' in 'src/my_robot_interfaces'
[0.201s] INFO:colcon.colcon_core.package_selection:Skipping not selected package 'actions_py' in 'src/actions_py'
[0.201s] Level 1:colcon.colcon_core.package_discovery:discover_packages(prefix_path) check parameters
[0.201s] Level 1:colcon.colcon_core.package_discovery:discover_packages(prefix_path) discover
[0.202s] DEBUG:colcon.colcon_installed_package_information.package_discovery:Found 3 installed packages in /home/robomaven/ws/ros2_ws3/install
[0.203s] DEBUG:colcon.colcon_installed_package_information.package_discovery:Found 320 installed packages in /opt/ros/humble
[0.204s] Level 1:colcon.colcon_core.package_discovery:discover_packages(prefix_path) using defaults
[0.228s] Level 5:colcon.colcon_core.verb:set package 'actions_cpp' build argument 'cmake_args' from command line to 'None'
[0.228s] Level 5:colcon.colcon_core.verb:set package 'actions_cpp' build argument 'cmake_target' from command line to 'None'
[0.228s] Level 5:colcon.colcon_core.verb:set package 'actions_cpp' build argument 'cmake_target_skip_unavailable' from command line to 'False'
[0.228s] Level 5:colcon.colcon_core.verb:set package 'actions_cpp' build argument 'cmake_clean_cache' from command line to 'False'
[0.228s] Level 5:colcon.colcon_core.verb:set package 'actions_cpp' build argument 'cmake_clean_first' from command line to 'False'
[0.228s] Level 5:colcon.colcon_core.verb:set package 'actions_cpp' build argument 'cmake_force_configure' from command line to 'False'
[0.228s] Level 5:colcon.colcon_core.verb:set package 'actions_cpp' build argument 'ament_cmake_args' from command line to 'None'
[0.228s] Level 5:colcon.colcon_core.verb:set package 'actions_cpp' build argument 'catkin_cmake_args' from command line to 'None'
[0.228s] Level 5:colcon.colcon_core.verb:set package 'actions_cpp' build argument 'catkin_skip_building_tests' from command line to 'False'
[0.228s] DEBUG:colcon.colcon_core.verb:Building package 'actions_cpp' with the following arguments: {'ament_cmake_args': None, 'build_base': '/home/robomaven/ws/ros2_ws3/build/actions_cpp', 'catkin_cmake_args': None, 'catkin_skip_building_tests': False, 'cmake_args': None, 'cmake_clean_cache': False, 'cmake_clean_first': False, 'cmake_force_configure': False, 'cmake_target': None, 'cmake_target_skip_unavailable': False, 'install_base': '/home/robomaven/ws/ros2_ws3/install/actions_cpp', 'merge_install': False, 'path': '/home/robomaven/ws/ros2_ws3/src/actions_cpp', 'symlink_install': False, 'test_result_base': None}
[0.229s] INFO:colcon.colcon_core.executor:Executing jobs using 'parallel' executor
[0.229s] DEBUG:colcon.colcon_parallel_executor.executor.parallel:run_until_complete
[0.230s] INFO:colcon.colcon_ros.task.ament_cmake.build:Building ROS package in '/home/robomaven/ws/ros2_ws3/src/actions_cpp' with build type 'ament_cmake'
[0.230s] INFO:colcon.colcon_cmake.task.cmake.build:Building CMake package in '/home/robomaven/ws/ros2_ws3/src/actions_cpp'
[0.231s] INFO:colcon.colcon_core.plugin_system:Skipping extension 'colcon_core.shell.bat': Not used on non-Windows systems
[0.231s] INFO:colcon.colcon_core.shell:Skip shell extension 'powershell' for command environment: Not usable outside of PowerShell
[0.231s] DEBUG:colcon.colcon_core.shell:Skip shell extension 'dsv' for command environment
[0.239s] DEBUG:colcon.colcon_core.event_handler.log_command:Invoking command in '/home/robomaven/ws/ros2_ws3/build/actions_cpp': AMENT_PREFIX_PATH=/home/robomaven/ws/ros2_ws3/install/my_robot_interfaces:${AMENT_PREFIX_PATH} CMAKE_PREFIX_PATH=/home/robomaven/ws/ros2_ws3/install/my_robot_interfaces:/home/robomaven/ws/ros2_ws3/install/actions_cpp:/home/robomaven/ws/ros2_ws3/install/actions_py:/opt/ros/humble LD_LIBRARY_PATH=/home/robomaven/ws/ros2_ws3/install/my_robot_interfaces/lib:/usr/lib/x86_64-linux-gnu/gazebo-11/plugins:/opt/ros/humble/opt/rviz_ogre_vendor/lib:/opt/ros/humble/lib/x86_64-linux-gnu:/opt/ros/humble/lib:/usr/share/gazebo/../../lib/x86_64-linux-gnu/gazebo-11/plugins PYTHONPATH=/home/robomaven/ws/ros2_ws3/install/my_robot_interfaces/local/lib/python3.10/dist-packages:${PYTHONPATH} /usr/bin/cmake --build /home/robomaven/ws/ros2_ws3/build/actions_cpp -- -j20 -l20
[2.675s] DEBUG:colcon.colcon_core.event_handler.log_command:Invoked command in '/home/robomaven/ws/ros2_ws3/build/actions_cpp' returned '0': AMENT_PREFIX_PATH=/home/robomaven/ws/ros2_ws3/install/my_robot_interfaces:${AMENT_PREFIX_PATH} CMAKE_PREFIX_PATH=/home/robomaven/ws/ros2_ws3/install/my_robot_interfaces:/home/robomaven/ws/ros2_ws3/install/actions_cpp:/home/robomaven/ws/ros2_ws3/install/actions_py:/opt/ros/humble LD_LIBRARY_PATH=/home/robomaven/ws/ros2_ws3/install/my_robot_interfaces/lib:/usr/lib/x86_64-linux-gnu/gazebo-11/plugins:/opt/ros/humble/opt/rviz_ogre_vendor/lib:/opt/ros/humble/lib/x86_64-linux-gnu:/opt/ros/humble/lib:/usr/share/gazebo/../../lib/x86_64-linux-gnu/gazebo-11/plugins PYTHONPATH=/home/robomaven/ws/ros2_ws3/install/my_robot_interfaces/local/lib/python3.10/dist-packages:${PYTHONPATH} /usr/bin/cmake --build /home/robomaven/ws/ros2_ws3/build/actions_cpp -- -j20 -l20
[2.716s] DEBUG:colcon.colcon_core.event_handler.log_command:Invoking command in '/home/robomaven/ws/ros2_ws3/build/actions_cpp': AMENT_PREFIX_PATH=/home/robomaven/ws/ros2_ws3/install/my_robot_interfaces:${AMENT_PREFIX_PATH} CMAKE_PREFIX_PATH=/home/robomaven/ws/ros2_ws3/install/my_robot_interfaces:/home/robomaven/ws/ros2_ws3/install/actions_cpp:/home/robomaven/ws/ros2_ws3/install/actions_py:/opt/ros/humble LD_LIBRARY_PATH=/home/robomaven/ws/ros2_ws3/install/my_robot_interfaces/lib:/usr/lib/x86_64-linux-gnu/gazebo-11/plugins:/opt/ros/humble/opt/rviz_ogre_vendor/lib:/opt/ros/humble/lib/x86_64-linux-gnu:/opt/ros/humble/lib:/usr/share/gazebo/../../lib/x86_64-linux-gnu/gazebo-11/plugins PYTHONPATH=/home/robomaven/ws/ros2_ws3/install/my_robot_interfaces/local/lib/python3.10/dist-packages:${PYTHONPATH} /usr/bin/cmake --install /home/robomaven/ws/ros2_ws3/build/actions_cpp
[2.726s] Level 1:colcon.colcon_core.environment:create_environment_scripts_only(actions_cpp)
[2.726s] DEBUG:colcon.colcon_core.event_handler.log_command:Invoked command in '/home/robomaven/ws/ros2_ws3/build/actions_cpp' returned '0': AMENT_PREFIX_PATH=/home/robomaven/ws/ros2_ws3/install/my_robot_interfaces:${AMENT_PREFIX_PATH} CMAKE_PREFIX_PATH=/home/robomaven/ws/ros2_ws3/install/my_robot_interfaces:/home/robomaven/ws/ros2_ws3/install/actions_cpp:/home/robomaven/ws/ros2_ws3/install/actions_py:/opt/ros/humble LD_LIBRARY_PATH=/home/robomaven/ws/ros2_ws3/install/my_robot_interfaces/lib:/usr/lib/x86_64-linux-gnu/gazebo-11/plugins:/opt/ros/humble/opt/rviz_ogre_vendor/lib:/opt/ros/humble/lib/x86_64-linux-gnu:/opt/ros/humble/lib:/usr/share/gazebo/../../lib/x86_64-linux-gnu/gazebo-11/plugins PYTHONPATH=/home/robomaven/ws/ros2_ws3/install/my_robot_interfaces/local/lib/python3.10/dist-packages:${PYTHONPATH} /usr/bin/cmake --install /home/robomaven/ws/ros2_ws3/build/actions_cpp
[2.728s] Level 1:colcon.colcon_core.environment:checking '/home/robomaven/ws/ros2_ws3/install/actions_cpp' for CMake module files
[2.729s] Level 1:colcon.colcon_core.environment:checking '/home/robomaven/ws/ros2_ws3/install/actions_cpp' for CMake config files
[2.729s] Level 1:colcon.colcon_core.shell:create_environment_hook('actions_cpp', 'cmake_prefix_path')
[2.729s] INFO:colcon.colcon_core.shell:Creating environment hook '/home/robomaven/ws/ros2_ws3/install/actions_cpp/share/actions_cpp/hook/cmake_prefix_path.ps1'
[2.730s] INFO:colcon.colcon_core.shell:Creating environment descriptor '/home/robomaven/ws/ros2_ws3/install/actions_cpp/share/actions_cpp/hook/cmake_prefix_path.dsv'
[2.730s] INFO:colcon.colcon_core.shell:Creating environment hook '/home/robomaven/ws/ros2_ws3/install/actions_cpp/share/actions_cpp/hook/cmake_prefix_path.sh'
[2.731s] Level 1:colcon.colcon_core.environment:checking '/home/robomaven/ws/ros2_ws3/install/actions_cpp/lib'
[2.731s] Level 1:colcon.colcon_core.environment:checking '/home/robomaven/ws/ros2_ws3/install/actions_cpp/bin'
[2.731s] Level 1:colcon.colcon_core.environment:checking '/home/robomaven/ws/ros2_ws3/install/actions_cpp/lib/pkgconfig/actions_cpp.pc'
[2.732s] Level 1:colcon.colcon_core.environment:checking '/home/robomaven/ws/ros2_ws3/install/actions_cpp/lib/python3.10/site-packages'
[2.732s] Level 1:colcon.colcon_core.environment:checking '/home/robomaven/ws/ros2_ws3/install/actions_cpp/bin'
[2.732s] INFO:colcon.colcon_core.shell:Creating package script '/home/robomaven/ws/ros2_ws3/install/actions_cpp/share/actions_cpp/package.ps1'
[2.733s] INFO:colcon.colcon_core.shell:Creating package descriptor '/home/robomaven/ws/ros2_ws3/install/actions_cpp/share/actions_cpp/package.dsv'
[2.733s] INFO:colcon.colcon_core.shell:Creating package script '/home/robomaven/ws/ros2_ws3/install/actions_cpp/share/actions_cpp/package.sh'
[2.734s] INFO:colcon.colcon_core.shell:Creating package script '/home/robomaven/ws/ros2_ws3/install/actions_cpp/share/actions_cpp/package.bash'
[2.734s] INFO:colcon.colcon_core.shell:Creating package script '/home/robomaven/ws/ros2_ws3/install/actions_cpp/share/actions_cpp/package.zsh'
[2.735s] Level 1:colcon.colcon_core.environment:create_file_with_runtime_dependencies(/home/robomaven/ws/ros2_ws3/install/actions_cpp/share/colcon-core/packages/actions_cpp)
[2.766s] Level 1:colcon.colcon_core.environment:create_environment_scripts_only(actions_cpp)
[2.766s] Level 1:colcon.colcon_core.environment:checking '/home/robomaven/ws/ros2_ws3/install/actions_cpp' for CMake module files
[2.766s] Level 1:colcon.colcon_core.environment:checking '/home/robomaven/ws/ros2_ws3/install/actions_cpp' for CMake config files
[2.767s] Level 1:colcon.colcon_core.shell:create_environment_hook('actions_cpp', 'cmake_prefix_path')
[2.767s] INFO:colcon.colcon_core.shell:Creating environment hook '/home/robomaven/ws/ros2_ws3/install/actions_cpp/share/actions_cpp/hook/cmake_prefix_path.ps1'
[2.767s] INFO:colcon.colcon_core.shell:Creating environment descriptor '/home/robomaven/ws/ros2_ws3/install/actions_cpp/share/actions_cpp/hook/cmake_prefix_path.dsv'
[2.768s] INFO:colcon.colcon_core.shell:Creating environment hook '/home/robomaven/ws/ros2_ws3/install/actions_cpp/share/actions_cpp/hook/cmake_prefix_path.sh'
[2.768s] Level 1:colcon.colcon_core.environment:checking '/home/robomaven/ws/ros2_ws3/install/actions_cpp/lib'
[2.768s] Level 1:colcon.colcon_core.environment:checking '/home/robomaven/ws/ros2_ws3/install/actions_cpp/bin'
[2.769s] Level 1:colcon.colcon_core.environment:checking '/home/robomaven/ws/ros2_ws3/install/actions_cpp/lib/pkgconfig/actions_cpp.pc'
[2.769s] Level 1:colcon.colcon_core.environment:checking '/home/robomaven/ws/ros2_ws3/install/actions_cpp/lib/python3.10/site-packages'
[2.769s] Level 1:colcon.colcon_core.environment:checking '/home/robomaven/ws/ros2_ws3/install/actions_cpp/bin'
[2.769s] INFO:colcon.colcon_core.shell:Creating package script '/home/robomaven/ws/ros2_ws3/install/actions_cpp/share/actions_cpp/package.ps1'
[2.770s] INFO:colcon.colcon_core.shell:Creating package descriptor '/home/robomaven/ws/ros2_ws3/install/actions_cpp/share/actions_cpp/package.dsv'
[2.770s] INFO:colcon.colcon_core.shell:Creating package script '/home/robomaven/ws/ros2_ws3/install/actions_cpp/share/actions_cpp/package.sh'
[2.771s] INFO:colcon.colcon_core.shell:Creating package script '/home/robomaven/ws/ros2_ws3/install/actions_cpp/share/actions_cpp/package.bash'
[2.771s] INFO:colcon.colcon_core.shell:Creating package script '/home/robomaven/ws/ros2_ws3/install/actions_cpp/share/actions_cpp/package.zsh'
[2.771s] Level 1:colcon.colcon_core.environment:create_file_with_runtime_dependencies(/home/robomaven/ws/ros2_ws3/install/actions_cpp/share/colcon-core/packages/actions_cpp)
[2.772s] DEBUG:colcon.colcon_parallel_executor.executor.parallel:closing loop
[2.772s] DEBUG:colcon.colcon_parallel_executor.executor.parallel:loop closed
[2.772s] DEBUG:colcon.colcon_parallel_executor.executor.parallel:run_until_complete finished with '0'
[2.772s] DEBUG:colcon.colcon_core.event_reactor:joining thread
[2.778s] INFO:colcon.colcon_core.plugin_system:Skipping extension 'colcon_notification.desktop_notification.terminal_notifier': Not used on non-Darwin systems
[2.778s] INFO:colcon.colcon_core.plugin_system:Skipping extension 'colcon_notification.desktop_notification.win32': Not used on non-Windows systems
[2.778s] INFO:colcon.colcon_notification.desktop_notification:Sending desktop notification using 'notify2'
[2.787s] DEBUG:colcon.colcon_core.event_reactor:joined thread
[2.788s] INFO:colcon.colcon_core.shell:Creating prefix script '/home/robomaven/ws/ros2_ws3/install/local_setup.ps1'
[2.789s] INFO:colcon.colcon_core.shell:Creating prefix util module '/home/robomaven/ws/ros2_ws3/install/_local_setup_util_ps1.py'
[2.790s] INFO:colcon.colcon_core.shell:Creating prefix chain script '/home/robomaven/ws/ros2_ws3/install/setup.ps1'
[2.791s] INFO:colcon.colcon_core.shell:Creating prefix script '/home/robomaven/ws/ros2_ws3/install/local_setup.sh'
[2.792s] INFO:colcon.colcon_core.shell:Creating prefix util module '/home/robomaven/ws/ros2_ws3/install/_local_setup_util_sh.py'
[2.792s] INFO:colcon.colcon_core.shell:Creating prefix chain script '/home/robomaven/ws/ros2_ws3/install/setup.sh'
[2.793s] INFO:colcon.colcon_core.shell:Creating prefix script '/home/robomaven/ws/ros2_ws3/install/local_setup.bash'
[2.794s] INFO:colcon.colcon_core.shell:Creating prefix chain script '/home/robomaven/ws/ros2_ws3/install/setup.bash'
[2.794s] INFO:colcon.colcon_core.shell:Creating prefix script '/home/robomaven/ws/ros2_ws3/install/local_setup.zsh'
[2.795s] INFO:colcon.colcon_core.shell:Creating prefix chain script '/home/robomaven/ws/ros2_ws3/install/setup.zsh'
