[0.025s] Invoking command in '/home/robomaven/ws/ws_moveit2/build/moveit_task_constructor_demo': AMENT_PREFIX_PATH=/home/robomaven/ws/ws_moveit2/install/moveit_task_constructor_capabilities:/home/robomaven/ws/ws_moveit2/install/moveit_task_constructor_core:/home/robomaven/ws/ws_moveit2/install/moveit_ros_planning_interface:/home/robomaven/ws/ws_moveit2/install/moveit_ros_move_group:/home/robomaven/ws/ws_moveit2/install/moveit_ros_warehouse:/home/robomaven/ws/ws_moveit2/install/moveit_kinematics:/home/robomaven/ws/ws_moveit2/install/moveit_ros_planning:/home/robomaven/ws/ws_moveit2/install/moveit_ros_occupancy_map_monitor:/home/robomaven/ws/ws_moveit2/install/moveit_core:/home/robomaven/ws/ws_moveit2/install/rviz_marker_tools:/home/robomaven/ws/ws_moveit2/install/moveit_resources_panda_moveit_config:/home/robomaven/ws/ws_moveit2/install/moveit_configs_utils:/home/robomaven/ws/ws_moveit2/install/srdfdom:/home/robomaven/ws/ws_moveit2/install/moveit_task_constructor_msgs:/home/robomaven/ws/ws_moveit2/install/moveit_resources_panda_description:/home/robomaven/ws/ws_moveit2/install/moveit_common:/home/robomaven/ws/ws_moveit2/install/launch_param_builder:${AMENT_PREFIX_PATH} CMAKE_PREFIX_PATH=/home/robomaven/ws/ws_moveit2/install/moveit_task_constructor_capabilities:/home/robomaven/ws/ws_moveit2/install/moveit_task_constructor_core:/home/robomaven/ws/ws_moveit2/install/moveit_ros_planning_interface:/home/robomaven/ws/ws_moveit2/install/moveit_ros_move_group:/home/robomaven/ws/ws_moveit2/install/moveit_ros_warehouse:/home/robomaven/ws/ws_moveit2/install/moveit_kinematics:/home/robomaven/ws/ws_moveit2/install/moveit_ros_planning:/home/robomaven/ws/ws_moveit2/install/moveit_ros_occupancy_map_monitor:/home/robomaven/ws/ws_moveit2/install/moveit_core:/home/robomaven/ws/ws_moveit2/install/rviz_marker_tools:/home/robomaven/ws/ws_moveit2/install/moveit_resources_panda_moveit_config:/home/robomaven/ws/ws_moveit2/install/srdfdom:/home/robomaven/ws/ws_moveit2/install/moveit_task_constructor_msgs:/home/robomaven/ws/ws_moveit2/install/moveit_resources_panda_description:/home/robomaven/ws/ws_moveit2/install/moveit_common:/opt/ros/humble LD_LIBRARY_PATH=/home/robomaven/ws/ws_moveit2/install/moveit_task_constructor_capabilities/lib:/home/robomaven/ws/ws_moveit2/install/moveit_task_constructor_core/lib:/home/robomaven/ws/ws_moveit2/install/moveit_ros_planning_interface/lib:/home/robomaven/ws/ws_moveit2/install/moveit_ros_move_group/lib:/home/robomaven/ws/ws_moveit2/install/moveit_ros_warehouse/lib:/home/robomaven/ws/ws_moveit2/install/moveit_kinematics/lib:/home/robomaven/ws/ws_moveit2/install/moveit_ros_planning/lib:/home/robomaven/ws/ws_moveit2/install/moveit_ros_occupancy_map_monitor/lib:/home/robomaven/ws/ws_moveit2/install/moveit_core/lib:/home/robomaven/ws/ws_moveit2/install/rviz_marker_tools/lib:/home/robomaven/ws/ws_moveit2/install/srdfdom/lib:/home/robomaven/ws/ws_moveit2/install/moveit_task_constructor_msgs/lib:/usr/lib/x86_64-linux-gnu/gazebo-11/plugins:/opt/ros/humble/opt/rviz_ogre_vendor/lib:/opt/ros/humble/lib/x86_64-linux-gnu:/opt/ros/humble/lib:/usr/share/gazebo/../../lib/x86_64-linux-gnu/gazebo-11/plugins PATH=/home/robomaven/ws/ws_moveit2/install/moveit_core/bin:${PATH} PYTHONPATH=/home/robomaven/ws/ws_moveit2/install/moveit_configs_utils/lib/python3.10/site-packages:/home/robomaven/ws/ws_moveit2/install/srdfdom/local/lib/python3.10/dist-packages:/home/robomaven/ws/ws_moveit2/install/moveit_task_constructor_msgs/local/lib/python3.10/dist-packages:/home/robomaven/ws/ws_moveit2/install/launch_param_builder/lib/python3.10/site-packages:${PYTHONPATH} /usr/bin/cmake /home/robomaven/ws/ws_moveit2/moveit_task_constructor/demo -DCMAKE_BUILD_TYPE=Release -DCMAKE_INSTALL_PREFIX=/home/robomaven/ws/ws_moveit2/install/moveit_task_constructor_demo
[0.061s] -- The C compiler identification is GNU 11.4.0
[0.097s] -- The CXX compiler identification is GNU 11.4.0
[0.102s] -- Detecting C compiler ABI info
[0.154s] -- Detecting C compiler ABI info - done
[0.159s] -- Check for working C compiler: /usr/bin/cc - skipped
[0.159s] -- Detecting C compile features
[0.160s] -- Detecting C compile features - done
[0.162s] -- Detecting CXX compiler ABI info
[0.221s] -- Detecting CXX compiler ABI info - done
[0.226s] -- Check for working CXX compiler: /usr/bin/c++ - skipped
[0.226s] -- Detecting CXX compile features
[0.226s] -- Detecting CXX compile features - done
[0.229s] -- Found ament_cmake: 1.3.9 (/opt/ros/humble/share/ament_cmake/cmake)
[0.340s] -- Found Python3: /usr/bin/python3 (found version "3.10.12") found components: Interpreter 
[0.412s] -- Found generate_parameter_library: 0.3.8 (/opt/ros/humble/share/generate_parameter_library/cmake)
[0.416s] -- Found parameter_traits: 0.3.8 (/opt/ros/humble/share/parameter_traits/cmake)
[0.455s] -- Found rosidl_generator_c: 3.1.5 (/opt/ros/humble/share/rosidl_generator_c/cmake)
[0.459s] -- Found rosidl_adapter: 3.1.5 (/opt/ros/humble/share/rosidl_adapter/cmake)
[0.467s] -- Found rosidl_generator_cpp: 3.1.5 (/opt/ros/humble/share/rosidl_generator_cpp/cmake)
[0.480s] -- Using all available rosidl_typesupport_c: rosidl_typesupport_fastrtps_c;rosidl_typesupport_introspection_c
[0.495s] -- Using all available rosidl_typesupport_cpp: rosidl_typesupport_fastrtps_cpp;rosidl_typesupport_introspection_cpp
[0.548s] -- Found rmw_implementation_cmake: 6.1.2 (/opt/ros/humble/share/rmw_implementation_cmake/cmake)
[0.551s] -- Found rmw_cyclonedds_cpp: 1.3.4 (/opt/ros/humble/share/rmw_cyclonedds_cpp/cmake)
[0.577s] -- Using RMW implementation 'rmw_cyclonedds_cpp' as default
[0.586s] -- Looking for pthread.h
[0.641s] -- Looking for pthread.h - found
[0.641s] -- Performing Test CMAKE_HAVE_LIBC_PTHREAD
[0.698s] -- Performing Test CMAKE_HAVE_LIBC_PTHREAD - Success
[0.699s] -- Found Threads: TRUE  
[0.831s] -- Found rclcpp_lifecycle: 16.0.9 (/opt/ros/humble/share/rclcpp_lifecycle/cmake)
[0.860s] -- Found moveit_common: 2.5.5 (/home/robomaven/ws/ws_moveit2/install/moveit_common/share/moveit_common/cmake)
[0.910s] -- Found libdw: /usr/lib/x86_64-linux-gnu/libdw.so  
[0.914s] -- Could NOT find libbfd (missing: LIBBFD_LIBRARY LIBBFD_INCLUDE_DIR) 
[0.914s] -- BACKWARD_HAS_UNWIND=1
[0.914s] -- BACKWARD_HAS_BACKTRACE=0
[0.914s] -- BACKWARD_HAS_BACKTRACE_SYMBOL=0
[0.914s] -- BACKWARD_HAS_DW=1
[0.915s] -- BACKWARD_HAS_BFD=0
[0.915s] -- Found Backward: /opt/ros/humble/share/backward_ros/cmake  
[0.916s] -- Found moveit_core: 2.5.5 (/home/robomaven/ws/ws_moveit2/install/moveit_core/share/moveit_core/cmake)
[0.947s] -- Found Boost: /usr/lib/x86_64-linux-gnu/cmake/Boost-1.74.0/BoostConfig.cmake (found version "1.74.0") found components: chrono date_time filesystem iostreams program_options regex serialization system thread 
[0.981s] -- Found Boost: /usr/lib/x86_64-linux-gnu/cmake/Boost-1.74.0/BoostConfig.cmake (found version "1.74.0") found components: filesystem 
[1.083s] -- library: /usr/lib/x86_64-linux-gnu/libcurl.so
[1.304s] -- Found Eigen3: TRUE (found version "3.4.0") 
[1.304s] -- Ensuring Eigen3 include directory is part of orocos-kdl CMake target
[2.073s] -- Found moveit_ros_planning: 2.5.5 (/home/robomaven/ws/ws_moveit2/install/moveit_ros_planning/share/moveit_ros_planning/cmake)
[2.076s] -- Found Boost: /usr/lib/x86_64-linux-gnu/cmake/Boost-1.74.0/BoostConfig.cmake (found version "1.74.0") found components: system filesystem date_time program_options thread chrono 
[2.375s] -- Found moveit_ros_planning_interface: 2.5.5 (/home/robomaven/ws/ws_moveit2/install/moveit_ros_planning_interface/share/moveit_ros_planning_interface/cmake)
[2.379s] -- Found Boost: /usr/lib/x86_64-linux-gnu/cmake/Boost-1.74.0/BoostConfig.cmake (found version "1.74.0") found components: date_time filesystem program_options system thread 
[2.510s] -- Found Boost: /usr/lib/x86_64-linux-gnu/cmake/Boost-1.74.0/BoostConfig.cmake (found version "1.74.0") found components: thread system filesystem regex date_time program_options 
[2.718s] -- Found Boost: /usr/lib/x86_64-linux-gnu/cmake/Boost-1.74.0/BoostConfig.cmake (found version "1.74.0") found components: system filesystem date_time program_options thread 
[3.016s] -- Found moveit_task_constructor_core: 0.1.3 (/home/robomaven/ws/ws_moveit2/install/moveit_task_constructor_core/share/moveit_task_constructor_core/cmake)
[3.424s] -- Configuring done
[3.509s] -- Generating done
[3.511s] -- Build files have been written to: /home/robomaven/ws/ws_moveit2/build/moveit_task_constructor_demo
[3.525s] Invoked command in '/home/robomaven/ws/ws_moveit2/build/moveit_task_constructor_demo' returned '0': AMENT_PREFIX_PATH=/home/robomaven/ws/ws_moveit2/install/moveit_task_constructor_capabilities:/home/robomaven/ws/ws_moveit2/install/moveit_task_constructor_core:/home/robomaven/ws/ws_moveit2/install/moveit_ros_planning_interface:/home/robomaven/ws/ws_moveit2/install/moveit_ros_move_group:/home/robomaven/ws/ws_moveit2/install/moveit_ros_warehouse:/home/robomaven/ws/ws_moveit2/install/moveit_kinematics:/home/robomaven/ws/ws_moveit2/install/moveit_ros_planning:/home/robomaven/ws/ws_moveit2/install/moveit_ros_occupancy_map_monitor:/home/robomaven/ws/ws_moveit2/install/moveit_core:/home/robomaven/ws/ws_moveit2/install/rviz_marker_tools:/home/robomaven/ws/ws_moveit2/install/moveit_resources_panda_moveit_config:/home/robomaven/ws/ws_moveit2/install/moveit_configs_utils:/home/robomaven/ws/ws_moveit2/install/srdfdom:/home/robomaven/ws/ws_moveit2/install/moveit_task_constructor_msgs:/home/robomaven/ws/ws_moveit2/install/moveit_resources_panda_description:/home/robomaven/ws/ws_moveit2/install/moveit_common:/home/robomaven/ws/ws_moveit2/install/launch_param_builder:${AMENT_PREFIX_PATH} CMAKE_PREFIX_PATH=/home/robomaven/ws/ws_moveit2/install/moveit_task_constructor_capabilities:/home/robomaven/ws/ws_moveit2/install/moveit_task_constructor_core:/home/robomaven/ws/ws_moveit2/install/moveit_ros_planning_interface:/home/robomaven/ws/ws_moveit2/install/moveit_ros_move_group:/home/robomaven/ws/ws_moveit2/install/moveit_ros_warehouse:/home/robomaven/ws/ws_moveit2/install/moveit_kinematics:/home/robomaven/ws/ws_moveit2/install/moveit_ros_planning:/home/robomaven/ws/ws_moveit2/install/moveit_ros_occupancy_map_monitor:/home/robomaven/ws/ws_moveit2/install/moveit_core:/home/robomaven/ws/ws_moveit2/install/rviz_marker_tools:/home/robomaven/ws/ws_moveit2/install/moveit_resources_panda_moveit_config:/home/robomaven/ws/ws_moveit2/install/srdfdom:/home/robomaven/ws/ws_moveit2/install/moveit_task_constructor_msgs:/home/robomaven/ws/ws_moveit2/install/moveit_resources_panda_description:/home/robomaven/ws/ws_moveit2/install/moveit_common:/opt/ros/humble LD_LIBRARY_PATH=/home/robomaven/ws/ws_moveit2/install/moveit_task_constructor_capabilities/lib:/home/robomaven/ws/ws_moveit2/install/moveit_task_constructor_core/lib:/home/robomaven/ws/ws_moveit2/install/moveit_ros_planning_interface/lib:/home/robomaven/ws/ws_moveit2/install/moveit_ros_move_group/lib:/home/robomaven/ws/ws_moveit2/install/moveit_ros_warehouse/lib:/home/robomaven/ws/ws_moveit2/install/moveit_kinematics/lib:/home/robomaven/ws/ws_moveit2/install/moveit_ros_planning/lib:/home/robomaven/ws/ws_moveit2/install/moveit_ros_occupancy_map_monitor/lib:/home/robomaven/ws/ws_moveit2/install/moveit_core/lib:/home/robomaven/ws/ws_moveit2/install/rviz_marker_tools/lib:/home/robomaven/ws/ws_moveit2/install/srdfdom/lib:/home/robomaven/ws/ws_moveit2/install/moveit_task_constructor_msgs/lib:/usr/lib/x86_64-linux-gnu/gazebo-11/plugins:/opt/ros/humble/opt/rviz_ogre_vendor/lib:/opt/ros/humble/lib/x86_64-linux-gnu:/opt/ros/humble/lib:/usr/share/gazebo/../../lib/x86_64-linux-gnu/gazebo-11/plugins PATH=/home/robomaven/ws/ws_moveit2/install/moveit_core/bin:${PATH} PYTHONPATH=/home/robomaven/ws/ws_moveit2/install/moveit_configs_utils/lib/python3.10/site-packages:/home/robomaven/ws/ws_moveit2/install/srdfdom/local/lib/python3.10/dist-packages:/home/robomaven/ws/ws_moveit2/install/moveit_task_constructor_msgs/local/lib/python3.10/dist-packages:/home/robomaven/ws/ws_moveit2/install/launch_param_builder/lib/python3.10/site-packages:${PYTHONPATH} /usr/bin/cmake /home/robomaven/ws/ws_moveit2/moveit_task_constructor/demo -DCMAKE_BUILD_TYPE=Release -DCMAKE_INSTALL_PREFIX=/home/robomaven/ws/ws_moveit2/install/moveit_task_constructor_demo
[3.525s] Invoking command in '/home/robomaven/ws/ws_moveit2/build/moveit_task_constructor_demo': AMENT_PREFIX_PATH=/home/robomaven/ws/ws_moveit2/install/moveit_task_constructor_capabilities:/home/robomaven/ws/ws_moveit2/install/moveit_task_constructor_core:/home/robomaven/ws/ws_moveit2/install/moveit_ros_planning_interface:/home/robomaven/ws/ws_moveit2/install/moveit_ros_move_group:/home/robomaven/ws/ws_moveit2/install/moveit_ros_warehouse:/home/robomaven/ws/ws_moveit2/install/moveit_kinematics:/home/robomaven/ws/ws_moveit2/install/moveit_ros_planning:/home/robomaven/ws/ws_moveit2/install/moveit_ros_occupancy_map_monitor:/home/robomaven/ws/ws_moveit2/install/moveit_core:/home/robomaven/ws/ws_moveit2/install/rviz_marker_tools:/home/robomaven/ws/ws_moveit2/install/moveit_resources_panda_moveit_config:/home/robomaven/ws/ws_moveit2/install/moveit_configs_utils:/home/robomaven/ws/ws_moveit2/install/srdfdom:/home/robomaven/ws/ws_moveit2/install/moveit_task_constructor_msgs:/home/robomaven/ws/ws_moveit2/install/moveit_resources_panda_description:/home/robomaven/ws/ws_moveit2/install/moveit_common:/home/robomaven/ws/ws_moveit2/install/launch_param_builder:${AMENT_PREFIX_PATH} CMAKE_PREFIX_PATH=/home/robomaven/ws/ws_moveit2/install/moveit_task_constructor_capabilities:/home/robomaven/ws/ws_moveit2/install/moveit_task_constructor_core:/home/robomaven/ws/ws_moveit2/install/moveit_ros_planning_interface:/home/robomaven/ws/ws_moveit2/install/moveit_ros_move_group:/home/robomaven/ws/ws_moveit2/install/moveit_ros_warehouse:/home/robomaven/ws/ws_moveit2/install/moveit_kinematics:/home/robomaven/ws/ws_moveit2/install/moveit_ros_planning:/home/robomaven/ws/ws_moveit2/install/moveit_ros_occupancy_map_monitor:/home/robomaven/ws/ws_moveit2/install/moveit_core:/home/robomaven/ws/ws_moveit2/install/rviz_marker_tools:/home/robomaven/ws/ws_moveit2/install/moveit_resources_panda_moveit_config:/home/robomaven/ws/ws_moveit2/install/srdfdom:/home/robomaven/ws/ws_moveit2/install/moveit_task_constructor_msgs:/home/robomaven/ws/ws_moveit2/install/moveit_resources_panda_description:/home/robomaven/ws/ws_moveit2/install/moveit_common:/opt/ros/humble LD_LIBRARY_PATH=/home/robomaven/ws/ws_moveit2/install/moveit_task_constructor_capabilities/lib:/home/robomaven/ws/ws_moveit2/install/moveit_task_constructor_core/lib:/home/robomaven/ws/ws_moveit2/install/moveit_ros_planning_interface/lib:/home/robomaven/ws/ws_moveit2/install/moveit_ros_move_group/lib:/home/robomaven/ws/ws_moveit2/install/moveit_ros_warehouse/lib:/home/robomaven/ws/ws_moveit2/install/moveit_kinematics/lib:/home/robomaven/ws/ws_moveit2/install/moveit_ros_planning/lib:/home/robomaven/ws/ws_moveit2/install/moveit_ros_occupancy_map_monitor/lib:/home/robomaven/ws/ws_moveit2/install/moveit_core/lib:/home/robomaven/ws/ws_moveit2/install/rviz_marker_tools/lib:/home/robomaven/ws/ws_moveit2/install/srdfdom/lib:/home/robomaven/ws/ws_moveit2/install/moveit_task_constructor_msgs/lib:/usr/lib/x86_64-linux-gnu/gazebo-11/plugins:/opt/ros/humble/opt/rviz_ogre_vendor/lib:/opt/ros/humble/lib/x86_64-linux-gnu:/opt/ros/humble/lib:/usr/share/gazebo/../../lib/x86_64-linux-gnu/gazebo-11/plugins PATH=/home/robomaven/ws/ws_moveit2/install/moveit_core/bin:${PATH} PYTHONPATH=/home/robomaven/ws/ws_moveit2/install/moveit_configs_utils/lib/python3.10/site-packages:/home/robomaven/ws/ws_moveit2/install/srdfdom/local/lib/python3.10/dist-packages:/home/robomaven/ws/ws_moveit2/install/moveit_task_constructor_msgs/local/lib/python3.10/dist-packages:/home/robomaven/ws/ws_moveit2/install/launch_param_builder/lib/python3.10/site-packages:${PYTHONPATH} /usr/bin/cmake --build /home/robomaven/ws/ws_moveit2/build/moveit_task_constructor_demo -- -j20 -l20
[3.567s] [  6%] [34m[1mRunning `/opt/ros/humble/bin/generate_parameter_library_cpp /home/robomaven/ws/ws_moveit2/build/moveit_task_constructor_demo/pick_place_demo_parameters/include//pick_place_demo_parameters.hpp /home/robomaven/ws/ws_moveit2/moveit_task_constructor/demo/src/pick_place_demo_parameters.yaml `[0m
[3.568s] [ 18%] [32mBuilding CXX object CMakeFiles/moveit_task_constructor_demo_modular.dir/src/modular.cpp.o[0m
[3.569s] [ 18%] [34m[1mRunning `/opt/ros/humble/bin/generate_parameter_library_cpp /home/robomaven/ws/ws_moveit2/build/moveit_task_constructor_demo/ik_clearance_cost_parameters/include//ik_clearance_cost_parameters.hpp /home/robomaven/ws/ws_moveit2/moveit_task_constructor/demo/src/ik_clearance_cost_parameters.yaml `[0m
[3.569s] [ 25%] [32mBuilding CXX object CMakeFiles/moveit_task_constructor_demo_cartesian.dir/src/cartesian.cpp.o[0m
[3.572s] [ 31%] [32mBuilding CXX object CMakeFiles/moveit_task_constructor_demo_alternative_path_costs.dir/src/alternative_path_costs.cpp.o[0m
[3.581s] [ 37%] [32mBuilding CXX object CMakeFiles/moveit_task_constructor_demo_fallbacks_move_to.dir/src/fallbacks_move_to.cpp.o[0m
[3.704s] [ 37%] Built target ik_clearance_cost_parameters
[3.719s] [ 43%] [32mBuilding CXX object CMakeFiles/moveit_task_constructor_demo_ik_clearance_cost.dir/src/ik_clearance_cost.cpp.o[0m
[4.070s] [ 43%] Built target pick_place_demo_parameters
[4.097s] [ 50%] [32mBuilding CXX object CMakeFiles/moveit_task_constructor_demo_pick_place_task.dir/src/pick_place_task.cpp.o[0m
[17.404s] [ 56%] [32m[1mLinking CXX executable alternative_path_costs[0m
[17.958s] [ 56%] Built target moveit_task_constructor_demo_alternative_path_costs
[18.176s] [ 62%] [32m[1mLinking CXX executable modular[0m
[18.509s] [ 62%] Built target moveit_task_constructor_demo_modular
[19.216s] [ 68%] [32m[1mLinking CXX executable cartesian[0m
[19.544s] [ 75%] [32m[1mLinking CXX executable fallbacks_move_to[0m
[19.742s] [ 75%] Built target moveit_task_constructor_demo_cartesian
[20.057s] [ 75%] Built target moveit_task_constructor_demo_fallbacks_move_to
[20.791s] [ 81%] [32m[1mLinking CXX shared library libmoveit_task_constructor_demo_pick_place_task.so[0m
[20.951s] [ 87%] [32m[1mLinking CXX executable ik_clearance_cost[0m
[20.972s] [ 87%] Built target moveit_task_constructor_demo_pick_place_task
[21.002s] [ 93%] [32mBuilding CXX object CMakeFiles/moveit_task_constructor_demo_pick_place_demo.dir/src/pick_place_demo.cpp.o[0m
[21.226s] [ 93%] Built target moveit_task_constructor_demo_ik_clearance_cost
[30.194s] [100%] [32m[1mLinking CXX executable pick_place_demo[0m
[30.517s] [100%] Built target moveit_task_constructor_demo_pick_place_demo
[30.528s] Invoked command in '/home/robomaven/ws/ws_moveit2/build/moveit_task_constructor_demo' returned '0': AMENT_PREFIX_PATH=/home/robomaven/ws/ws_moveit2/install/moveit_task_constructor_capabilities:/home/robomaven/ws/ws_moveit2/install/moveit_task_constructor_core:/home/robomaven/ws/ws_moveit2/install/moveit_ros_planning_interface:/home/robomaven/ws/ws_moveit2/install/moveit_ros_move_group:/home/robomaven/ws/ws_moveit2/install/moveit_ros_warehouse:/home/robomaven/ws/ws_moveit2/install/moveit_kinematics:/home/robomaven/ws/ws_moveit2/install/moveit_ros_planning:/home/robomaven/ws/ws_moveit2/install/moveit_ros_occupancy_map_monitor:/home/robomaven/ws/ws_moveit2/install/moveit_core:/home/robomaven/ws/ws_moveit2/install/rviz_marker_tools:/home/robomaven/ws/ws_moveit2/install/moveit_resources_panda_moveit_config:/home/robomaven/ws/ws_moveit2/install/moveit_configs_utils:/home/robomaven/ws/ws_moveit2/install/srdfdom:/home/robomaven/ws/ws_moveit2/install/moveit_task_constructor_msgs:/home/robomaven/ws/ws_moveit2/install/moveit_resources_panda_description:/home/robomaven/ws/ws_moveit2/install/moveit_common:/home/robomaven/ws/ws_moveit2/install/launch_param_builder:${AMENT_PREFIX_PATH} CMAKE_PREFIX_PATH=/home/robomaven/ws/ws_moveit2/install/moveit_task_constructor_capabilities:/home/robomaven/ws/ws_moveit2/install/moveit_task_constructor_core:/home/robomaven/ws/ws_moveit2/install/moveit_ros_planning_interface:/home/robomaven/ws/ws_moveit2/install/moveit_ros_move_group:/home/robomaven/ws/ws_moveit2/install/moveit_ros_warehouse:/home/robomaven/ws/ws_moveit2/install/moveit_kinematics:/home/robomaven/ws/ws_moveit2/install/moveit_ros_planning:/home/robomaven/ws/ws_moveit2/install/moveit_ros_occupancy_map_monitor:/home/robomaven/ws/ws_moveit2/install/moveit_core:/home/robomaven/ws/ws_moveit2/install/rviz_marker_tools:/home/robomaven/ws/ws_moveit2/install/moveit_resources_panda_moveit_config:/home/robomaven/ws/ws_moveit2/install/srdfdom:/home/robomaven/ws/ws_moveit2/install/moveit_task_constructor_msgs:/home/robomaven/ws/ws_moveit2/install/moveit_resources_panda_description:/home/robomaven/ws/ws_moveit2/install/moveit_common:/opt/ros/humble LD_LIBRARY_PATH=/home/robomaven/ws/ws_moveit2/install/moveit_task_constructor_capabilities/lib:/home/robomaven/ws/ws_moveit2/install/moveit_task_constructor_core/lib:/home/robomaven/ws/ws_moveit2/install/moveit_ros_planning_interface/lib:/home/robomaven/ws/ws_moveit2/install/moveit_ros_move_group/lib:/home/robomaven/ws/ws_moveit2/install/moveit_ros_warehouse/lib:/home/robomaven/ws/ws_moveit2/install/moveit_kinematics/lib:/home/robomaven/ws/ws_moveit2/install/moveit_ros_planning/lib:/home/robomaven/ws/ws_moveit2/install/moveit_ros_occupancy_map_monitor/lib:/home/robomaven/ws/ws_moveit2/install/moveit_core/lib:/home/robomaven/ws/ws_moveit2/install/rviz_marker_tools/lib:/home/robomaven/ws/ws_moveit2/install/srdfdom/lib:/home/robomaven/ws/ws_moveit2/install/moveit_task_constructor_msgs/lib:/usr/lib/x86_64-linux-gnu/gazebo-11/plugins:/opt/ros/humble/opt/rviz_ogre_vendor/lib:/opt/ros/humble/lib/x86_64-linux-gnu:/opt/ros/humble/lib:/usr/share/gazebo/../../lib/x86_64-linux-gnu/gazebo-11/plugins PATH=/home/robomaven/ws/ws_moveit2/install/moveit_core/bin:${PATH} PYTHONPATH=/home/robomaven/ws/ws_moveit2/install/moveit_configs_utils/lib/python3.10/site-packages:/home/robomaven/ws/ws_moveit2/install/srdfdom/local/lib/python3.10/dist-packages:/home/robomaven/ws/ws_moveit2/install/moveit_task_constructor_msgs/local/lib/python3.10/dist-packages:/home/robomaven/ws/ws_moveit2/install/launch_param_builder/lib/python3.10/site-packages:${PYTHONPATH} /usr/bin/cmake --build /home/robomaven/ws/ws_moveit2/build/moveit_task_constructor_demo -- -j20 -l20
[30.577s] Invoking command in '/home/robomaven/ws/ws_moveit2/build/moveit_task_constructor_demo': AMENT_PREFIX_PATH=/home/robomaven/ws/ws_moveit2/install/moveit_task_constructor_capabilities:/home/robomaven/ws/ws_moveit2/install/moveit_task_constructor_core:/home/robomaven/ws/ws_moveit2/install/moveit_ros_planning_interface:/home/robomaven/ws/ws_moveit2/install/moveit_ros_move_group:/home/robomaven/ws/ws_moveit2/install/moveit_ros_warehouse:/home/robomaven/ws/ws_moveit2/install/moveit_kinematics:/home/robomaven/ws/ws_moveit2/install/moveit_ros_planning:/home/robomaven/ws/ws_moveit2/install/moveit_ros_occupancy_map_monitor:/home/robomaven/ws/ws_moveit2/install/moveit_core:/home/robomaven/ws/ws_moveit2/install/rviz_marker_tools:/home/robomaven/ws/ws_moveit2/install/moveit_resources_panda_moveit_config:/home/robomaven/ws/ws_moveit2/install/moveit_configs_utils:/home/robomaven/ws/ws_moveit2/install/srdfdom:/home/robomaven/ws/ws_moveit2/install/moveit_task_constructor_msgs:/home/robomaven/ws/ws_moveit2/install/moveit_resources_panda_description:/home/robomaven/ws/ws_moveit2/install/moveit_common:/home/robomaven/ws/ws_moveit2/install/launch_param_builder:${AMENT_PREFIX_PATH} CMAKE_PREFIX_PATH=/home/robomaven/ws/ws_moveit2/install/moveit_task_constructor_capabilities:/home/robomaven/ws/ws_moveit2/install/moveit_task_constructor_core:/home/robomaven/ws/ws_moveit2/install/moveit_ros_planning_interface:/home/robomaven/ws/ws_moveit2/install/moveit_ros_move_group:/home/robomaven/ws/ws_moveit2/install/moveit_ros_warehouse:/home/robomaven/ws/ws_moveit2/install/moveit_kinematics:/home/robomaven/ws/ws_moveit2/install/moveit_ros_planning:/home/robomaven/ws/ws_moveit2/install/moveit_ros_occupancy_map_monitor:/home/robomaven/ws/ws_moveit2/install/moveit_core:/home/robomaven/ws/ws_moveit2/install/rviz_marker_tools:/home/robomaven/ws/ws_moveit2/install/moveit_resources_panda_moveit_config:/home/robomaven/ws/ws_moveit2/install/srdfdom:/home/robomaven/ws/ws_moveit2/install/moveit_task_constructor_msgs:/home/robomaven/ws/ws_moveit2/install/moveit_resources_panda_description:/home/robomaven/ws/ws_moveit2/install/moveit_common:/opt/ros/humble LD_LIBRARY_PATH=/home/robomaven/ws/ws_moveit2/install/moveit_task_constructor_capabilities/lib:/home/robomaven/ws/ws_moveit2/install/moveit_task_constructor_core/lib:/home/robomaven/ws/ws_moveit2/install/moveit_ros_planning_interface/lib:/home/robomaven/ws/ws_moveit2/install/moveit_ros_move_group/lib:/home/robomaven/ws/ws_moveit2/install/moveit_ros_warehouse/lib:/home/robomaven/ws/ws_moveit2/install/moveit_kinematics/lib:/home/robomaven/ws/ws_moveit2/install/moveit_ros_planning/lib:/home/robomaven/ws/ws_moveit2/install/moveit_ros_occupancy_map_monitor/lib:/home/robomaven/ws/ws_moveit2/install/moveit_core/lib:/home/robomaven/ws/ws_moveit2/install/rviz_marker_tools/lib:/home/robomaven/ws/ws_moveit2/install/srdfdom/lib:/home/robomaven/ws/ws_moveit2/install/moveit_task_constructor_msgs/lib:/usr/lib/x86_64-linux-gnu/gazebo-11/plugins:/opt/ros/humble/opt/rviz_ogre_vendor/lib:/opt/ros/humble/lib/x86_64-linux-gnu:/opt/ros/humble/lib:/usr/share/gazebo/../../lib/x86_64-linux-gnu/gazebo-11/plugins PATH=/home/robomaven/ws/ws_moveit2/install/moveit_core/bin:${PATH} PYTHONPATH=/home/robomaven/ws/ws_moveit2/install/moveit_configs_utils/lib/python3.10/site-packages:/home/robomaven/ws/ws_moveit2/install/srdfdom/local/lib/python3.10/dist-packages:/home/robomaven/ws/ws_moveit2/install/moveit_task_constructor_msgs/local/lib/python3.10/dist-packages:/home/robomaven/ws/ws_moveit2/install/launch_param_builder/lib/python3.10/site-packages:${PYTHONPATH} /usr/bin/cmake --install /home/robomaven/ws/ws_moveit2/build/moveit_task_constructor_demo
[30.587s] -- Install configuration: "Release"
[30.588s] -- Installing: /home/robomaven/ws/ws_moveit2/install/moveit_task_constructor_demo/lib/libmoveit_task_constructor_demo_pick_place_task.so
[30.588s] -- Set runtime path of "/home/robomaven/ws/ws_moveit2/install/moveit_task_constructor_demo/lib/libmoveit_task_constructor_demo_pick_place_task.so" to ""
[30.588s] -- Installing: /home/robomaven/ws/ws_moveit2/install/moveit_task_constructor_demo/lib/moveit_task_constructor_demo/cartesian
[30.589s] -- Set runtime path of "/home/robomaven/ws/ws_moveit2/install/moveit_task_constructor_demo/lib/moveit_task_constructor_demo/cartesian" to ""
[30.589s] -- Installing: /home/robomaven/ws/ws_moveit2/install/moveit_task_constructor_demo/lib/moveit_task_constructor_demo/modular
[30.590s] -- Set runtime path of "/home/robomaven/ws/ws_moveit2/install/moveit_task_constructor_demo/lib/moveit_task_constructor_demo/modular" to ""
[30.590s] -- Installing: /home/robomaven/ws/ws_moveit2/install/moveit_task_constructor_demo/lib/moveit_task_constructor_demo/alternative_path_costs
[30.590s] -- Set runtime path of "/home/robomaven/ws/ws_moveit2/install/moveit_task_constructor_demo/lib/moveit_task_constructor_demo/alternative_path_costs" to ""
[30.590s] -- Installing: /home/robomaven/ws/ws_moveit2/install/moveit_task_constructor_demo/include/ik_clearance_cost_parameters
[30.590s] -- Installing: /home/robomaven/ws/ws_moveit2/install/moveit_task_constructor_demo/include/ik_clearance_cost_parameters/ik_clearance_cost_parameters.hpp
[30.590s] -- Installing: /home/robomaven/ws/ws_moveit2/install/moveit_task_constructor_demo/lib/moveit_task_constructor_demo/ik_clearance_cost
[30.591s] -- Set runtime path of "/home/robomaven/ws/ws_moveit2/install/moveit_task_constructor_demo/lib/moveit_task_constructor_demo/ik_clearance_cost" to ""
[30.591s] -- Installing: /home/robomaven/ws/ws_moveit2/install/moveit_task_constructor_demo/lib/moveit_task_constructor_demo/fallbacks_move_to
[30.591s] -- Set runtime path of "/home/robomaven/ws/ws_moveit2/install/moveit_task_constructor_demo/lib/moveit_task_constructor_demo/fallbacks_move_to" to ""
[30.591s] -- Installing: /home/robomaven/ws/ws_moveit2/install/moveit_task_constructor_demo/include/pick_place_demo_parameters
[30.592s] -- Installing: /home/robomaven/ws/ws_moveit2/install/moveit_task_constructor_demo/include/pick_place_demo_parameters/pick_place_demo_parameters.hpp
[30.592s] -- Installing: /home/robomaven/ws/ws_moveit2/install/moveit_task_constructor_demo/lib/moveit_task_constructor_demo/pick_place_demo
[30.592s] -- Set runtime path of "/home/robomaven/ws/ws_moveit2/install/moveit_task_constructor_demo/lib/moveit_task_constructor_demo/pick_place_demo" to ""
[30.592s] -- Installing: /home/robomaven/ws/ws_moveit2/install/moveit_task_constructor_demo/share/moveit_task_constructor_demo/launch
[30.593s] -- Installing: /home/robomaven/ws/ws_moveit2/install/moveit_task_constructor_demo/share/moveit_task_constructor_demo/launch/cartesian.launch.py
[30.593s] -- Installing: /home/robomaven/ws/ws_moveit2/install/moveit_task_constructor_demo/share/moveit_task_constructor_demo/launch/fallbacks_move_to.launch.py
[30.593s] -- Installing: /home/robomaven/ws/ws_moveit2/install/moveit_task_constructor_demo/share/moveit_task_constructor_demo/launch/alternative_path_costs.launch.py
[30.593s] -- Installing: /home/robomaven/ws/ws_moveit2/install/moveit_task_constructor_demo/share/moveit_task_constructor_demo/launch/pickplace.launch.py
[30.593s] -- Installing: /home/robomaven/ws/ws_moveit2/install/moveit_task_constructor_demo/share/moveit_task_constructor_demo/launch/modular.launch.py
[30.594s] -- Installing: /home/robomaven/ws/ws_moveit2/install/moveit_task_constructor_demo/share/moveit_task_constructor_demo/launch/ik_clearance_cost.launch.py
[30.594s] -- Installing: /home/robomaven/ws/ws_moveit2/install/moveit_task_constructor_demo/share/moveit_task_constructor_demo/launch/demo.launch.py
[30.594s] -- Installing: /home/robomaven/ws/ws_moveit2/install/moveit_task_constructor_demo/share/moveit_task_constructor_demo/config
[30.594s] -- Installing: /home/robomaven/ws/ws_moveit2/install/moveit_task_constructor_demo/share/moveit_task_constructor_demo/config/mtc.rviz
[30.594s] -- Installing: /home/robomaven/ws/ws_moveit2/install/moveit_task_constructor_demo/share/moveit_task_constructor_demo/config/panda_config.yaml
[30.595s] -- Installing: /home/robomaven/ws/ws_moveit2/install/moveit_task_constructor_demo/share/ament_index/resource_index/package_run_dependencies/moveit_task_constructor_demo
[30.595s] -- Installing: /home/robomaven/ws/ws_moveit2/install/moveit_task_constructor_demo/share/ament_index/resource_index/parent_prefix_path/moveit_task_constructor_demo
[30.595s] -- Installing: /home/robomaven/ws/ws_moveit2/install/moveit_task_constructor_demo/share/moveit_task_constructor_demo/environment/ament_prefix_path.sh
[30.595s] -- Installing: /home/robomaven/ws/ws_moveit2/install/moveit_task_constructor_demo/share/moveit_task_constructor_demo/environment/ament_prefix_path.dsv
[30.595s] -- Installing: /home/robomaven/ws/ws_moveit2/install/moveit_task_constructor_demo/share/moveit_task_constructor_demo/environment/path.sh
[30.596s] -- Installing: /home/robomaven/ws/ws_moveit2/install/moveit_task_constructor_demo/share/moveit_task_constructor_demo/environment/path.dsv
[30.596s] -- Installing: /home/robomaven/ws/ws_moveit2/install/moveit_task_constructor_demo/share/moveit_task_constructor_demo/local_setup.bash
[30.596s] -- Installing: /home/robomaven/ws/ws_moveit2/install/moveit_task_constructor_demo/share/moveit_task_constructor_demo/local_setup.sh
[30.596s] -- Installing: /home/robomaven/ws/ws_moveit2/install/moveit_task_constructor_demo/share/moveit_task_constructor_demo/local_setup.zsh
[30.596s] -- Installing: /home/robomaven/ws/ws_moveit2/install/moveit_task_constructor_demo/share/moveit_task_constructor_demo/local_setup.dsv
[30.596s] -- Installing: /home/robomaven/ws/ws_moveit2/install/moveit_task_constructor_demo/share/moveit_task_constructor_demo/package.dsv
[30.596s] -- Installing: /home/robomaven/ws/ws_moveit2/install/moveit_task_constructor_demo/share/ament_index/resource_index/packages/moveit_task_constructor_demo
[30.597s] -- Installing: /home/robomaven/ws/ws_moveit2/install/moveit_task_constructor_demo/share/moveit_task_constructor_demo/cmake/moveit_task_constructor_demoConfig.cmake
[30.597s] -- Installing: /home/robomaven/ws/ws_moveit2/install/moveit_task_constructor_demo/share/moveit_task_constructor_demo/cmake/moveit_task_constructor_demoConfig-version.cmake
[30.597s] -- Installing: /home/robomaven/ws/ws_moveit2/install/moveit_task_constructor_demo/share/moveit_task_constructor_demo/package.xml
[30.600s] Invoked command in '/home/robomaven/ws/ws_moveit2/build/moveit_task_constructor_demo' returned '0': AMENT_PREFIX_PATH=/home/robomaven/ws/ws_moveit2/install/moveit_task_constructor_capabilities:/home/robomaven/ws/ws_moveit2/install/moveit_task_constructor_core:/home/robomaven/ws/ws_moveit2/install/moveit_ros_planning_interface:/home/robomaven/ws/ws_moveit2/install/moveit_ros_move_group:/home/robomaven/ws/ws_moveit2/install/moveit_ros_warehouse:/home/robomaven/ws/ws_moveit2/install/moveit_kinematics:/home/robomaven/ws/ws_moveit2/install/moveit_ros_planning:/home/robomaven/ws/ws_moveit2/install/moveit_ros_occupancy_map_monitor:/home/robomaven/ws/ws_moveit2/install/moveit_core:/home/robomaven/ws/ws_moveit2/install/rviz_marker_tools:/home/robomaven/ws/ws_moveit2/install/moveit_resources_panda_moveit_config:/home/robomaven/ws/ws_moveit2/install/moveit_configs_utils:/home/robomaven/ws/ws_moveit2/install/srdfdom:/home/robomaven/ws/ws_moveit2/install/moveit_task_constructor_msgs:/home/robomaven/ws/ws_moveit2/install/moveit_resources_panda_description:/home/robomaven/ws/ws_moveit2/install/moveit_common:/home/robomaven/ws/ws_moveit2/install/launch_param_builder:${AMENT_PREFIX_PATH} CMAKE_PREFIX_PATH=/home/robomaven/ws/ws_moveit2/install/moveit_task_constructor_capabilities:/home/robomaven/ws/ws_moveit2/install/moveit_task_constructor_core:/home/robomaven/ws/ws_moveit2/install/moveit_ros_planning_interface:/home/robomaven/ws/ws_moveit2/install/moveit_ros_move_group:/home/robomaven/ws/ws_moveit2/install/moveit_ros_warehouse:/home/robomaven/ws/ws_moveit2/install/moveit_kinematics:/home/robomaven/ws/ws_moveit2/install/moveit_ros_planning:/home/robomaven/ws/ws_moveit2/install/moveit_ros_occupancy_map_monitor:/home/robomaven/ws/ws_moveit2/install/moveit_core:/home/robomaven/ws/ws_moveit2/install/rviz_marker_tools:/home/robomaven/ws/ws_moveit2/install/moveit_resources_panda_moveit_config:/home/robomaven/ws/ws_moveit2/install/srdfdom:/home/robomaven/ws/ws_moveit2/install/moveit_task_constructor_msgs:/home/robomaven/ws/ws_moveit2/install/moveit_resources_panda_description:/home/robomaven/ws/ws_moveit2/install/moveit_common:/opt/ros/humble LD_LIBRARY_PATH=/home/robomaven/ws/ws_moveit2/install/moveit_task_constructor_capabilities/lib:/home/robomaven/ws/ws_moveit2/install/moveit_task_constructor_core/lib:/home/robomaven/ws/ws_moveit2/install/moveit_ros_planning_interface/lib:/home/robomaven/ws/ws_moveit2/install/moveit_ros_move_group/lib:/home/robomaven/ws/ws_moveit2/install/moveit_ros_warehouse/lib:/home/robomaven/ws/ws_moveit2/install/moveit_kinematics/lib:/home/robomaven/ws/ws_moveit2/install/moveit_ros_planning/lib:/home/robomaven/ws/ws_moveit2/install/moveit_ros_occupancy_map_monitor/lib:/home/robomaven/ws/ws_moveit2/install/moveit_core/lib:/home/robomaven/ws/ws_moveit2/install/rviz_marker_tools/lib:/home/robomaven/ws/ws_moveit2/install/srdfdom/lib:/home/robomaven/ws/ws_moveit2/install/moveit_task_constructor_msgs/lib:/usr/lib/x86_64-linux-gnu/gazebo-11/plugins:/opt/ros/humble/opt/rviz_ogre_vendor/lib:/opt/ros/humble/lib/x86_64-linux-gnu:/opt/ros/humble/lib:/usr/share/gazebo/../../lib/x86_64-linux-gnu/gazebo-11/plugins PATH=/home/robomaven/ws/ws_moveit2/install/moveit_core/bin:${PATH} PYTHONPATH=/home/robomaven/ws/ws_moveit2/install/moveit_configs_utils/lib/python3.10/site-packages:/home/robomaven/ws/ws_moveit2/install/srdfdom/local/lib/python3.10/dist-packages:/home/robomaven/ws/ws_moveit2/install/moveit_task_constructor_msgs/local/lib/python3.10/dist-packages:/home/robomaven/ws/ws_moveit2/install/launch_param_builder/lib/python3.10/site-packages:${PYTHONPATH} /usr/bin/cmake --install /home/robomaven/ws/ws_moveit2/build/moveit_task_constructor_demo
