[0.009s] Invoking command in '/home/robomaven/ws/project1_ws/build/turtlebot3_fake_node': CMAKE_PREFIX_PATH=${CMAKE_PREFIX_PATH}:/opt/ros/humble /usr/bin/cmake /home/robomaven/ws/project1_ws/src/turtlebot3_fake_node -DCMAKE_INSTALL_PREFIX=/home/robomaven/ws/project1_ws/install/turtlebot3_fake_node
[0.081s] -- The C compiler identification is GNU 11.4.0
[0.140s] -- The CXX compiler identification is GNU 11.4.0
[0.147s] -- Detecting C compiler ABI info
[0.196s] -- Detecting C compiler ABI info - done
[0.202s] -- Check for working C compiler: /usr/bin/cc - skipped
[0.203s] -- Detecting C compile features
[0.203s] -- Detecting C compile features - done
[0.206s] -- Detecting CXX compiler ABI info
[0.258s] -- Detecting CXX compiler ABI info - done
[0.264s] -- Check for working CXX compiler: /usr/bin/c++ - skipped
[0.264s] -- Detecting CXX compile features
[0.264s] -- Detecting CXX compile features - done
[0.267s] -- Found ament_cmake: 1.3.9 (/opt/ros/humble/share/ament_cmake/cmake)
[0.373s] -- Found Python3: /usr/bin/python3 (found version "3.10.12") found components: Interpreter 
[0.442s] -- Found geometry_msgs: 4.2.4 (/opt/ros/humble/share/geometry_msgs/cmake)
[0.478s] -- Found rosidl_generator_c: 3.1.5 (/opt/ros/humble/share/rosidl_generator_c/cmake)
[0.483s] -- Found rosidl_adapter: 3.1.5 (/opt/ros/humble/share/rosidl_adapter/cmake)
[0.491s] -- Found rosidl_generator_cpp: 3.1.5 (/opt/ros/humble/share/rosidl_generator_cpp/cmake)
[0.504s] -- Using all available rosidl_typesupport_c: rosidl_typesupport_fastrtps_c;rosidl_typesupport_introspection_c
[0.521s] -- Using all available rosidl_typesupport_cpp: rosidl_typesupport_fastrtps_cpp;rosidl_typesupport_introspection_cpp
[0.609s] -- Found nav_msgs: 4.2.4 (/opt/ros/humble/share/nav_msgs/cmake)
[0.669s] -- Found rclcpp: 16.0.9 (/opt/ros/humble/share/rclcpp/cmake)
[0.718s] -- Found rmw_implementation_cmake: 6.1.2 (/opt/ros/humble/share/rmw_implementation_cmake/cmake)
[0.720s] -- Found rmw_cyclonedds_cpp: 1.3.4 (/opt/ros/humble/share/rmw_cyclonedds_cpp/cmake)
[0.749s] -- Using RMW implementation 'rmw_cyclonedds_cpp' as default
[0.757s] -- Looking for pthread.h
[0.807s] -- Looking for pthread.h - found
[0.807s] -- Performing Test CMAKE_HAVE_LIBC_PTHREAD
[0.859s] -- Performing Test CMAKE_HAVE_LIBC_PTHREAD - Success
[0.859s] -- Found Threads: TRUE  
[0.954s] -- Found sensor_msgs: 4.2.4 (/opt/ros/humble/share/sensor_msgs/cmake)
[1.015s] -- Found tf2: 0.25.7 (/opt/ros/humble/share/tf2/cmake)
[1.027s] -- Found tf2_msgs: 0.25.7 (/opt/ros/humble/share/tf2_msgs/cmake)
[1.134s] -- Found turtlebot3_msgs: 2.2.3 (/opt/ros/humble/share/turtlebot3_msgs/cmake)
[1.234s] -- Configuring done
[1.242s] -- Generating done
[1.243s] -- Build files have been written to: /home/robomaven/ws/project1_ws/build/turtlebot3_fake_node
[1.249s] Invoked command in '/home/robomaven/ws/project1_ws/build/turtlebot3_fake_node' returned '0': CMAKE_PREFIX_PATH=${CMAKE_PREFIX_PATH}:/opt/ros/humble /usr/bin/cmake /home/robomaven/ws/project1_ws/src/turtlebot3_fake_node -DCMAKE_INSTALL_PREFIX=/home/robomaven/ws/project1_ws/install/turtlebot3_fake_node
[1.250s] Invoking command in '/home/robomaven/ws/project1_ws/build/turtlebot3_fake_node': CMAKE_PREFIX_PATH=${CMAKE_PREFIX_PATH}:/opt/ros/humble /usr/bin/cmake --build /home/robomaven/ws/project1_ws/build/turtlebot3_fake_node -- -j20 -l20
[1.284s] [ 50%] [32mBuilding CXX object CMakeFiles/turtlebot3_fake_node.dir/src/turtlebot3_fake_node.cpp.o[0m
[8.264s] [100%] [32m[1mLinking CXX executable turtlebot3_fake_node[0m
[8.681s] [100%] Built target turtlebot3_fake_node
[8.694s] Invoked command in '/home/robomaven/ws/project1_ws/build/turtlebot3_fake_node' returned '0': CMAKE_PREFIX_PATH=${CMAKE_PREFIX_PATH}:/opt/ros/humble /usr/bin/cmake --build /home/robomaven/ws/project1_ws/build/turtlebot3_fake_node -- -j20 -l20
[8.720s] Invoking command in '/home/robomaven/ws/project1_ws/build/turtlebot3_fake_node': CMAKE_PREFIX_PATH=${CMAKE_PREFIX_PATH}:/opt/ros/humble /usr/bin/cmake --install /home/robomaven/ws/project1_ws/build/turtlebot3_fake_node
[8.725s] -- Install configuration: ""
[8.725s] -- Installing: /home/robomaven/ws/project1_ws/install/turtlebot3_fake_node/lib/turtlebot3_fake_node/turtlebot3_fake_node
[8.728s] -- Set runtime path of "/home/robomaven/ws/project1_ws/install/turtlebot3_fake_node/lib/turtlebot3_fake_node/turtlebot3_fake_node" to ""
[8.728s] -- Installing: /home/robomaven/ws/project1_ws/install/turtlebot3_fake_node/share/turtlebot3_fake_node/launch
[8.728s] -- Installing: /home/robomaven/ws/project1_ws/install/turtlebot3_fake_node/share/turtlebot3_fake_node/launch/rviz2.launch.py
[8.728s] -- Installing: /home/robomaven/ws/project1_ws/install/turtlebot3_fake_node/share/turtlebot3_fake_node/launch/turtlebot3_fake_node.launch.py
[8.728s] -- Installing: /home/robomaven/ws/project1_ws/install/turtlebot3_fake_node/share/turtlebot3_fake_node/param
[8.729s] -- Installing: /home/robomaven/ws/project1_ws/install/turtlebot3_fake_node/share/turtlebot3_fake_node/param/waffle.yaml
[8.729s] -- Installing: /home/robomaven/ws/project1_ws/install/turtlebot3_fake_node/share/turtlebot3_fake_node/param/burger.yaml
[8.729s] -- Installing: /home/robomaven/ws/project1_ws/install/turtlebot3_fake_node/share/turtlebot3_fake_node/param/waffle_pi.yaml
[8.729s] -- Installing: /home/robomaven/ws/project1_ws/install/turtlebot3_fake_node/include/
[8.729s] -- Installing: /home/robomaven/ws/project1_ws/install/turtlebot3_fake_node/include//turtlebot3_fake_node
[8.729s] -- Installing: /home/robomaven/ws/project1_ws/install/turtlebot3_fake_node/include//turtlebot3_fake_node/turtlebot3_fake_node.hpp
[8.729s] -- Installing: /home/robomaven/ws/project1_ws/install/turtlebot3_fake_node/share/ament_index/resource_index/package_run_dependencies/turtlebot3_fake_node
[8.729s] -- Installing: /home/robomaven/ws/project1_ws/install/turtlebot3_fake_node/share/ament_index/resource_index/parent_prefix_path/turtlebot3_fake_node
[8.729s] -- Installing: /home/robomaven/ws/project1_ws/install/turtlebot3_fake_node/share/turtlebot3_fake_node/environment/ament_prefix_path.sh
[8.729s] -- Installing: /home/robomaven/ws/project1_ws/install/turtlebot3_fake_node/share/turtlebot3_fake_node/environment/ament_prefix_path.dsv
[8.729s] -- Installing: /home/robomaven/ws/project1_ws/install/turtlebot3_fake_node/share/turtlebot3_fake_node/environment/path.sh
[8.730s] -- Installing: /home/robomaven/ws/project1_ws/install/turtlebot3_fake_node/share/turtlebot3_fake_node/environment/path.dsv
[8.730s] -- Installing: /home/robomaven/ws/project1_ws/install/turtlebot3_fake_node/share/turtlebot3_fake_node/local_setup.bash
[8.730s] -- Installing: /home/robomaven/ws/project1_ws/install/turtlebot3_fake_node/share/turtlebot3_fake_node/local_setup.sh
[8.730s] -- Installing: /home/robomaven/ws/project1_ws/install/turtlebot3_fake_node/share/turtlebot3_fake_node/local_setup.zsh
[8.730s] -- Installing: /home/robomaven/ws/project1_ws/install/turtlebot3_fake_node/share/turtlebot3_fake_node/local_setup.dsv
[8.730s] -- Installing: /home/robomaven/ws/project1_ws/install/turtlebot3_fake_node/share/turtlebot3_fake_node/package.dsv
[8.730s] -- Installing: /home/robomaven/ws/project1_ws/install/turtlebot3_fake_node/share/ament_index/resource_index/packages/turtlebot3_fake_node
[8.730s] -- Installing: /home/robomaven/ws/project1_ws/install/turtlebot3_fake_node/share/turtlebot3_fake_node/cmake/ament_cmake_export_include_directories-extras.cmake
[8.730s] -- Installing: /home/robomaven/ws/project1_ws/install/turtlebot3_fake_node/share/turtlebot3_fake_node/cmake/ament_cmake_export_dependencies-extras.cmake
[8.730s] -- Installing: /home/robomaven/ws/project1_ws/install/turtlebot3_fake_node/share/turtlebot3_fake_node/cmake/turtlebot3_fake_nodeConfig.cmake
[8.730s] -- Installing: /home/robomaven/ws/project1_ws/install/turtlebot3_fake_node/share/turtlebot3_fake_node/cmake/turtlebot3_fake_nodeConfig-version.cmake
[8.731s] -- Installing: /home/robomaven/ws/project1_ws/install/turtlebot3_fake_node/share/turtlebot3_fake_node/package.xml
[8.732s] Invoked command in '/home/robomaven/ws/project1_ws/build/turtlebot3_fake_node' returned '0': CMAKE_PREFIX_PATH=${CMAKE_PREFIX_PATH}:/opt/ros/humble /usr/bin/cmake --install /home/robomaven/ws/project1_ws/build/turtlebot3_fake_node
