/home/robomaven/activity1_ws/install/activity1_py_pkg/lib/python3.10/site-packages/activity1_py_pkg/led_panel_node.py
/home/robomaven/activity1_ws/install/activity1_py_pkg/lib/python3.10/site-packages/activity1_py_pkg/number_publisher_node_file.py
/home/robomaven/activity1_ws/install/activity1_py_pkg/lib/python3.10/site-packages/activity1_py_pkg/my_first_node.py
/home/robomaven/activity1_ws/install/activity1_py_pkg/lib/python3.10/site-packages/activity1_py_pkg/battery_node.py
/home/robomaven/activity1_ws/install/activity1_py_pkg/lib/python3.10/site-packages/activity1_py_pkg/number_counter_node_file.py
/home/robomaven/activity1_ws/install/activity1_py_pkg/lib/python3.10/site-packages/activity1_py_pkg/__init__.py
/home/robomaven/activity1_ws/install/activity1_py_pkg/lib/python3.10/site-packages/activity1_py_pkg/__pycache__/led_panel_node.cpython-310.pyc
/home/robomaven/activity1_ws/install/activity1_py_pkg/lib/python3.10/site-packages/activity1_py_pkg/__pycache__/number_publisher_node_file.cpython-310.pyc
/home/robomaven/activity1_ws/install/activity1_py_pkg/lib/python3.10/site-packages/activity1_py_pkg/__pycache__/my_first_node.cpython-310.pyc
/home/robomaven/activity1_ws/install/activity1_py_pkg/lib/python3.10/site-packages/activity1_py_pkg/__pycache__/battery_node.cpython-310.pyc
/home/robomaven/activity1_ws/install/activity1_py_pkg/lib/python3.10/site-packages/activity1_py_pkg/__pycache__/number_counter_node_file.cpython-310.pyc
/home/robomaven/activity1_ws/install/activity1_py_pkg/lib/python3.10/site-packages/activity1_py_pkg/__pycache__/__init__.cpython-310.pyc
/home/robomaven/activity1_ws/install/activity1_py_pkg/share/ament_index/resource_index/packages/activity1_py_pkg
/home/robomaven/activity1_ws/install/activity1_py_pkg/share/activity1_py_pkg/package.xml
/home/robomaven/activity1_ws/install/activity1_py_pkg/lib/python3.10/site-packages/activity1_py_pkg-0.0.0-py3.10.egg-info/top_level.txt
/home/robomaven/activity1_ws/install/activity1_py_pkg/lib/python3.10/site-packages/activity1_py_pkg-0.0.0-py3.10.egg-info/requires.txt
/home/robomaven/activity1_ws/install/activity1_py_pkg/lib/python3.10/site-packages/activity1_py_pkg-0.0.0-py3.10.egg-info/entry_points.txt
/home/robomaven/activity1_ws/install/activity1_py_pkg/lib/python3.10/site-packages/activity1_py_pkg-0.0.0-py3.10.egg-info/PKG-INFO
/home/robomaven/activity1_ws/install/activity1_py_pkg/lib/python3.10/site-packages/activity1_py_pkg-0.0.0-py3.10.egg-info/SOURCES.txt
/home/robomaven/activity1_ws/install/activity1_py_pkg/lib/python3.10/site-packages/activity1_py_pkg-0.0.0-py3.10.egg-info/dependency_links.txt
/home/robomaven/activity1_ws/install/activity1_py_pkg/lib/python3.10/site-packages/activity1_py_pkg-0.0.0-py3.10.egg-info/zip-safe
/home/robomaven/activity1_ws/install/activity1_py_pkg/lib/activity1_py_pkg/battery
/home/robomaven/activity1_ws/install/activity1_py_pkg/lib/activity1_py_pkg/led_panel
/home/robomaven/activity1_ws/install/activity1_py_pkg/lib/activity1_py_pkg/number_counter
/home/robomaven/activity1_ws/install/activity1_py_pkg/lib/activity1_py_pkg/number_publisher
/home/robomaven/activity1_ws/install/activity1_py_pkg/lib/activity1_py_pkg/robot_news_station
