[0.008s] Invoking command in '/home/robomaven/ws/ros2_ws3/build/my_robot_interfaces': CMAKE_PREFIX_PATH=${CMAKE_PREFIX_PATH}:/home/robomaven/ws/ros2_ws3/install/actions_py:/home/robomaven/ws/ros2_ws3/install/lifecycle_py:/home/robomaven/ws/ros2_ws3/install/executors_py:/home/robomaven/ws/ros2_ws3/install/components_py:/opt/ros/humble /usr/bin/cmake --build /home/robomaven/ws/ros2_ws3/build/my_robot_interfaces -- -j20 -l20
[0.049s] -- Found ament_cmake: 1.3.9 (/opt/ros/humble/share/ament_cmake/cmake)
[0.158s] -- Found rosidl_default_generators: 1.2.0 (/opt/ros/humble/share/rosidl_default_generators/cmake)
[0.164s] -- Using all available rosidl_typesupport_c: rosidl_typesupport_fastrtps_c;rosidl_typesupport_introspection_c
[0.169s] -- Found rosidl_adapter: 3.1.5 (/opt/ros/humble/share/rosidl_adapter/cmake)
[0.203s] -- Using all available rosidl_typesupport_cpp: rosidl_typesupport_fastrtps_cpp;rosidl_typesupport_introspection_cpp
[0.471s] -- Found ament_cmake_ros: 0.10.0 (/opt/ros/humble/share/ament_cmake_ros/cmake)
[0.623s] -- Using all available rosidl_typesupport_c: rosidl_typesupport_fastrtps_c;rosidl_typesupport_introspection_c
[0.809s] -- Using all available rosidl_typesupport_cpp: rosidl_typesupport_fastrtps_cpp;rosidl_typesupport_introspection_cpp
[0.828s] -- Found python_cmake_module: 0.10.0 (/opt/ros/humble/share/python_cmake_module/cmake)
[0.850s] -- Using PYTHON_EXECUTABLE: /usr/bin/python3
[0.850s] -- Using PYTHON_INCLUDE_DIRS: /usr/include/python3.10
[0.850s] -- Using PYTHON_LIBRARIES: /usr/lib/x86_64-linux-gnu/libpython3.10.so
[0.871s] -- Configuring done
[0.899s] -- Generating done
[0.901s] -- Build files have been written to: /home/robomaven/ws/ros2_ws3/build/my_robot_interfaces
[0.923s] [  2%] [34m[1mGenerating C code for ROS interfaces[0m
[0.931s] [  5%] [34m[1mGenerating C++ code for ROS interfaces[0m
[0.940s] [  5%] Built target ament_cmake_python_copy_my_robot_interfaces
[1.103s] running egg_info
[1.103s] writing my_robot_interfaces.egg-info/PKG-INFO
[1.103s] writing dependency_links to my_robot_interfaces.egg-info/dependency_links.txt
[1.103s] writing top-level names to my_robot_interfaces.egg-info/top_level.txt
[1.105s] reading manifest file 'my_robot_interfaces.egg-info/SOURCES.txt'
[1.105s] writing manifest file 'my_robot_interfaces.egg-info/SOURCES.txt'
[1.121s] [  5%] Built target ament_cmake_python_build_my_robot_interfaces_egg
[1.329s] [  5%] Built target my_robot_interfaces__cpp
[1.334s] [35m[1mConsolidate compiler generated dependencies of target my_robot_interfaces__rosidl_generator_c[0m
[1.336s] [  7%] [34m[1mGenerating C++ type support dispatch for ROS interfaces[0m
[1.336s] [ 12%] [34m[1mGenerating C++ introspection for ROS interfaces[0m
[1.336s] [ 12%] [34m[1mGenerating C++ type support for eProsima Fast-RTPS[0m
[1.342s] [ 15%] [32mBuilding C object CMakeFiles/my_robot_interfaces__rosidl_generator_c.dir/rosidl_generator_c/my_robot_interfaces/action/detail/count_until__functions.c.o[0m
[1.342s] [ 17%] [32mBuilding C object CMakeFiles/my_robot_interfaces__rosidl_generator_c.dir/rosidl_generator_c/my_robot_interfaces/action/detail/move_robot__functions.c.o[0m
[1.436s] [ 20%] [32m[1mLinking C shared library libmy_robot_interfaces__rosidl_generator_c.so[0m
[1.463s] [ 20%] Built target my_robot_interfaces__rosidl_generator_c
[1.469s] [ 23%] [34m[1mGenerating C type support for eProsima Fast-RTPS[0m
[1.469s] [ 25%] [34m[1mGenerating C introspection for ROS interfaces[0m
[1.469s] [ 28%] [34m[1mGenerating C type support dispatch for ROS interfaces[0m
[1.577s] [35m[1mConsolidate compiler generated dependencies of target my_robot_interfaces__rosidl_typesupport_cpp[0m
[1.584s] [ 30%] [32mBuilding CXX object CMakeFiles/my_robot_interfaces__rosidl_typesupport_cpp.dir/rosidl_typesupport_cpp/my_robot_interfaces/action/count_until__type_support.cpp.o[0m
[1.588s] [ 33%] [32mBuilding CXX object CMakeFiles/my_robot_interfaces__rosidl_typesupport_cpp.dir/rosidl_typesupport_cpp/my_robot_interfaces/action/move_robot__type_support.cpp.o[0m
[1.637s] [35m[1mConsolidate compiler generated dependencies of target my_robot_interfaces__rosidl_typesupport_introspection_cpp[0m
[1.646s] [ 35%] [32mBuilding CXX object CMakeFiles/my_robot_interfaces__rosidl_typesupport_introspection_cpp.dir/rosidl_typesupport_introspection_cpp/my_robot_interfaces/action/detail/count_until__type_support.cpp.o[0m
[1.647s] [ 38%] [32mBuilding CXX object CMakeFiles/my_robot_interfaces__rosidl_typesupport_introspection_cpp.dir/rosidl_typesupport_introspection_cpp/my_robot_interfaces/action/detail/move_robot__type_support.cpp.o[0m
[1.693s] [35m[1mConsolidate compiler generated dependencies of target my_robot_interfaces__rosidl_typesupport_fastrtps_cpp[0m
[1.702s] [ 41%] [32mBuilding CXX object CMakeFiles/my_robot_interfaces__rosidl_typesupport_fastrtps_cpp.dir/rosidl_typesupport_fastrtps_cpp/my_robot_interfaces/action/detail/dds_fastrtps/count_until__type_support.cpp.o[0m
[1.705s] [ 43%] [32mBuilding CXX object CMakeFiles/my_robot_interfaces__rosidl_typesupport_fastrtps_cpp.dir/rosidl_typesupport_fastrtps_cpp/my_robot_interfaces/action/detail/dds_fastrtps/move_robot__type_support.cpp.o[0m
[1.794s] [35m[1mConsolidate compiler generated dependencies of target my_robot_interfaces__rosidl_typesupport_c[0m
[1.802s] [ 46%] [32mBuilding CXX object CMakeFiles/my_robot_interfaces__rosidl_typesupport_c.dir/rosidl_typesupport_c/my_robot_interfaces/action/count_until__type_support.cpp.o[0m
[1.802s] [35m[1mConsolidate compiler generated dependencies of target my_robot_interfaces__rosidl_typesupport_introspection_c[0m
[1.806s] [ 48%] [32mBuilding CXX object CMakeFiles/my_robot_interfaces__rosidl_typesupport_c.dir/rosidl_typesupport_c/my_robot_interfaces/action/move_robot__type_support.cpp.o[0m
[1.815s] [ 51%] [32mBuilding C object CMakeFiles/my_robot_interfaces__rosidl_typesupport_introspection_c.dir/rosidl_typesupport_introspection_c/my_robot_interfaces/action/detail/move_robot__type_support.c.o[0m
[1.815s] [ 53%] [32mBuilding C object CMakeFiles/my_robot_interfaces__rosidl_typesupport_introspection_c.dir/rosidl_typesupport_introspection_c/my_robot_interfaces/action/detail/count_until__type_support.c.o[0m
[1.827s] [35m[1mConsolidate compiler generated dependencies of target my_robot_interfaces__rosidl_typesupport_fastrtps_c[0m
[1.844s] [ 58%] [32mBuilding CXX object CMakeFiles/my_robot_interfaces__rosidl_typesupport_fastrtps_c.dir/rosidl_typesupport_fastrtps_c/my_robot_interfaces/action/detail/move_robot__type_support_c.cpp.o[0m
[1.844s] [ 58%] [32mBuilding CXX object CMakeFiles/my_robot_interfaces__rosidl_typesupport_fastrtps_c.dir/rosidl_typesupport_fastrtps_c/my_robot_interfaces/action/detail/count_until__type_support_c.cpp.o[0m
[1.851s] [ 61%] [32m[1mLinking CXX shared library libmy_robot_interfaces__rosidl_typesupport_c.so[0m
[1.870s] [ 64%] [32m[1mLinking C shared library libmy_robot_interfaces__rosidl_typesupport_introspection_c.so[0m
[1.889s] [ 64%] Built target my_robot_interfaces__rosidl_typesupport_c
[1.907s] [ 64%] Built target my_robot_interfaces__rosidl_typesupport_introspection_c
[1.915s] [ 66%] [32m[1mLinking CXX shared library libmy_robot_interfaces__rosidl_typesupport_cpp.so[0m
[1.944s] [ 66%] Built target my_robot_interfaces__rosidl_typesupport_cpp
[2.089s] [ 69%] [32m[1mLinking CXX shared library libmy_robot_interfaces__rosidl_typesupport_fastrtps_cpp.so[0m
[2.107s] [ 71%] [32m[1mLinking CXX shared library libmy_robot_interfaces__rosidl_typesupport_fastrtps_c.so[0m
[2.131s] [ 74%] [32m[1mLinking CXX shared library libmy_robot_interfaces__rosidl_typesupport_introspection_cpp.so[0m
[2.143s] [ 74%] Built target my_robot_interfaces__rosidl_typesupport_fastrtps_cpp
[2.161s] [ 74%] Built target my_robot_interfaces__rosidl_typesupport_fastrtps_c
[2.181s] [ 74%] Built target my_robot_interfaces__rosidl_typesupport_introspection_cpp
[2.197s] [ 74%] Built target my_robot_interfaces
[2.220s] [ 76%] [34m[1mGenerating Python code for ROS interfaces[0m
[2.966s] [ 76%] Built target my_robot_interfaces__py
[2.972s] [35m[1mConsolidate compiler generated dependencies of target my_robot_interfaces__rosidl_generator_py[0m
[2.981s] [ 79%] [32mBuilding C object CMakeFiles/my_robot_interfaces__rosidl_generator_py.dir/rosidl_generator_py/my_robot_interfaces/action/_count_until_s.c.o[0m
[2.982s] [ 82%] [32mBuilding C object CMakeFiles/my_robot_interfaces__rosidl_generator_py.dir/rosidl_generator_py/my_robot_interfaces/action/_move_robot_s.c.o[0m
[3.082s] [ 84%] [32m[1mLinking C shared library rosidl_generator_py/my_robot_interfaces/libmy_robot_interfaces__rosidl_generator_py.so[0m
[3.110s] [ 84%] Built target my_robot_interfaces__rosidl_generator_py
[3.119s] [35m[1mConsolidate compiler generated dependencies of target my_robot_interfaces__rosidl_typesupport_fastrtps_c__pyext[0m
[3.119s] [35m[1mConsolidate compiler generated dependencies of target my_robot_interfaces__rosidl_typesupport_introspection_c__pyext[0m
[3.119s] [35m[1mConsolidate compiler generated dependencies of target my_robot_interfaces__rosidl_typesupport_c__pyext[0m
[3.127s] [ 87%] [32mBuilding C object CMakeFiles/my_robot_interfaces__rosidl_typesupport_fastrtps_c__pyext.dir/rosidl_generator_py/my_robot_interfaces/_my_robot_interfaces_s.ep.rosidl_typesupport_fastrtps_c.c.o[0m
[3.127s] [ 89%] [32mBuilding C object CMakeFiles/my_robot_interfaces__rosidl_typesupport_introspection_c__pyext.dir/rosidl_generator_py/my_robot_interfaces/_my_robot_interfaces_s.ep.rosidl_typesupport_introspection_c.c.o[0m
[3.127s] [ 92%] [32mBuilding C object CMakeFiles/my_robot_interfaces__rosidl_typesupport_c__pyext.dir/rosidl_generator_py/my_robot_interfaces/_my_robot_interfaces_s.ep.rosidl_typesupport_c.c.o[0m
[3.216s] [100%] [32m[1mLinking C shared library rosidl_generator_py/my_robot_interfaces/my_robot_interfaces_s__rosidl_typesupport_fastrtps_c.cpython-310-x86_64-linux-gnu.so[0m
[3.216s] [100%] [32m[1mLinking C shared library rosidl_generator_py/my_robot_interfaces/my_robot_interfaces_s__rosidl_typesupport_c.cpython-310-x86_64-linux-gnu.so[0m
[3.216s] [100%] [32m[1mLinking C shared library rosidl_generator_py/my_robot_interfaces/my_robot_interfaces_s__rosidl_typesupport_introspection_c.cpython-310-x86_64-linux-gnu.so[0m
[3.242s] [100%] Built target my_robot_interfaces__rosidl_typesupport_introspection_c__pyext
[3.242s] [100%] Built target my_robot_interfaces__rosidl_typesupport_fastrtps_c__pyext
[3.242s] [100%] Built target my_robot_interfaces__rosidl_typesupport_c__pyext
[3.250s] Invoked command in '/home/robomaven/ws/ros2_ws3/build/my_robot_interfaces' returned '0': CMAKE_PREFIX_PATH=${CMAKE_PREFIX_PATH}:/home/robomaven/ws/ros2_ws3/install/actions_py:/home/robomaven/ws/ros2_ws3/install/lifecycle_py:/home/robomaven/ws/ros2_ws3/install/executors_py:/home/robomaven/ws/ros2_ws3/install/components_py:/opt/ros/humble /usr/bin/cmake --build /home/robomaven/ws/ros2_ws3/build/my_robot_interfaces -- -j20 -l20
[3.345s] Invoking command in '/home/robomaven/ws/ros2_ws3/build/my_robot_interfaces': CMAKE_PREFIX_PATH=${CMAKE_PREFIX_PATH}:/home/robomaven/ws/ros2_ws3/install/actions_py:/home/robomaven/ws/ros2_ws3/install/lifecycle_py:/home/robomaven/ws/ros2_ws3/install/executors_py:/home/robomaven/ws/ros2_ws3/install/components_py:/opt/ros/humble /usr/bin/cmake --install /home/robomaven/ws/ros2_ws3/build/my_robot_interfaces
[3.354s] -- Install configuration: ""
[3.363s] -- Installing: /home/robomaven/ws/ros2_ws3/install/my_robot_interfaces/share/ament_index/resource_index/rosidl_interfaces/my_robot_interfaces
[3.363s] -- Up-to-date: /home/robomaven/ws/ros2_ws3/install/my_robot_interfaces/include/my_robot_interfaces/my_robot_interfaces
[3.364s] -- Up-to-date: /home/robomaven/ws/ros2_ws3/install/my_robot_interfaces/include/my_robot_interfaces/my_robot_interfaces/msg
[3.364s] -- Up-to-date: /home/robomaven/ws/ros2_ws3/install/my_robot_interfaces/include/my_robot_interfaces/my_robot_interfaces/msg/rosidl_generator_c__visibility_control.h
[3.364s] -- Up-to-date: /home/robomaven/ws/ros2_ws3/install/my_robot_interfaces/include/my_robot_interfaces/my_robot_interfaces/action
[3.365s] -- Up-to-date: /home/robomaven/ws/ros2_ws3/install/my_robot_interfaces/include/my_robot_interfaces/my_robot_interfaces/action/detail
[3.365s] -- Installing: /home/robomaven/ws/ros2_ws3/install/my_robot_interfaces/include/my_robot_interfaces/my_robot_interfaces/action/detail/move_robot__functions.h
[3.365s] -- Installing: /home/robomaven/ws/ros2_ws3/install/my_robot_interfaces/include/my_robot_interfaces/my_robot_interfaces/action/detail/move_robot__type_support.h
[3.365s] -- Installing: /home/robomaven/ws/ros2_ws3/install/my_robot_interfaces/include/my_robot_interfaces/my_robot_interfaces/action/detail/count_until__functions.h
[3.365s] -- Installing: /home/robomaven/ws/ros2_ws3/install/my_robot_interfaces/include/my_robot_interfaces/my_robot_interfaces/action/detail/move_robot__struct.h
[3.365s] -- Installing: /home/robomaven/ws/ros2_ws3/install/my_robot_interfaces/include/my_robot_interfaces/my_robot_interfaces/action/detail/count_until__type_support.h
[3.366s] -- Installing: /home/robomaven/ws/ros2_ws3/install/my_robot_interfaces/include/my_robot_interfaces/my_robot_interfaces/action/detail/count_until__struct.h
[3.366s] -- Installing: /home/robomaven/ws/ros2_ws3/install/my_robot_interfaces/include/my_robot_interfaces/my_robot_interfaces/action/detail/count_until__functions.c
[3.366s] -- Installing: /home/robomaven/ws/ros2_ws3/install/my_robot_interfaces/include/my_robot_interfaces/my_robot_interfaces/action/detail/move_robot__functions.c
[3.366s] -- Installing: /home/robomaven/ws/ros2_ws3/install/my_robot_interfaces/include/my_robot_interfaces/my_robot_interfaces/action/count_until.h
[3.366s] -- Installing: /home/robomaven/ws/ros2_ws3/install/my_robot_interfaces/include/my_robot_interfaces/my_robot_interfaces/action/move_robot.h
[3.366s] -- Up-to-date: /home/robomaven/ws/ros2_ws3/install/my_robot_interfaces/share/my_robot_interfaces/environment/library_path.sh
[3.366s] -- Installing: /home/robomaven/ws/ros2_ws3/install/my_robot_interfaces/share/my_robot_interfaces/environment/library_path.dsv
[3.366s] -- Installing: /home/robomaven/ws/ros2_ws3/install/my_robot_interfaces/lib/libmy_robot_interfaces__rosidl_generator_c.so
[3.367s] -- Set runtime path of "/home/robomaven/ws/ros2_ws3/install/my_robot_interfaces/lib/libmy_robot_interfaces__rosidl_generator_c.so" to ""
[3.367s] -- Up-to-date: /home/robomaven/ws/ros2_ws3/install/my_robot_interfaces/include/my_robot_interfaces/my_robot_interfaces
[3.367s] -- Up-to-date: /home/robomaven/ws/ros2_ws3/install/my_robot_interfaces/include/my_robot_interfaces/my_robot_interfaces/msg
[3.367s] -- Up-to-date: /home/robomaven/ws/ros2_ws3/install/my_robot_interfaces/include/my_robot_interfaces/my_robot_interfaces/msg/rosidl_typesupport_fastrtps_c__visibility_control.h
[3.367s] -- Up-to-date: /home/robomaven/ws/ros2_ws3/install/my_robot_interfaces/include/my_robot_interfaces/my_robot_interfaces/action
[3.367s] -- Up-to-date: /home/robomaven/ws/ros2_ws3/install/my_robot_interfaces/include/my_robot_interfaces/my_robot_interfaces/action/detail
[3.367s] -- Installing: /home/robomaven/ws/ros2_ws3/install/my_robot_interfaces/include/my_robot_interfaces/my_robot_interfaces/action/detail/move_robot__rosidl_typesupport_fastrtps_c.h
[3.367s] -- Installing: /home/robomaven/ws/ros2_ws3/install/my_robot_interfaces/include/my_robot_interfaces/my_robot_interfaces/action/detail/count_until__rosidl_typesupport_fastrtps_c.h
[3.368s] -- Installing: /home/robomaven/ws/ros2_ws3/install/my_robot_interfaces/lib/libmy_robot_interfaces__rosidl_typesupport_fastrtps_c.so
[3.368s] -- Set runtime path of "/home/robomaven/ws/ros2_ws3/install/my_robot_interfaces/lib/libmy_robot_interfaces__rosidl_typesupport_fastrtps_c.so" to ""
[3.368s] -- Up-to-date: /home/robomaven/ws/ros2_ws3/install/my_robot_interfaces/include/my_robot_interfaces/my_robot_interfaces
[3.369s] -- Up-to-date: /home/robomaven/ws/ros2_ws3/install/my_robot_interfaces/include/my_robot_interfaces/my_robot_interfaces/msg
[3.369s] -- Up-to-date: /home/robomaven/ws/ros2_ws3/install/my_robot_interfaces/include/my_robot_interfaces/my_robot_interfaces/msg/rosidl_typesupport_introspection_c__visibility_control.h
[3.369s] -- Up-to-date: /home/robomaven/ws/ros2_ws3/install/my_robot_interfaces/include/my_robot_interfaces/my_robot_interfaces/action
[3.369s] -- Up-to-date: /home/robomaven/ws/ros2_ws3/install/my_robot_interfaces/include/my_robot_interfaces/my_robot_interfaces/action/detail
[3.369s] -- Installing: /home/robomaven/ws/ros2_ws3/install/my_robot_interfaces/include/my_robot_interfaces/my_robot_interfaces/action/detail/count_until__rosidl_typesupport_introspection_c.h
[3.369s] -- Installing: /home/robomaven/ws/ros2_ws3/install/my_robot_interfaces/include/my_robot_interfaces/my_robot_interfaces/action/detail/move_robot__type_support.c
[3.369s] -- Installing: /home/robomaven/ws/ros2_ws3/install/my_robot_interfaces/include/my_robot_interfaces/my_robot_interfaces/action/detail/move_robot__rosidl_typesupport_introspection_c.h
[3.369s] -- Installing: /home/robomaven/ws/ros2_ws3/install/my_robot_interfaces/include/my_robot_interfaces/my_robot_interfaces/action/detail/count_until__type_support.c
[3.369s] -- Installing: /home/robomaven/ws/ros2_ws3/install/my_robot_interfaces/lib/libmy_robot_interfaces__rosidl_typesupport_introspection_c.so
[3.370s] -- Set runtime path of "/home/robomaven/ws/ros2_ws3/install/my_robot_interfaces/lib/libmy_robot_interfaces__rosidl_typesupport_introspection_c.so" to ""
[3.370s] -- Installing: /home/robomaven/ws/ros2_ws3/install/my_robot_interfaces/lib/libmy_robot_interfaces__rosidl_typesupport_c.so
[3.370s] -- Set runtime path of "/home/robomaven/ws/ros2_ws3/install/my_robot_interfaces/lib/libmy_robot_interfaces__rosidl_typesupport_c.so" to ""
[3.371s] -- Up-to-date: /home/robomaven/ws/ros2_ws3/install/my_robot_interfaces/include/my_robot_interfaces/my_robot_interfaces
[3.371s] -- Up-to-date: /home/robomaven/ws/ros2_ws3/install/my_robot_interfaces/include/my_robot_interfaces/my_robot_interfaces/action
[3.371s] -- Installing: /home/robomaven/ws/ros2_ws3/install/my_robot_interfaces/include/my_robot_interfaces/my_robot_interfaces/action/move_robot.hpp
[3.371s] -- Installing: /home/robomaven/ws/ros2_ws3/install/my_robot_interfaces/include/my_robot_interfaces/my_robot_interfaces/action/count_until.hpp
[3.371s] -- Up-to-date: /home/robomaven/ws/ros2_ws3/install/my_robot_interfaces/include/my_robot_interfaces/my_robot_interfaces/action/detail
[3.371s] -- Installing: /home/robomaven/ws/ros2_ws3/install/my_robot_interfaces/include/my_robot_interfaces/my_robot_interfaces/action/detail/count_until__struct.hpp
[3.371s] -- Installing: /home/robomaven/ws/ros2_ws3/install/my_robot_interfaces/include/my_robot_interfaces/my_robot_interfaces/action/detail/count_until__builder.hpp
[3.371s] -- Installing: /home/robomaven/ws/ros2_ws3/install/my_robot_interfaces/include/my_robot_interfaces/my_robot_interfaces/action/detail/move_robot__builder.hpp
[3.371s] -- Installing: /home/robomaven/ws/ros2_ws3/install/my_robot_interfaces/include/my_robot_interfaces/my_robot_interfaces/action/detail/move_robot__traits.hpp
[3.371s] -- Installing: /home/robomaven/ws/ros2_ws3/install/my_robot_interfaces/include/my_robot_interfaces/my_robot_interfaces/action/detail/count_until__traits.hpp
[3.371s] -- Installing: /home/robomaven/ws/ros2_ws3/install/my_robot_interfaces/include/my_robot_interfaces/my_robot_interfaces/action/detail/move_robot__struct.hpp
[3.371s] -- Up-to-date: /home/robomaven/ws/ros2_ws3/install/my_robot_interfaces/include/my_robot_interfaces/my_robot_interfaces
[3.372s] -- Up-to-date: /home/robomaven/ws/ros2_ws3/install/my_robot_interfaces/include/my_robot_interfaces/my_robot_interfaces/msg
[3.372s] -- Up-to-date: /home/robomaven/ws/ros2_ws3/install/my_robot_interfaces/include/my_robot_interfaces/my_robot_interfaces/msg/rosidl_typesupport_fastrtps_cpp__visibility_control.h
[3.372s] -- Up-to-date: /home/robomaven/ws/ros2_ws3/install/my_robot_interfaces/include/my_robot_interfaces/my_robot_interfaces/action
[3.372s] -- Up-to-date: /home/robomaven/ws/ros2_ws3/install/my_robot_interfaces/include/my_robot_interfaces/my_robot_interfaces/action/detail
[3.372s] -- Up-to-date: /home/robomaven/ws/ros2_ws3/install/my_robot_interfaces/include/my_robot_interfaces/my_robot_interfaces/action/detail/dds_fastrtps
[3.372s] -- Installing: /home/robomaven/ws/ros2_ws3/install/my_robot_interfaces/include/my_robot_interfaces/my_robot_interfaces/action/detail/count_until__rosidl_typesupport_fastrtps_cpp.hpp
[3.372s] -- Installing: /home/robomaven/ws/ros2_ws3/install/my_robot_interfaces/include/my_robot_interfaces/my_robot_interfaces/action/detail/move_robot__rosidl_typesupport_fastrtps_cpp.hpp
[3.372s] -- Installing: /home/robomaven/ws/ros2_ws3/install/my_robot_interfaces/lib/libmy_robot_interfaces__rosidl_typesupport_fastrtps_cpp.so
[3.373s] -- Set runtime path of "/home/robomaven/ws/ros2_ws3/install/my_robot_interfaces/lib/libmy_robot_interfaces__rosidl_typesupport_fastrtps_cpp.so" to ""
[3.373s] -- Up-to-date: /home/robomaven/ws/ros2_ws3/install/my_robot_interfaces/include/my_robot_interfaces/my_robot_interfaces
[3.373s] -- Up-to-date: /home/robomaven/ws/ros2_ws3/install/my_robot_interfaces/include/my_robot_interfaces/my_robot_interfaces/action
[3.373s] -- Up-to-date: /home/robomaven/ws/ros2_ws3/install/my_robot_interfaces/include/my_robot_interfaces/my_robot_interfaces/action/detail
[3.373s] -- Installing: /home/robomaven/ws/ros2_ws3/install/my_robot_interfaces/include/my_robot_interfaces/my_robot_interfaces/action/detail/move_robot__type_support.cpp
[3.373s] -- Installing: /home/robomaven/ws/ros2_ws3/install/my_robot_interfaces/include/my_robot_interfaces/my_robot_interfaces/action/detail/count_until__type_support.cpp
[3.373s] -- Installing: /home/robomaven/ws/ros2_ws3/install/my_robot_interfaces/include/my_robot_interfaces/my_robot_interfaces/action/detail/count_until__rosidl_typesupport_introspection_cpp.hpp
[3.373s] -- Installing: /home/robomaven/ws/ros2_ws3/install/my_robot_interfaces/include/my_robot_interfaces/my_robot_interfaces/action/detail/move_robot__rosidl_typesupport_introspection_cpp.hpp
[3.374s] -- Installing: /home/robomaven/ws/ros2_ws3/install/my_robot_interfaces/lib/libmy_robot_interfaces__rosidl_typesupport_introspection_cpp.so
[3.374s] -- Set runtime path of "/home/robomaven/ws/ros2_ws3/install/my_robot_interfaces/lib/libmy_robot_interfaces__rosidl_typesupport_introspection_cpp.so" to ""
[3.375s] -- Installing: /home/robomaven/ws/ros2_ws3/install/my_robot_interfaces/lib/libmy_robot_interfaces__rosidl_typesupport_cpp.so
[3.375s] -- Set runtime path of "/home/robomaven/ws/ros2_ws3/install/my_robot_interfaces/lib/libmy_robot_interfaces__rosidl_typesupport_cpp.so" to ""
[3.375s] -- Up-to-date: /home/robomaven/ws/ros2_ws3/install/my_robot_interfaces/share/my_robot_interfaces/environment/pythonpath.sh
[3.375s] -- Installing: /home/robomaven/ws/ros2_ws3/install/my_robot_interfaces/share/my_robot_interfaces/environment/pythonpath.dsv
[3.375s] -- Up-to-date: /home/robomaven/ws/ros2_ws3/install/my_robot_interfaces/local/lib/python3.10/dist-packages/my_robot_interfaces-0.0.0-py3.10.egg-info
[3.375s] -- Installing: /home/robomaven/ws/ros2_ws3/install/my_robot_interfaces/local/lib/python3.10/dist-packages/my_robot_interfaces-0.0.0-py3.10.egg-info/top_level.txt
[3.375s] -- Installing: /home/robomaven/ws/ros2_ws3/install/my_robot_interfaces/local/lib/python3.10/dist-packages/my_robot_interfaces-0.0.0-py3.10.egg-info/PKG-INFO
[3.376s] -- Installing: /home/robomaven/ws/ros2_ws3/install/my_robot_interfaces/local/lib/python3.10/dist-packages/my_robot_interfaces-0.0.0-py3.10.egg-info/SOURCES.txt
[3.376s] -- Installing: /home/robomaven/ws/ros2_ws3/install/my_robot_interfaces/local/lib/python3.10/dist-packages/my_robot_interfaces-0.0.0-py3.10.egg-info/dependency_links.txt
[3.376s] -- Up-to-date: /home/robomaven/ws/ros2_ws3/install/my_robot_interfaces/local/lib/python3.10/dist-packages/my_robot_interfaces
[3.376s] -- Installing: /home/robomaven/ws/ros2_ws3/install/my_robot_interfaces/local/lib/python3.10/dist-packages/my_robot_interfaces/_my_robot_interfaces_s.ep.rosidl_typesupport_introspection_c.c
[3.376s] -- Installing: /home/robomaven/ws/ros2_ws3/install/my_robot_interfaces/local/lib/python3.10/dist-packages/my_robot_interfaces/my_robot_interfaces_s__rosidl_typesupport_c.cpython-310-x86_64-linux-gnu.so
[3.376s] -- Up-to-date: /home/robomaven/ws/ros2_ws3/install/my_robot_interfaces/local/lib/python3.10/dist-packages/my_robot_interfaces/action
[3.376s] -- Installing: /home/robomaven/ws/ros2_ws3/install/my_robot_interfaces/local/lib/python3.10/dist-packages/my_robot_interfaces/action/_move_robot.py
[3.376s] -- Installing: /home/robomaven/ws/ros2_ws3/install/my_robot_interfaces/local/lib/python3.10/dist-packages/my_robot_interfaces/action/_count_until.py
[3.377s] -- Installing: /home/robomaven/ws/ros2_ws3/install/my_robot_interfaces/local/lib/python3.10/dist-packages/my_robot_interfaces/action/__init__.py
[3.377s] -- Installing: /home/robomaven/ws/ros2_ws3/install/my_robot_interfaces/local/lib/python3.10/dist-packages/my_robot_interfaces/action/_count_until_s.c
[3.377s] -- Installing: /home/robomaven/ws/ros2_ws3/install/my_robot_interfaces/local/lib/python3.10/dist-packages/my_robot_interfaces/action/_move_robot_s.c
[3.377s] -- Installing: /home/robomaven/ws/ros2_ws3/install/my_robot_interfaces/local/lib/python3.10/dist-packages/my_robot_interfaces/_my_robot_interfaces_s.ep.rosidl_typesupport_c.c
[3.377s] -- Installing: /home/robomaven/ws/ros2_ws3/install/my_robot_interfaces/local/lib/python3.10/dist-packages/my_robot_interfaces/libmy_robot_interfaces__rosidl_generator_py.so
[3.377s] -- Installing: /home/robomaven/ws/ros2_ws3/install/my_robot_interfaces/local/lib/python3.10/dist-packages/my_robot_interfaces/_my_robot_interfaces_s.ep.rosidl_typesupport_fastrtps_c.c
[3.377s] -- Installing: /home/robomaven/ws/ros2_ws3/install/my_robot_interfaces/local/lib/python3.10/dist-packages/my_robot_interfaces/my_robot_interfaces_s__rosidl_typesupport_introspection_c.cpython-310-x86_64-linux-gnu.so
[3.378s] -- Installing: /home/robomaven/ws/ros2_ws3/install/my_robot_interfaces/local/lib/python3.10/dist-packages/my_robot_interfaces/__init__.py
[3.378s] -- Installing: /home/robomaven/ws/ros2_ws3/install/my_robot_interfaces/local/lib/python3.10/dist-packages/my_robot_interfaces/my_robot_interfaces_s__rosidl_typesupport_fastrtps_c.cpython-310-x86_64-linux-gnu.so
[3.410s] Listing '/home/robomaven/ws/ros2_ws3/install/my_robot_interfaces/local/lib/python3.10/dist-packages/my_robot_interfaces'...
[3.410s] Compiling '/home/robomaven/ws/ros2_ws3/install/my_robot_interfaces/local/lib/python3.10/dist-packages/my_robot_interfaces/__init__.py'...
[3.410s] Listing '/home/robomaven/ws/ros2_ws3/install/my_robot_interfaces/local/lib/python3.10/dist-packages/my_robot_interfaces/action'...
[3.410s] Compiling '/home/robomaven/ws/ros2_ws3/install/my_robot_interfaces/local/lib/python3.10/dist-packages/my_robot_interfaces/action/__init__.py'...
[3.410s] Compiling '/home/robomaven/ws/ros2_ws3/install/my_robot_interfaces/local/lib/python3.10/dist-packages/my_robot_interfaces/action/_count_until.py'...
[3.410s] Compiling '/home/robomaven/ws/ros2_ws3/install/my_robot_interfaces/local/lib/python3.10/dist-packages/my_robot_interfaces/action/_move_robot.py'...
[3.413s] -- Installing: /home/robomaven/ws/ros2_ws3/install/my_robot_interfaces/local/lib/python3.10/dist-packages/my_robot_interfaces/my_robot_interfaces_s__rosidl_typesupport_fastrtps_c.cpython-310-x86_64-linux-gnu.so
[3.413s] -- Set runtime path of "/home/robomaven/ws/ros2_ws3/install/my_robot_interfaces/local/lib/python3.10/dist-packages/my_robot_interfaces/my_robot_interfaces_s__rosidl_typesupport_fastrtps_c.cpython-310-x86_64-linux-gnu.so" to ""
[3.413s] -- Installing: /home/robomaven/ws/ros2_ws3/install/my_robot_interfaces/local/lib/python3.10/dist-packages/my_robot_interfaces/my_robot_interfaces_s__rosidl_typesupport_introspection_c.cpython-310-x86_64-linux-gnu.so
[3.413s] -- Set runtime path of "/home/robomaven/ws/ros2_ws3/install/my_robot_interfaces/local/lib/python3.10/dist-packages/my_robot_interfaces/my_robot_interfaces_s__rosidl_typesupport_introspection_c.cpython-310-x86_64-linux-gnu.so" to ""
[3.413s] -- Installing: /home/robomaven/ws/ros2_ws3/install/my_robot_interfaces/local/lib/python3.10/dist-packages/my_robot_interfaces/my_robot_interfaces_s__rosidl_typesupport_c.cpython-310-x86_64-linux-gnu.so
[3.414s] -- Set runtime path of "/home/robomaven/ws/ros2_ws3/install/my_robot_interfaces/local/lib/python3.10/dist-packages/my_robot_interfaces/my_robot_interfaces_s__rosidl_typesupport_c.cpython-310-x86_64-linux-gnu.so" to ""
[3.414s] -- Installing: /home/robomaven/ws/ros2_ws3/install/my_robot_interfaces/lib/libmy_robot_interfaces__rosidl_generator_py.so
[3.414s] -- Set runtime path of "/home/robomaven/ws/ros2_ws3/install/my_robot_interfaces/lib/libmy_robot_interfaces__rosidl_generator_py.so" to ""
[3.414s] -- Up-to-date: /home/robomaven/ws/ros2_ws3/install/my_robot_interfaces/share/my_robot_interfaces/action/CountUntil.idl
[3.414s] -- Installing: /home/robomaven/ws/ros2_ws3/install/my_robot_interfaces/share/my_robot_interfaces/action/MoveRobot.idl
[3.414s] -- Up-to-date: /home/robomaven/ws/ros2_ws3/install/my_robot_interfaces/share/my_robot_interfaces/action/CountUntil.action
[3.414s] -- Installing: /home/robomaven/ws/ros2_ws3/install/my_robot_interfaces/share/my_robot_interfaces/action/MoveRobot.action
[3.414s] -- Up-to-date: /home/robomaven/ws/ros2_ws3/install/my_robot_interfaces/share/ament_index/resource_index/package_run_dependencies/my_robot_interfaces
[3.415s] -- Installing: /home/robomaven/ws/ros2_ws3/install/my_robot_interfaces/share/ament_index/resource_index/parent_prefix_path/my_robot_interfaces
[3.415s] -- Up-to-date: /home/robomaven/ws/ros2_ws3/install/my_robot_interfaces/share/my_robot_interfaces/environment/ament_prefix_path.sh
[3.415s] -- Installing: /home/robomaven/ws/ros2_ws3/install/my_robot_interfaces/share/my_robot_interfaces/environment/ament_prefix_path.dsv
[3.415s] -- Up-to-date: /home/robomaven/ws/ros2_ws3/install/my_robot_interfaces/share/my_robot_interfaces/environment/path.sh
[3.415s] -- Installing: /home/robomaven/ws/ros2_ws3/install/my_robot_interfaces/share/my_robot_interfaces/environment/path.dsv
[3.415s] -- Up-to-date: /home/robomaven/ws/ros2_ws3/install/my_robot_interfaces/share/my_robot_interfaces/local_setup.bash
[3.415s] -- Up-to-date: /home/robomaven/ws/ros2_ws3/install/my_robot_interfaces/share/my_robot_interfaces/local_setup.sh
[3.415s] -- Up-to-date: /home/robomaven/ws/ros2_ws3/install/my_robot_interfaces/share/my_robot_interfaces/local_setup.zsh
[3.415s] -- Installing: /home/robomaven/ws/ros2_ws3/install/my_robot_interfaces/share/my_robot_interfaces/local_setup.dsv
[3.415s] -- Installing: /home/robomaven/ws/ros2_ws3/install/my_robot_interfaces/share/my_robot_interfaces/package.dsv
[3.415s] -- Up-to-date: /home/robomaven/ws/ros2_ws3/install/my_robot_interfaces/share/ament_index/resource_index/packages/my_robot_interfaces
[3.416s] -- Up-to-date: /home/robomaven/ws/ros2_ws3/install/my_robot_interfaces/share/my_robot_interfaces/cmake/export_my_robot_interfaces__rosidl_generator_cExport.cmake
[3.416s] -- Up-to-date: /home/robomaven/ws/ros2_ws3/install/my_robot_interfaces/share/my_robot_interfaces/cmake/export_my_robot_interfaces__rosidl_generator_cExport-noconfig.cmake
[3.416s] -- Up-to-date: /home/robomaven/ws/ros2_ws3/install/my_robot_interfaces/share/my_robot_interfaces/cmake/export_my_robot_interfaces__rosidl_typesupport_fastrtps_cExport.cmake
[3.416s] -- Up-to-date: /home/robomaven/ws/ros2_ws3/install/my_robot_interfaces/share/my_robot_interfaces/cmake/export_my_robot_interfaces__rosidl_typesupport_fastrtps_cExport-noconfig.cmake
[3.416s] -- Up-to-date: /home/robomaven/ws/ros2_ws3/install/my_robot_interfaces/share/my_robot_interfaces/cmake/my_robot_interfaces__rosidl_typesupport_introspection_cExport.cmake
[3.416s] -- Up-to-date: /home/robomaven/ws/ros2_ws3/install/my_robot_interfaces/share/my_robot_interfaces/cmake/my_robot_interfaces__rosidl_typesupport_introspection_cExport-noconfig.cmake
[3.416s] -- Up-to-date: /home/robomaven/ws/ros2_ws3/install/my_robot_interfaces/share/my_robot_interfaces/cmake/my_robot_interfaces__rosidl_typesupport_cExport.cmake
[3.416s] -- Up-to-date: /home/robomaven/ws/ros2_ws3/install/my_robot_interfaces/share/my_robot_interfaces/cmake/my_robot_interfaces__rosidl_typesupport_cExport-noconfig.cmake
[3.416s] -- Up-to-date: /home/robomaven/ws/ros2_ws3/install/my_robot_interfaces/share/my_robot_interfaces/cmake/export_my_robot_interfaces__rosidl_generator_cppExport.cmake
[3.416s] -- Up-to-date: /home/robomaven/ws/ros2_ws3/install/my_robot_interfaces/share/my_robot_interfaces/cmake/export_my_robot_interfaces__rosidl_typesupport_fastrtps_cppExport.cmake
[3.416s] -- Up-to-date: /home/robomaven/ws/ros2_ws3/install/my_robot_interfaces/share/my_robot_interfaces/cmake/export_my_robot_interfaces__rosidl_typesupport_fastrtps_cppExport-noconfig.cmake
[3.417s] -- Up-to-date: /home/robomaven/ws/ros2_ws3/install/my_robot_interfaces/share/my_robot_interfaces/cmake/my_robot_interfaces__rosidl_typesupport_introspection_cppExport.cmake
[3.417s] -- Up-to-date: /home/robomaven/ws/ros2_ws3/install/my_robot_interfaces/share/my_robot_interfaces/cmake/my_robot_interfaces__rosidl_typesupport_introspection_cppExport-noconfig.cmake
[3.417s] -- Up-to-date: /home/robomaven/ws/ros2_ws3/install/my_robot_interfaces/share/my_robot_interfaces/cmake/my_robot_interfaces__rosidl_typesupport_cppExport.cmake
[3.417s] -- Up-to-date: /home/robomaven/ws/ros2_ws3/install/my_robot_interfaces/share/my_robot_interfaces/cmake/my_robot_interfaces__rosidl_typesupport_cppExport-noconfig.cmake
[3.417s] -- Up-to-date: /home/robomaven/ws/ros2_ws3/install/my_robot_interfaces/share/my_robot_interfaces/cmake/export_my_robot_interfaces__rosidl_generator_pyExport.cmake
[3.417s] -- Up-to-date: /home/robomaven/ws/ros2_ws3/install/my_robot_interfaces/share/my_robot_interfaces/cmake/export_my_robot_interfaces__rosidl_generator_pyExport-noconfig.cmake
[3.417s] -- Installing: /home/robomaven/ws/ros2_ws3/install/my_robot_interfaces/share/my_robot_interfaces/cmake/rosidl_cmake-extras.cmake
[3.417s] -- Up-to-date: /home/robomaven/ws/ros2_ws3/install/my_robot_interfaces/share/my_robot_interfaces/cmake/ament_cmake_export_dependencies-extras.cmake
[3.417s] -- Up-to-date: /home/robomaven/ws/ros2_ws3/install/my_robot_interfaces/share/my_robot_interfaces/cmake/ament_cmake_export_include_directories-extras.cmake
[3.417s] -- Up-to-date: /home/robomaven/ws/ros2_ws3/install/my_robot_interfaces/share/my_robot_interfaces/cmake/ament_cmake_export_libraries-extras.cmake
[3.417s] -- Up-to-date: /home/robomaven/ws/ros2_ws3/install/my_robot_interfaces/share/my_robot_interfaces/cmake/ament_cmake_export_targets-extras.cmake
[3.417s] -- Up-to-date: /home/robomaven/ws/ros2_ws3/install/my_robot_interfaces/share/my_robot_interfaces/cmake/rosidl_cmake_export_typesupport_targets-extras.cmake
[3.417s] -- Up-to-date: /home/robomaven/ws/ros2_ws3/install/my_robot_interfaces/share/my_robot_interfaces/cmake/rosidl_cmake_export_typesupport_libraries-extras.cmake
[3.417s] -- Up-to-date: /home/robomaven/ws/ros2_ws3/install/my_robot_interfaces/share/my_robot_interfaces/cmake/my_robot_interfacesConfig.cmake
[3.418s] -- Up-to-date: /home/robomaven/ws/ros2_ws3/install/my_robot_interfaces/share/my_robot_interfaces/cmake/my_robot_interfacesConfig-version.cmake
[3.418s] -- Up-to-date: /home/robomaven/ws/ros2_ws3/install/my_robot_interfaces/share/my_robot_interfaces/package.xml
[3.419s] Invoked command in '/home/robomaven/ws/ros2_ws3/build/my_robot_interfaces' returned '0': CMAKE_PREFIX_PATH=${CMAKE_PREFIX_PATH}:/home/robomaven/ws/ros2_ws3/install/actions_py:/home/robomaven/ws/ros2_ws3/install/lifecycle_py:/home/robomaven/ws/ros2_ws3/install/executors_py:/home/robomaven/ws/ros2_ws3/install/components_py:/opt/ros/humble /usr/bin/cmake --install /home/robomaven/ws/ros2_ws3/build/my_robot_interfaces
