[0.073s] DEBUG:colcon:Command line arguments: ['/usr/bin/colcon', 'build']
[0.073s] DEBUG:colcon:Parsed command line arguments: Namespace(log_base=None, log_level=None, verb_name='build', build_base='build', install_base='install', merge_install=False, symlink_install=False, test_result_base=None, continue_on_error=False, executor='parallel', parallel_workers=20, event_handlers=None, ignore_user_meta=False, metas=['./colcon.meta'], base_paths=['.'], packages_ignore=None, packages_ignore_regex=None, paths=None, packages_up_to=None, packages_up_to_regex=None, packages_above=None, packages_above_and_dependencies=None, packages_above_depth=None, packages_select_by_dep=None, packages_skip_by_dep=None, packages_skip_up_to=None, packages_select_build_failed=False, packages_skip_build_finished=False, packages_select_test_failures=False, packages_skip_test_passed=False, packages_select=None, packages_skip=None, packages_select_regex=None, packages_skip_regex=None, packages_start=None, packages_end=None, allow_overriding=[], cmake_args=None, cmake_target=None, cmake_target_skip_unavailable=False, cmake_clean_cache=False, cmake_clean_first=False, cmake_force_configure=False, ament_cmake_args=None, catkin_cmake_args=None, catkin_skip_building_tests=False, mixin_files=None, mixin=None, verb_parser=<colcon_mixin.mixin.mixin_argument.MixinArgumentDecorator object at 0x72d97fc2aad0>, verb_extension=<colcon_core.verb.build.BuildVerb object at 0x72d97fc2a500>, main=<bound method BuildVerb.main of <colcon_core.verb.build.BuildVerb object at 0x72d97fc2a500>>, mixin_verb=('build',))
[0.180s] Level 1:colcon.colcon_core.package_discovery:discover_packages(colcon_meta) check parameters
[0.180s] Level 1:colcon.colcon_core.package_discovery:discover_packages(recursive) check parameters
[0.180s] Level 1:colcon.colcon_core.package_discovery:discover_packages(ignore) check parameters
[0.180s] Level 1:colcon.colcon_core.package_discovery:discover_packages(path) check parameters
[0.180s] Level 1:colcon.colcon_core.package_discovery:discover_packages(colcon_meta) discover
[0.180s] Level 1:colcon.colcon_core.package_discovery:discover_packages(recursive) discover
[0.180s] INFO:colcon.colcon_core.package_discovery:Crawling recursively for packages in '/home/robomaven/ws/ros2_ws'
[0.180s] Level 1:colcon.colcon_core.package_identification:_identify(.) by extensions ['ignore', 'ignore_ament_install']
[0.180s] Level 1:colcon.colcon_core.package_identification:_identify(.) by extension 'ignore'
[0.180s] Level 1:colcon.colcon_core.package_identification:_identify(.) by extension 'ignore_ament_install'
[0.180s] Level 1:colcon.colcon_core.package_identification:_identify(.) by extensions ['colcon_pkg']
[0.180s] Level 1:colcon.colcon_core.package_identification:_identify(.) by extension 'colcon_pkg'
[0.180s] Level 1:colcon.colcon_core.package_identification:_identify(.) by extensions ['colcon_meta']
[0.180s] Level 1:colcon.colcon_core.package_identification:_identify(.) by extension 'colcon_meta'
[0.180s] Level 1:colcon.colcon_core.package_identification:_identify(.) by extensions ['ros']
[0.180s] Level 1:colcon.colcon_core.package_identification:_identify(.) by extension 'ros'
[0.188s] Level 1:colcon.colcon_core.package_identification:_identify(.) by extensions ['cmake', 'python']
[0.188s] Level 1:colcon.colcon_core.package_identification:_identify(.) by extension 'cmake'
[0.188s] Level 1:colcon.colcon_core.package_identification:_identify(.) by extension 'python'
[0.188s] Level 1:colcon.colcon_core.package_identification:_identify(.) by extensions ['python_setup_py']
[0.188s] Level 1:colcon.colcon_core.package_identification:_identify(.) by extension 'python_setup_py'
[0.188s] Level 1:colcon.colcon_core.package_identification:_identify(build) by extensions ['ignore', 'ignore_ament_install']
[0.188s] Level 1:colcon.colcon_core.package_identification:_identify(build) by extension 'ignore'
[0.188s] Level 1:colcon.colcon_core.package_identification:_identify(build) ignored
[0.188s] Level 1:colcon.colcon_core.package_identification:_identify(install) by extensions ['ignore', 'ignore_ament_install']
[0.188s] Level 1:colcon.colcon_core.package_identification:_identify(install) by extension 'ignore'
[0.188s] Level 1:colcon.colcon_core.package_identification:_identify(install) ignored
[0.188s] Level 1:colcon.colcon_core.package_identification:_identify(log) by extensions ['ignore', 'ignore_ament_install']
[0.188s] Level 1:colcon.colcon_core.package_identification:_identify(log) by extension 'ignore'
[0.188s] Level 1:colcon.colcon_core.package_identification:_identify(log) ignored
[0.188s] Level 1:colcon.colcon_core.package_identification:_identify(src) by extensions ['ignore', 'ignore_ament_install']
[0.188s] Level 1:colcon.colcon_core.package_identification:_identify(src) by extension 'ignore'
[0.188s] Level 1:colcon.colcon_core.package_identification:_identify(src) by extension 'ignore_ament_install'
[0.188s] Level 1:colcon.colcon_core.package_identification:_identify(src) by extensions ['colcon_pkg']
[0.188s] Level 1:colcon.colcon_core.package_identification:_identify(src) by extension 'colcon_pkg'
[0.188s] Level 1:colcon.colcon_core.package_identification:_identify(src) by extensions ['colcon_meta']
[0.188s] Level 1:colcon.colcon_core.package_identification:_identify(src) by extension 'colcon_meta'
[0.189s] Level 1:colcon.colcon_core.package_identification:_identify(src) by extensions ['ros']
[0.189s] Level 1:colcon.colcon_core.package_identification:_identify(src) by extension 'ros'
[0.189s] Level 1:colcon.colcon_core.package_identification:_identify(src) by extensions ['cmake', 'python']
[0.189s] Level 1:colcon.colcon_core.package_identification:_identify(src) by extension 'cmake'
[0.189s] Level 1:colcon.colcon_core.package_identification:_identify(src) by extension 'python'
[0.189s] Level 1:colcon.colcon_core.package_identification:_identify(src) by extensions ['python_setup_py']
[0.189s] Level 1:colcon.colcon_core.package_identification:_identify(src) by extension 'python_setup_py'
[0.189s] Level 1:colcon.colcon_core.package_identification:_identify(src/my_cpp_pkg) by extensions ['ignore', 'ignore_ament_install']
[0.189s] Level 1:colcon.colcon_core.package_identification:_identify(src/my_cpp_pkg) by extension 'ignore'
[0.189s] Level 1:colcon.colcon_core.package_identification:_identify(src/my_cpp_pkg) by extension 'ignore_ament_install'
[0.189s] Level 1:colcon.colcon_core.package_identification:_identify(src/my_cpp_pkg) by extensions ['colcon_pkg']
[0.189s] Level 1:colcon.colcon_core.package_identification:_identify(src/my_cpp_pkg) by extension 'colcon_pkg'
[0.189s] Level 1:colcon.colcon_core.package_identification:_identify(src/my_cpp_pkg) by extensions ['colcon_meta']
[0.189s] Level 1:colcon.colcon_core.package_identification:_identify(src/my_cpp_pkg) by extension 'colcon_meta'
[0.189s] Level 1:colcon.colcon_core.package_identification:_identify(src/my_cpp_pkg) by extensions ['ros']
[0.189s] Level 1:colcon.colcon_core.package_identification:_identify(src/my_cpp_pkg) by extension 'ros'
[0.190s] DEBUG:colcon.colcon_core.package_identification:Package 'src/my_cpp_pkg' with type 'ros.ament_cmake' and name 'my_cpp_pkg'
[0.190s] Level 1:colcon.colcon_core.package_identification:_identify(src/my_py_pkg) by extensions ['ignore', 'ignore_ament_install']
[0.191s] Level 1:colcon.colcon_core.package_identification:_identify(src/my_py_pkg) by extension 'ignore'
[0.191s] Level 1:colcon.colcon_core.package_identification:_identify(src/my_py_pkg) by extension 'ignore_ament_install'
[0.191s] Level 1:colcon.colcon_core.package_identification:_identify(src/my_py_pkg) by extensions ['colcon_pkg']
[0.191s] Level 1:colcon.colcon_core.package_identification:_identify(src/my_py_pkg) by extension 'colcon_pkg'
[0.191s] Level 1:colcon.colcon_core.package_identification:_identify(src/my_py_pkg) by extensions ['colcon_meta']
[0.191s] Level 1:colcon.colcon_core.package_identification:_identify(src/my_py_pkg) by extension 'colcon_meta'
[0.191s] Level 1:colcon.colcon_core.package_identification:_identify(src/my_py_pkg) by extensions ['ros']
[0.191s] Level 1:colcon.colcon_core.package_identification:_identify(src/my_py_pkg) by extension 'ros'
[0.196s] DEBUG:colcon.colcon_core.package_identification:Package 'src/my_py_pkg' with type 'ros.ament_python' and name 'my_py_pkg'
[0.196s] Level 1:colcon.colcon_core.package_identification:_identify(src/my_robot_bringup) by extensions ['ignore', 'ignore_ament_install']
[0.196s] Level 1:colcon.colcon_core.package_identification:_identify(src/my_robot_bringup) by extension 'ignore'
[0.196s] Level 1:colcon.colcon_core.package_identification:_identify(src/my_robot_bringup) by extension 'ignore_ament_install'
[0.196s] Level 1:colcon.colcon_core.package_identification:_identify(src/my_robot_bringup) by extensions ['colcon_pkg']
[0.196s] Level 1:colcon.colcon_core.package_identification:_identify(src/my_robot_bringup) by extension 'colcon_pkg'
[0.196s] Level 1:colcon.colcon_core.package_identification:_identify(src/my_robot_bringup) by extensions ['colcon_meta']
[0.196s] Level 1:colcon.colcon_core.package_identification:_identify(src/my_robot_bringup) by extension 'colcon_meta'
[0.196s] Level 1:colcon.colcon_core.package_identification:_identify(src/my_robot_bringup) by extensions ['ros']
[0.196s] Level 1:colcon.colcon_core.package_identification:_identify(src/my_robot_bringup) by extension 'ros'
[0.196s] DEBUG:colcon.colcon_core.package_identification:Package 'src/my_robot_bringup' with type 'ros.ament_cmake' and name 'my_robot_bringup'
[0.196s] Level 1:colcon.colcon_core.package_identification:_identify(src/my_robot_interfaces) by extensions ['ignore', 'ignore_ament_install']
[0.196s] Level 1:colcon.colcon_core.package_identification:_identify(src/my_robot_interfaces) by extension 'ignore'
[0.196s] Level 1:colcon.colcon_core.package_identification:_identify(src/my_robot_interfaces) by extension 'ignore_ament_install'
[0.196s] Level 1:colcon.colcon_core.package_identification:_identify(src/my_robot_interfaces) by extensions ['colcon_pkg']
[0.196s] Level 1:colcon.colcon_core.package_identification:_identify(src/my_robot_interfaces) by extension 'colcon_pkg'
[0.197s] Level 1:colcon.colcon_core.package_identification:_identify(src/my_robot_interfaces) by extensions ['colcon_meta']
[0.197s] Level 1:colcon.colcon_core.package_identification:_identify(src/my_robot_interfaces) by extension 'colcon_meta'
[0.197s] Level 1:colcon.colcon_core.package_identification:_identify(src/my_robot_interfaces) by extensions ['ros']
[0.197s] Level 1:colcon.colcon_core.package_identification:_identify(src/my_robot_interfaces) by extension 'ros'
[0.197s] DEBUG:colcon.colcon_core.package_identification:Package 'src/my_robot_interfaces' with type 'ros.ament_cmake' and name 'my_robot_interfaces'
[0.197s] Level 1:colcon.colcon_core.package_identification:_identify(src/turtlesim_catch_them_all) by extensions ['ignore', 'ignore_ament_install']
[0.197s] Level 1:colcon.colcon_core.package_identification:_identify(src/turtlesim_catch_them_all) by extension 'ignore'
[0.197s] Level 1:colcon.colcon_core.package_identification:_identify(src/turtlesim_catch_them_all) by extension 'ignore_ament_install'
[0.197s] Level 1:colcon.colcon_core.package_identification:_identify(src/turtlesim_catch_them_all) by extensions ['colcon_pkg']
[0.197s] Level 1:colcon.colcon_core.package_identification:_identify(src/turtlesim_catch_them_all) by extension 'colcon_pkg'
[0.197s] Level 1:colcon.colcon_core.package_identification:_identify(src/turtlesim_catch_them_all) by extensions ['colcon_meta']
[0.197s] Level 1:colcon.colcon_core.package_identification:_identify(src/turtlesim_catch_them_all) by extension 'colcon_meta'
[0.197s] Level 1:colcon.colcon_core.package_identification:_identify(src/turtlesim_catch_them_all) by extensions ['ros']
[0.197s] Level 1:colcon.colcon_core.package_identification:_identify(src/turtlesim_catch_them_all) by extension 'ros'
[0.198s] DEBUG:colcon.colcon_core.package_identification:Package 'src/turtlesim_catch_them_all' with type 'ros.ament_python' and name 'turtlesim_catch_them_all'
[0.198s] Level 1:colcon.colcon_core.package_discovery:discover_packages(recursive) using defaults
[0.198s] Level 1:colcon.colcon_core.package_discovery:discover_packages(ignore) discover
[0.198s] Level 1:colcon.colcon_core.package_discovery:discover_packages(ignore) using defaults
[0.198s] Level 1:colcon.colcon_core.package_discovery:discover_packages(path) discover
[0.198s] Level 1:colcon.colcon_core.package_discovery:discover_packages(path) using defaults
[0.210s] Level 1:colcon.colcon_core.package_discovery:discover_packages(prefix_path) check parameters
[0.210s] Level 1:colcon.colcon_core.package_discovery:discover_packages(prefix_path) discover
[0.211s] WARNING:colcon.colcon_ros.prefix_path.ament:The path '/home/robomaven/ws/ros2_ws/install/my_py_pkg' in the environment variable AMENT_PREFIX_PATH doesn't exist
[0.211s] WARNING:colcon.colcon_ros.prefix_path.catkin:The path '/home/robomaven/ws/ros2_ws/install/my_robot_bringup' in the environment variable CMAKE_PREFIX_PATH doesn't exist
[0.211s] WARNING:colcon.colcon_ros.prefix_path.catkin:The path '/home/robomaven/ws/ros2_ws/install/my_cpp_pkg' in the environment variable CMAKE_PREFIX_PATH doesn't exist
[0.211s] WARNING:colcon.colcon_ros.prefix_path.catkin:The path '/home/robomaven/ws/ros2_ws/install/my_robot_interfaces' in the environment variable CMAKE_PREFIX_PATH doesn't exist
[0.211s] DEBUG:colcon.colcon_installed_package_information.package_discovery:Found 0 installed packages in /home/robomaven/ws/ros2_ws/install
[0.212s] DEBUG:colcon.colcon_installed_package_information.package_discovery:Found 413 installed packages in /opt/ros/humble
[0.214s] Level 1:colcon.colcon_core.package_discovery:discover_packages(prefix_path) using defaults
[0.242s] Level 5:colcon.colcon_core.verb:set package 'my_robot_interfaces' build argument 'cmake_args' from command line to 'None'
[0.242s] Level 5:colcon.colcon_core.verb:set package 'my_robot_interfaces' build argument 'cmake_target' from command line to 'None'
[0.243s] Level 5:colcon.colcon_core.verb:set package 'my_robot_interfaces' build argument 'cmake_target_skip_unavailable' from command line to 'False'
[0.243s] Level 5:colcon.colcon_core.verb:set package 'my_robot_interfaces' build argument 'cmake_clean_cache' from command line to 'False'
[0.243s] Level 5:colcon.colcon_core.verb:set package 'my_robot_interfaces' build argument 'cmake_clean_first' from command line to 'False'
[0.243s] Level 5:colcon.colcon_core.verb:set package 'my_robot_interfaces' build argument 'cmake_force_configure' from command line to 'False'
[0.243s] Level 5:colcon.colcon_core.verb:set package 'my_robot_interfaces' build argument 'ament_cmake_args' from command line to 'None'
[0.243s] Level 5:colcon.colcon_core.verb:set package 'my_robot_interfaces' build argument 'catkin_cmake_args' from command line to 'None'
[0.243s] Level 5:colcon.colcon_core.verb:set package 'my_robot_interfaces' build argument 'catkin_skip_building_tests' from command line to 'False'
[0.243s] DEBUG:colcon.colcon_core.verb:Building package 'my_robot_interfaces' with the following arguments: {'ament_cmake_args': None, 'build_base': '/home/robomaven/ws/ros2_ws/build/my_robot_interfaces', 'catkin_cmake_args': None, 'catkin_skip_building_tests': False, 'cmake_args': None, 'cmake_clean_cache': False, 'cmake_clean_first': False, 'cmake_force_configure': False, 'cmake_target': None, 'cmake_target_skip_unavailable': False, 'install_base': '/home/robomaven/ws/ros2_ws/install/my_robot_interfaces', 'merge_install': False, 'path': '/home/robomaven/ws/ros2_ws/src/my_robot_interfaces', 'symlink_install': False, 'test_result_base': None}
[0.243s] Level 5:colcon.colcon_core.verb:set package 'turtlesim_catch_them_all' build argument 'cmake_args' from command line to 'None'
[0.243s] Level 5:colcon.colcon_core.verb:set package 'turtlesim_catch_them_all' build argument 'cmake_target' from command line to 'None'
[0.243s] Level 5:colcon.colcon_core.verb:set package 'turtlesim_catch_them_all' build argument 'cmake_target_skip_unavailable' from command line to 'False'
[0.243s] Level 5:colcon.colcon_core.verb:set package 'turtlesim_catch_them_all' build argument 'cmake_clean_cache' from command line to 'False'
[0.243s] Level 5:colcon.colcon_core.verb:set package 'turtlesim_catch_them_all' build argument 'cmake_clean_first' from command line to 'False'
[0.243s] Level 5:colcon.colcon_core.verb:set package 'turtlesim_catch_them_all' build argument 'cmake_force_configure' from command line to 'False'
[0.243s] Level 5:colcon.colcon_core.verb:set package 'turtlesim_catch_them_all' build argument 'ament_cmake_args' from command line to 'None'
[0.243s] Level 5:colcon.colcon_core.verb:set package 'turtlesim_catch_them_all' build argument 'catkin_cmake_args' from command line to 'None'
[0.243s] Level 5:colcon.colcon_core.verb:set package 'turtlesim_catch_them_all' build argument 'catkin_skip_building_tests' from command line to 'False'
[0.243s] DEBUG:colcon.colcon_core.verb:Building package 'turtlesim_catch_them_all' with the following arguments: {'ament_cmake_args': None, 'build_base': '/home/robomaven/ws/ros2_ws/build/turtlesim_catch_them_all', 'catkin_cmake_args': None, 'catkin_skip_building_tests': False, 'cmake_args': None, 'cmake_clean_cache': False, 'cmake_clean_first': False, 'cmake_force_configure': False, 'cmake_target': None, 'cmake_target_skip_unavailable': False, 'install_base': '/home/robomaven/ws/ros2_ws/install/turtlesim_catch_them_all', 'merge_install': False, 'path': '/home/robomaven/ws/ros2_ws/src/turtlesim_catch_them_all', 'symlink_install': False, 'test_result_base': None}
[0.243s] Level 5:colcon.colcon_core.verb:set package 'my_cpp_pkg' build argument 'cmake_args' from command line to 'None'
[0.243s] Level 5:colcon.colcon_core.verb:set package 'my_cpp_pkg' build argument 'cmake_target' from command line to 'None'
[0.243s] Level 5:colcon.colcon_core.verb:set package 'my_cpp_pkg' build argument 'cmake_target_skip_unavailable' from command line to 'False'
[0.243s] Level 5:colcon.colcon_core.verb:set package 'my_cpp_pkg' build argument 'cmake_clean_cache' from command line to 'False'
[0.243s] Level 5:colcon.colcon_core.verb:set package 'my_cpp_pkg' build argument 'cmake_clean_first' from command line to 'False'
[0.243s] Level 5:colcon.colcon_core.verb:set package 'my_cpp_pkg' build argument 'cmake_force_configure' from command line to 'False'
[0.243s] Level 5:colcon.colcon_core.verb:set package 'my_cpp_pkg' build argument 'ament_cmake_args' from command line to 'None'
[0.243s] Level 5:colcon.colcon_core.verb:set package 'my_cpp_pkg' build argument 'catkin_cmake_args' from command line to 'None'
[0.243s] Level 5:colcon.colcon_core.verb:set package 'my_cpp_pkg' build argument 'catkin_skip_building_tests' from command line to 'False'
[0.243s] DEBUG:colcon.colcon_core.verb:Building package 'my_cpp_pkg' with the following arguments: {'ament_cmake_args': None, 'build_base': '/home/robomaven/ws/ros2_ws/build/my_cpp_pkg', 'catkin_cmake_args': None, 'catkin_skip_building_tests': False, 'cmake_args': None, 'cmake_clean_cache': False, 'cmake_clean_first': False, 'cmake_force_configure': False, 'cmake_target': None, 'cmake_target_skip_unavailable': False, 'install_base': '/home/robomaven/ws/ros2_ws/install/my_cpp_pkg', 'merge_install': False, 'path': '/home/robomaven/ws/ros2_ws/src/my_cpp_pkg', 'symlink_install': False, 'test_result_base': None}
[0.243s] Level 5:colcon.colcon_core.verb:set package 'my_py_pkg' build argument 'cmake_args' from command line to 'None'
[0.244s] Level 5:colcon.colcon_core.verb:set package 'my_py_pkg' build argument 'cmake_target' from command line to 'None'
[0.244s] Level 5:colcon.colcon_core.verb:set package 'my_py_pkg' build argument 'cmake_target_skip_unavailable' from command line to 'False'
[0.244s] Level 5:colcon.colcon_core.verb:set package 'my_py_pkg' build argument 'cmake_clean_cache' from command line to 'False'
[0.244s] Level 5:colcon.colcon_core.verb:set package 'my_py_pkg' build argument 'cmake_clean_first' from command line to 'False'
[0.244s] Level 5:colcon.colcon_core.verb:set package 'my_py_pkg' build argument 'cmake_force_configure' from command line to 'False'
[0.244s] Level 5:colcon.colcon_core.verb:set package 'my_py_pkg' build argument 'ament_cmake_args' from command line to 'None'
[0.244s] Level 5:colcon.colcon_core.verb:set package 'my_py_pkg' build argument 'catkin_cmake_args' from command line to 'None'
[0.244s] Level 5:colcon.colcon_core.verb:set package 'my_py_pkg' build argument 'catkin_skip_building_tests' from command line to 'False'
[0.244s] DEBUG:colcon.colcon_core.verb:Building package 'my_py_pkg' with the following arguments: {'ament_cmake_args': None, 'build_base': '/home/robomaven/ws/ros2_ws/build/my_py_pkg', 'catkin_cmake_args': None, 'catkin_skip_building_tests': False, 'cmake_args': None, 'cmake_clean_cache': False, 'cmake_clean_first': False, 'cmake_force_configure': False, 'cmake_target': None, 'cmake_target_skip_unavailable': False, 'install_base': '/home/robomaven/ws/ros2_ws/install/my_py_pkg', 'merge_install': False, 'path': '/home/robomaven/ws/ros2_ws/src/my_py_pkg', 'symlink_install': False, 'test_result_base': None}
[0.244s] Level 5:colcon.colcon_core.verb:set package 'my_robot_bringup' build argument 'cmake_args' from command line to 'None'
[0.244s] Level 5:colcon.colcon_core.verb:set package 'my_robot_bringup' build argument 'cmake_target' from command line to 'None'
[0.244s] Level 5:colcon.colcon_core.verb:set package 'my_robot_bringup' build argument 'cmake_target_skip_unavailable' from command line to 'False'
[0.244s] Level 5:colcon.colcon_core.verb:set package 'my_robot_bringup' build argument 'cmake_clean_cache' from command line to 'False'
[0.244s] Level 5:colcon.colcon_core.verb:set package 'my_robot_bringup' build argument 'cmake_clean_first' from command line to 'False'
[0.244s] Level 5:colcon.colcon_core.verb:set package 'my_robot_bringup' build argument 'cmake_force_configure' from command line to 'False'
[0.244s] Level 5:colcon.colcon_core.verb:set package 'my_robot_bringup' build argument 'ament_cmake_args' from command line to 'None'
[0.244s] Level 5:colcon.colcon_core.verb:set package 'my_robot_bringup' build argument 'catkin_cmake_args' from command line to 'None'
[0.244s] Level 5:colcon.colcon_core.verb:set package 'my_robot_bringup' build argument 'catkin_skip_building_tests' from command line to 'False'
[0.244s] DEBUG:colcon.colcon_core.verb:Building package 'my_robot_bringup' with the following arguments: {'ament_cmake_args': None, 'build_base': '/home/robomaven/ws/ros2_ws/build/my_robot_bringup', 'catkin_cmake_args': None, 'catkin_skip_building_tests': False, 'cmake_args': None, 'cmake_clean_cache': False, 'cmake_clean_first': False, 'cmake_force_configure': False, 'cmake_target': None, 'cmake_target_skip_unavailable': False, 'install_base': '/home/robomaven/ws/ros2_ws/install/my_robot_bringup', 'merge_install': False, 'path': '/home/robomaven/ws/ros2_ws/src/my_robot_bringup', 'symlink_install': False, 'test_result_base': None}
[0.244s] INFO:colcon.colcon_core.executor:Executing jobs using 'parallel' executor
[0.245s] DEBUG:colcon.colcon_parallel_executor.executor.parallel:run_until_complete
[0.245s] INFO:colcon.colcon_ros.task.ament_cmake.build:Building ROS package in '/home/robomaven/ws/ros2_ws/src/my_robot_interfaces' with build type 'ament_cmake'
[0.245s] INFO:colcon.colcon_cmake.task.cmake.build:Building CMake package in '/home/robomaven/ws/ros2_ws/src/my_robot_interfaces'
[0.246s] INFO:colcon.colcon_core.plugin_system:Skipping extension 'colcon_core.shell.bat': Not used on non-Windows systems
[0.246s] INFO:colcon.colcon_core.shell:Skip shell extension 'powershell' for command environment: Not usable outside of PowerShell
[0.246s] DEBUG:colcon.colcon_core.shell:Skip shell extension 'dsv' for command environment
[0.249s] INFO:colcon.colcon_ros.task.ament_python.build:Building ROS package in '/home/robomaven/ws/ros2_ws/src/turtlesim_catch_them_all' with build type 'ament_python'
[0.249s] Level 1:colcon.colcon_core.shell:create_environment_hook('turtlesim_catch_them_all', 'ament_prefix_path')
[0.249s] INFO:colcon.colcon_core.shell:Creating environment hook '/home/robomaven/ws/ros2_ws/install/turtlesim_catch_them_all/share/turtlesim_catch_them_all/hook/ament_prefix_path.ps1'
[0.249s] INFO:colcon.colcon_core.shell:Creating environment descriptor '/home/robomaven/ws/ros2_ws/install/turtlesim_catch_them_all/share/turtlesim_catch_them_all/hook/ament_prefix_path.dsv'
[0.249s] INFO:colcon.colcon_core.shell:Creating environment hook '/home/robomaven/ws/ros2_ws/install/turtlesim_catch_them_all/share/turtlesim_catch_them_all/hook/ament_prefix_path.sh'
[0.250s] INFO:colcon.colcon_core.shell:Skip shell extension 'powershell' for command environment: Not usable outside of PowerShell
[0.250s] DEBUG:colcon.colcon_core.shell:Skip shell extension 'dsv' for command environment
[0.254s] DEBUG:colcon.colcon_core.event_handler.log_command:Invoking command in '/home/robomaven/ws/ros2_ws/build/my_robot_interfaces': CMAKE_PREFIX_PATH=${CMAKE_PREFIX_PATH}:/home/robomaven/ws/ros2_ws/install/my_py_pkg:/opt/ros/humble /usr/bin/cmake /home/robomaven/ws/ros2_ws/src/my_robot_interfaces -DCMAKE_INSTALL_PREFIX=/home/robomaven/ws/ros2_ws/install/my_robot_interfaces
[0.419s] INFO:colcon.colcon_core.task.python.build:Building Python package in '/home/robomaven/ws/ros2_ws/src/turtlesim_catch_them_all'
[0.420s] INFO:colcon.colcon_core.shell:Skip shell extension 'powershell' for command environment: Not usable outside of PowerShell
[0.420s] DEBUG:colcon.colcon_core.shell:Skip shell extension 'dsv' for command environment
[0.645s] DEBUG:colcon.colcon_core.event_handler.log_command:Invoking command in '/home/robomaven/ws/ros2_ws/src/turtlesim_catch_them_all': PYTHONPATH=/home/robomaven/ws/ros2_ws/build/turtlesim_catch_them_all/prefix_override:/home/robomaven/ws/ros2_ws/install/turtlesim_catch_them_all/lib/python3.10/site-packages:${PYTHONPATH} /usr/bin/python3 -W ignore:setup.py install is deprecated setup.py egg_info --egg-base ../../build/turtlesim_catch_them_all build --build-base /home/robomaven/ws/ros2_ws/build/turtlesim_catch_them_all/build install --record /home/robomaven/ws/ros2_ws/build/turtlesim_catch_them_all/install.log --single-version-externally-managed install_data
[0.826s] DEBUG:colcon.colcon_core.event_handler.log_command:Invoked command in '/home/robomaven/ws/ros2_ws/src/turtlesim_catch_them_all' returned '0': PYTHONPATH=/home/robomaven/ws/ros2_ws/build/turtlesim_catch_them_all/prefix_override:/home/robomaven/ws/ros2_ws/install/turtlesim_catch_them_all/lib/python3.10/site-packages:${PYTHONPATH} /usr/bin/python3 -W ignore:setup.py install is deprecated setup.py egg_info --egg-base ../../build/turtlesim_catch_them_all build --build-base /home/robomaven/ws/ros2_ws/build/turtlesim_catch_them_all/build install --record /home/robomaven/ws/ros2_ws/build/turtlesim_catch_them_all/install.log --single-version-externally-managed install_data
[0.828s] Level 1:colcon.colcon_core.environment:checking '/home/robomaven/ws/ros2_ws/install/turtlesim_catch_them_all' for CMake module files
[0.829s] Level 1:colcon.colcon_core.environment:checking '/home/robomaven/ws/ros2_ws/install/turtlesim_catch_them_all' for CMake config files
[0.829s] Level 1:colcon.colcon_core.environment:checking '/home/robomaven/ws/ros2_ws/install/turtlesim_catch_them_all/lib'
[0.829s] Level 1:colcon.colcon_core.environment:checking '/home/robomaven/ws/ros2_ws/install/turtlesim_catch_them_all/bin'
[0.829s] Level 1:colcon.colcon_core.environment:checking '/home/robomaven/ws/ros2_ws/install/turtlesim_catch_them_all/lib/pkgconfig/turtlesim_catch_them_all.pc'
[0.829s] Level 1:colcon.colcon_core.environment:checking '/home/robomaven/ws/ros2_ws/install/turtlesim_catch_them_all/lib/python3.10/site-packages'
[0.829s] Level 1:colcon.colcon_core.shell:create_environment_hook('turtlesim_catch_them_all', 'pythonpath')
[0.829s] INFO:colcon.colcon_core.shell:Creating environment hook '/home/robomaven/ws/ros2_ws/install/turtlesim_catch_them_all/share/turtlesim_catch_them_all/hook/pythonpath.ps1'
[0.830s] INFO:colcon.colcon_core.shell:Creating environment descriptor '/home/robomaven/ws/ros2_ws/install/turtlesim_catch_them_all/share/turtlesim_catch_them_all/hook/pythonpath.dsv'
[0.830s] INFO:colcon.colcon_core.shell:Creating environment hook '/home/robomaven/ws/ros2_ws/install/turtlesim_catch_them_all/share/turtlesim_catch_them_all/hook/pythonpath.sh'
[0.830s] Level 1:colcon.colcon_core.environment:checking '/home/robomaven/ws/ros2_ws/install/turtlesim_catch_them_all/bin'
[0.830s] Level 1:colcon.colcon_core.environment:create_environment_scripts_only(turtlesim_catch_them_all)
[0.830s] INFO:colcon.colcon_core.shell:Creating package script '/home/robomaven/ws/ros2_ws/install/turtlesim_catch_them_all/share/turtlesim_catch_them_all/package.ps1'
[0.831s] INFO:colcon.colcon_core.shell:Creating package descriptor '/home/robomaven/ws/ros2_ws/install/turtlesim_catch_them_all/share/turtlesim_catch_them_all/package.dsv'
[0.831s] INFO:colcon.colcon_core.shell:Creating package script '/home/robomaven/ws/ros2_ws/install/turtlesim_catch_them_all/share/turtlesim_catch_them_all/package.sh'
[0.831s] INFO:colcon.colcon_core.shell:Creating package script '/home/robomaven/ws/ros2_ws/install/turtlesim_catch_them_all/share/turtlesim_catch_them_all/package.bash'
[0.832s] INFO:colcon.colcon_core.shell:Creating package script '/home/robomaven/ws/ros2_ws/install/turtlesim_catch_them_all/share/turtlesim_catch_them_all/package.zsh'
[0.832s] Level 1:colcon.colcon_core.environment:create_file_with_runtime_dependencies(/home/robomaven/ws/ros2_ws/install/turtlesim_catch_them_all/share/colcon-core/packages/turtlesim_catch_them_all)
[1.285s] DEBUG:colcon.colcon_core.event_handler.log_command:Invoked command in '/home/robomaven/ws/ros2_ws/build/my_robot_interfaces' returned '0': CMAKE_PREFIX_PATH=${CMAKE_PREFIX_PATH}:/home/robomaven/ws/ros2_ws/install/my_py_pkg:/opt/ros/humble /usr/bin/cmake /home/robomaven/ws/ros2_ws/src/my_robot_interfaces -DCMAKE_INSTALL_PREFIX=/home/robomaven/ws/ros2_ws/install/my_robot_interfaces
[1.287s] DEBUG:colcon.colcon_core.event_handler.log_command:Invoking command in '/home/robomaven/ws/ros2_ws/build/my_robot_interfaces': CMAKE_PREFIX_PATH=${CMAKE_PREFIX_PATH}:/home/robomaven/ws/ros2_ws/install/my_py_pkg:/opt/ros/humble /usr/bin/cmake --build /home/robomaven/ws/ros2_ws/build/my_robot_interfaces -- -j20 -l20
[2.617s] DEBUG:colcon.colcon_core.event_handler.log_command:Invoked command in '/home/robomaven/ws/ros2_ws/build/my_robot_interfaces' returned '0': CMAKE_PREFIX_PATH=${CMAKE_PREFIX_PATH}:/home/robomaven/ws/ros2_ws/install/my_py_pkg:/opt/ros/humble /usr/bin/cmake --build /home/robomaven/ws/ros2_ws/build/my_robot_interfaces -- -j20 -l20
[2.703s] DEBUG:colcon.colcon_core.event_handler.log_command:Invoking command in '/home/robomaven/ws/ros2_ws/build/my_robot_interfaces': CMAKE_PREFIX_PATH=${CMAKE_PREFIX_PATH}:/home/robomaven/ws/ros2_ws/install/my_py_pkg:/opt/ros/humble /usr/bin/cmake --install /home/robomaven/ws/ros2_ws/build/my_robot_interfaces
[2.771s] Level 1:colcon.colcon_core.environment:create_environment_scripts_only(my_robot_interfaces)
[2.772s] Level 1:colcon.colcon_core.environment:checking '/home/robomaven/ws/ros2_ws/install/my_robot_interfaces' for CMake module files
[2.772s] DEBUG:colcon.colcon_core.event_handler.log_command:Invoked command in '/home/robomaven/ws/ros2_ws/build/my_robot_interfaces' returned '0': CMAKE_PREFIX_PATH=${CMAKE_PREFIX_PATH}:/home/robomaven/ws/ros2_ws/install/my_py_pkg:/opt/ros/humble /usr/bin/cmake --install /home/robomaven/ws/ros2_ws/build/my_robot_interfaces
[2.772s] Level 1:colcon.colcon_core.environment:checking '/home/robomaven/ws/ros2_ws/install/my_robot_interfaces' for CMake config files
[2.773s] Level 1:colcon.colcon_core.shell:create_environment_hook('my_robot_interfaces', 'cmake_prefix_path')
[2.773s] INFO:colcon.colcon_core.shell:Creating environment hook '/home/robomaven/ws/ros2_ws/install/my_robot_interfaces/share/my_robot_interfaces/hook/cmake_prefix_path.ps1'
[2.773s] INFO:colcon.colcon_core.shell:Creating environment descriptor '/home/robomaven/ws/ros2_ws/install/my_robot_interfaces/share/my_robot_interfaces/hook/cmake_prefix_path.dsv'
[2.773s] INFO:colcon.colcon_core.shell:Creating environment hook '/home/robomaven/ws/ros2_ws/install/my_robot_interfaces/share/my_robot_interfaces/hook/cmake_prefix_path.sh'
[2.773s] Level 1:colcon.colcon_core.environment:checking '/home/robomaven/ws/ros2_ws/install/my_robot_interfaces/lib'
[2.773s] Level 1:colcon.colcon_core.shell:create_environment_hook('my_robot_interfaces', 'ld_library_path_lib')
[2.774s] INFO:colcon.colcon_core.shell:Creating environment hook '/home/robomaven/ws/ros2_ws/install/my_robot_interfaces/share/my_robot_interfaces/hook/ld_library_path_lib.ps1'
[2.774s] INFO:colcon.colcon_core.shell:Creating environment descriptor '/home/robomaven/ws/ros2_ws/install/my_robot_interfaces/share/my_robot_interfaces/hook/ld_library_path_lib.dsv'
[2.774s] INFO:colcon.colcon_core.shell:Creating environment hook '/home/robomaven/ws/ros2_ws/install/my_robot_interfaces/share/my_robot_interfaces/hook/ld_library_path_lib.sh'
[2.774s] Level 1:colcon.colcon_core.environment:checking '/home/robomaven/ws/ros2_ws/install/my_robot_interfaces/bin'
[2.774s] Level 1:colcon.colcon_core.environment:checking '/home/robomaven/ws/ros2_ws/install/my_robot_interfaces/lib/pkgconfig/my_robot_interfaces.pc'
[2.774s] Level 1:colcon.colcon_core.environment:checking '/home/robomaven/ws/ros2_ws/install/my_robot_interfaces/lib/python3.10/site-packages'
[2.774s] Level 1:colcon.colcon_core.environment:checking '/home/robomaven/ws/ros2_ws/install/my_robot_interfaces/bin'
[2.774s] INFO:colcon.colcon_core.shell:Creating package script '/home/robomaven/ws/ros2_ws/install/my_robot_interfaces/share/my_robot_interfaces/package.ps1'
[2.775s] INFO:colcon.colcon_core.shell:Creating package descriptor '/home/robomaven/ws/ros2_ws/install/my_robot_interfaces/share/my_robot_interfaces/package.dsv'
[2.775s] INFO:colcon.colcon_core.shell:Creating package script '/home/robomaven/ws/ros2_ws/install/my_robot_interfaces/share/my_robot_interfaces/package.sh'
[2.775s] INFO:colcon.colcon_core.shell:Creating package script '/home/robomaven/ws/ros2_ws/install/my_robot_interfaces/share/my_robot_interfaces/package.bash'
[2.775s] INFO:colcon.colcon_core.shell:Creating package script '/home/robomaven/ws/ros2_ws/install/my_robot_interfaces/share/my_robot_interfaces/package.zsh'
[2.775s] Level 1:colcon.colcon_core.environment:create_file_with_runtime_dependencies(/home/robomaven/ws/ros2_ws/install/my_robot_interfaces/share/colcon-core/packages/my_robot_interfaces)
[2.843s] Level 1:colcon.colcon_core.environment:create_environment_scripts_only(my_robot_interfaces)
[2.843s] Level 1:colcon.colcon_core.environment:checking '/home/robomaven/ws/ros2_ws/install/my_robot_interfaces' for CMake module files
[2.844s] Level 1:colcon.colcon_core.environment:checking '/home/robomaven/ws/ros2_ws/install/my_robot_interfaces' for CMake config files
[2.845s] Level 1:colcon.colcon_core.shell:create_environment_hook('my_robot_interfaces', 'cmake_prefix_path')
[2.845s] INFO:colcon.colcon_core.shell:Creating environment hook '/home/robomaven/ws/ros2_ws/install/my_robot_interfaces/share/my_robot_interfaces/hook/cmake_prefix_path.ps1'
[2.845s] INFO:colcon.colcon_core.shell:Creating environment descriptor '/home/robomaven/ws/ros2_ws/install/my_robot_interfaces/share/my_robot_interfaces/hook/cmake_prefix_path.dsv'
[2.846s] INFO:colcon.colcon_core.shell:Creating environment hook '/home/robomaven/ws/ros2_ws/install/my_robot_interfaces/share/my_robot_interfaces/hook/cmake_prefix_path.sh'
[2.846s] Level 1:colcon.colcon_core.environment:checking '/home/robomaven/ws/ros2_ws/install/my_robot_interfaces/lib'
[2.846s] Level 1:colcon.colcon_core.shell:create_environment_hook('my_robot_interfaces', 'ld_library_path_lib')
[2.846s] INFO:colcon.colcon_core.shell:Creating environment hook '/home/robomaven/ws/ros2_ws/install/my_robot_interfaces/share/my_robot_interfaces/hook/ld_library_path_lib.ps1'
[2.847s] INFO:colcon.colcon_core.shell:Creating environment descriptor '/home/robomaven/ws/ros2_ws/install/my_robot_interfaces/share/my_robot_interfaces/hook/ld_library_path_lib.dsv'
[2.847s] INFO:colcon.colcon_core.shell:Creating environment hook '/home/robomaven/ws/ros2_ws/install/my_robot_interfaces/share/my_robot_interfaces/hook/ld_library_path_lib.sh'
[2.847s] Level 1:colcon.colcon_core.environment:checking '/home/robomaven/ws/ros2_ws/install/my_robot_interfaces/bin'
[2.847s] Level 1:colcon.colcon_core.environment:checking '/home/robomaven/ws/ros2_ws/install/my_robot_interfaces/lib/pkgconfig/my_robot_interfaces.pc'
[2.847s] Level 1:colcon.colcon_core.environment:checking '/home/robomaven/ws/ros2_ws/install/my_robot_interfaces/lib/python3.10/site-packages'
[2.848s] Level 1:colcon.colcon_core.environment:checking '/home/robomaven/ws/ros2_ws/install/my_robot_interfaces/bin'
[2.848s] INFO:colcon.colcon_core.shell:Creating package script '/home/robomaven/ws/ros2_ws/install/my_robot_interfaces/share/my_robot_interfaces/package.ps1'
[2.848s] INFO:colcon.colcon_core.shell:Creating package descriptor '/home/robomaven/ws/ros2_ws/install/my_robot_interfaces/share/my_robot_interfaces/package.dsv'
[2.849s] INFO:colcon.colcon_core.shell:Creating package script '/home/robomaven/ws/ros2_ws/install/my_robot_interfaces/share/my_robot_interfaces/package.sh'
[2.849s] INFO:colcon.colcon_core.shell:Creating package script '/home/robomaven/ws/ros2_ws/install/my_robot_interfaces/share/my_robot_interfaces/package.bash'
[2.850s] INFO:colcon.colcon_core.shell:Creating package script '/home/robomaven/ws/ros2_ws/install/my_robot_interfaces/share/my_robot_interfaces/package.zsh'
[2.850s] Level 1:colcon.colcon_core.environment:create_file_with_runtime_dependencies(/home/robomaven/ws/ros2_ws/install/my_robot_interfaces/share/colcon-core/packages/my_robot_interfaces)
[2.850s] INFO:colcon.colcon_ros.task.ament_cmake.build:Building ROS package in '/home/robomaven/ws/ros2_ws/src/my_cpp_pkg' with build type 'ament_cmake'
[2.851s] INFO:colcon.colcon_cmake.task.cmake.build:Building CMake package in '/home/robomaven/ws/ros2_ws/src/my_cpp_pkg'
[2.851s] INFO:colcon.colcon_core.shell:Skip shell extension 'powershell' for command environment: Not usable outside of PowerShell
[2.851s] DEBUG:colcon.colcon_core.shell:Skip shell extension 'dsv' for command environment
[2.854s] INFO:colcon.colcon_ros.task.ament_python.build:Building ROS package in '/home/robomaven/ws/ros2_ws/src/my_py_pkg' with build type 'ament_python'
[2.854s] Level 1:colcon.colcon_core.shell:create_environment_hook('my_py_pkg', 'ament_prefix_path')
[2.854s] INFO:colcon.colcon_core.shell:Creating environment hook '/home/robomaven/ws/ros2_ws/install/my_py_pkg/share/my_py_pkg/hook/ament_prefix_path.ps1'
[2.855s] INFO:colcon.colcon_core.shell:Creating environment descriptor '/home/robomaven/ws/ros2_ws/install/my_py_pkg/share/my_py_pkg/hook/ament_prefix_path.dsv'
[2.855s] INFO:colcon.colcon_core.shell:Creating environment hook '/home/robomaven/ws/ros2_ws/install/my_py_pkg/share/my_py_pkg/hook/ament_prefix_path.sh'
[2.855s] INFO:colcon.colcon_core.shell:Skip shell extension 'powershell' for command environment: Not usable outside of PowerShell
[2.856s] DEBUG:colcon.colcon_core.shell:Skip shell extension 'dsv' for command environment
[2.862s] DEBUG:colcon.colcon_core.event_handler.log_command:Invoking command in '/home/robomaven/ws/ros2_ws/build/my_cpp_pkg': AMENT_PREFIX_PATH=/home/robomaven/ws/ros2_ws/install/my_robot_interfaces:${AMENT_PREFIX_PATH} CMAKE_PREFIX_PATH=/home/robomaven/ws/ros2_ws/install/my_robot_interfaces:/home/robomaven/ws/ros2_ws/install/my_robot_bringup:/home/robomaven/ws/ros2_ws/install/my_cpp_pkg:/home/robomaven/ws/ros2_ws/install/my_py_pkg:/opt/ros/humble PYTHONPATH=/home/robomaven/ws/ros2_ws/install/my_robot_interfaces/local/lib/python3.10/dist-packages:${PYTHONPATH} /usr/bin/cmake /home/robomaven/ws/ros2_ws/src/my_cpp_pkg -DCMAKE_INSTALL_PREFIX=/home/robomaven/ws/ros2_ws/install/my_cpp_pkg
[3.028s] INFO:colcon.colcon_core.task.python.build:Building Python package in '/home/robomaven/ws/ros2_ws/src/my_py_pkg'
[3.028s] INFO:colcon.colcon_core.shell:Skip shell extension 'powershell' for command environment: Not usable outside of PowerShell
[3.028s] DEBUG:colcon.colcon_core.shell:Skip shell extension 'dsv' for command environment
[3.253s] DEBUG:colcon.colcon_core.event_handler.log_command:Invoking command in '/home/robomaven/ws/ros2_ws/src/my_py_pkg': AMENT_PREFIX_PATH=/home/robomaven/ws/ros2_ws/install/my_robot_interfaces:${AMENT_PREFIX_PATH} CMAKE_PREFIX_PATH=/home/robomaven/ws/ros2_ws/install/my_robot_interfaces:/home/robomaven/ws/ros2_ws/install/my_robot_bringup:/home/robomaven/ws/ros2_ws/install/my_cpp_pkg PYTHONPATH=/home/robomaven/ws/ros2_ws/build/my_py_pkg/prefix_override:/home/robomaven/ws/ros2_ws/install/my_py_pkg/lib/python3.10/site-packages:/home/robomaven/ws/ros2_ws/install/my_robot_interfaces/local/lib/python3.10/dist-packages:${PYTHONPATH} /usr/bin/python3 -W ignore:setup.py install is deprecated setup.py egg_info --egg-base ../../build/my_py_pkg build --build-base /home/robomaven/ws/ros2_ws/build/my_py_pkg/build install --record /home/robomaven/ws/ros2_ws/build/my_py_pkg/install.log --single-version-externally-managed install_data
[3.437s] Level 1:colcon.colcon_core.environment:checking '/home/robomaven/ws/ros2_ws/install/my_py_pkg' for CMake module files
[3.438s] DEBUG:colcon.colcon_core.event_handler.log_command:Invoked command in '/home/robomaven/ws/ros2_ws/src/my_py_pkg' returned '0': AMENT_PREFIX_PATH=/home/robomaven/ws/ros2_ws/install/my_robot_interfaces:${AMENT_PREFIX_PATH} CMAKE_PREFIX_PATH=/home/robomaven/ws/ros2_ws/install/my_robot_interfaces:/home/robomaven/ws/ros2_ws/install/my_robot_bringup:/home/robomaven/ws/ros2_ws/install/my_cpp_pkg PYTHONPATH=/home/robomaven/ws/ros2_ws/build/my_py_pkg/prefix_override:/home/robomaven/ws/ros2_ws/install/my_py_pkg/lib/python3.10/site-packages:/home/robomaven/ws/ros2_ws/install/my_robot_interfaces/local/lib/python3.10/dist-packages:${PYTHONPATH} /usr/bin/python3 -W ignore:setup.py install is deprecated setup.py egg_info --egg-base ../../build/my_py_pkg build --build-base /home/robomaven/ws/ros2_ws/build/my_py_pkg/build install --record /home/robomaven/ws/ros2_ws/build/my_py_pkg/install.log --single-version-externally-managed install_data
[3.438s] Level 1:colcon.colcon_core.environment:checking '/home/robomaven/ws/ros2_ws/install/my_py_pkg' for CMake config files
[3.438s] Level 1:colcon.colcon_core.environment:checking '/home/robomaven/ws/ros2_ws/install/my_py_pkg/lib'
[3.438s] Level 1:colcon.colcon_core.environment:checking '/home/robomaven/ws/ros2_ws/install/my_py_pkg/bin'
[3.438s] Level 1:colcon.colcon_core.environment:checking '/home/robomaven/ws/ros2_ws/install/my_py_pkg/lib/pkgconfig/my_py_pkg.pc'
[3.438s] Level 1:colcon.colcon_core.environment:checking '/home/robomaven/ws/ros2_ws/install/my_py_pkg/lib/python3.10/site-packages'
[3.438s] Level 1:colcon.colcon_core.shell:create_environment_hook('my_py_pkg', 'pythonpath')
[3.438s] INFO:colcon.colcon_core.shell:Creating environment hook '/home/robomaven/ws/ros2_ws/install/my_py_pkg/share/my_py_pkg/hook/pythonpath.ps1'
[3.439s] INFO:colcon.colcon_core.shell:Creating environment descriptor '/home/robomaven/ws/ros2_ws/install/my_py_pkg/share/my_py_pkg/hook/pythonpath.dsv'
[3.439s] INFO:colcon.colcon_core.shell:Creating environment hook '/home/robomaven/ws/ros2_ws/install/my_py_pkg/share/my_py_pkg/hook/pythonpath.sh'
[3.439s] Level 1:colcon.colcon_core.environment:checking '/home/robomaven/ws/ros2_ws/install/my_py_pkg/bin'
[3.439s] Level 1:colcon.colcon_core.environment:create_environment_scripts_only(my_py_pkg)
[3.439s] INFO:colcon.colcon_core.shell:Creating package script '/home/robomaven/ws/ros2_ws/install/my_py_pkg/share/my_py_pkg/package.ps1'
[3.440s] INFO:colcon.colcon_core.shell:Creating package descriptor '/home/robomaven/ws/ros2_ws/install/my_py_pkg/share/my_py_pkg/package.dsv'
[3.440s] INFO:colcon.colcon_core.shell:Creating package script '/home/robomaven/ws/ros2_ws/install/my_py_pkg/share/my_py_pkg/package.sh'
[3.440s] INFO:colcon.colcon_core.shell:Creating package script '/home/robomaven/ws/ros2_ws/install/my_py_pkg/share/my_py_pkg/package.bash'
[3.440s] INFO:colcon.colcon_core.shell:Creating package script '/home/robomaven/ws/ros2_ws/install/my_py_pkg/share/my_py_pkg/package.zsh'
[3.440s] Level 1:colcon.colcon_core.environment:create_file_with_runtime_dependencies(/home/robomaven/ws/ros2_ws/install/my_py_pkg/share/colcon-core/packages/my_py_pkg)
[3.764s] DEBUG:colcon.colcon_core.event_handler.log_command:Invoked command in '/home/robomaven/ws/ros2_ws/build/my_cpp_pkg' returned '0': AMENT_PREFIX_PATH=/home/robomaven/ws/ros2_ws/install/my_robot_interfaces:${AMENT_PREFIX_PATH} CMAKE_PREFIX_PATH=/home/robomaven/ws/ros2_ws/install/my_robot_interfaces:/home/robomaven/ws/ros2_ws/install/my_robot_bringup:/home/robomaven/ws/ros2_ws/install/my_cpp_pkg:/home/robomaven/ws/ros2_ws/install/my_py_pkg:/opt/ros/humble PYTHONPATH=/home/robomaven/ws/ros2_ws/install/my_robot_interfaces/local/lib/python3.10/dist-packages:${PYTHONPATH} /usr/bin/cmake /home/robomaven/ws/ros2_ws/src/my_cpp_pkg -DCMAKE_INSTALL_PREFIX=/home/robomaven/ws/ros2_ws/install/my_cpp_pkg
[3.765s] DEBUG:colcon.colcon_core.event_handler.log_command:Invoking command in '/home/robomaven/ws/ros2_ws/build/my_cpp_pkg': AMENT_PREFIX_PATH=/home/robomaven/ws/ros2_ws/install/my_robot_interfaces:${AMENT_PREFIX_PATH} CMAKE_PREFIX_PATH=/home/robomaven/ws/ros2_ws/install/my_robot_interfaces:/home/robomaven/ws/ros2_ws/install/my_robot_bringup:/home/robomaven/ws/ros2_ws/install/my_cpp_pkg:/home/robomaven/ws/ros2_ws/install/my_py_pkg:/opt/ros/humble PYTHONPATH=/home/robomaven/ws/ros2_ws/install/my_robot_interfaces/local/lib/python3.10/dist-packages:${PYTHONPATH} /usr/bin/cmake --build /home/robomaven/ws/ros2_ws/build/my_cpp_pkg -- -j20 -l20
[9.287s] DEBUG:colcon.colcon_core.event_handler.log_command:Invoked command in '/home/robomaven/ws/ros2_ws/build/my_cpp_pkg' returned '0': AMENT_PREFIX_PATH=/home/robomaven/ws/ros2_ws/install/my_robot_interfaces:${AMENT_PREFIX_PATH} CMAKE_PREFIX_PATH=/home/robomaven/ws/ros2_ws/install/my_robot_interfaces:/home/robomaven/ws/ros2_ws/install/my_robot_bringup:/home/robomaven/ws/ros2_ws/install/my_cpp_pkg:/home/robomaven/ws/ros2_ws/install/my_py_pkg:/opt/ros/humble PYTHONPATH=/home/robomaven/ws/ros2_ws/install/my_robot_interfaces/local/lib/python3.10/dist-packages:${PYTHONPATH} /usr/bin/cmake --build /home/robomaven/ws/ros2_ws/build/my_cpp_pkg -- -j20 -l20
[9.340s] DEBUG:colcon.colcon_core.event_handler.log_command:Invoking command in '/home/robomaven/ws/ros2_ws/build/my_cpp_pkg': AMENT_PREFIX_PATH=/home/robomaven/ws/ros2_ws/install/my_robot_interfaces:${AMENT_PREFIX_PATH} CMAKE_PREFIX_PATH=/home/robomaven/ws/ros2_ws/install/my_robot_interfaces:/home/robomaven/ws/ros2_ws/install/my_robot_bringup:/home/robomaven/ws/ros2_ws/install/my_cpp_pkg:/home/robomaven/ws/ros2_ws/install/my_py_pkg:/opt/ros/humble PYTHONPATH=/home/robomaven/ws/ros2_ws/install/my_robot_interfaces/local/lib/python3.10/dist-packages:${PYTHONPATH} /usr/bin/cmake --install /home/robomaven/ws/ros2_ws/build/my_cpp_pkg
[9.361s] Level 1:colcon.colcon_core.environment:create_environment_scripts_only(my_cpp_pkg)
[9.361s] DEBUG:colcon.colcon_core.event_handler.log_command:Invoked command in '/home/robomaven/ws/ros2_ws/build/my_cpp_pkg' returned '0': AMENT_PREFIX_PATH=/home/robomaven/ws/ros2_ws/install/my_robot_interfaces:${AMENT_PREFIX_PATH} CMAKE_PREFIX_PATH=/home/robomaven/ws/ros2_ws/install/my_robot_interfaces:/home/robomaven/ws/ros2_ws/install/my_robot_bringup:/home/robomaven/ws/ros2_ws/install/my_cpp_pkg:/home/robomaven/ws/ros2_ws/install/my_py_pkg:/opt/ros/humble PYTHONPATH=/home/robomaven/ws/ros2_ws/install/my_robot_interfaces/local/lib/python3.10/dist-packages:${PYTHONPATH} /usr/bin/cmake --install /home/robomaven/ws/ros2_ws/build/my_cpp_pkg
[9.361s] Level 1:colcon.colcon_core.environment:checking '/home/robomaven/ws/ros2_ws/install/my_cpp_pkg' for CMake module files
[9.362s] Level 1:colcon.colcon_core.environment:checking '/home/robomaven/ws/ros2_ws/install/my_cpp_pkg' for CMake config files
[9.363s] Level 1:colcon.colcon_core.shell:create_environment_hook('my_cpp_pkg', 'cmake_prefix_path')
[9.363s] INFO:colcon.colcon_core.shell:Creating environment hook '/home/robomaven/ws/ros2_ws/install/my_cpp_pkg/share/my_cpp_pkg/hook/cmake_prefix_path.ps1'
[9.363s] INFO:colcon.colcon_core.shell:Creating environment descriptor '/home/robomaven/ws/ros2_ws/install/my_cpp_pkg/share/my_cpp_pkg/hook/cmake_prefix_path.dsv'
[9.364s] INFO:colcon.colcon_core.shell:Creating environment hook '/home/robomaven/ws/ros2_ws/install/my_cpp_pkg/share/my_cpp_pkg/hook/cmake_prefix_path.sh'
[9.364s] Level 1:colcon.colcon_core.environment:checking '/home/robomaven/ws/ros2_ws/install/my_cpp_pkg/lib'
[9.364s] Level 1:colcon.colcon_core.environment:checking '/home/robomaven/ws/ros2_ws/install/my_cpp_pkg/bin'
[9.364s] Level 1:colcon.colcon_core.environment:checking '/home/robomaven/ws/ros2_ws/install/my_cpp_pkg/lib/pkgconfig/my_cpp_pkg.pc'
[9.364s] Level 1:colcon.colcon_core.environment:checking '/home/robomaven/ws/ros2_ws/install/my_cpp_pkg/lib/python3.10/site-packages'
[9.365s] Level 1:colcon.colcon_core.environment:checking '/home/robomaven/ws/ros2_ws/install/my_cpp_pkg/bin'
[9.365s] INFO:colcon.colcon_core.shell:Creating package script '/home/robomaven/ws/ros2_ws/install/my_cpp_pkg/share/my_cpp_pkg/package.ps1'
[9.365s] INFO:colcon.colcon_core.shell:Creating package descriptor '/home/robomaven/ws/ros2_ws/install/my_cpp_pkg/share/my_cpp_pkg/package.dsv'
[9.366s] INFO:colcon.colcon_core.shell:Creating package script '/home/robomaven/ws/ros2_ws/install/my_cpp_pkg/share/my_cpp_pkg/package.sh'
[9.366s] INFO:colcon.colcon_core.shell:Creating package script '/home/robomaven/ws/ros2_ws/install/my_cpp_pkg/share/my_cpp_pkg/package.bash'
[9.366s] INFO:colcon.colcon_core.shell:Creating package script '/home/robomaven/ws/ros2_ws/install/my_cpp_pkg/share/my_cpp_pkg/package.zsh'
[9.367s] Level 1:colcon.colcon_core.environment:create_file_with_runtime_dependencies(/home/robomaven/ws/ros2_ws/install/my_cpp_pkg/share/colcon-core/packages/my_cpp_pkg)
[9.420s] Level 1:colcon.colcon_core.environment:create_environment_scripts_only(my_cpp_pkg)
[9.420s] Level 1:colcon.colcon_core.environment:checking '/home/robomaven/ws/ros2_ws/install/my_cpp_pkg' for CMake module files
[9.421s] Level 1:colcon.colcon_core.environment:checking '/home/robomaven/ws/ros2_ws/install/my_cpp_pkg' for CMake config files
[9.421s] Level 1:colcon.colcon_core.shell:create_environment_hook('my_cpp_pkg', 'cmake_prefix_path')
[9.421s] INFO:colcon.colcon_core.shell:Creating environment hook '/home/robomaven/ws/ros2_ws/install/my_cpp_pkg/share/my_cpp_pkg/hook/cmake_prefix_path.ps1'
[9.421s] INFO:colcon.colcon_core.shell:Creating environment descriptor '/home/robomaven/ws/ros2_ws/install/my_cpp_pkg/share/my_cpp_pkg/hook/cmake_prefix_path.dsv'
[9.422s] INFO:colcon.colcon_core.shell:Creating environment hook '/home/robomaven/ws/ros2_ws/install/my_cpp_pkg/share/my_cpp_pkg/hook/cmake_prefix_path.sh'
[9.422s] Level 1:colcon.colcon_core.environment:checking '/home/robomaven/ws/ros2_ws/install/my_cpp_pkg/lib'
[9.422s] Level 1:colcon.colcon_core.environment:checking '/home/robomaven/ws/ros2_ws/install/my_cpp_pkg/bin'
[9.422s] Level 1:colcon.colcon_core.environment:checking '/home/robomaven/ws/ros2_ws/install/my_cpp_pkg/lib/pkgconfig/my_cpp_pkg.pc'
[9.423s] Level 1:colcon.colcon_core.environment:checking '/home/robomaven/ws/ros2_ws/install/my_cpp_pkg/lib/python3.10/site-packages'
[9.423s] Level 1:colcon.colcon_core.environment:checking '/home/robomaven/ws/ros2_ws/install/my_cpp_pkg/bin'
[9.423s] INFO:colcon.colcon_core.shell:Creating package script '/home/robomaven/ws/ros2_ws/install/my_cpp_pkg/share/my_cpp_pkg/package.ps1'
[9.424s] INFO:colcon.colcon_core.shell:Creating package descriptor '/home/robomaven/ws/ros2_ws/install/my_cpp_pkg/share/my_cpp_pkg/package.dsv'
[9.424s] INFO:colcon.colcon_core.shell:Creating package script '/home/robomaven/ws/ros2_ws/install/my_cpp_pkg/share/my_cpp_pkg/package.sh'
[9.424s] INFO:colcon.colcon_core.shell:Creating package script '/home/robomaven/ws/ros2_ws/install/my_cpp_pkg/share/my_cpp_pkg/package.bash'
[9.425s] INFO:colcon.colcon_core.shell:Creating package script '/home/robomaven/ws/ros2_ws/install/my_cpp_pkg/share/my_cpp_pkg/package.zsh'
[9.425s] Level 1:colcon.colcon_core.environment:create_file_with_runtime_dependencies(/home/robomaven/ws/ros2_ws/install/my_cpp_pkg/share/colcon-core/packages/my_cpp_pkg)
[9.425s] INFO:colcon.colcon_ros.task.ament_cmake.build:Building ROS package in '/home/robomaven/ws/ros2_ws/src/my_robot_bringup' with build type 'ament_cmake'
[9.426s] INFO:colcon.colcon_cmake.task.cmake.build:Building CMake package in '/home/robomaven/ws/ros2_ws/src/my_robot_bringup'
[9.426s] INFO:colcon.colcon_core.shell:Skip shell extension 'powershell' for command environment: Not usable outside of PowerShell
[9.426s] DEBUG:colcon.colcon_core.shell:Skip shell extension 'dsv' for command environment
[9.439s] DEBUG:colcon.colcon_core.event_handler.log_command:Invoking command in '/home/robomaven/ws/ros2_ws/build/my_robot_bringup': AMENT_PREFIX_PATH=/home/robomaven/ws/ros2_ws/install/my_py_pkg:/home/robomaven/ws/ros2_ws/install/my_cpp_pkg:/home/robomaven/ws/ros2_ws/install/my_robot_interfaces:/opt/ros/humble CMAKE_PREFIX_PATH=/home/robomaven/ws/ros2_ws/install/my_cpp_pkg:/home/robomaven/ws/ros2_ws/install/my_robot_interfaces:/home/robomaven/ws/ros2_ws/install/my_robot_bringup:/home/robomaven/ws/ros2_ws/install/my_py_pkg:/opt/ros/humble PYTHONPATH=/home/robomaven/ws/ros2_ws/install/my_py_pkg/lib/python3.10/site-packages:/home/robomaven/ws/ros2_ws/install/my_robot_interfaces/local/lib/python3.10/dist-packages:/home/robomaven/ros2_ws/build/my_py_pkg:/opt/ros/humble/lib/python3.10/site-packages:/opt/ros/humble/local/lib/python3.10/dist-packages /usr/bin/cmake /home/robomaven/ws/ros2_ws/src/my_robot_bringup -DCMAKE_INSTALL_PREFIX=/home/robomaven/ws/ros2_ws/install/my_robot_bringup
[9.925s] DEBUG:colcon.colcon_core.event_handler.log_command:Invoked command in '/home/robomaven/ws/ros2_ws/build/my_robot_bringup' returned '0': AMENT_PREFIX_PATH=/home/robomaven/ws/ros2_ws/install/my_py_pkg:/home/robomaven/ws/ros2_ws/install/my_cpp_pkg:/home/robomaven/ws/ros2_ws/install/my_robot_interfaces:/opt/ros/humble CMAKE_PREFIX_PATH=/home/robomaven/ws/ros2_ws/install/my_cpp_pkg:/home/robomaven/ws/ros2_ws/install/my_robot_interfaces:/home/robomaven/ws/ros2_ws/install/my_robot_bringup:/home/robomaven/ws/ros2_ws/install/my_py_pkg:/opt/ros/humble PYTHONPATH=/home/robomaven/ws/ros2_ws/install/my_py_pkg/lib/python3.10/site-packages:/home/robomaven/ws/ros2_ws/install/my_robot_interfaces/local/lib/python3.10/dist-packages:/home/robomaven/ros2_ws/build/my_py_pkg:/opt/ros/humble/lib/python3.10/site-packages:/opt/ros/humble/local/lib/python3.10/dist-packages /usr/bin/cmake /home/robomaven/ws/ros2_ws/src/my_robot_bringup -DCMAKE_INSTALL_PREFIX=/home/robomaven/ws/ros2_ws/install/my_robot_bringup
[9.925s] DEBUG:colcon.colcon_core.event_handler.log_command:Invoking command in '/home/robomaven/ws/ros2_ws/build/my_robot_bringup': AMENT_PREFIX_PATH=/home/robomaven/ws/ros2_ws/install/my_py_pkg:/home/robomaven/ws/ros2_ws/install/my_cpp_pkg:/home/robomaven/ws/ros2_ws/install/my_robot_interfaces:/opt/ros/humble CMAKE_PREFIX_PATH=/home/robomaven/ws/ros2_ws/install/my_cpp_pkg:/home/robomaven/ws/ros2_ws/install/my_robot_interfaces:/home/robomaven/ws/ros2_ws/install/my_robot_bringup:/home/robomaven/ws/ros2_ws/install/my_py_pkg:/opt/ros/humble PYTHONPATH=/home/robomaven/ws/ros2_ws/install/my_py_pkg/lib/python3.10/site-packages:/home/robomaven/ws/ros2_ws/install/my_robot_interfaces/local/lib/python3.10/dist-packages:/home/robomaven/ros2_ws/build/my_py_pkg:/opt/ros/humble/lib/python3.10/site-packages:/opt/ros/humble/local/lib/python3.10/dist-packages /usr/bin/cmake --build /home/robomaven/ws/ros2_ws/build/my_robot_bringup -- -j20 -l20
[9.954s] DEBUG:colcon.colcon_core.event_handler.log_command:Invoked command in '/home/robomaven/ws/ros2_ws/build/my_robot_bringup' returned '0': AMENT_PREFIX_PATH=/home/robomaven/ws/ros2_ws/install/my_py_pkg:/home/robomaven/ws/ros2_ws/install/my_cpp_pkg:/home/robomaven/ws/ros2_ws/install/my_robot_interfaces:/opt/ros/humble CMAKE_PREFIX_PATH=/home/robomaven/ws/ros2_ws/install/my_cpp_pkg:/home/robomaven/ws/ros2_ws/install/my_robot_interfaces:/home/robomaven/ws/ros2_ws/install/my_robot_bringup:/home/robomaven/ws/ros2_ws/install/my_py_pkg:/opt/ros/humble PYTHONPATH=/home/robomaven/ws/ros2_ws/install/my_py_pkg/lib/python3.10/site-packages:/home/robomaven/ws/ros2_ws/install/my_robot_interfaces/local/lib/python3.10/dist-packages:/home/robomaven/ros2_ws/build/my_py_pkg:/opt/ros/humble/lib/python3.10/site-packages:/opt/ros/humble/local/lib/python3.10/dist-packages /usr/bin/cmake --build /home/robomaven/ws/ros2_ws/build/my_robot_bringup -- -j20 -l20
[9.977s] DEBUG:colcon.colcon_core.event_handler.log_command:Invoking command in '/home/robomaven/ws/ros2_ws/build/my_robot_bringup': AMENT_PREFIX_PATH=/home/robomaven/ws/ros2_ws/install/my_py_pkg:/home/robomaven/ws/ros2_ws/install/my_cpp_pkg:/home/robomaven/ws/ros2_ws/install/my_robot_interfaces:/opt/ros/humble CMAKE_PREFIX_PATH=/home/robomaven/ws/ros2_ws/install/my_cpp_pkg:/home/robomaven/ws/ros2_ws/install/my_robot_interfaces:/home/robomaven/ws/ros2_ws/install/my_robot_bringup:/home/robomaven/ws/ros2_ws/install/my_py_pkg:/opt/ros/humble PYTHONPATH=/home/robomaven/ws/ros2_ws/install/my_py_pkg/lib/python3.10/site-packages:/home/robomaven/ws/ros2_ws/install/my_robot_interfaces/local/lib/python3.10/dist-packages:/home/robomaven/ros2_ws/build/my_py_pkg:/opt/ros/humble/lib/python3.10/site-packages:/opt/ros/humble/local/lib/python3.10/dist-packages /usr/bin/cmake --install /home/robomaven/ws/ros2_ws/build/my_robot_bringup
[9.988s] Level 1:colcon.colcon_core.environment:create_environment_scripts_only(my_robot_bringup)
[9.988s] Level 1:colcon.colcon_core.environment:checking '/home/robomaven/ws/ros2_ws/install/my_robot_bringup' for CMake module files
[9.989s] DEBUG:colcon.colcon_core.event_handler.log_command:Invoked command in '/home/robomaven/ws/ros2_ws/build/my_robot_bringup' returned '0': AMENT_PREFIX_PATH=/home/robomaven/ws/ros2_ws/install/my_py_pkg:/home/robomaven/ws/ros2_ws/install/my_cpp_pkg:/home/robomaven/ws/ros2_ws/install/my_robot_interfaces:/opt/ros/humble CMAKE_PREFIX_PATH=/home/robomaven/ws/ros2_ws/install/my_cpp_pkg:/home/robomaven/ws/ros2_ws/install/my_robot_interfaces:/home/robomaven/ws/ros2_ws/install/my_robot_bringup:/home/robomaven/ws/ros2_ws/install/my_py_pkg:/opt/ros/humble PYTHONPATH=/home/robomaven/ws/ros2_ws/install/my_py_pkg/lib/python3.10/site-packages:/home/robomaven/ws/ros2_ws/install/my_robot_interfaces/local/lib/python3.10/dist-packages:/home/robomaven/ros2_ws/build/my_py_pkg:/opt/ros/humble/lib/python3.10/site-packages:/opt/ros/humble/local/lib/python3.10/dist-packages /usr/bin/cmake --install /home/robomaven/ws/ros2_ws/build/my_robot_bringup
[9.989s] Level 1:colcon.colcon_core.environment:checking '/home/robomaven/ws/ros2_ws/install/my_robot_bringup' for CMake config files
[9.989s] Level 1:colcon.colcon_core.shell:create_environment_hook('my_robot_bringup', 'cmake_prefix_path')
[9.990s] INFO:colcon.colcon_core.shell:Creating environment hook '/home/robomaven/ws/ros2_ws/install/my_robot_bringup/share/my_robot_bringup/hook/cmake_prefix_path.ps1'
[9.990s] INFO:colcon.colcon_core.shell:Creating environment descriptor '/home/robomaven/ws/ros2_ws/install/my_robot_bringup/share/my_robot_bringup/hook/cmake_prefix_path.dsv'
[9.990s] INFO:colcon.colcon_core.shell:Creating environment hook '/home/robomaven/ws/ros2_ws/install/my_robot_bringup/share/my_robot_bringup/hook/cmake_prefix_path.sh'
[9.991s] Level 1:colcon.colcon_core.environment:checking '/home/robomaven/ws/ros2_ws/install/my_robot_bringup/bin'
[9.991s] Level 1:colcon.colcon_core.environment:checking '/home/robomaven/ws/ros2_ws/install/my_robot_bringup/lib/pkgconfig/my_robot_bringup.pc'
[9.991s] Level 1:colcon.colcon_core.environment:checking '/home/robomaven/ws/ros2_ws/install/my_robot_bringup/lib/python3.10/site-packages'
[9.991s] Level 1:colcon.colcon_core.environment:checking '/home/robomaven/ws/ros2_ws/install/my_robot_bringup/bin'
[9.992s] INFO:colcon.colcon_core.shell:Creating package script '/home/robomaven/ws/ros2_ws/install/my_robot_bringup/share/my_robot_bringup/package.ps1'
[9.992s] INFO:colcon.colcon_core.shell:Creating package descriptor '/home/robomaven/ws/ros2_ws/install/my_robot_bringup/share/my_robot_bringup/package.dsv'
[9.993s] INFO:colcon.colcon_core.shell:Creating package script '/home/robomaven/ws/ros2_ws/install/my_robot_bringup/share/my_robot_bringup/package.sh'
[9.993s] INFO:colcon.colcon_core.shell:Creating package script '/home/robomaven/ws/ros2_ws/install/my_robot_bringup/share/my_robot_bringup/package.bash'
[9.993s] INFO:colcon.colcon_core.shell:Creating package script '/home/robomaven/ws/ros2_ws/install/my_robot_bringup/share/my_robot_bringup/package.zsh'
[9.993s] Level 1:colcon.colcon_core.environment:create_file_with_runtime_dependencies(/home/robomaven/ws/ros2_ws/install/my_robot_bringup/share/colcon-core/packages/my_robot_bringup)
[10.020s] Level 1:colcon.colcon_core.environment:create_environment_scripts_only(my_robot_bringup)
[10.020s] Level 1:colcon.colcon_core.environment:checking '/home/robomaven/ws/ros2_ws/install/my_robot_bringup' for CMake module files
[10.020s] Level 1:colcon.colcon_core.environment:checking '/home/robomaven/ws/ros2_ws/install/my_robot_bringup' for CMake config files
[10.021s] Level 1:colcon.colcon_core.shell:create_environment_hook('my_robot_bringup', 'cmake_prefix_path')
[10.021s] INFO:colcon.colcon_core.shell:Creating environment hook '/home/robomaven/ws/ros2_ws/install/my_robot_bringup/share/my_robot_bringup/hook/cmake_prefix_path.ps1'
[10.021s] INFO:colcon.colcon_core.shell:Creating environment descriptor '/home/robomaven/ws/ros2_ws/install/my_robot_bringup/share/my_robot_bringup/hook/cmake_prefix_path.dsv'
[10.022s] INFO:colcon.colcon_core.shell:Creating environment hook '/home/robomaven/ws/ros2_ws/install/my_robot_bringup/share/my_robot_bringup/hook/cmake_prefix_path.sh'
[10.022s] Level 1:colcon.colcon_core.environment:checking '/home/robomaven/ws/ros2_ws/install/my_robot_bringup/bin'
[10.022s] Level 1:colcon.colcon_core.environment:checking '/home/robomaven/ws/ros2_ws/install/my_robot_bringup/lib/pkgconfig/my_robot_bringup.pc'
[10.023s] Level 1:colcon.colcon_core.environment:checking '/home/robomaven/ws/ros2_ws/install/my_robot_bringup/lib/python3.10/site-packages'
[10.023s] Level 1:colcon.colcon_core.environment:checking '/home/robomaven/ws/ros2_ws/install/my_robot_bringup/bin'
[10.023s] INFO:colcon.colcon_core.shell:Creating package script '/home/robomaven/ws/ros2_ws/install/my_robot_bringup/share/my_robot_bringup/package.ps1'
[10.024s] INFO:colcon.colcon_core.shell:Creating package descriptor '/home/robomaven/ws/ros2_ws/install/my_robot_bringup/share/my_robot_bringup/package.dsv'
[10.024s] INFO:colcon.colcon_core.shell:Creating package script '/home/robomaven/ws/ros2_ws/install/my_robot_bringup/share/my_robot_bringup/package.sh'
[10.025s] INFO:colcon.colcon_core.shell:Creating package script '/home/robomaven/ws/ros2_ws/install/my_robot_bringup/share/my_robot_bringup/package.bash'
[10.025s] INFO:colcon.colcon_core.shell:Creating package script '/home/robomaven/ws/ros2_ws/install/my_robot_bringup/share/my_robot_bringup/package.zsh'
[10.026s] Level 1:colcon.colcon_core.environment:create_file_with_runtime_dependencies(/home/robomaven/ws/ros2_ws/install/my_robot_bringup/share/colcon-core/packages/my_robot_bringup)
[10.026s] DEBUG:colcon.colcon_parallel_executor.executor.parallel:closing loop
[10.026s] DEBUG:colcon.colcon_parallel_executor.executor.parallel:loop closed
[10.026s] DEBUG:colcon.colcon_parallel_executor.executor.parallel:run_until_complete finished with '0'
[10.026s] DEBUG:colcon.colcon_core.event_reactor:joining thread
[10.033s] INFO:colcon.colcon_core.plugin_system:Skipping extension 'colcon_notification.desktop_notification.terminal_notifier': Not used on non-Darwin systems
[10.033s] INFO:colcon.colcon_core.plugin_system:Skipping extension 'colcon_notification.desktop_notification.win32': Not used on non-Windows systems
[10.033s] INFO:colcon.colcon_notification.desktop_notification:Sending desktop notification using 'notify2'
[10.046s] DEBUG:colcon.colcon_core.event_reactor:joined thread
[10.047s] INFO:colcon.colcon_core.shell:Creating prefix script '/home/robomaven/ws/ros2_ws/install/local_setup.ps1'
[10.048s] INFO:colcon.colcon_core.shell:Creating prefix util module '/home/robomaven/ws/ros2_ws/install/_local_setup_util_ps1.py'
[10.049s] INFO:colcon.colcon_core.shell:Creating prefix chain script '/home/robomaven/ws/ros2_ws/install/setup.ps1'
[10.050s] INFO:colcon.colcon_core.shell:Creating prefix script '/home/robomaven/ws/ros2_ws/install/local_setup.sh'
[10.051s] INFO:colcon.colcon_core.shell:Creating prefix util module '/home/robomaven/ws/ros2_ws/install/_local_setup_util_sh.py'
[10.051s] INFO:colcon.colcon_core.shell:Creating prefix chain script '/home/robomaven/ws/ros2_ws/install/setup.sh'
[10.052s] INFO:colcon.colcon_core.shell:Creating prefix script '/home/robomaven/ws/ros2_ws/install/local_setup.bash'
[10.053s] INFO:colcon.colcon_core.shell:Creating prefix chain script '/home/robomaven/ws/ros2_ws/install/setup.bash'
[10.054s] INFO:colcon.colcon_core.shell:Creating prefix script '/home/robomaven/ws/ros2_ws/install/local_setup.zsh'
[10.055s] INFO:colcon.colcon_core.shell:Creating prefix chain script '/home/robomaven/ws/ros2_ws/install/setup.zsh'
