[0.007s] Invoking command in '/home/robomaven/ws/ros2_ws3/build/components_cpp': CMAKE_PREFIX_PATH=${CMAKE_PREFIX_PATH}:/home/robomaven/ws/ros2_ws3/install/components_py:/home/robomaven/ws/ros2_ws3/install/executors_py:/home/robomaven/ws/ros2_ws3/install/actions_py:/home/robomaven/ws/ros2_ws3/install/lifecycle_py:/opt/ros/humble /usr/bin/cmake --build /home/robomaven/ws/ros2_ws3/build/components_cpp -- -j20 -l20
[0.023s] -- Found ament_cmake: 1.3.9 (/opt/ros/humble/share/ament_cmake/cmake)
[0.113s] -- Found rclcpp: 16.0.9 (/opt/ros/humble/share/rclcpp/cmake)
[0.133s] -- Found rosidl_generator_c: 3.1.5 (/opt/ros/humble/share/rosidl_generator_c/cmake)
[0.134s] -- Found rosidl_adapter: 3.1.5 (/opt/ros/humble/share/rosidl_adapter/cmake)
[0.138s] -- Found rosidl_generator_cpp: 3.1.5 (/opt/ros/humble/share/rosidl_generator_cpp/cmake)
[0.145s] -- Using all available rosidl_typesupport_c: rosidl_typesupport_fastrtps_c;rosidl_typesupport_introspection_c
[0.155s] -- Using all available rosidl_typesupport_cpp: rosidl_typesupport_fastrtps_cpp;rosidl_typesupport_introspection_cpp
[0.193s] -- Found rmw_implementation_cmake: 6.1.2 (/opt/ros/humble/share/rmw_implementation_cmake/cmake)
[0.194s] -- Found rmw_fastrtps_cpp: 6.2.6 (/opt/ros/humble/share/rmw_fastrtps_cpp/cmake)
[0.273s] -- Using RMW implementation 'rmw_fastrtps_cpp' as default
[0.418s] -- Configuring done
[0.423s] -- Generating done
[0.424s] -- Build files have been written to: /home/robomaven/ws/ros2_ws3/build/components_cpp
[0.452s] [ 25%] [32mBuilding CXX object CMakeFiles/manual_composition.dir/src/manual_composition.cpp.o[0m
[0.453s] [ 50%] [32mBuilding CXX object CMakeFiles/manual_composition.dir/src/node1.cpp.o[0m
[0.453s] [ 75%] [32mBuilding CXX object CMakeFiles/manual_composition.dir/src/node2.cpp.o[0m
[2.258s] [100%] [32m[1mLinking CXX executable manual_composition[0m
[2.342s] [100%] Built target manual_composition
[2.353s] Invoked command in '/home/robomaven/ws/ros2_ws3/build/components_cpp' returned '0': CMAKE_PREFIX_PATH=${CMAKE_PREFIX_PATH}:/home/robomaven/ws/ros2_ws3/install/components_py:/home/robomaven/ws/ros2_ws3/install/executors_py:/home/robomaven/ws/ros2_ws3/install/actions_py:/home/robomaven/ws/ros2_ws3/install/lifecycle_py:/opt/ros/humble /usr/bin/cmake --build /home/robomaven/ws/ros2_ws3/build/components_cpp -- -j20 -l20
[2.395s] Invoking command in '/home/robomaven/ws/ros2_ws3/build/components_cpp': CMAKE_PREFIX_PATH=${CMAKE_PREFIX_PATH}:/home/robomaven/ws/ros2_ws3/install/components_py:/home/robomaven/ws/ros2_ws3/install/executors_py:/home/robomaven/ws/ros2_ws3/install/actions_py:/home/robomaven/ws/ros2_ws3/install/lifecycle_py:/opt/ros/humble /usr/bin/cmake --install /home/robomaven/ws/ros2_ws3/build/components_cpp
[2.402s] -- Install configuration: ""
[2.402s] -- Installing: /home/robomaven/ws/ros2_ws3/install/components_cpp/lib/components_cpp/manual_composition
[2.403s] -- Set runtime path of "/home/robomaven/ws/ros2_ws3/install/components_cpp/lib/components_cpp/manual_composition" to ""
[2.403s] -- Up-to-date: /home/robomaven/ws/ros2_ws3/install/components_cpp/share/ament_index/resource_index/package_run_dependencies/components_cpp
[2.403s] -- Installing: /home/robomaven/ws/ros2_ws3/install/components_cpp/share/ament_index/resource_index/parent_prefix_path/components_cpp
[2.403s] -- Up-to-date: /home/robomaven/ws/ros2_ws3/install/components_cpp/share/components_cpp/environment/ament_prefix_path.sh
[2.403s] -- Installing: /home/robomaven/ws/ros2_ws3/install/components_cpp/share/components_cpp/environment/ament_prefix_path.dsv
[2.403s] -- Up-to-date: /home/robomaven/ws/ros2_ws3/install/components_cpp/share/components_cpp/environment/path.sh
[2.403s] -- Installing: /home/robomaven/ws/ros2_ws3/install/components_cpp/share/components_cpp/environment/path.dsv
[2.404s] -- Up-to-date: /home/robomaven/ws/ros2_ws3/install/components_cpp/share/components_cpp/local_setup.bash
[2.404s] -- Up-to-date: /home/robomaven/ws/ros2_ws3/install/components_cpp/share/components_cpp/local_setup.sh
[2.404s] -- Up-to-date: /home/robomaven/ws/ros2_ws3/install/components_cpp/share/components_cpp/local_setup.zsh
[2.404s] -- Installing: /home/robomaven/ws/ros2_ws3/install/components_cpp/share/components_cpp/local_setup.dsv
[2.404s] -- Installing: /home/robomaven/ws/ros2_ws3/install/components_cpp/share/components_cpp/package.dsv
[2.404s] -- Up-to-date: /home/robomaven/ws/ros2_ws3/install/components_cpp/share/ament_index/resource_index/packages/components_cpp
[2.404s] -- Up-to-date: /home/robomaven/ws/ros2_ws3/install/components_cpp/share/components_cpp/cmake/components_cppConfig.cmake
[2.404s] -- Up-to-date: /home/robomaven/ws/ros2_ws3/install/components_cpp/share/components_cpp/cmake/components_cppConfig-version.cmake
[2.404s] -- Up-to-date: /home/robomaven/ws/ros2_ws3/install/components_cpp/share/components_cpp/package.xml
[2.406s] Invoked command in '/home/robomaven/ws/ros2_ws3/build/components_cpp' returned '0': CMAKE_PREFIX_PATH=${CMAKE_PREFIX_PATH}:/home/robomaven/ws/ros2_ws3/install/components_py:/home/robomaven/ws/ros2_ws3/install/executors_py:/home/robomaven/ws/ros2_ws3/install/actions_py:/home/robomaven/ws/ros2_ws3/install/lifecycle_py:/opt/ros/humble /usr/bin/cmake --install /home/robomaven/ws/ros2_ws3/build/components_cpp
