[0.008s] Invoking command in '/home/robomaven/ws/ros2_ws3/build/my_robot_bringup': AMENT_PREFIX_PATH=/home/robomaven/ws/ros2_ws3/install/lifecycle_py:/home/robomaven/ws/ros2_ws3/install/actions_py:/home/robomaven/ws/ros2_ws3/install/actions_cpp:/home/robomaven/ws/ros2_ws3/install/my_robot_interfaces:/home/robomaven/ws/ros2_ws3/install/lifecycle_cpp:/opt/ros/humble CMAKE_PREFIX_PATH=${CMAKE_PREFIX_PATH}:/home/robomaven/ws/ros2_ws3/install/actions_py:/home/robomaven/ws/ros2_ws3/install/lifecycle_py:/opt/ros/humble PYTHONPATH=/home/robomaven/ws/ros2_ws3/install/lifecycle_py/lib/python3.10/site-packages:/home/robomaven/ws/ros2_ws3/install/actions_py/lib/python3.10/site-packages:/home/robomaven/ws/ros2_ws3/install/my_robot_interfaces/local/lib/python3.10/dist-packages:/home/robomaven/ws/ros2_ws3/build/lifecycle_py:/opt/ros/humble/lib/python3.10/site-packages:/opt/ros/humble/local/lib/python3.10/dist-packages /usr/bin/cmake /home/robomaven/ws/ros2_ws3/src/my_robot_bringup -DCMAKE_INSTALL_PREFIX=/home/robomaven/ws/ros2_ws3/install/my_robot_bringup
[0.109s] -- The C compiler identification is GNU 11.4.0
[0.170s] -- The CXX compiler identification is GNU 11.4.0
[0.177s] -- Detecting C compiler ABI info
[0.252s] -- Detecting C compiler ABI info - done
[0.257s] -- Check for working C compiler: /usr/bin/cc - skipped
[0.257s] -- Detecting C compile features
[0.258s] -- Detecting C compile features - done
[0.260s] -- Detecting CXX compiler ABI info
[0.336s] -- Detecting CXX compiler ABI info - done
[0.343s] -- Check for working CXX compiler: /usr/bin/c++ - skipped
[0.343s] -- Detecting CXX compile features
[0.343s] -- Detecting CXX compile features - done
[0.347s] -- Found ament_cmake: 1.3.9 (/opt/ros/humble/share/ament_cmake/cmake)
[0.462s] -- Found Python3: /usr/bin/python3 (found version "3.10.12") found components: Interpreter 
[0.570s] -- Configuring done
[0.571s] -- Generating done
[0.571s] -- Build files have been written to: /home/robomaven/ws/ros2_ws3/build/my_robot_bringup
[0.574s] Invoked command in '/home/robomaven/ws/ros2_ws3/build/my_robot_bringup' returned '0': AMENT_PREFIX_PATH=/home/robomaven/ws/ros2_ws3/install/lifecycle_py:/home/robomaven/ws/ros2_ws3/install/actions_py:/home/robomaven/ws/ros2_ws3/install/actions_cpp:/home/robomaven/ws/ros2_ws3/install/my_robot_interfaces:/home/robomaven/ws/ros2_ws3/install/lifecycle_cpp:/opt/ros/humble CMAKE_PREFIX_PATH=${CMAKE_PREFIX_PATH}:/home/robomaven/ws/ros2_ws3/install/actions_py:/home/robomaven/ws/ros2_ws3/install/lifecycle_py:/opt/ros/humble PYTHONPATH=/home/robomaven/ws/ros2_ws3/install/lifecycle_py/lib/python3.10/site-packages:/home/robomaven/ws/ros2_ws3/install/actions_py/lib/python3.10/site-packages:/home/robomaven/ws/ros2_ws3/install/my_robot_interfaces/local/lib/python3.10/dist-packages:/home/robomaven/ws/ros2_ws3/build/lifecycle_py:/opt/ros/humble/lib/python3.10/site-packages:/opt/ros/humble/local/lib/python3.10/dist-packages /usr/bin/cmake /home/robomaven/ws/ros2_ws3/src/my_robot_bringup -DCMAKE_INSTALL_PREFIX=/home/robomaven/ws/ros2_ws3/install/my_robot_bringup
[0.576s] Invoking command in '/home/robomaven/ws/ros2_ws3/build/my_robot_bringup': AMENT_PREFIX_PATH=/home/robomaven/ws/ros2_ws3/install/lifecycle_py:/home/robomaven/ws/ros2_ws3/install/actions_py:/home/robomaven/ws/ros2_ws3/install/actions_cpp:/home/robomaven/ws/ros2_ws3/install/my_robot_interfaces:/home/robomaven/ws/ros2_ws3/install/lifecycle_cpp:/opt/ros/humble CMAKE_PREFIX_PATH=${CMAKE_PREFIX_PATH}:/home/robomaven/ws/ros2_ws3/install/actions_py:/home/robomaven/ws/ros2_ws3/install/lifecycle_py:/opt/ros/humble PYTHONPATH=/home/robomaven/ws/ros2_ws3/install/lifecycle_py/lib/python3.10/site-packages:/home/robomaven/ws/ros2_ws3/install/actions_py/lib/python3.10/site-packages:/home/robomaven/ws/ros2_ws3/install/my_robot_interfaces/local/lib/python3.10/dist-packages:/home/robomaven/ws/ros2_ws3/build/lifecycle_py:/opt/ros/humble/lib/python3.10/site-packages:/opt/ros/humble/local/lib/python3.10/dist-packages /usr/bin/cmake --build /home/robomaven/ws/ros2_ws3/build/my_robot_bringup -- -j20 -l20
[0.610s] Invoked command in '/home/robomaven/ws/ros2_ws3/build/my_robot_bringup' returned '0': AMENT_PREFIX_PATH=/home/robomaven/ws/ros2_ws3/install/lifecycle_py:/home/robomaven/ws/ros2_ws3/install/actions_py:/home/robomaven/ws/ros2_ws3/install/actions_cpp:/home/robomaven/ws/ros2_ws3/install/my_robot_interfaces:/home/robomaven/ws/ros2_ws3/install/lifecycle_cpp:/opt/ros/humble CMAKE_PREFIX_PATH=${CMAKE_PREFIX_PATH}:/home/robomaven/ws/ros2_ws3/install/actions_py:/home/robomaven/ws/ros2_ws3/install/lifecycle_py:/opt/ros/humble PYTHONPATH=/home/robomaven/ws/ros2_ws3/install/lifecycle_py/lib/python3.10/site-packages:/home/robomaven/ws/ros2_ws3/install/actions_py/lib/python3.10/site-packages:/home/robomaven/ws/ros2_ws3/install/my_robot_interfaces/local/lib/python3.10/dist-packages:/home/robomaven/ws/ros2_ws3/build/lifecycle_py:/opt/ros/humble/lib/python3.10/site-packages:/opt/ros/humble/local/lib/python3.10/dist-packages /usr/bin/cmake --build /home/robomaven/ws/ros2_ws3/build/my_robot_bringup -- -j20 -l20
[0.644s] Invoking command in '/home/robomaven/ws/ros2_ws3/build/my_robot_bringup': AMENT_PREFIX_PATH=/home/robomaven/ws/ros2_ws3/install/lifecycle_py:/home/robomaven/ws/ros2_ws3/install/actions_py:/home/robomaven/ws/ros2_ws3/install/actions_cpp:/home/robomaven/ws/ros2_ws3/install/my_robot_interfaces:/home/robomaven/ws/ros2_ws3/install/lifecycle_cpp:/opt/ros/humble CMAKE_PREFIX_PATH=${CMAKE_PREFIX_PATH}:/home/robomaven/ws/ros2_ws3/install/actions_py:/home/robomaven/ws/ros2_ws3/install/lifecycle_py:/opt/ros/humble PYTHONPATH=/home/robomaven/ws/ros2_ws3/install/lifecycle_py/lib/python3.10/site-packages:/home/robomaven/ws/ros2_ws3/install/actions_py/lib/python3.10/site-packages:/home/robomaven/ws/ros2_ws3/install/my_robot_interfaces/local/lib/python3.10/dist-packages:/home/robomaven/ws/ros2_ws3/build/lifecycle_py:/opt/ros/humble/lib/python3.10/site-packages:/opt/ros/humble/local/lib/python3.10/dist-packages /usr/bin/cmake --install /home/robomaven/ws/ros2_ws3/build/my_robot_bringup
[0.652s] -- Install configuration: ""
[0.652s] -- Installing: /home/robomaven/ws/ros2_ws3/install/my_robot_bringup/share/my_robot_bringup//launch
[0.652s] -- Installing: /home/robomaven/ws/ros2_ws3/install/my_robot_bringup/share/my_robot_bringup//launch/lifecycle_test.launch.py
[0.653s] -- Installing: /home/robomaven/ws/ros2_ws3/install/my_robot_bringup/share/my_robot_bringup//launch/lifecycle_test.launch.xml
[0.653s] -- Installing: /home/robomaven/ws/ros2_ws3/install/my_robot_bringup/share/ament_index/resource_index/package_run_dependencies/my_robot_bringup
[0.653s] -- Installing: /home/robomaven/ws/ros2_ws3/install/my_robot_bringup/share/ament_index/resource_index/parent_prefix_path/my_robot_bringup
[0.653s] -- Installing: /home/robomaven/ws/ros2_ws3/install/my_robot_bringup/share/my_robot_bringup/environment/ament_prefix_path.sh
[0.653s] -- Installing: /home/robomaven/ws/ros2_ws3/install/my_robot_bringup/share/my_robot_bringup/environment/ament_prefix_path.dsv
[0.653s] -- Installing: /home/robomaven/ws/ros2_ws3/install/my_robot_bringup/share/my_robot_bringup/environment/path.sh
[0.653s] -- Installing: /home/robomaven/ws/ros2_ws3/install/my_robot_bringup/share/my_robot_bringup/environment/path.dsv
[0.653s] -- Installing: /home/robomaven/ws/ros2_ws3/install/my_robot_bringup/share/my_robot_bringup/local_setup.bash
[0.653s] -- Installing: /home/robomaven/ws/ros2_ws3/install/my_robot_bringup/share/my_robot_bringup/local_setup.sh
[0.653s] -- Installing: /home/robomaven/ws/ros2_ws3/install/my_robot_bringup/share/my_robot_bringup/local_setup.zsh
[0.653s] -- Installing: /home/robomaven/ws/ros2_ws3/install/my_robot_bringup/share/my_robot_bringup/local_setup.dsv
[0.654s] -- Installing: /home/robomaven/ws/ros2_ws3/install/my_robot_bringup/share/my_robot_bringup/package.dsv
[0.654s] -- Installing: /home/robomaven/ws/ros2_ws3/install/my_robot_bringup/share/ament_index/resource_index/packages/my_robot_bringup
[0.654s] -- Installing: /home/robomaven/ws/ros2_ws3/install/my_robot_bringup/share/my_robot_bringup/cmake/my_robot_bringupConfig.cmake
[0.654s] -- Installing: /home/robomaven/ws/ros2_ws3/install/my_robot_bringup/share/my_robot_bringup/cmake/my_robot_bringupConfig-version.cmake
[0.654s] -- Installing: /home/robomaven/ws/ros2_ws3/install/my_robot_bringup/share/my_robot_bringup/package.xml
[0.656s] Invoked command in '/home/robomaven/ws/ros2_ws3/build/my_robot_bringup' returned '0': AMENT_PREFIX_PATH=/home/robomaven/ws/ros2_ws3/install/lifecycle_py:/home/robomaven/ws/ros2_ws3/install/actions_py:/home/robomaven/ws/ros2_ws3/install/actions_cpp:/home/robomaven/ws/ros2_ws3/install/my_robot_interfaces:/home/robomaven/ws/ros2_ws3/install/lifecycle_cpp:/opt/ros/humble CMAKE_PREFIX_PATH=${CMAKE_PREFIX_PATH}:/home/robomaven/ws/ros2_ws3/install/actions_py:/home/robomaven/ws/ros2_ws3/install/lifecycle_py:/opt/ros/humble PYTHONPATH=/home/robomaven/ws/ros2_ws3/install/lifecycle_py/lib/python3.10/site-packages:/home/robomaven/ws/ros2_ws3/install/actions_py/lib/python3.10/site-packages:/home/robomaven/ws/ros2_ws3/install/my_robot_interfaces/local/lib/python3.10/dist-packages:/home/robomaven/ws/ros2_ws3/build/lifecycle_py:/opt/ros/humble/lib/python3.10/site-packages:/opt/ros/humble/local/lib/python3.10/dist-packages /usr/bin/cmake --install /home/robomaven/ws/ros2_ws3/build/my_robot_bringup
