[0.040s] Invoking command in '/home/robomaven/ws/ws_moveit2/build/moveit_ros_visualization': CMAKE_PREFIX_PATH=/home/robomaven/ws/ws_moveit2/install/moveit_ros_planning_interface:/home/robomaven/ws/ws_moveit2/install/moveit_ros_move_group:/home/robomaven/ws/ws_moveit2/install/moveit_ros_warehouse:/home/robomaven/ws/ws_moveit2/install/moveit_ros_robot_interaction:/home/robomaven/ws/ws_moveit2/install/moveit_kinematics:/home/robomaven/ws/ws_moveit2/install/moveit_ros_planning:/home/robomaven/ws/ws_moveit2/install/moveit_ros_occupancy_map_monitor:/home/robomaven/ws/ws_moveit2/install/moveit_core:/home/robomaven/ws/ws_moveit2/install/srdfdom:/home/robomaven/ws/ws_moveit2/install/moveit_common:/home/robomaven/ws/ws_moveit2/install/pilz_industrial_motion_planner_testutils:/home/robomaven/ws/ws_moveit2/install/moveit_runtime:/home/robomaven/ws/ws_moveit2/install/moveit2_tutorials:/home/robomaven/ws/ws_moveit2/install/moveit:/home/robomaven/ws/ws_moveit2/install/moveit_planners:/home/robomaven/ws/ws_moveit2/install/pilz_industrial_motion_planner:/home/robomaven/ws/ws_moveit2/install/mtc_tutorial:/home/robomaven/ws/ws_moveit2/install/hello_moveit:/home/robomaven/ws/ws_moveit2/install/moveit_visual_tools:/home/robomaven/ws/ws_moveit2/install/moveit_task_constructor_visualization:/home/robomaven/ws/ws_moveit2/install/moveit_task_constructor_demo:/home/robomaven/ws/ws_moveit2/install/moveit_task_constructor_capabilities:/home/robomaven/ws/ws_moveit2/install/moveit_task_constructor_core:/home/robomaven/ws/ws_moveit2/install/moveit_ros_control_interface:/home/robomaven/ws/ws_moveit2/install/moveit_plugins:/home/robomaven/ws/ws_moveit2/install/moveit_simple_controller_manager:/home/robomaven/ws/ws_moveit2/install/moveit_setup_assistant:/home/robomaven/ws/ws_moveit2/install/moveit_setup_srdf_plugins:/home/robomaven/ws/ws_moveit2/install/moveit_setup_core_plugins:/home/robomaven/ws/ws_moveit2/install/moveit_setup_controllers:/home/robomaven/ws/ws_moveit2/install/moveit_setup_app_plugins:/home/robomaven/ws/ws_moveit2/install/moveit_setup_framework:/home/robomaven/ws/ws_moveit2/install/moveit_servo:/home/robomaven/ws/ws_moveit2/install/moveit_ros:/home/robomaven/ws/ws_moveit2/install/moveit_ros_visualization:/home/robomaven/ws/ws_moveit2/install/moveit_hybrid_planning:/home/robomaven/ws/ws_moveit2/install/moveit_ros_benchmarks:/home/robomaven/ws/ws_moveit2/install/moveit_ros_perception:/home/robomaven/ws/ws_moveit2/install/moveit_resources_prbt_pg70_support:/home/robomaven/ws/ws_moveit2/install/moveit_resources_prbt_moveit_config:/home/robomaven/ws/ws_moveit2/install/moveit_planners_ompl:/home/robomaven/ws/ws_moveit2/install/moveit_resources_prbt_ikfast_manipulator_plugin:/home/robomaven/ws/ws_moveit2/install/moveit_planners_chomp:/home/robomaven/ws/ws_moveit2/install/moveit_chomp_optimizer_adapter:/home/robomaven/ws/ws_moveit2/install/chomp_motion_planner:/home/robomaven/ws/ws_moveit2/install/rviz_marker_tools:/home/robomaven/ws/ws_moveit2/install/rosparam_shortcuts:/home/robomaven/ws/ws_moveit2/install/moveit_task_constructor_msgs:/home/robomaven/ws/ws_moveit2/install/moveit_resources_prbt_support:/home/robomaven/ws/ws_moveit2/install/moveit_resources:/home/robomaven/ws/ws_moveit2/install/moveit_resources_pr2_description:/home/robomaven/ws/ws_moveit2/install/moveit_resources_panda_moveit_config:/home/robomaven/ws/ws_moveit2/install/moveit_resources_panda_description:/home/robomaven/ws/ws_moveit2/install/moveit_resources_fanuc_moveit_config:/home/robomaven/ws/ws_moveit2/install/moveit_resources_fanuc_description:/home/robomaven/ws/ws_moveit2/install/moveit_configs_utils:/home/robomaven/ws/ws_moveit2/install/launch_param_builder:/opt/ros/humble LD_LIBRARY_PATH=/home/robomaven/ws/ws_moveit2/install/moveit_ros_planning_interface/lib:/home/robomaven/ws/ws_moveit2/install/moveit_ros_move_group/lib:/home/robomaven/ws/ws_moveit2/install/moveit_ros_warehouse/lib:/home/robomaven/ws/ws_moveit2/install/moveit_ros_robot_interaction/lib:/home/robomaven/ws/ws_moveit2/install/moveit_kinematics/lib:/home/robomaven/ws/ws_moveit2/install/moveit_ros_planning/lib:/home/robomaven/ws/ws_moveit2/install/moveit_ros_occupancy_map_monitor/lib:/home/robomaven/ws/ws_moveit2/install/moveit_core/lib:/home/robomaven/ws/ws_moveit2/install/srdfdom/lib:/home/robomaven/ws/ws_moveit2/install/pilz_industrial_motion_planner_testutils/lib:/home/robomaven/ws/ws_moveit2/install/pilz_industrial_motion_planner/lib:/home/robomaven/ws/ws_moveit2/install/moveit_visual_tools/lib:/home/robomaven/ws/ws_moveit2/install/moveit_task_constructor_visualization/lib:/home/robomaven/ws/ws_moveit2/install/moveit_task_constructor_demo/lib:/home/robomaven/ws/ws_moveit2/install/moveit_task_constructor_capabilities/lib:/home/robomaven/ws/ws_moveit2/install/moveit_task_constructor_core/lib:/home/robomaven/ws/ws_moveit2/install/moveit_ros_control_interface/lib:/home/robomaven/ws/ws_moveit2/install/moveit_simple_controller_manager/lib:/home/robomaven/ws/ws_moveit2/install/moveit_setup_assistant/lib:/home/robomaven/ws/ws_moveit2/install/moveit_setup_srdf_plugins/lib:/home/robomaven/ws/ws_moveit2/install/moveit_setup_core_plugins/lib:/home/robomaven/ws/ws_moveit2/install/moveit_setup_controllers/lib:/home/robomaven/ws/ws_moveit2/install/moveit_setup_app_plugins/lib:/home/robomaven/ws/ws_moveit2/install/moveit_setup_framework/lib:/home/robomaven/ws/ws_moveit2/install/moveit_servo/lib:/home/robomaven/ws/ws_moveit2/install/moveit_ros_visualization/lib:/home/robomaven/ws/ws_moveit2/install/moveit_hybrid_planning/lib:/home/robomaven/ws/ws_moveit2/install/moveit_ros_benchmarks/lib:/home/robomaven/ws/ws_moveit2/install/moveit_ros_perception/lib:/home/robomaven/ws/ws_moveit2/install/moveit_planners_ompl/lib:/home/robomaven/ws/ws_moveit2/install/moveit_resources_prbt_ikfast_manipulator_plugin/lib:/home/robomaven/ws/ws_moveit2/install/moveit_planners_chomp/lib:/home/robomaven/ws/ws_moveit2/install/moveit_chomp_optimizer_adapter/lib:/home/robomaven/ws/ws_moveit2/install/chomp_motion_planner/lib:/home/robomaven/ws/ws_moveit2/install/rviz_marker_tools/lib:/home/robomaven/ws/ws_moveit2/install/rosparam_shortcuts/lib:/home/robomaven/ws/ws_moveit2/install/moveit_task_constructor_msgs/lib:/usr/lib/x86_64-linux-gnu/gazebo-11/plugins:/opt/ros/humble/opt/rviz_ogre_vendor/lib:/opt/ros/humble/lib/x86_64-linux-gnu:/opt/ros/humble/lib:/usr/share/gazebo/../../lib/x86_64-linux-gnu/gazebo-11/plugins /usr/bin/cmake --build /home/robomaven/ws/ws_moveit2/build/moveit_ros_visualization -- -j20 -l20
[0.097s] [  1%] [34m[1mAutomatic MOC for target moveit_rviz_plugin_render_tools[0m
[0.134s] [  1%] Built target moveit_rviz_plugin_render_tools_autogen
[0.190s] [  3%] [32m[1mLinking CXX shared library libmoveit_rviz_plugin_render_tools.so[0m
[3.069s] [ 18%] Built target moveit_rviz_plugin_render_tools
[3.088s] [ 22%] [34m[1mAutomatic MOC for target moveit_planning_scene_rviz_plugin_core[0m
[3.088s] [ 22%] [34m[1mAutomatic MOC for target moveit_robot_state_rviz_plugin_core[0m
[3.107s] [ 22%] Built target moveit_robot_state_rviz_plugin_core_autogen
[3.108s] [ 22%] Built target moveit_planning_scene_rviz_plugin_core_autogen
[3.139s] [ 24%] [32m[1mLinking CXX shared library libmoveit_robot_state_rviz_plugin_core.so[0m
[3.146s] [ 25%] [32m[1mLinking CXX shared library libmoveit_planning_scene_rviz_plugin_core.so[0m
[6.000s] [ 29%] Built target moveit_robot_state_rviz_plugin_core
[6.032s] [ 31%] [34m[1mAutomatic MOC for target moveit_robot_state_rviz_plugin[0m
[6.054s] [ 31%] Built target moveit_robot_state_rviz_plugin_autogen
[6.087s] [ 32%] [32m[1mLinking CXX shared library libmoveit_robot_state_rviz_plugin.so[0m
[6.162s] [ 37%] Built target moveit_planning_scene_rviz_plugin_core
[6.184s] [ 41%] [34m[1mAutomatic MOC for target moveit_trajectory_rviz_plugin_core[0m
[6.184s] [ 41%] [34m[1mAutomatic MOC for target moveit_planning_scene_rviz_plugin[0m
[6.205s] [ 41%] Built target moveit_trajectory_rviz_plugin_core_autogen
[6.205s] [ 41%] Built target moveit_planning_scene_rviz_plugin_autogen
[6.239s] [ 43%] [32m[1mLinking CXX shared library libmoveit_trajectory_rviz_plugin_core.so[0m
[6.239s] [ 44%] [32m[1mLinking CXX shared library libmoveit_planning_scene_rviz_plugin.so[0m
[6.787s] [ 48%] Built target moveit_robot_state_rviz_plugin
[6.932s] [ 51%] Built target moveit_planning_scene_rviz_plugin
[6.955s] [ 53%] [34m[1mAutomatic MOC for target moveit_motion_planning_rviz_plugin_core[0m
[6.980s] [ 53%] Built target moveit_motion_planning_rviz_plugin_core_autogen
[7.026s] [ 56%] Built target moveit_trajectory_rviz_plugin_core
[7.046s] [ 58%] [34m[1mAutomatic MOC for target moveit_trajectory_rviz_plugin[0m
[7.051s] [ 60%] [32m[1mLinking CXX shared library libmoveit_motion_planning_rviz_plugin_core.so[0m
[7.065s] [ 60%] Built target moveit_trajectory_rviz_plugin_autogen
[7.096s] [ 62%] [32m[1mLinking CXX shared library libmoveit_trajectory_rviz_plugin.so[0m
[7.660s] [ 65%] Built target moveit_trajectory_rviz_plugin
[10.340s] [ 93%] Built target moveit_motion_planning_rviz_plugin_core
[10.368s] [ 94%] [34m[1mAutomatic MOC for target moveit_motion_planning_rviz_plugin[0m
[10.386s] [ 94%] Built target moveit_motion_planning_rviz_plugin_autogen
[10.421s] [ 96%] [32m[1mLinking CXX shared library libmoveit_motion_planning_rviz_plugin.so[0m
[11.640s] [100%] Built target moveit_motion_planning_rviz_plugin
[11.649s] Invoked command in '/home/robomaven/ws/ws_moveit2/build/moveit_ros_visualization' returned '0': CMAKE_PREFIX_PATH=/home/robomaven/ws/ws_moveit2/install/moveit_ros_planning_interface:/home/robomaven/ws/ws_moveit2/install/moveit_ros_move_group:/home/robomaven/ws/ws_moveit2/install/moveit_ros_warehouse:/home/robomaven/ws/ws_moveit2/install/moveit_ros_robot_interaction:/home/robomaven/ws/ws_moveit2/install/moveit_kinematics:/home/robomaven/ws/ws_moveit2/install/moveit_ros_planning:/home/robomaven/ws/ws_moveit2/install/moveit_ros_occupancy_map_monitor:/home/robomaven/ws/ws_moveit2/install/moveit_core:/home/robomaven/ws/ws_moveit2/install/srdfdom:/home/robomaven/ws/ws_moveit2/install/moveit_common:/home/robomaven/ws/ws_moveit2/install/pilz_industrial_motion_planner_testutils:/home/robomaven/ws/ws_moveit2/install/moveit_runtime:/home/robomaven/ws/ws_moveit2/install/moveit2_tutorials:/home/robomaven/ws/ws_moveit2/install/moveit:/home/robomaven/ws/ws_moveit2/install/moveit_planners:/home/robomaven/ws/ws_moveit2/install/pilz_industrial_motion_planner:/home/robomaven/ws/ws_moveit2/install/mtc_tutorial:/home/robomaven/ws/ws_moveit2/install/hello_moveit:/home/robomaven/ws/ws_moveit2/install/moveit_visual_tools:/home/robomaven/ws/ws_moveit2/install/moveit_task_constructor_visualization:/home/robomaven/ws/ws_moveit2/install/moveit_task_constructor_demo:/home/robomaven/ws/ws_moveit2/install/moveit_task_constructor_capabilities:/home/robomaven/ws/ws_moveit2/install/moveit_task_constructor_core:/home/robomaven/ws/ws_moveit2/install/moveit_ros_control_interface:/home/robomaven/ws/ws_moveit2/install/moveit_plugins:/home/robomaven/ws/ws_moveit2/install/moveit_simple_controller_manager:/home/robomaven/ws/ws_moveit2/install/moveit_setup_assistant:/home/robomaven/ws/ws_moveit2/install/moveit_setup_srdf_plugins:/home/robomaven/ws/ws_moveit2/install/moveit_setup_core_plugins:/home/robomaven/ws/ws_moveit2/install/moveit_setup_controllers:/home/robomaven/ws/ws_moveit2/install/moveit_setup_app_plugins:/home/robomaven/ws/ws_moveit2/install/moveit_setup_framework:/home/robomaven/ws/ws_moveit2/install/moveit_servo:/home/robomaven/ws/ws_moveit2/install/moveit_ros:/home/robomaven/ws/ws_moveit2/install/moveit_ros_visualization:/home/robomaven/ws/ws_moveit2/install/moveit_hybrid_planning:/home/robomaven/ws/ws_moveit2/install/moveit_ros_benchmarks:/home/robomaven/ws/ws_moveit2/install/moveit_ros_perception:/home/robomaven/ws/ws_moveit2/install/moveit_resources_prbt_pg70_support:/home/robomaven/ws/ws_moveit2/install/moveit_resources_prbt_moveit_config:/home/robomaven/ws/ws_moveit2/install/moveit_planners_ompl:/home/robomaven/ws/ws_moveit2/install/moveit_resources_prbt_ikfast_manipulator_plugin:/home/robomaven/ws/ws_moveit2/install/moveit_planners_chomp:/home/robomaven/ws/ws_moveit2/install/moveit_chomp_optimizer_adapter:/home/robomaven/ws/ws_moveit2/install/chomp_motion_planner:/home/robomaven/ws/ws_moveit2/install/rviz_marker_tools:/home/robomaven/ws/ws_moveit2/install/rosparam_shortcuts:/home/robomaven/ws/ws_moveit2/install/moveit_task_constructor_msgs:/home/robomaven/ws/ws_moveit2/install/moveit_resources_prbt_support:/home/robomaven/ws/ws_moveit2/install/moveit_resources:/home/robomaven/ws/ws_moveit2/install/moveit_resources_pr2_description:/home/robomaven/ws/ws_moveit2/install/moveit_resources_panda_moveit_config:/home/robomaven/ws/ws_moveit2/install/moveit_resources_panda_description:/home/robomaven/ws/ws_moveit2/install/moveit_resources_fanuc_moveit_config:/home/robomaven/ws/ws_moveit2/install/moveit_resources_fanuc_description:/home/robomaven/ws/ws_moveit2/install/moveit_configs_utils:/home/robomaven/ws/ws_moveit2/install/launch_param_builder:/opt/ros/humble LD_LIBRARY_PATH=/home/robomaven/ws/ws_moveit2/install/moveit_ros_planning_interface/lib:/home/robomaven/ws/ws_moveit2/install/moveit_ros_move_group/lib:/home/robomaven/ws/ws_moveit2/install/moveit_ros_warehouse/lib:/home/robomaven/ws/ws_moveit2/install/moveit_ros_robot_interaction/lib:/home/robomaven/ws/ws_moveit2/install/moveit_kinematics/lib:/home/robomaven/ws/ws_moveit2/install/moveit_ros_planning/lib:/home/robomaven/ws/ws_moveit2/install/moveit_ros_occupancy_map_monitor/lib:/home/robomaven/ws/ws_moveit2/install/moveit_core/lib:/home/robomaven/ws/ws_moveit2/install/srdfdom/lib:/home/robomaven/ws/ws_moveit2/install/pilz_industrial_motion_planner_testutils/lib:/home/robomaven/ws/ws_moveit2/install/pilz_industrial_motion_planner/lib:/home/robomaven/ws/ws_moveit2/install/moveit_visual_tools/lib:/home/robomaven/ws/ws_moveit2/install/moveit_task_constructor_visualization/lib:/home/robomaven/ws/ws_moveit2/install/moveit_task_constructor_demo/lib:/home/robomaven/ws/ws_moveit2/install/moveit_task_constructor_capabilities/lib:/home/robomaven/ws/ws_moveit2/install/moveit_task_constructor_core/lib:/home/robomaven/ws/ws_moveit2/install/moveit_ros_control_interface/lib:/home/robomaven/ws/ws_moveit2/install/moveit_simple_controller_manager/lib:/home/robomaven/ws/ws_moveit2/install/moveit_setup_assistant/lib:/home/robomaven/ws/ws_moveit2/install/moveit_setup_srdf_plugins/lib:/home/robomaven/ws/ws_moveit2/install/moveit_setup_core_plugins/lib:/home/robomaven/ws/ws_moveit2/install/moveit_setup_controllers/lib:/home/robomaven/ws/ws_moveit2/install/moveit_setup_app_plugins/lib:/home/robomaven/ws/ws_moveit2/install/moveit_setup_framework/lib:/home/robomaven/ws/ws_moveit2/install/moveit_servo/lib:/home/robomaven/ws/ws_moveit2/install/moveit_ros_visualization/lib:/home/robomaven/ws/ws_moveit2/install/moveit_hybrid_planning/lib:/home/robomaven/ws/ws_moveit2/install/moveit_ros_benchmarks/lib:/home/robomaven/ws/ws_moveit2/install/moveit_ros_perception/lib:/home/robomaven/ws/ws_moveit2/install/moveit_planners_ompl/lib:/home/robomaven/ws/ws_moveit2/install/moveit_resources_prbt_ikfast_manipulator_plugin/lib:/home/robomaven/ws/ws_moveit2/install/moveit_planners_chomp/lib:/home/robomaven/ws/ws_moveit2/install/moveit_chomp_optimizer_adapter/lib:/home/robomaven/ws/ws_moveit2/install/chomp_motion_planner/lib:/home/robomaven/ws/ws_moveit2/install/rviz_marker_tools/lib:/home/robomaven/ws/ws_moveit2/install/rosparam_shortcuts/lib:/home/robomaven/ws/ws_moveit2/install/moveit_task_constructor_msgs/lib:/usr/lib/x86_64-linux-gnu/gazebo-11/plugins:/opt/ros/humble/opt/rviz_ogre_vendor/lib:/opt/ros/humble/lib/x86_64-linux-gnu:/opt/ros/humble/lib:/usr/share/gazebo/../../lib/x86_64-linux-gnu/gazebo-11/plugins /usr/bin/cmake --build /home/robomaven/ws/ws_moveit2/build/moveit_ros_visualization -- -j20 -l20
[11.693s] Invoking command in '/home/robomaven/ws/ws_moveit2/build/moveit_ros_visualization': CMAKE_PREFIX_PATH=/home/robomaven/ws/ws_moveit2/install/moveit_ros_planning_interface:/home/robomaven/ws/ws_moveit2/install/moveit_ros_move_group:/home/robomaven/ws/ws_moveit2/install/moveit_ros_warehouse:/home/robomaven/ws/ws_moveit2/install/moveit_ros_robot_interaction:/home/robomaven/ws/ws_moveit2/install/moveit_kinematics:/home/robomaven/ws/ws_moveit2/install/moveit_ros_planning:/home/robomaven/ws/ws_moveit2/install/moveit_ros_occupancy_map_monitor:/home/robomaven/ws/ws_moveit2/install/moveit_core:/home/robomaven/ws/ws_moveit2/install/srdfdom:/home/robomaven/ws/ws_moveit2/install/moveit_common:/home/robomaven/ws/ws_moveit2/install/pilz_industrial_motion_planner_testutils:/home/robomaven/ws/ws_moveit2/install/moveit_runtime:/home/robomaven/ws/ws_moveit2/install/moveit2_tutorials:/home/robomaven/ws/ws_moveit2/install/moveit:/home/robomaven/ws/ws_moveit2/install/moveit_planners:/home/robomaven/ws/ws_moveit2/install/pilz_industrial_motion_planner:/home/robomaven/ws/ws_moveit2/install/mtc_tutorial:/home/robomaven/ws/ws_moveit2/install/hello_moveit:/home/robomaven/ws/ws_moveit2/install/moveit_visual_tools:/home/robomaven/ws/ws_moveit2/install/moveit_task_constructor_visualization:/home/robomaven/ws/ws_moveit2/install/moveit_task_constructor_demo:/home/robomaven/ws/ws_moveit2/install/moveit_task_constructor_capabilities:/home/robomaven/ws/ws_moveit2/install/moveit_task_constructor_core:/home/robomaven/ws/ws_moveit2/install/moveit_ros_control_interface:/home/robomaven/ws/ws_moveit2/install/moveit_plugins:/home/robomaven/ws/ws_moveit2/install/moveit_simple_controller_manager:/home/robomaven/ws/ws_moveit2/install/moveit_setup_assistant:/home/robomaven/ws/ws_moveit2/install/moveit_setup_srdf_plugins:/home/robomaven/ws/ws_moveit2/install/moveit_setup_core_plugins:/home/robomaven/ws/ws_moveit2/install/moveit_setup_controllers:/home/robomaven/ws/ws_moveit2/install/moveit_setup_app_plugins:/home/robomaven/ws/ws_moveit2/install/moveit_setup_framework:/home/robomaven/ws/ws_moveit2/install/moveit_servo:/home/robomaven/ws/ws_moveit2/install/moveit_ros:/home/robomaven/ws/ws_moveit2/install/moveit_ros_visualization:/home/robomaven/ws/ws_moveit2/install/moveit_hybrid_planning:/home/robomaven/ws/ws_moveit2/install/moveit_ros_benchmarks:/home/robomaven/ws/ws_moveit2/install/moveit_ros_perception:/home/robomaven/ws/ws_moveit2/install/moveit_resources_prbt_pg70_support:/home/robomaven/ws/ws_moveit2/install/moveit_resources_prbt_moveit_config:/home/robomaven/ws/ws_moveit2/install/moveit_planners_ompl:/home/robomaven/ws/ws_moveit2/install/moveit_resources_prbt_ikfast_manipulator_plugin:/home/robomaven/ws/ws_moveit2/install/moveit_planners_chomp:/home/robomaven/ws/ws_moveit2/install/moveit_chomp_optimizer_adapter:/home/robomaven/ws/ws_moveit2/install/chomp_motion_planner:/home/robomaven/ws/ws_moveit2/install/rviz_marker_tools:/home/robomaven/ws/ws_moveit2/install/rosparam_shortcuts:/home/robomaven/ws/ws_moveit2/install/moveit_task_constructor_msgs:/home/robomaven/ws/ws_moveit2/install/moveit_resources_prbt_support:/home/robomaven/ws/ws_moveit2/install/moveit_resources:/home/robomaven/ws/ws_moveit2/install/moveit_resources_pr2_description:/home/robomaven/ws/ws_moveit2/install/moveit_resources_panda_moveit_config:/home/robomaven/ws/ws_moveit2/install/moveit_resources_panda_description:/home/robomaven/ws/ws_moveit2/install/moveit_resources_fanuc_moveit_config:/home/robomaven/ws/ws_moveit2/install/moveit_resources_fanuc_description:/home/robomaven/ws/ws_moveit2/install/moveit_configs_utils:/home/robomaven/ws/ws_moveit2/install/launch_param_builder:/opt/ros/humble LD_LIBRARY_PATH=/home/robomaven/ws/ws_moveit2/install/moveit_ros_planning_interface/lib:/home/robomaven/ws/ws_moveit2/install/moveit_ros_move_group/lib:/home/robomaven/ws/ws_moveit2/install/moveit_ros_warehouse/lib:/home/robomaven/ws/ws_moveit2/install/moveit_ros_robot_interaction/lib:/home/robomaven/ws/ws_moveit2/install/moveit_kinematics/lib:/home/robomaven/ws/ws_moveit2/install/moveit_ros_planning/lib:/home/robomaven/ws/ws_moveit2/install/moveit_ros_occupancy_map_monitor/lib:/home/robomaven/ws/ws_moveit2/install/moveit_core/lib:/home/robomaven/ws/ws_moveit2/install/srdfdom/lib:/home/robomaven/ws/ws_moveit2/install/pilz_industrial_motion_planner_testutils/lib:/home/robomaven/ws/ws_moveit2/install/pilz_industrial_motion_planner/lib:/home/robomaven/ws/ws_moveit2/install/moveit_visual_tools/lib:/home/robomaven/ws/ws_moveit2/install/moveit_task_constructor_visualization/lib:/home/robomaven/ws/ws_moveit2/install/moveit_task_constructor_demo/lib:/home/robomaven/ws/ws_moveit2/install/moveit_task_constructor_capabilities/lib:/home/robomaven/ws/ws_moveit2/install/moveit_task_constructor_core/lib:/home/robomaven/ws/ws_moveit2/install/moveit_ros_control_interface/lib:/home/robomaven/ws/ws_moveit2/install/moveit_simple_controller_manager/lib:/home/robomaven/ws/ws_moveit2/install/moveit_setup_assistant/lib:/home/robomaven/ws/ws_moveit2/install/moveit_setup_srdf_plugins/lib:/home/robomaven/ws/ws_moveit2/install/moveit_setup_core_plugins/lib:/home/robomaven/ws/ws_moveit2/install/moveit_setup_controllers/lib:/home/robomaven/ws/ws_moveit2/install/moveit_setup_app_plugins/lib:/home/robomaven/ws/ws_moveit2/install/moveit_setup_framework/lib:/home/robomaven/ws/ws_moveit2/install/moveit_servo/lib:/home/robomaven/ws/ws_moveit2/install/moveit_ros_visualization/lib:/home/robomaven/ws/ws_moveit2/install/moveit_hybrid_planning/lib:/home/robomaven/ws/ws_moveit2/install/moveit_ros_benchmarks/lib:/home/robomaven/ws/ws_moveit2/install/moveit_ros_perception/lib:/home/robomaven/ws/ws_moveit2/install/moveit_planners_ompl/lib:/home/robomaven/ws/ws_moveit2/install/moveit_resources_prbt_ikfast_manipulator_plugin/lib:/home/robomaven/ws/ws_moveit2/install/moveit_planners_chomp/lib:/home/robomaven/ws/ws_moveit2/install/moveit_chomp_optimizer_adapter/lib:/home/robomaven/ws/ws_moveit2/install/chomp_motion_planner/lib:/home/robomaven/ws/ws_moveit2/install/rviz_marker_tools/lib:/home/robomaven/ws/ws_moveit2/install/rosparam_shortcuts/lib:/home/robomaven/ws/ws_moveit2/install/moveit_task_constructor_msgs/lib:/usr/lib/x86_64-linux-gnu/gazebo-11/plugins:/opt/ros/humble/opt/rviz_ogre_vendor/lib:/opt/ros/humble/lib/x86_64-linux-gnu:/opt/ros/humble/lib:/usr/share/gazebo/../../lib/x86_64-linux-gnu/gazebo-11/plugins /usr/bin/cmake --install /home/robomaven/ws/ws_moveit2/build/moveit_ros_visualization
[11.700s] -- Install configuration: "Release"
[11.700s] -- Up-to-date: /home/robomaven/ws/ws_moveit2/install/moveit_ros_visualization/include
[11.700s] -- Up-to-date: /home/robomaven/ws/ws_moveit2/install/moveit_ros_visualization/include/ogre_helpers
[11.700s] -- Up-to-date: /home/robomaven/ws/ws_moveit2/install/moveit_ros_visualization/include/ogre_helpers/mesh_shape.hpp
[11.701s] -- Up-to-date: /home/robomaven/ws/ws_moveit2/install/moveit_ros_visualization/include/moveit
[11.701s] -- Up-to-date: /home/robomaven/ws/ws_moveit2/install/moveit_ros_visualization/include/moveit/rviz_plugin_render_tools
[11.701s] -- Up-to-date: /home/robomaven/ws/ws_moveit2/install/moveit_ros_visualization/include/moveit/rviz_plugin_render_tools/planning_scene_render.h
[11.701s] -- Up-to-date: /home/robomaven/ws/ws_moveit2/install/moveit_ros_visualization/include/moveit/rviz_plugin_render_tools/trajectory_panel.h
[11.701s] -- Up-to-date: /home/robomaven/ws/ws_moveit2/install/moveit_ros_visualization/include/moveit/rviz_plugin_render_tools/trajectory_visualization.h
[11.701s] -- Up-to-date: /home/robomaven/ws/ws_moveit2/install/moveit_ros_visualization/include/moveit/rviz_plugin_render_tools/render_shapes.h
[11.701s] -- Up-to-date: /home/robomaven/ws/ws_moveit2/install/moveit_ros_visualization/include/moveit/rviz_plugin_render_tools/planning_link_updater.h
[11.701s] -- Up-to-date: /home/robomaven/ws/ws_moveit2/install/moveit_ros_visualization/include/moveit/rviz_plugin_render_tools/robot_state_visualization.h
[11.701s] -- Up-to-date: /home/robomaven/ws/ws_moveit2/install/moveit_ros_visualization/include/moveit/rviz_plugin_render_tools/octomap_render.h
[11.702s] -- Up-to-date: /home/robomaven/ws/ws_moveit2/install/moveit_ros_visualization/include
[11.702s] -- Up-to-date: /home/robomaven/ws/ws_moveit2/install/moveit_ros_visualization/include/moveit
[11.702s] -- Up-to-date: /home/robomaven/ws/ws_moveit2/install/moveit_ros_visualization/include/moveit/robot_state_rviz_plugin
[11.702s] -- Up-to-date: /home/robomaven/ws/ws_moveit2/install/moveit_ros_visualization/include/moveit/robot_state_rviz_plugin/robot_state_display.h
[11.702s] -- Up-to-date: /home/robomaven/ws/ws_moveit2/install/moveit_ros_visualization/include
[11.702s] -- Up-to-date: /home/robomaven/ws/ws_moveit2/install/moveit_ros_visualization/include/moveit
[11.702s] -- Up-to-date: /home/robomaven/ws/ws_moveit2/install/moveit_ros_visualization/include/moveit/planning_scene_rviz_plugin
[11.702s] -- Up-to-date: /home/robomaven/ws/ws_moveit2/install/moveit_ros_visualization/include/moveit/planning_scene_rviz_plugin/background_processing.hpp
[11.702s] -- Up-to-date: /home/robomaven/ws/ws_moveit2/install/moveit_ros_visualization/include/moveit/planning_scene_rviz_plugin/planning_scene_display.h
[11.702s] -- Up-to-date: /home/robomaven/ws/ws_moveit2/install/moveit_ros_visualization/include/moveit_planning_scene_rviz_plugin_core_export.h
[11.702s] -- Up-to-date: /home/robomaven/ws/ws_moveit2/install/moveit_ros_visualization/include
[11.703s] -- Up-to-date: /home/robomaven/ws/ws_moveit2/install/moveit_ros_visualization/include/moveit
[11.703s] -- Up-to-date: /home/robomaven/ws/ws_moveit2/install/moveit_ros_visualization/include/moveit/motion_planning_rviz_plugin
[11.703s] -- Up-to-date: /home/robomaven/ws/ws_moveit2/install/moveit_ros_visualization/include/moveit/motion_planning_rviz_plugin/interactive_marker_display.h
[11.703s] -- Up-to-date: /home/robomaven/ws/ws_moveit2/install/moveit_ros_visualization/include/moveit/motion_planning_rviz_plugin/motion_planning_frame.h
[11.703s] -- Up-to-date: /home/robomaven/ws/ws_moveit2/install/moveit_ros_visualization/include/moveit/motion_planning_rviz_plugin/motion_planning_frame_joints_widget.h
[11.703s] -- Up-to-date: /home/robomaven/ws/ws_moveit2/install/moveit_ros_visualization/include/moveit/motion_planning_rviz_plugin/motion_planning_param_widget.h
[11.703s] -- Up-to-date: /home/robomaven/ws/ws_moveit2/install/moveit_ros_visualization/include/moveit/motion_planning_rviz_plugin/motion_planning_display.h
[11.703s] -- Up-to-date: /home/robomaven/ws/ws_moveit2/install/moveit_ros_visualization/include
[11.703s] -- Up-to-date: /home/robomaven/ws/ws_moveit2/install/moveit_ros_visualization/include/moveit
[11.703s] -- Up-to-date: /home/robomaven/ws/ws_moveit2/install/moveit_ros_visualization/include/moveit/trajectory_rviz_plugin
[11.703s] -- Up-to-date: /home/robomaven/ws/ws_moveit2/install/moveit_ros_visualization/include/moveit/trajectory_rviz_plugin/trajectory_display.h
[11.703s] -- Up-to-date: /home/robomaven/ws/ws_moveit2/install/moveit_ros_visualization/share/moveit_ros_visualization/icons
[11.704s] -- Up-to-date: /home/robomaven/ws/ws_moveit2/install/moveit_ros_visualization/share/moveit_ros_visualization/icons/classes
[11.704s] -- Up-to-date: /home/robomaven/ws/ws_moveit2/install/moveit_ros_visualization/share/moveit_ros_visualization/icons/classes/Trajectory.png
[11.704s] -- Up-to-date: /home/robomaven/ws/ws_moveit2/install/moveit_ros_visualization/share/moveit_ros_visualization/icons/classes/MotionPlanning.png
[11.704s] -- Up-to-date: /home/robomaven/ws/ws_moveit2/install/moveit_ros_visualization/share/moveit_ros_visualization/icons/classes/RobotState.png
[11.704s] -- Up-to-date: /home/robomaven/ws/ws_moveit2/install/moveit_ros_visualization/share/moveit_ros_visualization/icons/classes/PlanningScene.png
[11.704s] -- Up-to-date: /home/robomaven/ws/ws_moveit2/install/moveit_ros_visualization/share/moveit_ros_visualization/motion_planning_rviz_plugin_description.xml
[11.704s] -- Up-to-date: /home/robomaven/ws/ws_moveit2/install/moveit_ros_visualization/share/moveit_ros_visualization/trajectory_rviz_plugin_description.xml
[11.704s] -- Up-to-date: /home/robomaven/ws/ws_moveit2/install/moveit_ros_visualization/share/moveit_ros_visualization/planning_scene_rviz_plugin_description.xml
[11.704s] -- Up-to-date: /home/robomaven/ws/ws_moveit2/install/moveit_ros_visualization/share/moveit_ros_visualization/robot_state_rviz_plugin_description.xml
[11.704s] -- Installing: /home/robomaven/ws/ws_moveit2/install/moveit_ros_visualization/lib/libmoveit_motion_planning_rviz_plugin.so.2.5.5
[11.704s] -- Set runtime path of "/home/robomaven/ws/ws_moveit2/install/moveit_ros_visualization/lib/libmoveit_motion_planning_rviz_plugin.so.2.5.5" to ""
[11.704s] -- Up-to-date: /home/robomaven/ws/ws_moveit2/install/moveit_ros_visualization/lib/libmoveit_motion_planning_rviz_plugin.so
[11.705s] -- Installing: /home/robomaven/ws/ws_moveit2/install/moveit_ros_visualization/lib/libmoveit_motion_planning_rviz_plugin_core.so.2.5.5
[11.706s] -- Set runtime path of "/home/robomaven/ws/ws_moveit2/install/moveit_ros_visualization/lib/libmoveit_motion_planning_rviz_plugin_core.so.2.5.5" to ""
[11.706s] -- Up-to-date: /home/robomaven/ws/ws_moveit2/install/moveit_ros_visualization/lib/libmoveit_motion_planning_rviz_plugin_core.so
[11.707s] -- Installing: /home/robomaven/ws/ws_moveit2/install/moveit_ros_visualization/lib/libmoveit_planning_scene_rviz_plugin.so.2.5.5
[11.707s] -- Set runtime path of "/home/robomaven/ws/ws_moveit2/install/moveit_ros_visualization/lib/libmoveit_planning_scene_rviz_plugin.so.2.5.5" to ""
[11.707s] -- Up-to-date: /home/robomaven/ws/ws_moveit2/install/moveit_ros_visualization/lib/libmoveit_planning_scene_rviz_plugin.so
[11.707s] -- Installing: /home/robomaven/ws/ws_moveit2/install/moveit_ros_visualization/lib/libmoveit_planning_scene_rviz_plugin_core.so.2.5.5
[11.707s] -- Set runtime path of "/home/robomaven/ws/ws_moveit2/install/moveit_ros_visualization/lib/libmoveit_planning_scene_rviz_plugin_core.so.2.5.5" to ""
[11.707s] -- Up-to-date: /home/robomaven/ws/ws_moveit2/install/moveit_ros_visualization/lib/libmoveit_planning_scene_rviz_plugin_core.so
[11.707s] -- Installing: /home/robomaven/ws/ws_moveit2/install/moveit_ros_visualization/lib/libmoveit_robot_state_rviz_plugin.so.2.5.5
[11.708s] -- Set runtime path of "/home/robomaven/ws/ws_moveit2/install/moveit_ros_visualization/lib/libmoveit_robot_state_rviz_plugin.so.2.5.5" to ""
[11.708s] -- Up-to-date: /home/robomaven/ws/ws_moveit2/install/moveit_ros_visualization/lib/libmoveit_robot_state_rviz_plugin.so
[11.708s] -- Installing: /home/robomaven/ws/ws_moveit2/install/moveit_ros_visualization/lib/libmoveit_robot_state_rviz_plugin_core.so.2.5.5
[11.709s] -- Set runtime path of "/home/robomaven/ws/ws_moveit2/install/moveit_ros_visualization/lib/libmoveit_robot_state_rviz_plugin_core.so.2.5.5" to ""
[11.709s] -- Up-to-date: /home/robomaven/ws/ws_moveit2/install/moveit_ros_visualization/lib/libmoveit_robot_state_rviz_plugin_core.so
[11.709s] -- Installing: /home/robomaven/ws/ws_moveit2/install/moveit_ros_visualization/lib/libmoveit_rviz_plugin_render_tools.so.2.5.5
[11.711s] -- Set runtime path of "/home/robomaven/ws/ws_moveit2/install/moveit_ros_visualization/lib/libmoveit_rviz_plugin_render_tools.so.2.5.5" to ""
[11.711s] -- Up-to-date: /home/robomaven/ws/ws_moveit2/install/moveit_ros_visualization/lib/libmoveit_rviz_plugin_render_tools.so
[11.711s] -- Installing: /home/robomaven/ws/ws_moveit2/install/moveit_ros_visualization/lib/libmoveit_trajectory_rviz_plugin.so.2.5.5
[11.711s] -- Set runtime path of "/home/robomaven/ws/ws_moveit2/install/moveit_ros_visualization/lib/libmoveit_trajectory_rviz_plugin.so.2.5.5" to ""
[11.711s] -- Up-to-date: /home/robomaven/ws/ws_moveit2/install/moveit_ros_visualization/lib/libmoveit_trajectory_rviz_plugin.so
[11.711s] -- Installing: /home/robomaven/ws/ws_moveit2/install/moveit_ros_visualization/lib/libmoveit_trajectory_rviz_plugin_core.so.2.5.5
[11.711s] -- Set runtime path of "/home/robomaven/ws/ws_moveit2/install/moveit_ros_visualization/lib/libmoveit_trajectory_rviz_plugin_core.so.2.5.5" to ""
[11.712s] -- Up-to-date: /home/robomaven/ws/ws_moveit2/install/moveit_ros_visualization/lib/libmoveit_trajectory_rviz_plugin_core.so
[11.712s] -- Up-to-date: /home/robomaven/ws/ws_moveit2/install/moveit_ros_visualization/share/moveit_ros_visualization/environment/library_path.sh
[11.712s] -- Up-to-date: /home/robomaven/ws/ws_moveit2/install/moveit_ros_visualization/share/moveit_ros_visualization/environment/library_path.dsv
[11.712s] -- Up-to-date: /home/robomaven/ws/ws_moveit2/install/moveit_ros_visualization/share/ament_index/resource_index/package_run_dependencies/moveit_ros_visualization
[11.712s] -- Up-to-date: /home/robomaven/ws/ws_moveit2/install/moveit_ros_visualization/share/ament_index/resource_index/parent_prefix_path/moveit_ros_visualization
[11.712s] -- Up-to-date: /home/robomaven/ws/ws_moveit2/install/moveit_ros_visualization/share/moveit_ros_visualization/environment/ament_prefix_path.sh
[11.712s] -- Up-to-date: /home/robomaven/ws/ws_moveit2/install/moveit_ros_visualization/share/moveit_ros_visualization/environment/ament_prefix_path.dsv
[11.713s] -- Up-to-date: /home/robomaven/ws/ws_moveit2/install/moveit_ros_visualization/share/moveit_ros_visualization/environment/path.sh
[11.713s] -- Up-to-date: /home/robomaven/ws/ws_moveit2/install/moveit_ros_visualization/share/moveit_ros_visualization/environment/path.dsv
[11.713s] -- Up-to-date: /home/robomaven/ws/ws_moveit2/install/moveit_ros_visualization/share/moveit_ros_visualization/local_setup.bash
[11.713s] -- Up-to-date: /home/robomaven/ws/ws_moveit2/install/moveit_ros_visualization/share/moveit_ros_visualization/local_setup.sh
[11.713s] -- Up-to-date: /home/robomaven/ws/ws_moveit2/install/moveit_ros_visualization/share/moveit_ros_visualization/local_setup.zsh
[11.713s] -- Up-to-date: /home/robomaven/ws/ws_moveit2/install/moveit_ros_visualization/share/moveit_ros_visualization/local_setup.dsv
[11.713s] -- Installing: /home/robomaven/ws/ws_moveit2/install/moveit_ros_visualization/share/moveit_ros_visualization/package.dsv
[11.713s] -- Up-to-date: /home/robomaven/ws/ws_moveit2/install/moveit_ros_visualization/share/ament_index/resource_index/packages/moveit_ros_visualization
[11.713s] -- Up-to-date: /home/robomaven/ws/ws_moveit2/install/moveit_ros_visualization/share/ament_index/resource_index/rviz_common__pluginlib__plugin/moveit_ros_visualization
[11.714s] -- Up-to-date: /home/robomaven/ws/ws_moveit2/install/moveit_ros_visualization/share/moveit_ros_visualization/cmake/export_moveit_ros_visualizationExport.cmake
[11.714s] -- Up-to-date: /home/robomaven/ws/ws_moveit2/install/moveit_ros_visualization/share/moveit_ros_visualization/cmake/export_moveit_ros_visualizationExport-release.cmake
[11.714s] -- Up-to-date: /home/robomaven/ws/ws_moveit2/install/moveit_ros_visualization/share/moveit_ros_visualization/cmake/ConfigExtras.cmake
[11.714s] -- Up-to-date: /home/robomaven/ws/ws_moveit2/install/moveit_ros_visualization/share/moveit_ros_visualization/cmake/ament_cmake_export_targets-extras.cmake
[11.714s] -- Up-to-date: /home/robomaven/ws/ws_moveit2/install/moveit_ros_visualization/share/moveit_ros_visualization/cmake/ament_cmake_export_dependencies-extras.cmake
[11.714s] -- Up-to-date: /home/robomaven/ws/ws_moveit2/install/moveit_ros_visualization/share/moveit_ros_visualization/cmake/moveit_ros_visualizationConfig.cmake
[11.714s] -- Up-to-date: /home/robomaven/ws/ws_moveit2/install/moveit_ros_visualization/share/moveit_ros_visualization/cmake/moveit_ros_visualizationConfig-version.cmake
[11.714s] -- Up-to-date: /home/robomaven/ws/ws_moveit2/install/moveit_ros_visualization/share/moveit_ros_visualization/package.xml
[11.724s] Invoked command in '/home/robomaven/ws/ws_moveit2/build/moveit_ros_visualization' returned '0': CMAKE_PREFIX_PATH=/home/robomaven/ws/ws_moveit2/install/moveit_ros_planning_interface:/home/robomaven/ws/ws_moveit2/install/moveit_ros_move_group:/home/robomaven/ws/ws_moveit2/install/moveit_ros_warehouse:/home/robomaven/ws/ws_moveit2/install/moveit_ros_robot_interaction:/home/robomaven/ws/ws_moveit2/install/moveit_kinematics:/home/robomaven/ws/ws_moveit2/install/moveit_ros_planning:/home/robomaven/ws/ws_moveit2/install/moveit_ros_occupancy_map_monitor:/home/robomaven/ws/ws_moveit2/install/moveit_core:/home/robomaven/ws/ws_moveit2/install/srdfdom:/home/robomaven/ws/ws_moveit2/install/moveit_common:/home/robomaven/ws/ws_moveit2/install/pilz_industrial_motion_planner_testutils:/home/robomaven/ws/ws_moveit2/install/moveit_runtime:/home/robomaven/ws/ws_moveit2/install/moveit2_tutorials:/home/robomaven/ws/ws_moveit2/install/moveit:/home/robomaven/ws/ws_moveit2/install/moveit_planners:/home/robomaven/ws/ws_moveit2/install/pilz_industrial_motion_planner:/home/robomaven/ws/ws_moveit2/install/mtc_tutorial:/home/robomaven/ws/ws_moveit2/install/hello_moveit:/home/robomaven/ws/ws_moveit2/install/moveit_visual_tools:/home/robomaven/ws/ws_moveit2/install/moveit_task_constructor_visualization:/home/robomaven/ws/ws_moveit2/install/moveit_task_constructor_demo:/home/robomaven/ws/ws_moveit2/install/moveit_task_constructor_capabilities:/home/robomaven/ws/ws_moveit2/install/moveit_task_constructor_core:/home/robomaven/ws/ws_moveit2/install/moveit_ros_control_interface:/home/robomaven/ws/ws_moveit2/install/moveit_plugins:/home/robomaven/ws/ws_moveit2/install/moveit_simple_controller_manager:/home/robomaven/ws/ws_moveit2/install/moveit_setup_assistant:/home/robomaven/ws/ws_moveit2/install/moveit_setup_srdf_plugins:/home/robomaven/ws/ws_moveit2/install/moveit_setup_core_plugins:/home/robomaven/ws/ws_moveit2/install/moveit_setup_controllers:/home/robomaven/ws/ws_moveit2/install/moveit_setup_app_plugins:/home/robomaven/ws/ws_moveit2/install/moveit_setup_framework:/home/robomaven/ws/ws_moveit2/install/moveit_servo:/home/robomaven/ws/ws_moveit2/install/moveit_ros:/home/robomaven/ws/ws_moveit2/install/moveit_ros_visualization:/home/robomaven/ws/ws_moveit2/install/moveit_hybrid_planning:/home/robomaven/ws/ws_moveit2/install/moveit_ros_benchmarks:/home/robomaven/ws/ws_moveit2/install/moveit_ros_perception:/home/robomaven/ws/ws_moveit2/install/moveit_resources_prbt_pg70_support:/home/robomaven/ws/ws_moveit2/install/moveit_resources_prbt_moveit_config:/home/robomaven/ws/ws_moveit2/install/moveit_planners_ompl:/home/robomaven/ws/ws_moveit2/install/moveit_resources_prbt_ikfast_manipulator_plugin:/home/robomaven/ws/ws_moveit2/install/moveit_planners_chomp:/home/robomaven/ws/ws_moveit2/install/moveit_chomp_optimizer_adapter:/home/robomaven/ws/ws_moveit2/install/chomp_motion_planner:/home/robomaven/ws/ws_moveit2/install/rviz_marker_tools:/home/robomaven/ws/ws_moveit2/install/rosparam_shortcuts:/home/robomaven/ws/ws_moveit2/install/moveit_task_constructor_msgs:/home/robomaven/ws/ws_moveit2/install/moveit_resources_prbt_support:/home/robomaven/ws/ws_moveit2/install/moveit_resources:/home/robomaven/ws/ws_moveit2/install/moveit_resources_pr2_description:/home/robomaven/ws/ws_moveit2/install/moveit_resources_panda_moveit_config:/home/robomaven/ws/ws_moveit2/install/moveit_resources_panda_description:/home/robomaven/ws/ws_moveit2/install/moveit_resources_fanuc_moveit_config:/home/robomaven/ws/ws_moveit2/install/moveit_resources_fanuc_description:/home/robomaven/ws/ws_moveit2/install/moveit_configs_utils:/home/robomaven/ws/ws_moveit2/install/launch_param_builder:/opt/ros/humble LD_LIBRARY_PATH=/home/robomaven/ws/ws_moveit2/install/moveit_ros_planning_interface/lib:/home/robomaven/ws/ws_moveit2/install/moveit_ros_move_group/lib:/home/robomaven/ws/ws_moveit2/install/moveit_ros_warehouse/lib:/home/robomaven/ws/ws_moveit2/install/moveit_ros_robot_interaction/lib:/home/robomaven/ws/ws_moveit2/install/moveit_kinematics/lib:/home/robomaven/ws/ws_moveit2/install/moveit_ros_planning/lib:/home/robomaven/ws/ws_moveit2/install/moveit_ros_occupancy_map_monitor/lib:/home/robomaven/ws/ws_moveit2/install/moveit_core/lib:/home/robomaven/ws/ws_moveit2/install/srdfdom/lib:/home/robomaven/ws/ws_moveit2/install/pilz_industrial_motion_planner_testutils/lib:/home/robomaven/ws/ws_moveit2/install/pilz_industrial_motion_planner/lib:/home/robomaven/ws/ws_moveit2/install/moveit_visual_tools/lib:/home/robomaven/ws/ws_moveit2/install/moveit_task_constructor_visualization/lib:/home/robomaven/ws/ws_moveit2/install/moveit_task_constructor_demo/lib:/home/robomaven/ws/ws_moveit2/install/moveit_task_constructor_capabilities/lib:/home/robomaven/ws/ws_moveit2/install/moveit_task_constructor_core/lib:/home/robomaven/ws/ws_moveit2/install/moveit_ros_control_interface/lib:/home/robomaven/ws/ws_moveit2/install/moveit_simple_controller_manager/lib:/home/robomaven/ws/ws_moveit2/install/moveit_setup_assistant/lib:/home/robomaven/ws/ws_moveit2/install/moveit_setup_srdf_plugins/lib:/home/robomaven/ws/ws_moveit2/install/moveit_setup_core_plugins/lib:/home/robomaven/ws/ws_moveit2/install/moveit_setup_controllers/lib:/home/robomaven/ws/ws_moveit2/install/moveit_setup_app_plugins/lib:/home/robomaven/ws/ws_moveit2/install/moveit_setup_framework/lib:/home/robomaven/ws/ws_moveit2/install/moveit_servo/lib:/home/robomaven/ws/ws_moveit2/install/moveit_ros_visualization/lib:/home/robomaven/ws/ws_moveit2/install/moveit_hybrid_planning/lib:/home/robomaven/ws/ws_moveit2/install/moveit_ros_benchmarks/lib:/home/robomaven/ws/ws_moveit2/install/moveit_ros_perception/lib:/home/robomaven/ws/ws_moveit2/install/moveit_planners_ompl/lib:/home/robomaven/ws/ws_moveit2/install/moveit_resources_prbt_ikfast_manipulator_plugin/lib:/home/robomaven/ws/ws_moveit2/install/moveit_planners_chomp/lib:/home/robomaven/ws/ws_moveit2/install/moveit_chomp_optimizer_adapter/lib:/home/robomaven/ws/ws_moveit2/install/chomp_motion_planner/lib:/home/robomaven/ws/ws_moveit2/install/rviz_marker_tools/lib:/home/robomaven/ws/ws_moveit2/install/rosparam_shortcuts/lib:/home/robomaven/ws/ws_moveit2/install/moveit_task_constructor_msgs/lib:/usr/lib/x86_64-linux-gnu/gazebo-11/plugins:/opt/ros/humble/opt/rviz_ogre_vendor/lib:/opt/ros/humble/lib/x86_64-linux-gnu:/opt/ros/humble/lib:/usr/share/gazebo/../../lib/x86_64-linux-gnu/gazebo-11/plugins /usr/bin/cmake --install /home/robomaven/ws/ws_moveit2/build/moveit_ros_visualization
