[0.190s] Invoking command in '/home/robomaven/ws/ws_moveit2/build/rosparam_shortcuts': CMAKE_PREFIX_PATH=/opt/ros/humble /usr/bin/cmake --build /home/robomaven/ws/ws_moveit2/build/rosparam_shortcuts -- -j20 -l20
[0.222s] [35m[1mConsolidate compiler generated dependencies of target gtest_main[0m
[0.222s] [35m[1mConsolidate compiler generated dependencies of target rosparam_shortcuts[0m
[0.236s] [  7%] [32mBuilding CXX object gtest/CMakeFiles/gtest.dir/src/gtest-all.cc.o[0m
[0.237s] [ 15%] [32mBuilding CXX object CMakeFiles/rosparam_shortcuts.dir/src/rosparam_shortcuts.cpp.o[0m
[0.241s] [ 30%] Built target gtest_main
[5.536s] [ 38%] [32m[1mLinking CXX shared library librosparam_shortcuts.so[0m
[5.628s] [ 46%] Built target rosparam_shortcuts
[5.644s] [ 61%] [32mBuilding CXX object CMakeFiles/rosparam_shortcuts_example.dir/src/example.cpp.o[0m
[5.644s] [ 61%] [32mBuilding CXX object CMakeFiles/rosparam_shortcuts_node_parameters_example.dir/src/node_parameters_example.cpp.o[0m
[6.105s] [ 69%] [32m[1mLinking CXX static library libgtest.a[0m
[6.131s] [ 69%] Built target gtest
[6.145s] [ 76%] [32mBuilding CXX object CMakeFiles/test_node_parameters.dir/test/test_node_parameters.cpp.o[0m
[8.299s] [ 84%] [32m[1mLinking CXX executable example[0m
[8.315s] [ 92%] [32m[1mLinking CXX executable node_parameters_example[0m
[8.378s] [ 92%] Built target rosparam_shortcuts_example
[8.394s] [ 92%] Built target rosparam_shortcuts_node_parameters_example
[9.679s] [100%] [32m[1mLinking CXX executable test_node_parameters[0m
[9.765s] [100%] Built target test_node_parameters
[9.777s] Invoked command in '/home/robomaven/ws/ws_moveit2/build/rosparam_shortcuts' returned '0': CMAKE_PREFIX_PATH=/opt/ros/humble /usr/bin/cmake --build /home/robomaven/ws/ws_moveit2/build/rosparam_shortcuts -- -j20 -l20
[9.803s] Invoking command in '/home/robomaven/ws/ws_moveit2/build/rosparam_shortcuts': CMAKE_PREFIX_PATH=/opt/ros/humble /usr/bin/cmake --install /home/robomaven/ws/ws_moveit2/build/rosparam_shortcuts
[9.807s] -- Install configuration: "Release"
[9.807s] -- Installing: /home/robomaven/ws/ws_moveit2/install/rosparam_shortcuts/lib/librosparam_shortcuts.so
[9.808s] -- Set runtime path of "/home/robomaven/ws/ws_moveit2/install/rosparam_shortcuts/lib/librosparam_shortcuts.so" to ""
[9.808s] -- Installing: /home/robomaven/ws/ws_moveit2/install/rosparam_shortcuts/lib/rosparam_shortcuts/example
[9.808s] -- Set runtime path of "/home/robomaven/ws/ws_moveit2/install/rosparam_shortcuts/lib/rosparam_shortcuts/example" to ""
[9.808s] -- Installing: /home/robomaven/ws/ws_moveit2/install/rosparam_shortcuts/lib/rosparam_shortcuts/node_parameters_example
[9.808s] -- Set runtime path of "/home/robomaven/ws/ws_moveit2/install/rosparam_shortcuts/lib/rosparam_shortcuts/node_parameters_example" to ""
[9.808s] -- Installing: /home/robomaven/ws/ws_moveit2/install/rosparam_shortcuts/include
[9.809s] -- Installing: /home/robomaven/ws/ws_moveit2/install/rosparam_shortcuts/include/rosparam_shortcuts
[9.809s] -- Installing: /home/robomaven/ws/ws_moveit2/install/rosparam_shortcuts/include/rosparam_shortcuts/rosparam_shortcuts.h
[9.809s] -- Installing: /home/robomaven/ws/ws_moveit2/install/rosparam_shortcuts/include/rosparam_shortcuts/node_parameters.h
[9.809s] -- Installing: /home/robomaven/ws/ws_moveit2/install/rosparam_shortcuts/share/rosparam_shortcuts/launch
[9.809s] -- Installing: /home/robomaven/ws/ws_moveit2/install/rosparam_shortcuts/share/rosparam_shortcuts/launch/example.launch.py
[9.809s] -- Installing: /home/robomaven/ws/ws_moveit2/install/rosparam_shortcuts/share/rosparam_shortcuts/config
[9.809s] -- Installing: /home/robomaven/ws/ws_moveit2/install/rosparam_shortcuts/share/rosparam_shortcuts/config/example.yaml
[9.809s] -- Installing: /home/robomaven/ws/ws_moveit2/install/rosparam_shortcuts/share/rosparam_shortcuts/environment/library_path.sh
[9.809s] -- Installing: /home/robomaven/ws/ws_moveit2/install/rosparam_shortcuts/share/rosparam_shortcuts/environment/library_path.dsv
[9.809s] -- Installing: /home/robomaven/ws/ws_moveit2/install/rosparam_shortcuts/share/ament_index/resource_index/package_run_dependencies/rosparam_shortcuts
[9.809s] -- Installing: /home/robomaven/ws/ws_moveit2/install/rosparam_shortcuts/share/ament_index/resource_index/parent_prefix_path/rosparam_shortcuts
[9.810s] -- Installing: /home/robomaven/ws/ws_moveit2/install/rosparam_shortcuts/share/rosparam_shortcuts/environment/ament_prefix_path.sh
[9.810s] -- Installing: /home/robomaven/ws/ws_moveit2/install/rosparam_shortcuts/share/rosparam_shortcuts/environment/ament_prefix_path.dsv
[9.810s] -- Installing: /home/robomaven/ws/ws_moveit2/install/rosparam_shortcuts/share/rosparam_shortcuts/environment/path.sh
[9.810s] -- Installing: /home/robomaven/ws/ws_moveit2/install/rosparam_shortcuts/share/rosparam_shortcuts/environment/path.dsv
[9.810s] -- Installing: /home/robomaven/ws/ws_moveit2/install/rosparam_shortcuts/share/rosparam_shortcuts/local_setup.bash
[9.810s] -- Installing: /home/robomaven/ws/ws_moveit2/install/rosparam_shortcuts/share/rosparam_shortcuts/local_setup.sh
[9.810s] -- Installing: /home/robomaven/ws/ws_moveit2/install/rosparam_shortcuts/share/rosparam_shortcuts/local_setup.zsh
[9.810s] -- Installing: /home/robomaven/ws/ws_moveit2/install/rosparam_shortcuts/share/rosparam_shortcuts/local_setup.dsv
[9.810s] -- Installing: /home/robomaven/ws/ws_moveit2/install/rosparam_shortcuts/share/rosparam_shortcuts/package.dsv
[9.810s] -- Installing: /home/robomaven/ws/ws_moveit2/install/rosparam_shortcuts/share/ament_index/resource_index/packages/rosparam_shortcuts
[9.810s] -- Installing: /home/robomaven/ws/ws_moveit2/install/rosparam_shortcuts/share/rosparam_shortcuts/cmake/export_rosparam_shortcutsExport.cmake
[9.810s] -- Installing: /home/robomaven/ws/ws_moveit2/install/rosparam_shortcuts/share/rosparam_shortcuts/cmake/export_rosparam_shortcutsExport-release.cmake
[9.810s] -- Installing: /home/robomaven/ws/ws_moveit2/install/rosparam_shortcuts/share/rosparam_shortcuts/cmake/ament_cmake_export_targets-extras.cmake
[9.810s] -- Installing: /home/robomaven/ws/ws_moveit2/install/rosparam_shortcuts/share/rosparam_shortcuts/cmake/ament_cmake_export_dependencies-extras.cmake
[9.810s] -- Installing: /home/robomaven/ws/ws_moveit2/install/rosparam_shortcuts/share/rosparam_shortcuts/cmake/rosparam_shortcutsConfig.cmake
[9.810s] -- Installing: /home/robomaven/ws/ws_moveit2/install/rosparam_shortcuts/share/rosparam_shortcuts/cmake/rosparam_shortcutsConfig-version.cmake
[9.810s] -- Installing: /home/robomaven/ws/ws_moveit2/install/rosparam_shortcuts/share/rosparam_shortcuts/package.xml
[9.811s] Invoked command in '/home/robomaven/ws/ws_moveit2/build/rosparam_shortcuts' returned '0': CMAKE_PREFIX_PATH=/opt/ros/humble /usr/bin/cmake --install /home/robomaven/ws/ws_moveit2/build/rosparam_shortcuts
