[0.043s] Invoking command in '/home/robomaven/ws/ws_moveit2/build/moveit_common': CMAKE_PREFIX_PATH=${CMAKE_PREFIX_PATH}:/home/robomaven/ws/ws_moveit2/install/moveit_configs_utils:/home/robomaven/ws/ws_moveit2/install/launch_param_builder:/opt/ros/humble /usr/bin/cmake /home/robomaven/ws/ws_moveit2/moveit2/moveit_common -DCMAKE_BUILD_TYPE=Debug -DCMAKE_INSTALL_PREFIX=/home/robomaven/ws/ws_moveit2/install/moveit_common
[0.251s] -- Found ament_cmake: 1.3.9 (/opt/ros/humble/share/ament_cmake/cmake)
[0.252s] -- Found ament_lint_auto: 0.12.11 (/opt/ros/humble/share/ament_lint_auto/cmake)
[0.252s] -- Added test 'copyright' to check source files copyright and LICENSE
[0.252s] -- Added test 'lint_cmake' to check CMake code style
[0.252s] -- Added test 'xmllint' to check XML markup files
[0.252s] -- Configuring done
[0.253s] -- Generating done
[0.253s] -- Build files have been written to: /home/robomaven/ws/ws_moveit2/build/moveit_common
[0.256s] Invoked command in '/home/robomaven/ws/ws_moveit2/build/moveit_common' returned '0': CMAKE_PREFIX_PATH=${CMAKE_PREFIX_PATH}:/home/robomaven/ws/ws_moveit2/install/moveit_configs_utils:/home/robomaven/ws/ws_moveit2/install/launch_param_builder:/opt/ros/humble /usr/bin/cmake /home/robomaven/ws/ws_moveit2/moveit2/moveit_common -DCMAKE_BUILD_TYPE=Debug -DCMAKE_INSTALL_PREFIX=/home/robomaven/ws/ws_moveit2/install/moveit_common
[0.257s] Invoking command in '/home/robomaven/ws/ws_moveit2/build/moveit_common': CMAKE_PREFIX_PATH=${CMAKE_PREFIX_PATH}:/home/robomaven/ws/ws_moveit2/install/moveit_configs_utils:/home/robomaven/ws/ws_moveit2/install/launch_param_builder:/opt/ros/humble /usr/bin/cmake --build /home/robomaven/ws/ws_moveit2/build/moveit_common -- -j20 -l20
[0.304s] Invoked command in '/home/robomaven/ws/ws_moveit2/build/moveit_common' returned '0': CMAKE_PREFIX_PATH=${CMAKE_PREFIX_PATH}:/home/robomaven/ws/ws_moveit2/install/moveit_configs_utils:/home/robomaven/ws/ws_moveit2/install/launch_param_builder:/opt/ros/humble /usr/bin/cmake --build /home/robomaven/ws/ws_moveit2/build/moveit_common -- -j20 -l20
[0.352s] Invoking command in '/home/robomaven/ws/ws_moveit2/build/moveit_common': CMAKE_PREFIX_PATH=${CMAKE_PREFIX_PATH}:/home/robomaven/ws/ws_moveit2/install/moveit_configs_utils:/home/robomaven/ws/ws_moveit2/install/launch_param_builder:/opt/ros/humble /usr/bin/cmake --install /home/robomaven/ws/ws_moveit2/build/moveit_common
[0.360s] -- Install configuration: "Debug"
[0.360s] -- Up-to-date: /home/robomaven/ws/ws_moveit2/install/moveit_common/share/ament_index/resource_index/package_run_dependencies/moveit_common
[0.360s] -- Installing: /home/robomaven/ws/ws_moveit2/install/moveit_common/share/ament_index/resource_index/parent_prefix_path/moveit_common
[0.360s] -- Up-to-date: /home/robomaven/ws/ws_moveit2/install/moveit_common/share/moveit_common/environment/ament_prefix_path.sh
[0.360s] -- Installing: /home/robomaven/ws/ws_moveit2/install/moveit_common/share/moveit_common/environment/ament_prefix_path.dsv
[0.360s] -- Up-to-date: /home/robomaven/ws/ws_moveit2/install/moveit_common/share/moveit_common/environment/path.sh
[0.361s] -- Installing: /home/robomaven/ws/ws_moveit2/install/moveit_common/share/moveit_common/environment/path.dsv
[0.361s] -- Up-to-date: /home/robomaven/ws/ws_moveit2/install/moveit_common/share/moveit_common/local_setup.bash
[0.361s] -- Up-to-date: /home/robomaven/ws/ws_moveit2/install/moveit_common/share/moveit_common/local_setup.sh
[0.361s] -- Up-to-date: /home/robomaven/ws/ws_moveit2/install/moveit_common/share/moveit_common/local_setup.zsh
[0.361s] -- Installing: /home/robomaven/ws/ws_moveit2/install/moveit_common/share/moveit_common/local_setup.dsv
[0.361s] -- Installing: /home/robomaven/ws/ws_moveit2/install/moveit_common/share/moveit_common/package.dsv
[0.361s] -- Up-to-date: /home/robomaven/ws/ws_moveit2/install/moveit_common/share/ament_index/resource_index/packages/moveit_common
[0.361s] -- Up-to-date: /home/robomaven/ws/ws_moveit2/install/moveit_common/share/moveit_common/cmake/moveit_common-extras.cmake
[0.363s] -- Up-to-date: /home/robomaven/ws/ws_moveit2/install/moveit_common/share/moveit_common/cmake/moveit_commonConfig.cmake
[0.363s] -- Up-to-date: /home/robomaven/ws/ws_moveit2/install/moveit_common/share/moveit_common/cmake/moveit_commonConfig-version.cmake
[0.364s] -- Up-to-date: /home/robomaven/ws/ws_moveit2/install/moveit_common/share/moveit_common/package.xml
[0.364s] -- Up-to-date: /home/robomaven/ws/ws_moveit2/install/moveit_common/share/moveit_common/cmake
[0.364s] -- Up-to-date: /home/robomaven/ws/ws_moveit2/install/moveit_common/share/moveit_common/cmake/moveit_package.cmake
[0.364s] Invoked command in '/home/robomaven/ws/ws_moveit2/build/moveit_common' returned '0': CMAKE_PREFIX_PATH=${CMAKE_PREFIX_PATH}:/home/robomaven/ws/ws_moveit2/install/moveit_configs_utils:/home/robomaven/ws/ws_moveit2/install/launch_param_builder:/opt/ros/humble /usr/bin/cmake --install /home/robomaven/ws/ws_moveit2/build/moveit_common
