[0.084s] DEBUG:colcon:Command line arguments: ['/usr/bin/colcon', 'build']
[0.084s] DEBUG:colcon:Parsed command line arguments: Namespace(log_base=None, log_level=None, verb_name='build', build_base='build', install_base='install', merge_install=False, symlink_install=False, test_result_base=None, continue_on_error=False, executor='parallel', parallel_workers=20, event_handlers=None, ignore_user_meta=False, metas=['./colcon.meta'], base_paths=['.'], packages_ignore=None, packages_ignore_regex=None, paths=None, packages_up_to=None, packages_up_to_regex=None, packages_above=None, packages_above_and_dependencies=None, packages_above_depth=None, packages_select_by_dep=None, packages_skip_by_dep=None, packages_skip_up_to=None, packages_select_build_failed=False, packages_skip_build_finished=False, packages_select_test_failures=False, packages_skip_test_passed=False, packages_select=None, packages_skip=None, packages_select_regex=None, packages_skip_regex=None, packages_start=None, packages_end=None, allow_overriding=[], cmake_args=None, cmake_target=None, cmake_target_skip_unavailable=False, cmake_clean_cache=False, cmake_clean_first=False, cmake_force_configure=False, ament_cmake_args=None, catkin_cmake_args=None, catkin_skip_building_tests=False, mixin_files=None, mixin=None, verb_parser=<colcon_mixin.mixin.mixin_argument.MixinArgumentDecorator object at 0x718c033464d0>, verb_extension=<colcon_core.verb.build.BuildVerb object at 0x718c03345f00>, main=<bound method BuildVerb.main of <colcon_core.verb.build.BuildVerb object at 0x718c03345f00>>, mixin_verb=('build',))
[0.190s] Level 1:colcon.colcon_core.package_discovery:discover_packages(colcon_meta) check parameters
[0.190s] Level 1:colcon.colcon_core.package_discovery:discover_packages(recursive) check parameters
[0.190s] Level 1:colcon.colcon_core.package_discovery:discover_packages(ignore) check parameters
[0.190s] Level 1:colcon.colcon_core.package_discovery:discover_packages(path) check parameters
[0.190s] Level 1:colcon.colcon_core.package_discovery:discover_packages(colcon_meta) discover
[0.190s] Level 1:colcon.colcon_core.package_discovery:discover_packages(recursive) discover
[0.190s] INFO:colcon.colcon_core.package_discovery:Crawling recursively for packages in '/home/robomaven/ws/ws1'
[0.190s] Level 1:colcon.colcon_core.package_identification:_identify(.) by extensions ['ignore', 'ignore_ament_install']
[0.190s] Level 1:colcon.colcon_core.package_identification:_identify(.) by extension 'ignore'
[0.190s] Level 1:colcon.colcon_core.package_identification:_identify(.) by extension 'ignore_ament_install'
[0.190s] Level 1:colcon.colcon_core.package_identification:_identify(.) by extensions ['colcon_pkg']
[0.190s] Level 1:colcon.colcon_core.package_identification:_identify(.) by extension 'colcon_pkg'
[0.190s] Level 1:colcon.colcon_core.package_identification:_identify(.) by extensions ['colcon_meta']
[0.190s] Level 1:colcon.colcon_core.package_identification:_identify(.) by extension 'colcon_meta'
[0.190s] Level 1:colcon.colcon_core.package_identification:_identify(.) by extensions ['ros']
[0.190s] Level 1:colcon.colcon_core.package_identification:_identify(.) by extension 'ros'
[0.198s] Level 1:colcon.colcon_core.package_identification:_identify(.) by extensions ['cmake', 'python']
[0.198s] Level 1:colcon.colcon_core.package_identification:_identify(.) by extension 'cmake'
[0.198s] Level 1:colcon.colcon_core.package_identification:_identify(.) by extension 'python'
[0.198s] Level 1:colcon.colcon_core.package_identification:_identify(.) by extensions ['python_setup_py']
[0.198s] Level 1:colcon.colcon_core.package_identification:_identify(.) by extension 'python_setup_py'
[0.198s] Level 1:colcon.colcon_core.package_identification:_identify(build) by extensions ['ignore', 'ignore_ament_install']
[0.198s] Level 1:colcon.colcon_core.package_identification:_identify(build) by extension 'ignore'
[0.198s] Level 1:colcon.colcon_core.package_identification:_identify(build) ignored
[0.198s] Level 1:colcon.colcon_core.package_identification:_identify(install) by extensions ['ignore', 'ignore_ament_install']
[0.198s] Level 1:colcon.colcon_core.package_identification:_identify(install) by extension 'ignore'
[0.198s] Level 1:colcon.colcon_core.package_identification:_identify(install) ignored
[0.198s] Level 1:colcon.colcon_core.package_identification:_identify(log) by extensions ['ignore', 'ignore_ament_install']
[0.198s] Level 1:colcon.colcon_core.package_identification:_identify(log) by extension 'ignore'
[0.198s] Level 1:colcon.colcon_core.package_identification:_identify(log) ignored
[0.198s] Level 1:colcon.colcon_core.package_identification:_identify(src) by extensions ['ignore', 'ignore_ament_install']
[0.198s] Level 1:colcon.colcon_core.package_identification:_identify(src) by extension 'ignore'
[0.198s] Level 1:colcon.colcon_core.package_identification:_identify(src) by extension 'ignore_ament_install'
[0.198s] Level 1:colcon.colcon_core.package_identification:_identify(src) by extensions ['colcon_pkg']
[0.198s] Level 1:colcon.colcon_core.package_identification:_identify(src) by extension 'colcon_pkg'
[0.198s] Level 1:colcon.colcon_core.package_identification:_identify(src) by extensions ['colcon_meta']
[0.198s] Level 1:colcon.colcon_core.package_identification:_identify(src) by extension 'colcon_meta'
[0.198s] Level 1:colcon.colcon_core.package_identification:_identify(src) by extensions ['ros']
[0.198s] Level 1:colcon.colcon_core.package_identification:_identify(src) by extension 'ros'
[0.198s] Level 1:colcon.colcon_core.package_identification:_identify(src) by extensions ['cmake', 'python']
[0.198s] Level 1:colcon.colcon_core.package_identification:_identify(src) by extension 'cmake'
[0.198s] Level 1:colcon.colcon_core.package_identification:_identify(src) by extension 'python'
[0.198s] Level 1:colcon.colcon_core.package_identification:_identify(src) by extensions ['python_setup_py']
[0.198s] Level 1:colcon.colcon_core.package_identification:_identify(src) by extension 'python_setup_py'
[0.198s] Level 1:colcon.colcon_core.package_identification:_identify(src/bringup) by extensions ['ignore', 'ignore_ament_install']
[0.198s] Level 1:colcon.colcon_core.package_identification:_identify(src/bringup) by extension 'ignore'
[0.199s] Level 1:colcon.colcon_core.package_identification:_identify(src/bringup) by extension 'ignore_ament_install'
[0.199s] Level 1:colcon.colcon_core.package_identification:_identify(src/bringup) by extensions ['colcon_pkg']
[0.199s] Level 1:colcon.colcon_core.package_identification:_identify(src/bringup) by extension 'colcon_pkg'
[0.199s] Level 1:colcon.colcon_core.package_identification:_identify(src/bringup) by extensions ['colcon_meta']
[0.199s] Level 1:colcon.colcon_core.package_identification:_identify(src/bringup) by extension 'colcon_meta'
[0.199s] Level 1:colcon.colcon_core.package_identification:_identify(src/bringup) by extensions ['ros']
[0.199s] Level 1:colcon.colcon_core.package_identification:_identify(src/bringup) by extension 'ros'
[0.204s] DEBUG:colcon.colcon_core.package_identification:Package 'src/bringup' with type 'ros.ament_cmake' and name 'bringup'
[0.204s] Level 1:colcon.colcon_core.package_identification:_identify(src/my_interfaces) by extensions ['ignore', 'ignore_ament_install']
[0.205s] Level 1:colcon.colcon_core.package_identification:_identify(src/my_interfaces) by extension 'ignore'
[0.205s] Level 1:colcon.colcon_core.package_identification:_identify(src/my_interfaces) by extension 'ignore_ament_install'
[0.205s] Level 1:colcon.colcon_core.package_identification:_identify(src/my_interfaces) by extensions ['colcon_pkg']
[0.205s] Level 1:colcon.colcon_core.package_identification:_identify(src/my_interfaces) by extension 'colcon_pkg'
[0.205s] Level 1:colcon.colcon_core.package_identification:_identify(src/my_interfaces) by extensions ['colcon_meta']
[0.205s] Level 1:colcon.colcon_core.package_identification:_identify(src/my_interfaces) by extension 'colcon_meta'
[0.205s] Level 1:colcon.colcon_core.package_identification:_identify(src/my_interfaces) by extensions ['ros']
[0.205s] Level 1:colcon.colcon_core.package_identification:_identify(src/my_interfaces) by extension 'ros'
[0.205s] DEBUG:colcon.colcon_core.package_identification:Package 'src/my_interfaces' with type 'ros.ament_cmake' and name 'my_interfaces'
[0.205s] Level 1:colcon.colcon_core.package_identification:_identify(src/py) by extensions ['ignore', 'ignore_ament_install']
[0.205s] Level 1:colcon.colcon_core.package_identification:_identify(src/py) by extension 'ignore'
[0.205s] Level 1:colcon.colcon_core.package_identification:_identify(src/py) by extension 'ignore_ament_install'
[0.205s] Level 1:colcon.colcon_core.package_identification:_identify(src/py) by extensions ['colcon_pkg']
[0.205s] Level 1:colcon.colcon_core.package_identification:_identify(src/py) by extension 'colcon_pkg'
[0.205s] Level 1:colcon.colcon_core.package_identification:_identify(src/py) by extensions ['colcon_meta']
[0.205s] Level 1:colcon.colcon_core.package_identification:_identify(src/py) by extension 'colcon_meta'
[0.205s] Level 1:colcon.colcon_core.package_identification:_identify(src/py) by extensions ['ros']
[0.205s] Level 1:colcon.colcon_core.package_identification:_identify(src/py) by extension 'ros'
[0.206s] DEBUG:colcon.colcon_core.package_identification:Package 'src/py' with type 'ros.ament_python' and name 'py'
[0.206s] Level 1:colcon.colcon_core.package_discovery:discover_packages(recursive) using defaults
[0.206s] Level 1:colcon.colcon_core.package_discovery:discover_packages(ignore) discover
[0.206s] Level 1:colcon.colcon_core.package_discovery:discover_packages(ignore) using defaults
[0.206s] Level 1:colcon.colcon_core.package_discovery:discover_packages(path) discover
[0.206s] Level 1:colcon.colcon_core.package_discovery:discover_packages(path) using defaults
[0.226s] Level 1:colcon.colcon_core.package_discovery:discover_packages(prefix_path) check parameters
[0.226s] Level 1:colcon.colcon_core.package_discovery:discover_packages(prefix_path) discover
[0.228s] DEBUG:colcon.colcon_installed_package_information.package_discovery:Found 2 installed packages in /home/robomaven/ws/ros2_ws2/install
[0.228s] DEBUG:colcon.colcon_installed_package_information.package_discovery:Found 3 installed packages in /home/robomaven/ws/tb3_ws/install
[0.229s] DEBUG:colcon.colcon_installed_package_information.package_discovery:Found 413 installed packages in /opt/ros/humble
[0.231s] Level 1:colcon.colcon_core.package_discovery:discover_packages(prefix_path) using defaults
[0.261s] Level 5:colcon.colcon_core.verb:set package 'bringup' build argument 'cmake_args' from command line to 'None'
[0.261s] Level 5:colcon.colcon_core.verb:set package 'bringup' build argument 'cmake_target' from command line to 'None'
[0.261s] Level 5:colcon.colcon_core.verb:set package 'bringup' build argument 'cmake_target_skip_unavailable' from command line to 'False'
[0.261s] Level 5:colcon.colcon_core.verb:set package 'bringup' build argument 'cmake_clean_cache' from command line to 'False'
[0.261s] Level 5:colcon.colcon_core.verb:set package 'bringup' build argument 'cmake_clean_first' from command line to 'False'
[0.261s] Level 5:colcon.colcon_core.verb:set package 'bringup' build argument 'cmake_force_configure' from command line to 'False'
[0.261s] Level 5:colcon.colcon_core.verb:set package 'bringup' build argument 'ament_cmake_args' from command line to 'None'
[0.261s] Level 5:colcon.colcon_core.verb:set package 'bringup' build argument 'catkin_cmake_args' from command line to 'None'
[0.261s] Level 5:colcon.colcon_core.verb:set package 'bringup' build argument 'catkin_skip_building_tests' from command line to 'False'
[0.261s] DEBUG:colcon.colcon_core.verb:Building package 'bringup' with the following arguments: {'ament_cmake_args': None, 'build_base': '/home/robomaven/ws/ws1/build/bringup', 'catkin_cmake_args': None, 'catkin_skip_building_tests': False, 'cmake_args': None, 'cmake_clean_cache': False, 'cmake_clean_first': False, 'cmake_force_configure': False, 'cmake_target': None, 'cmake_target_skip_unavailable': False, 'install_base': '/home/robomaven/ws/ws1/install/bringup', 'merge_install': False, 'path': '/home/robomaven/ws/ws1/src/bringup', 'symlink_install': False, 'test_result_base': None}
[0.262s] Level 5:colcon.colcon_core.verb:set package 'my_interfaces' build argument 'cmake_args' from command line to 'None'
[0.262s] Level 5:colcon.colcon_core.verb:set package 'my_interfaces' build argument 'cmake_target' from command line to 'None'
[0.262s] Level 5:colcon.colcon_core.verb:set package 'my_interfaces' build argument 'cmake_target_skip_unavailable' from command line to 'False'
[0.262s] Level 5:colcon.colcon_core.verb:set package 'my_interfaces' build argument 'cmake_clean_cache' from command line to 'False'
[0.262s] Level 5:colcon.colcon_core.verb:set package 'my_interfaces' build argument 'cmake_clean_first' from command line to 'False'
[0.262s] Level 5:colcon.colcon_core.verb:set package 'my_interfaces' build argument 'cmake_force_configure' from command line to 'False'
[0.262s] Level 5:colcon.colcon_core.verb:set package 'my_interfaces' build argument 'ament_cmake_args' from command line to 'None'
[0.262s] Level 5:colcon.colcon_core.verb:set package 'my_interfaces' build argument 'catkin_cmake_args' from command line to 'None'
[0.262s] Level 5:colcon.colcon_core.verb:set package 'my_interfaces' build argument 'catkin_skip_building_tests' from command line to 'False'
[0.262s] DEBUG:colcon.colcon_core.verb:Building package 'my_interfaces' with the following arguments: {'ament_cmake_args': None, 'build_base': '/home/robomaven/ws/ws1/build/my_interfaces', 'catkin_cmake_args': None, 'catkin_skip_building_tests': False, 'cmake_args': None, 'cmake_clean_cache': False, 'cmake_clean_first': False, 'cmake_force_configure': False, 'cmake_target': None, 'cmake_target_skip_unavailable': False, 'install_base': '/home/robomaven/ws/ws1/install/my_interfaces', 'merge_install': False, 'path': '/home/robomaven/ws/ws1/src/my_interfaces', 'symlink_install': False, 'test_result_base': None}
[0.262s] Level 5:colcon.colcon_core.verb:set package 'py' build argument 'cmake_args' from command line to 'None'
[0.262s] Level 5:colcon.colcon_core.verb:set package 'py' build argument 'cmake_target' from command line to 'None'
[0.262s] Level 5:colcon.colcon_core.verb:set package 'py' build argument 'cmake_target_skip_unavailable' from command line to 'False'
[0.262s] Level 5:colcon.colcon_core.verb:set package 'py' build argument 'cmake_clean_cache' from command line to 'False'
[0.262s] Level 5:colcon.colcon_core.verb:set package 'py' build argument 'cmake_clean_first' from command line to 'False'
[0.262s] Level 5:colcon.colcon_core.verb:set package 'py' build argument 'cmake_force_configure' from command line to 'False'
[0.262s] Level 5:colcon.colcon_core.verb:set package 'py' build argument 'ament_cmake_args' from command line to 'None'
[0.262s] Level 5:colcon.colcon_core.verb:set package 'py' build argument 'catkin_cmake_args' from command line to 'None'
[0.262s] Level 5:colcon.colcon_core.verb:set package 'py' build argument 'catkin_skip_building_tests' from command line to 'False'
[0.262s] DEBUG:colcon.colcon_core.verb:Building package 'py' with the following arguments: {'ament_cmake_args': None, 'build_base': '/home/robomaven/ws/ws1/build/py', 'catkin_cmake_args': None, 'catkin_skip_building_tests': False, 'cmake_args': None, 'cmake_clean_cache': False, 'cmake_clean_first': False, 'cmake_force_configure': False, 'cmake_target': None, 'cmake_target_skip_unavailable': False, 'install_base': '/home/robomaven/ws/ws1/install/py', 'merge_install': False, 'path': '/home/robomaven/ws/ws1/src/py', 'symlink_install': False, 'test_result_base': None}
[0.262s] INFO:colcon.colcon_core.executor:Executing jobs using 'parallel' executor
[0.263s] DEBUG:colcon.colcon_parallel_executor.executor.parallel:run_until_complete
[0.263s] INFO:colcon.colcon_ros.task.ament_cmake.build:Building ROS package in '/home/robomaven/ws/ws1/src/bringup' with build type 'ament_cmake'
[0.263s] INFO:colcon.colcon_cmake.task.cmake.build:Building CMake package in '/home/robomaven/ws/ws1/src/bringup'
[0.265s] INFO:colcon.colcon_core.plugin_system:Skipping extension 'colcon_core.shell.bat': Not used on non-Windows systems
[0.265s] INFO:colcon.colcon_core.shell:Skip shell extension 'powershell' for command environment: Not usable outside of PowerShell
[0.265s] DEBUG:colcon.colcon_core.shell:Skip shell extension 'dsv' for command environment
[0.268s] INFO:colcon.colcon_ros.task.ament_cmake.build:Building ROS package in '/home/robomaven/ws/ws1/src/my_interfaces' with build type 'ament_cmake'
[0.268s] INFO:colcon.colcon_cmake.task.cmake.build:Building CMake package in '/home/robomaven/ws/ws1/src/my_interfaces'
[0.268s] INFO:colcon.colcon_core.shell:Skip shell extension 'powershell' for command environment: Not usable outside of PowerShell
[0.268s] DEBUG:colcon.colcon_core.shell:Skip shell extension 'dsv' for command environment
[0.270s] INFO:colcon.colcon_ros.task.ament_python.build:Building ROS package in '/home/robomaven/ws/ws1/src/py' with build type 'ament_python'
[0.271s] Level 1:colcon.colcon_core.shell:create_environment_hook('py', 'ament_prefix_path')
[0.271s] INFO:colcon.colcon_core.shell:Creating environment hook '/home/robomaven/ws/ws1/install/py/share/py/hook/ament_prefix_path.ps1'
[0.271s] INFO:colcon.colcon_core.shell:Creating environment descriptor '/home/robomaven/ws/ws1/install/py/share/py/hook/ament_prefix_path.dsv'
[0.271s] INFO:colcon.colcon_core.shell:Creating environment hook '/home/robomaven/ws/ws1/install/py/share/py/hook/ament_prefix_path.sh'
[0.272s] INFO:colcon.colcon_core.shell:Skip shell extension 'powershell' for command environment: Not usable outside of PowerShell
[0.272s] DEBUG:colcon.colcon_core.shell:Skip shell extension 'dsv' for command environment
[0.277s] DEBUG:colcon.colcon_core.event_handler.log_command:Invoking command in '/home/robomaven/ws/ws1/build/bringup': CMAKE_PREFIX_PATH=${CMAKE_PREFIX_PATH}:/opt/ros/humble /usr/bin/cmake /home/robomaven/ws/ws1/src/bringup -DCMAKE_INSTALL_PREFIX=/home/robomaven/ws/ws1/install/bringup
[0.281s] DEBUG:colcon.colcon_core.event_handler.log_command:Invoking command in '/home/robomaven/ws/ws1/build/my_interfaces': CMAKE_PREFIX_PATH=${CMAKE_PREFIX_PATH}:/opt/ros/humble /usr/bin/cmake --build /home/robomaven/ws/ws1/build/my_interfaces -- -j20 -l20
[0.450s] INFO:colcon.colcon_core.task.python.build:Building Python package in '/home/robomaven/ws/ws1/src/py'
[0.451s] INFO:colcon.colcon_core.shell:Skip shell extension 'powershell' for command environment: Not usable outside of PowerShell
[0.451s] DEBUG:colcon.colcon_core.shell:Skip shell extension 'dsv' for command environment
[0.523s] DEBUG:colcon.colcon_core.event_handler.log_command:Invoked command in '/home/robomaven/ws/ws1/build/my_interfaces' returned '0': CMAKE_PREFIX_PATH=${CMAKE_PREFIX_PATH}:/opt/ros/humble /usr/bin/cmake --build /home/robomaven/ws/ws1/build/my_interfaces -- -j20 -l20
[0.596s] DEBUG:colcon.colcon_core.event_handler.log_command:Invoking command in '/home/robomaven/ws/ws1/build/my_interfaces': CMAKE_PREFIX_PATH=${CMAKE_PREFIX_PATH}:/opt/ros/humble /usr/bin/cmake --install /home/robomaven/ws/ws1/build/my_interfaces
[0.637s] Level 1:colcon.colcon_core.environment:create_environment_scripts_only(my_interfaces)
[0.638s] DEBUG:colcon.colcon_core.event_handler.log_command:Invoked command in '/home/robomaven/ws/ws1/build/my_interfaces' returned '0': CMAKE_PREFIX_PATH=${CMAKE_PREFIX_PATH}:/opt/ros/humble /usr/bin/cmake --install /home/robomaven/ws/ws1/build/my_interfaces
[0.640s] Level 1:colcon.colcon_core.environment:checking '/home/robomaven/ws/ws1/install/my_interfaces' for CMake module files
[0.640s] Level 1:colcon.colcon_core.environment:checking '/home/robomaven/ws/ws1/install/my_interfaces' for CMake config files
[0.641s] Level 1:colcon.colcon_core.shell:create_environment_hook('my_interfaces', 'cmake_prefix_path')
[0.641s] INFO:colcon.colcon_core.shell:Creating environment hook '/home/robomaven/ws/ws1/install/my_interfaces/share/my_interfaces/hook/cmake_prefix_path.ps1'
[0.641s] INFO:colcon.colcon_core.shell:Creating environment descriptor '/home/robomaven/ws/ws1/install/my_interfaces/share/my_interfaces/hook/cmake_prefix_path.dsv'
[0.641s] INFO:colcon.colcon_core.shell:Creating environment hook '/home/robomaven/ws/ws1/install/my_interfaces/share/my_interfaces/hook/cmake_prefix_path.sh'
[0.642s] Level 1:colcon.colcon_core.environment:checking '/home/robomaven/ws/ws1/install/my_interfaces/lib'
[0.642s] Level 1:colcon.colcon_core.shell:create_environment_hook('my_interfaces', 'ld_library_path_lib')
[0.642s] INFO:colcon.colcon_core.shell:Creating environment hook '/home/robomaven/ws/ws1/install/my_interfaces/share/my_interfaces/hook/ld_library_path_lib.ps1'
[0.642s] INFO:colcon.colcon_core.shell:Creating environment descriptor '/home/robomaven/ws/ws1/install/my_interfaces/share/my_interfaces/hook/ld_library_path_lib.dsv'
[0.642s] INFO:colcon.colcon_core.shell:Creating environment hook '/home/robomaven/ws/ws1/install/my_interfaces/share/my_interfaces/hook/ld_library_path_lib.sh'
[0.642s] Level 1:colcon.colcon_core.environment:checking '/home/robomaven/ws/ws1/install/my_interfaces/bin'
[0.642s] Level 1:colcon.colcon_core.environment:checking '/home/robomaven/ws/ws1/install/my_interfaces/lib/pkgconfig/my_interfaces.pc'
[0.643s] Level 1:colcon.colcon_core.environment:checking '/home/robomaven/ws/ws1/install/my_interfaces/lib/python3.10/site-packages'
[0.643s] Level 1:colcon.colcon_core.environment:checking '/home/robomaven/ws/ws1/install/my_interfaces/bin'
[0.643s] INFO:colcon.colcon_core.shell:Creating package script '/home/robomaven/ws/ws1/install/my_interfaces/share/my_interfaces/package.ps1'
[0.643s] INFO:colcon.colcon_core.shell:Creating package descriptor '/home/robomaven/ws/ws1/install/my_interfaces/share/my_interfaces/package.dsv'
[0.644s] INFO:colcon.colcon_core.shell:Creating package script '/home/robomaven/ws/ws1/install/my_interfaces/share/my_interfaces/package.sh'
[0.644s] INFO:colcon.colcon_core.shell:Creating package script '/home/robomaven/ws/ws1/install/my_interfaces/share/my_interfaces/package.bash'
[0.645s] INFO:colcon.colcon_core.shell:Creating package script '/home/robomaven/ws/ws1/install/my_interfaces/share/my_interfaces/package.zsh'
[0.645s] Level 1:colcon.colcon_core.environment:create_file_with_runtime_dependencies(/home/robomaven/ws/ws1/install/my_interfaces/share/colcon-core/packages/my_interfaces)
[0.712s] Level 1:colcon.colcon_core.environment:create_environment_scripts_only(my_interfaces)
[0.712s] Level 1:colcon.colcon_core.environment:checking '/home/robomaven/ws/ws1/install/my_interfaces' for CMake module files
[0.713s] Level 1:colcon.colcon_core.environment:checking '/home/robomaven/ws/ws1/install/my_interfaces' for CMake config files
[0.713s] Level 1:colcon.colcon_core.shell:create_environment_hook('my_interfaces', 'cmake_prefix_path')
[0.713s] INFO:colcon.colcon_core.shell:Creating environment hook '/home/robomaven/ws/ws1/install/my_interfaces/share/my_interfaces/hook/cmake_prefix_path.ps1'
[0.714s] INFO:colcon.colcon_core.shell:Creating environment descriptor '/home/robomaven/ws/ws1/install/my_interfaces/share/my_interfaces/hook/cmake_prefix_path.dsv'
[0.714s] INFO:colcon.colcon_core.shell:Creating environment hook '/home/robomaven/ws/ws1/install/my_interfaces/share/my_interfaces/hook/cmake_prefix_path.sh'
[0.714s] Level 1:colcon.colcon_core.environment:checking '/home/robomaven/ws/ws1/install/my_interfaces/lib'
[0.714s] Level 1:colcon.colcon_core.shell:create_environment_hook('my_interfaces', 'ld_library_path_lib')
[0.714s] INFO:colcon.colcon_core.shell:Creating environment hook '/home/robomaven/ws/ws1/install/my_interfaces/share/my_interfaces/hook/ld_library_path_lib.ps1'
[0.714s] INFO:colcon.colcon_core.shell:Creating environment descriptor '/home/robomaven/ws/ws1/install/my_interfaces/share/my_interfaces/hook/ld_library_path_lib.dsv'
[0.715s] INFO:colcon.colcon_core.shell:Creating environment hook '/home/robomaven/ws/ws1/install/my_interfaces/share/my_interfaces/hook/ld_library_path_lib.sh'
[0.715s] Level 1:colcon.colcon_core.environment:checking '/home/robomaven/ws/ws1/install/my_interfaces/bin'
[0.715s] Level 1:colcon.colcon_core.environment:checking '/home/robomaven/ws/ws1/install/my_interfaces/lib/pkgconfig/my_interfaces.pc'
[0.715s] Level 1:colcon.colcon_core.environment:checking '/home/robomaven/ws/ws1/install/my_interfaces/lib/python3.10/site-packages'
[0.715s] Level 1:colcon.colcon_core.environment:checking '/home/robomaven/ws/ws1/install/my_interfaces/bin'
[0.715s] INFO:colcon.colcon_core.shell:Creating package script '/home/robomaven/ws/ws1/install/my_interfaces/share/my_interfaces/package.ps1'
[0.716s] INFO:colcon.colcon_core.shell:Creating package descriptor '/home/robomaven/ws/ws1/install/my_interfaces/share/my_interfaces/package.dsv'
[0.716s] INFO:colcon.colcon_core.shell:Creating package script '/home/robomaven/ws/ws1/install/my_interfaces/share/my_interfaces/package.sh'
[0.716s] INFO:colcon.colcon_core.shell:Creating package script '/home/robomaven/ws/ws1/install/my_interfaces/share/my_interfaces/package.bash'
[0.716s] INFO:colcon.colcon_core.shell:Creating package script '/home/robomaven/ws/ws1/install/my_interfaces/share/my_interfaces/package.zsh'
[0.716s] Level 1:colcon.colcon_core.environment:create_file_with_runtime_dependencies(/home/robomaven/ws/ws1/install/my_interfaces/share/colcon-core/packages/my_interfaces)
[0.725s] DEBUG:colcon.colcon_core.event_handler.log_command:Invoked command in '/home/robomaven/ws/ws1/build/bringup' returned '0': CMAKE_PREFIX_PATH=${CMAKE_PREFIX_PATH}:/opt/ros/humble /usr/bin/cmake /home/robomaven/ws/ws1/src/bringup -DCMAKE_INSTALL_PREFIX=/home/robomaven/ws/ws1/install/bringup
[0.726s] DEBUG:colcon.colcon_core.event_handler.log_command:Invoking command in '/home/robomaven/ws/ws1/build/bringup': CMAKE_PREFIX_PATH=${CMAKE_PREFIX_PATH}:/opt/ros/humble /usr/bin/cmake --build /home/robomaven/ws/ws1/build/bringup -- -j20 -l20
[0.731s] DEBUG:colcon.colcon_core.event_handler.log_command:Invoking command in '/home/robomaven/ws/ws1/build/py': PYTHONPATH=/home/robomaven/ws/ws1/build/py/prefix_override:/home/robomaven/ws/ws1/install/py/lib/python3.10/site-packages:${PYTHONPATH} /usr/bin/python3 -W ignore:setup.py install is deprecated setup.py develop --uninstall --editable --build-directory /home/robomaven/ws/ws1/build/py/build
[0.753s] DEBUG:colcon.colcon_core.event_handler.log_command:Invoked command in '/home/robomaven/ws/ws1/build/bringup' returned '0': CMAKE_PREFIX_PATH=${CMAKE_PREFIX_PATH}:/opt/ros/humble /usr/bin/cmake --build /home/robomaven/ws/ws1/build/bringup -- -j20 -l20
[0.767s] DEBUG:colcon.colcon_core.event_handler.log_command:Invoking command in '/home/robomaven/ws/ws1/build/bringup': CMAKE_PREFIX_PATH=${CMAKE_PREFIX_PATH}:/opt/ros/humble /usr/bin/cmake --install /home/robomaven/ws/ws1/build/bringup
[0.774s] Level 1:colcon.colcon_core.environment:create_environment_scripts_only(bringup)
[0.774s] DEBUG:colcon.colcon_core.event_handler.log_command:Invoked command in '/home/robomaven/ws/ws1/build/bringup' returned '0': CMAKE_PREFIX_PATH=${CMAKE_PREFIX_PATH}:/opt/ros/humble /usr/bin/cmake --install /home/robomaven/ws/ws1/build/bringup
[0.774s] Level 1:colcon.colcon_core.environment:checking '/home/robomaven/ws/ws1/install/bringup' for CMake module files
[0.775s] Level 1:colcon.colcon_core.environment:checking '/home/robomaven/ws/ws1/install/bringup' for CMake config files
[0.775s] Level 1:colcon.colcon_core.shell:create_environment_hook('bringup', 'cmake_prefix_path')
[0.775s] INFO:colcon.colcon_core.shell:Creating environment hook '/home/robomaven/ws/ws1/install/bringup/share/bringup/hook/cmake_prefix_path.ps1'
[0.775s] INFO:colcon.colcon_core.shell:Creating environment descriptor '/home/robomaven/ws/ws1/install/bringup/share/bringup/hook/cmake_prefix_path.dsv'
[0.775s] INFO:colcon.colcon_core.shell:Creating environment hook '/home/robomaven/ws/ws1/install/bringup/share/bringup/hook/cmake_prefix_path.sh'
[0.776s] Level 1:colcon.colcon_core.environment:checking '/home/robomaven/ws/ws1/install/bringup/bin'
[0.776s] Level 1:colcon.colcon_core.environment:checking '/home/robomaven/ws/ws1/install/bringup/lib/pkgconfig/bringup.pc'
[0.776s] Level 1:colcon.colcon_core.environment:checking '/home/robomaven/ws/ws1/install/bringup/lib/python3.10/site-packages'
[0.776s] Level 1:colcon.colcon_core.environment:checking '/home/robomaven/ws/ws1/install/bringup/bin'
[0.776s] INFO:colcon.colcon_core.shell:Creating package script '/home/robomaven/ws/ws1/install/bringup/share/bringup/package.ps1'
[0.776s] INFO:colcon.colcon_core.shell:Creating package descriptor '/home/robomaven/ws/ws1/install/bringup/share/bringup/package.dsv'
[0.777s] INFO:colcon.colcon_core.shell:Creating package script '/home/robomaven/ws/ws1/install/bringup/share/bringup/package.sh'
[0.777s] INFO:colcon.colcon_core.shell:Creating package script '/home/robomaven/ws/ws1/install/bringup/share/bringup/package.bash'
[0.777s] INFO:colcon.colcon_core.shell:Creating package script '/home/robomaven/ws/ws1/install/bringup/share/bringup/package.zsh'
[0.777s] Level 1:colcon.colcon_core.environment:create_file_with_runtime_dependencies(/home/robomaven/ws/ws1/install/bringup/share/colcon-core/packages/bringup)
[0.791s] Level 1:colcon.colcon_core.environment:create_environment_scripts_only(bringup)
[0.791s] Level 1:colcon.colcon_core.environment:checking '/home/robomaven/ws/ws1/install/bringup' for CMake module files
[0.791s] Level 1:colcon.colcon_core.environment:checking '/home/robomaven/ws/ws1/install/bringup' for CMake config files
[0.792s] Level 1:colcon.colcon_core.shell:create_environment_hook('bringup', 'cmake_prefix_path')
[0.792s] INFO:colcon.colcon_core.shell:Creating environment hook '/home/robomaven/ws/ws1/install/bringup/share/bringup/hook/cmake_prefix_path.ps1'
[0.792s] INFO:colcon.colcon_core.shell:Creating environment descriptor '/home/robomaven/ws/ws1/install/bringup/share/bringup/hook/cmake_prefix_path.dsv'
[0.792s] INFO:colcon.colcon_core.shell:Creating environment hook '/home/robomaven/ws/ws1/install/bringup/share/bringup/hook/cmake_prefix_path.sh'
[0.792s] Level 1:colcon.colcon_core.environment:checking '/home/robomaven/ws/ws1/install/bringup/bin'
[0.792s] Level 1:colcon.colcon_core.environment:checking '/home/robomaven/ws/ws1/install/bringup/lib/pkgconfig/bringup.pc'
[0.792s] Level 1:colcon.colcon_core.environment:checking '/home/robomaven/ws/ws1/install/bringup/lib/python3.10/site-packages'
[0.793s] Level 1:colcon.colcon_core.environment:checking '/home/robomaven/ws/ws1/install/bringup/bin'
[0.793s] INFO:colcon.colcon_core.shell:Creating package script '/home/robomaven/ws/ws1/install/bringup/share/bringup/package.ps1'
[0.793s] INFO:colcon.colcon_core.shell:Creating package descriptor '/home/robomaven/ws/ws1/install/bringup/share/bringup/package.dsv'
[0.793s] INFO:colcon.colcon_core.shell:Creating package script '/home/robomaven/ws/ws1/install/bringup/share/bringup/package.sh'
[0.794s] INFO:colcon.colcon_core.shell:Creating package script '/home/robomaven/ws/ws1/install/bringup/share/bringup/package.bash'
[0.794s] INFO:colcon.colcon_core.shell:Creating package script '/home/robomaven/ws/ws1/install/bringup/share/bringup/package.zsh'
[0.794s] Level 1:colcon.colcon_core.environment:create_file_with_runtime_dependencies(/home/robomaven/ws/ws1/install/bringup/share/colcon-core/packages/bringup)
[0.996s] DEBUG:colcon.colcon_core.event_handler.log_command:Invoked command in '/home/robomaven/ws/ws1/build/py' returned '0': PYTHONPATH=/home/robomaven/ws/ws1/build/py/prefix_override:/home/robomaven/ws/ws1/install/py/lib/python3.10/site-packages:${PYTHONPATH} /usr/bin/python3 -W ignore:setup.py install is deprecated setup.py develop --uninstall --editable --build-directory /home/robomaven/ws/ws1/build/py/build
[0.998s] DEBUG:colcon.colcon_core.event_handler.log_command:Invoking command in '/home/robomaven/ws/ws1/src/py': PYTHONPATH=/home/robomaven/ws/ws1/build/py/prefix_override:/home/robomaven/ws/ws1/install/py/lib/python3.10/site-packages:${PYTHONPATH} /usr/bin/python3 -W ignore:setup.py install is deprecated setup.py egg_info --egg-base ../../build/py build --build-base /home/robomaven/ws/ws1/build/py/build install --record /home/robomaven/ws/ws1/build/py/install.log --single-version-externally-managed install_data --force
[1.184s] Level 1:colcon.colcon_core.environment:checking '/home/robomaven/ws/ws1/install/py' for CMake module files
[1.185s] DEBUG:colcon.colcon_core.event_handler.log_command:Invoked command in '/home/robomaven/ws/ws1/src/py' returned '0': PYTHONPATH=/home/robomaven/ws/ws1/build/py/prefix_override:/home/robomaven/ws/ws1/install/py/lib/python3.10/site-packages:${PYTHONPATH} /usr/bin/python3 -W ignore:setup.py install is deprecated setup.py egg_info --egg-base ../../build/py build --build-base /home/robomaven/ws/ws1/build/py/build install --record /home/robomaven/ws/ws1/build/py/install.log --single-version-externally-managed install_data --force
[1.185s] Level 1:colcon.colcon_core.environment:checking '/home/robomaven/ws/ws1/install/py' for CMake config files
[1.185s] Level 1:colcon.colcon_core.environment:checking '/home/robomaven/ws/ws1/install/py/lib'
[1.185s] Level 1:colcon.colcon_core.environment:checking '/home/robomaven/ws/ws1/install/py/bin'
[1.185s] Level 1:colcon.colcon_core.environment:checking '/home/robomaven/ws/ws1/install/py/lib/pkgconfig/py.pc'
[1.185s] Level 1:colcon.colcon_core.environment:checking '/home/robomaven/ws/ws1/install/py/lib/python3.10/site-packages'
[1.185s] Level 1:colcon.colcon_core.shell:create_environment_hook('py', 'pythonpath')
[1.186s] INFO:colcon.colcon_core.shell:Creating environment hook '/home/robomaven/ws/ws1/install/py/share/py/hook/pythonpath.ps1'
[1.186s] INFO:colcon.colcon_core.shell:Creating environment descriptor '/home/robomaven/ws/ws1/install/py/share/py/hook/pythonpath.dsv'
[1.186s] INFO:colcon.colcon_core.shell:Creating environment hook '/home/robomaven/ws/ws1/install/py/share/py/hook/pythonpath.sh'
[1.186s] Level 1:colcon.colcon_core.environment:checking '/home/robomaven/ws/ws1/install/py/bin'
[1.186s] Level 1:colcon.colcon_core.environment:create_environment_scripts_only(py)
[1.187s] INFO:colcon.colcon_core.shell:Creating package script '/home/robomaven/ws/ws1/install/py/share/py/package.ps1'
[1.187s] INFO:colcon.colcon_core.shell:Creating package descriptor '/home/robomaven/ws/ws1/install/py/share/py/package.dsv'
[1.187s] INFO:colcon.colcon_core.shell:Creating package script '/home/robomaven/ws/ws1/install/py/share/py/package.sh'
[1.187s] INFO:colcon.colcon_core.shell:Creating package script '/home/robomaven/ws/ws1/install/py/share/py/package.bash'
[1.187s] INFO:colcon.colcon_core.shell:Creating package script '/home/robomaven/ws/ws1/install/py/share/py/package.zsh'
[1.187s] Level 1:colcon.colcon_core.environment:create_file_with_runtime_dependencies(/home/robomaven/ws/ws1/install/py/share/colcon-core/packages/py)
[1.188s] DEBUG:colcon.colcon_parallel_executor.executor.parallel:closing loop
[1.188s] DEBUG:colcon.colcon_parallel_executor.executor.parallel:loop closed
[1.188s] DEBUG:colcon.colcon_parallel_executor.executor.parallel:run_until_complete finished with '0'
[1.188s] DEBUG:colcon.colcon_core.event_reactor:joining thread
[1.192s] INFO:colcon.colcon_core.plugin_system:Skipping extension 'colcon_notification.desktop_notification.terminal_notifier': Not used on non-Darwin systems
[1.192s] INFO:colcon.colcon_core.plugin_system:Skipping extension 'colcon_notification.desktop_notification.win32': Not used on non-Windows systems
[1.192s] INFO:colcon.colcon_notification.desktop_notification:Sending desktop notification using 'notify2'
[1.205s] DEBUG:colcon.colcon_core.event_reactor:joined thread
[1.205s] INFO:colcon.colcon_core.shell:Creating prefix script '/home/robomaven/ws/ws1/install/local_setup.ps1'
[1.206s] INFO:colcon.colcon_core.shell:Creating prefix util module '/home/robomaven/ws/ws1/install/_local_setup_util_ps1.py'
[1.208s] INFO:colcon.colcon_core.shell:Creating prefix chain script '/home/robomaven/ws/ws1/install/setup.ps1'
[1.209s] INFO:colcon.colcon_core.shell:Creating prefix script '/home/robomaven/ws/ws1/install/local_setup.sh'
[1.210s] INFO:colcon.colcon_core.shell:Creating prefix util module '/home/robomaven/ws/ws1/install/_local_setup_util_sh.py'
[1.210s] INFO:colcon.colcon_core.shell:Creating prefix chain script '/home/robomaven/ws/ws1/install/setup.sh'
[1.211s] INFO:colcon.colcon_core.shell:Creating prefix script '/home/robomaven/ws/ws1/install/local_setup.bash'
[1.211s] INFO:colcon.colcon_core.shell:Creating prefix chain script '/home/robomaven/ws/ws1/install/setup.bash'
[1.212s] INFO:colcon.colcon_core.shell:Creating prefix script '/home/robomaven/ws/ws1/install/local_setup.zsh'
[1.213s] INFO:colcon.colcon_core.shell:Creating prefix chain script '/home/robomaven/ws/ws1/install/setup.zsh'
