[0.010s] Invoking command in '/home/robomaven/ws/tb3_ws/build/turtlebot3_simulations': AMENT_PREFIX_PATH=/home/robomaven/ws/tb3_ws/install/turtlebot3_gazebo:/home/robomaven/ws/tb3_ws/install/turtlebot3_fake_node:${AMENT_PREFIX_PATH} CMAKE_PREFIX_PATH=/home/robomaven/ws/tb3_ws/install/turtlebot3_gazebo:/home/robomaven/ws/tb3_ws/install/turtlebot3_fake_node:/opt/ros/humble /usr/bin/cmake /home/robomaven/ws/tb3_ws/src/turtlebot3_simulations -DCMAKE_INSTALL_PREFIX=/home/robomaven/ws/tb3_ws/install/turtlebot3_simulations
[0.067s] -- The C compiler identification is GNU 11.4.0
[0.111s] -- The CXX compiler identification is GNU 11.4.0
[0.116s] -- Detecting C compiler ABI info
[0.180s] -- Detecting C compiler ABI info - done
[0.186s] -- Check for working C compiler: /usr/bin/cc - skipped
[0.187s] -- Detecting C compile features
[0.187s] -- Detecting C compile features - done
[0.191s] -- Detecting CXX compiler ABI info
[0.271s] -- Detecting CXX compiler ABI info - done
[0.276s] -- Check for working CXX compiler: /usr/bin/c++ - skipped
[0.276s] -- Detecting CXX compile features
[0.276s] -- Detecting CXX compile features - done
[0.278s] -- Found ament_cmake: 1.3.9 (/opt/ros/humble/share/ament_cmake/cmake)
[0.383s] -- Found Python3: /usr/bin/python3 (found version "3.10.12") found components: Interpreter 
[0.480s] -- Configuring done
[0.481s] -- Generating done
[0.481s] -- Build files have been written to: /home/robomaven/ws/tb3_ws/build/turtlebot3_simulations
[0.484s] Invoked command in '/home/robomaven/ws/tb3_ws/build/turtlebot3_simulations' returned '0': AMENT_PREFIX_PATH=/home/robomaven/ws/tb3_ws/install/turtlebot3_gazebo:/home/robomaven/ws/tb3_ws/install/turtlebot3_fake_node:${AMENT_PREFIX_PATH} CMAKE_PREFIX_PATH=/home/robomaven/ws/tb3_ws/install/turtlebot3_gazebo:/home/robomaven/ws/tb3_ws/install/turtlebot3_fake_node:/opt/ros/humble /usr/bin/cmake /home/robomaven/ws/tb3_ws/src/turtlebot3_simulations -DCMAKE_INSTALL_PREFIX=/home/robomaven/ws/tb3_ws/install/turtlebot3_simulations
[0.485s] Invoking command in '/home/robomaven/ws/tb3_ws/build/turtlebot3_simulations': AMENT_PREFIX_PATH=/home/robomaven/ws/tb3_ws/install/turtlebot3_gazebo:/home/robomaven/ws/tb3_ws/install/turtlebot3_fake_node:${AMENT_PREFIX_PATH} CMAKE_PREFIX_PATH=/home/robomaven/ws/tb3_ws/install/turtlebot3_gazebo:/home/robomaven/ws/tb3_ws/install/turtlebot3_fake_node:/opt/ros/humble /usr/bin/cmake --build /home/robomaven/ws/tb3_ws/build/turtlebot3_simulations -- -j20 -l20
[0.511s] Invoked command in '/home/robomaven/ws/tb3_ws/build/turtlebot3_simulations' returned '0': AMENT_PREFIX_PATH=/home/robomaven/ws/tb3_ws/install/turtlebot3_gazebo:/home/robomaven/ws/tb3_ws/install/turtlebot3_fake_node:${AMENT_PREFIX_PATH} CMAKE_PREFIX_PATH=/home/robomaven/ws/tb3_ws/install/turtlebot3_gazebo:/home/robomaven/ws/tb3_ws/install/turtlebot3_fake_node:/opt/ros/humble /usr/bin/cmake --build /home/robomaven/ws/tb3_ws/build/turtlebot3_simulations -- -j20 -l20
[0.532s] Invoking command in '/home/robomaven/ws/tb3_ws/build/turtlebot3_simulations': AMENT_PREFIX_PATH=/home/robomaven/ws/tb3_ws/install/turtlebot3_gazebo:/home/robomaven/ws/tb3_ws/install/turtlebot3_fake_node:${AMENT_PREFIX_PATH} CMAKE_PREFIX_PATH=/home/robomaven/ws/tb3_ws/install/turtlebot3_gazebo:/home/robomaven/ws/tb3_ws/install/turtlebot3_fake_node:/opt/ros/humble /usr/bin/cmake --install /home/robomaven/ws/tb3_ws/build/turtlebot3_simulations
[0.540s] -- Install configuration: ""
[0.541s] -- Installing: /home/robomaven/ws/tb3_ws/install/turtlebot3_simulations/share/ament_index/resource_index/package_run_dependencies/turtlebot3_simulations
[0.541s] -- Installing: /home/robomaven/ws/tb3_ws/install/turtlebot3_simulations/share/ament_index/resource_index/parent_prefix_path/turtlebot3_simulations
[0.541s] -- Installing: /home/robomaven/ws/tb3_ws/install/turtlebot3_simulations/share/turtlebot3_simulations/environment/ament_prefix_path.sh
[0.541s] -- Installing: /home/robomaven/ws/tb3_ws/install/turtlebot3_simulations/share/turtlebot3_simulations/environment/ament_prefix_path.dsv
[0.541s] -- Installing: /home/robomaven/ws/tb3_ws/install/turtlebot3_simulations/share/turtlebot3_simulations/environment/path.sh
[0.541s] -- Installing: /home/robomaven/ws/tb3_ws/install/turtlebot3_simulations/share/turtlebot3_simulations/environment/path.dsv
[0.541s] -- Installing: /home/robomaven/ws/tb3_ws/install/turtlebot3_simulations/share/turtlebot3_simulations/local_setup.bash
[0.541s] -- Installing: /home/robomaven/ws/tb3_ws/install/turtlebot3_simulations/share/turtlebot3_simulations/local_setup.sh
[0.541s] -- Installing: /home/robomaven/ws/tb3_ws/install/turtlebot3_simulations/share/turtlebot3_simulations/local_setup.zsh
[0.541s] -- Installing: /home/robomaven/ws/tb3_ws/install/turtlebot3_simulations/share/turtlebot3_simulations/local_setup.dsv
[0.541s] -- Installing: /home/robomaven/ws/tb3_ws/install/turtlebot3_simulations/share/turtlebot3_simulations/package.dsv
[0.542s] -- Installing: /home/robomaven/ws/tb3_ws/install/turtlebot3_simulations/share/ament_index/resource_index/packages/turtlebot3_simulations
[0.542s] -- Installing: /home/robomaven/ws/tb3_ws/install/turtlebot3_simulations/share/turtlebot3_simulations/cmake/turtlebot3_simulationsConfig.cmake
[0.542s] -- Installing: /home/robomaven/ws/tb3_ws/install/turtlebot3_simulations/share/turtlebot3_simulations/cmake/turtlebot3_simulationsConfig-version.cmake
[0.542s] -- Installing: /home/robomaven/ws/tb3_ws/install/turtlebot3_simulations/share/turtlebot3_simulations/package.xml
[0.543s] Invoked command in '/home/robomaven/ws/tb3_ws/build/turtlebot3_simulations' returned '0': AMENT_PREFIX_PATH=/home/robomaven/ws/tb3_ws/install/turtlebot3_gazebo:/home/robomaven/ws/tb3_ws/install/turtlebot3_fake_node:${AMENT_PREFIX_PATH} CMAKE_PREFIX_PATH=/home/robomaven/ws/tb3_ws/install/turtlebot3_gazebo:/home/robomaven/ws/tb3_ws/install/turtlebot3_fake_node:/opt/ros/humble /usr/bin/cmake --install /home/robomaven/ws/tb3_ws/build/turtlebot3_simulations
