[  6%] Built target pick_place_demo_parameters
[ 12%] Built target ik_clearance_cost_parameters
[ 18%] [32m[1mLinking CXX executable modular[0m
[ 25%] [32m[1mLinking CXX executable cartesian[0m
[ 37%] [32m[1mLinking CXX executable fallbacks_move_to[0m
[ 37%] [32m[1mLinking CXX executable alternative_path_costs[0m
[ 43%] [32m[1mLinking CXX shared library libmoveit_task_constructor_demo_pick_place_task.so[0m
[ 50%] [32m[1mLinking CXX executable ik_clearance_cost[0m
[ 56%] Built target moveit_task_constructor_demo_pick_place_task
[ 62%] [32m[1mLinking CXX executable pick_place_demo[0m
[ 68%] Built target moveit_task_constructor_demo_modular
[ 75%] Built target moveit_task_constructor_demo_cartesian
[ 81%] Built target moveit_task_constructor_demo_alternative_path_costs
[ 87%] Built target moveit_task_constructor_demo_fallbacks_move_to
[ 93%] Built target moveit_task_constructor_demo_ik_clearance_cost
[100%] Built target moveit_task_constructor_demo_pick_place_demo
-- Install configuration: "Release"
-- Installing: /home/robomaven/ws/ws_moveit2/install/moveit_task_constructor_demo/lib/libmoveit_task_constructor_demo_pick_place_task.so
-- Set runtime path of "/home/robomaven/ws/ws_moveit2/install/moveit_task_constructor_demo/lib/libmoveit_task_constructor_demo_pick_place_task.so" to ""
-- Installing: /home/robomaven/ws/ws_moveit2/install/moveit_task_constructor_demo/lib/moveit_task_constructor_demo/cartesian
-- Set runtime path of "/home/robomaven/ws/ws_moveit2/install/moveit_task_constructor_demo/lib/moveit_task_constructor_demo/cartesian" to ""
-- Installing: /home/robomaven/ws/ws_moveit2/install/moveit_task_constructor_demo/lib/moveit_task_constructor_demo/modular
-- Set runtime path of "/home/robomaven/ws/ws_moveit2/install/moveit_task_constructor_demo/lib/moveit_task_constructor_demo/modular" to ""
-- Installing: /home/robomaven/ws/ws_moveit2/install/moveit_task_constructor_demo/lib/moveit_task_constructor_demo/alternative_path_costs
-- Set runtime path of "/home/robomaven/ws/ws_moveit2/install/moveit_task_constructor_demo/lib/moveit_task_constructor_demo/alternative_path_costs" to ""
-- Up-to-date: /home/robomaven/ws/ws_moveit2/install/moveit_task_constructor_demo/include/ik_clearance_cost_parameters
-- Up-to-date: /home/robomaven/ws/ws_moveit2/install/moveit_task_constructor_demo/include/ik_clearance_cost_parameters/ik_clearance_cost_parameters.hpp
-- Installing: /home/robomaven/ws/ws_moveit2/install/moveit_task_constructor_demo/lib/moveit_task_constructor_demo/ik_clearance_cost
-- Set runtime path of "/home/robomaven/ws/ws_moveit2/install/moveit_task_constructor_demo/lib/moveit_task_constructor_demo/ik_clearance_cost" to ""
-- Installing: /home/robomaven/ws/ws_moveit2/install/moveit_task_constructor_demo/lib/moveit_task_constructor_demo/fallbacks_move_to
-- Set runtime path of "/home/robomaven/ws/ws_moveit2/install/moveit_task_constructor_demo/lib/moveit_task_constructor_demo/fallbacks_move_to" to ""
-- Up-to-date: /home/robomaven/ws/ws_moveit2/install/moveit_task_constructor_demo/include/pick_place_demo_parameters
-- Up-to-date: /home/robomaven/ws/ws_moveit2/install/moveit_task_constructor_demo/include/pick_place_demo_parameters/pick_place_demo_parameters.hpp
-- Installing: /home/robomaven/ws/ws_moveit2/install/moveit_task_constructor_demo/lib/moveit_task_constructor_demo/pick_place_demo
-- Set runtime path of "/home/robomaven/ws/ws_moveit2/install/moveit_task_constructor_demo/lib/moveit_task_constructor_demo/pick_place_demo" to ""
-- Up-to-date: /home/robomaven/ws/ws_moveit2/install/moveit_task_constructor_demo/share/moveit_task_constructor_demo/launch
-- Up-to-date: /home/robomaven/ws/ws_moveit2/install/moveit_task_constructor_demo/share/moveit_task_constructor_demo/launch/cartesian.launch.py
-- Up-to-date: /home/robomaven/ws/ws_moveit2/install/moveit_task_constructor_demo/share/moveit_task_constructor_demo/launch/fallbacks_move_to.launch.py
-- Up-to-date: /home/robomaven/ws/ws_moveit2/install/moveit_task_constructor_demo/share/moveit_task_constructor_demo/launch/alternative_path_costs.launch.py
-- Up-to-date: /home/robomaven/ws/ws_moveit2/install/moveit_task_constructor_demo/share/moveit_task_constructor_demo/launch/pickplace.launch.py
-- Up-to-date: /home/robomaven/ws/ws_moveit2/install/moveit_task_constructor_demo/share/moveit_task_constructor_demo/launch/modular.launch.py
-- Up-to-date: /home/robomaven/ws/ws_moveit2/install/moveit_task_constructor_demo/share/moveit_task_constructor_demo/launch/ik_clearance_cost.launch.py
-- Up-to-date: /home/robomaven/ws/ws_moveit2/install/moveit_task_constructor_demo/share/moveit_task_constructor_demo/launch/demo.launch.py
-- Up-to-date: /home/robomaven/ws/ws_moveit2/install/moveit_task_constructor_demo/share/moveit_task_constructor_demo/config
-- Up-to-date: /home/robomaven/ws/ws_moveit2/install/moveit_task_constructor_demo/share/moveit_task_constructor_demo/config/mtc.rviz
-- Up-to-date: /home/robomaven/ws/ws_moveit2/install/moveit_task_constructor_demo/share/moveit_task_constructor_demo/config/panda_config.yaml
-- Up-to-date: /home/robomaven/ws/ws_moveit2/install/moveit_task_constructor_demo/share/ament_index/resource_index/package_run_dependencies/moveit_task_constructor_demo
-- Up-to-date: /home/robomaven/ws/ws_moveit2/install/moveit_task_constructor_demo/share/ament_index/resource_index/parent_prefix_path/moveit_task_constructor_demo
-- Up-to-date: /home/robomaven/ws/ws_moveit2/install/moveit_task_constructor_demo/share/moveit_task_constructor_demo/environment/ament_prefix_path.sh
-- Up-to-date: /home/robomaven/ws/ws_moveit2/install/moveit_task_constructor_demo/share/moveit_task_constructor_demo/environment/ament_prefix_path.dsv
-- Up-to-date: /home/robomaven/ws/ws_moveit2/install/moveit_task_constructor_demo/share/moveit_task_constructor_demo/environment/path.sh
-- Up-to-date: /home/robomaven/ws/ws_moveit2/install/moveit_task_constructor_demo/share/moveit_task_constructor_demo/environment/path.dsv
-- Up-to-date: /home/robomaven/ws/ws_moveit2/install/moveit_task_constructor_demo/share/moveit_task_constructor_demo/local_setup.bash
-- Up-to-date: /home/robomaven/ws/ws_moveit2/install/moveit_task_constructor_demo/share/moveit_task_constructor_demo/local_setup.sh
-- Up-to-date: /home/robomaven/ws/ws_moveit2/install/moveit_task_constructor_demo/share/moveit_task_constructor_demo/local_setup.zsh
-- Up-to-date: /home/robomaven/ws/ws_moveit2/install/moveit_task_constructor_demo/share/moveit_task_constructor_demo/local_setup.dsv
-- Installing: /home/robomaven/ws/ws_moveit2/install/moveit_task_constructor_demo/share/moveit_task_constructor_demo/package.dsv
-- Up-to-date: /home/robomaven/ws/ws_moveit2/install/moveit_task_constructor_demo/share/ament_index/resource_index/packages/moveit_task_constructor_demo
-- Up-to-date: /home/robomaven/ws/ws_moveit2/install/moveit_task_constructor_demo/share/moveit_task_constructor_demo/cmake/moveit_task_constructor_demoConfig.cmake
-- Up-to-date: /home/robomaven/ws/ws_moveit2/install/moveit_task_constructor_demo/share/moveit_task_constructor_demo/cmake/moveit_task_constructor_demoConfig-version.cmake
-- Up-to-date: /home/robomaven/ws/ws_moveit2/install/moveit_task_constructor_demo/share/moveit_task_constructor_demo/package.xml
