running egg_info
writing ../../build/activity1_py_pkg/activity1_py_pkg.egg-info/PKG-INFO
writing dependency_links to ../../build/activity1_py_pkg/activity1_py_pkg.egg-info/dependency_links.txt
writing entry points to ../../build/activity1_py_pkg/activity1_py_pkg.egg-info/entry_points.txt
writing requirements to ../../build/activity1_py_pkg/activity1_py_pkg.egg-info/requires.txt
writing top-level names to ../../build/activity1_py_pkg/activity1_py_pkg.egg-info/top_level.txt
reading manifest file '../../build/activity1_py_pkg/activity1_py_pkg.egg-info/SOURCES.txt'
writing manifest file '../../build/activity1_py_pkg/activity1_py_pkg.egg-info/SOURCES.txt'
running build
running build_py
copying activity1_py_pkg/number_publisher_node_file.py -> /home/robomaven/activity1_ws/build/activity1_py_pkg/build/lib/activity1_py_pkg
running install
running install_lib
copying /home/robomaven/activity1_ws/build/activity1_py_pkg/build/lib/activity1_py_pkg/number_publisher_node_file.py -> /home/robomaven/activity1_ws/install/activity1_py_pkg/lib/python3.10/site-packages/activity1_py_pkg
byte-compiling /home/robomaven/activity1_ws/install/activity1_py_pkg/lib/python3.10/site-packages/activity1_py_pkg/number_publisher_node_file.py to number_publisher_node_file.cpython-310.pyc
running install_data
running install_egg_info
removing '/home/robomaven/activity1_ws/install/activity1_py_pkg/lib/python3.10/site-packages/activity1_py_pkg-0.0.0-py3.10.egg-info' (and everything under it)
Copying ../../build/activity1_py_pkg/activity1_py_pkg.egg-info to /home/robomaven/activity1_ws/install/activity1_py_pkg/lib/python3.10/site-packages/activity1_py_pkg-0.0.0-py3.10.egg-info
running install_scripts
Installing py_node script to /home/robomaven/activity1_ws/install/activity1_py_pkg/lib/activity1_py_pkg
writing list of installed files to '/home/robomaven/activity1_ws/build/activity1_py_pkg/install.log'
