[0.448s] Invoking command in '/home/robomaven/ws/ws_moveit2/moveit2/moveit_configs_utils': AMENT_PREFIX_PATH=/home/robomaven/ws/ws_moveit2/install/srdfdom:/home/robomaven/ws/ws_moveit2/install/launch_param_builder:${AMENT_PREFIX_PATH} CMAKE_PREFIX_PATH=/home/robomaven/ws/ws_moveit2/install/srdfdom LD_LIBRARY_PATH=/home/robomaven/ws/ws_moveit2/install/srdfdom/lib:/usr/lib/x86_64-linux-gnu/gazebo-11/plugins:/opt/ros/humble/opt/rviz_ogre_vendor/lib:/opt/ros/humble/lib/x86_64-linux-gnu:/opt/ros/humble/lib:/usr/share/gazebo/../../lib/x86_64-linux-gnu/gazebo-11/plugins PYTHONPATH=/home/robomaven/ws/ws_moveit2/build/moveit_configs_utils/prefix_override:/home/robomaven/ws/ws_moveit2/install/moveit_configs_utils/lib/python3.10/site-packages:/home/robomaven/ws/ws_moveit2/install/srdfdom/local/lib/python3.10/dist-packages:/home/robomaven/ws/ws_moveit2/install/launch_param_builder/lib/python3.10/site-packages:${PYTHONPATH} /usr/bin/python3 -W ignore:setup.py install is deprecated setup.py egg_info --egg-base ../../build/moveit_configs_utils build --build-base /home/robomaven/ws/ws_moveit2/build/moveit_configs_utils/build install --record /home/robomaven/ws/ws_moveit2/build/moveit_configs_utils/install.log --single-version-externally-managed install_data
[0.602s] running egg_info
[0.602s] creating ../../build/moveit_configs_utils/moveit_configs_utils.egg-info
[0.602s] writing ../../build/moveit_configs_utils/moveit_configs_utils.egg-info/PKG-INFO
[0.603s] writing dependency_links to ../../build/moveit_configs_utils/moveit_configs_utils.egg-info/dependency_links.txt
[0.603s] writing entry points to ../../build/moveit_configs_utils/moveit_configs_utils.egg-info/entry_points.txt
[0.603s] writing requirements to ../../build/moveit_configs_utils/moveit_configs_utils.egg-info/requires.txt
[0.603s] writing top-level names to ../../build/moveit_configs_utils/moveit_configs_utils.egg-info/top_level.txt
[0.603s] writing manifest file '../../build/moveit_configs_utils/moveit_configs_utils.egg-info/SOURCES.txt'
[0.604s] reading manifest file '../../build/moveit_configs_utils/moveit_configs_utils.egg-info/SOURCES.txt'
[0.605s] writing manifest file '../../build/moveit_configs_utils/moveit_configs_utils.egg-info/SOURCES.txt'
[0.605s] running build
[0.605s] running build_py
[0.605s] creating /home/robomaven/ws/ws_moveit2/build/moveit_configs_utils/build
[0.605s] creating /home/robomaven/ws/ws_moveit2/build/moveit_configs_utils/build/lib
[0.605s] creating /home/robomaven/ws/ws_moveit2/build/moveit_configs_utils/build/lib/moveit_configs_utils
[0.605s] copying moveit_configs_utils/launch_utils.py -> /home/robomaven/ws/ws_moveit2/build/moveit_configs_utils/build/lib/moveit_configs_utils
[0.605s] copying moveit_configs_utils/moveit_configs_builder.py -> /home/robomaven/ws/ws_moveit2/build/moveit_configs_utils/build/lib/moveit_configs_utils
[0.605s] copying moveit_configs_utils/launches.py -> /home/robomaven/ws/ws_moveit2/build/moveit_configs_utils/build/lib/moveit_configs_utils
[0.605s] copying moveit_configs_utils/__init__.py -> /home/robomaven/ws/ws_moveit2/build/moveit_configs_utils/build/lib/moveit_configs_utils
[0.606s] creating /home/robomaven/ws/ws_moveit2/build/moveit_configs_utils/build/lib/moveit_configs_utils/substitutions
[0.606s] copying moveit_configs_utils/substitutions/xacro.py -> /home/robomaven/ws/ws_moveit2/build/moveit_configs_utils/build/lib/moveit_configs_utils/substitutions
[0.606s] copying moveit_configs_utils/substitutions/__init__.py -> /home/robomaven/ws/ws_moveit2/build/moveit_configs_utils/build/lib/moveit_configs_utils/substitutions
[0.606s] running install
[0.606s] running install_lib
[0.606s] creating /home/robomaven/ws/ws_moveit2/install/moveit_configs_utils/lib/python3.10/site-packages/moveit_configs_utils
[0.606s] copying /home/robomaven/ws/ws_moveit2/build/moveit_configs_utils/build/lib/moveit_configs_utils/launch_utils.py -> /home/robomaven/ws/ws_moveit2/install/moveit_configs_utils/lib/python3.10/site-packages/moveit_configs_utils
[0.606s] copying /home/robomaven/ws/ws_moveit2/build/moveit_configs_utils/build/lib/moveit_configs_utils/moveit_configs_builder.py -> /home/robomaven/ws/ws_moveit2/install/moveit_configs_utils/lib/python3.10/site-packages/moveit_configs_utils
[0.606s] creating /home/robomaven/ws/ws_moveit2/install/moveit_configs_utils/lib/python3.10/site-packages/moveit_configs_utils/substitutions
[0.606s] copying /home/robomaven/ws/ws_moveit2/build/moveit_configs_utils/build/lib/moveit_configs_utils/substitutions/xacro.py -> /home/robomaven/ws/ws_moveit2/install/moveit_configs_utils/lib/python3.10/site-packages/moveit_configs_utils/substitutions
[0.606s] copying /home/robomaven/ws/ws_moveit2/build/moveit_configs_utils/build/lib/moveit_configs_utils/substitutions/__init__.py -> /home/robomaven/ws/ws_moveit2/install/moveit_configs_utils/lib/python3.10/site-packages/moveit_configs_utils/substitutions
[0.607s] copying /home/robomaven/ws/ws_moveit2/build/moveit_configs_utils/build/lib/moveit_configs_utils/launches.py -> /home/robomaven/ws/ws_moveit2/install/moveit_configs_utils/lib/python3.10/site-packages/moveit_configs_utils
[0.607s] copying /home/robomaven/ws/ws_moveit2/build/moveit_configs_utils/build/lib/moveit_configs_utils/__init__.py -> /home/robomaven/ws/ws_moveit2/install/moveit_configs_utils/lib/python3.10/site-packages/moveit_configs_utils
[0.607s] byte-compiling /home/robomaven/ws/ws_moveit2/install/moveit_configs_utils/lib/python3.10/site-packages/moveit_configs_utils/launch_utils.py to launch_utils.cpython-310.pyc
[0.607s] byte-compiling /home/robomaven/ws/ws_moveit2/install/moveit_configs_utils/lib/python3.10/site-packages/moveit_configs_utils/moveit_configs_builder.py to moveit_configs_builder.cpython-310.pyc
[0.608s] byte-compiling /home/robomaven/ws/ws_moveit2/install/moveit_configs_utils/lib/python3.10/site-packages/moveit_configs_utils/substitutions/xacro.py to xacro.cpython-310.pyc
[0.608s] byte-compiling /home/robomaven/ws/ws_moveit2/install/moveit_configs_utils/lib/python3.10/site-packages/moveit_configs_utils/substitutions/__init__.py to __init__.cpython-310.pyc
[0.609s] byte-compiling /home/robomaven/ws/ws_moveit2/install/moveit_configs_utils/lib/python3.10/site-packages/moveit_configs_utils/launches.py to launches.cpython-310.pyc
[0.609s] byte-compiling /home/robomaven/ws/ws_moveit2/install/moveit_configs_utils/lib/python3.10/site-packages/moveit_configs_utils/__init__.py to __init__.cpython-310.pyc
[0.609s] running install_data
[0.610s] creating /home/robomaven/ws/ws_moveit2/install/moveit_configs_utils/share/ament_index
[0.610s] creating /home/robomaven/ws/ws_moveit2/install/moveit_configs_utils/share/ament_index/resource_index
[0.610s] creating /home/robomaven/ws/ws_moveit2/install/moveit_configs_utils/share/ament_index/resource_index/packages
[0.610s] copying resource/moveit_configs_utils -> /home/robomaven/ws/ws_moveit2/install/moveit_configs_utils/share/ament_index/resource_index/packages
[0.610s] copying package.xml -> /home/robomaven/ws/ws_moveit2/install/moveit_configs_utils/share/moveit_configs_utils
[0.610s] creating /home/robomaven/ws/ws_moveit2/install/moveit_configs_utils/share/moveit_configs_utils/default_configs
[0.610s] copying default_configs/chomp_planning.yaml -> /home/robomaven/ws/ws_moveit2/install/moveit_configs_utils/share/moveit_configs_utils/default_configs
[0.610s] copying default_configs/ompl_planning.yaml -> /home/robomaven/ws/ws_moveit2/install/moveit_configs_utils/share/moveit_configs_utils/default_configs
[0.610s] copying default_configs/ompl_defaults.yaml -> /home/robomaven/ws/ws_moveit2/install/moveit_configs_utils/share/moveit_configs_utils/default_configs
[0.610s] copying default_configs/pilz_industrial_motion_planner_planning.yaml -> /home/robomaven/ws/ws_moveit2/install/moveit_configs_utils/share/moveit_configs_utils/default_configs
[0.610s] running install_egg_info
[0.611s] Copying ../../build/moveit_configs_utils/moveit_configs_utils.egg-info to /home/robomaven/ws/ws_moveit2/install/moveit_configs_utils/lib/python3.10/site-packages/moveit_configs_utils-2.5.5-py3.10.egg-info
[0.611s] running install_scripts
[0.625s] writing list of installed files to '/home/robomaven/ws/ws_moveit2/build/moveit_configs_utils/install.log'
[0.644s] Invoked command in '/home/robomaven/ws/ws_moveit2/moveit2/moveit_configs_utils' returned '0': AMENT_PREFIX_PATH=/home/robomaven/ws/ws_moveit2/install/srdfdom:/home/robomaven/ws/ws_moveit2/install/launch_param_builder:${AMENT_PREFIX_PATH} CMAKE_PREFIX_PATH=/home/robomaven/ws/ws_moveit2/install/srdfdom LD_LIBRARY_PATH=/home/robomaven/ws/ws_moveit2/install/srdfdom/lib:/usr/lib/x86_64-linux-gnu/gazebo-11/plugins:/opt/ros/humble/opt/rviz_ogre_vendor/lib:/opt/ros/humble/lib/x86_64-linux-gnu:/opt/ros/humble/lib:/usr/share/gazebo/../../lib/x86_64-linux-gnu/gazebo-11/plugins PYTHONPATH=/home/robomaven/ws/ws_moveit2/build/moveit_configs_utils/prefix_override:/home/robomaven/ws/ws_moveit2/install/moveit_configs_utils/lib/python3.10/site-packages:/home/robomaven/ws/ws_moveit2/install/srdfdom/local/lib/python3.10/dist-packages:/home/robomaven/ws/ws_moveit2/install/launch_param_builder/lib/python3.10/site-packages:${PYTHONPATH} /usr/bin/python3 -W ignore:setup.py install is deprecated setup.py egg_info --egg-base ../../build/moveit_configs_utils build --build-base /home/robomaven/ws/ws_moveit2/build/moveit_configs_utils/build install --record /home/robomaven/ws/ws_moveit2/build/moveit_configs_utils/install.log --single-version-externally-managed install_data
