-- Install configuration: ""
-- Execute custom install script
-- Up-to-date symlink: /home/robomaven/ws/ros2_ws3/install/my_robot_bringup/share/my_robot_bringup//launch/component_test.launch.py
-- Up-to-date symlink: /home/robomaven/ws/ros2_ws3/install/my_robot_bringup/share/my_robot_bringup//launch/component_test.launch.xml
-- Up-to-date symlink: /home/robomaven/ws/ros2_ws3/install/my_robot_bringup/share/my_robot_bringup//launch/final_project.launch.xml
-- Symlinking: /home/robomaven/ws/ros2_ws3/install/my_robot_bringup/share/my_robot_bringup//launch/final_project_turtlebot.launch.xml
-- Up-to-date symlink: /home/robomaven/ws/ros2_ws3/install/my_robot_bringup/share/my_robot_bringup//launch/lifecycle_test.launch.py
-- Up-to-date symlink: /home/robomaven/ws/ros2_ws3/install/my_robot_bringup/share/my_robot_bringup//launch/lifecycle_test.launch.xml
-- Up-to-date symlink: /home/robomaven/ws/ros2_ws3/install/my_robot_bringup/share/my_robot_bringup//launch/move_robot.launch.xml
-- Up-to-date symlink: /home/robomaven/ws/ros2_ws3/install/my_robot_bringup/share/ament_index/resource_index/package_run_dependencies/my_robot_bringup
-- Up-to-date symlink: /home/robomaven/ws/ros2_ws3/install/my_robot_bringup/share/ament_index/resource_index/parent_prefix_path/my_robot_bringup
-- Up-to-date symlink: /home/robomaven/ws/ros2_ws3/install/my_robot_bringup/share/my_robot_bringup/environment/ament_prefix_path.sh
-- Up-to-date symlink: /home/robomaven/ws/ros2_ws3/install/my_robot_bringup/share/my_robot_bringup/environment/ament_prefix_path.dsv
-- Up-to-date symlink: /home/robomaven/ws/ros2_ws3/install/my_robot_bringup/share/my_robot_bringup/environment/path.sh
-- Up-to-date symlink: /home/robomaven/ws/ros2_ws3/install/my_robot_bringup/share/my_robot_bringup/environment/path.dsv
-- Up-to-date symlink: /home/robomaven/ws/ros2_ws3/install/my_robot_bringup/share/my_robot_bringup/local_setup.bash
-- Up-to-date symlink: /home/robomaven/ws/ros2_ws3/install/my_robot_bringup/share/my_robot_bringup/local_setup.sh
-- Up-to-date symlink: /home/robomaven/ws/ros2_ws3/install/my_robot_bringup/share/my_robot_bringup/local_setup.zsh
-- Up-to-date symlink: /home/robomaven/ws/ros2_ws3/install/my_robot_bringup/share/my_robot_bringup/local_setup.dsv
-- Symlinking: /home/robomaven/ws/ros2_ws3/install/my_robot_bringup/share/my_robot_bringup/package.dsv
-- Up-to-date symlink: /home/robomaven/ws/ros2_ws3/install/my_robot_bringup/share/ament_index/resource_index/packages/my_robot_bringup
-- Up-to-date symlink: /home/robomaven/ws/ros2_ws3/install/my_robot_bringup/share/my_robot_bringup/cmake/my_robot_bringupConfig.cmake
-- Up-to-date symlink: /home/robomaven/ws/ros2_ws3/install/my_robot_bringup/share/my_robot_bringup/cmake/my_robot_bringupConfig-version.cmake
-- Up-to-date symlink: /home/robomaven/ws/ros2_ws3/install/my_robot_bringup/share/my_robot_bringup/package.xml
