[0.082s] DEBUG:colcon:Command line arguments: ['/usr/bin/colcon', 'build']
[0.082s] DEBUG:colcon:Parsed command line arguments: Namespace(log_base=None, log_level=None, verb_name='build', build_base='build', install_base='install', merge_install=False, symlink_install=False, test_result_base=None, continue_on_error=False, executor='parallel', parallel_workers=20, event_handlers=None, ignore_user_meta=False, metas=['./colcon.meta'], base_paths=['.'], packages_ignore=None, packages_ignore_regex=None, paths=None, packages_up_to=None, packages_up_to_regex=None, packages_above=None, packages_above_and_dependencies=None, packages_above_depth=None, packages_select_by_dep=None, packages_skip_by_dep=None, packages_skip_up_to=None, packages_select_build_failed=False, packages_skip_build_finished=False, packages_select_test_failures=False, packages_skip_test_passed=False, packages_select=None, packages_skip=None, packages_select_regex=None, packages_skip_regex=None, packages_start=None, packages_end=None, allow_overriding=[], cmake_args=None, cmake_target=None, cmake_target_skip_unavailable=False, cmake_clean_cache=False, cmake_clean_first=False, cmake_force_configure=False, ament_cmake_args=None, catkin_cmake_args=None, catkin_skip_building_tests=False, mixin_files=None, mixin=None, verb_parser=<colcon_mixin.mixin.mixin_argument.MixinArgumentDecorator object at 0x74b97c826410>, verb_extension=<colcon_core.verb.build.BuildVerb object at 0x74b97c825e40>, main=<bound method BuildVerb.main of <colcon_core.verb.build.BuildVerb object at 0x74b97c825e40>>, mixin_verb=('build',))
[0.190s] Level 1:colcon.colcon_core.package_discovery:discover_packages(colcon_meta) check parameters
[0.190s] Level 1:colcon.colcon_core.package_discovery:discover_packages(recursive) check parameters
[0.190s] Level 1:colcon.colcon_core.package_discovery:discover_packages(ignore) check parameters
[0.190s] Level 1:colcon.colcon_core.package_discovery:discover_packages(path) check parameters
[0.190s] Level 1:colcon.colcon_core.package_discovery:discover_packages(colcon_meta) discover
[0.190s] Level 1:colcon.colcon_core.package_discovery:discover_packages(recursive) discover
[0.190s] INFO:colcon.colcon_core.package_discovery:Crawling recursively for packages in '/home/robomaven/ws/ws3_moveit2_pick_place'
[0.190s] Level 1:colcon.colcon_core.package_identification:_identify(.) by extensions ['ignore', 'ignore_ament_install']
[0.190s] Level 1:colcon.colcon_core.package_identification:_identify(.) by extension 'ignore'
[0.190s] Level 1:colcon.colcon_core.package_identification:_identify(.) by extension 'ignore_ament_install'
[0.190s] Level 1:colcon.colcon_core.package_identification:_identify(.) by extensions ['colcon_pkg']
[0.190s] Level 1:colcon.colcon_core.package_identification:_identify(.) by extension 'colcon_pkg'
[0.190s] Level 1:colcon.colcon_core.package_identification:_identify(.) by extensions ['colcon_meta']
[0.190s] Level 1:colcon.colcon_core.package_identification:_identify(.) by extension 'colcon_meta'
[0.190s] Level 1:colcon.colcon_core.package_identification:_identify(.) by extensions ['ros']
[0.190s] Level 1:colcon.colcon_core.package_identification:_identify(.) by extension 'ros'
[0.198s] Level 1:colcon.colcon_core.package_identification:_identify(.) by extensions ['cmake', 'python']
[0.198s] Level 1:colcon.colcon_core.package_identification:_identify(.) by extension 'cmake'
[0.198s] Level 1:colcon.colcon_core.package_identification:_identify(.) by extension 'python'
[0.198s] Level 1:colcon.colcon_core.package_identification:_identify(.) by extensions ['python_setup_py']
[0.198s] Level 1:colcon.colcon_core.package_identification:_identify(.) by extension 'python_setup_py'
[0.198s] Level 1:colcon.colcon_core.package_identification:_identify(build) by extensions ['ignore', 'ignore_ament_install']
[0.198s] Level 1:colcon.colcon_core.package_identification:_identify(build) by extension 'ignore'
[0.198s] Level 1:colcon.colcon_core.package_identification:_identify(build) ignored
[0.198s] Level 1:colcon.colcon_core.package_identification:_identify(install) by extensions ['ignore', 'ignore_ament_install']
[0.198s] Level 1:colcon.colcon_core.package_identification:_identify(install) by extension 'ignore'
[0.198s] Level 1:colcon.colcon_core.package_identification:_identify(install) ignored
[0.198s] Level 1:colcon.colcon_core.package_identification:_identify(log) by extensions ['ignore', 'ignore_ament_install']
[0.198s] Level 1:colcon.colcon_core.package_identification:_identify(log) by extension 'ignore'
[0.198s] Level 1:colcon.colcon_core.package_identification:_identify(log) ignored
[0.198s] Level 1:colcon.colcon_core.package_identification:_identify(src) by extensions ['ignore', 'ignore_ament_install']
[0.198s] Level 1:colcon.colcon_core.package_identification:_identify(src) by extension 'ignore'
[0.198s] Level 1:colcon.colcon_core.package_identification:_identify(src) by extension 'ignore_ament_install'
[0.198s] Level 1:colcon.colcon_core.package_identification:_identify(src) by extensions ['colcon_pkg']
[0.198s] Level 1:colcon.colcon_core.package_identification:_identify(src) by extension 'colcon_pkg'
[0.198s] Level 1:colcon.colcon_core.package_identification:_identify(src) by extensions ['colcon_meta']
[0.198s] Level 1:colcon.colcon_core.package_identification:_identify(src) by extension 'colcon_meta'
[0.198s] Level 1:colcon.colcon_core.package_identification:_identify(src) by extensions ['ros']
[0.198s] Level 1:colcon.colcon_core.package_identification:_identify(src) by extension 'ros'
[0.199s] Level 1:colcon.colcon_core.package_identification:_identify(src) by extensions ['cmake', 'python']
[0.199s] Level 1:colcon.colcon_core.package_identification:_identify(src) by extension 'cmake'
[0.199s] Level 1:colcon.colcon_core.package_identification:_identify(src) by extension 'python'
[0.199s] Level 1:colcon.colcon_core.package_identification:_identify(src) by extensions ['python_setup_py']
[0.199s] Level 1:colcon.colcon_core.package_identification:_identify(src) by extension 'python_setup_py'
[0.199s] Level 1:colcon.colcon_core.package_identification:_identify(src/moveit_task_constructor) by extensions ['ignore', 'ignore_ament_install']
[0.199s] Level 1:colcon.colcon_core.package_identification:_identify(src/moveit_task_constructor) by extension 'ignore'
[0.199s] Level 1:colcon.colcon_core.package_identification:_identify(src/moveit_task_constructor) by extension 'ignore_ament_install'
[0.199s] Level 1:colcon.colcon_core.package_identification:_identify(src/moveit_task_constructor) by extensions ['colcon_pkg']
[0.199s] Level 1:colcon.colcon_core.package_identification:_identify(src/moveit_task_constructor) by extension 'colcon_pkg'
[0.199s] Level 1:colcon.colcon_core.package_identification:_identify(src/moveit_task_constructor) by extensions ['colcon_meta']
[0.199s] Level 1:colcon.colcon_core.package_identification:_identify(src/moveit_task_constructor) by extension 'colcon_meta'
[0.199s] Level 1:colcon.colcon_core.package_identification:_identify(src/moveit_task_constructor) by extensions ['ros']
[0.199s] Level 1:colcon.colcon_core.package_identification:_identify(src/moveit_task_constructor) by extension 'ros'
[0.199s] Level 1:colcon.colcon_core.package_identification:_identify(src/moveit_task_constructor) by extensions ['cmake', 'python']
[0.199s] Level 1:colcon.colcon_core.package_identification:_identify(src/moveit_task_constructor) by extension 'cmake'
[0.199s] Level 1:colcon.colcon_core.package_identification:_identify(src/moveit_task_constructor) by extension 'python'
[0.199s] Level 1:colcon.colcon_core.package_identification:_identify(src/moveit_task_constructor) by extensions ['python_setup_py']
[0.199s] Level 1:colcon.colcon_core.package_identification:_identify(src/moveit_task_constructor) by extension 'python_setup_py'
[0.199s] Level 1:colcon.colcon_core.package_identification:_identify(src/moveit_task_constructor/capabilities) by extensions ['ignore', 'ignore_ament_install']
[0.199s] Level 1:colcon.colcon_core.package_identification:_identify(src/moveit_task_constructor/capabilities) by extension 'ignore'
[0.199s] Level 1:colcon.colcon_core.package_identification:_identify(src/moveit_task_constructor/capabilities) by extension 'ignore_ament_install'
[0.199s] Level 1:colcon.colcon_core.package_identification:_identify(src/moveit_task_constructor/capabilities) by extensions ['colcon_pkg']
[0.199s] Level 1:colcon.colcon_core.package_identification:_identify(src/moveit_task_constructor/capabilities) by extension 'colcon_pkg'
[0.199s] Level 1:colcon.colcon_core.package_identification:_identify(src/moveit_task_constructor/capabilities) by extensions ['colcon_meta']
[0.199s] Level 1:colcon.colcon_core.package_identification:_identify(src/moveit_task_constructor/capabilities) by extension 'colcon_meta'
[0.199s] Level 1:colcon.colcon_core.package_identification:_identify(src/moveit_task_constructor/capabilities) by extensions ['ros']
[0.199s] Level 1:colcon.colcon_core.package_identification:_identify(src/moveit_task_constructor/capabilities) by extension 'ros'
[0.201s] DEBUG:colcon.colcon_core.package_identification:Package 'src/moveit_task_constructor/capabilities' with type 'ros.ament_cmake' and name 'moveit_task_constructor_capabilities'
[0.201s] Level 1:colcon.colcon_core.package_identification:_identify(src/moveit_task_constructor/core) by extensions ['ignore', 'ignore_ament_install']
[0.201s] Level 1:colcon.colcon_core.package_identification:_identify(src/moveit_task_constructor/core) by extension 'ignore'
[0.201s] Level 1:colcon.colcon_core.package_identification:_identify(src/moveit_task_constructor/core) by extension 'ignore_ament_install'
[0.201s] Level 1:colcon.colcon_core.package_identification:_identify(src/moveit_task_constructor/core) by extensions ['colcon_pkg']
[0.201s] Level 1:colcon.colcon_core.package_identification:_identify(src/moveit_task_constructor/core) by extension 'colcon_pkg'
[0.201s] Level 1:colcon.colcon_core.package_identification:_identify(src/moveit_task_constructor/core) by extensions ['colcon_meta']
[0.201s] Level 1:colcon.colcon_core.package_identification:_identify(src/moveit_task_constructor/core) by extension 'colcon_meta'
[0.201s] Level 1:colcon.colcon_core.package_identification:_identify(src/moveit_task_constructor/core) by extensions ['ros']
[0.201s] Level 1:colcon.colcon_core.package_identification:_identify(src/moveit_task_constructor/core) by extension 'ros'
[0.206s] DEBUG:colcon.colcon_core.package_identification:Package 'src/moveit_task_constructor/core' with type 'ros.ament_cmake' and name 'moveit_task_constructor_core'
[0.206s] Level 1:colcon.colcon_core.package_identification:_identify(src/moveit_task_constructor/demo) by extensions ['ignore', 'ignore_ament_install']
[0.206s] Level 1:colcon.colcon_core.package_identification:_identify(src/moveit_task_constructor/demo) by extension 'ignore'
[0.206s] Level 1:colcon.colcon_core.package_identification:_identify(src/moveit_task_constructor/demo) by extension 'ignore_ament_install'
[0.206s] Level 1:colcon.colcon_core.package_identification:_identify(src/moveit_task_constructor/demo) by extensions ['colcon_pkg']
[0.207s] Level 1:colcon.colcon_core.package_identification:_identify(src/moveit_task_constructor/demo) by extension 'colcon_pkg'
[0.207s] Level 1:colcon.colcon_core.package_identification:_identify(src/moveit_task_constructor/demo) by extensions ['colcon_meta']
[0.207s] Level 1:colcon.colcon_core.package_identification:_identify(src/moveit_task_constructor/demo) by extension 'colcon_meta'
[0.207s] Level 1:colcon.colcon_core.package_identification:_identify(src/moveit_task_constructor/demo) by extensions ['ros']
[0.207s] Level 1:colcon.colcon_core.package_identification:_identify(src/moveit_task_constructor/demo) by extension 'ros'
[0.207s] DEBUG:colcon.colcon_core.package_identification:Package 'src/moveit_task_constructor/demo' with type 'ros.ament_cmake' and name 'moveit_task_constructor_demo'
[0.207s] Level 1:colcon.colcon_core.package_identification:_identify(src/moveit_task_constructor/msgs) by extensions ['ignore', 'ignore_ament_install']
[0.207s] Level 1:colcon.colcon_core.package_identification:_identify(src/moveit_task_constructor/msgs) by extension 'ignore'
[0.207s] Level 1:colcon.colcon_core.package_identification:_identify(src/moveit_task_constructor/msgs) by extension 'ignore_ament_install'
[0.207s] Level 1:colcon.colcon_core.package_identification:_identify(src/moveit_task_constructor/msgs) by extensions ['colcon_pkg']
[0.207s] Level 1:colcon.colcon_core.package_identification:_identify(src/moveit_task_constructor/msgs) by extension 'colcon_pkg'
[0.207s] Level 1:colcon.colcon_core.package_identification:_identify(src/moveit_task_constructor/msgs) by extensions ['colcon_meta']
[0.207s] Level 1:colcon.colcon_core.package_identification:_identify(src/moveit_task_constructor/msgs) by extension 'colcon_meta'
[0.207s] Level 1:colcon.colcon_core.package_identification:_identify(src/moveit_task_constructor/msgs) by extensions ['ros']
[0.207s] Level 1:colcon.colcon_core.package_identification:_identify(src/moveit_task_constructor/msgs) by extension 'ros'
[0.208s] DEBUG:colcon.colcon_core.package_identification:Package 'src/moveit_task_constructor/msgs' with type 'ros.ament_cmake' and name 'moveit_task_constructor_msgs'
[0.208s] Level 1:colcon.colcon_core.package_identification:_identify(src/moveit_task_constructor/rviz_marker_tools) by extensions ['ignore', 'ignore_ament_install']
[0.208s] Level 1:colcon.colcon_core.package_identification:_identify(src/moveit_task_constructor/rviz_marker_tools) by extension 'ignore'
[0.208s] Level 1:colcon.colcon_core.package_identification:_identify(src/moveit_task_constructor/rviz_marker_tools) by extension 'ignore_ament_install'
[0.208s] Level 1:colcon.colcon_core.package_identification:_identify(src/moveit_task_constructor/rviz_marker_tools) by extensions ['colcon_pkg']
[0.208s] Level 1:colcon.colcon_core.package_identification:_identify(src/moveit_task_constructor/rviz_marker_tools) by extension 'colcon_pkg'
[0.208s] Level 1:colcon.colcon_core.package_identification:_identify(src/moveit_task_constructor/rviz_marker_tools) by extensions ['colcon_meta']
[0.208s] Level 1:colcon.colcon_core.package_identification:_identify(src/moveit_task_constructor/rviz_marker_tools) by extension 'colcon_meta'
[0.208s] Level 1:colcon.colcon_core.package_identification:_identify(src/moveit_task_constructor/rviz_marker_tools) by extensions ['ros']
[0.208s] Level 1:colcon.colcon_core.package_identification:_identify(src/moveit_task_constructor/rviz_marker_tools) by extension 'ros'
[0.208s] DEBUG:colcon.colcon_core.package_identification:Package 'src/moveit_task_constructor/rviz_marker_tools' with type 'ros.ament_cmake' and name 'rviz_marker_tools'
[0.209s] Level 1:colcon.colcon_core.package_identification:_identify(src/moveit_task_constructor/visualization) by extensions ['ignore', 'ignore_ament_install']
[0.209s] Level 1:colcon.colcon_core.package_identification:_identify(src/moveit_task_constructor/visualization) by extension 'ignore'
[0.209s] Level 1:colcon.colcon_core.package_identification:_identify(src/moveit_task_constructor/visualization) by extension 'ignore_ament_install'
[0.209s] Level 1:colcon.colcon_core.package_identification:_identify(src/moveit_task_constructor/visualization) by extensions ['colcon_pkg']
[0.209s] Level 1:colcon.colcon_core.package_identification:_identify(src/moveit_task_constructor/visualization) by extension 'colcon_pkg'
[0.209s] Level 1:colcon.colcon_core.package_identification:_identify(src/moveit_task_constructor/visualization) by extensions ['colcon_meta']
[0.209s] Level 1:colcon.colcon_core.package_identification:_identify(src/moveit_task_constructor/visualization) by extension 'colcon_meta'
[0.209s] Level 1:colcon.colcon_core.package_identification:_identify(src/moveit_task_constructor/visualization) by extensions ['ros']
[0.209s] Level 1:colcon.colcon_core.package_identification:_identify(src/moveit_task_constructor/visualization) by extension 'ros'
[0.209s] DEBUG:colcon.colcon_core.package_identification:Package 'src/moveit_task_constructor/visualization' with type 'ros.ament_cmake' and name 'moveit_task_constructor_visualization'
[0.209s] Level 1:colcon.colcon_core.package_identification:_identify(src/mtc_tutorial) by extensions ['ignore', 'ignore_ament_install']
[0.209s] Level 1:colcon.colcon_core.package_identification:_identify(src/mtc_tutorial) by extension 'ignore'
[0.209s] Level 1:colcon.colcon_core.package_identification:_identify(src/mtc_tutorial) by extension 'ignore_ament_install'
[0.209s] Level 1:colcon.colcon_core.package_identification:_identify(src/mtc_tutorial) by extensions ['colcon_pkg']
[0.210s] Level 1:colcon.colcon_core.package_identification:_identify(src/mtc_tutorial) by extension 'colcon_pkg'
[0.210s] Level 1:colcon.colcon_core.package_identification:_identify(src/mtc_tutorial) by extensions ['colcon_meta']
[0.210s] Level 1:colcon.colcon_core.package_identification:_identify(src/mtc_tutorial) by extension 'colcon_meta'
[0.210s] Level 1:colcon.colcon_core.package_identification:_identify(src/mtc_tutorial) by extensions ['ros']
[0.210s] Level 1:colcon.colcon_core.package_identification:_identify(src/mtc_tutorial) by extension 'ros'
[0.210s] DEBUG:colcon.colcon_core.package_identification:Package 'src/mtc_tutorial' with type 'ros.ament_cmake' and name 'mtc_tutorial'
[0.210s] Level 1:colcon.colcon_core.package_discovery:discover_packages(recursive) using defaults
[0.210s] Level 1:colcon.colcon_core.package_discovery:discover_packages(ignore) discover
[0.210s] Level 1:colcon.colcon_core.package_discovery:discover_packages(ignore) using defaults
[0.210s] Level 1:colcon.colcon_core.package_discovery:discover_packages(path) discover
[0.210s] Level 1:colcon.colcon_core.package_discovery:discover_packages(path) using defaults
[0.223s] Level 1:colcon.colcon_core.package_discovery:discover_packages(prefix_path) check parameters
[0.223s] Level 1:colcon.colcon_core.package_discovery:discover_packages(prefix_path) discover
[0.226s] DEBUG:colcon.colcon_installed_package_information.package_discovery:Found 57 installed packages in /home/robomaven/ws/ws_moveit2/install
[0.227s] DEBUG:colcon.colcon_installed_package_information.package_discovery:Found 413 installed packages in /opt/ros/humble
[0.229s] Level 1:colcon.colcon_core.package_discovery:discover_packages(prefix_path) using defaults
[0.258s] WARNING:colcon.colcon_core.package_selection:Some selected packages are already built in one or more underlay workspaces:
	'moveit_task_constructor_core' is in: /home/robomaven/ws/ws_moveit2/install/moveit_task_constructor_core
If a package in a merged underlay workspace is overridden and it installs headers, then all packages in the overlay must sort their include directories by workspace order. Failure to do so may result in build failures or undefined behavior at run time.
If the overridden package is used by another package in any underlay, then the overriding package in the overlay must be API and ABI compatible or undefined behavior at run time may occur.

If you understand the risks and want to override a package anyways, add the following to the command line:
	--allow-overriding moveit_task_constructor_core

This may be promoted to an error in a future release of colcon-override-check.
[0.259s] Level 5:colcon.colcon_core.verb:set package 'moveit_task_constructor_msgs' build argument 'cmake_args' from command line to 'None'
[0.259s] Level 5:colcon.colcon_core.verb:set package 'moveit_task_constructor_msgs' build argument 'cmake_target' from command line to 'None'
[0.259s] Level 5:colcon.colcon_core.verb:set package 'moveit_task_constructor_msgs' build argument 'cmake_target_skip_unavailable' from command line to 'False'
[0.259s] Level 5:colcon.colcon_core.verb:set package 'moveit_task_constructor_msgs' build argument 'cmake_clean_cache' from command line to 'False'
[0.259s] Level 5:colcon.colcon_core.verb:set package 'moveit_task_constructor_msgs' build argument 'cmake_clean_first' from command line to 'False'
[0.259s] Level 5:colcon.colcon_core.verb:set package 'moveit_task_constructor_msgs' build argument 'cmake_force_configure' from command line to 'False'
[0.259s] Level 5:colcon.colcon_core.verb:set package 'moveit_task_constructor_msgs' build argument 'ament_cmake_args' from command line to 'None'
[0.259s] Level 5:colcon.colcon_core.verb:set package 'moveit_task_constructor_msgs' build argument 'catkin_cmake_args' from command line to 'None'
[0.259s] Level 5:colcon.colcon_core.verb:set package 'moveit_task_constructor_msgs' build argument 'catkin_skip_building_tests' from command line to 'False'
[0.259s] DEBUG:colcon.colcon_core.verb:Building package 'moveit_task_constructor_msgs' with the following arguments: {'ament_cmake_args': None, 'build_base': '/home/robomaven/ws/ws3_moveit2_pick_place/build/moveit_task_constructor_msgs', 'catkin_cmake_args': None, 'catkin_skip_building_tests': False, 'cmake_args': None, 'cmake_clean_cache': False, 'cmake_clean_first': False, 'cmake_force_configure': False, 'cmake_target': None, 'cmake_target_skip_unavailable': False, 'install_base': '/home/robomaven/ws/ws3_moveit2_pick_place/install/moveit_task_constructor_msgs', 'merge_install': False, 'path': '/home/robomaven/ws/ws3_moveit2_pick_place/src/moveit_task_constructor/msgs', 'symlink_install': False, 'test_result_base': None}
[0.259s] Level 5:colcon.colcon_core.verb:set package 'rviz_marker_tools' build argument 'cmake_args' from command line to 'None'
[0.259s] Level 5:colcon.colcon_core.verb:set package 'rviz_marker_tools' build argument 'cmake_target' from command line to 'None'
[0.259s] Level 5:colcon.colcon_core.verb:set package 'rviz_marker_tools' build argument 'cmake_target_skip_unavailable' from command line to 'False'
[0.259s] Level 5:colcon.colcon_core.verb:set package 'rviz_marker_tools' build argument 'cmake_clean_cache' from command line to 'False'
[0.259s] Level 5:colcon.colcon_core.verb:set package 'rviz_marker_tools' build argument 'cmake_clean_first' from command line to 'False'
[0.259s] Level 5:colcon.colcon_core.verb:set package 'rviz_marker_tools' build argument 'cmake_force_configure' from command line to 'False'
[0.259s] Level 5:colcon.colcon_core.verb:set package 'rviz_marker_tools' build argument 'ament_cmake_args' from command line to 'None'
[0.259s] Level 5:colcon.colcon_core.verb:set package 'rviz_marker_tools' build argument 'catkin_cmake_args' from command line to 'None'
[0.259s] Level 5:colcon.colcon_core.verb:set package 'rviz_marker_tools' build argument 'catkin_skip_building_tests' from command line to 'False'
[0.259s] DEBUG:colcon.colcon_core.verb:Building package 'rviz_marker_tools' with the following arguments: {'ament_cmake_args': None, 'build_base': '/home/robomaven/ws/ws3_moveit2_pick_place/build/rviz_marker_tools', 'catkin_cmake_args': None, 'catkin_skip_building_tests': False, 'cmake_args': None, 'cmake_clean_cache': False, 'cmake_clean_first': False, 'cmake_force_configure': False, 'cmake_target': None, 'cmake_target_skip_unavailable': False, 'install_base': '/home/robomaven/ws/ws3_moveit2_pick_place/install/rviz_marker_tools', 'merge_install': False, 'path': '/home/robomaven/ws/ws3_moveit2_pick_place/src/moveit_task_constructor/rviz_marker_tools', 'symlink_install': False, 'test_result_base': None}
[0.260s] Level 5:colcon.colcon_core.verb:set package 'moveit_task_constructor_core' build argument 'cmake_args' from command line to 'None'
[0.260s] Level 5:colcon.colcon_core.verb:set package 'moveit_task_constructor_core' build argument 'cmake_target' from command line to 'None'
[0.260s] Level 5:colcon.colcon_core.verb:set package 'moveit_task_constructor_core' build argument 'cmake_target_skip_unavailable' from command line to 'False'
[0.260s] Level 5:colcon.colcon_core.verb:set package 'moveit_task_constructor_core' build argument 'cmake_clean_cache' from command line to 'False'
[0.260s] Level 5:colcon.colcon_core.verb:set package 'moveit_task_constructor_core' build argument 'cmake_clean_first' from command line to 'False'
[0.260s] Level 5:colcon.colcon_core.verb:set package 'moveit_task_constructor_core' build argument 'cmake_force_configure' from command line to 'False'
[0.260s] Level 5:colcon.colcon_core.verb:set package 'moveit_task_constructor_core' build argument 'ament_cmake_args' from command line to 'None'
[0.260s] Level 5:colcon.colcon_core.verb:set package 'moveit_task_constructor_core' build argument 'catkin_cmake_args' from command line to 'None'
[0.260s] Level 5:colcon.colcon_core.verb:set package 'moveit_task_constructor_core' build argument 'catkin_skip_building_tests' from command line to 'False'
[0.260s] DEBUG:colcon.colcon_core.verb:Building package 'moveit_task_constructor_core' with the following arguments: {'ament_cmake_args': None, 'build_base': '/home/robomaven/ws/ws3_moveit2_pick_place/build/moveit_task_constructor_core', 'catkin_cmake_args': None, 'catkin_skip_building_tests': False, 'cmake_args': None, 'cmake_clean_cache': False, 'cmake_clean_first': False, 'cmake_force_configure': False, 'cmake_target': None, 'cmake_target_skip_unavailable': False, 'install_base': '/home/robomaven/ws/ws3_moveit2_pick_place/install/moveit_task_constructor_core', 'merge_install': False, 'path': '/home/robomaven/ws/ws3_moveit2_pick_place/src/moveit_task_constructor/core', 'symlink_install': False, 'test_result_base': None}
[0.260s] Level 5:colcon.colcon_core.verb:set package 'moveit_task_constructor_capabilities' build argument 'cmake_args' from command line to 'None'
[0.260s] Level 5:colcon.colcon_core.verb:set package 'moveit_task_constructor_capabilities' build argument 'cmake_target' from command line to 'None'
[0.260s] Level 5:colcon.colcon_core.verb:set package 'moveit_task_constructor_capabilities' build argument 'cmake_target_skip_unavailable' from command line to 'False'
[0.260s] Level 5:colcon.colcon_core.verb:set package 'moveit_task_constructor_capabilities' build argument 'cmake_clean_cache' from command line to 'False'
[0.260s] Level 5:colcon.colcon_core.verb:set package 'moveit_task_constructor_capabilities' build argument 'cmake_clean_first' from command line to 'False'
[0.260s] Level 5:colcon.colcon_core.verb:set package 'moveit_task_constructor_capabilities' build argument 'cmake_force_configure' from command line to 'False'
[0.260s] Level 5:colcon.colcon_core.verb:set package 'moveit_task_constructor_capabilities' build argument 'ament_cmake_args' from command line to 'None'
[0.260s] Level 5:colcon.colcon_core.verb:set package 'moveit_task_constructor_capabilities' build argument 'catkin_cmake_args' from command line to 'None'
[0.260s] Level 5:colcon.colcon_core.verb:set package 'moveit_task_constructor_capabilities' build argument 'catkin_skip_building_tests' from command line to 'False'
[0.260s] DEBUG:colcon.colcon_core.verb:Building package 'moveit_task_constructor_capabilities' with the following arguments: {'ament_cmake_args': None, 'build_base': '/home/robomaven/ws/ws3_moveit2_pick_place/build/moveit_task_constructor_capabilities', 'catkin_cmake_args': None, 'catkin_skip_building_tests': False, 'cmake_args': None, 'cmake_clean_cache': False, 'cmake_clean_first': False, 'cmake_force_configure': False, 'cmake_target': None, 'cmake_target_skip_unavailable': False, 'install_base': '/home/robomaven/ws/ws3_moveit2_pick_place/install/moveit_task_constructor_capabilities', 'merge_install': False, 'path': '/home/robomaven/ws/ws3_moveit2_pick_place/src/moveit_task_constructor/capabilities', 'symlink_install': False, 'test_result_base': None}
[0.260s] Level 5:colcon.colcon_core.verb:set package 'moveit_task_constructor_visualization' build argument 'cmake_args' from command line to 'None'
[0.260s] Level 5:colcon.colcon_core.verb:set package 'moveit_task_constructor_visualization' build argument 'cmake_target' from command line to 'None'
[0.260s] Level 5:colcon.colcon_core.verb:set package 'moveit_task_constructor_visualization' build argument 'cmake_target_skip_unavailable' from command line to 'False'
[0.260s] Level 5:colcon.colcon_core.verb:set package 'moveit_task_constructor_visualization' build argument 'cmake_clean_cache' from command line to 'False'
[0.260s] Level 5:colcon.colcon_core.verb:set package 'moveit_task_constructor_visualization' build argument 'cmake_clean_first' from command line to 'False'
[0.260s] Level 5:colcon.colcon_core.verb:set package 'moveit_task_constructor_visualization' build argument 'cmake_force_configure' from command line to 'False'
[0.260s] Level 5:colcon.colcon_core.verb:set package 'moveit_task_constructor_visualization' build argument 'ament_cmake_args' from command line to 'None'
[0.260s] Level 5:colcon.colcon_core.verb:set package 'moveit_task_constructor_visualization' build argument 'catkin_cmake_args' from command line to 'None'
[0.260s] Level 5:colcon.colcon_core.verb:set package 'moveit_task_constructor_visualization' build argument 'catkin_skip_building_tests' from command line to 'False'
[0.260s] DEBUG:colcon.colcon_core.verb:Building package 'moveit_task_constructor_visualization' with the following arguments: {'ament_cmake_args': None, 'build_base': '/home/robomaven/ws/ws3_moveit2_pick_place/build/moveit_task_constructor_visualization', 'catkin_cmake_args': None, 'catkin_skip_building_tests': False, 'cmake_args': None, 'cmake_clean_cache': False, 'cmake_clean_first': False, 'cmake_force_configure': False, 'cmake_target': None, 'cmake_target_skip_unavailable': False, 'install_base': '/home/robomaven/ws/ws3_moveit2_pick_place/install/moveit_task_constructor_visualization', 'merge_install': False, 'path': '/home/robomaven/ws/ws3_moveit2_pick_place/src/moveit_task_constructor/visualization', 'symlink_install': False, 'test_result_base': None}
[0.261s] Level 5:colcon.colcon_core.verb:set package 'mtc_tutorial' build argument 'cmake_args' from command line to 'None'
[0.261s] Level 5:colcon.colcon_core.verb:set package 'mtc_tutorial' build argument 'cmake_target' from command line to 'None'
[0.261s] Level 5:colcon.colcon_core.verb:set package 'mtc_tutorial' build argument 'cmake_target_skip_unavailable' from command line to 'False'
[0.261s] Level 5:colcon.colcon_core.verb:set package 'mtc_tutorial' build argument 'cmake_clean_cache' from command line to 'False'
[0.261s] Level 5:colcon.colcon_core.verb:set package 'mtc_tutorial' build argument 'cmake_clean_first' from command line to 'False'
[0.261s] Level 5:colcon.colcon_core.verb:set package 'mtc_tutorial' build argument 'cmake_force_configure' from command line to 'False'
[0.261s] Level 5:colcon.colcon_core.verb:set package 'mtc_tutorial' build argument 'ament_cmake_args' from command line to 'None'
[0.261s] Level 5:colcon.colcon_core.verb:set package 'mtc_tutorial' build argument 'catkin_cmake_args' from command line to 'None'
[0.261s] Level 5:colcon.colcon_core.verb:set package 'mtc_tutorial' build argument 'catkin_skip_building_tests' from command line to 'False'
[0.261s] DEBUG:colcon.colcon_core.verb:Building package 'mtc_tutorial' with the following arguments: {'ament_cmake_args': None, 'build_base': '/home/robomaven/ws/ws3_moveit2_pick_place/build/mtc_tutorial', 'catkin_cmake_args': None, 'catkin_skip_building_tests': False, 'cmake_args': None, 'cmake_clean_cache': False, 'cmake_clean_first': False, 'cmake_force_configure': False, 'cmake_target': None, 'cmake_target_skip_unavailable': False, 'install_base': '/home/robomaven/ws/ws3_moveit2_pick_place/install/mtc_tutorial', 'merge_install': False, 'path': '/home/robomaven/ws/ws3_moveit2_pick_place/src/mtc_tutorial', 'symlink_install': False, 'test_result_base': None}
[0.261s] Level 5:colcon.colcon_core.verb:set package 'moveit_task_constructor_demo' build argument 'cmake_args' from command line to 'None'
[0.261s] Level 5:colcon.colcon_core.verb:set package 'moveit_task_constructor_demo' build argument 'cmake_target' from command line to 'None'
[0.261s] Level 5:colcon.colcon_core.verb:set package 'moveit_task_constructor_demo' build argument 'cmake_target_skip_unavailable' from command line to 'False'
[0.261s] Level 5:colcon.colcon_core.verb:set package 'moveit_task_constructor_demo' build argument 'cmake_clean_cache' from command line to 'False'
[0.261s] Level 5:colcon.colcon_core.verb:set package 'moveit_task_constructor_demo' build argument 'cmake_clean_first' from command line to 'False'
[0.261s] Level 5:colcon.colcon_core.verb:set package 'moveit_task_constructor_demo' build argument 'cmake_force_configure' from command line to 'False'
[0.261s] Level 5:colcon.colcon_core.verb:set package 'moveit_task_constructor_demo' build argument 'ament_cmake_args' from command line to 'None'
[0.261s] Level 5:colcon.colcon_core.verb:set package 'moveit_task_constructor_demo' build argument 'catkin_cmake_args' from command line to 'None'
[0.261s] Level 5:colcon.colcon_core.verb:set package 'moveit_task_constructor_demo' build argument 'catkin_skip_building_tests' from command line to 'False'
[0.261s] DEBUG:colcon.colcon_core.verb:Building package 'moveit_task_constructor_demo' with the following arguments: {'ament_cmake_args': None, 'build_base': '/home/robomaven/ws/ws3_moveit2_pick_place/build/moveit_task_constructor_demo', 'catkin_cmake_args': None, 'catkin_skip_building_tests': False, 'cmake_args': None, 'cmake_clean_cache': False, 'cmake_clean_first': False, 'cmake_force_configure': False, 'cmake_target': None, 'cmake_target_skip_unavailable': False, 'install_base': '/home/robomaven/ws/ws3_moveit2_pick_place/install/moveit_task_constructor_demo', 'merge_install': False, 'path': '/home/robomaven/ws/ws3_moveit2_pick_place/src/moveit_task_constructor/demo', 'symlink_install': False, 'test_result_base': None}
[0.261s] INFO:colcon.colcon_core.executor:Executing jobs using 'parallel' executor
[0.262s] DEBUG:colcon.colcon_parallel_executor.executor.parallel:run_until_complete
[0.262s] INFO:colcon.colcon_ros.task.ament_cmake.build:Building ROS package in '/home/robomaven/ws/ws3_moveit2_pick_place/src/moveit_task_constructor/msgs' with build type 'ament_cmake'
[0.262s] INFO:colcon.colcon_cmake.task.cmake.build:Building CMake package in '/home/robomaven/ws/ws3_moveit2_pick_place/src/moveit_task_constructor/msgs'
[0.263s] INFO:colcon.colcon_core.plugin_system:Skipping extension 'colcon_core.shell.bat': Not used on non-Windows systems
[0.263s] INFO:colcon.colcon_core.shell:Skip shell extension 'powershell' for command environment: Not usable outside of PowerShell
[0.264s] DEBUG:colcon.colcon_core.shell:Skip shell extension 'dsv' for command environment
[0.267s] INFO:colcon.colcon_ros.task.ament_cmake.build:Building ROS package in '/home/robomaven/ws/ws3_moveit2_pick_place/src/moveit_task_constructor/rviz_marker_tools' with build type 'ament_cmake'
[0.267s] INFO:colcon.colcon_cmake.task.cmake.build:Building CMake package in '/home/robomaven/ws/ws3_moveit2_pick_place/src/moveit_task_constructor/rviz_marker_tools'
[0.268s] INFO:colcon.colcon_core.shell:Skip shell extension 'powershell' for command environment: Not usable outside of PowerShell
[0.268s] DEBUG:colcon.colcon_core.shell:Skip shell extension 'dsv' for command environment
[0.274s] DEBUG:colcon.colcon_core.event_handler.log_command:Invoking command in '/home/robomaven/ws/ws3_moveit2_pick_place/build/moveit_task_constructor_msgs': CMAKE_PREFIX_PATH=${CMAKE_PREFIX_PATH}:/home/robomaven/ws/ws_moveit2/install/moveit_configs_utils:/home/robomaven/ws/ws_moveit2/install/launch_param_builder:/opt/ros/humble /usr/bin/cmake /home/robomaven/ws/ws3_moveit2_pick_place/src/moveit_task_constructor/msgs -DCMAKE_INSTALL_PREFIX=/home/robomaven/ws/ws3_moveit2_pick_place/install/moveit_task_constructor_msgs
[0.277s] DEBUG:colcon.colcon_core.event_handler.log_command:Invoking command in '/home/robomaven/ws/ws3_moveit2_pick_place/build/rviz_marker_tools': CMAKE_PREFIX_PATH=${CMAKE_PREFIX_PATH}:/home/robomaven/ws/ws_moveit2/install/moveit_configs_utils:/home/robomaven/ws/ws_moveit2/install/launch_param_builder:/opt/ros/humble /usr/bin/cmake /home/robomaven/ws/ws3_moveit2_pick_place/src/moveit_task_constructor/rviz_marker_tools -DCMAKE_INSTALL_PREFIX=/home/robomaven/ws/ws3_moveit2_pick_place/install/rviz_marker_tools
[1.125s] DEBUG:colcon.colcon_core.event_handler.log_command:Invoked command in '/home/robomaven/ws/ws3_moveit2_pick_place/build/rviz_marker_tools' returned '0': CMAKE_PREFIX_PATH=${CMAKE_PREFIX_PATH}:/home/robomaven/ws/ws_moveit2/install/moveit_configs_utils:/home/robomaven/ws/ws_moveit2/install/launch_param_builder:/opt/ros/humble /usr/bin/cmake /home/robomaven/ws/ws3_moveit2_pick_place/src/moveit_task_constructor/rviz_marker_tools -DCMAKE_INSTALL_PREFIX=/home/robomaven/ws/ws3_moveit2_pick_place/install/rviz_marker_tools
[1.126s] DEBUG:colcon.colcon_core.event_handler.log_command:Invoking command in '/home/robomaven/ws/ws3_moveit2_pick_place/build/rviz_marker_tools': CMAKE_PREFIX_PATH=${CMAKE_PREFIX_PATH}:/home/robomaven/ws/ws_moveit2/install/moveit_configs_utils:/home/robomaven/ws/ws_moveit2/install/launch_param_builder:/opt/ros/humble /usr/bin/cmake --build /home/robomaven/ws/ws3_moveit2_pick_place/build/rviz_marker_tools -- -j20 -l20
[1.188s] DEBUG:colcon.colcon_core.event_handler.log_command:Invoked command in '/home/robomaven/ws/ws3_moveit2_pick_place/build/rviz_marker_tools' returned '0': CMAKE_PREFIX_PATH=${CMAKE_PREFIX_PATH}:/home/robomaven/ws/ws_moveit2/install/moveit_configs_utils:/home/robomaven/ws/ws_moveit2/install/launch_param_builder:/opt/ros/humble /usr/bin/cmake --build /home/robomaven/ws/ws3_moveit2_pick_place/build/rviz_marker_tools -- -j20 -l20
[1.222s] DEBUG:colcon.colcon_core.event_handler.log_command:Invoking command in '/home/robomaven/ws/ws3_moveit2_pick_place/build/rviz_marker_tools': CMAKE_PREFIX_PATH=${CMAKE_PREFIX_PATH}:/home/robomaven/ws/ws_moveit2/install/moveit_configs_utils:/home/robomaven/ws/ws_moveit2/install/launch_param_builder:/opt/ros/humble /usr/bin/cmake --install /home/robomaven/ws/ws3_moveit2_pick_place/build/rviz_marker_tools
[1.231s] Level 1:colcon.colcon_core.environment:create_environment_scripts_only(rviz_marker_tools)
[1.231s] DEBUG:colcon.colcon_core.event_handler.log_command:Invoked command in '/home/robomaven/ws/ws3_moveit2_pick_place/build/rviz_marker_tools' returned '0': CMAKE_PREFIX_PATH=${CMAKE_PREFIX_PATH}:/home/robomaven/ws/ws_moveit2/install/moveit_configs_utils:/home/robomaven/ws/ws_moveit2/install/launch_param_builder:/opt/ros/humble /usr/bin/cmake --install /home/robomaven/ws/ws3_moveit2_pick_place/build/rviz_marker_tools
[1.233s] Level 1:colcon.colcon_core.environment:checking '/home/robomaven/ws/ws3_moveit2_pick_place/install/rviz_marker_tools' for CMake module files
[1.233s] Level 1:colcon.colcon_core.environment:checking '/home/robomaven/ws/ws3_moveit2_pick_place/install/rviz_marker_tools' for CMake config files
[1.233s] Level 1:colcon.colcon_core.shell:create_environment_hook('rviz_marker_tools', 'cmake_prefix_path')
[1.233s] INFO:colcon.colcon_core.shell:Creating environment hook '/home/robomaven/ws/ws3_moveit2_pick_place/install/rviz_marker_tools/share/rviz_marker_tools/hook/cmake_prefix_path.ps1'
[1.234s] INFO:colcon.colcon_core.shell:Creating environment descriptor '/home/robomaven/ws/ws3_moveit2_pick_place/install/rviz_marker_tools/share/rviz_marker_tools/hook/cmake_prefix_path.dsv'
[1.234s] INFO:colcon.colcon_core.shell:Creating environment hook '/home/robomaven/ws/ws3_moveit2_pick_place/install/rviz_marker_tools/share/rviz_marker_tools/hook/cmake_prefix_path.sh'
[1.234s] Level 1:colcon.colcon_core.environment:checking '/home/robomaven/ws/ws3_moveit2_pick_place/install/rviz_marker_tools/lib'
[1.235s] Level 1:colcon.colcon_core.shell:create_environment_hook('rviz_marker_tools', 'ld_library_path_lib')
[1.235s] INFO:colcon.colcon_core.shell:Creating environment hook '/home/robomaven/ws/ws3_moveit2_pick_place/install/rviz_marker_tools/share/rviz_marker_tools/hook/ld_library_path_lib.ps1'
[1.235s] INFO:colcon.colcon_core.shell:Creating environment descriptor '/home/robomaven/ws/ws3_moveit2_pick_place/install/rviz_marker_tools/share/rviz_marker_tools/hook/ld_library_path_lib.dsv'
[1.235s] INFO:colcon.colcon_core.shell:Creating environment hook '/home/robomaven/ws/ws3_moveit2_pick_place/install/rviz_marker_tools/share/rviz_marker_tools/hook/ld_library_path_lib.sh'
[1.235s] Level 1:colcon.colcon_core.environment:checking '/home/robomaven/ws/ws3_moveit2_pick_place/install/rviz_marker_tools/bin'
[1.235s] Level 1:colcon.colcon_core.environment:checking '/home/robomaven/ws/ws3_moveit2_pick_place/install/rviz_marker_tools/lib/pkgconfig/rviz_marker_tools.pc'
[1.235s] Level 1:colcon.colcon_core.environment:checking '/home/robomaven/ws/ws3_moveit2_pick_place/install/rviz_marker_tools/lib/python3.10/site-packages'
[1.236s] Level 1:colcon.colcon_core.environment:checking '/home/robomaven/ws/ws3_moveit2_pick_place/install/rviz_marker_tools/bin'
[1.236s] INFO:colcon.colcon_core.shell:Creating package script '/home/robomaven/ws/ws3_moveit2_pick_place/install/rviz_marker_tools/share/rviz_marker_tools/package.ps1'
[1.236s] INFO:colcon.colcon_core.shell:Creating package descriptor '/home/robomaven/ws/ws3_moveit2_pick_place/install/rviz_marker_tools/share/rviz_marker_tools/package.dsv'
[1.237s] INFO:colcon.colcon_core.shell:Creating package script '/home/robomaven/ws/ws3_moveit2_pick_place/install/rviz_marker_tools/share/rviz_marker_tools/package.sh'
[1.237s] INFO:colcon.colcon_core.shell:Creating package script '/home/robomaven/ws/ws3_moveit2_pick_place/install/rviz_marker_tools/share/rviz_marker_tools/package.bash'
[1.237s] INFO:colcon.colcon_core.shell:Creating package script '/home/robomaven/ws/ws3_moveit2_pick_place/install/rviz_marker_tools/share/rviz_marker_tools/package.zsh'
[1.238s] Level 1:colcon.colcon_core.environment:create_file_with_runtime_dependencies(/home/robomaven/ws/ws3_moveit2_pick_place/install/rviz_marker_tools/share/colcon-core/packages/rviz_marker_tools)
[1.264s] Level 1:colcon.colcon_core.environment:create_environment_scripts_only(rviz_marker_tools)
[1.265s] Level 1:colcon.colcon_core.environment:checking '/home/robomaven/ws/ws3_moveit2_pick_place/install/rviz_marker_tools' for CMake module files
[1.265s] Level 1:colcon.colcon_core.environment:checking '/home/robomaven/ws/ws3_moveit2_pick_place/install/rviz_marker_tools' for CMake config files
[1.265s] Level 1:colcon.colcon_core.shell:create_environment_hook('rviz_marker_tools', 'cmake_prefix_path')
[1.265s] INFO:colcon.colcon_core.shell:Creating environment hook '/home/robomaven/ws/ws3_moveit2_pick_place/install/rviz_marker_tools/share/rviz_marker_tools/hook/cmake_prefix_path.ps1'
[1.265s] INFO:colcon.colcon_core.shell:Creating environment descriptor '/home/robomaven/ws/ws3_moveit2_pick_place/install/rviz_marker_tools/share/rviz_marker_tools/hook/cmake_prefix_path.dsv'
[1.265s] INFO:colcon.colcon_core.shell:Creating environment hook '/home/robomaven/ws/ws3_moveit2_pick_place/install/rviz_marker_tools/share/rviz_marker_tools/hook/cmake_prefix_path.sh'
[1.266s] Level 1:colcon.colcon_core.environment:checking '/home/robomaven/ws/ws3_moveit2_pick_place/install/rviz_marker_tools/lib'
[1.266s] Level 1:colcon.colcon_core.shell:create_environment_hook('rviz_marker_tools', 'ld_library_path_lib')
[1.266s] INFO:colcon.colcon_core.shell:Creating environment hook '/home/robomaven/ws/ws3_moveit2_pick_place/install/rviz_marker_tools/share/rviz_marker_tools/hook/ld_library_path_lib.ps1'
[1.266s] INFO:colcon.colcon_core.shell:Creating environment descriptor '/home/robomaven/ws/ws3_moveit2_pick_place/install/rviz_marker_tools/share/rviz_marker_tools/hook/ld_library_path_lib.dsv'
[1.266s] INFO:colcon.colcon_core.shell:Creating environment hook '/home/robomaven/ws/ws3_moveit2_pick_place/install/rviz_marker_tools/share/rviz_marker_tools/hook/ld_library_path_lib.sh'
[1.266s] Level 1:colcon.colcon_core.environment:checking '/home/robomaven/ws/ws3_moveit2_pick_place/install/rviz_marker_tools/bin'
[1.266s] Level 1:colcon.colcon_core.environment:checking '/home/robomaven/ws/ws3_moveit2_pick_place/install/rviz_marker_tools/lib/pkgconfig/rviz_marker_tools.pc'
[1.267s] Level 1:colcon.colcon_core.environment:checking '/home/robomaven/ws/ws3_moveit2_pick_place/install/rviz_marker_tools/lib/python3.10/site-packages'
[1.267s] Level 1:colcon.colcon_core.environment:checking '/home/robomaven/ws/ws3_moveit2_pick_place/install/rviz_marker_tools/bin'
[1.267s] INFO:colcon.colcon_core.shell:Creating package script '/home/robomaven/ws/ws3_moveit2_pick_place/install/rviz_marker_tools/share/rviz_marker_tools/package.ps1'
[1.267s] INFO:colcon.colcon_core.shell:Creating package descriptor '/home/robomaven/ws/ws3_moveit2_pick_place/install/rviz_marker_tools/share/rviz_marker_tools/package.dsv'
[1.267s] INFO:colcon.colcon_core.shell:Creating package script '/home/robomaven/ws/ws3_moveit2_pick_place/install/rviz_marker_tools/share/rviz_marker_tools/package.sh'
[1.268s] INFO:colcon.colcon_core.shell:Creating package script '/home/robomaven/ws/ws3_moveit2_pick_place/install/rviz_marker_tools/share/rviz_marker_tools/package.bash'
[1.268s] INFO:colcon.colcon_core.shell:Creating package script '/home/robomaven/ws/ws3_moveit2_pick_place/install/rviz_marker_tools/share/rviz_marker_tools/package.zsh'
[1.268s] Level 1:colcon.colcon_core.environment:create_file_with_runtime_dependencies(/home/robomaven/ws/ws3_moveit2_pick_place/install/rviz_marker_tools/share/colcon-core/packages/rviz_marker_tools)
[2.223s] DEBUG:colcon.colcon_core.event_handler.log_command:Invoked command in '/home/robomaven/ws/ws3_moveit2_pick_place/build/moveit_task_constructor_msgs' returned '0': CMAKE_PREFIX_PATH=${CMAKE_PREFIX_PATH}:/home/robomaven/ws/ws_moveit2/install/moveit_configs_utils:/home/robomaven/ws/ws_moveit2/install/launch_param_builder:/opt/ros/humble /usr/bin/cmake /home/robomaven/ws/ws3_moveit2_pick_place/src/moveit_task_constructor/msgs -DCMAKE_INSTALL_PREFIX=/home/robomaven/ws/ws3_moveit2_pick_place/install/moveit_task_constructor_msgs
[2.224s] DEBUG:colcon.colcon_core.event_handler.log_command:Invoking command in '/home/robomaven/ws/ws3_moveit2_pick_place/build/moveit_task_constructor_msgs': CMAKE_PREFIX_PATH=${CMAKE_PREFIX_PATH}:/home/robomaven/ws/ws_moveit2/install/moveit_configs_utils:/home/robomaven/ws/ws_moveit2/install/launch_param_builder:/opt/ros/humble /usr/bin/cmake --build /home/robomaven/ws/ws3_moveit2_pick_place/build/moveit_task_constructor_msgs -- -j20 -l20
[2.480s] DEBUG:colcon.colcon_core.event_handler.log_command:Invoked command in '/home/robomaven/ws/ws3_moveit2_pick_place/build/moveit_task_constructor_msgs' returned '0': CMAKE_PREFIX_PATH=${CMAKE_PREFIX_PATH}:/home/robomaven/ws/ws_moveit2/install/moveit_configs_utils:/home/robomaven/ws/ws_moveit2/install/launch_param_builder:/opt/ros/humble /usr/bin/cmake --build /home/robomaven/ws/ws3_moveit2_pick_place/build/moveit_task_constructor_msgs -- -j20 -l20
[3.015s] DEBUG:colcon.colcon_core.event_handler.log_command:Invoking command in '/home/robomaven/ws/ws3_moveit2_pick_place/build/moveit_task_constructor_msgs': CMAKE_PREFIX_PATH=${CMAKE_PREFIX_PATH}:/home/robomaven/ws/ws_moveit2/install/moveit_configs_utils:/home/robomaven/ws/ws_moveit2/install/launch_param_builder:/opt/ros/humble /usr/bin/cmake --install /home/robomaven/ws/ws3_moveit2_pick_place/build/moveit_task_constructor_msgs
[3.066s] Level 1:colcon.colcon_core.environment:create_environment_scripts_only(moveit_task_constructor_msgs)
[3.066s] Level 1:colcon.colcon_core.environment:checking '/home/robomaven/ws/ws3_moveit2_pick_place/install/moveit_task_constructor_msgs' for CMake module files
[3.066s] DEBUG:colcon.colcon_core.event_handler.log_command:Invoked command in '/home/robomaven/ws/ws3_moveit2_pick_place/build/moveit_task_constructor_msgs' returned '0': CMAKE_PREFIX_PATH=${CMAKE_PREFIX_PATH}:/home/robomaven/ws/ws_moveit2/install/moveit_configs_utils:/home/robomaven/ws/ws_moveit2/install/launch_param_builder:/opt/ros/humble /usr/bin/cmake --install /home/robomaven/ws/ws3_moveit2_pick_place/build/moveit_task_constructor_msgs
[3.067s] Level 1:colcon.colcon_core.environment:checking '/home/robomaven/ws/ws3_moveit2_pick_place/install/moveit_task_constructor_msgs' for CMake config files
[3.067s] Level 1:colcon.colcon_core.shell:create_environment_hook('moveit_task_constructor_msgs', 'cmake_prefix_path')
[3.068s] INFO:colcon.colcon_core.shell:Creating environment hook '/home/robomaven/ws/ws3_moveit2_pick_place/install/moveit_task_constructor_msgs/share/moveit_task_constructor_msgs/hook/cmake_prefix_path.ps1'
[3.068s] INFO:colcon.colcon_core.shell:Creating environment descriptor '/home/robomaven/ws/ws3_moveit2_pick_place/install/moveit_task_constructor_msgs/share/moveit_task_constructor_msgs/hook/cmake_prefix_path.dsv'
[3.068s] INFO:colcon.colcon_core.shell:Creating environment hook '/home/robomaven/ws/ws3_moveit2_pick_place/install/moveit_task_constructor_msgs/share/moveit_task_constructor_msgs/hook/cmake_prefix_path.sh'
[3.068s] Level 1:colcon.colcon_core.environment:checking '/home/robomaven/ws/ws3_moveit2_pick_place/install/moveit_task_constructor_msgs/lib'
[3.068s] Level 1:colcon.colcon_core.shell:create_environment_hook('moveit_task_constructor_msgs', 'ld_library_path_lib')
[3.069s] INFO:colcon.colcon_core.shell:Creating environment hook '/home/robomaven/ws/ws3_moveit2_pick_place/install/moveit_task_constructor_msgs/share/moveit_task_constructor_msgs/hook/ld_library_path_lib.ps1'
[3.069s] INFO:colcon.colcon_core.shell:Creating environment descriptor '/home/robomaven/ws/ws3_moveit2_pick_place/install/moveit_task_constructor_msgs/share/moveit_task_constructor_msgs/hook/ld_library_path_lib.dsv'
[3.069s] INFO:colcon.colcon_core.shell:Creating environment hook '/home/robomaven/ws/ws3_moveit2_pick_place/install/moveit_task_constructor_msgs/share/moveit_task_constructor_msgs/hook/ld_library_path_lib.sh'
[3.069s] Level 1:colcon.colcon_core.environment:checking '/home/robomaven/ws/ws3_moveit2_pick_place/install/moveit_task_constructor_msgs/bin'
[3.069s] Level 1:colcon.colcon_core.environment:checking '/home/robomaven/ws/ws3_moveit2_pick_place/install/moveit_task_constructor_msgs/lib/pkgconfig/moveit_task_constructor_msgs.pc'
[3.069s] Level 1:colcon.colcon_core.environment:checking '/home/robomaven/ws/ws3_moveit2_pick_place/install/moveit_task_constructor_msgs/lib/python3.10/site-packages'
[3.069s] Level 1:colcon.colcon_core.environment:checking '/home/robomaven/ws/ws3_moveit2_pick_place/install/moveit_task_constructor_msgs/bin'
[3.070s] INFO:colcon.colcon_core.shell:Creating package script '/home/robomaven/ws/ws3_moveit2_pick_place/install/moveit_task_constructor_msgs/share/moveit_task_constructor_msgs/package.ps1'
[3.070s] INFO:colcon.colcon_core.shell:Creating package descriptor '/home/robomaven/ws/ws3_moveit2_pick_place/install/moveit_task_constructor_msgs/share/moveit_task_constructor_msgs/package.dsv'
[3.070s] INFO:colcon.colcon_core.shell:Creating package script '/home/robomaven/ws/ws3_moveit2_pick_place/install/moveit_task_constructor_msgs/share/moveit_task_constructor_msgs/package.sh'
[3.070s] INFO:colcon.colcon_core.shell:Creating package script '/home/robomaven/ws/ws3_moveit2_pick_place/install/moveit_task_constructor_msgs/share/moveit_task_constructor_msgs/package.bash'
[3.070s] INFO:colcon.colcon_core.shell:Creating package script '/home/robomaven/ws/ws3_moveit2_pick_place/install/moveit_task_constructor_msgs/share/moveit_task_constructor_msgs/package.zsh'
[3.070s] Level 1:colcon.colcon_core.environment:create_file_with_runtime_dependencies(/home/robomaven/ws/ws3_moveit2_pick_place/install/moveit_task_constructor_msgs/share/colcon-core/packages/moveit_task_constructor_msgs)
[3.588s] Level 1:colcon.colcon_core.environment:create_environment_scripts_only(moveit_task_constructor_msgs)
[3.589s] Level 1:colcon.colcon_core.environment:checking '/home/robomaven/ws/ws3_moveit2_pick_place/install/moveit_task_constructor_msgs' for CMake module files
[3.589s] Level 1:colcon.colcon_core.environment:checking '/home/robomaven/ws/ws3_moveit2_pick_place/install/moveit_task_constructor_msgs' for CMake config files
[3.590s] Level 1:colcon.colcon_core.shell:create_environment_hook('moveit_task_constructor_msgs', 'cmake_prefix_path')
[3.590s] INFO:colcon.colcon_core.shell:Creating environment hook '/home/robomaven/ws/ws3_moveit2_pick_place/install/moveit_task_constructor_msgs/share/moveit_task_constructor_msgs/hook/cmake_prefix_path.ps1'
[3.591s] INFO:colcon.colcon_core.shell:Creating environment descriptor '/home/robomaven/ws/ws3_moveit2_pick_place/install/moveit_task_constructor_msgs/share/moveit_task_constructor_msgs/hook/cmake_prefix_path.dsv'
[3.591s] INFO:colcon.colcon_core.shell:Creating environment hook '/home/robomaven/ws/ws3_moveit2_pick_place/install/moveit_task_constructor_msgs/share/moveit_task_constructor_msgs/hook/cmake_prefix_path.sh'
[3.591s] Level 1:colcon.colcon_core.environment:checking '/home/robomaven/ws/ws3_moveit2_pick_place/install/moveit_task_constructor_msgs/lib'
[3.592s] Level 1:colcon.colcon_core.shell:create_environment_hook('moveit_task_constructor_msgs', 'ld_library_path_lib')
[3.592s] INFO:colcon.colcon_core.shell:Creating environment hook '/home/robomaven/ws/ws3_moveit2_pick_place/install/moveit_task_constructor_msgs/share/moveit_task_constructor_msgs/hook/ld_library_path_lib.ps1'
[3.592s] INFO:colcon.colcon_core.shell:Creating environment descriptor '/home/robomaven/ws/ws3_moveit2_pick_place/install/moveit_task_constructor_msgs/share/moveit_task_constructor_msgs/hook/ld_library_path_lib.dsv'
[3.593s] INFO:colcon.colcon_core.shell:Creating environment hook '/home/robomaven/ws/ws3_moveit2_pick_place/install/moveit_task_constructor_msgs/share/moveit_task_constructor_msgs/hook/ld_library_path_lib.sh'
[3.593s] Level 1:colcon.colcon_core.environment:checking '/home/robomaven/ws/ws3_moveit2_pick_place/install/moveit_task_constructor_msgs/bin'
[3.593s] Level 1:colcon.colcon_core.environment:checking '/home/robomaven/ws/ws3_moveit2_pick_place/install/moveit_task_constructor_msgs/lib/pkgconfig/moveit_task_constructor_msgs.pc'
[3.593s] Level 1:colcon.colcon_core.environment:checking '/home/robomaven/ws/ws3_moveit2_pick_place/install/moveit_task_constructor_msgs/lib/python3.10/site-packages'
[3.593s] Level 1:colcon.colcon_core.environment:checking '/home/robomaven/ws/ws3_moveit2_pick_place/install/moveit_task_constructor_msgs/bin'
[3.594s] INFO:colcon.colcon_core.shell:Creating package script '/home/robomaven/ws/ws3_moveit2_pick_place/install/moveit_task_constructor_msgs/share/moveit_task_constructor_msgs/package.ps1'
[3.594s] INFO:colcon.colcon_core.shell:Creating package descriptor '/home/robomaven/ws/ws3_moveit2_pick_place/install/moveit_task_constructor_msgs/share/moveit_task_constructor_msgs/package.dsv'
[3.595s] INFO:colcon.colcon_core.shell:Creating package script '/home/robomaven/ws/ws3_moveit2_pick_place/install/moveit_task_constructor_msgs/share/moveit_task_constructor_msgs/package.sh'
[3.595s] INFO:colcon.colcon_core.shell:Creating package script '/home/robomaven/ws/ws3_moveit2_pick_place/install/moveit_task_constructor_msgs/share/moveit_task_constructor_msgs/package.bash'
[3.595s] INFO:colcon.colcon_core.shell:Creating package script '/home/robomaven/ws/ws3_moveit2_pick_place/install/moveit_task_constructor_msgs/share/moveit_task_constructor_msgs/package.zsh'
[3.596s] Level 1:colcon.colcon_core.environment:create_file_with_runtime_dependencies(/home/robomaven/ws/ws3_moveit2_pick_place/install/moveit_task_constructor_msgs/share/colcon-core/packages/moveit_task_constructor_msgs)
[3.596s] INFO:colcon.colcon_ros.task.ament_cmake.build:Building ROS package in '/home/robomaven/ws/ws3_moveit2_pick_place/src/moveit_task_constructor/core' with build type 'ament_cmake'
[3.596s] INFO:colcon.colcon_cmake.task.cmake.build:Building CMake package in '/home/robomaven/ws/ws3_moveit2_pick_place/src/moveit_task_constructor/core'
[3.597s] INFO:colcon.colcon_core.shell:Skip shell extension 'powershell' for command environment: Not usable outside of PowerShell
[3.597s] DEBUG:colcon.colcon_core.shell:Skip shell extension 'dsv' for command environment
[3.616s] DEBUG:colcon.colcon_core.event_handler.log_command:Invoking command in '/home/robomaven/ws/ws3_moveit2_pick_place/build/moveit_task_constructor_core': AMENT_PREFIX_PATH=/home/robomaven/ws/ws3_moveit2_pick_place/install/rviz_marker_tools:/home/robomaven/ws/ws3_moveit2_pick_place/install/moveit_task_constructor_msgs:${AMENT_PREFIX_PATH} CMAKE_PREFIX_PATH=/home/robomaven/ws/ws3_moveit2_pick_place/install/rviz_marker_tools:/home/robomaven/ws/ws3_moveit2_pick_place/install/moveit_task_constructor_msgs:/home/robomaven/ws/ws_moveit2/install/pilz_industrial_motion_planner_testutils:/home/robomaven/ws/ws_moveit2/install/moveit_runtime:/home/robomaven/ws/ws_moveit2/install/moveit2_tutorials:/home/robomaven/ws/ws_moveit2/install/moveit:/home/robomaven/ws/ws_moveit2/install/moveit_planners:/home/robomaven/ws/ws_moveit2/install/pilz_industrial_motion_planner:/home/robomaven/ws/ws_moveit2/install/mtc_tutorial:/home/robomaven/ws/ws_moveit2/install/hello_moveit:/home/robomaven/ws/ws_moveit2/install/moveit_visual_tools:/home/robomaven/ws/ws_moveit2/install/moveit_task_constructor_visualization:/home/robomaven/ws/ws_moveit2/install/moveit_task_constructor_demo:/home/robomaven/ws/ws_moveit2/install/moveit_task_constructor_capabilities:/home/robomaven/ws/ws_moveit2/install/moveit_task_constructor_core:/home/robomaven/ws/ws_moveit2/install/moveit_ros_control_interface:/home/robomaven/ws/ws_moveit2/install/moveit_plugins:/home/robomaven/ws/ws_moveit2/install/moveit_simple_controller_manager:/home/robomaven/ws/ws_moveit2/install/moveit_setup_assistant:/home/robomaven/ws/ws_moveit2/install/moveit_setup_srdf_plugins:/home/robomaven/ws/ws_moveit2/install/moveit_setup_core_plugins:/home/robomaven/ws/ws_moveit2/install/moveit_setup_controllers:/home/robomaven/ws/ws_moveit2/install/moveit_setup_app_plugins:/home/robomaven/ws/ws_moveit2/install/moveit_setup_framework:/home/robomaven/ws/ws_moveit2/install/moveit_servo:/home/robomaven/ws/ws_moveit2/install/moveit_ros:/home/robomaven/ws/ws_moveit2/install/moveit_ros_visualization:/home/robomaven/ws/ws_moveit2/install/moveit_hybrid_planning:/home/robomaven/ws/ws_moveit2/install/moveit_ros_planning_interface:/home/robomaven/ws/ws_moveit2/install/moveit_ros_benchmarks:/home/robomaven/ws/ws_moveit2/install/moveit_ros_warehouse:/home/robomaven/ws/ws_moveit2/install/moveit_ros_robot_interaction:/home/robomaven/ws/ws_moveit2/install/moveit_ros_perception:/home/robomaven/ws/ws_moveit2/install/moveit_resources_prbt_pg70_support:/home/robomaven/ws/ws_moveit2/install/moveit_resources_prbt_moveit_config:/home/robomaven/ws/ws_moveit2/install/moveit_ros_move_group:/home/robomaven/ws/ws_moveit2/install/moveit_planners_ompl:/home/robomaven/ws/ws_moveit2/install/moveit_ros_planning:/home/robomaven/ws/ws_moveit2/install/moveit_ros_occupancy_map_monitor:/home/robomaven/ws/ws_moveit2/install/moveit_resources_prbt_ikfast_manipulator_plugin:/home/robomaven/ws/ws_moveit2/install/moveit_planners_chomp:/home/robomaven/ws/ws_moveit2/install/moveit_kinematics:/home/robomaven/ws/ws_moveit2/install/moveit_chomp_optimizer_adapter:/home/robomaven/ws/ws_moveit2/install/chomp_motion_planner:/home/robomaven/ws/ws_moveit2/install/moveit_core:/home/robomaven/ws/ws_moveit2/install/srdfdom:/home/robomaven/ws/ws_moveit2/install/rviz_marker_tools:/home/robomaven/ws/ws_moveit2/install/rosparam_shortcuts:/home/robomaven/ws/ws_moveit2/install/moveit_task_constructor_msgs:/home/robomaven/ws/ws_moveit2/install/moveit_resources_prbt_support:/home/robomaven/ws/ws_moveit2/install/moveit_resources:/home/robomaven/ws/ws_moveit2/install/moveit_resources_pr2_description:/home/robomaven/ws/ws_moveit2/install/moveit_resources_panda_moveit_config:/home/robomaven/ws/ws_moveit2/install/moveit_resources_panda_description:/home/robomaven/ws/ws_moveit2/install/moveit_resources_fanuc_moveit_config:/home/robomaven/ws/ws_moveit2/install/moveit_resources_fanuc_description:/home/robomaven/ws/ws_moveit2/install/moveit_common:/home/robomaven/ws/ws_moveit2/install/moveit_configs_utils:/home/robomaven/ws/ws_moveit2/install/launch_param_builder:/opt/ros/humble LD_LIBRARY_PATH=/home/robomaven/ws/ws3_moveit2_pick_place/install/rviz_marker_tools/lib:/home/robomaven/ws/ws3_moveit2_pick_place/install/moveit_task_constructor_msgs/lib:/home/robomaven/ws/ws_moveit2/install/pilz_industrial_motion_planner_testutils/lib:/home/robomaven/ws/ws_moveit2/install/pilz_industrial_motion_planner/lib:/home/robomaven/ws/ws_moveit2/install/moveit_visual_tools/lib:/home/robomaven/ws/ws_moveit2/install/moveit_task_constructor_visualization/lib:/home/robomaven/ws/ws_moveit2/install/moveit_task_constructor_demo/lib:/home/robomaven/ws/ws_moveit2/install/moveit_task_constructor_capabilities/lib:/home/robomaven/ws/ws_moveit2/install/moveit_task_constructor_core/lib:/home/robomaven/ws/ws_moveit2/install/moveit_ros_control_interface/lib:/home/robomaven/ws/ws_moveit2/install/moveit_simple_controller_manager/lib:/home/robomaven/ws/ws_moveit2/install/moveit_setup_assistant/lib:/home/robomaven/ws/ws_moveit2/install/moveit_setup_srdf_plugins/lib:/home/robomaven/ws/ws_moveit2/install/moveit_setup_core_plugins/lib:/home/robomaven/ws/ws_moveit2/install/moveit_setup_controllers/lib:/home/robomaven/ws/ws_moveit2/install/moveit_setup_app_plugins/lib:/home/robomaven/ws/ws_moveit2/install/moveit_setup_framework/lib:/home/robomaven/ws/ws_moveit2/install/moveit_servo/lib:/home/robomaven/ws/ws_moveit2/install/moveit_ros_visualization/lib:/home/robomaven/ws/ws_moveit2/install/moveit_hybrid_planning/lib:/home/robomaven/ws/ws_moveit2/install/moveit_ros_planning_interface/lib:/home/robomaven/ws/ws_moveit2/install/moveit_ros_benchmarks/lib:/home/robomaven/ws/ws_moveit2/install/moveit_ros_warehouse/lib:/home/robomaven/ws/ws_moveit2/install/moveit_ros_robot_interaction/lib:/home/robomaven/ws/ws_moveit2/install/moveit_ros_perception/lib:/home/robomaven/ws/ws_moveit2/install/moveit_ros_move_group/lib:/home/robomaven/ws/ws_moveit2/install/moveit_planners_ompl/lib:/home/robomaven/ws/ws_moveit2/install/moveit_ros_planning/lib:/home/robomaven/ws/ws_moveit2/install/moveit_ros_occupancy_map_monitor/lib:/home/robomaven/ws/ws_moveit2/install/moveit_resources_prbt_ikfast_manipulator_plugin/lib:/home/robomaven/ws/ws_moveit2/install/moveit_planners_chomp/lib:/home/robomaven/ws/ws_moveit2/install/moveit_kinematics/lib:/home/robomaven/ws/ws_moveit2/install/moveit_chomp_optimizer_adapter/lib:/home/robomaven/ws/ws_moveit2/install/chomp_motion_planner/lib:/home/robomaven/ws/ws_moveit2/install/moveit_core/lib:/home/robomaven/ws/ws_moveit2/install/srdfdom/lib:/home/robomaven/ws/ws_moveit2/install/rviz_marker_tools/lib:/home/robomaven/ws/ws_moveit2/install/rosparam_shortcuts/lib:/home/robomaven/ws/ws_moveit2/install/moveit_task_constructor_msgs/lib:/usr/lib/x86_64-linux-gnu/gazebo-11/plugins:/opt/ros/humble/opt/rviz_ogre_vendor/lib:/opt/ros/humble/lib/x86_64-linux-gnu:/opt/ros/humble/lib:/usr/share/gazebo/../../lib/x86_64-linux-gnu/gazebo-11/plugins PYTHONPATH=/home/robomaven/ws/ws3_moveit2_pick_place/install/moveit_task_constructor_msgs/local/lib/python3.10/dist-packages:${PYTHONPATH} /usr/bin/cmake /home/robomaven/ws/ws3_moveit2_pick_place/src/moveit_task_constructor/core -DCMAKE_INSTALL_PREFIX=/home/robomaven/ws/ws3_moveit2_pick_place/install/moveit_task_constructor_core
[6.603s] DEBUG:colcon.colcon_core.event_handler.log_command:Invoked command in '/home/robomaven/ws/ws3_moveit2_pick_place/build/moveit_task_constructor_core' returned '0': AMENT_PREFIX_PATH=/home/robomaven/ws/ws3_moveit2_pick_place/install/rviz_marker_tools:/home/robomaven/ws/ws3_moveit2_pick_place/install/moveit_task_constructor_msgs:${AMENT_PREFIX_PATH} CMAKE_PREFIX_PATH=/home/robomaven/ws/ws3_moveit2_pick_place/install/rviz_marker_tools:/home/robomaven/ws/ws3_moveit2_pick_place/install/moveit_task_constructor_msgs:/home/robomaven/ws/ws_moveit2/install/pilz_industrial_motion_planner_testutils:/home/robomaven/ws/ws_moveit2/install/moveit_runtime:/home/robomaven/ws/ws_moveit2/install/moveit2_tutorials:/home/robomaven/ws/ws_moveit2/install/moveit:/home/robomaven/ws/ws_moveit2/install/moveit_planners:/home/robomaven/ws/ws_moveit2/install/pilz_industrial_motion_planner:/home/robomaven/ws/ws_moveit2/install/mtc_tutorial:/home/robomaven/ws/ws_moveit2/install/hello_moveit:/home/robomaven/ws/ws_moveit2/install/moveit_visual_tools:/home/robomaven/ws/ws_moveit2/install/moveit_task_constructor_visualization:/home/robomaven/ws/ws_moveit2/install/moveit_task_constructor_demo:/home/robomaven/ws/ws_moveit2/install/moveit_task_constructor_capabilities:/home/robomaven/ws/ws_moveit2/install/moveit_task_constructor_core:/home/robomaven/ws/ws_moveit2/install/moveit_ros_control_interface:/home/robomaven/ws/ws_moveit2/install/moveit_plugins:/home/robomaven/ws/ws_moveit2/install/moveit_simple_controller_manager:/home/robomaven/ws/ws_moveit2/install/moveit_setup_assistant:/home/robomaven/ws/ws_moveit2/install/moveit_setup_srdf_plugins:/home/robomaven/ws/ws_moveit2/install/moveit_setup_core_plugins:/home/robomaven/ws/ws_moveit2/install/moveit_setup_controllers:/home/robomaven/ws/ws_moveit2/install/moveit_setup_app_plugins:/home/robomaven/ws/ws_moveit2/install/moveit_setup_framework:/home/robomaven/ws/ws_moveit2/install/moveit_servo:/home/robomaven/ws/ws_moveit2/install/moveit_ros:/home/robomaven/ws/ws_moveit2/install/moveit_ros_visualization:/home/robomaven/ws/ws_moveit2/install/moveit_hybrid_planning:/home/robomaven/ws/ws_moveit2/install/moveit_ros_planning_interface:/home/robomaven/ws/ws_moveit2/install/moveit_ros_benchmarks:/home/robomaven/ws/ws_moveit2/install/moveit_ros_warehouse:/home/robomaven/ws/ws_moveit2/install/moveit_ros_robot_interaction:/home/robomaven/ws/ws_moveit2/install/moveit_ros_perception:/home/robomaven/ws/ws_moveit2/install/moveit_resources_prbt_pg70_support:/home/robomaven/ws/ws_moveit2/install/moveit_resources_prbt_moveit_config:/home/robomaven/ws/ws_moveit2/install/moveit_ros_move_group:/home/robomaven/ws/ws_moveit2/install/moveit_planners_ompl:/home/robomaven/ws/ws_moveit2/install/moveit_ros_planning:/home/robomaven/ws/ws_moveit2/install/moveit_ros_occupancy_map_monitor:/home/robomaven/ws/ws_moveit2/install/moveit_resources_prbt_ikfast_manipulator_plugin:/home/robomaven/ws/ws_moveit2/install/moveit_planners_chomp:/home/robomaven/ws/ws_moveit2/install/moveit_kinematics:/home/robomaven/ws/ws_moveit2/install/moveit_chomp_optimizer_adapter:/home/robomaven/ws/ws_moveit2/install/chomp_motion_planner:/home/robomaven/ws/ws_moveit2/install/moveit_core:/home/robomaven/ws/ws_moveit2/install/srdfdom:/home/robomaven/ws/ws_moveit2/install/rviz_marker_tools:/home/robomaven/ws/ws_moveit2/install/rosparam_shortcuts:/home/robomaven/ws/ws_moveit2/install/moveit_task_constructor_msgs:/home/robomaven/ws/ws_moveit2/install/moveit_resources_prbt_support:/home/robomaven/ws/ws_moveit2/install/moveit_resources:/home/robomaven/ws/ws_moveit2/install/moveit_resources_pr2_description:/home/robomaven/ws/ws_moveit2/install/moveit_resources_panda_moveit_config:/home/robomaven/ws/ws_moveit2/install/moveit_resources_panda_description:/home/robomaven/ws/ws_moveit2/install/moveit_resources_fanuc_moveit_config:/home/robomaven/ws/ws_moveit2/install/moveit_resources_fanuc_description:/home/robomaven/ws/ws_moveit2/install/moveit_common:/home/robomaven/ws/ws_moveit2/install/moveit_configs_utils:/home/robomaven/ws/ws_moveit2/install/launch_param_builder:/opt/ros/humble LD_LIBRARY_PATH=/home/robomaven/ws/ws3_moveit2_pick_place/install/rviz_marker_tools/lib:/home/robomaven/ws/ws3_moveit2_pick_place/install/moveit_task_constructor_msgs/lib:/home/robomaven/ws/ws_moveit2/install/pilz_industrial_motion_planner_testutils/lib:/home/robomaven/ws/ws_moveit2/install/pilz_industrial_motion_planner/lib:/home/robomaven/ws/ws_moveit2/install/moveit_visual_tools/lib:/home/robomaven/ws/ws_moveit2/install/moveit_task_constructor_visualization/lib:/home/robomaven/ws/ws_moveit2/install/moveit_task_constructor_demo/lib:/home/robomaven/ws/ws_moveit2/install/moveit_task_constructor_capabilities/lib:/home/robomaven/ws/ws_moveit2/install/moveit_task_constructor_core/lib:/home/robomaven/ws/ws_moveit2/install/moveit_ros_control_interface/lib:/home/robomaven/ws/ws_moveit2/install/moveit_simple_controller_manager/lib:/home/robomaven/ws/ws_moveit2/install/moveit_setup_assistant/lib:/home/robomaven/ws/ws_moveit2/install/moveit_setup_srdf_plugins/lib:/home/robomaven/ws/ws_moveit2/install/moveit_setup_core_plugins/lib:/home/robomaven/ws/ws_moveit2/install/moveit_setup_controllers/lib:/home/robomaven/ws/ws_moveit2/install/moveit_setup_app_plugins/lib:/home/robomaven/ws/ws_moveit2/install/moveit_setup_framework/lib:/home/robomaven/ws/ws_moveit2/install/moveit_servo/lib:/home/robomaven/ws/ws_moveit2/install/moveit_ros_visualization/lib:/home/robomaven/ws/ws_moveit2/install/moveit_hybrid_planning/lib:/home/robomaven/ws/ws_moveit2/install/moveit_ros_planning_interface/lib:/home/robomaven/ws/ws_moveit2/install/moveit_ros_benchmarks/lib:/home/robomaven/ws/ws_moveit2/install/moveit_ros_warehouse/lib:/home/robomaven/ws/ws_moveit2/install/moveit_ros_robot_interaction/lib:/home/robomaven/ws/ws_moveit2/install/moveit_ros_perception/lib:/home/robomaven/ws/ws_moveit2/install/moveit_ros_move_group/lib:/home/robomaven/ws/ws_moveit2/install/moveit_planners_ompl/lib:/home/robomaven/ws/ws_moveit2/install/moveit_ros_planning/lib:/home/robomaven/ws/ws_moveit2/install/moveit_ros_occupancy_map_monitor/lib:/home/robomaven/ws/ws_moveit2/install/moveit_resources_prbt_ikfast_manipulator_plugin/lib:/home/robomaven/ws/ws_moveit2/install/moveit_planners_chomp/lib:/home/robomaven/ws/ws_moveit2/install/moveit_kinematics/lib:/home/robomaven/ws/ws_moveit2/install/moveit_chomp_optimizer_adapter/lib:/home/robomaven/ws/ws_moveit2/install/chomp_motion_planner/lib:/home/robomaven/ws/ws_moveit2/install/moveit_core/lib:/home/robomaven/ws/ws_moveit2/install/srdfdom/lib:/home/robomaven/ws/ws_moveit2/install/rviz_marker_tools/lib:/home/robomaven/ws/ws_moveit2/install/rosparam_shortcuts/lib:/home/robomaven/ws/ws_moveit2/install/moveit_task_constructor_msgs/lib:/usr/lib/x86_64-linux-gnu/gazebo-11/plugins:/opt/ros/humble/opt/rviz_ogre_vendor/lib:/opt/ros/humble/lib/x86_64-linux-gnu:/opt/ros/humble/lib:/usr/share/gazebo/../../lib/x86_64-linux-gnu/gazebo-11/plugins PYTHONPATH=/home/robomaven/ws/ws3_moveit2_pick_place/install/moveit_task_constructor_msgs/local/lib/python3.10/dist-packages:${PYTHONPATH} /usr/bin/cmake /home/robomaven/ws/ws3_moveit2_pick_place/src/moveit_task_constructor/core -DCMAKE_INSTALL_PREFIX=/home/robomaven/ws/ws3_moveit2_pick_place/install/moveit_task_constructor_core
[6.604s] DEBUG:colcon.colcon_core.event_handler.log_command:Invoking command in '/home/robomaven/ws/ws3_moveit2_pick_place/build/moveit_task_constructor_core': AMENT_PREFIX_PATH=/home/robomaven/ws/ws3_moveit2_pick_place/install/rviz_marker_tools:/home/robomaven/ws/ws3_moveit2_pick_place/install/moveit_task_constructor_msgs:${AMENT_PREFIX_PATH} CMAKE_PREFIX_PATH=/home/robomaven/ws/ws3_moveit2_pick_place/install/rviz_marker_tools:/home/robomaven/ws/ws3_moveit2_pick_place/install/moveit_task_constructor_msgs:/home/robomaven/ws/ws_moveit2/install/pilz_industrial_motion_planner_testutils:/home/robomaven/ws/ws_moveit2/install/moveit_runtime:/home/robomaven/ws/ws_moveit2/install/moveit2_tutorials:/home/robomaven/ws/ws_moveit2/install/moveit:/home/robomaven/ws/ws_moveit2/install/moveit_planners:/home/robomaven/ws/ws_moveit2/install/pilz_industrial_motion_planner:/home/robomaven/ws/ws_moveit2/install/mtc_tutorial:/home/robomaven/ws/ws_moveit2/install/hello_moveit:/home/robomaven/ws/ws_moveit2/install/moveit_visual_tools:/home/robomaven/ws/ws_moveit2/install/moveit_task_constructor_visualization:/home/robomaven/ws/ws_moveit2/install/moveit_task_constructor_demo:/home/robomaven/ws/ws_moveit2/install/moveit_task_constructor_capabilities:/home/robomaven/ws/ws_moveit2/install/moveit_task_constructor_core:/home/robomaven/ws/ws_moveit2/install/moveit_ros_control_interface:/home/robomaven/ws/ws_moveit2/install/moveit_plugins:/home/robomaven/ws/ws_moveit2/install/moveit_simple_controller_manager:/home/robomaven/ws/ws_moveit2/install/moveit_setup_assistant:/home/robomaven/ws/ws_moveit2/install/moveit_setup_srdf_plugins:/home/robomaven/ws/ws_moveit2/install/moveit_setup_core_plugins:/home/robomaven/ws/ws_moveit2/install/moveit_setup_controllers:/home/robomaven/ws/ws_moveit2/install/moveit_setup_app_plugins:/home/robomaven/ws/ws_moveit2/install/moveit_setup_framework:/home/robomaven/ws/ws_moveit2/install/moveit_servo:/home/robomaven/ws/ws_moveit2/install/moveit_ros:/home/robomaven/ws/ws_moveit2/install/moveit_ros_visualization:/home/robomaven/ws/ws_moveit2/install/moveit_hybrid_planning:/home/robomaven/ws/ws_moveit2/install/moveit_ros_planning_interface:/home/robomaven/ws/ws_moveit2/install/moveit_ros_benchmarks:/home/robomaven/ws/ws_moveit2/install/moveit_ros_warehouse:/home/robomaven/ws/ws_moveit2/install/moveit_ros_robot_interaction:/home/robomaven/ws/ws_moveit2/install/moveit_ros_perception:/home/robomaven/ws/ws_moveit2/install/moveit_resources_prbt_pg70_support:/home/robomaven/ws/ws_moveit2/install/moveit_resources_prbt_moveit_config:/home/robomaven/ws/ws_moveit2/install/moveit_ros_move_group:/home/robomaven/ws/ws_moveit2/install/moveit_planners_ompl:/home/robomaven/ws/ws_moveit2/install/moveit_ros_planning:/home/robomaven/ws/ws_moveit2/install/moveit_ros_occupancy_map_monitor:/home/robomaven/ws/ws_moveit2/install/moveit_resources_prbt_ikfast_manipulator_plugin:/home/robomaven/ws/ws_moveit2/install/moveit_planners_chomp:/home/robomaven/ws/ws_moveit2/install/moveit_kinematics:/home/robomaven/ws/ws_moveit2/install/moveit_chomp_optimizer_adapter:/home/robomaven/ws/ws_moveit2/install/chomp_motion_planner:/home/robomaven/ws/ws_moveit2/install/moveit_core:/home/robomaven/ws/ws_moveit2/install/srdfdom:/home/robomaven/ws/ws_moveit2/install/rviz_marker_tools:/home/robomaven/ws/ws_moveit2/install/rosparam_shortcuts:/home/robomaven/ws/ws_moveit2/install/moveit_task_constructor_msgs:/home/robomaven/ws/ws_moveit2/install/moveit_resources_prbt_support:/home/robomaven/ws/ws_moveit2/install/moveit_resources:/home/robomaven/ws/ws_moveit2/install/moveit_resources_pr2_description:/home/robomaven/ws/ws_moveit2/install/moveit_resources_panda_moveit_config:/home/robomaven/ws/ws_moveit2/install/moveit_resources_panda_description:/home/robomaven/ws/ws_moveit2/install/moveit_resources_fanuc_moveit_config:/home/robomaven/ws/ws_moveit2/install/moveit_resources_fanuc_description:/home/robomaven/ws/ws_moveit2/install/moveit_common:/home/robomaven/ws/ws_moveit2/install/moveit_configs_utils:/home/robomaven/ws/ws_moveit2/install/launch_param_builder:/opt/ros/humble LD_LIBRARY_PATH=/home/robomaven/ws/ws3_moveit2_pick_place/install/rviz_marker_tools/lib:/home/robomaven/ws/ws3_moveit2_pick_place/install/moveit_task_constructor_msgs/lib:/home/robomaven/ws/ws_moveit2/install/pilz_industrial_motion_planner_testutils/lib:/home/robomaven/ws/ws_moveit2/install/pilz_industrial_motion_planner/lib:/home/robomaven/ws/ws_moveit2/install/moveit_visual_tools/lib:/home/robomaven/ws/ws_moveit2/install/moveit_task_constructor_visualization/lib:/home/robomaven/ws/ws_moveit2/install/moveit_task_constructor_demo/lib:/home/robomaven/ws/ws_moveit2/install/moveit_task_constructor_capabilities/lib:/home/robomaven/ws/ws_moveit2/install/moveit_task_constructor_core/lib:/home/robomaven/ws/ws_moveit2/install/moveit_ros_control_interface/lib:/home/robomaven/ws/ws_moveit2/install/moveit_simple_controller_manager/lib:/home/robomaven/ws/ws_moveit2/install/moveit_setup_assistant/lib:/home/robomaven/ws/ws_moveit2/install/moveit_setup_srdf_plugins/lib:/home/robomaven/ws/ws_moveit2/install/moveit_setup_core_plugins/lib:/home/robomaven/ws/ws_moveit2/install/moveit_setup_controllers/lib:/home/robomaven/ws/ws_moveit2/install/moveit_setup_app_plugins/lib:/home/robomaven/ws/ws_moveit2/install/moveit_setup_framework/lib:/home/robomaven/ws/ws_moveit2/install/moveit_servo/lib:/home/robomaven/ws/ws_moveit2/install/moveit_ros_visualization/lib:/home/robomaven/ws/ws_moveit2/install/moveit_hybrid_planning/lib:/home/robomaven/ws/ws_moveit2/install/moveit_ros_planning_interface/lib:/home/robomaven/ws/ws_moveit2/install/moveit_ros_benchmarks/lib:/home/robomaven/ws/ws_moveit2/install/moveit_ros_warehouse/lib:/home/robomaven/ws/ws_moveit2/install/moveit_ros_robot_interaction/lib:/home/robomaven/ws/ws_moveit2/install/moveit_ros_perception/lib:/home/robomaven/ws/ws_moveit2/install/moveit_ros_move_group/lib:/home/robomaven/ws/ws_moveit2/install/moveit_planners_ompl/lib:/home/robomaven/ws/ws_moveit2/install/moveit_ros_planning/lib:/home/robomaven/ws/ws_moveit2/install/moveit_ros_occupancy_map_monitor/lib:/home/robomaven/ws/ws_moveit2/install/moveit_resources_prbt_ikfast_manipulator_plugin/lib:/home/robomaven/ws/ws_moveit2/install/moveit_planners_chomp/lib:/home/robomaven/ws/ws_moveit2/install/moveit_kinematics/lib:/home/robomaven/ws/ws_moveit2/install/moveit_chomp_optimizer_adapter/lib:/home/robomaven/ws/ws_moveit2/install/chomp_motion_planner/lib:/home/robomaven/ws/ws_moveit2/install/moveit_core/lib:/home/robomaven/ws/ws_moveit2/install/srdfdom/lib:/home/robomaven/ws/ws_moveit2/install/rviz_marker_tools/lib:/home/robomaven/ws/ws_moveit2/install/rosparam_shortcuts/lib:/home/robomaven/ws/ws_moveit2/install/moveit_task_constructor_msgs/lib:/usr/lib/x86_64-linux-gnu/gazebo-11/plugins:/opt/ros/humble/opt/rviz_ogre_vendor/lib:/opt/ros/humble/lib/x86_64-linux-gnu:/opt/ros/humble/lib:/usr/share/gazebo/../../lib/x86_64-linux-gnu/gazebo-11/plugins PYTHONPATH=/home/robomaven/ws/ws3_moveit2_pick_place/install/moveit_task_constructor_msgs/local/lib/python3.10/dist-packages:${PYTHONPATH} /usr/bin/cmake --build /home/robomaven/ws/ws3_moveit2_pick_place/build/moveit_task_constructor_core -- -j20 -l20
[10.629s] DEBUG:colcon.colcon_core.event_handler.log_command:Invoked command in '/home/robomaven/ws/ws3_moveit2_pick_place/build/moveit_task_constructor_core' returned '2': AMENT_PREFIX_PATH=/home/robomaven/ws/ws3_moveit2_pick_place/install/rviz_marker_tools:/home/robomaven/ws/ws3_moveit2_pick_place/install/moveit_task_constructor_msgs:${AMENT_PREFIX_PATH} CMAKE_PREFIX_PATH=/home/robomaven/ws/ws3_moveit2_pick_place/install/rviz_marker_tools:/home/robomaven/ws/ws3_moveit2_pick_place/install/moveit_task_constructor_msgs:/home/robomaven/ws/ws_moveit2/install/pilz_industrial_motion_planner_testutils:/home/robomaven/ws/ws_moveit2/install/moveit_runtime:/home/robomaven/ws/ws_moveit2/install/moveit2_tutorials:/home/robomaven/ws/ws_moveit2/install/moveit:/home/robomaven/ws/ws_moveit2/install/moveit_planners:/home/robomaven/ws/ws_moveit2/install/pilz_industrial_motion_planner:/home/robomaven/ws/ws_moveit2/install/mtc_tutorial:/home/robomaven/ws/ws_moveit2/install/hello_moveit:/home/robomaven/ws/ws_moveit2/install/moveit_visual_tools:/home/robomaven/ws/ws_moveit2/install/moveit_task_constructor_visualization:/home/robomaven/ws/ws_moveit2/install/moveit_task_constructor_demo:/home/robomaven/ws/ws_moveit2/install/moveit_task_constructor_capabilities:/home/robomaven/ws/ws_moveit2/install/moveit_task_constructor_core:/home/robomaven/ws/ws_moveit2/install/moveit_ros_control_interface:/home/robomaven/ws/ws_moveit2/install/moveit_plugins:/home/robomaven/ws/ws_moveit2/install/moveit_simple_controller_manager:/home/robomaven/ws/ws_moveit2/install/moveit_setup_assistant:/home/robomaven/ws/ws_moveit2/install/moveit_setup_srdf_plugins:/home/robomaven/ws/ws_moveit2/install/moveit_setup_core_plugins:/home/robomaven/ws/ws_moveit2/install/moveit_setup_controllers:/home/robomaven/ws/ws_moveit2/install/moveit_setup_app_plugins:/home/robomaven/ws/ws_moveit2/install/moveit_setup_framework:/home/robomaven/ws/ws_moveit2/install/moveit_servo:/home/robomaven/ws/ws_moveit2/install/moveit_ros:/home/robomaven/ws/ws_moveit2/install/moveit_ros_visualization:/home/robomaven/ws/ws_moveit2/install/moveit_hybrid_planning:/home/robomaven/ws/ws_moveit2/install/moveit_ros_planning_interface:/home/robomaven/ws/ws_moveit2/install/moveit_ros_benchmarks:/home/robomaven/ws/ws_moveit2/install/moveit_ros_warehouse:/home/robomaven/ws/ws_moveit2/install/moveit_ros_robot_interaction:/home/robomaven/ws/ws_moveit2/install/moveit_ros_perception:/home/robomaven/ws/ws_moveit2/install/moveit_resources_prbt_pg70_support:/home/robomaven/ws/ws_moveit2/install/moveit_resources_prbt_moveit_config:/home/robomaven/ws/ws_moveit2/install/moveit_ros_move_group:/home/robomaven/ws/ws_moveit2/install/moveit_planners_ompl:/home/robomaven/ws/ws_moveit2/install/moveit_ros_planning:/home/robomaven/ws/ws_moveit2/install/moveit_ros_occupancy_map_monitor:/home/robomaven/ws/ws_moveit2/install/moveit_resources_prbt_ikfast_manipulator_plugin:/home/robomaven/ws/ws_moveit2/install/moveit_planners_chomp:/home/robomaven/ws/ws_moveit2/install/moveit_kinematics:/home/robomaven/ws/ws_moveit2/install/moveit_chomp_optimizer_adapter:/home/robomaven/ws/ws_moveit2/install/chomp_motion_planner:/home/robomaven/ws/ws_moveit2/install/moveit_core:/home/robomaven/ws/ws_moveit2/install/srdfdom:/home/robomaven/ws/ws_moveit2/install/rviz_marker_tools:/home/robomaven/ws/ws_moveit2/install/rosparam_shortcuts:/home/robomaven/ws/ws_moveit2/install/moveit_task_constructor_msgs:/home/robomaven/ws/ws_moveit2/install/moveit_resources_prbt_support:/home/robomaven/ws/ws_moveit2/install/moveit_resources:/home/robomaven/ws/ws_moveit2/install/moveit_resources_pr2_description:/home/robomaven/ws/ws_moveit2/install/moveit_resources_panda_moveit_config:/home/robomaven/ws/ws_moveit2/install/moveit_resources_panda_description:/home/robomaven/ws/ws_moveit2/install/moveit_resources_fanuc_moveit_config:/home/robomaven/ws/ws_moveit2/install/moveit_resources_fanuc_description:/home/robomaven/ws/ws_moveit2/install/moveit_common:/home/robomaven/ws/ws_moveit2/install/moveit_configs_utils:/home/robomaven/ws/ws_moveit2/install/launch_param_builder:/opt/ros/humble LD_LIBRARY_PATH=/home/robomaven/ws/ws3_moveit2_pick_place/install/rviz_marker_tools/lib:/home/robomaven/ws/ws3_moveit2_pick_place/install/moveit_task_constructor_msgs/lib:/home/robomaven/ws/ws_moveit2/install/pilz_industrial_motion_planner_testutils/lib:/home/robomaven/ws/ws_moveit2/install/pilz_industrial_motion_planner/lib:/home/robomaven/ws/ws_moveit2/install/moveit_visual_tools/lib:/home/robomaven/ws/ws_moveit2/install/moveit_task_constructor_visualization/lib:/home/robomaven/ws/ws_moveit2/install/moveit_task_constructor_demo/lib:/home/robomaven/ws/ws_moveit2/install/moveit_task_constructor_capabilities/lib:/home/robomaven/ws/ws_moveit2/install/moveit_task_constructor_core/lib:/home/robomaven/ws/ws_moveit2/install/moveit_ros_control_interface/lib:/home/robomaven/ws/ws_moveit2/install/moveit_simple_controller_manager/lib:/home/robomaven/ws/ws_moveit2/install/moveit_setup_assistant/lib:/home/robomaven/ws/ws_moveit2/install/moveit_setup_srdf_plugins/lib:/home/robomaven/ws/ws_moveit2/install/moveit_setup_core_plugins/lib:/home/robomaven/ws/ws_moveit2/install/moveit_setup_controllers/lib:/home/robomaven/ws/ws_moveit2/install/moveit_setup_app_plugins/lib:/home/robomaven/ws/ws_moveit2/install/moveit_setup_framework/lib:/home/robomaven/ws/ws_moveit2/install/moveit_servo/lib:/home/robomaven/ws/ws_moveit2/install/moveit_ros_visualization/lib:/home/robomaven/ws/ws_moveit2/install/moveit_hybrid_planning/lib:/home/robomaven/ws/ws_moveit2/install/moveit_ros_planning_interface/lib:/home/robomaven/ws/ws_moveit2/install/moveit_ros_benchmarks/lib:/home/robomaven/ws/ws_moveit2/install/moveit_ros_warehouse/lib:/home/robomaven/ws/ws_moveit2/install/moveit_ros_robot_interaction/lib:/home/robomaven/ws/ws_moveit2/install/moveit_ros_perception/lib:/home/robomaven/ws/ws_moveit2/install/moveit_ros_move_group/lib:/home/robomaven/ws/ws_moveit2/install/moveit_planners_ompl/lib:/home/robomaven/ws/ws_moveit2/install/moveit_ros_planning/lib:/home/robomaven/ws/ws_moveit2/install/moveit_ros_occupancy_map_monitor/lib:/home/robomaven/ws/ws_moveit2/install/moveit_resources_prbt_ikfast_manipulator_plugin/lib:/home/robomaven/ws/ws_moveit2/install/moveit_planners_chomp/lib:/home/robomaven/ws/ws_moveit2/install/moveit_kinematics/lib:/home/robomaven/ws/ws_moveit2/install/moveit_chomp_optimizer_adapter/lib:/home/robomaven/ws/ws_moveit2/install/chomp_motion_planner/lib:/home/robomaven/ws/ws_moveit2/install/moveit_core/lib:/home/robomaven/ws/ws_moveit2/install/srdfdom/lib:/home/robomaven/ws/ws_moveit2/install/rviz_marker_tools/lib:/home/robomaven/ws/ws_moveit2/install/rosparam_shortcuts/lib:/home/robomaven/ws/ws_moveit2/install/moveit_task_constructor_msgs/lib:/usr/lib/x86_64-linux-gnu/gazebo-11/plugins:/opt/ros/humble/opt/rviz_ogre_vendor/lib:/opt/ros/humble/lib/x86_64-linux-gnu:/opt/ros/humble/lib:/usr/share/gazebo/../../lib/x86_64-linux-gnu/gazebo-11/plugins PYTHONPATH=/home/robomaven/ws/ws3_moveit2_pick_place/install/moveit_task_constructor_msgs/local/lib/python3.10/dist-packages:${PYTHONPATH} /usr/bin/cmake --build /home/robomaven/ws/ws3_moveit2_pick_place/build/moveit_task_constructor_core -- -j20 -l20
[10.693s] Level 1:colcon.colcon_core.environment:create_environment_scripts_only(moveit_task_constructor_core)
[10.693s] Level 1:colcon.colcon_core.environment:checking '/home/robomaven/ws/ws3_moveit2_pick_place/install/moveit_task_constructor_core' for CMake module files
[10.694s] Level 1:colcon.colcon_core.environment:checking '/home/robomaven/ws/ws3_moveit2_pick_place/install/moveit_task_constructor_core' for CMake config files
[10.694s] Level 1:colcon.colcon_core.environment:checking '/home/robomaven/ws/ws3_moveit2_pick_place/install/moveit_task_constructor_core/bin'
[10.694s] Level 1:colcon.colcon_core.environment:checking '/home/robomaven/ws/ws3_moveit2_pick_place/install/moveit_task_constructor_core/lib/pkgconfig/moveit_task_constructor_core.pc'
[10.694s] Level 1:colcon.colcon_core.environment:checking '/home/robomaven/ws/ws3_moveit2_pick_place/install/moveit_task_constructor_core/lib/python3.10/site-packages'
[10.695s] Level 1:colcon.colcon_core.environment:checking '/home/robomaven/ws/ws3_moveit2_pick_place/install/moveit_task_constructor_core/bin'
[10.695s] INFO:colcon.colcon_core.shell:Creating package script '/home/robomaven/ws/ws3_moveit2_pick_place/install/moveit_task_constructor_core/share/moveit_task_constructor_core/package.ps1'
[10.695s] INFO:colcon.colcon_core.shell:Creating package descriptor '/home/robomaven/ws/ws3_moveit2_pick_place/install/moveit_task_constructor_core/share/moveit_task_constructor_core/package.dsv'
[10.696s] INFO:colcon.colcon_core.shell:Creating package script '/home/robomaven/ws/ws3_moveit2_pick_place/install/moveit_task_constructor_core/share/moveit_task_constructor_core/package.sh'
[10.696s] INFO:colcon.colcon_core.shell:Creating package script '/home/robomaven/ws/ws3_moveit2_pick_place/install/moveit_task_constructor_core/share/moveit_task_constructor_core/package.bash'
[10.696s] INFO:colcon.colcon_core.shell:Creating package script '/home/robomaven/ws/ws3_moveit2_pick_place/install/moveit_task_constructor_core/share/moveit_task_constructor_core/package.zsh'
[10.697s] Level 1:colcon.colcon_core.environment:create_file_with_runtime_dependencies(/home/robomaven/ws/ws3_moveit2_pick_place/install/moveit_task_constructor_core/share/colcon-core/packages/moveit_task_constructor_core)
[10.707s] DEBUG:colcon.colcon_parallel_executor.executor.parallel:closing loop
[10.707s] DEBUG:colcon.colcon_parallel_executor.executor.parallel:loop closed
[10.707s] DEBUG:colcon.colcon_parallel_executor.executor.parallel:run_until_complete finished with '2'
[10.708s] DEBUG:colcon.colcon_core.event_reactor:joining thread
[10.717s] INFO:colcon.colcon_core.plugin_system:Skipping extension 'colcon_notification.desktop_notification.terminal_notifier': Not used on non-Darwin systems
[10.718s] INFO:colcon.colcon_core.plugin_system:Skipping extension 'colcon_notification.desktop_notification.win32': Not used on non-Windows systems
[10.718s] INFO:colcon.colcon_notification.desktop_notification:Sending desktop notification using 'notify2'
[10.735s] DEBUG:colcon.colcon_core.event_reactor:joined thread
[10.735s] INFO:colcon.colcon_core.shell:Creating prefix script '/home/robomaven/ws/ws3_moveit2_pick_place/install/local_setup.ps1'
[10.737s] INFO:colcon.colcon_core.shell:Creating prefix util module '/home/robomaven/ws/ws3_moveit2_pick_place/install/_local_setup_util_ps1.py'
[10.738s] INFO:colcon.colcon_core.shell:Creating prefix chain script '/home/robomaven/ws/ws3_moveit2_pick_place/install/setup.ps1'
[10.741s] INFO:colcon.colcon_core.shell:Creating prefix script '/home/robomaven/ws/ws3_moveit2_pick_place/install/local_setup.sh'
[10.742s] INFO:colcon.colcon_core.shell:Creating prefix util module '/home/robomaven/ws/ws3_moveit2_pick_place/install/_local_setup_util_sh.py'
[10.742s] INFO:colcon.colcon_core.shell:Creating prefix chain script '/home/robomaven/ws/ws3_moveit2_pick_place/install/setup.sh'
[10.745s] INFO:colcon.colcon_core.shell:Creating prefix script '/home/robomaven/ws/ws3_moveit2_pick_place/install/local_setup.bash'
[10.746s] INFO:colcon.colcon_core.shell:Creating prefix chain script '/home/robomaven/ws/ws3_moveit2_pick_place/install/setup.bash'
[10.748s] INFO:colcon.colcon_core.shell:Creating prefix script '/home/robomaven/ws/ws3_moveit2_pick_place/install/local_setup.zsh'
[10.749s] INFO:colcon.colcon_core.shell:Creating prefix chain script '/home/robomaven/ws/ws3_moveit2_pick_place/install/setup.zsh'
