[0.062s] DEBUG:colcon:Command line arguments: ['/usr/bin/colcon', 'build']
[0.062s] DEBUG:colcon:Parsed command line arguments: Namespace(log_base=None, log_level=None, verb_name='build', build_base='build', install_base='install', merge_install=False, symlink_install=False, test_result_base=None, continue_on_error=False, executor='parallel', parallel_workers=20, event_handlers=None, ignore_user_meta=False, metas=['./colcon.meta'], base_paths=['.'], packages_ignore=None, packages_ignore_regex=None, paths=None, packages_up_to=None, packages_up_to_regex=None, packages_above=None, packages_above_and_dependencies=None, packages_above_depth=None, packages_select_by_dep=None, packages_skip_by_dep=None, packages_skip_up_to=None, packages_select_build_failed=False, packages_skip_build_finished=False, packages_select_test_failures=False, packages_skip_test_passed=False, packages_select=None, packages_skip=None, packages_select_regex=None, packages_skip_regex=None, packages_start=None, packages_end=None, allow_overriding=[], cmake_args=None, cmake_target=None, cmake_target_skip_unavailable=False, cmake_clean_cache=False, cmake_clean_first=False, cmake_force_configure=False, ament_cmake_args=None, catkin_cmake_args=None, catkin_skip_building_tests=False, verb_parser=<colcon_defaults.argument_parser.defaults.DefaultArgumentsDecorator object at 0x7aea2f3ffd90>, verb_extension=<colcon_core.verb.build.BuildVerb object at 0x7aea2f3ff880>, main=<bound method BuildVerb.main of <colcon_core.verb.build.BuildVerb object at 0x7aea2f3ff880>>)
[0.160s] Level 1:colcon.colcon_core.package_discovery:discover_packages(colcon_meta) check parameters
[0.160s] Level 1:colcon.colcon_core.package_discovery:discover_packages(recursive) check parameters
[0.160s] Level 1:colcon.colcon_core.package_discovery:discover_packages(ignore) check parameters
[0.160s] Level 1:colcon.colcon_core.package_discovery:discover_packages(path) check parameters
[0.160s] Level 1:colcon.colcon_core.package_discovery:discover_packages(colcon_meta) discover
[0.160s] Level 1:colcon.colcon_core.package_discovery:discover_packages(recursive) discover
[0.160s] INFO:colcon.colcon_core.package_discovery:Crawling recursively for packages in '/home/robomaven/activity1_ws'
[0.160s] Level 1:colcon.colcon_core.package_identification:_identify(.) by extensions ['ignore', 'ignore_ament_install']
[0.160s] Level 1:colcon.colcon_core.package_identification:_identify(.) by extension 'ignore'
[0.161s] Level 1:colcon.colcon_core.package_identification:_identify(.) by extension 'ignore_ament_install'
[0.161s] Level 1:colcon.colcon_core.package_identification:_identify(.) by extensions ['colcon_pkg']
[0.161s] Level 1:colcon.colcon_core.package_identification:_identify(.) by extension 'colcon_pkg'
[0.161s] Level 1:colcon.colcon_core.package_identification:_identify(.) by extensions ['colcon_meta']
[0.161s] Level 1:colcon.colcon_core.package_identification:_identify(.) by extension 'colcon_meta'
[0.161s] Level 1:colcon.colcon_core.package_identification:_identify(.) by extensions ['ros']
[0.161s] Level 1:colcon.colcon_core.package_identification:_identify(.) by extension 'ros'
[0.168s] Level 1:colcon.colcon_core.package_identification:_identify(.) by extensions ['cmake', 'python']
[0.168s] Level 1:colcon.colcon_core.package_identification:_identify(.) by extension 'cmake'
[0.168s] Level 1:colcon.colcon_core.package_identification:_identify(.) by extension 'python'
[0.168s] Level 1:colcon.colcon_core.package_identification:_identify(.) by extensions ['python_setup_py']
[0.168s] Level 1:colcon.colcon_core.package_identification:_identify(.) by extension 'python_setup_py'
[0.168s] Level 1:colcon.colcon_core.package_identification:_identify(build) by extensions ['ignore', 'ignore_ament_install']
[0.168s] Level 1:colcon.colcon_core.package_identification:_identify(build) by extension 'ignore'
[0.168s] Level 1:colcon.colcon_core.package_identification:_identify(build) ignored
[0.168s] Level 1:colcon.colcon_core.package_identification:_identify(install) by extensions ['ignore', 'ignore_ament_install']
[0.168s] Level 1:colcon.colcon_core.package_identification:_identify(install) by extension 'ignore'
[0.168s] Level 1:colcon.colcon_core.package_identification:_identify(install) ignored
[0.168s] Level 1:colcon.colcon_core.package_identification:_identify(log) by extensions ['ignore', 'ignore_ament_install']
[0.168s] Level 1:colcon.colcon_core.package_identification:_identify(log) by extension 'ignore'
[0.169s] Level 1:colcon.colcon_core.package_identification:_identify(log) ignored
[0.169s] Level 1:colcon.colcon_core.package_identification:_identify(src) by extensions ['ignore', 'ignore_ament_install']
[0.169s] Level 1:colcon.colcon_core.package_identification:_identify(src) by extension 'ignore'
[0.169s] Level 1:colcon.colcon_core.package_identification:_identify(src) by extension 'ignore_ament_install'
[0.169s] Level 1:colcon.colcon_core.package_identification:_identify(src) by extensions ['colcon_pkg']
[0.169s] Level 1:colcon.colcon_core.package_identification:_identify(src) by extension 'colcon_pkg'
[0.169s] Level 1:colcon.colcon_core.package_identification:_identify(src) by extensions ['colcon_meta']
[0.169s] Level 1:colcon.colcon_core.package_identification:_identify(src) by extension 'colcon_meta'
[0.169s] Level 1:colcon.colcon_core.package_identification:_identify(src) by extensions ['ros']
[0.169s] Level 1:colcon.colcon_core.package_identification:_identify(src) by extension 'ros'
[0.169s] Level 1:colcon.colcon_core.package_identification:_identify(src) by extensions ['cmake', 'python']
[0.169s] Level 1:colcon.colcon_core.package_identification:_identify(src) by extension 'cmake'
[0.169s] Level 1:colcon.colcon_core.package_identification:_identify(src) by extension 'python'
[0.169s] Level 1:colcon.colcon_core.package_identification:_identify(src) by extensions ['python_setup_py']
[0.169s] Level 1:colcon.colcon_core.package_identification:_identify(src) by extension 'python_setup_py'
[0.169s] Level 1:colcon.colcon_core.package_identification:_identify(src/activity1_cpp_pkg) by extensions ['ignore', 'ignore_ament_install']
[0.169s] Level 1:colcon.colcon_core.package_identification:_identify(src/activity1_cpp_pkg) by extension 'ignore'
[0.169s] Level 1:colcon.colcon_core.package_identification:_identify(src/activity1_cpp_pkg) by extension 'ignore_ament_install'
[0.169s] Level 1:colcon.colcon_core.package_identification:_identify(src/activity1_cpp_pkg) by extensions ['colcon_pkg']
[0.169s] Level 1:colcon.colcon_core.package_identification:_identify(src/activity1_cpp_pkg) by extension 'colcon_pkg'
[0.169s] Level 1:colcon.colcon_core.package_identification:_identify(src/activity1_cpp_pkg) by extensions ['colcon_meta']
[0.169s] Level 1:colcon.colcon_core.package_identification:_identify(src/activity1_cpp_pkg) by extension 'colcon_meta'
[0.169s] Level 1:colcon.colcon_core.package_identification:_identify(src/activity1_cpp_pkg) by extensions ['ros']
[0.169s] Level 1:colcon.colcon_core.package_identification:_identify(src/activity1_cpp_pkg) by extension 'ros'
[0.171s] DEBUG:colcon.colcon_core.package_identification:Package 'src/activity1_cpp_pkg' with type 'ros.ament_cmake' and name 'activity1_cpp_pkg'
[0.171s] Level 1:colcon.colcon_core.package_identification:_identify(src/activity1_interfaces) by extensions ['ignore', 'ignore_ament_install']
[0.171s] Level 1:colcon.colcon_core.package_identification:_identify(src/activity1_interfaces) by extension 'ignore'
[0.171s] Level 1:colcon.colcon_core.package_identification:_identify(src/activity1_interfaces) by extension 'ignore_ament_install'
[0.171s] Level 1:colcon.colcon_core.package_identification:_identify(src/activity1_interfaces) by extensions ['colcon_pkg']
[0.171s] Level 1:colcon.colcon_core.package_identification:_identify(src/activity1_interfaces) by extension 'colcon_pkg'
[0.171s] Level 1:colcon.colcon_core.package_identification:_identify(src/activity1_interfaces) by extensions ['colcon_meta']
[0.171s] Level 1:colcon.colcon_core.package_identification:_identify(src/activity1_interfaces) by extension 'colcon_meta'
[0.171s] Level 1:colcon.colcon_core.package_identification:_identify(src/activity1_interfaces) by extensions ['ros']
[0.171s] Level 1:colcon.colcon_core.package_identification:_identify(src/activity1_interfaces) by extension 'ros'
[0.171s] DEBUG:colcon.colcon_core.package_identification:Package 'src/activity1_interfaces' with type 'ros.ament_cmake' and name 'activity1_interfaces'
[0.171s] Level 1:colcon.colcon_core.package_identification:_identify(src/activity1_py_pkg) by extensions ['ignore', 'ignore_ament_install']
[0.171s] Level 1:colcon.colcon_core.package_identification:_identify(src/activity1_py_pkg) by extension 'ignore'
[0.171s] Level 1:colcon.colcon_core.package_identification:_identify(src/activity1_py_pkg) by extension 'ignore_ament_install'
[0.172s] Level 1:colcon.colcon_core.package_identification:_identify(src/activity1_py_pkg) by extensions ['colcon_pkg']
[0.172s] Level 1:colcon.colcon_core.package_identification:_identify(src/activity1_py_pkg) by extension 'colcon_pkg'
[0.172s] Level 1:colcon.colcon_core.package_identification:_identify(src/activity1_py_pkg) by extensions ['colcon_meta']
[0.172s] Level 1:colcon.colcon_core.package_identification:_identify(src/activity1_py_pkg) by extension 'colcon_meta'
[0.172s] Level 1:colcon.colcon_core.package_identification:_identify(src/activity1_py_pkg) by extensions ['ros']
[0.172s] Level 1:colcon.colcon_core.package_identification:_identify(src/activity1_py_pkg) by extension 'ros'
[0.172s] DEBUG:colcon.colcon_core.package_identification:Package 'src/activity1_py_pkg' with type 'ros.ament_python' and name 'activity1_py_pkg'
[0.172s] Level 1:colcon.colcon_core.package_discovery:discover_packages(recursive) using defaults
[0.172s] Level 1:colcon.colcon_core.package_discovery:discover_packages(ignore) discover
[0.172s] Level 1:colcon.colcon_core.package_discovery:discover_packages(ignore) using defaults
[0.172s] Level 1:colcon.colcon_core.package_discovery:discover_packages(path) discover
[0.172s] Level 1:colcon.colcon_core.package_discovery:discover_packages(path) using defaults
[0.189s] Level 1:colcon.colcon_core.package_discovery:discover_packages(prefix_path) check parameters
[0.189s] Level 1:colcon.colcon_core.package_discovery:discover_packages(prefix_path) discover
[0.190s] DEBUG:colcon.colcon_installed_package_information.package_discovery:Found 3 installed packages in /home/robomaven/activity1_ws/install
[0.191s] DEBUG:colcon.colcon_installed_package_information.package_discovery:Found 3 installed packages in /home/robomaven/ros2_ws/install
[0.191s] DEBUG:colcon.colcon_installed_package_information.package_discovery:Found 270 installed packages in /opt/ros/humble
[0.192s] Level 1:colcon.colcon_core.package_discovery:discover_packages(prefix_path) using defaults
[0.214s] Level 5:colcon.colcon_core.verb:set package 'activity1_interfaces' build argument 'cmake_args' from command line to 'None'
[0.214s] Level 5:colcon.colcon_core.verb:set package 'activity1_interfaces' build argument 'cmake_target' from command line to 'None'
[0.214s] Level 5:colcon.colcon_core.verb:set package 'activity1_interfaces' build argument 'cmake_target_skip_unavailable' from command line to 'False'
[0.214s] Level 5:colcon.colcon_core.verb:set package 'activity1_interfaces' build argument 'cmake_clean_cache' from command line to 'False'
[0.214s] Level 5:colcon.colcon_core.verb:set package 'activity1_interfaces' build argument 'cmake_clean_first' from command line to 'False'
[0.214s] Level 5:colcon.colcon_core.verb:set package 'activity1_interfaces' build argument 'cmake_force_configure' from command line to 'False'
[0.214s] Level 5:colcon.colcon_core.verb:set package 'activity1_interfaces' build argument 'ament_cmake_args' from command line to 'None'
[0.214s] Level 5:colcon.colcon_core.verb:set package 'activity1_interfaces' build argument 'catkin_cmake_args' from command line to 'None'
[0.214s] Level 5:colcon.colcon_core.verb:set package 'activity1_interfaces' build argument 'catkin_skip_building_tests' from command line to 'False'
[0.214s] DEBUG:colcon.colcon_core.verb:Building package 'activity1_interfaces' with the following arguments: {'ament_cmake_args': None, 'build_base': '/home/robomaven/activity1_ws/build/activity1_interfaces', 'catkin_cmake_args': None, 'catkin_skip_building_tests': False, 'cmake_args': None, 'cmake_clean_cache': False, 'cmake_clean_first': False, 'cmake_force_configure': False, 'cmake_target': None, 'cmake_target_skip_unavailable': False, 'install_base': '/home/robomaven/activity1_ws/install/activity1_interfaces', 'merge_install': False, 'path': '/home/robomaven/activity1_ws/src/activity1_interfaces', 'symlink_install': False, 'test_result_base': None}
[0.214s] Level 5:colcon.colcon_core.verb:set package 'activity1_cpp_pkg' build argument 'cmake_args' from command line to 'None'
[0.214s] Level 5:colcon.colcon_core.verb:set package 'activity1_cpp_pkg' build argument 'cmake_target' from command line to 'None'
[0.214s] Level 5:colcon.colcon_core.verb:set package 'activity1_cpp_pkg' build argument 'cmake_target_skip_unavailable' from command line to 'False'
[0.214s] Level 5:colcon.colcon_core.verb:set package 'activity1_cpp_pkg' build argument 'cmake_clean_cache' from command line to 'False'
[0.214s] Level 5:colcon.colcon_core.verb:set package 'activity1_cpp_pkg' build argument 'cmake_clean_first' from command line to 'False'
[0.214s] Level 5:colcon.colcon_core.verb:set package 'activity1_cpp_pkg' build argument 'cmake_force_configure' from command line to 'False'
[0.214s] Level 5:colcon.colcon_core.verb:set package 'activity1_cpp_pkg' build argument 'ament_cmake_args' from command line to 'None'
[0.214s] Level 5:colcon.colcon_core.verb:set package 'activity1_cpp_pkg' build argument 'catkin_cmake_args' from command line to 'None'
[0.214s] Level 5:colcon.colcon_core.verb:set package 'activity1_cpp_pkg' build argument 'catkin_skip_building_tests' from command line to 'False'
[0.214s] DEBUG:colcon.colcon_core.verb:Building package 'activity1_cpp_pkg' with the following arguments: {'ament_cmake_args': None, 'build_base': '/home/robomaven/activity1_ws/build/activity1_cpp_pkg', 'catkin_cmake_args': None, 'catkin_skip_building_tests': False, 'cmake_args': None, 'cmake_clean_cache': False, 'cmake_clean_first': False, 'cmake_force_configure': False, 'cmake_target': None, 'cmake_target_skip_unavailable': False, 'install_base': '/home/robomaven/activity1_ws/install/activity1_cpp_pkg', 'merge_install': False, 'path': '/home/robomaven/activity1_ws/src/activity1_cpp_pkg', 'symlink_install': False, 'test_result_base': None}
[0.214s] Level 5:colcon.colcon_core.verb:set package 'activity1_py_pkg' build argument 'cmake_args' from command line to 'None'
[0.214s] Level 5:colcon.colcon_core.verb:set package 'activity1_py_pkg' build argument 'cmake_target' from command line to 'None'
[0.214s] Level 5:colcon.colcon_core.verb:set package 'activity1_py_pkg' build argument 'cmake_target_skip_unavailable' from command line to 'False'
[0.214s] Level 5:colcon.colcon_core.verb:set package 'activity1_py_pkg' build argument 'cmake_clean_cache' from command line to 'False'
[0.214s] Level 5:colcon.colcon_core.verb:set package 'activity1_py_pkg' build argument 'cmake_clean_first' from command line to 'False'
[0.214s] Level 5:colcon.colcon_core.verb:set package 'activity1_py_pkg' build argument 'cmake_force_configure' from command line to 'False'
[0.214s] Level 5:colcon.colcon_core.verb:set package 'activity1_py_pkg' build argument 'ament_cmake_args' from command line to 'None'
[0.214s] Level 5:colcon.colcon_core.verb:set package 'activity1_py_pkg' build argument 'catkin_cmake_args' from command line to 'None'
[0.214s] Level 5:colcon.colcon_core.verb:set package 'activity1_py_pkg' build argument 'catkin_skip_building_tests' from command line to 'False'
[0.214s] DEBUG:colcon.colcon_core.verb:Building package 'activity1_py_pkg' with the following arguments: {'ament_cmake_args': None, 'build_base': '/home/robomaven/activity1_ws/build/activity1_py_pkg', 'catkin_cmake_args': None, 'catkin_skip_building_tests': False, 'cmake_args': None, 'cmake_clean_cache': False, 'cmake_clean_first': False, 'cmake_force_configure': False, 'cmake_target': None, 'cmake_target_skip_unavailable': False, 'install_base': '/home/robomaven/activity1_ws/install/activity1_py_pkg', 'merge_install': False, 'path': '/home/robomaven/activity1_ws/src/activity1_py_pkg', 'symlink_install': False, 'test_result_base': None}
[0.214s] INFO:colcon.colcon_core.executor:Executing jobs using 'parallel' executor
[0.215s] DEBUG:colcon.colcon_parallel_executor.executor.parallel:run_until_complete
[0.216s] INFO:colcon.colcon_ros.task.ament_cmake.build:Building ROS package in '/home/robomaven/activity1_ws/src/activity1_interfaces' with build type 'ament_cmake'
[0.216s] INFO:colcon.colcon_cmake.task.cmake.build:Building CMake package in '/home/robomaven/activity1_ws/src/activity1_interfaces'
[0.218s] INFO:colcon.colcon_core.plugin_system:Skipping extension 'colcon_core.shell.bat': Not used on non-Windows systems
[0.218s] INFO:colcon.colcon_core.shell:Skip shell extension 'powershell' for command environment: Not usable outside of PowerShell
[0.218s] DEBUG:colcon.colcon_core.shell:Skip shell extension 'dsv' for command environment
[0.231s] DEBUG:colcon.colcon_core.event_handler.log_command:Invoking command in '/home/robomaven/activity1_ws/build/activity1_interfaces': CMAKE_PREFIX_PATH=${CMAKE_PREFIX_PATH}:/home/robomaven/ros2_ws/install/my_py_pkg:/home/robomaven/activity1_ws/install/activity1_py_pkg:/opt/ros/humble /usr/bin/cmake --build /home/robomaven/activity1_ws/build/activity1_interfaces -- -j20 -l20
[1.162s] DEBUG:colcon.colcon_core.event_handler.log_command:Invoked command in '/home/robomaven/activity1_ws/build/activity1_interfaces' returned '0': CMAKE_PREFIX_PATH=${CMAKE_PREFIX_PATH}:/home/robomaven/ros2_ws/install/my_py_pkg:/home/robomaven/activity1_ws/install/activity1_py_pkg:/opt/ros/humble /usr/bin/cmake --build /home/robomaven/activity1_ws/build/activity1_interfaces -- -j20 -l20
[1.243s] DEBUG:colcon.colcon_core.event_handler.log_command:Invoking command in '/home/robomaven/activity1_ws/build/activity1_interfaces': CMAKE_PREFIX_PATH=${CMAKE_PREFIX_PATH}:/home/robomaven/ros2_ws/install/my_py_pkg:/home/robomaven/activity1_ws/install/activity1_py_pkg:/opt/ros/humble /usr/bin/cmake --install /home/robomaven/activity1_ws/build/activity1_interfaces
[1.300s] Level 1:colcon.colcon_core.environment:create_environment_scripts_only(activity1_interfaces)
[1.300s] DEBUG:colcon.colcon_core.event_handler.log_command:Invoked command in '/home/robomaven/activity1_ws/build/activity1_interfaces' returned '0': CMAKE_PREFIX_PATH=${CMAKE_PREFIX_PATH}:/home/robomaven/ros2_ws/install/my_py_pkg:/home/robomaven/activity1_ws/install/activity1_py_pkg:/opt/ros/humble /usr/bin/cmake --install /home/robomaven/activity1_ws/build/activity1_interfaces
[1.301s] Level 1:colcon.colcon_core.environment:checking '/home/robomaven/activity1_ws/install/activity1_interfaces' for CMake module files
[1.301s] Level 1:colcon.colcon_core.environment:checking '/home/robomaven/activity1_ws/install/activity1_interfaces' for CMake config files
[1.302s] Level 1:colcon.colcon_core.shell:create_environment_hook('activity1_interfaces', 'cmake_prefix_path')
[1.302s] INFO:colcon.colcon_core.shell:Creating environment hook '/home/robomaven/activity1_ws/install/activity1_interfaces/share/activity1_interfaces/hook/cmake_prefix_path.ps1'
[1.302s] INFO:colcon.colcon_core.shell:Creating environment descriptor '/home/robomaven/activity1_ws/install/activity1_interfaces/share/activity1_interfaces/hook/cmake_prefix_path.dsv'
[1.303s] INFO:colcon.colcon_core.shell:Creating environment hook '/home/robomaven/activity1_ws/install/activity1_interfaces/share/activity1_interfaces/hook/cmake_prefix_path.sh'
[1.303s] Level 1:colcon.colcon_core.environment:checking '/home/robomaven/activity1_ws/install/activity1_interfaces/lib'
[1.303s] Level 1:colcon.colcon_core.shell:create_environment_hook('activity1_interfaces', 'ld_library_path_lib')
[1.303s] INFO:colcon.colcon_core.shell:Creating environment hook '/home/robomaven/activity1_ws/install/activity1_interfaces/share/activity1_interfaces/hook/ld_library_path_lib.ps1'
[1.304s] INFO:colcon.colcon_core.shell:Creating environment descriptor '/home/robomaven/activity1_ws/install/activity1_interfaces/share/activity1_interfaces/hook/ld_library_path_lib.dsv'
[1.304s] INFO:colcon.colcon_core.shell:Creating environment hook '/home/robomaven/activity1_ws/install/activity1_interfaces/share/activity1_interfaces/hook/ld_library_path_lib.sh'
[1.304s] Level 1:colcon.colcon_core.environment:checking '/home/robomaven/activity1_ws/install/activity1_interfaces/bin'
[1.304s] Level 1:colcon.colcon_core.environment:checking '/home/robomaven/activity1_ws/install/activity1_interfaces/lib/pkgconfig/activity1_interfaces.pc'
[1.304s] Level 1:colcon.colcon_core.environment:checking '/home/robomaven/activity1_ws/install/activity1_interfaces/lib/python3.10/site-packages'
[1.304s] Level 1:colcon.colcon_core.environment:checking '/home/robomaven/activity1_ws/install/activity1_interfaces/bin'
[1.305s] INFO:colcon.colcon_core.shell:Creating package script '/home/robomaven/activity1_ws/install/activity1_interfaces/share/activity1_interfaces/package.ps1'
[1.305s] INFO:colcon.colcon_core.shell:Creating package descriptor '/home/robomaven/activity1_ws/install/activity1_interfaces/share/activity1_interfaces/package.dsv'
[1.305s] INFO:colcon.colcon_core.shell:Creating package script '/home/robomaven/activity1_ws/install/activity1_interfaces/share/activity1_interfaces/package.sh'
[1.306s] INFO:colcon.colcon_core.shell:Creating package script '/home/robomaven/activity1_ws/install/activity1_interfaces/share/activity1_interfaces/package.bash'
[1.306s] INFO:colcon.colcon_core.shell:Creating package script '/home/robomaven/activity1_ws/install/activity1_interfaces/share/activity1_interfaces/package.zsh'
[1.307s] Level 1:colcon.colcon_core.environment:create_file_with_runtime_dependencies(/home/robomaven/activity1_ws/install/activity1_interfaces/share/colcon-core/packages/activity1_interfaces)
[1.388s] Level 1:colcon.colcon_core.environment:create_environment_scripts_only(activity1_interfaces)
[1.388s] Level 1:colcon.colcon_core.environment:checking '/home/robomaven/activity1_ws/install/activity1_interfaces' for CMake module files
[1.388s] Level 1:colcon.colcon_core.environment:checking '/home/robomaven/activity1_ws/install/activity1_interfaces' for CMake config files
[1.389s] Level 1:colcon.colcon_core.shell:create_environment_hook('activity1_interfaces', 'cmake_prefix_path')
[1.389s] INFO:colcon.colcon_core.shell:Creating environment hook '/home/robomaven/activity1_ws/install/activity1_interfaces/share/activity1_interfaces/hook/cmake_prefix_path.ps1'
[1.390s] INFO:colcon.colcon_core.shell:Creating environment descriptor '/home/robomaven/activity1_ws/install/activity1_interfaces/share/activity1_interfaces/hook/cmake_prefix_path.dsv'
[1.390s] INFO:colcon.colcon_core.shell:Creating environment hook '/home/robomaven/activity1_ws/install/activity1_interfaces/share/activity1_interfaces/hook/cmake_prefix_path.sh'
[1.391s] Level 1:colcon.colcon_core.environment:checking '/home/robomaven/activity1_ws/install/activity1_interfaces/lib'
[1.391s] Level 1:colcon.colcon_core.shell:create_environment_hook('activity1_interfaces', 'ld_library_path_lib')
[1.391s] INFO:colcon.colcon_core.shell:Creating environment hook '/home/robomaven/activity1_ws/install/activity1_interfaces/share/activity1_interfaces/hook/ld_library_path_lib.ps1'
[1.391s] INFO:colcon.colcon_core.shell:Creating environment descriptor '/home/robomaven/activity1_ws/install/activity1_interfaces/share/activity1_interfaces/hook/ld_library_path_lib.dsv'
[1.392s] INFO:colcon.colcon_core.shell:Creating environment hook '/home/robomaven/activity1_ws/install/activity1_interfaces/share/activity1_interfaces/hook/ld_library_path_lib.sh'
[1.392s] Level 1:colcon.colcon_core.environment:checking '/home/robomaven/activity1_ws/install/activity1_interfaces/bin'
[1.392s] Level 1:colcon.colcon_core.environment:checking '/home/robomaven/activity1_ws/install/activity1_interfaces/lib/pkgconfig/activity1_interfaces.pc'
[1.392s] Level 1:colcon.colcon_core.environment:checking '/home/robomaven/activity1_ws/install/activity1_interfaces/lib/python3.10/site-packages'
[1.393s] Level 1:colcon.colcon_core.environment:checking '/home/robomaven/activity1_ws/install/activity1_interfaces/bin'
[1.393s] INFO:colcon.colcon_core.shell:Creating package script '/home/robomaven/activity1_ws/install/activity1_interfaces/share/activity1_interfaces/package.ps1'
[1.393s] INFO:colcon.colcon_core.shell:Creating package descriptor '/home/robomaven/activity1_ws/install/activity1_interfaces/share/activity1_interfaces/package.dsv'
[1.394s] INFO:colcon.colcon_core.shell:Creating package script '/home/robomaven/activity1_ws/install/activity1_interfaces/share/activity1_interfaces/package.sh'
[1.394s] INFO:colcon.colcon_core.shell:Creating package script '/home/robomaven/activity1_ws/install/activity1_interfaces/share/activity1_interfaces/package.bash'
[1.395s] INFO:colcon.colcon_core.shell:Creating package script '/home/robomaven/activity1_ws/install/activity1_interfaces/share/activity1_interfaces/package.zsh'
[1.395s] Level 1:colcon.colcon_core.environment:create_file_with_runtime_dependencies(/home/robomaven/activity1_ws/install/activity1_interfaces/share/colcon-core/packages/activity1_interfaces)
[1.395s] INFO:colcon.colcon_ros.task.ament_cmake.build:Building ROS package in '/home/robomaven/activity1_ws/src/activity1_cpp_pkg' with build type 'ament_cmake'
[1.396s] INFO:colcon.colcon_cmake.task.cmake.build:Building CMake package in '/home/robomaven/activity1_ws/src/activity1_cpp_pkg'
[1.396s] INFO:colcon.colcon_core.shell:Skip shell extension 'powershell' for command environment: Not usable outside of PowerShell
[1.396s] DEBUG:colcon.colcon_core.shell:Skip shell extension 'dsv' for command environment
[1.400s] INFO:colcon.colcon_ros.task.ament_python.build:Building ROS package in '/home/robomaven/activity1_ws/src/activity1_py_pkg' with build type 'ament_python'
[1.400s] Level 1:colcon.colcon_core.shell:create_environment_hook('activity1_py_pkg', 'ament_prefix_path')
[1.400s] INFO:colcon.colcon_core.shell:Creating environment hook '/home/robomaven/activity1_ws/install/activity1_py_pkg/share/activity1_py_pkg/hook/ament_prefix_path.ps1'
[1.400s] INFO:colcon.colcon_core.shell:Creating environment descriptor '/home/robomaven/activity1_ws/install/activity1_py_pkg/share/activity1_py_pkg/hook/ament_prefix_path.dsv'
[1.401s] INFO:colcon.colcon_core.shell:Creating environment hook '/home/robomaven/activity1_ws/install/activity1_py_pkg/share/activity1_py_pkg/hook/ament_prefix_path.sh'
[1.401s] INFO:colcon.colcon_core.shell:Skip shell extension 'powershell' for command environment: Not usable outside of PowerShell
[1.401s] DEBUG:colcon.colcon_core.shell:Skip shell extension 'dsv' for command environment
[1.408s] DEBUG:colcon.colcon_core.event_handler.log_command:Invoking command in '/home/robomaven/activity1_ws/build/activity1_cpp_pkg': CMAKE_PREFIX_PATH=/home/robomaven/activity1_ws/install/activity1_interfaces:/home/robomaven/ros2_ws/install/my_cpp_pkg:/home/robomaven/ros2_ws/install/my_robot_interfaces:/home/robomaven/activity1_ws/install/activity1_cpp_pkg:/home/robomaven/ros2_ws/install/my_py_pkg:/home/robomaven/activity1_ws/install/activity1_py_pkg:/opt/ros/humble LD_LIBRARY_PATH=/home/robomaven/activity1_ws/install/activity1_interfaces/lib:/home/robomaven/ros2_ws/install/my_robot_interfaces/lib:/opt/ros/humble/opt/rviz_ogre_vendor/lib:/opt/ros/humble/lib/x86_64-linux-gnu:/opt/ros/humble/lib /usr/bin/cmake --build /home/robomaven/activity1_ws/build/activity1_cpp_pkg -- -j20 -l20
[1.581s] INFO:colcon.colcon_core.task.python.build:Building Python package in '/home/robomaven/activity1_ws/src/activity1_py_pkg'
[1.581s] INFO:colcon.colcon_core.shell:Skip shell extension 'powershell' for command environment: Not usable outside of PowerShell
[1.581s] DEBUG:colcon.colcon_core.shell:Skip shell extension 'dsv' for command environment
[1.585s] DEBUG:colcon.colcon_core.event_handler.log_command:Invoked command in '/home/robomaven/activity1_ws/build/activity1_cpp_pkg' returned '2': CMAKE_PREFIX_PATH=/home/robomaven/activity1_ws/install/activity1_interfaces:/home/robomaven/ros2_ws/install/my_cpp_pkg:/home/robomaven/ros2_ws/install/my_robot_interfaces:/home/robomaven/activity1_ws/install/activity1_cpp_pkg:/home/robomaven/ros2_ws/install/my_py_pkg:/home/robomaven/activity1_ws/install/activity1_py_pkg:/opt/ros/humble LD_LIBRARY_PATH=/home/robomaven/activity1_ws/install/activity1_interfaces/lib:/home/robomaven/ros2_ws/install/my_robot_interfaces/lib:/opt/ros/humble/opt/rviz_ogre_vendor/lib:/opt/ros/humble/lib/x86_64-linux-gnu:/opt/ros/humble/lib /usr/bin/cmake --build /home/robomaven/activity1_ws/build/activity1_cpp_pkg -- -j20 -l20
[1.605s] Level 1:colcon.colcon_core.environment:create_environment_scripts_only(activity1_cpp_pkg)
[1.605s] Level 1:colcon.colcon_core.environment:checking '/home/robomaven/activity1_ws/install/activity1_cpp_pkg' for CMake module files
[1.605s] Level 1:colcon.colcon_core.environment:checking '/home/robomaven/activity1_ws/install/activity1_cpp_pkg' for CMake config files
[1.605s] Level 1:colcon.colcon_core.shell:create_environment_hook('activity1_cpp_pkg', 'cmake_prefix_path')
[1.605s] INFO:colcon.colcon_core.shell:Creating environment hook '/home/robomaven/activity1_ws/install/activity1_cpp_pkg/share/activity1_cpp_pkg/hook/cmake_prefix_path.ps1'
[1.606s] INFO:colcon.colcon_core.shell:Creating environment descriptor '/home/robomaven/activity1_ws/install/activity1_cpp_pkg/share/activity1_cpp_pkg/hook/cmake_prefix_path.dsv'
[1.606s] INFO:colcon.colcon_core.shell:Creating environment hook '/home/robomaven/activity1_ws/install/activity1_cpp_pkg/share/activity1_cpp_pkg/hook/cmake_prefix_path.sh'
[1.606s] Level 1:colcon.colcon_core.environment:checking '/home/robomaven/activity1_ws/install/activity1_cpp_pkg/lib'
[1.606s] Level 1:colcon.colcon_core.environment:checking '/home/robomaven/activity1_ws/install/activity1_cpp_pkg/bin'
[1.606s] Level 1:colcon.colcon_core.environment:checking '/home/robomaven/activity1_ws/install/activity1_cpp_pkg/lib/pkgconfig/activity1_cpp_pkg.pc'
[1.606s] Level 1:colcon.colcon_core.environment:checking '/home/robomaven/activity1_ws/install/activity1_cpp_pkg/lib/python3.10/site-packages'
[1.606s] Level 1:colcon.colcon_core.environment:checking '/home/robomaven/activity1_ws/install/activity1_cpp_pkg/bin'
[1.607s] INFO:colcon.colcon_core.shell:Creating package script '/home/robomaven/activity1_ws/install/activity1_cpp_pkg/share/activity1_cpp_pkg/package.ps1'
[1.607s] INFO:colcon.colcon_core.shell:Creating package descriptor '/home/robomaven/activity1_ws/install/activity1_cpp_pkg/share/activity1_cpp_pkg/package.dsv'
[1.607s] INFO:colcon.colcon_core.shell:Creating package script '/home/robomaven/activity1_ws/install/activity1_cpp_pkg/share/activity1_cpp_pkg/package.sh'
[1.607s] INFO:colcon.colcon_core.shell:Creating package script '/home/robomaven/activity1_ws/install/activity1_cpp_pkg/share/activity1_cpp_pkg/package.bash'
[1.607s] INFO:colcon.colcon_core.shell:Creating package script '/home/robomaven/activity1_ws/install/activity1_cpp_pkg/share/activity1_cpp_pkg/package.zsh'
[1.608s] Level 1:colcon.colcon_core.environment:create_file_with_runtime_dependencies(/home/robomaven/activity1_ws/install/activity1_cpp_pkg/share/colcon-core/packages/activity1_cpp_pkg)
[1.791s] DEBUG:colcon.colcon_parallel_executor.executor.parallel:closing loop
[1.791s] DEBUG:colcon.colcon_parallel_executor.executor.parallel:loop closed
[1.791s] DEBUG:colcon.colcon_parallel_executor.executor.parallel:run_until_complete finished with '2'
[1.791s] DEBUG:colcon.colcon_core.event_reactor:joining thread
[1.797s] INFO:colcon.colcon_core.plugin_system:Skipping extension 'colcon_notification.desktop_notification.terminal_notifier': Not used on non-Darwin systems
[1.797s] INFO:colcon.colcon_core.plugin_system:Skipping extension 'colcon_notification.desktop_notification.win32': Not used on non-Windows systems
[1.797s] INFO:colcon.colcon_notification.desktop_notification:Sending desktop notification using 'notify2'
[1.809s] DEBUG:colcon.colcon_core.event_reactor:joined thread
[1.809s] INFO:colcon.colcon_core.shell:Creating prefix script '/home/robomaven/activity1_ws/install/local_setup.ps1'
[1.810s] INFO:colcon.colcon_core.shell:Creating prefix util module '/home/robomaven/activity1_ws/install/_local_setup_util_ps1.py'
[1.811s] INFO:colcon.colcon_core.shell:Creating prefix chain script '/home/robomaven/activity1_ws/install/setup.ps1'
[1.811s] INFO:colcon.colcon_core.shell:Creating prefix script '/home/robomaven/activity1_ws/install/local_setup.sh'
[1.812s] INFO:colcon.colcon_core.shell:Creating prefix util module '/home/robomaven/activity1_ws/install/_local_setup_util_sh.py'
[1.813s] INFO:colcon.colcon_core.shell:Creating prefix chain script '/home/robomaven/activity1_ws/install/setup.sh'
[1.814s] INFO:colcon.colcon_core.shell:Creating prefix script '/home/robomaven/activity1_ws/install/local_setup.bash'
[1.814s] INFO:colcon.colcon_core.shell:Creating prefix chain script '/home/robomaven/activity1_ws/install/setup.bash'
[1.816s] INFO:colcon.colcon_core.shell:Creating prefix script '/home/robomaven/activity1_ws/install/local_setup.zsh'
[1.817s] INFO:colcon.colcon_core.shell:Creating prefix chain script '/home/robomaven/activity1_ws/install/setup.zsh'
