[0.013s] Invoking command in '/home/robomaven/ws/ws1/build/my_interfaces': CMAKE_PREFIX_PATH=${CMAKE_PREFIX_PATH}:/opt/ros/humble /usr/bin/cmake --build /home/robomaven/ws/ws1/build/my_interfaces -- -j20 -l20
[0.051s] [35m[1mConsolidate compiler generated dependencies of target my_interfaces__rosidl_generator_c[0m
[0.055s] [  1%] Built target my_interfaces__cpp
[0.060s] [ 12%] Built target my_interfaces__rosidl_generator_c
[0.064s] [35m[1mConsolidate compiler generated dependencies of target my_interfaces__rosidl_typesupport_cpp[0m
[0.065s] [35m[1mConsolidate compiler generated dependencies of target my_interfaces__rosidl_typesupport_fastrtps_cpp[0m
[0.065s] [35m[1mConsolidate compiler generated dependencies of target my_interfaces__rosidl_typesupport_introspection_cpp[0m
[0.067s] [ 12%] Built target ament_cmake_python_copy_my_interfaces
[0.068s] [35m[1mConsolidate compiler generated dependencies of target my_interfaces__rosidl_typesupport_c[0m
[0.069s] [35m[1mConsolidate compiler generated dependencies of target my_interfaces__rosidl_typesupport_introspection_c[0m
[0.069s] [35m[1mConsolidate compiler generated dependencies of target my_interfaces__rosidl_typesupport_fastrtps_c[0m
[0.075s] [ 34%] Built target my_interfaces__rosidl_typesupport_c
[0.075s] [ 34%] Built target my_interfaces__rosidl_typesupport_cpp
[0.075s] [ 45%] Built target my_interfaces__rosidl_typesupport_introspection_cpp
[0.076s] [ 56%] Built target my_interfaces__rosidl_typesupport_fastrtps_cpp
[0.078s] [ 78%] Built target my_interfaces__rosidl_typesupport_introspection_c
[0.078s] [ 78%] Built target my_interfaces__rosidl_typesupport_fastrtps_c
[0.092s] [ 78%] Built target my_interfaces
[0.105s] [ 80%] Built target my_interfaces__py
[0.115s] [35m[1mConsolidate compiler generated dependencies of target my_interfaces__rosidl_generator_py[0m
[0.125s] [ 89%] Built target my_interfaces__rosidl_generator_py
[0.133s] [35m[1mConsolidate compiler generated dependencies of target my_interfaces__rosidl_typesupport_introspection_c__pyext[0m
[0.133s] [35m[1mConsolidate compiler generated dependencies of target my_interfaces__rosidl_typesupport_fastrtps_c__pyext[0m
[0.133s] [35m[1mConsolidate compiler generated dependencies of target my_interfaces__rosidl_typesupport_c__pyext[0m
[0.141s] [ 96%] Built target my_interfaces__rosidl_typesupport_introspection_c__pyext
[0.141s] [ 96%] Built target my_interfaces__rosidl_typesupport_fastrtps_c__pyext
[0.142s] [100%] Built target my_interfaces__rosidl_typesupport_c__pyext
[0.226s] running egg_info
[0.226s] writing my_interfaces.egg-info/PKG-INFO
[0.227s] writing dependency_links to my_interfaces.egg-info/dependency_links.txt
[0.227s] writing top-level names to my_interfaces.egg-info/top_level.txt
[0.228s] reading manifest file 'my_interfaces.egg-info/SOURCES.txt'
[0.229s] writing manifest file 'my_interfaces.egg-info/SOURCES.txt'
[0.245s] [100%] Built target ament_cmake_python_build_my_interfaces_egg
[0.255s] Invoked command in '/home/robomaven/ws/ws1/build/my_interfaces' returned '0': CMAKE_PREFIX_PATH=${CMAKE_PREFIX_PATH}:/opt/ros/humble /usr/bin/cmake --build /home/robomaven/ws/ws1/build/my_interfaces -- -j20 -l20
[0.328s] Invoking command in '/home/robomaven/ws/ws1/build/my_interfaces': CMAKE_PREFIX_PATH=${CMAKE_PREFIX_PATH}:/opt/ros/humble /usr/bin/cmake --install /home/robomaven/ws/ws1/build/my_interfaces
[0.334s] -- Install configuration: ""
[0.334s] -- Up-to-date: /home/robomaven/ws/ws1/install/my_interfaces/share/ament_index/resource_index/rosidl_interfaces/my_interfaces
[0.334s] -- Up-to-date: /home/robomaven/ws/ws1/install/my_interfaces/include/my_interfaces/my_interfaces
[0.334s] -- Up-to-date: /home/robomaven/ws/ws1/install/my_interfaces/include/my_interfaces/my_interfaces/srv
[0.335s] -- Up-to-date: /home/robomaven/ws/ws1/install/my_interfaces/include/my_interfaces/my_interfaces/srv/detail
[0.335s] -- Up-to-date: /home/robomaven/ws/ws1/install/my_interfaces/include/my_interfaces/my_interfaces/srv/detail/kill__functions.h
[0.335s] -- Up-to-date: /home/robomaven/ws/ws1/install/my_interfaces/include/my_interfaces/my_interfaces/srv/detail/kill__type_support.h
[0.335s] -- Up-to-date: /home/robomaven/ws/ws1/install/my_interfaces/include/my_interfaces/my_interfaces/srv/detail/kill__functions.c
[0.335s] -- Up-to-date: /home/robomaven/ws/ws1/install/my_interfaces/include/my_interfaces/my_interfaces/srv/detail/kill__struct.h
[0.335s] -- Up-to-date: /home/robomaven/ws/ws1/install/my_interfaces/include/my_interfaces/my_interfaces/srv/kill.h
[0.335s] -- Up-to-date: /home/robomaven/ws/ws1/install/my_interfaces/include/my_interfaces/my_interfaces/msg
[0.335s] -- Up-to-date: /home/robomaven/ws/ws1/install/my_interfaces/include/my_interfaces/my_interfaces/msg/rosidl_generator_c__visibility_control.h
[0.335s] -- Up-to-date: /home/robomaven/ws/ws1/install/my_interfaces/include/my_interfaces/my_interfaces/msg/project_info.h
[0.336s] -- Up-to-date: /home/robomaven/ws/ws1/install/my_interfaces/include/my_interfaces/my_interfaces/msg/detail
[0.336s] -- Up-to-date: /home/robomaven/ws/ws1/install/my_interfaces/include/my_interfaces/my_interfaces/msg/detail/login__functions.c
[0.336s] -- Up-to-date: /home/robomaven/ws/ws1/install/my_interfaces/include/my_interfaces/my_interfaces/msg/detail/login__functions.h
[0.336s] -- Up-to-date: /home/robomaven/ws/ws1/install/my_interfaces/include/my_interfaces/my_interfaces/msg/detail/project_info__type_support.h
[0.336s] -- Up-to-date: /home/robomaven/ws/ws1/install/my_interfaces/include/my_interfaces/my_interfaces/msg/detail/killer_data__type_support.h
[0.336s] -- Up-to-date: /home/robomaven/ws/ws1/install/my_interfaces/include/my_interfaces/my_interfaces/msg/detail/killer_data__struct.h
[0.336s] -- Up-to-date: /home/robomaven/ws/ws1/install/my_interfaces/include/my_interfaces/my_interfaces/msg/detail/killer_data__functions.h
[0.336s] -- Up-to-date: /home/robomaven/ws/ws1/install/my_interfaces/include/my_interfaces/my_interfaces/msg/detail/login__struct.h
[0.336s] -- Up-to-date: /home/robomaven/ws/ws1/install/my_interfaces/include/my_interfaces/my_interfaces/msg/detail/project_info__struct.h
[0.336s] -- Up-to-date: /home/robomaven/ws/ws1/install/my_interfaces/include/my_interfaces/my_interfaces/msg/detail/project_info__functions.c
[0.337s] -- Up-to-date: /home/robomaven/ws/ws1/install/my_interfaces/include/my_interfaces/my_interfaces/msg/detail/login__type_support.h
[0.337s] -- Up-to-date: /home/robomaven/ws/ws1/install/my_interfaces/include/my_interfaces/my_interfaces/msg/detail/project_info__functions.h
[0.337s] -- Up-to-date: /home/robomaven/ws/ws1/install/my_interfaces/include/my_interfaces/my_interfaces/msg/detail/killer_data__functions.c
[0.337s] -- Up-to-date: /home/robomaven/ws/ws1/install/my_interfaces/include/my_interfaces/my_interfaces/msg/login.h
[0.337s] -- Up-to-date: /home/robomaven/ws/ws1/install/my_interfaces/include/my_interfaces/my_interfaces/msg/killer_data.h
[0.337s] -- Up-to-date: /home/robomaven/ws/ws1/install/my_interfaces/share/my_interfaces/environment/library_path.sh
[0.337s] -- Up-to-date: /home/robomaven/ws/ws1/install/my_interfaces/share/my_interfaces/environment/library_path.dsv
[0.337s] -- Up-to-date: /home/robomaven/ws/ws1/install/my_interfaces/lib/libmy_interfaces__rosidl_generator_c.so
[0.337s] -- Up-to-date: /home/robomaven/ws/ws1/install/my_interfaces/include/my_interfaces/my_interfaces
[0.337s] -- Up-to-date: /home/robomaven/ws/ws1/install/my_interfaces/include/my_interfaces/my_interfaces/srv
[0.337s] -- Up-to-date: /home/robomaven/ws/ws1/install/my_interfaces/include/my_interfaces/my_interfaces/srv/detail
[0.338s] -- Up-to-date: /home/robomaven/ws/ws1/install/my_interfaces/include/my_interfaces/my_interfaces/srv/detail/kill__rosidl_typesupport_fastrtps_c.h
[0.338s] -- Up-to-date: /home/robomaven/ws/ws1/install/my_interfaces/include/my_interfaces/my_interfaces/msg
[0.338s] -- Up-to-date: /home/robomaven/ws/ws1/install/my_interfaces/include/my_interfaces/my_interfaces/msg/detail
[0.338s] -- Up-to-date: /home/robomaven/ws/ws1/install/my_interfaces/include/my_interfaces/my_interfaces/msg/detail/login__rosidl_typesupport_fastrtps_c.h
[0.338s] -- Up-to-date: /home/robomaven/ws/ws1/install/my_interfaces/include/my_interfaces/my_interfaces/msg/detail/project_info__rosidl_typesupport_fastrtps_c.h
[0.338s] -- Up-to-date: /home/robomaven/ws/ws1/install/my_interfaces/include/my_interfaces/my_interfaces/msg/detail/killer_data__rosidl_typesupport_fastrtps_c.h
[0.338s] -- Up-to-date: /home/robomaven/ws/ws1/install/my_interfaces/include/my_interfaces/my_interfaces/msg/rosidl_typesupport_fastrtps_c__visibility_control.h
[0.338s] -- Up-to-date: /home/robomaven/ws/ws1/install/my_interfaces/lib/libmy_interfaces__rosidl_typesupport_fastrtps_c.so
[0.338s] -- Up-to-date: /home/robomaven/ws/ws1/install/my_interfaces/include/my_interfaces/my_interfaces
[0.338s] -- Up-to-date: /home/robomaven/ws/ws1/install/my_interfaces/include/my_interfaces/my_interfaces/srv
[0.339s] -- Up-to-date: /home/robomaven/ws/ws1/install/my_interfaces/include/my_interfaces/my_interfaces/srv/detail
[0.339s] -- Up-to-date: /home/robomaven/ws/ws1/install/my_interfaces/include/my_interfaces/my_interfaces/srv/detail/kill__rosidl_typesupport_introspection_c.h
[0.339s] -- Up-to-date: /home/robomaven/ws/ws1/install/my_interfaces/include/my_interfaces/my_interfaces/srv/detail/kill__type_support.c
[0.339s] -- Up-to-date: /home/robomaven/ws/ws1/install/my_interfaces/include/my_interfaces/my_interfaces/msg
[0.339s] -- Up-to-date: /home/robomaven/ws/ws1/install/my_interfaces/include/my_interfaces/my_interfaces/msg/rosidl_typesupport_introspection_c__visibility_control.h
[0.339s] -- Up-to-date: /home/robomaven/ws/ws1/install/my_interfaces/include/my_interfaces/my_interfaces/msg/detail
[0.339s] -- Up-to-date: /home/robomaven/ws/ws1/install/my_interfaces/include/my_interfaces/my_interfaces/msg/detail/login__rosidl_typesupport_introspection_c.h
[0.339s] -- Up-to-date: /home/robomaven/ws/ws1/install/my_interfaces/include/my_interfaces/my_interfaces/msg/detail/killer_data__type_support.c
[0.339s] -- Up-to-date: /home/robomaven/ws/ws1/install/my_interfaces/include/my_interfaces/my_interfaces/msg/detail/project_info__rosidl_typesupport_introspection_c.h
[0.339s] -- Up-to-date: /home/robomaven/ws/ws1/install/my_interfaces/include/my_interfaces/my_interfaces/msg/detail/killer_data__rosidl_typesupport_introspection_c.h
[0.339s] -- Up-to-date: /home/robomaven/ws/ws1/install/my_interfaces/include/my_interfaces/my_interfaces/msg/detail/project_info__type_support.c
[0.339s] -- Up-to-date: /home/robomaven/ws/ws1/install/my_interfaces/include/my_interfaces/my_interfaces/msg/detail/login__type_support.c
[0.339s] -- Up-to-date: /home/robomaven/ws/ws1/install/my_interfaces/lib/libmy_interfaces__rosidl_typesupport_introspection_c.so
[0.340s] -- Up-to-date: /home/robomaven/ws/ws1/install/my_interfaces/lib/libmy_interfaces__rosidl_typesupport_c.so
[0.340s] -- Up-to-date: /home/robomaven/ws/ws1/install/my_interfaces/include/my_interfaces/my_interfaces
[0.340s] -- Up-to-date: /home/robomaven/ws/ws1/install/my_interfaces/include/my_interfaces/my_interfaces/srv
[0.340s] -- Up-to-date: /home/robomaven/ws/ws1/install/my_interfaces/include/my_interfaces/my_interfaces/srv/kill.hpp
[0.340s] -- Up-to-date: /home/robomaven/ws/ws1/install/my_interfaces/include/my_interfaces/my_interfaces/srv/detail
[0.340s] -- Up-to-date: /home/robomaven/ws/ws1/install/my_interfaces/include/my_interfaces/my_interfaces/srv/detail/kill__struct.hpp
[0.340s] -- Up-to-date: /home/robomaven/ws/ws1/install/my_interfaces/include/my_interfaces/my_interfaces/srv/detail/kill__builder.hpp
[0.340s] -- Up-to-date: /home/robomaven/ws/ws1/install/my_interfaces/include/my_interfaces/my_interfaces/srv/detail/kill__traits.hpp
[0.340s] -- Up-to-date: /home/robomaven/ws/ws1/install/my_interfaces/include/my_interfaces/my_interfaces/msg
[0.340s] -- Up-to-date: /home/robomaven/ws/ws1/install/my_interfaces/include/my_interfaces/my_interfaces/msg/project_info.hpp
[0.340s] -- Up-to-date: /home/robomaven/ws/ws1/install/my_interfaces/include/my_interfaces/my_interfaces/msg/login.hpp
[0.340s] -- Up-to-date: /home/robomaven/ws/ws1/install/my_interfaces/include/my_interfaces/my_interfaces/msg/detail
[0.340s] -- Up-to-date: /home/robomaven/ws/ws1/install/my_interfaces/include/my_interfaces/my_interfaces/msg/detail/project_info__struct.hpp
[0.340s] -- Up-to-date: /home/robomaven/ws/ws1/install/my_interfaces/include/my_interfaces/my_interfaces/msg/detail/killer_data__traits.hpp
[0.341s] -- Up-to-date: /home/robomaven/ws/ws1/install/my_interfaces/include/my_interfaces/my_interfaces/msg/detail/killer_data__builder.hpp
[0.341s] -- Up-to-date: /home/robomaven/ws/ws1/install/my_interfaces/include/my_interfaces/my_interfaces/msg/detail/login__struct.hpp
[0.341s] -- Up-to-date: /home/robomaven/ws/ws1/install/my_interfaces/include/my_interfaces/my_interfaces/msg/detail/login__builder.hpp
[0.341s] -- Up-to-date: /home/robomaven/ws/ws1/install/my_interfaces/include/my_interfaces/my_interfaces/msg/detail/project_info__builder.hpp
[0.341s] -- Up-to-date: /home/robomaven/ws/ws1/install/my_interfaces/include/my_interfaces/my_interfaces/msg/detail/killer_data__struct.hpp
[0.341s] -- Up-to-date: /home/robomaven/ws/ws1/install/my_interfaces/include/my_interfaces/my_interfaces/msg/detail/login__traits.hpp
[0.341s] -- Up-to-date: /home/robomaven/ws/ws1/install/my_interfaces/include/my_interfaces/my_interfaces/msg/detail/project_info__traits.hpp
[0.341s] -- Up-to-date: /home/robomaven/ws/ws1/install/my_interfaces/include/my_interfaces/my_interfaces/msg/killer_data.hpp
[0.341s] -- Up-to-date: /home/robomaven/ws/ws1/install/my_interfaces/include/my_interfaces/my_interfaces
[0.341s] -- Up-to-date: /home/robomaven/ws/ws1/install/my_interfaces/include/my_interfaces/my_interfaces/srv
[0.341s] -- Up-to-date: /home/robomaven/ws/ws1/install/my_interfaces/include/my_interfaces/my_interfaces/srv/detail
[0.341s] -- Up-to-date: /home/robomaven/ws/ws1/install/my_interfaces/include/my_interfaces/my_interfaces/srv/detail/dds_fastrtps
[0.341s] -- Up-to-date: /home/robomaven/ws/ws1/install/my_interfaces/include/my_interfaces/my_interfaces/srv/detail/kill__rosidl_typesupport_fastrtps_cpp.hpp
[0.341s] -- Up-to-date: /home/robomaven/ws/ws1/install/my_interfaces/include/my_interfaces/my_interfaces/msg
[0.341s] -- Up-to-date: /home/robomaven/ws/ws1/install/my_interfaces/include/my_interfaces/my_interfaces/msg/rosidl_typesupport_fastrtps_cpp__visibility_control.h
[0.341s] -- Up-to-date: /home/robomaven/ws/ws1/install/my_interfaces/include/my_interfaces/my_interfaces/msg/detail
[0.341s] -- Up-to-date: /home/robomaven/ws/ws1/install/my_interfaces/include/my_interfaces/my_interfaces/msg/detail/dds_fastrtps
[0.341s] -- Up-to-date: /home/robomaven/ws/ws1/install/my_interfaces/include/my_interfaces/my_interfaces/msg/detail/killer_data__rosidl_typesupport_fastrtps_cpp.hpp
[0.341s] -- Up-to-date: /home/robomaven/ws/ws1/install/my_interfaces/include/my_interfaces/my_interfaces/msg/detail/project_info__rosidl_typesupport_fastrtps_cpp.hpp
[0.342s] -- Up-to-date: /home/robomaven/ws/ws1/install/my_interfaces/include/my_interfaces/my_interfaces/msg/detail/login__rosidl_typesupport_fastrtps_cpp.hpp
[0.342s] -- Up-to-date: /home/robomaven/ws/ws1/install/my_interfaces/lib/libmy_interfaces__rosidl_typesupport_fastrtps_cpp.so
[0.342s] -- Up-to-date: /home/robomaven/ws/ws1/install/my_interfaces/include/my_interfaces/my_interfaces
[0.342s] -- Up-to-date: /home/robomaven/ws/ws1/install/my_interfaces/include/my_interfaces/my_interfaces/srv
[0.342s] -- Up-to-date: /home/robomaven/ws/ws1/install/my_interfaces/include/my_interfaces/my_interfaces/srv/detail
[0.342s] -- Up-to-date: /home/robomaven/ws/ws1/install/my_interfaces/include/my_interfaces/my_interfaces/srv/detail/kill__rosidl_typesupport_introspection_cpp.hpp
[0.342s] -- Up-to-date: /home/robomaven/ws/ws1/install/my_interfaces/include/my_interfaces/my_interfaces/srv/detail/kill__type_support.cpp
[0.342s] -- Up-to-date: /home/robomaven/ws/ws1/install/my_interfaces/include/my_interfaces/my_interfaces/msg
[0.342s] -- Up-to-date: /home/robomaven/ws/ws1/install/my_interfaces/include/my_interfaces/my_interfaces/msg/detail
[0.342s] -- Up-to-date: /home/robomaven/ws/ws1/install/my_interfaces/include/my_interfaces/my_interfaces/msg/detail/login__type_support.cpp
[0.342s] -- Up-to-date: /home/robomaven/ws/ws1/install/my_interfaces/include/my_interfaces/my_interfaces/msg/detail/killer_data__rosidl_typesupport_introspection_cpp.hpp
[0.342s] -- Up-to-date: /home/robomaven/ws/ws1/install/my_interfaces/include/my_interfaces/my_interfaces/msg/detail/login__rosidl_typesupport_introspection_cpp.hpp
[0.342s] -- Up-to-date: /home/robomaven/ws/ws1/install/my_interfaces/include/my_interfaces/my_interfaces/msg/detail/project_info__type_support.cpp
[0.342s] -- Up-to-date: /home/robomaven/ws/ws1/install/my_interfaces/include/my_interfaces/my_interfaces/msg/detail/killer_data__type_support.cpp
[0.342s] -- Up-to-date: /home/robomaven/ws/ws1/install/my_interfaces/include/my_interfaces/my_interfaces/msg/detail/project_info__rosidl_typesupport_introspection_cpp.hpp
[0.342s] -- Up-to-date: /home/robomaven/ws/ws1/install/my_interfaces/lib/libmy_interfaces__rosidl_typesupport_introspection_cpp.so
[0.342s] -- Up-to-date: /home/robomaven/ws/ws1/install/my_interfaces/lib/libmy_interfaces__rosidl_typesupport_cpp.so
[0.342s] -- Up-to-date: /home/robomaven/ws/ws1/install/my_interfaces/share/my_interfaces/environment/pythonpath.sh
[0.342s] -- Up-to-date: /home/robomaven/ws/ws1/install/my_interfaces/share/my_interfaces/environment/pythonpath.dsv
[0.342s] -- Up-to-date: /home/robomaven/ws/ws1/install/my_interfaces/local/lib/python3.10/dist-packages/my_interfaces-0.0.0-py3.10.egg-info
[0.342s] -- Installing: /home/robomaven/ws/ws1/install/my_interfaces/local/lib/python3.10/dist-packages/my_interfaces-0.0.0-py3.10.egg-info/top_level.txt
[0.342s] -- Installing: /home/robomaven/ws/ws1/install/my_interfaces/local/lib/python3.10/dist-packages/my_interfaces-0.0.0-py3.10.egg-info/PKG-INFO
[0.342s] -- Installing: /home/robomaven/ws/ws1/install/my_interfaces/local/lib/python3.10/dist-packages/my_interfaces-0.0.0-py3.10.egg-info/SOURCES.txt
[0.342s] -- Installing: /home/robomaven/ws/ws1/install/my_interfaces/local/lib/python3.10/dist-packages/my_interfaces-0.0.0-py3.10.egg-info/dependency_links.txt
[0.342s] -- Up-to-date: /home/robomaven/ws/ws1/install/my_interfaces/local/lib/python3.10/dist-packages/my_interfaces
[0.342s] -- Up-to-date: /home/robomaven/ws/ws1/install/my_interfaces/local/lib/python3.10/dist-packages/my_interfaces/srv
[0.342s] -- Up-to-date: /home/robomaven/ws/ws1/install/my_interfaces/local/lib/python3.10/dist-packages/my_interfaces/srv/_kill.py
[0.342s] -- Up-to-date: /home/robomaven/ws/ws1/install/my_interfaces/local/lib/python3.10/dist-packages/my_interfaces/srv/_kill_s.c
[0.342s] -- Up-to-date: /home/robomaven/ws/ws1/install/my_interfaces/local/lib/python3.10/dist-packages/my_interfaces/srv/__init__.py
[0.342s] -- Up-to-date: /home/robomaven/ws/ws1/install/my_interfaces/local/lib/python3.10/dist-packages/my_interfaces/msg
[0.342s] -- Up-to-date: /home/robomaven/ws/ws1/install/my_interfaces/local/lib/python3.10/dist-packages/my_interfaces/msg/_killer_data.py
[0.342s] -- Up-to-date: /home/robomaven/ws/ws1/install/my_interfaces/local/lib/python3.10/dist-packages/my_interfaces/msg/_killer_data_s.c
[0.342s] -- Up-to-date: /home/robomaven/ws/ws1/install/my_interfaces/local/lib/python3.10/dist-packages/my_interfaces/msg/_login_s.c
[0.342s] -- Up-to-date: /home/robomaven/ws/ws1/install/my_interfaces/local/lib/python3.10/dist-packages/my_interfaces/msg/_project_info_s.c
[0.342s] -- Up-to-date: /home/robomaven/ws/ws1/install/my_interfaces/local/lib/python3.10/dist-packages/my_interfaces/msg/_login.py
[0.342s] -- Up-to-date: /home/robomaven/ws/ws1/install/my_interfaces/local/lib/python3.10/dist-packages/my_interfaces/msg/__init__.py
[0.342s] -- Up-to-date: /home/robomaven/ws/ws1/install/my_interfaces/local/lib/python3.10/dist-packages/my_interfaces/msg/_project_info.py
[0.343s] -- Up-to-date: /home/robomaven/ws/ws1/install/my_interfaces/local/lib/python3.10/dist-packages/my_interfaces/my_interfaces_s__rosidl_typesupport_fastrtps_c.cpython-310-x86_64-linux-gnu.so
[0.343s] -- Up-to-date: /home/robomaven/ws/ws1/install/my_interfaces/local/lib/python3.10/dist-packages/my_interfaces/my_interfaces_s__rosidl_typesupport_introspection_c.cpython-310-x86_64-linux-gnu.so
[0.343s] -- Up-to-date: /home/robomaven/ws/ws1/install/my_interfaces/local/lib/python3.10/dist-packages/my_interfaces/_my_interfaces_s.ep.rosidl_typesupport_c.c
[0.343s] -- Up-to-date: /home/robomaven/ws/ws1/install/my_interfaces/local/lib/python3.10/dist-packages/my_interfaces/my_interfaces_s__rosidl_typesupport_c.cpython-310-x86_64-linux-gnu.so
[0.343s] -- Up-to-date: /home/robomaven/ws/ws1/install/my_interfaces/local/lib/python3.10/dist-packages/my_interfaces/_my_interfaces_s.ep.rosidl_typesupport_fastrtps_c.c
[0.343s] -- Up-to-date: /home/robomaven/ws/ws1/install/my_interfaces/local/lib/python3.10/dist-packages/my_interfaces/_my_interfaces_s.ep.rosidl_typesupport_introspection_c.c
[0.343s] -- Up-to-date: /home/robomaven/ws/ws1/install/my_interfaces/local/lib/python3.10/dist-packages/my_interfaces/libmy_interfaces__rosidl_generator_py.so
[0.343s] -- Up-to-date: /home/robomaven/ws/ws1/install/my_interfaces/local/lib/python3.10/dist-packages/my_interfaces/__init__.py
[0.359s] Listing '/home/robomaven/ws/ws1/install/my_interfaces/local/lib/python3.10/dist-packages/my_interfaces'...
[0.359s] Listing '/home/robomaven/ws/ws1/install/my_interfaces/local/lib/python3.10/dist-packages/my_interfaces/msg'...
[0.359s] Listing '/home/robomaven/ws/ws1/install/my_interfaces/local/lib/python3.10/dist-packages/my_interfaces/srv'...
[0.362s] -- Up-to-date: /home/robomaven/ws/ws1/install/my_interfaces/local/lib/python3.10/dist-packages/my_interfaces/my_interfaces_s__rosidl_typesupport_fastrtps_c.cpython-310-x86_64-linux-gnu.so
[0.363s] -- Up-to-date: /home/robomaven/ws/ws1/install/my_interfaces/local/lib/python3.10/dist-packages/my_interfaces/my_interfaces_s__rosidl_typesupport_introspection_c.cpython-310-x86_64-linux-gnu.so
[0.363s] -- Up-to-date: /home/robomaven/ws/ws1/install/my_interfaces/local/lib/python3.10/dist-packages/my_interfaces/my_interfaces_s__rosidl_typesupport_c.cpython-310-x86_64-linux-gnu.so
[0.364s] -- Up-to-date: /home/robomaven/ws/ws1/install/my_interfaces/lib/libmy_interfaces__rosidl_generator_py.so
[0.364s] -- Up-to-date: /home/robomaven/ws/ws1/install/my_interfaces/share/my_interfaces/msg/ProjectInfo.idl
[0.364s] -- Up-to-date: /home/robomaven/ws/ws1/install/my_interfaces/share/my_interfaces/msg/KillerData.idl
[0.364s] -- Up-to-date: /home/robomaven/ws/ws1/install/my_interfaces/share/my_interfaces/msg/Login.idl
[0.364s] -- Up-to-date: /home/robomaven/ws/ws1/install/my_interfaces/share/my_interfaces/srv/Kill.idl
[0.364s] -- Up-to-date: /home/robomaven/ws/ws1/install/my_interfaces/share/my_interfaces/msg/ProjectInfo.msg
[0.364s] -- Up-to-date: /home/robomaven/ws/ws1/install/my_interfaces/share/my_interfaces/msg/KillerData.msg
[0.364s] -- Up-to-date: /home/robomaven/ws/ws1/install/my_interfaces/share/my_interfaces/msg/Login.msg
[0.364s] -- Up-to-date: /home/robomaven/ws/ws1/install/my_interfaces/share/my_interfaces/srv/Kill.srv
[0.364s] -- Up-to-date: /home/robomaven/ws/ws1/install/my_interfaces/share/my_interfaces/srv/Kill_Request.msg
[0.364s] -- Up-to-date: /home/robomaven/ws/ws1/install/my_interfaces/share/my_interfaces/srv/Kill_Response.msg
[0.364s] -- Up-to-date: /home/robomaven/ws/ws1/install/my_interfaces/share/ament_index/resource_index/package_run_dependencies/my_interfaces
[0.364s] -- Up-to-date: /home/robomaven/ws/ws1/install/my_interfaces/share/ament_index/resource_index/parent_prefix_path/my_interfaces
[0.364s] -- Up-to-date: /home/robomaven/ws/ws1/install/my_interfaces/share/my_interfaces/environment/ament_prefix_path.sh
[0.364s] -- Up-to-date: /home/robomaven/ws/ws1/install/my_interfaces/share/my_interfaces/environment/ament_prefix_path.dsv
[0.364s] -- Up-to-date: /home/robomaven/ws/ws1/install/my_interfaces/share/my_interfaces/environment/path.sh
[0.365s] -- Up-to-date: /home/robomaven/ws/ws1/install/my_interfaces/share/my_interfaces/environment/path.dsv
[0.365s] -- Up-to-date: /home/robomaven/ws/ws1/install/my_interfaces/share/my_interfaces/local_setup.bash
[0.365s] -- Up-to-date: /home/robomaven/ws/ws1/install/my_interfaces/share/my_interfaces/local_setup.sh
[0.365s] -- Up-to-date: /home/robomaven/ws/ws1/install/my_interfaces/share/my_interfaces/local_setup.zsh
[0.365s] -- Up-to-date: /home/robomaven/ws/ws1/install/my_interfaces/share/my_interfaces/local_setup.dsv
[0.365s] -- Installing: /home/robomaven/ws/ws1/install/my_interfaces/share/my_interfaces/package.dsv
[0.365s] -- Up-to-date: /home/robomaven/ws/ws1/install/my_interfaces/share/ament_index/resource_index/packages/my_interfaces
[0.365s] -- Up-to-date: /home/robomaven/ws/ws1/install/my_interfaces/share/my_interfaces/cmake/export_my_interfaces__rosidl_generator_cExport.cmake
[0.365s] -- Up-to-date: /home/robomaven/ws/ws1/install/my_interfaces/share/my_interfaces/cmake/export_my_interfaces__rosidl_generator_cExport-noconfig.cmake
[0.365s] -- Up-to-date: /home/robomaven/ws/ws1/install/my_interfaces/share/my_interfaces/cmake/export_my_interfaces__rosidl_typesupport_fastrtps_cExport.cmake
[0.365s] -- Up-to-date: /home/robomaven/ws/ws1/install/my_interfaces/share/my_interfaces/cmake/export_my_interfaces__rosidl_typesupport_fastrtps_cExport-noconfig.cmake
[0.366s] -- Up-to-date: /home/robomaven/ws/ws1/install/my_interfaces/share/my_interfaces/cmake/my_interfaces__rosidl_typesupport_introspection_cExport.cmake
[0.366s] -- Up-to-date: /home/robomaven/ws/ws1/install/my_interfaces/share/my_interfaces/cmake/my_interfaces__rosidl_typesupport_introspection_cExport-noconfig.cmake
[0.366s] -- Up-to-date: /home/robomaven/ws/ws1/install/my_interfaces/share/my_interfaces/cmake/my_interfaces__rosidl_typesupport_cExport.cmake
[0.366s] -- Up-to-date: /home/robomaven/ws/ws1/install/my_interfaces/share/my_interfaces/cmake/my_interfaces__rosidl_typesupport_cExport-noconfig.cmake
[0.366s] -- Up-to-date: /home/robomaven/ws/ws1/install/my_interfaces/share/my_interfaces/cmake/export_my_interfaces__rosidl_generator_cppExport.cmake
[0.366s] -- Up-to-date: /home/robomaven/ws/ws1/install/my_interfaces/share/my_interfaces/cmake/export_my_interfaces__rosidl_typesupport_fastrtps_cppExport.cmake
[0.366s] -- Up-to-date: /home/robomaven/ws/ws1/install/my_interfaces/share/my_interfaces/cmake/export_my_interfaces__rosidl_typesupport_fastrtps_cppExport-noconfig.cmake
[0.366s] -- Up-to-date: /home/robomaven/ws/ws1/install/my_interfaces/share/my_interfaces/cmake/my_interfaces__rosidl_typesupport_introspection_cppExport.cmake
[0.367s] -- Up-to-date: /home/robomaven/ws/ws1/install/my_interfaces/share/my_interfaces/cmake/my_interfaces__rosidl_typesupport_introspection_cppExport-noconfig.cmake
[0.367s] -- Up-to-date: /home/robomaven/ws/ws1/install/my_interfaces/share/my_interfaces/cmake/my_interfaces__rosidl_typesupport_cppExport.cmake
[0.367s] -- Up-to-date: /home/robomaven/ws/ws1/install/my_interfaces/share/my_interfaces/cmake/my_interfaces__rosidl_typesupport_cppExport-noconfig.cmake
[0.367s] -- Up-to-date: /home/robomaven/ws/ws1/install/my_interfaces/share/my_interfaces/cmake/export_my_interfaces__rosidl_generator_pyExport.cmake
[0.367s] -- Up-to-date: /home/robomaven/ws/ws1/install/my_interfaces/share/my_interfaces/cmake/export_my_interfaces__rosidl_generator_pyExport-noconfig.cmake
[0.367s] -- Up-to-date: /home/robomaven/ws/ws1/install/my_interfaces/share/my_interfaces/cmake/rosidl_cmake-extras.cmake
[0.367s] -- Up-to-date: /home/robomaven/ws/ws1/install/my_interfaces/share/my_interfaces/cmake/ament_cmake_export_include_directories-extras.cmake
[0.367s] -- Up-to-date: /home/robomaven/ws/ws1/install/my_interfaces/share/my_interfaces/cmake/ament_cmake_export_libraries-extras.cmake
[0.367s] -- Up-to-date: /home/robomaven/ws/ws1/install/my_interfaces/share/my_interfaces/cmake/ament_cmake_export_targets-extras.cmake
[0.367s] -- Up-to-date: /home/robomaven/ws/ws1/install/my_interfaces/share/my_interfaces/cmake/rosidl_cmake_export_typesupport_targets-extras.cmake
[0.367s] -- Up-to-date: /home/robomaven/ws/ws1/install/my_interfaces/share/my_interfaces/cmake/ament_cmake_export_dependencies-extras.cmake
[0.368s] -- Up-to-date: /home/robomaven/ws/ws1/install/my_interfaces/share/my_interfaces/cmake/rosidl_cmake_export_typesupport_libraries-extras.cmake
[0.368s] -- Up-to-date: /home/robomaven/ws/ws1/install/my_interfaces/share/my_interfaces/cmake/my_interfacesConfig.cmake
[0.368s] -- Up-to-date: /home/robomaven/ws/ws1/install/my_interfaces/share/my_interfaces/cmake/my_interfacesConfig-version.cmake
[0.368s] -- Up-to-date: /home/robomaven/ws/ws1/install/my_interfaces/share/my_interfaces/package.xml
[0.370s] Invoked command in '/home/robomaven/ws/ws1/build/my_interfaces' returned '0': CMAKE_PREFIX_PATH=${CMAKE_PREFIX_PATH}:/opt/ros/humble /usr/bin/cmake --install /home/robomaven/ws/ws1/build/my_interfaces
