[0.005s] Invoking command in '/home/robomaven/ws/ros2_ws3/build/executors_cpp': CMAKE_PREFIX_PATH=${CMAKE_PREFIX_PATH}:/home/robomaven/ws/ros2_ws3/install/executors_py:/home/robomaven/ws/ros2_ws3/install/actions_py:/home/robomaven/ws/ros2_ws3/install/lifecycle_py:/opt/ros/humble /usr/bin/cmake /home/robomaven/ws/ros2_ws3/src/executors_cpp -DCMAKE_INSTALL_PREFIX=/home/robomaven/ws/ros2_ws3/install/executors_cpp
[0.073s] -- The C compiler identification is GNU 11.4.0
[0.113s] -- The CXX compiler identification is GNU 11.4.0
[0.121s] -- Detecting C compiler ABI info
[0.201s] -- Detecting C compiler ABI info - done
[0.210s] -- Check for working C compiler: /usr/bin/cc - skipped
[0.210s] -- Detecting C compile features
[0.211s] -- Detecting C compile features - done
[0.214s] -- Detecting CXX compiler ABI info
[0.286s] -- Detecting CXX compiler ABI info - done
[0.295s] -- Check for working CXX compiler: /usr/bin/c++ - skipped
[0.295s] -- Detecting CXX compile features
[0.296s] -- Detecting CXX compile features - done
[0.298s] -- Found ament_cmake: 1.3.9 (/opt/ros/humble/share/ament_cmake/cmake)
[0.422s] -- Found Python3: /usr/bin/python3 (found version "3.10.12") found components: Interpreter 
[0.490s] -- Found rclcpp: 16.0.9 (/opt/ros/humble/share/rclcpp/cmake)
[0.519s] -- Found rosidl_generator_c: 3.1.5 (/opt/ros/humble/share/rosidl_generator_c/cmake)
[0.522s] -- Found rosidl_adapter: 3.1.5 (/opt/ros/humble/share/rosidl_adapter/cmake)
[0.528s] -- Found rosidl_generator_cpp: 3.1.5 (/opt/ros/humble/share/rosidl_generator_cpp/cmake)
[0.537s] -- Using all available rosidl_typesupport_c: rosidl_typesupport_fastrtps_c;rosidl_typesupport_introspection_c
[0.550s] -- Using all available rosidl_typesupport_cpp: rosidl_typesupport_fastrtps_cpp;rosidl_typesupport_introspection_cpp
[0.597s] -- Found rmw_implementation_cmake: 6.1.2 (/opt/ros/humble/share/rmw_implementation_cmake/cmake)
[0.599s] -- Found rmw_fastrtps_cpp: 6.2.6 (/opt/ros/humble/share/rmw_fastrtps_cpp/cmake)
[0.666s] -- Found OpenSSL: /usr/lib/x86_64-linux-gnu/libcrypto.so (found version "3.0.2")  
[0.683s] -- Found FastRTPS: /opt/ros/humble/include  
[0.713s] -- Using RMW implementation 'rmw_fastrtps_cpp' as default
[0.719s] -- Looking for pthread.h
[0.784s] -- Looking for pthread.h - found
[0.785s] -- Performing Test CMAKE_HAVE_LIBC_PTHREAD
[0.860s] -- Performing Test CMAKE_HAVE_LIBC_PTHREAD - Success
[0.860s] -- Found Threads: TRUE  
[1.007s] -- Configuring done
[1.012s] -- Generating done
[1.013s] -- Build files have been written to: /home/robomaven/ws/ros2_ws3/build/executors_cpp
[1.019s] Invoked command in '/home/robomaven/ws/ros2_ws3/build/executors_cpp' returned '0': CMAKE_PREFIX_PATH=${CMAKE_PREFIX_PATH}:/home/robomaven/ws/ros2_ws3/install/executors_py:/home/robomaven/ws/ros2_ws3/install/actions_py:/home/robomaven/ws/ros2_ws3/install/lifecycle_py:/opt/ros/humble /usr/bin/cmake /home/robomaven/ws/ros2_ws3/src/executors_cpp -DCMAKE_INSTALL_PREFIX=/home/robomaven/ws/ros2_ws3/install/executors_cpp
[1.020s] Invoking command in '/home/robomaven/ws/ros2_ws3/build/executors_cpp': CMAKE_PREFIX_PATH=${CMAKE_PREFIX_PATH}:/home/robomaven/ws/ros2_ws3/install/executors_py:/home/robomaven/ws/ros2_ws3/install/actions_py:/home/robomaven/ws/ros2_ws3/install/lifecycle_py:/opt/ros/humble /usr/bin/cmake --build /home/robomaven/ws/ros2_ws3/build/executors_cpp -- -j20 -l20
[1.062s] [ 25%] [32mBuilding CXX object CMakeFiles/single_threaded_executor.dir/src/single_threaded_executor.cpp.o[0m
[1.062s] [ 50%] [32mBuilding CXX object CMakeFiles/multi_threaded_executor.dir/src/multi_threaded_executor.cpp.o[0m
[2.743s] [ 75%] [32m[1mLinking CXX executable multi_threaded_executor[0m
[2.808s] [ 75%] Built target multi_threaded_executor
[2.929s] [100%] [32m[1mLinking CXX executable single_threaded_executor[0m
[3.012s] [100%] Built target single_threaded_executor
[3.022s] Invoked command in '/home/robomaven/ws/ros2_ws3/build/executors_cpp' returned '0': CMAKE_PREFIX_PATH=${CMAKE_PREFIX_PATH}:/home/robomaven/ws/ros2_ws3/install/executors_py:/home/robomaven/ws/ros2_ws3/install/actions_py:/home/robomaven/ws/ros2_ws3/install/lifecycle_py:/opt/ros/humble /usr/bin/cmake --build /home/robomaven/ws/ros2_ws3/build/executors_cpp -- -j20 -l20
[3.056s] Invoking command in '/home/robomaven/ws/ros2_ws3/build/executors_cpp': CMAKE_PREFIX_PATH=${CMAKE_PREFIX_PATH}:/home/robomaven/ws/ros2_ws3/install/executors_py:/home/robomaven/ws/ros2_ws3/install/actions_py:/home/robomaven/ws/ros2_ws3/install/lifecycle_py:/opt/ros/humble /usr/bin/cmake --install /home/robomaven/ws/ros2_ws3/build/executors_cpp
[3.065s] -- Install configuration: ""
[3.066s] -- Installing: /home/robomaven/ws/ros2_ws3/install/executors_cpp/lib/executors_cpp/single_threaded_executor
[3.066s] -- Set runtime path of "/home/robomaven/ws/ros2_ws3/install/executors_cpp/lib/executors_cpp/single_threaded_executor" to ""
[3.066s] -- Installing: /home/robomaven/ws/ros2_ws3/install/executors_cpp/lib/executors_cpp/multi_threaded_executor
[3.066s] -- Set runtime path of "/home/robomaven/ws/ros2_ws3/install/executors_cpp/lib/executors_cpp/multi_threaded_executor" to ""
[3.066s] -- Installing: /home/robomaven/ws/ros2_ws3/install/executors_cpp/share/ament_index/resource_index/package_run_dependencies/executors_cpp
[3.067s] -- Installing: /home/robomaven/ws/ros2_ws3/install/executors_cpp/share/ament_index/resource_index/parent_prefix_path/executors_cpp
[3.067s] -- Installing: /home/robomaven/ws/ros2_ws3/install/executors_cpp/share/executors_cpp/environment/ament_prefix_path.sh
[3.067s] -- Installing: /home/robomaven/ws/ros2_ws3/install/executors_cpp/share/executors_cpp/environment/ament_prefix_path.dsv
[3.067s] -- Installing: /home/robomaven/ws/ros2_ws3/install/executors_cpp/share/executors_cpp/environment/path.sh
[3.067s] -- Installing: /home/robomaven/ws/ros2_ws3/install/executors_cpp/share/executors_cpp/environment/path.dsv
[3.067s] -- Installing: /home/robomaven/ws/ros2_ws3/install/executors_cpp/share/executors_cpp/local_setup.bash
[3.067s] -- Installing: /home/robomaven/ws/ros2_ws3/install/executors_cpp/share/executors_cpp/local_setup.sh
[3.067s] -- Installing: /home/robomaven/ws/ros2_ws3/install/executors_cpp/share/executors_cpp/local_setup.zsh
[3.067s] -- Installing: /home/robomaven/ws/ros2_ws3/install/executors_cpp/share/executors_cpp/local_setup.dsv
[3.067s] -- Installing: /home/robomaven/ws/ros2_ws3/install/executors_cpp/share/executors_cpp/package.dsv
[3.067s] -- Installing: /home/robomaven/ws/ros2_ws3/install/executors_cpp/share/ament_index/resource_index/packages/executors_cpp
[3.067s] -- Installing: /home/robomaven/ws/ros2_ws3/install/executors_cpp/share/executors_cpp/cmake/executors_cppConfig.cmake
[3.067s] -- Installing: /home/robomaven/ws/ros2_ws3/install/executors_cpp/share/executors_cpp/cmake/executors_cppConfig-version.cmake
[3.068s] -- Installing: /home/robomaven/ws/ros2_ws3/install/executors_cpp/share/executors_cpp/package.xml
[3.070s] Invoked command in '/home/robomaven/ws/ros2_ws3/build/executors_cpp' returned '0': CMAKE_PREFIX_PATH=${CMAKE_PREFIX_PATH}:/home/robomaven/ws/ros2_ws3/install/executors_py:/home/robomaven/ws/ros2_ws3/install/actions_py:/home/robomaven/ws/ros2_ws3/install/lifecycle_py:/opt/ros/humble /usr/bin/cmake --install /home/robomaven/ws/ros2_ws3/build/executors_cpp
