[0.009s] Invoking command in '/home/robomaven/ws/ros2_ws3/build/final_project': CMAKE_PREFIX_PATH=/home/robomaven/ws/ros2_ws3/install/my_robot_interfaces:/home/robomaven/ws/ros2_ws3/install/my_robot_bringup:/home/robomaven/ws/ros2_ws3/install/lifecycle_cpp:/home/robomaven/ws/ros2_ws3/install/actions_cpp:/home/robomaven/ws/ros2_ws3/install/final_project:/home/robomaven/ws/ros2_ws3/install/executors_cpp:/home/robomaven/ws/ros2_ws3/install/components_cpp:/home/robomaven/ws/ros2_ws2_project/install/my_robot_bringup:/home/robomaven/ws/ros2_ws2_project/install/my_robot_description:/home/robomaven/ws/ros2_ws3/install/actions_py:/home/robomaven/ws/ros2_ws3/install/lifecycle_py:/home/robomaven/ws/ros2_ws3/install/executors_py:/home/robomaven/ws/ros2_ws3/install/components_py:/opt/ros/humble /usr/bin/cmake --build /home/robomaven/ws/ros2_ws3/build/final_project -- -j20 -l20
[0.027s] -- Found ament_cmake: 1.3.9 (/opt/ros/humble/share/ament_cmake/cmake)
[0.132s] -- Found rclcpp: 16.0.9 (/opt/ros/humble/share/rclcpp/cmake)
[0.152s] -- Found rosidl_generator_c: 3.1.5 (/opt/ros/humble/share/rosidl_generator_c/cmake)
[0.153s] -- Found rosidl_adapter: 3.1.5 (/opt/ros/humble/share/rosidl_adapter/cmake)
[0.157s] -- Found rosidl_generator_cpp: 3.1.5 (/opt/ros/humble/share/rosidl_generator_cpp/cmake)
[0.164s] -- Using all available rosidl_typesupport_c: rosidl_typesupport_fastrtps_c;rosidl_typesupport_introspection_c
[0.174s] -- Using all available rosidl_typesupport_cpp: rosidl_typesupport_fastrtps_cpp;rosidl_typesupport_introspection_cpp
[0.211s] -- Found rmw_implementation_cmake: 6.1.2 (/opt/ros/humble/share/rmw_implementation_cmake/cmake)
[0.212s] -- Found rmw_cyclonedds_cpp: 1.3.4 (/opt/ros/humble/share/rmw_cyclonedds_cpp/cmake)
[0.231s] -- Using RMW implementation 'rmw_cyclonedds_cpp' as default
[0.333s] -- Found turtlesim: 1.4.2 (/opt/ros/humble/share/turtlesim/cmake)
[0.416s] -- Found geometry_msgs: 4.2.4 (/opt/ros/humble/share/geometry_msgs/cmake)
[0.444s] -- Found my_robot_interfaces: 0.0.0 (/home/robomaven/ws/ros2_ws3/install/my_robot_interfaces/share/my_robot_interfaces/cmake)
[0.480s] -- Found rclcpp_action: 16.0.9 (/opt/ros/humble/share/rclcpp_action/cmake)
[0.543s] -- Configuring done
[0.549s] -- Generating done
[0.550s] -- Build files have been written to: /home/robomaven/ws/ros2_ws3/build/final_project
[0.570s] [35m[1mConsolidate compiler generated dependencies of target final_project[0m
[0.584s] [ 50%] [32mBuilding CXX object CMakeFiles/final_project.dir/src/final_project.cpp.o[0m
[2.060s] [01m[K/home/robomaven/ws/ros2_ws3/src/final_project/src/final_project.cpp:[m[K In member function ‘[01m[Krclcpp_action::GoalResponse TurtleController::goal_callback(const GoalUUID&, std::shared_ptr<const my_robot_interfaces::action::MoveTurtle_Goal_<std::allocator<void> > >)[m[K’:
[2.060s] [01m[K/home/robomaven/ws/ros2_ws3/src/final_project/src/final_project.cpp:69:42:[m[K [01;35m[Kwarning: [m[Kstatement has no effect [[01;35m[K]8;;https://gcc.gnu.org/onlinedocs/gcc/Warning-Options.html#index-Wunused-value-Wunused-value]8;;[m[K]
[2.060s]    69 |             [01;35m[Krclcpp_action::GoalResponse::REJECT[m[K;
[2.060s]       |             [01;35m[K~~~~~~~~~~~~~~~~~~~~~~~~~~~~~^~~~~~[m[K
[4.557s] [100%] [32m[1mLinking CXX executable final_project[0m
[4.750s] [100%] Built target final_project
[4.757s] Invoked command in '/home/robomaven/ws/ros2_ws3/build/final_project' returned '0': CMAKE_PREFIX_PATH=/home/robomaven/ws/ros2_ws3/install/my_robot_interfaces:/home/robomaven/ws/ros2_ws3/install/my_robot_bringup:/home/robomaven/ws/ros2_ws3/install/lifecycle_cpp:/home/robomaven/ws/ros2_ws3/install/actions_cpp:/home/robomaven/ws/ros2_ws3/install/final_project:/home/robomaven/ws/ros2_ws3/install/executors_cpp:/home/robomaven/ws/ros2_ws3/install/components_cpp:/home/robomaven/ws/ros2_ws2_project/install/my_robot_bringup:/home/robomaven/ws/ros2_ws2_project/install/my_robot_description:/home/robomaven/ws/ros2_ws3/install/actions_py:/home/robomaven/ws/ros2_ws3/install/lifecycle_py:/home/robomaven/ws/ros2_ws3/install/executors_py:/home/robomaven/ws/ros2_ws3/install/components_py:/opt/ros/humble /usr/bin/cmake --build /home/robomaven/ws/ros2_ws3/build/final_project -- -j20 -l20
[4.792s] Invoking command in '/home/robomaven/ws/ros2_ws3/build/final_project': CMAKE_PREFIX_PATH=/home/robomaven/ws/ros2_ws3/install/my_robot_interfaces:/home/robomaven/ws/ros2_ws3/install/my_robot_bringup:/home/robomaven/ws/ros2_ws3/install/lifecycle_cpp:/home/robomaven/ws/ros2_ws3/install/actions_cpp:/home/robomaven/ws/ros2_ws3/install/final_project:/home/robomaven/ws/ros2_ws3/install/executors_cpp:/home/robomaven/ws/ros2_ws3/install/components_cpp:/home/robomaven/ws/ros2_ws2_project/install/my_robot_bringup:/home/robomaven/ws/ros2_ws2_project/install/my_robot_description:/home/robomaven/ws/ros2_ws3/install/actions_py:/home/robomaven/ws/ros2_ws3/install/lifecycle_py:/home/robomaven/ws/ros2_ws3/install/executors_py:/home/robomaven/ws/ros2_ws3/install/components_py:/opt/ros/humble /usr/bin/cmake --install /home/robomaven/ws/ros2_ws3/build/final_project
[4.798s] -- Install configuration: ""
[4.798s] -- Installing: /home/robomaven/ws/ros2_ws3/install/final_project/lib/final_project/final_project
[4.799s] -- Set runtime path of "/home/robomaven/ws/ros2_ws3/install/final_project/lib/final_project/final_project" to ""
[4.799s] -- Installing: /home/robomaven/ws/ros2_ws3/install/final_project/share/ament_index/resource_index/package_run_dependencies/final_project
[4.799s] -- Installing: /home/robomaven/ws/ros2_ws3/install/final_project/share/ament_index/resource_index/parent_prefix_path/final_project
[4.800s] -- Up-to-date: /home/robomaven/ws/ros2_ws3/install/final_project/share/final_project/environment/ament_prefix_path.sh
[4.800s] -- Installing: /home/robomaven/ws/ros2_ws3/install/final_project/share/final_project/environment/ament_prefix_path.dsv
[4.800s] -- Up-to-date: /home/robomaven/ws/ros2_ws3/install/final_project/share/final_project/environment/path.sh
[4.800s] -- Installing: /home/robomaven/ws/ros2_ws3/install/final_project/share/final_project/environment/path.dsv
[4.800s] -- Up-to-date: /home/robomaven/ws/ros2_ws3/install/final_project/share/final_project/local_setup.bash
[4.800s] -- Up-to-date: /home/robomaven/ws/ros2_ws3/install/final_project/share/final_project/local_setup.sh
[4.800s] -- Up-to-date: /home/robomaven/ws/ros2_ws3/install/final_project/share/final_project/local_setup.zsh
[4.800s] -- Installing: /home/robomaven/ws/ros2_ws3/install/final_project/share/final_project/local_setup.dsv
[4.800s] -- Installing: /home/robomaven/ws/ros2_ws3/install/final_project/share/final_project/package.dsv
[4.800s] -- Up-to-date: /home/robomaven/ws/ros2_ws3/install/final_project/share/ament_index/resource_index/packages/final_project
[4.800s] -- Up-to-date: /home/robomaven/ws/ros2_ws3/install/final_project/share/final_project/cmake/final_projectConfig.cmake
[4.800s] -- Up-to-date: /home/robomaven/ws/ros2_ws3/install/final_project/share/final_project/cmake/final_projectConfig-version.cmake
[4.800s] -- Installing: /home/robomaven/ws/ros2_ws3/install/final_project/share/final_project/package.xml
[4.801s] Invoked command in '/home/robomaven/ws/ros2_ws3/build/final_project' returned '0': CMAKE_PREFIX_PATH=/home/robomaven/ws/ros2_ws3/install/my_robot_interfaces:/home/robomaven/ws/ros2_ws3/install/my_robot_bringup:/home/robomaven/ws/ros2_ws3/install/lifecycle_cpp:/home/robomaven/ws/ros2_ws3/install/actions_cpp:/home/robomaven/ws/ros2_ws3/install/final_project:/home/robomaven/ws/ros2_ws3/install/executors_cpp:/home/robomaven/ws/ros2_ws3/install/components_cpp:/home/robomaven/ws/ros2_ws2_project/install/my_robot_bringup:/home/robomaven/ws/ros2_ws2_project/install/my_robot_description:/home/robomaven/ws/ros2_ws3/install/actions_py:/home/robomaven/ws/ros2_ws3/install/lifecycle_py:/home/robomaven/ws/ros2_ws3/install/executors_py:/home/robomaven/ws/ros2_ws3/install/components_py:/opt/ros/humble /usr/bin/cmake --install /home/robomaven/ws/ros2_ws3/build/final_project
