[0.064s] DEBUG:colcon:Command line arguments: ['/usr/bin/colcon', 'build']
[0.064s] DEBUG:colcon:Parsed command line arguments: Namespace(log_base=None, log_level=None, verb_name='build', build_base='build', install_base='install', merge_install=False, symlink_install=False, test_result_base=None, continue_on_error=False, executor='parallel', parallel_workers=20, event_handlers=None, ignore_user_meta=False, metas=['./colcon.meta'], base_paths=['.'], packages_ignore=None, packages_ignore_regex=None, paths=None, packages_up_to=None, packages_up_to_regex=None, packages_above=None, packages_above_and_dependencies=None, packages_above_depth=None, packages_select_by_dep=None, packages_skip_by_dep=None, packages_skip_up_to=None, packages_select_build_failed=False, packages_skip_build_finished=False, packages_select_test_failures=False, packages_skip_test_passed=False, packages_select=None, packages_skip=None, packages_select_regex=None, packages_skip_regex=None, packages_start=None, packages_end=None, allow_overriding=[], cmake_args=None, cmake_target=None, cmake_target_skip_unavailable=False, cmake_clean_cache=False, cmake_clean_first=False, cmake_force_configure=False, ament_cmake_args=None, catkin_cmake_args=None, catkin_skip_building_tests=False, verb_parser=<colcon_defaults.argument_parser.defaults.DefaultArgumentsDecorator object at 0x7a670692ccd0>, verb_extension=<colcon_core.verb.build.BuildVerb object at 0x7a670692c7c0>, main=<bound method BuildVerb.main of <colcon_core.verb.build.BuildVerb object at 0x7a670692c7c0>>)
[0.168s] Level 1:colcon.colcon_core.package_discovery:discover_packages(colcon_meta) check parameters
[0.168s] Level 1:colcon.colcon_core.package_discovery:discover_packages(recursive) check parameters
[0.168s] Level 1:colcon.colcon_core.package_discovery:discover_packages(ignore) check parameters
[0.168s] Level 1:colcon.colcon_core.package_discovery:discover_packages(path) check parameters
[0.168s] Level 1:colcon.colcon_core.package_discovery:discover_packages(colcon_meta) discover
[0.168s] Level 1:colcon.colcon_core.package_discovery:discover_packages(recursive) discover
[0.168s] INFO:colcon.colcon_core.package_discovery:Crawling recursively for packages in '/home/robomaven/ws/ros2_ws3'
[0.168s] Level 1:colcon.colcon_core.package_identification:_identify(.) by extensions ['ignore', 'ignore_ament_install']
[0.168s] Level 1:colcon.colcon_core.package_identification:_identify(.) by extension 'ignore'
[0.168s] Level 1:colcon.colcon_core.package_identification:_identify(.) by extension 'ignore_ament_install'
[0.168s] Level 1:colcon.colcon_core.package_identification:_identify(.) by extensions ['colcon_pkg']
[0.168s] Level 1:colcon.colcon_core.package_identification:_identify(.) by extension 'colcon_pkg'
[0.168s] Level 1:colcon.colcon_core.package_identification:_identify(.) by extensions ['colcon_meta']
[0.168s] Level 1:colcon.colcon_core.package_identification:_identify(.) by extension 'colcon_meta'
[0.168s] Level 1:colcon.colcon_core.package_identification:_identify(.) by extensions ['ros']
[0.168s] Level 1:colcon.colcon_core.package_identification:_identify(.) by extension 'ros'
[0.175s] Level 1:colcon.colcon_core.package_identification:_identify(.) by extensions ['cmake', 'python']
[0.175s] Level 1:colcon.colcon_core.package_identification:_identify(.) by extension 'cmake'
[0.175s] Level 1:colcon.colcon_core.package_identification:_identify(.) by extension 'python'
[0.175s] Level 1:colcon.colcon_core.package_identification:_identify(.) by extensions ['python_setup_py']
[0.175s] Level 1:colcon.colcon_core.package_identification:_identify(.) by extension 'python_setup_py'
[0.175s] Level 1:colcon.colcon_core.package_identification:_identify(build) by extensions ['ignore', 'ignore_ament_install']
[0.175s] Level 1:colcon.colcon_core.package_identification:_identify(build) by extension 'ignore'
[0.176s] Level 1:colcon.colcon_core.package_identification:_identify(build) ignored
[0.176s] Level 1:colcon.colcon_core.package_identification:_identify(install) by extensions ['ignore', 'ignore_ament_install']
[0.176s] Level 1:colcon.colcon_core.package_identification:_identify(install) by extension 'ignore'
[0.176s] Level 1:colcon.colcon_core.package_identification:_identify(install) ignored
[0.176s] Level 1:colcon.colcon_core.package_identification:_identify(log) by extensions ['ignore', 'ignore_ament_install']
[0.176s] Level 1:colcon.colcon_core.package_identification:_identify(log) by extension 'ignore'
[0.176s] Level 1:colcon.colcon_core.package_identification:_identify(log) ignored
[0.176s] Level 1:colcon.colcon_core.package_identification:_identify(src) by extensions ['ignore', 'ignore_ament_install']
[0.176s] Level 1:colcon.colcon_core.package_identification:_identify(src) by extension 'ignore'
[0.176s] Level 1:colcon.colcon_core.package_identification:_identify(src) by extension 'ignore_ament_install'
[0.176s] Level 1:colcon.colcon_core.package_identification:_identify(src) by extensions ['colcon_pkg']
[0.176s] Level 1:colcon.colcon_core.package_identification:_identify(src) by extension 'colcon_pkg'
[0.176s] Level 1:colcon.colcon_core.package_identification:_identify(src) by extensions ['colcon_meta']
[0.176s] Level 1:colcon.colcon_core.package_identification:_identify(src) by extension 'colcon_meta'
[0.176s] Level 1:colcon.colcon_core.package_identification:_identify(src) by extensions ['ros']
[0.176s] Level 1:colcon.colcon_core.package_identification:_identify(src) by extension 'ros'
[0.176s] Level 1:colcon.colcon_core.package_identification:_identify(src) by extensions ['cmake', 'python']
[0.176s] Level 1:colcon.colcon_core.package_identification:_identify(src) by extension 'cmake'
[0.176s] Level 1:colcon.colcon_core.package_identification:_identify(src) by extension 'python'
[0.176s] Level 1:colcon.colcon_core.package_identification:_identify(src) by extensions ['python_setup_py']
[0.176s] Level 1:colcon.colcon_core.package_identification:_identify(src) by extension 'python_setup_py'
[0.176s] Level 1:colcon.colcon_core.package_identification:_identify(src/actions_cpp) by extensions ['ignore', 'ignore_ament_install']
[0.176s] Level 1:colcon.colcon_core.package_identification:_identify(src/actions_cpp) by extension 'ignore'
[0.176s] Level 1:colcon.colcon_core.package_identification:_identify(src/actions_cpp) by extension 'ignore_ament_install'
[0.176s] Level 1:colcon.colcon_core.package_identification:_identify(src/actions_cpp) by extensions ['colcon_pkg']
[0.176s] Level 1:colcon.colcon_core.package_identification:_identify(src/actions_cpp) by extension 'colcon_pkg'
[0.176s] Level 1:colcon.colcon_core.package_identification:_identify(src/actions_cpp) by extensions ['colcon_meta']
[0.176s] Level 1:colcon.colcon_core.package_identification:_identify(src/actions_cpp) by extension 'colcon_meta'
[0.176s] Level 1:colcon.colcon_core.package_identification:_identify(src/actions_cpp) by extensions ['ros']
[0.176s] Level 1:colcon.colcon_core.package_identification:_identify(src/actions_cpp) by extension 'ros'
[0.178s] DEBUG:colcon.colcon_core.package_identification:Package 'src/actions_cpp' with type 'ros.ament_cmake' and name 'actions_cpp'
[0.178s] Level 1:colcon.colcon_core.package_identification:_identify(src/actions_py) by extensions ['ignore', 'ignore_ament_install']
[0.178s] Level 1:colcon.colcon_core.package_identification:_identify(src/actions_py) by extension 'ignore'
[0.178s] Level 1:colcon.colcon_core.package_identification:_identify(src/actions_py) by extension 'ignore_ament_install'
[0.178s] Level 1:colcon.colcon_core.package_identification:_identify(src/actions_py) by extensions ['colcon_pkg']
[0.178s] Level 1:colcon.colcon_core.package_identification:_identify(src/actions_py) by extension 'colcon_pkg'
[0.178s] Level 1:colcon.colcon_core.package_identification:_identify(src/actions_py) by extensions ['colcon_meta']
[0.178s] Level 1:colcon.colcon_core.package_identification:_identify(src/actions_py) by extension 'colcon_meta'
[0.178s] Level 1:colcon.colcon_core.package_identification:_identify(src/actions_py) by extensions ['ros']
[0.178s] Level 1:colcon.colcon_core.package_identification:_identify(src/actions_py) by extension 'ros'
[0.179s] DEBUG:colcon.colcon_core.package_identification:Package 'src/actions_py' with type 'ros.ament_python' and name 'actions_py'
[0.179s] Level 1:colcon.colcon_core.package_identification:_identify(src/my_robot_interfaces) by extensions ['ignore', 'ignore_ament_install']
[0.179s] Level 1:colcon.colcon_core.package_identification:_identify(src/my_robot_interfaces) by extension 'ignore'
[0.179s] Level 1:colcon.colcon_core.package_identification:_identify(src/my_robot_interfaces) by extension 'ignore_ament_install'
[0.179s] Level 1:colcon.colcon_core.package_identification:_identify(src/my_robot_interfaces) by extensions ['colcon_pkg']
[0.179s] Level 1:colcon.colcon_core.package_identification:_identify(src/my_robot_interfaces) by extension 'colcon_pkg'
[0.179s] Level 1:colcon.colcon_core.package_identification:_identify(src/my_robot_interfaces) by extensions ['colcon_meta']
[0.179s] Level 1:colcon.colcon_core.package_identification:_identify(src/my_robot_interfaces) by extension 'colcon_meta'
[0.179s] Level 1:colcon.colcon_core.package_identification:_identify(src/my_robot_interfaces) by extensions ['ros']
[0.179s] Level 1:colcon.colcon_core.package_identification:_identify(src/my_robot_interfaces) by extension 'ros'
[0.179s] DEBUG:colcon.colcon_core.package_identification:Package 'src/my_robot_interfaces' with type 'ros.ament_cmake' and name 'my_robot_interfaces'
[0.179s] Level 1:colcon.colcon_core.package_discovery:discover_packages(recursive) using defaults
[0.179s] Level 1:colcon.colcon_core.package_discovery:discover_packages(ignore) discover
[0.179s] Level 1:colcon.colcon_core.package_discovery:discover_packages(ignore) using defaults
[0.179s] Level 1:colcon.colcon_core.package_discovery:discover_packages(path) discover
[0.179s] Level 1:colcon.colcon_core.package_discovery:discover_packages(path) using defaults
[0.198s] Level 1:colcon.colcon_core.package_discovery:discover_packages(prefix_path) check parameters
[0.199s] Level 1:colcon.colcon_core.package_discovery:discover_packages(prefix_path) discover
[0.199s] WARNING:colcon.colcon_ros.prefix_path.ament:The path '/home/robomaven/ws/ros2_ws3/install/actions_py' in the environment variable AMENT_PREFIX_PATH doesn't exist
[0.199s] WARNING:colcon.colcon_ros.prefix_path.ament:The path '/home/robomaven/ws/ros2_ws3/install/actions_cpp' in the environment variable AMENT_PREFIX_PATH doesn't exist
[0.199s] WARNING:colcon.colcon_ros.prefix_path.catkin:The path '/home/robomaven/ws/ros2_ws3/install/actions_cpp' in the environment variable CMAKE_PREFIX_PATH doesn't exist
[0.199s] WARNING:colcon.colcon_ros.prefix_path.catkin:The path '/home/robomaven/ws/ros2_ws3/install/my_robot_interfaces' in the environment variable CMAKE_PREFIX_PATH doesn't exist
[0.200s] DEBUG:colcon.colcon_installed_package_information.package_discovery:Found 0 installed packages in /home/robomaven/ws/ros2_ws3/install
[0.200s] DEBUG:colcon.colcon_installed_package_information.package_discovery:Found 320 installed packages in /opt/ros/humble
[0.201s] Level 1:colcon.colcon_core.package_discovery:discover_packages(prefix_path) using defaults
[0.225s] Level 5:colcon.colcon_core.verb:set package 'my_robot_interfaces' build argument 'cmake_args' from command line to 'None'
[0.225s] Level 5:colcon.colcon_core.verb:set package 'my_robot_interfaces' build argument 'cmake_target' from command line to 'None'
[0.225s] Level 5:colcon.colcon_core.verb:set package 'my_robot_interfaces' build argument 'cmake_target_skip_unavailable' from command line to 'False'
[0.225s] Level 5:colcon.colcon_core.verb:set package 'my_robot_interfaces' build argument 'cmake_clean_cache' from command line to 'False'
[0.225s] Level 5:colcon.colcon_core.verb:set package 'my_robot_interfaces' build argument 'cmake_clean_first' from command line to 'False'
[0.225s] Level 5:colcon.colcon_core.verb:set package 'my_robot_interfaces' build argument 'cmake_force_configure' from command line to 'False'
[0.225s] Level 5:colcon.colcon_core.verb:set package 'my_robot_interfaces' build argument 'ament_cmake_args' from command line to 'None'
[0.225s] Level 5:colcon.colcon_core.verb:set package 'my_robot_interfaces' build argument 'catkin_cmake_args' from command line to 'None'
[0.225s] Level 5:colcon.colcon_core.verb:set package 'my_robot_interfaces' build argument 'catkin_skip_building_tests' from command line to 'False'
[0.225s] DEBUG:colcon.colcon_core.verb:Building package 'my_robot_interfaces' with the following arguments: {'ament_cmake_args': None, 'build_base': '/home/robomaven/ws/ros2_ws3/build/my_robot_interfaces', 'catkin_cmake_args': None, 'catkin_skip_building_tests': False, 'cmake_args': None, 'cmake_clean_cache': False, 'cmake_clean_first': False, 'cmake_force_configure': False, 'cmake_target': None, 'cmake_target_skip_unavailable': False, 'install_base': '/home/robomaven/ws/ros2_ws3/install/my_robot_interfaces', 'merge_install': False, 'path': '/home/robomaven/ws/ros2_ws3/src/my_robot_interfaces', 'symlink_install': False, 'test_result_base': None}
[0.225s] Level 5:colcon.colcon_core.verb:set package 'actions_cpp' build argument 'cmake_args' from command line to 'None'
[0.225s] Level 5:colcon.colcon_core.verb:set package 'actions_cpp' build argument 'cmake_target' from command line to 'None'
[0.225s] Level 5:colcon.colcon_core.verb:set package 'actions_cpp' build argument 'cmake_target_skip_unavailable' from command line to 'False'
[0.225s] Level 5:colcon.colcon_core.verb:set package 'actions_cpp' build argument 'cmake_clean_cache' from command line to 'False'
[0.225s] Level 5:colcon.colcon_core.verb:set package 'actions_cpp' build argument 'cmake_clean_first' from command line to 'False'
[0.225s] Level 5:colcon.colcon_core.verb:set package 'actions_cpp' build argument 'cmake_force_configure' from command line to 'False'
[0.225s] Level 5:colcon.colcon_core.verb:set package 'actions_cpp' build argument 'ament_cmake_args' from command line to 'None'
[0.225s] Level 5:colcon.colcon_core.verb:set package 'actions_cpp' build argument 'catkin_cmake_args' from command line to 'None'
[0.225s] Level 5:colcon.colcon_core.verb:set package 'actions_cpp' build argument 'catkin_skip_building_tests' from command line to 'False'
[0.225s] DEBUG:colcon.colcon_core.verb:Building package 'actions_cpp' with the following arguments: {'ament_cmake_args': None, 'build_base': '/home/robomaven/ws/ros2_ws3/build/actions_cpp', 'catkin_cmake_args': None, 'catkin_skip_building_tests': False, 'cmake_args': None, 'cmake_clean_cache': False, 'cmake_clean_first': False, 'cmake_force_configure': False, 'cmake_target': None, 'cmake_target_skip_unavailable': False, 'install_base': '/home/robomaven/ws/ros2_ws3/install/actions_cpp', 'merge_install': False, 'path': '/home/robomaven/ws/ros2_ws3/src/actions_cpp', 'symlink_install': False, 'test_result_base': None}
[0.226s] Level 5:colcon.colcon_core.verb:set package 'actions_py' build argument 'cmake_args' from command line to 'None'
[0.226s] Level 5:colcon.colcon_core.verb:set package 'actions_py' build argument 'cmake_target' from command line to 'None'
[0.226s] Level 5:colcon.colcon_core.verb:set package 'actions_py' build argument 'cmake_target_skip_unavailable' from command line to 'False'
[0.226s] Level 5:colcon.colcon_core.verb:set package 'actions_py' build argument 'cmake_clean_cache' from command line to 'False'
[0.226s] Level 5:colcon.colcon_core.verb:set package 'actions_py' build argument 'cmake_clean_first' from command line to 'False'
[0.226s] Level 5:colcon.colcon_core.verb:set package 'actions_py' build argument 'cmake_force_configure' from command line to 'False'
[0.226s] Level 5:colcon.colcon_core.verb:set package 'actions_py' build argument 'ament_cmake_args' from command line to 'None'
[0.226s] Level 5:colcon.colcon_core.verb:set package 'actions_py' build argument 'catkin_cmake_args' from command line to 'None'
[0.226s] Level 5:colcon.colcon_core.verb:set package 'actions_py' build argument 'catkin_skip_building_tests' from command line to 'False'
[0.226s] DEBUG:colcon.colcon_core.verb:Building package 'actions_py' with the following arguments: {'ament_cmake_args': None, 'build_base': '/home/robomaven/ws/ros2_ws3/build/actions_py', 'catkin_cmake_args': None, 'catkin_skip_building_tests': False, 'cmake_args': None, 'cmake_clean_cache': False, 'cmake_clean_first': False, 'cmake_force_configure': False, 'cmake_target': None, 'cmake_target_skip_unavailable': False, 'install_base': '/home/robomaven/ws/ros2_ws3/install/actions_py', 'merge_install': False, 'path': '/home/robomaven/ws/ros2_ws3/src/actions_py', 'symlink_install': False, 'test_result_base': None}
[0.226s] INFO:colcon.colcon_core.executor:Executing jobs using 'parallel' executor
[0.227s] DEBUG:colcon.colcon_parallel_executor.executor.parallel:run_until_complete
[0.227s] INFO:colcon.colcon_ros.task.ament_cmake.build:Building ROS package in '/home/robomaven/ws/ros2_ws3/src/my_robot_interfaces' with build type 'ament_cmake'
[0.227s] INFO:colcon.colcon_cmake.task.cmake.build:Building CMake package in '/home/robomaven/ws/ros2_ws3/src/my_robot_interfaces'
[0.228s] INFO:colcon.colcon_core.plugin_system:Skipping extension 'colcon_core.shell.bat': Not used on non-Windows systems
[0.228s] INFO:colcon.colcon_core.shell:Skip shell extension 'powershell' for command environment: Not usable outside of PowerShell
[0.228s] DEBUG:colcon.colcon_core.shell:Skip shell extension 'dsv' for command environment
[0.233s] DEBUG:colcon.colcon_core.event_handler.log_command:Invoking command in '/home/robomaven/ws/ros2_ws3/build/my_robot_interfaces': CMAKE_PREFIX_PATH=${CMAKE_PREFIX_PATH}:/home/robomaven/ws/ros2_ws3/install/actions_py:/opt/ros/humble /usr/bin/cmake /home/robomaven/ws/ros2_ws3/src/my_robot_interfaces -DCMAKE_INSTALL_PREFIX=/home/robomaven/ws/ros2_ws3/install/my_robot_interfaces
[1.348s] DEBUG:colcon.colcon_core.event_handler.log_command:Invoked command in '/home/robomaven/ws/ros2_ws3/build/my_robot_interfaces' returned '0': CMAKE_PREFIX_PATH=${CMAKE_PREFIX_PATH}:/home/robomaven/ws/ros2_ws3/install/actions_py:/opt/ros/humble /usr/bin/cmake /home/robomaven/ws/ros2_ws3/src/my_robot_interfaces -DCMAKE_INSTALL_PREFIX=/home/robomaven/ws/ros2_ws3/install/my_robot_interfaces
[1.349s] DEBUG:colcon.colcon_core.event_handler.log_command:Invoking command in '/home/robomaven/ws/ros2_ws3/build/my_robot_interfaces': CMAKE_PREFIX_PATH=${CMAKE_PREFIX_PATH}:/home/robomaven/ws/ros2_ws3/install/actions_py:/opt/ros/humble /usr/bin/cmake --build /home/robomaven/ws/ros2_ws3/build/my_robot_interfaces -- -j20 -l20
[3.073s] DEBUG:colcon.colcon_core.event_handler.log_command:Invoked command in '/home/robomaven/ws/ros2_ws3/build/my_robot_interfaces' returned '0': CMAKE_PREFIX_PATH=${CMAKE_PREFIX_PATH}:/home/robomaven/ws/ros2_ws3/install/actions_py:/opt/ros/humble /usr/bin/cmake --build /home/robomaven/ws/ros2_ws3/build/my_robot_interfaces -- -j20 -l20
[3.121s] DEBUG:colcon.colcon_core.event_handler.log_command:Invoking command in '/home/robomaven/ws/ros2_ws3/build/my_robot_interfaces': CMAKE_PREFIX_PATH=${CMAKE_PREFIX_PATH}:/home/robomaven/ws/ros2_ws3/install/actions_py:/opt/ros/humble /usr/bin/cmake --install /home/robomaven/ws/ros2_ws3/build/my_robot_interfaces
[3.164s] Level 1:colcon.colcon_core.environment:create_environment_scripts_only(my_robot_interfaces)
[3.164s] DEBUG:colcon.colcon_core.event_handler.log_command:Invoked command in '/home/robomaven/ws/ros2_ws3/build/my_robot_interfaces' returned '0': CMAKE_PREFIX_PATH=${CMAKE_PREFIX_PATH}:/home/robomaven/ws/ros2_ws3/install/actions_py:/opt/ros/humble /usr/bin/cmake --install /home/robomaven/ws/ros2_ws3/build/my_robot_interfaces
[3.167s] Level 1:colcon.colcon_core.environment:checking '/home/robomaven/ws/ros2_ws3/install/my_robot_interfaces' for CMake module files
[3.168s] Level 1:colcon.colcon_core.environment:checking '/home/robomaven/ws/ros2_ws3/install/my_robot_interfaces' for CMake config files
[3.168s] Level 1:colcon.colcon_core.shell:create_environment_hook('my_robot_interfaces', 'cmake_prefix_path')
[3.169s] INFO:colcon.colcon_core.shell:Creating environment hook '/home/robomaven/ws/ros2_ws3/install/my_robot_interfaces/share/my_robot_interfaces/hook/cmake_prefix_path.ps1'
[3.169s] INFO:colcon.colcon_core.shell:Creating environment descriptor '/home/robomaven/ws/ros2_ws3/install/my_robot_interfaces/share/my_robot_interfaces/hook/cmake_prefix_path.dsv'
[3.170s] INFO:colcon.colcon_core.shell:Creating environment hook '/home/robomaven/ws/ros2_ws3/install/my_robot_interfaces/share/my_robot_interfaces/hook/cmake_prefix_path.sh'
[3.170s] Level 1:colcon.colcon_core.environment:checking '/home/robomaven/ws/ros2_ws3/install/my_robot_interfaces/lib'
[3.170s] Level 1:colcon.colcon_core.shell:create_environment_hook('my_robot_interfaces', 'ld_library_path_lib')
[3.171s] INFO:colcon.colcon_core.shell:Creating environment hook '/home/robomaven/ws/ros2_ws3/install/my_robot_interfaces/share/my_robot_interfaces/hook/ld_library_path_lib.ps1'
[3.171s] INFO:colcon.colcon_core.shell:Creating environment descriptor '/home/robomaven/ws/ros2_ws3/install/my_robot_interfaces/share/my_robot_interfaces/hook/ld_library_path_lib.dsv'
[3.171s] INFO:colcon.colcon_core.shell:Creating environment hook '/home/robomaven/ws/ros2_ws3/install/my_robot_interfaces/share/my_robot_interfaces/hook/ld_library_path_lib.sh'
[3.171s] Level 1:colcon.colcon_core.environment:checking '/home/robomaven/ws/ros2_ws3/install/my_robot_interfaces/bin'
[3.171s] Level 1:colcon.colcon_core.environment:checking '/home/robomaven/ws/ros2_ws3/install/my_robot_interfaces/lib/pkgconfig/my_robot_interfaces.pc'
[3.171s] Level 1:colcon.colcon_core.environment:checking '/home/robomaven/ws/ros2_ws3/install/my_robot_interfaces/lib/python3.10/site-packages'
[3.171s] Level 1:colcon.colcon_core.environment:checking '/home/robomaven/ws/ros2_ws3/install/my_robot_interfaces/bin'
[3.171s] INFO:colcon.colcon_core.shell:Creating package script '/home/robomaven/ws/ros2_ws3/install/my_robot_interfaces/share/my_robot_interfaces/package.ps1'
[3.172s] INFO:colcon.colcon_core.shell:Creating package descriptor '/home/robomaven/ws/ros2_ws3/install/my_robot_interfaces/share/my_robot_interfaces/package.dsv'
[3.172s] INFO:colcon.colcon_core.shell:Creating package script '/home/robomaven/ws/ros2_ws3/install/my_robot_interfaces/share/my_robot_interfaces/package.sh'
[3.173s] INFO:colcon.colcon_core.shell:Creating package script '/home/robomaven/ws/ros2_ws3/install/my_robot_interfaces/share/my_robot_interfaces/package.bash'
[3.173s] INFO:colcon.colcon_core.shell:Creating package script '/home/robomaven/ws/ros2_ws3/install/my_robot_interfaces/share/my_robot_interfaces/package.zsh'
[3.173s] Level 1:colcon.colcon_core.environment:create_file_with_runtime_dependencies(/home/robomaven/ws/ros2_ws3/install/my_robot_interfaces/share/colcon-core/packages/my_robot_interfaces)
[3.215s] Level 1:colcon.colcon_core.environment:create_environment_scripts_only(my_robot_interfaces)
[3.216s] Level 1:colcon.colcon_core.environment:checking '/home/robomaven/ws/ros2_ws3/install/my_robot_interfaces' for CMake module files
[3.216s] Level 1:colcon.colcon_core.environment:checking '/home/robomaven/ws/ros2_ws3/install/my_robot_interfaces' for CMake config files
[3.216s] Level 1:colcon.colcon_core.shell:create_environment_hook('my_robot_interfaces', 'cmake_prefix_path')
[3.216s] INFO:colcon.colcon_core.shell:Creating environment hook '/home/robomaven/ws/ros2_ws3/install/my_robot_interfaces/share/my_robot_interfaces/hook/cmake_prefix_path.ps1'
[3.217s] INFO:colcon.colcon_core.shell:Creating environment descriptor '/home/robomaven/ws/ros2_ws3/install/my_robot_interfaces/share/my_robot_interfaces/hook/cmake_prefix_path.dsv'
[3.217s] INFO:colcon.colcon_core.shell:Creating environment hook '/home/robomaven/ws/ros2_ws3/install/my_robot_interfaces/share/my_robot_interfaces/hook/cmake_prefix_path.sh'
[3.217s] Level 1:colcon.colcon_core.environment:checking '/home/robomaven/ws/ros2_ws3/install/my_robot_interfaces/lib'
[3.217s] Level 1:colcon.colcon_core.shell:create_environment_hook('my_robot_interfaces', 'ld_library_path_lib')
[3.218s] INFO:colcon.colcon_core.shell:Creating environment hook '/home/robomaven/ws/ros2_ws3/install/my_robot_interfaces/share/my_robot_interfaces/hook/ld_library_path_lib.ps1'
[3.218s] INFO:colcon.colcon_core.shell:Creating environment descriptor '/home/robomaven/ws/ros2_ws3/install/my_robot_interfaces/share/my_robot_interfaces/hook/ld_library_path_lib.dsv'
[3.218s] INFO:colcon.colcon_core.shell:Creating environment hook '/home/robomaven/ws/ros2_ws3/install/my_robot_interfaces/share/my_robot_interfaces/hook/ld_library_path_lib.sh'
[3.218s] Level 1:colcon.colcon_core.environment:checking '/home/robomaven/ws/ros2_ws3/install/my_robot_interfaces/bin'
[3.218s] Level 1:colcon.colcon_core.environment:checking '/home/robomaven/ws/ros2_ws3/install/my_robot_interfaces/lib/pkgconfig/my_robot_interfaces.pc'
[3.218s] Level 1:colcon.colcon_core.environment:checking '/home/robomaven/ws/ros2_ws3/install/my_robot_interfaces/lib/python3.10/site-packages'
[3.218s] Level 1:colcon.colcon_core.environment:checking '/home/robomaven/ws/ros2_ws3/install/my_robot_interfaces/bin'
[3.219s] INFO:colcon.colcon_core.shell:Creating package script '/home/robomaven/ws/ros2_ws3/install/my_robot_interfaces/share/my_robot_interfaces/package.ps1'
[3.219s] INFO:colcon.colcon_core.shell:Creating package descriptor '/home/robomaven/ws/ros2_ws3/install/my_robot_interfaces/share/my_robot_interfaces/package.dsv'
[3.219s] INFO:colcon.colcon_core.shell:Creating package script '/home/robomaven/ws/ros2_ws3/install/my_robot_interfaces/share/my_robot_interfaces/package.sh'
[3.219s] INFO:colcon.colcon_core.shell:Creating package script '/home/robomaven/ws/ros2_ws3/install/my_robot_interfaces/share/my_robot_interfaces/package.bash'
[3.220s] INFO:colcon.colcon_core.shell:Creating package script '/home/robomaven/ws/ros2_ws3/install/my_robot_interfaces/share/my_robot_interfaces/package.zsh'
[3.220s] Level 1:colcon.colcon_core.environment:create_file_with_runtime_dependencies(/home/robomaven/ws/ros2_ws3/install/my_robot_interfaces/share/colcon-core/packages/my_robot_interfaces)
[3.220s] INFO:colcon.colcon_ros.task.ament_cmake.build:Building ROS package in '/home/robomaven/ws/ros2_ws3/src/actions_cpp' with build type 'ament_cmake'
[3.220s] INFO:colcon.colcon_cmake.task.cmake.build:Building CMake package in '/home/robomaven/ws/ros2_ws3/src/actions_cpp'
[3.220s] INFO:colcon.colcon_core.shell:Skip shell extension 'powershell' for command environment: Not usable outside of PowerShell
[3.220s] DEBUG:colcon.colcon_core.shell:Skip shell extension 'dsv' for command environment
[3.222s] INFO:colcon.colcon_ros.task.ament_python.build:Building ROS package in '/home/robomaven/ws/ros2_ws3/src/actions_py' with build type 'ament_python'
[3.222s] Level 1:colcon.colcon_core.shell:create_environment_hook('actions_py', 'ament_prefix_path')
[3.223s] INFO:colcon.colcon_core.shell:Creating environment hook '/home/robomaven/ws/ros2_ws3/install/actions_py/share/actions_py/hook/ament_prefix_path.ps1'
[3.223s] INFO:colcon.colcon_core.shell:Creating environment descriptor '/home/robomaven/ws/ros2_ws3/install/actions_py/share/actions_py/hook/ament_prefix_path.dsv'
[3.223s] INFO:colcon.colcon_core.shell:Creating environment hook '/home/robomaven/ws/ros2_ws3/install/actions_py/share/actions_py/hook/ament_prefix_path.sh'
[3.223s] INFO:colcon.colcon_core.shell:Skip shell extension 'powershell' for command environment: Not usable outside of PowerShell
[3.223s] DEBUG:colcon.colcon_core.shell:Skip shell extension 'dsv' for command environment
[3.226s] DEBUG:colcon.colcon_core.event_handler.log_command:Invoking command in '/home/robomaven/ws/ros2_ws3/build/actions_cpp': AMENT_PREFIX_PATH=/home/robomaven/ws/ros2_ws3/install/my_robot_interfaces:${AMENT_PREFIX_PATH} CMAKE_PREFIX_PATH=/home/robomaven/ws/ros2_ws3/install/my_robot_interfaces:/home/robomaven/ws/ros2_ws3/install/actions_cpp:/home/robomaven/ws/ros2_ws3/install/actions_py:/opt/ros/humble LD_LIBRARY_PATH=/home/robomaven/ws/ros2_ws3/install/my_robot_interfaces/lib:/usr/lib/x86_64-linux-gnu/gazebo-11/plugins:/opt/ros/humble/opt/rviz_ogre_vendor/lib:/opt/ros/humble/lib/x86_64-linux-gnu:/opt/ros/humble/lib:/usr/share/gazebo/../../lib/x86_64-linux-gnu/gazebo-11/plugins PYTHONPATH=/home/robomaven/ws/ros2_ws3/install/my_robot_interfaces/local/lib/python3.10/dist-packages:${PYTHONPATH} /usr/bin/cmake /home/robomaven/ws/ros2_ws3/src/actions_cpp -DCMAKE_INSTALL_PREFIX=/home/robomaven/ws/ros2_ws3/install/actions_cpp
[3.389s] INFO:colcon.colcon_core.task.python.build:Building Python package in '/home/robomaven/ws/ros2_ws3/src/actions_py'
[3.389s] INFO:colcon.colcon_core.shell:Skip shell extension 'powershell' for command environment: Not usable outside of PowerShell
[3.389s] DEBUG:colcon.colcon_core.shell:Skip shell extension 'dsv' for command environment
[3.681s] DEBUG:colcon.colcon_core.event_handler.log_command:Invoking command in '/home/robomaven/ws/ros2_ws3/src/actions_py': AMENT_PREFIX_PATH=/home/robomaven/ws/ros2_ws3/install/my_robot_interfaces:${AMENT_PREFIX_PATH} CMAKE_PREFIX_PATH=/home/robomaven/ws/ros2_ws3/install/my_robot_interfaces:/home/robomaven/ws/ros2_ws3/install/actions_cpp LD_LIBRARY_PATH=/home/robomaven/ws/ros2_ws3/install/my_robot_interfaces/lib:/usr/lib/x86_64-linux-gnu/gazebo-11/plugins:/opt/ros/humble/opt/rviz_ogre_vendor/lib:/opt/ros/humble/lib/x86_64-linux-gnu:/opt/ros/humble/lib:/usr/share/gazebo/../../lib/x86_64-linux-gnu/gazebo-11/plugins PYTHONPATH=/home/robomaven/ws/ros2_ws3/build/actions_py/prefix_override:/home/robomaven/ws/ros2_ws3/install/actions_py/lib/python3.10/site-packages:/home/robomaven/ws/ros2_ws3/install/my_robot_interfaces/local/lib/python3.10/dist-packages:${PYTHONPATH} /usr/bin/python3 -W ignore:setup.py install is deprecated setup.py egg_info --egg-base ../../build/actions_py build --build-base /home/robomaven/ws/ros2_ws3/build/actions_py/build install --record /home/robomaven/ws/ros2_ws3/build/actions_py/install.log --single-version-externally-managed install_data
[3.866s] Level 1:colcon.colcon_core.environment:checking '/home/robomaven/ws/ros2_ws3/install/actions_py' for CMake module files
[3.866s] DEBUG:colcon.colcon_core.event_handler.log_command:Invoked command in '/home/robomaven/ws/ros2_ws3/src/actions_py' returned '0': AMENT_PREFIX_PATH=/home/robomaven/ws/ros2_ws3/install/my_robot_interfaces:${AMENT_PREFIX_PATH} CMAKE_PREFIX_PATH=/home/robomaven/ws/ros2_ws3/install/my_robot_interfaces:/home/robomaven/ws/ros2_ws3/install/actions_cpp LD_LIBRARY_PATH=/home/robomaven/ws/ros2_ws3/install/my_robot_interfaces/lib:/usr/lib/x86_64-linux-gnu/gazebo-11/plugins:/opt/ros/humble/opt/rviz_ogre_vendor/lib:/opt/ros/humble/lib/x86_64-linux-gnu:/opt/ros/humble/lib:/usr/share/gazebo/../../lib/x86_64-linux-gnu/gazebo-11/plugins PYTHONPATH=/home/robomaven/ws/ros2_ws3/build/actions_py/prefix_override:/home/robomaven/ws/ros2_ws3/install/actions_py/lib/python3.10/site-packages:/home/robomaven/ws/ros2_ws3/install/my_robot_interfaces/local/lib/python3.10/dist-packages:${PYTHONPATH} /usr/bin/python3 -W ignore:setup.py install is deprecated setup.py egg_info --egg-base ../../build/actions_py build --build-base /home/robomaven/ws/ros2_ws3/build/actions_py/build install --record /home/robomaven/ws/ros2_ws3/build/actions_py/install.log --single-version-externally-managed install_data
[3.867s] Level 1:colcon.colcon_core.environment:checking '/home/robomaven/ws/ros2_ws3/install/actions_py' for CMake config files
[3.867s] Level 1:colcon.colcon_core.environment:checking '/home/robomaven/ws/ros2_ws3/install/actions_py/lib'
[3.867s] Level 1:colcon.colcon_core.environment:checking '/home/robomaven/ws/ros2_ws3/install/actions_py/bin'
[3.867s] Level 1:colcon.colcon_core.environment:checking '/home/robomaven/ws/ros2_ws3/install/actions_py/lib/pkgconfig/actions_py.pc'
[3.867s] Level 1:colcon.colcon_core.environment:checking '/home/robomaven/ws/ros2_ws3/install/actions_py/lib/python3.10/site-packages'
[3.867s] Level 1:colcon.colcon_core.shell:create_environment_hook('actions_py', 'pythonpath')
[3.867s] INFO:colcon.colcon_core.shell:Creating environment hook '/home/robomaven/ws/ros2_ws3/install/actions_py/share/actions_py/hook/pythonpath.ps1'
[3.868s] INFO:colcon.colcon_core.shell:Creating environment descriptor '/home/robomaven/ws/ros2_ws3/install/actions_py/share/actions_py/hook/pythonpath.dsv'
[3.868s] INFO:colcon.colcon_core.shell:Creating environment hook '/home/robomaven/ws/ros2_ws3/install/actions_py/share/actions_py/hook/pythonpath.sh'
[3.868s] Level 1:colcon.colcon_core.environment:checking '/home/robomaven/ws/ros2_ws3/install/actions_py/bin'
[3.868s] Level 1:colcon.colcon_core.environment:create_environment_scripts_only(actions_py)
[3.868s] INFO:colcon.colcon_core.shell:Creating package script '/home/robomaven/ws/ros2_ws3/install/actions_py/share/actions_py/package.ps1'
[3.869s] INFO:colcon.colcon_core.shell:Creating package descriptor '/home/robomaven/ws/ros2_ws3/install/actions_py/share/actions_py/package.dsv'
[3.869s] INFO:colcon.colcon_core.shell:Creating package script '/home/robomaven/ws/ros2_ws3/install/actions_py/share/actions_py/package.sh'
[3.869s] INFO:colcon.colcon_core.shell:Creating package script '/home/robomaven/ws/ros2_ws3/install/actions_py/share/actions_py/package.bash'
[3.869s] INFO:colcon.colcon_core.shell:Creating package script '/home/robomaven/ws/ros2_ws3/install/actions_py/share/actions_py/package.zsh'
[3.869s] Level 1:colcon.colcon_core.environment:create_file_with_runtime_dependencies(/home/robomaven/ws/ros2_ws3/install/actions_py/share/colcon-core/packages/actions_py)
[4.216s] DEBUG:colcon.colcon_core.event_handler.log_command:Invoked command in '/home/robomaven/ws/ros2_ws3/build/actions_cpp' returned '0': AMENT_PREFIX_PATH=/home/robomaven/ws/ros2_ws3/install/my_robot_interfaces:${AMENT_PREFIX_PATH} CMAKE_PREFIX_PATH=/home/robomaven/ws/ros2_ws3/install/my_robot_interfaces:/home/robomaven/ws/ros2_ws3/install/actions_cpp:/home/robomaven/ws/ros2_ws3/install/actions_py:/opt/ros/humble LD_LIBRARY_PATH=/home/robomaven/ws/ros2_ws3/install/my_robot_interfaces/lib:/usr/lib/x86_64-linux-gnu/gazebo-11/plugins:/opt/ros/humble/opt/rviz_ogre_vendor/lib:/opt/ros/humble/lib/x86_64-linux-gnu:/opt/ros/humble/lib:/usr/share/gazebo/../../lib/x86_64-linux-gnu/gazebo-11/plugins PYTHONPATH=/home/robomaven/ws/ros2_ws3/install/my_robot_interfaces/local/lib/python3.10/dist-packages:${PYTHONPATH} /usr/bin/cmake /home/robomaven/ws/ros2_ws3/src/actions_cpp -DCMAKE_INSTALL_PREFIX=/home/robomaven/ws/ros2_ws3/install/actions_cpp
[4.216s] DEBUG:colcon.colcon_core.event_handler.log_command:Invoking command in '/home/robomaven/ws/ros2_ws3/build/actions_cpp': AMENT_PREFIX_PATH=/home/robomaven/ws/ros2_ws3/install/my_robot_interfaces:${AMENT_PREFIX_PATH} CMAKE_PREFIX_PATH=/home/robomaven/ws/ros2_ws3/install/my_robot_interfaces:/home/robomaven/ws/ros2_ws3/install/actions_cpp:/home/robomaven/ws/ros2_ws3/install/actions_py:/opt/ros/humble LD_LIBRARY_PATH=/home/robomaven/ws/ros2_ws3/install/my_robot_interfaces/lib:/usr/lib/x86_64-linux-gnu/gazebo-11/plugins:/opt/ros/humble/opt/rviz_ogre_vendor/lib:/opt/ros/humble/lib/x86_64-linux-gnu:/opt/ros/humble/lib:/usr/share/gazebo/../../lib/x86_64-linux-gnu/gazebo-11/plugins PYTHONPATH=/home/robomaven/ws/ros2_ws3/install/my_robot_interfaces/local/lib/python3.10/dist-packages:${PYTHONPATH} /usr/bin/cmake --build /home/robomaven/ws/ros2_ws3/build/actions_cpp -- -j20 -l20
[6.900s] DEBUG:colcon.colcon_core.event_handler.log_command:Invoked command in '/home/robomaven/ws/ros2_ws3/build/actions_cpp' returned '0': AMENT_PREFIX_PATH=/home/robomaven/ws/ros2_ws3/install/my_robot_interfaces:${AMENT_PREFIX_PATH} CMAKE_PREFIX_PATH=/home/robomaven/ws/ros2_ws3/install/my_robot_interfaces:/home/robomaven/ws/ros2_ws3/install/actions_cpp:/home/robomaven/ws/ros2_ws3/install/actions_py:/opt/ros/humble LD_LIBRARY_PATH=/home/robomaven/ws/ros2_ws3/install/my_robot_interfaces/lib:/usr/lib/x86_64-linux-gnu/gazebo-11/plugins:/opt/ros/humble/opt/rviz_ogre_vendor/lib:/opt/ros/humble/lib/x86_64-linux-gnu:/opt/ros/humble/lib:/usr/share/gazebo/../../lib/x86_64-linux-gnu/gazebo-11/plugins PYTHONPATH=/home/robomaven/ws/ros2_ws3/install/my_robot_interfaces/local/lib/python3.10/dist-packages:${PYTHONPATH} /usr/bin/cmake --build /home/robomaven/ws/ros2_ws3/build/actions_cpp -- -j20 -l20
[6.920s] DEBUG:colcon.colcon_core.event_handler.log_command:Invoking command in '/home/robomaven/ws/ros2_ws3/build/actions_cpp': AMENT_PREFIX_PATH=/home/robomaven/ws/ros2_ws3/install/my_robot_interfaces:${AMENT_PREFIX_PATH} CMAKE_PREFIX_PATH=/home/robomaven/ws/ros2_ws3/install/my_robot_interfaces:/home/robomaven/ws/ros2_ws3/install/actions_cpp:/home/robomaven/ws/ros2_ws3/install/actions_py:/opt/ros/humble LD_LIBRARY_PATH=/home/robomaven/ws/ros2_ws3/install/my_robot_interfaces/lib:/usr/lib/x86_64-linux-gnu/gazebo-11/plugins:/opt/ros/humble/opt/rviz_ogre_vendor/lib:/opt/ros/humble/lib/x86_64-linux-gnu:/opt/ros/humble/lib:/usr/share/gazebo/../../lib/x86_64-linux-gnu/gazebo-11/plugins PYTHONPATH=/home/robomaven/ws/ros2_ws3/install/my_robot_interfaces/local/lib/python3.10/dist-packages:${PYTHONPATH} /usr/bin/cmake --install /home/robomaven/ws/ros2_ws3/build/actions_cpp
[6.928s] Level 1:colcon.colcon_core.environment:create_environment_scripts_only(actions_cpp)
[6.929s] Level 1:colcon.colcon_core.environment:checking '/home/robomaven/ws/ros2_ws3/install/actions_cpp' for CMake module files
[6.929s] DEBUG:colcon.colcon_core.event_handler.log_command:Invoked command in '/home/robomaven/ws/ros2_ws3/build/actions_cpp' returned '0': AMENT_PREFIX_PATH=/home/robomaven/ws/ros2_ws3/install/my_robot_interfaces:${AMENT_PREFIX_PATH} CMAKE_PREFIX_PATH=/home/robomaven/ws/ros2_ws3/install/my_robot_interfaces:/home/robomaven/ws/ros2_ws3/install/actions_cpp:/home/robomaven/ws/ros2_ws3/install/actions_py:/opt/ros/humble LD_LIBRARY_PATH=/home/robomaven/ws/ros2_ws3/install/my_robot_interfaces/lib:/usr/lib/x86_64-linux-gnu/gazebo-11/plugins:/opt/ros/humble/opt/rviz_ogre_vendor/lib:/opt/ros/humble/lib/x86_64-linux-gnu:/opt/ros/humble/lib:/usr/share/gazebo/../../lib/x86_64-linux-gnu/gazebo-11/plugins PYTHONPATH=/home/robomaven/ws/ros2_ws3/install/my_robot_interfaces/local/lib/python3.10/dist-packages:${PYTHONPATH} /usr/bin/cmake --install /home/robomaven/ws/ros2_ws3/build/actions_cpp
[6.929s] Level 1:colcon.colcon_core.environment:checking '/home/robomaven/ws/ros2_ws3/install/actions_cpp' for CMake config files
[6.929s] Level 1:colcon.colcon_core.shell:create_environment_hook('actions_cpp', 'cmake_prefix_path')
[6.929s] INFO:colcon.colcon_core.shell:Creating environment hook '/home/robomaven/ws/ros2_ws3/install/actions_cpp/share/actions_cpp/hook/cmake_prefix_path.ps1'
[6.930s] INFO:colcon.colcon_core.shell:Creating environment descriptor '/home/robomaven/ws/ros2_ws3/install/actions_cpp/share/actions_cpp/hook/cmake_prefix_path.dsv'
[6.930s] INFO:colcon.colcon_core.shell:Creating environment hook '/home/robomaven/ws/ros2_ws3/install/actions_cpp/share/actions_cpp/hook/cmake_prefix_path.sh'
[6.930s] Level 1:colcon.colcon_core.environment:checking '/home/robomaven/ws/ros2_ws3/install/actions_cpp/lib'
[6.930s] Level 1:colcon.colcon_core.environment:checking '/home/robomaven/ws/ros2_ws3/install/actions_cpp/bin'
[6.930s] Level 1:colcon.colcon_core.environment:checking '/home/robomaven/ws/ros2_ws3/install/actions_cpp/lib/pkgconfig/actions_cpp.pc'
[6.930s] Level 1:colcon.colcon_core.environment:checking '/home/robomaven/ws/ros2_ws3/install/actions_cpp/lib/python3.10/site-packages'
[6.930s] Level 1:colcon.colcon_core.environment:checking '/home/robomaven/ws/ros2_ws3/install/actions_cpp/bin'
[6.931s] INFO:colcon.colcon_core.shell:Creating package script '/home/robomaven/ws/ros2_ws3/install/actions_cpp/share/actions_cpp/package.ps1'
[6.931s] INFO:colcon.colcon_core.shell:Creating package descriptor '/home/robomaven/ws/ros2_ws3/install/actions_cpp/share/actions_cpp/package.dsv'
[6.931s] INFO:colcon.colcon_core.shell:Creating package script '/home/robomaven/ws/ros2_ws3/install/actions_cpp/share/actions_cpp/package.sh'
[6.931s] INFO:colcon.colcon_core.shell:Creating package script '/home/robomaven/ws/ros2_ws3/install/actions_cpp/share/actions_cpp/package.bash'
[6.931s] INFO:colcon.colcon_core.shell:Creating package script '/home/robomaven/ws/ros2_ws3/install/actions_cpp/share/actions_cpp/package.zsh'
[6.931s] Level 1:colcon.colcon_core.environment:create_file_with_runtime_dependencies(/home/robomaven/ws/ros2_ws3/install/actions_cpp/share/colcon-core/packages/actions_cpp)
[6.953s] Level 1:colcon.colcon_core.environment:create_environment_scripts_only(actions_cpp)
[6.953s] Level 1:colcon.colcon_core.environment:checking '/home/robomaven/ws/ros2_ws3/install/actions_cpp' for CMake module files
[6.953s] Level 1:colcon.colcon_core.environment:checking '/home/robomaven/ws/ros2_ws3/install/actions_cpp' for CMake config files
[6.954s] Level 1:colcon.colcon_core.shell:create_environment_hook('actions_cpp', 'cmake_prefix_path')
[6.954s] INFO:colcon.colcon_core.shell:Creating environment hook '/home/robomaven/ws/ros2_ws3/install/actions_cpp/share/actions_cpp/hook/cmake_prefix_path.ps1'
[6.954s] INFO:colcon.colcon_core.shell:Creating environment descriptor '/home/robomaven/ws/ros2_ws3/install/actions_cpp/share/actions_cpp/hook/cmake_prefix_path.dsv'
[6.955s] INFO:colcon.colcon_core.shell:Creating environment hook '/home/robomaven/ws/ros2_ws3/install/actions_cpp/share/actions_cpp/hook/cmake_prefix_path.sh'
[6.955s] Level 1:colcon.colcon_core.environment:checking '/home/robomaven/ws/ros2_ws3/install/actions_cpp/lib'
[6.955s] Level 1:colcon.colcon_core.environment:checking '/home/robomaven/ws/ros2_ws3/install/actions_cpp/bin'
[6.956s] Level 1:colcon.colcon_core.environment:checking '/home/robomaven/ws/ros2_ws3/install/actions_cpp/lib/pkgconfig/actions_cpp.pc'
[6.956s] Level 1:colcon.colcon_core.environment:checking '/home/robomaven/ws/ros2_ws3/install/actions_cpp/lib/python3.10/site-packages'
[6.956s] Level 1:colcon.colcon_core.environment:checking '/home/robomaven/ws/ros2_ws3/install/actions_cpp/bin'
[6.956s] INFO:colcon.colcon_core.shell:Creating package script '/home/robomaven/ws/ros2_ws3/install/actions_cpp/share/actions_cpp/package.ps1'
[6.957s] INFO:colcon.colcon_core.shell:Creating package descriptor '/home/robomaven/ws/ros2_ws3/install/actions_cpp/share/actions_cpp/package.dsv'
[6.957s] INFO:colcon.colcon_core.shell:Creating package script '/home/robomaven/ws/ros2_ws3/install/actions_cpp/share/actions_cpp/package.sh'
[6.958s] INFO:colcon.colcon_core.shell:Creating package script '/home/robomaven/ws/ros2_ws3/install/actions_cpp/share/actions_cpp/package.bash'
[6.958s] INFO:colcon.colcon_core.shell:Creating package script '/home/robomaven/ws/ros2_ws3/install/actions_cpp/share/actions_cpp/package.zsh'
[6.959s] Level 1:colcon.colcon_core.environment:create_file_with_runtime_dependencies(/home/robomaven/ws/ros2_ws3/install/actions_cpp/share/colcon-core/packages/actions_cpp)
[6.959s] DEBUG:colcon.colcon_parallel_executor.executor.parallel:closing loop
[6.959s] DEBUG:colcon.colcon_parallel_executor.executor.parallel:loop closed
[6.959s] DEBUG:colcon.colcon_parallel_executor.executor.parallel:run_until_complete finished with '0'
[6.959s] DEBUG:colcon.colcon_core.event_reactor:joining thread
[6.963s] INFO:colcon.colcon_core.plugin_system:Skipping extension 'colcon_notification.desktop_notification.terminal_notifier': Not used on non-Darwin systems
[6.963s] INFO:colcon.colcon_core.plugin_system:Skipping extension 'colcon_notification.desktop_notification.win32': Not used on non-Windows systems
[6.963s] INFO:colcon.colcon_notification.desktop_notification:Sending desktop notification using 'notify2'
[6.969s] DEBUG:colcon.colcon_core.event_reactor:joined thread
[6.970s] INFO:colcon.colcon_core.shell:Creating prefix script '/home/robomaven/ws/ros2_ws3/install/local_setup.ps1'
[6.970s] INFO:colcon.colcon_core.shell:Creating prefix util module '/home/robomaven/ws/ros2_ws3/install/_local_setup_util_ps1.py'
[6.971s] INFO:colcon.colcon_core.shell:Creating prefix chain script '/home/robomaven/ws/ros2_ws3/install/setup.ps1'
[6.971s] INFO:colcon.colcon_core.shell:Creating prefix script '/home/robomaven/ws/ros2_ws3/install/local_setup.sh'
[6.972s] INFO:colcon.colcon_core.shell:Creating prefix util module '/home/robomaven/ws/ros2_ws3/install/_local_setup_util_sh.py'
[6.972s] INFO:colcon.colcon_core.shell:Creating prefix chain script '/home/robomaven/ws/ros2_ws3/install/setup.sh'
[6.973s] INFO:colcon.colcon_core.shell:Creating prefix script '/home/robomaven/ws/ros2_ws3/install/local_setup.bash'
[6.973s] INFO:colcon.colcon_core.shell:Creating prefix chain script '/home/robomaven/ws/ros2_ws3/install/setup.bash'
[6.974s] INFO:colcon.colcon_core.shell:Creating prefix script '/home/robomaven/ws/ros2_ws3/install/local_setup.zsh'
[6.974s] INFO:colcon.colcon_core.shell:Creating prefix chain script '/home/robomaven/ws/ros2_ws3/install/setup.zsh'
