[0.010s] Invoking command in '/home/robomaven/ws/ros2_ws2/build/my_robot_bringup': CMAKE_PREFIX_PATH=/home/robomaven/ws/ros2_ws2/install/my_robot_description:/home/robomaven/ws/ros2_ws2/install/my_robot_bringup:/home/robomaven/ws/tb3_ws/install/turtlebot3_simulations:/home/robomaven/ws/tb3_ws/install/turtlebot3_gazebo:/home/robomaven/ws/tb3_ws/install/turtlebot3_fake_node:/opt/ros/humble /usr/bin/cmake --build /home/robomaven/ws/ros2_ws2/build/my_robot_bringup -- -j20 -l20
[0.050s] Invoked command in '/home/robomaven/ws/ros2_ws2/build/my_robot_bringup' returned '0': CMAKE_PREFIX_PATH=/home/robomaven/ws/ros2_ws2/install/my_robot_description:/home/robomaven/ws/ros2_ws2/install/my_robot_bringup:/home/robomaven/ws/tb3_ws/install/turtlebot3_simulations:/home/robomaven/ws/tb3_ws/install/turtlebot3_gazebo:/home/robomaven/ws/tb3_ws/install/turtlebot3_fake_node:/opt/ros/humble /usr/bin/cmake --build /home/robomaven/ws/ros2_ws2/build/my_robot_bringup -- -j20 -l20
[0.073s] Invoking command in '/home/robomaven/ws/ros2_ws2/build/my_robot_bringup': CMAKE_PREFIX_PATH=/home/robomaven/ws/ros2_ws2/install/my_robot_description:/home/robomaven/ws/ros2_ws2/install/my_robot_bringup:/home/robomaven/ws/tb3_ws/install/turtlebot3_simulations:/home/robomaven/ws/tb3_ws/install/turtlebot3_gazebo:/home/robomaven/ws/tb3_ws/install/turtlebot3_fake_node:/opt/ros/humble /usr/bin/cmake --install /home/robomaven/ws/ros2_ws2/build/my_robot_bringup
[0.080s] -- Install configuration: ""
[0.080s] -- Up-to-date: /home/robomaven/ws/ros2_ws2/install/my_robot_bringup/share/my_robot_bringup//launch
[0.080s] -- Installing: /home/robomaven/ws/ros2_ws2/install/my_robot_bringup/share/my_robot_bringup//launch/my_robot_gazebo.launch.xml
[0.080s] -- Up-to-date: /home/robomaven/ws/ros2_ws2/install/my_robot_bringup/share/my_robot_bringup//rviz
[0.080s] -- Up-to-date: /home/robomaven/ws/ros2_ws2/install/my_robot_bringup/share/my_robot_bringup//rviz/urdf_config.rviz
[0.080s] -- Up-to-date: /home/robomaven/ws/ros2_ws2/install/my_robot_bringup/share/my_robot_bringup//worlds
[0.080s] -- Up-to-date: /home/robomaven/ws/ros2_ws2/install/my_robot_bringup/share/my_robot_bringup//worlds/test_world.world
[0.080s] -- Up-to-date: /home/robomaven/ws/ros2_ws2/install/my_robot_bringup/share/ament_index/resource_index/package_run_dependencies/my_robot_bringup
[0.080s] -- Up-to-date: /home/robomaven/ws/ros2_ws2/install/my_robot_bringup/share/ament_index/resource_index/parent_prefix_path/my_robot_bringup
[0.081s] -- Up-to-date: /home/robomaven/ws/ros2_ws2/install/my_robot_bringup/share/my_robot_bringup/environment/ament_prefix_path.sh
[0.081s] -- Up-to-date: /home/robomaven/ws/ros2_ws2/install/my_robot_bringup/share/my_robot_bringup/environment/ament_prefix_path.dsv
[0.081s] -- Up-to-date: /home/robomaven/ws/ros2_ws2/install/my_robot_bringup/share/my_robot_bringup/environment/path.sh
[0.081s] -- Up-to-date: /home/robomaven/ws/ros2_ws2/install/my_robot_bringup/share/my_robot_bringup/environment/path.dsv
[0.081s] -- Up-to-date: /home/robomaven/ws/ros2_ws2/install/my_robot_bringup/share/my_robot_bringup/local_setup.bash
[0.081s] -- Up-to-date: /home/robomaven/ws/ros2_ws2/install/my_robot_bringup/share/my_robot_bringup/local_setup.sh
[0.081s] -- Up-to-date: /home/robomaven/ws/ros2_ws2/install/my_robot_bringup/share/my_robot_bringup/local_setup.zsh
[0.081s] -- Up-to-date: /home/robomaven/ws/ros2_ws2/install/my_robot_bringup/share/my_robot_bringup/local_setup.dsv
[0.081s] -- Installing: /home/robomaven/ws/ros2_ws2/install/my_robot_bringup/share/my_robot_bringup/package.dsv
[0.081s] -- Up-to-date: /home/robomaven/ws/ros2_ws2/install/my_robot_bringup/share/ament_index/resource_index/packages/my_robot_bringup
[0.081s] -- Up-to-date: /home/robomaven/ws/ros2_ws2/install/my_robot_bringup/share/my_robot_bringup/cmake/my_robot_bringupConfig.cmake
[0.081s] -- Up-to-date: /home/robomaven/ws/ros2_ws2/install/my_robot_bringup/share/my_robot_bringup/cmake/my_robot_bringupConfig-version.cmake
[0.081s] -- Up-to-date: /home/robomaven/ws/ros2_ws2/install/my_robot_bringup/share/my_robot_bringup/package.xml
[0.083s] Invoked command in '/home/robomaven/ws/ros2_ws2/build/my_robot_bringup' returned '0': CMAKE_PREFIX_PATH=/home/robomaven/ws/ros2_ws2/install/my_robot_description:/home/robomaven/ws/ros2_ws2/install/my_robot_bringup:/home/robomaven/ws/tb3_ws/install/turtlebot3_simulations:/home/robomaven/ws/tb3_ws/install/turtlebot3_gazebo:/home/robomaven/ws/tb3_ws/install/turtlebot3_fake_node:/opt/ros/humble /usr/bin/cmake --install /home/robomaven/ws/ros2_ws2/build/my_robot_bringup
