-- Found ament_cmake: 1.3.8 (/opt/ros/humble/share/ament_cmake/cmake)
-- Override CMake install command with custom implementation using symlinks instead of copying resources
-- Configuring done
-- Generating done
-- Build files have been written to: /home/robomaven/activity1_ws/build/activity1_robot_bringup
-- Install configuration: ""
-- Execute custom install script
-- Symlinking: /home/robomaven/activity1_ws/install/activity1_robot_bringup/share/activity1_robot_bringup/launch/number_app.launch.py
-- Symlinking: /home/robomaven/activity1_ws/install/activity1_robot_bringup/share/ament_index/resource_index/package_run_dependencies/activity1_robot_bringup
-- Symlinking: /home/robomaven/activity1_ws/install/activity1_robot_bringup/share/ament_index/resource_index/parent_prefix_path/activity1_robot_bringup
-- Symlinking: /home/robomaven/activity1_ws/install/activity1_robot_bringup/share/activity1_robot_bringup/environment/ament_prefix_path.sh
-- Symlinking: /home/robomaven/activity1_ws/install/activity1_robot_bringup/share/activity1_robot_bringup/environment/ament_prefix_path.dsv
-- Symlinking: /home/robomaven/activity1_ws/install/activity1_robot_bringup/share/activity1_robot_bringup/environment/path.sh
-- Symlinking: /home/robomaven/activity1_ws/install/activity1_robot_bringup/share/activity1_robot_bringup/environment/path.dsv
-- Symlinking: /home/robomaven/activity1_ws/install/activity1_robot_bringup/share/activity1_robot_bringup/local_setup.bash
-- Symlinking: /home/robomaven/activity1_ws/install/activity1_robot_bringup/share/activity1_robot_bringup/local_setup.sh
-- Symlinking: /home/robomaven/activity1_ws/install/activity1_robot_bringup/share/activity1_robot_bringup/local_setup.zsh
-- Symlinking: /home/robomaven/activity1_ws/install/activity1_robot_bringup/share/activity1_robot_bringup/local_setup.dsv
-- Symlinking: /home/robomaven/activity1_ws/install/activity1_robot_bringup/share/activity1_robot_bringup/package.dsv
-- Symlinking: /home/robomaven/activity1_ws/install/activity1_robot_bringup/share/ament_index/resource_index/packages/activity1_robot_bringup
-- Symlinking: /home/robomaven/activity1_ws/install/activity1_robot_bringup/share/activity1_robot_bringup/cmake/activity1_robot_bringupConfig.cmake
-- Symlinking: /home/robomaven/activity1_ws/install/activity1_robot_bringup/share/activity1_robot_bringup/cmake/activity1_robot_bringupConfig-version.cmake
-- Symlinking: /home/robomaven/activity1_ws/install/activity1_robot_bringup/share/activity1_robot_bringup/package.xml
