[0.008s] Invoking command in '/home/robomaven/ws/ros2_ws3/build/actions_cpp': CMAKE_PREFIX_PATH=/home/robomaven/ws/ros2_ws3/install/my_robot_interfaces:/home/robomaven/ws/ros2_ws3/install/actions_cpp:/home/robomaven/ws/ros2_ws3/install/actions_py:/opt/ros/humble LD_LIBRARY_PATH=/home/robomaven/ws/ros2_ws3/install/my_robot_interfaces/lib:/usr/lib/x86_64-linux-gnu/gazebo-11/plugins:/opt/ros/humble/opt/rviz_ogre_vendor/lib:/opt/ros/humble/lib/x86_64-linux-gnu:/opt/ros/humble/lib:/usr/share/gazebo/../../lib/x86_64-linux-gnu/gazebo-11/plugins /usr/bin/cmake --build /home/robomaven/ws/ros2_ws3/build/actions_cpp -- -j20 -l20
[0.042s] [35m[1mConsolidate compiler generated dependencies of target count_until_server_queue_goal[0m
[0.050s] [ 66%] Built target count_until_server
[0.050s] [ 66%] Built target count_until_client
[0.052s] [100%] Built target count_until_server_queue_goal
[0.060s] Invoked command in '/home/robomaven/ws/ros2_ws3/build/actions_cpp' returned '0': CMAKE_PREFIX_PATH=/home/robomaven/ws/ros2_ws3/install/my_robot_interfaces:/home/robomaven/ws/ros2_ws3/install/actions_cpp:/home/robomaven/ws/ros2_ws3/install/actions_py:/opt/ros/humble LD_LIBRARY_PATH=/home/robomaven/ws/ros2_ws3/install/my_robot_interfaces/lib:/usr/lib/x86_64-linux-gnu/gazebo-11/plugins:/opt/ros/humble/opt/rviz_ogre_vendor/lib:/opt/ros/humble/lib/x86_64-linux-gnu:/opt/ros/humble/lib:/usr/share/gazebo/../../lib/x86_64-linux-gnu/gazebo-11/plugins /usr/bin/cmake --build /home/robomaven/ws/ros2_ws3/build/actions_cpp -- -j20 -l20
[0.102s] Invoking command in '/home/robomaven/ws/ros2_ws3/build/actions_cpp': CMAKE_PREFIX_PATH=/home/robomaven/ws/ros2_ws3/install/my_robot_interfaces:/home/robomaven/ws/ros2_ws3/install/actions_cpp:/home/robomaven/ws/ros2_ws3/install/actions_py:/opt/ros/humble LD_LIBRARY_PATH=/home/robomaven/ws/ros2_ws3/install/my_robot_interfaces/lib:/usr/lib/x86_64-linux-gnu/gazebo-11/plugins:/opt/ros/humble/opt/rviz_ogre_vendor/lib:/opt/ros/humble/lib/x86_64-linux-gnu:/opt/ros/humble/lib:/usr/share/gazebo/../../lib/x86_64-linux-gnu/gazebo-11/plugins /usr/bin/cmake --install /home/robomaven/ws/ros2_ws3/build/actions_cpp
[0.110s] -- Install configuration: ""
[0.110s] -- Up-to-date: /home/robomaven/ws/ros2_ws3/install/actions_cpp/lib/actions_cpp/count_until_client
[0.110s] -- Up-to-date: /home/robomaven/ws/ros2_ws3/install/actions_cpp/lib/actions_cpp/count_until_server
[0.110s] -- Up-to-date: /home/robomaven/ws/ros2_ws3/install/actions_cpp/lib/actions_cpp/count_until_server_queue_goal
[0.111s] -- Up-to-date: /home/robomaven/ws/ros2_ws3/install/actions_cpp/share/ament_index/resource_index/package_run_dependencies/actions_cpp
[0.111s] -- Up-to-date: /home/robomaven/ws/ros2_ws3/install/actions_cpp/share/ament_index/resource_index/parent_prefix_path/actions_cpp
[0.111s] -- Up-to-date: /home/robomaven/ws/ros2_ws3/install/actions_cpp/share/actions_cpp/environment/ament_prefix_path.sh
[0.111s] -- Up-to-date: /home/robomaven/ws/ros2_ws3/install/actions_cpp/share/actions_cpp/environment/ament_prefix_path.dsv
[0.111s] -- Up-to-date: /home/robomaven/ws/ros2_ws3/install/actions_cpp/share/actions_cpp/environment/path.sh
[0.111s] -- Up-to-date: /home/robomaven/ws/ros2_ws3/install/actions_cpp/share/actions_cpp/environment/path.dsv
[0.111s] -- Up-to-date: /home/robomaven/ws/ros2_ws3/install/actions_cpp/share/actions_cpp/local_setup.bash
[0.112s] -- Up-to-date: /home/robomaven/ws/ros2_ws3/install/actions_cpp/share/actions_cpp/local_setup.sh
[0.112s] -- Up-to-date: /home/robomaven/ws/ros2_ws3/install/actions_cpp/share/actions_cpp/local_setup.zsh
[0.112s] -- Up-to-date: /home/robomaven/ws/ros2_ws3/install/actions_cpp/share/actions_cpp/local_setup.dsv
[0.112s] -- Installing: /home/robomaven/ws/ros2_ws3/install/actions_cpp/share/actions_cpp/package.dsv
[0.112s] -- Up-to-date: /home/robomaven/ws/ros2_ws3/install/actions_cpp/share/ament_index/resource_index/packages/actions_cpp
[0.112s] -- Up-to-date: /home/robomaven/ws/ros2_ws3/install/actions_cpp/share/actions_cpp/cmake/actions_cppConfig.cmake
[0.112s] -- Up-to-date: /home/robomaven/ws/ros2_ws3/install/actions_cpp/share/actions_cpp/cmake/actions_cppConfig-version.cmake
[0.112s] -- Up-to-date: /home/robomaven/ws/ros2_ws3/install/actions_cpp/share/actions_cpp/package.xml
[0.114s] Invoked command in '/home/robomaven/ws/ros2_ws3/build/actions_cpp' returned '0': CMAKE_PREFIX_PATH=/home/robomaven/ws/ros2_ws3/install/my_robot_interfaces:/home/robomaven/ws/ros2_ws3/install/actions_cpp:/home/robomaven/ws/ros2_ws3/install/actions_py:/opt/ros/humble LD_LIBRARY_PATH=/home/robomaven/ws/ros2_ws3/install/my_robot_interfaces/lib:/usr/lib/x86_64-linux-gnu/gazebo-11/plugins:/opt/ros/humble/opt/rviz_ogre_vendor/lib:/opt/ros/humble/lib/x86_64-linux-gnu:/opt/ros/humble/lib:/usr/share/gazebo/../../lib/x86_64-linux-gnu/gazebo-11/plugins /usr/bin/cmake --install /home/robomaven/ws/ros2_ws3/build/actions_cpp
