[0.641s] Invoking command in '/home/robomaven/turtlebot3_ws/src/turtlebot3/turtlebot3_teleop': PYTHONPATH=/home/robomaven/turtlebot3_ws/build/turtlebot3_teleop/prefix_override:/home/robomaven/turtlebot3_ws/install/turtlebot3_teleop/lib/python3.10/site-packages:${PYTHONPATH} /usr/bin/python3 -W ignore:setup.py install is deprecated setup.py egg_info --egg-base ../../../build/turtlebot3_teleop build --build-base /home/robomaven/turtlebot3_ws/build/turtlebot3_teleop/build install --record /home/robomaven/turtlebot3_ws/build/turtlebot3_teleop/install.log --single-version-externally-managed install_data
[0.789s] running egg_info
[0.789s] creating ../../../build/turtlebot3_teleop/turtlebot3_teleop.egg-info
[0.790s] writing ../../../build/turtlebot3_teleop/turtlebot3_teleop.egg-info/PKG-INFO
[0.790s] writing dependency_links to ../../../build/turtlebot3_teleop/turtlebot3_teleop.egg-info/dependency_links.txt
[0.790s] writing entry points to ../../../build/turtlebot3_teleop/turtlebot3_teleop.egg-info/entry_points.txt
[0.790s] writing requirements to ../../../build/turtlebot3_teleop/turtlebot3_teleop.egg-info/requires.txt
[0.790s] writing top-level names to ../../../build/turtlebot3_teleop/turtlebot3_teleop.egg-info/top_level.txt
[0.790s] writing manifest file '../../../build/turtlebot3_teleop/turtlebot3_teleop.egg-info/SOURCES.txt'
[0.791s] reading manifest file '../../../build/turtlebot3_teleop/turtlebot3_teleop.egg-info/SOURCES.txt'
[0.791s] writing manifest file '../../../build/turtlebot3_teleop/turtlebot3_teleop.egg-info/SOURCES.txt'
[0.791s] running build
[0.791s] running build_py
[0.791s] creating /home/robomaven/turtlebot3_ws/build/turtlebot3_teleop/build
[0.792s] creating /home/robomaven/turtlebot3_ws/build/turtlebot3_teleop/build/lib
[0.792s] creating /home/robomaven/turtlebot3_ws/build/turtlebot3_teleop/build/lib/turtlebot3_teleop
[0.792s] copying turtlebot3_teleop/__init__.py -> /home/robomaven/turtlebot3_ws/build/turtlebot3_teleop/build/lib/turtlebot3_teleop
[0.792s] creating /home/robomaven/turtlebot3_ws/build/turtlebot3_teleop/build/lib/turtlebot3_teleop/script
[0.792s] copying turtlebot3_teleop/script/teleop_keyboard.py -> /home/robomaven/turtlebot3_ws/build/turtlebot3_teleop/build/lib/turtlebot3_teleop/script
[0.792s] copying turtlebot3_teleop/script/__init__.py -> /home/robomaven/turtlebot3_ws/build/turtlebot3_teleop/build/lib/turtlebot3_teleop/script
[0.792s] running install
[0.792s] running install_lib
[0.793s] creating /home/robomaven/turtlebot3_ws/install/turtlebot3_teleop/lib/python3.10/site-packages/turtlebot3_teleop
[0.793s] copying /home/robomaven/turtlebot3_ws/build/turtlebot3_teleop/build/lib/turtlebot3_teleop/__init__.py -> /home/robomaven/turtlebot3_ws/install/turtlebot3_teleop/lib/python3.10/site-packages/turtlebot3_teleop
[0.793s] creating /home/robomaven/turtlebot3_ws/install/turtlebot3_teleop/lib/python3.10/site-packages/turtlebot3_teleop/script
[0.793s] copying /home/robomaven/turtlebot3_ws/build/turtlebot3_teleop/build/lib/turtlebot3_teleop/script/teleop_keyboard.py -> /home/robomaven/turtlebot3_ws/install/turtlebot3_teleop/lib/python3.10/site-packages/turtlebot3_teleop/script
[0.793s] copying /home/robomaven/turtlebot3_ws/build/turtlebot3_teleop/build/lib/turtlebot3_teleop/script/__init__.py -> /home/robomaven/turtlebot3_ws/install/turtlebot3_teleop/lib/python3.10/site-packages/turtlebot3_teleop/script
[0.793s] byte-compiling /home/robomaven/turtlebot3_ws/install/turtlebot3_teleop/lib/python3.10/site-packages/turtlebot3_teleop/__init__.py to __init__.cpython-310.pyc
[0.793s] byte-compiling /home/robomaven/turtlebot3_ws/install/turtlebot3_teleop/lib/python3.10/site-packages/turtlebot3_teleop/script/teleop_keyboard.py to teleop_keyboard.cpython-310.pyc
[0.794s] byte-compiling /home/robomaven/turtlebot3_ws/install/turtlebot3_teleop/lib/python3.10/site-packages/turtlebot3_teleop/script/__init__.py to __init__.cpython-310.pyc
[0.794s] running install_data
[0.794s] creating /home/robomaven/turtlebot3_ws/install/turtlebot3_teleop/share/ament_index
[0.794s] creating /home/robomaven/turtlebot3_ws/install/turtlebot3_teleop/share/ament_index/resource_index
[0.794s] creating /home/robomaven/turtlebot3_ws/install/turtlebot3_teleop/share/ament_index/resource_index/packages
[0.794s] copying resource/turtlebot3_teleop -> /home/robomaven/turtlebot3_ws/install/turtlebot3_teleop/share/ament_index/resource_index/packages
[0.794s] copying package.xml -> /home/robomaven/turtlebot3_ws/install/turtlebot3_teleop/share/turtlebot3_teleop
[0.794s] running install_egg_info
[0.795s] Copying ../../../build/turtlebot3_teleop/turtlebot3_teleop.egg-info to /home/robomaven/turtlebot3_ws/install/turtlebot3_teleop/lib/python3.10/site-packages/turtlebot3_teleop-2.1.5-py3.10.egg-info
[0.796s] running install_scripts
[0.808s] Installing teleop_keyboard script to /home/robomaven/turtlebot3_ws/install/turtlebot3_teleop/lib/turtlebot3_teleop
[0.809s] writing list of installed files to '/home/robomaven/turtlebot3_ws/build/turtlebot3_teleop/install.log'
[0.826s] Invoked command in '/home/robomaven/turtlebot3_ws/src/turtlebot3/turtlebot3_teleop' returned '0': PYTHONPATH=/home/robomaven/turtlebot3_ws/build/turtlebot3_teleop/prefix_override:/home/robomaven/turtlebot3_ws/install/turtlebot3_teleop/lib/python3.10/site-packages:${PYTHONPATH} /usr/bin/python3 -W ignore:setup.py install is deprecated setup.py egg_info --egg-base ../../../build/turtlebot3_teleop build --build-base /home/robomaven/turtlebot3_ws/build/turtlebot3_teleop/build install --record /home/robomaven/turtlebot3_ws/build/turtlebot3_teleop/install.log --single-version-externally-managed install_data
