[0.634s] Invoking command in '/home/robomaven/ws/ws_moveit2/launch_param_builder': PYTHONPATH=/home/robomaven/ws/ws_moveit2/build/launch_param_builder/prefix_override:/home/robomaven/ws/ws_moveit2/install/launch_param_builder/lib/python3.10/site-packages:${PYTHONPATH} /usr/bin/python3 -W ignore:setup.py install is deprecated setup.py egg_info --egg-base ../build/launch_param_builder build --build-base /home/robomaven/ws/ws_moveit2/build/launch_param_builder/build install --record /home/robomaven/ws/ws_moveit2/build/launch_param_builder/install.log --single-version-externally-managed install_data
[0.930s] running egg_info
[0.930s] writing ../build/launch_param_builder/launch_param_builder.egg-info/PKG-INFO
[0.931s] writing dependency_links to ../build/launch_param_builder/launch_param_builder.egg-info/dependency_links.txt
[0.931s] writing entry points to ../build/launch_param_builder/launch_param_builder.egg-info/entry_points.txt
[0.931s] writing requirements to ../build/launch_param_builder/launch_param_builder.egg-info/requires.txt
[0.931s] writing top-level names to ../build/launch_param_builder/launch_param_builder.egg-info/top_level.txt
[0.934s] reading manifest file '../build/launch_param_builder/launch_param_builder.egg-info/SOURCES.txt'
[0.934s] adding license file 'LICENSE'
[0.935s] writing manifest file '../build/launch_param_builder/launch_param_builder.egg-info/SOURCES.txt'
[0.935s] running build
[0.935s] running build_py
[0.936s] running install
[0.936s] running install_lib
[0.938s] running install_data
[0.938s] running install_egg_info
[0.940s] removing '/home/robomaven/ws/ws_moveit2/install/launch_param_builder/lib/python3.10/site-packages/launch_param_builder-0.1.1-py3.10.egg-info' (and everything under it)
[0.941s] Copying ../build/launch_param_builder/launch_param_builder.egg-info to /home/robomaven/ws/ws_moveit2/install/launch_param_builder/lib/python3.10/site-packages/launch_param_builder-0.1.1-py3.10.egg-info
[0.943s] running install_scripts
[0.967s] writing list of installed files to '/home/robomaven/ws/ws_moveit2/build/launch_param_builder/install.log'
[1.000s] Invoked command in '/home/robomaven/ws/ws_moveit2/launch_param_builder' returned '0': PYTHONPATH=/home/robomaven/ws/ws_moveit2/build/launch_param_builder/prefix_override:/home/robomaven/ws/ws_moveit2/install/launch_param_builder/lib/python3.10/site-packages:${PYTHONPATH} /usr/bin/python3 -W ignore:setup.py install is deprecated setup.py egg_info --egg-base ../build/launch_param_builder build --build-base /home/robomaven/ws/ws_moveit2/build/launch_param_builder/build install --record /home/robomaven/ws/ws_moveit2/build/launch_param_builder/install.log --single-version-externally-managed install_data
