[0.022s] Invoking command in '/home/robomaven/ws/ws_moveit2/build/srdfdom': CMAKE_PREFIX_PATH=/opt/ros/humble /usr/bin/cmake --build /home/robomaven/ws/ws_moveit2/build/srdfdom -- -j20 -l20
[0.196s] [35m[1mConsolidate compiler generated dependencies of target gtest_main[0m
[0.196s] [35m[1mConsolidate compiler generated dependencies of target srdfdom[0m
[0.196s] [  9%] [32mBuilding CXX object gtest/CMakeFiles/gtest.dir/src/gtest-all.cc.o[0m
[0.196s] [ 27%] Built target gtest_main
[0.197s] [ 54%] Built target srdfdom
[0.197s] [ 54%] Built target ament_cmake_python_copy_srdfdom
[0.211s] running egg_info
[0.212s] writing srdfdom.egg-info/PKG-INFO
[0.212s] writing dependency_links to srdfdom.egg-info/dependency_links.txt
[0.212s] writing top-level names to srdfdom.egg-info/top_level.txt
[0.212s] reading manifest file 'srdfdom.egg-info/SOURCES.txt'
[0.213s] writing manifest file 'srdfdom.egg-info/SOURCES.txt'
[0.243s] [ 54%] Built target ament_cmake_python_build_srdfdom_egg
[5.772s] [ 63%] [32m[1mLinking CXX static library libgtest.a[0m
[5.802s] [ 63%] Built target gtest
[5.817s] [ 72%] [32mBuilding CXX object CMakeFiles/test_cpp_nl_NL.UTF-8.dir/test/test_parser.cpp.o[0m
[5.817s] [ 81%] [32mBuilding CXX object CMakeFiles/test_cpp_C.dir/test/test_parser.cpp.o[0m
[7.336s] [100%] [32m[1mLinking CXX executable test_cpp_nl_NL.UTF-8[0m
[7.336s] [100%] [32m[1mLinking CXX executable test_cpp_C[0m
[7.402s] [100%] Built target test_cpp_C
[7.402s] [100%] Built target test_cpp_nl_NL.UTF-8
[7.411s] Invoked command in '/home/robomaven/ws/ws_moveit2/build/srdfdom' returned '0': CMAKE_PREFIX_PATH=/opt/ros/humble /usr/bin/cmake --build /home/robomaven/ws/ws_moveit2/build/srdfdom -- -j20 -l20
[7.432s] Invoking command in '/home/robomaven/ws/ws_moveit2/build/srdfdom': CMAKE_PREFIX_PATH=/opt/ros/humble /usr/bin/cmake --install /home/robomaven/ws/ws_moveit2/build/srdfdom
[7.437s] -- Install configuration: "Release"
[7.437s] -- Installing: /home/robomaven/ws/ws_moveit2/install/srdfdom/lib/libsrdfdom.so.2.0.4
[7.438s] -- Set runtime path of "/home/robomaven/ws/ws_moveit2/install/srdfdom/lib/libsrdfdom.so.2.0.4" to ""
[7.438s] -- Installing: /home/robomaven/ws/ws_moveit2/install/srdfdom/lib/libsrdfdom.so
[7.438s] -- Installing: /home/robomaven/ws/ws_moveit2/install/srdfdom/include/srdfdom
[7.438s] -- Installing: /home/robomaven/ws/ws_moveit2/install/srdfdom/include/srdfdom/srdf_writer.h
[7.438s] -- Installing: /home/robomaven/ws/ws_moveit2/install/srdfdom/include/srdfdom/visibility_control.h
[7.438s] -- Installing: /home/robomaven/ws/ws_moveit2/install/srdfdom/include/srdfdom/model.h
[7.438s] -- Installing: /home/robomaven/ws/ws_moveit2/install/srdfdom/lib/srdfdom/display_srdf
[7.438s] -- Installing: /home/robomaven/ws/ws_moveit2/install/srdfdom/share/srdfdom/environment/pythonpath.sh
[7.438s] -- Installing: /home/robomaven/ws/ws_moveit2/install/srdfdom/share/srdfdom/environment/pythonpath.dsv
[7.438s] -- Installing: /home/robomaven/ws/ws_moveit2/install/srdfdom/local/lib/python3.10/dist-packages/srdfdom-2.0.4-py3.10.egg-info
[7.438s] -- Installing: /home/robomaven/ws/ws_moveit2/install/srdfdom/local/lib/python3.10/dist-packages/srdfdom-2.0.4-py3.10.egg-info/top_level.txt
[7.438s] -- Installing: /home/robomaven/ws/ws_moveit2/install/srdfdom/local/lib/python3.10/dist-packages/srdfdom-2.0.4-py3.10.egg-info/PKG-INFO
[7.438s] -- Installing: /home/robomaven/ws/ws_moveit2/install/srdfdom/local/lib/python3.10/dist-packages/srdfdom-2.0.4-py3.10.egg-info/SOURCES.txt
[7.438s] -- Installing: /home/robomaven/ws/ws_moveit2/install/srdfdom/local/lib/python3.10/dist-packages/srdfdom-2.0.4-py3.10.egg-info/dependency_links.txt
[7.438s] -- Installing: /home/robomaven/ws/ws_moveit2/install/srdfdom/local/lib/python3.10/dist-packages/srdfdom
[7.438s] -- Installing: /home/robomaven/ws/ws_moveit2/install/srdfdom/local/lib/python3.10/dist-packages/srdfdom/srdf.py
[7.438s] -- Installing: /home/robomaven/ws/ws_moveit2/install/srdfdom/local/lib/python3.10/dist-packages/srdfdom/__init__.py
[7.460s] Listing '/home/robomaven/ws/ws_moveit2/install/srdfdom/local/lib/python3.10/dist-packages/srdfdom'...
[7.460s] Compiling '/home/robomaven/ws/ws_moveit2/install/srdfdom/local/lib/python3.10/dist-packages/srdfdom/__init__.py'...
[7.461s] Compiling '/home/robomaven/ws/ws_moveit2/install/srdfdom/local/lib/python3.10/dist-packages/srdfdom/srdf.py'...
[7.464s] -- Installing: /home/robomaven/ws/ws_moveit2/install/srdfdom/share/srdfdom/environment/library_path.sh
[7.464s] -- Installing: /home/robomaven/ws/ws_moveit2/install/srdfdom/share/srdfdom/environment/library_path.dsv
[7.464s] -- Installing: /home/robomaven/ws/ws_moveit2/install/srdfdom/share/ament_index/resource_index/package_run_dependencies/srdfdom
[7.464s] -- Installing: /home/robomaven/ws/ws_moveit2/install/srdfdom/share/ament_index/resource_index/parent_prefix_path/srdfdom
[7.464s] -- Installing: /home/robomaven/ws/ws_moveit2/install/srdfdom/share/srdfdom/environment/ament_prefix_path.sh
[7.464s] -- Installing: /home/robomaven/ws/ws_moveit2/install/srdfdom/share/srdfdom/environment/ament_prefix_path.dsv
[7.464s] -- Installing: /home/robomaven/ws/ws_moveit2/install/srdfdom/share/srdfdom/environment/path.sh
[7.464s] -- Installing: /home/robomaven/ws/ws_moveit2/install/srdfdom/share/srdfdom/environment/path.dsv
[7.464s] -- Installing: /home/robomaven/ws/ws_moveit2/install/srdfdom/share/srdfdom/local_setup.bash
[7.464s] -- Installing: /home/robomaven/ws/ws_moveit2/install/srdfdom/share/srdfdom/local_setup.sh
[7.464s] -- Installing: /home/robomaven/ws/ws_moveit2/install/srdfdom/share/srdfdom/local_setup.zsh
[7.464s] -- Installing: /home/robomaven/ws/ws_moveit2/install/srdfdom/share/srdfdom/local_setup.dsv
[7.464s] -- Installing: /home/robomaven/ws/ws_moveit2/install/srdfdom/share/srdfdom/package.dsv
[7.465s] -- Installing: /home/robomaven/ws/ws_moveit2/install/srdfdom/share/ament_index/resource_index/packages/srdfdom
[7.465s] -- Installing: /home/robomaven/ws/ws_moveit2/install/srdfdom/share/srdfdom/cmake/srdfdomTargetsExport.cmake
[7.465s] -- Installing: /home/robomaven/ws/ws_moveit2/install/srdfdom/share/srdfdom/cmake/srdfdomTargetsExport-release.cmake
[7.465s] -- Installing: /home/robomaven/ws/ws_moveit2/install/srdfdom/share/srdfdom/cmake/ament_cmake_export_targets-extras.cmake
[7.465s] -- Installing: /home/robomaven/ws/ws_moveit2/install/srdfdom/share/srdfdom/cmake/ament_cmake_export_dependencies-extras.cmake
[7.465s] -- Installing: /home/robomaven/ws/ws_moveit2/install/srdfdom/share/srdfdom/cmake/srdfdomConfig.cmake
[7.465s] -- Installing: /home/robomaven/ws/ws_moveit2/install/srdfdom/share/srdfdom/cmake/srdfdomConfig-version.cmake
[7.465s] -- Installing: /home/robomaven/ws/ws_moveit2/install/srdfdom/share/srdfdom/package.xml
[7.467s] Invoked command in '/home/robomaven/ws/ws_moveit2/build/srdfdom' returned '0': CMAKE_PREFIX_PATH=/opt/ros/humble /usr/bin/cmake --install /home/robomaven/ws/ws_moveit2/build/srdfdom
