[0.777s] Invoking command in '/home/robomaven/ws/ws_moveit2/launch_param_builder': PYTHONPATH=/home/robomaven/ws/ws_moveit2/build/launch_param_builder/prefix_override:/home/robomaven/ws/ws_moveit2/install/launch_param_builder/lib/python3.10/site-packages:${PYTHONPATH} /usr/bin/python3 -W ignore:setup.py install is deprecated setup.py egg_info --egg-base ../build/launch_param_builder build --build-base /home/robomaven/ws/ws_moveit2/build/launch_param_builder/build install --record /home/robomaven/ws/ws_moveit2/build/launch_param_builder/install.log --single-version-externally-managed install_data
[0.970s] running egg_info
[0.971s] writing ../build/launch_param_builder/launch_param_builder.egg-info/PKG-INFO
[0.971s] writing dependency_links to ../build/launch_param_builder/launch_param_builder.egg-info/dependency_links.txt
[0.971s] writing entry points to ../build/launch_param_builder/launch_param_builder.egg-info/entry_points.txt
[0.971s] writing requirements to ../build/launch_param_builder/launch_param_builder.egg-info/requires.txt
[0.971s] writing top-level names to ../build/launch_param_builder/launch_param_builder.egg-info/top_level.txt
[0.973s] reading manifest file '../build/launch_param_builder/launch_param_builder.egg-info/SOURCES.txt'
[0.973s] adding license file 'LICENSE'
[0.975s] writing manifest file '../build/launch_param_builder/launch_param_builder.egg-info/SOURCES.txt'
[0.975s] running build
[0.975s] running build_py
[0.975s] running install
[0.976s] running install_lib
[0.977s] running install_data
[0.978s] running install_egg_info
[0.979s] removing '/home/robomaven/ws/ws_moveit2/install/launch_param_builder/lib/python3.10/site-packages/launch_param_builder-0.1.1-py3.10.egg-info' (and everything under it)
[0.980s] Copying ../build/launch_param_builder/launch_param_builder.egg-info to /home/robomaven/ws/ws_moveit2/install/launch_param_builder/lib/python3.10/site-packages/launch_param_builder-0.1.1-py3.10.egg-info
[0.980s] running install_scripts
[0.997s] writing list of installed files to '/home/robomaven/ws/ws_moveit2/build/launch_param_builder/install.log'
[1.024s] Invoked command in '/home/robomaven/ws/ws_moveit2/launch_param_builder' returned '0': PYTHONPATH=/home/robomaven/ws/ws_moveit2/build/launch_param_builder/prefix_override:/home/robomaven/ws/ws_moveit2/install/launch_param_builder/lib/python3.10/site-packages:${PYTHONPATH} /usr/bin/python3 -W ignore:setup.py install is deprecated setup.py egg_info --egg-base ../build/launch_param_builder build --build-base /home/robomaven/ws/ws_moveit2/build/launch_param_builder/build install --record /home/robomaven/ws/ws_moveit2/build/launch_param_builder/install.log --single-version-externally-managed install_data
