[0.031s] Invoking command in '/home/robomaven/ws/ws_moveit2/build/moveit_ros_visualization': CMAKE_PREFIX_PATH=/home/robomaven/ws/ws_moveit2/install/moveit_ros_planning_interface:/home/robomaven/ws/ws_moveit2/install/moveit_ros_move_group:/home/robomaven/ws/ws_moveit2/install/moveit_ros_warehouse:/home/robomaven/ws/ws_moveit2/install/moveit_ros_robot_interaction:/home/robomaven/ws/ws_moveit2/install/moveit_kinematics:/home/robomaven/ws/ws_moveit2/install/moveit_ros_planning:/home/robomaven/ws/ws_moveit2/install/moveit_ros_occupancy_map_monitor:/home/robomaven/ws/ws_moveit2/install/moveit_core:/home/robomaven/ws/ws_moveit2/install/srdfdom:/home/robomaven/ws/ws_moveit2/install/moveit_common:/home/robomaven/ws/ws_moveit2/install/pilz_industrial_motion_planner_testutils:/home/robomaven/ws/ws_moveit2/install/moveit_visual_tools:/home/robomaven/ws/ws_moveit2/install/moveit_ros_control_interface:/home/robomaven/ws/ws_moveit2/install/moveit_plugins:/home/robomaven/ws/ws_moveit2/install/moveit_simple_controller_manager:/home/robomaven/ws/ws_moveit2/install/moveit_ros_benchmarks:/home/robomaven/ws/ws_moveit2/install/moveit_ros_perception:/home/robomaven/ws/ws_moveit2/install/moveit_resources_prbt_pg70_support:/home/robomaven/ws/ws_moveit2/install/moveit_resources_prbt_moveit_config:/home/robomaven/ws/ws_moveit2/install/moveit_planners_ompl:/home/robomaven/ws/ws_moveit2/install/moveit_resources_prbt_ikfast_manipulator_plugin:/home/robomaven/ws/ws_moveit2/install/moveit_planners_chomp:/home/robomaven/ws/ws_moveit2/install/moveit_chomp_optimizer_adapter:/home/robomaven/ws/ws_moveit2/install/chomp_motion_planner:/home/robomaven/ws/ws_moveit2/install/rviz_marker_tools:/home/robomaven/ws/ws_moveit2/install/rosparam_shortcuts:/home/robomaven/ws/ws_moveit2/install/moveit_task_constructor_msgs:/home/robomaven/ws/ws_moveit2/install/moveit_resources_prbt_support:/home/robomaven/ws/ws_moveit2/install/moveit_resources:/home/robomaven/ws/ws_moveit2/install/moveit_resources_pr2_description:/home/robomaven/ws/ws_moveit2/install/moveit_resources_panda_moveit_config:/home/robomaven/ws/ws_moveit2/install/moveit_resources_panda_description:/home/robomaven/ws/ws_moveit2/install/moveit_resources_fanuc_moveit_config:/home/robomaven/ws/ws_moveit2/install/moveit_resources_fanuc_description:/home/robomaven/ws/ws_moveit2/install/moveit_configs_utils:/home/robomaven/ws/ws_moveit2/install/launch_param_builder:/opt/ros/humble LD_LIBRARY_PATH=/home/robomaven/ws/ws_moveit2/install/moveit_ros_planning_interface/lib:/home/robomaven/ws/ws_moveit2/install/moveit_ros_move_group/lib:/home/robomaven/ws/ws_moveit2/install/moveit_ros_warehouse/lib:/home/robomaven/ws/ws_moveit2/install/moveit_ros_robot_interaction/lib:/home/robomaven/ws/ws_moveit2/install/moveit_kinematics/lib:/home/robomaven/ws/ws_moveit2/install/moveit_ros_planning/lib:/home/robomaven/ws/ws_moveit2/install/moveit_ros_occupancy_map_monitor/lib:/home/robomaven/ws/ws_moveit2/install/moveit_core/lib:/home/robomaven/ws/ws_moveit2/install/srdfdom/lib:/home/robomaven/ws/ws_moveit2/install/pilz_industrial_motion_planner_testutils/lib:/home/robomaven/ws/ws_moveit2/install/moveit_visual_tools/lib:/home/robomaven/ws/ws_moveit2/install/moveit_ros_control_interface/lib:/home/robomaven/ws/ws_moveit2/install/moveit_simple_controller_manager/lib:/home/robomaven/ws/ws_moveit2/install/moveit_ros_benchmarks/lib:/home/robomaven/ws/ws_moveit2/install/moveit_ros_perception/lib:/home/robomaven/ws/ws_moveit2/install/moveit_planners_ompl/lib:/home/robomaven/ws/ws_moveit2/install/moveit_resources_prbt_ikfast_manipulator_plugin/lib:/home/robomaven/ws/ws_moveit2/install/moveit_planners_chomp/lib:/home/robomaven/ws/ws_moveit2/install/moveit_chomp_optimizer_adapter/lib:/home/robomaven/ws/ws_moveit2/install/chomp_motion_planner/lib:/home/robomaven/ws/ws_moveit2/install/rviz_marker_tools/lib:/home/robomaven/ws/ws_moveit2/install/rosparam_shortcuts/lib:/home/robomaven/ws/ws_moveit2/install/moveit_task_constructor_msgs/lib:/usr/lib/x86_64-linux-gnu/gazebo-11/plugins:/opt/ros/humble/opt/rviz_ogre_vendor/lib:/opt/ros/humble/lib/x86_64-linux-gnu:/opt/ros/humble/lib:/usr/share/gazebo/../../lib/x86_64-linux-gnu/gazebo-11/plugins /usr/bin/cmake --build /home/robomaven/ws/ws_moveit2/build/moveit_ros_visualization -- -j20 -l20
[0.085s] [  1%] [34m[1mAutomatic MOC for target moveit_rviz_plugin_render_tools[0m
[0.112s] [  1%] Built target moveit_rviz_plugin_render_tools_autogen
[0.133s] [35m[1mConsolidate compiler generated dependencies of target moveit_rviz_plugin_render_tools[0m
[0.176s] [ 18%] Built target moveit_rviz_plugin_render_tools
[0.195s] [ 20%] [34m[1mAutomatic MOC for target moveit_robot_state_rviz_plugin_core[0m
[0.201s] [ 22%] [34m[1mAutomatic MOC for target moveit_planning_scene_rviz_plugin_core[0m
[0.213s] [ 22%] Built target moveit_robot_state_rviz_plugin_core_autogen
[0.220s] [ 22%] Built target moveit_planning_scene_rviz_plugin_core_autogen
[0.229s] [35m[1mConsolidate compiler generated dependencies of target moveit_robot_state_rviz_plugin_core[0m
[0.238s] [35m[1mConsolidate compiler generated dependencies of target moveit_planning_scene_rviz_plugin_core[0m
[0.255s] [ 27%] Built target moveit_robot_state_rviz_plugin_core
[0.267s] [ 34%] Built target moveit_planning_scene_rviz_plugin_core
[0.272s] [ 36%] [34m[1mAutomatic MOC for target moveit_robot_state_rviz_plugin[0m
[0.288s] [ 37%] [34m[1mAutomatic MOC for target moveit_planning_scene_rviz_plugin[0m
[0.292s] [ 39%] [34m[1mAutomatic MOC for target moveit_trajectory_rviz_plugin_core[0m
[0.294s] [ 39%] Built target moveit_robot_state_rviz_plugin_autogen
[0.310s] [ 39%] Built target moveit_planning_scene_rviz_plugin_autogen
[0.311s] [35m[1mConsolidate compiler generated dependencies of target moveit_robot_state_rviz_plugin[0m
[0.320s] [ 39%] Built target moveit_trajectory_rviz_plugin_core_autogen
[0.323s] [35m[1mConsolidate compiler generated dependencies of target moveit_planning_scene_rviz_plugin[0m
[0.334s] [ 44%] Built target moveit_robot_state_rviz_plugin
[0.336s] [35m[1mConsolidate compiler generated dependencies of target moveit_trajectory_rviz_plugin_core[0m
[0.346s] [ 50%] Built target moveit_planning_scene_rviz_plugin
[0.357s] [ 55%] Built target moveit_trajectory_rviz_plugin_core
[0.363s] [ 56%] [34m[1mAutomatic MOC for target moveit_motion_planning_rviz_plugin_core[0m
[0.375s] [ 58%] [34m[1mAutomatic MOC for target moveit_trajectory_rviz_plugin[0m
[0.385s] [ 58%] Built target moveit_motion_planning_rviz_plugin_core_autogen
[0.391s] [ 58%] Built target moveit_trajectory_rviz_plugin_autogen
[0.401s] [35m[1mConsolidate compiler generated dependencies of target moveit_trajectory_rviz_plugin[0m
[0.416s] [35m[1mConsolidate compiler generated dependencies of target moveit_motion_planning_rviz_plugin_core[0m
[0.421s] [ 63%] Built target moveit_trajectory_rviz_plugin
[0.487s] [ 93%] Built target moveit_motion_planning_rviz_plugin_core
[0.505s] [ 94%] [34m[1mAutomatic MOC for target moveit_motion_planning_rviz_plugin[0m
[0.520s] [ 94%] Built target moveit_motion_planning_rviz_plugin_autogen
[0.532s] [35m[1mConsolidate compiler generated dependencies of target moveit_motion_planning_rviz_plugin[0m
[0.557s] [100%] Built target moveit_motion_planning_rviz_plugin
[0.568s] Invoked command in '/home/robomaven/ws/ws_moveit2/build/moveit_ros_visualization' returned '0': CMAKE_PREFIX_PATH=/home/robomaven/ws/ws_moveit2/install/moveit_ros_planning_interface:/home/robomaven/ws/ws_moveit2/install/moveit_ros_move_group:/home/robomaven/ws/ws_moveit2/install/moveit_ros_warehouse:/home/robomaven/ws/ws_moveit2/install/moveit_ros_robot_interaction:/home/robomaven/ws/ws_moveit2/install/moveit_kinematics:/home/robomaven/ws/ws_moveit2/install/moveit_ros_planning:/home/robomaven/ws/ws_moveit2/install/moveit_ros_occupancy_map_monitor:/home/robomaven/ws/ws_moveit2/install/moveit_core:/home/robomaven/ws/ws_moveit2/install/srdfdom:/home/robomaven/ws/ws_moveit2/install/moveit_common:/home/robomaven/ws/ws_moveit2/install/pilz_industrial_motion_planner_testutils:/home/robomaven/ws/ws_moveit2/install/moveit_visual_tools:/home/robomaven/ws/ws_moveit2/install/moveit_ros_control_interface:/home/robomaven/ws/ws_moveit2/install/moveit_plugins:/home/robomaven/ws/ws_moveit2/install/moveit_simple_controller_manager:/home/robomaven/ws/ws_moveit2/install/moveit_ros_benchmarks:/home/robomaven/ws/ws_moveit2/install/moveit_ros_perception:/home/robomaven/ws/ws_moveit2/install/moveit_resources_prbt_pg70_support:/home/robomaven/ws/ws_moveit2/install/moveit_resources_prbt_moveit_config:/home/robomaven/ws/ws_moveit2/install/moveit_planners_ompl:/home/robomaven/ws/ws_moveit2/install/moveit_resources_prbt_ikfast_manipulator_plugin:/home/robomaven/ws/ws_moveit2/install/moveit_planners_chomp:/home/robomaven/ws/ws_moveit2/install/moveit_chomp_optimizer_adapter:/home/robomaven/ws/ws_moveit2/install/chomp_motion_planner:/home/robomaven/ws/ws_moveit2/install/rviz_marker_tools:/home/robomaven/ws/ws_moveit2/install/rosparam_shortcuts:/home/robomaven/ws/ws_moveit2/install/moveit_task_constructor_msgs:/home/robomaven/ws/ws_moveit2/install/moveit_resources_prbt_support:/home/robomaven/ws/ws_moveit2/install/moveit_resources:/home/robomaven/ws/ws_moveit2/install/moveit_resources_pr2_description:/home/robomaven/ws/ws_moveit2/install/moveit_resources_panda_moveit_config:/home/robomaven/ws/ws_moveit2/install/moveit_resources_panda_description:/home/robomaven/ws/ws_moveit2/install/moveit_resources_fanuc_moveit_config:/home/robomaven/ws/ws_moveit2/install/moveit_resources_fanuc_description:/home/robomaven/ws/ws_moveit2/install/moveit_configs_utils:/home/robomaven/ws/ws_moveit2/install/launch_param_builder:/opt/ros/humble LD_LIBRARY_PATH=/home/robomaven/ws/ws_moveit2/install/moveit_ros_planning_interface/lib:/home/robomaven/ws/ws_moveit2/install/moveit_ros_move_group/lib:/home/robomaven/ws/ws_moveit2/install/moveit_ros_warehouse/lib:/home/robomaven/ws/ws_moveit2/install/moveit_ros_robot_interaction/lib:/home/robomaven/ws/ws_moveit2/install/moveit_kinematics/lib:/home/robomaven/ws/ws_moveit2/install/moveit_ros_planning/lib:/home/robomaven/ws/ws_moveit2/install/moveit_ros_occupancy_map_monitor/lib:/home/robomaven/ws/ws_moveit2/install/moveit_core/lib:/home/robomaven/ws/ws_moveit2/install/srdfdom/lib:/home/robomaven/ws/ws_moveit2/install/pilz_industrial_motion_planner_testutils/lib:/home/robomaven/ws/ws_moveit2/install/moveit_visual_tools/lib:/home/robomaven/ws/ws_moveit2/install/moveit_ros_control_interface/lib:/home/robomaven/ws/ws_moveit2/install/moveit_simple_controller_manager/lib:/home/robomaven/ws/ws_moveit2/install/moveit_ros_benchmarks/lib:/home/robomaven/ws/ws_moveit2/install/moveit_ros_perception/lib:/home/robomaven/ws/ws_moveit2/install/moveit_planners_ompl/lib:/home/robomaven/ws/ws_moveit2/install/moveit_resources_prbt_ikfast_manipulator_plugin/lib:/home/robomaven/ws/ws_moveit2/install/moveit_planners_chomp/lib:/home/robomaven/ws/ws_moveit2/install/moveit_chomp_optimizer_adapter/lib:/home/robomaven/ws/ws_moveit2/install/chomp_motion_planner/lib:/home/robomaven/ws/ws_moveit2/install/rviz_marker_tools/lib:/home/robomaven/ws/ws_moveit2/install/rosparam_shortcuts/lib:/home/robomaven/ws/ws_moveit2/install/moveit_task_constructor_msgs/lib:/usr/lib/x86_64-linux-gnu/gazebo-11/plugins:/opt/ros/humble/opt/rviz_ogre_vendor/lib:/opt/ros/humble/lib/x86_64-linux-gnu:/opt/ros/humble/lib:/usr/share/gazebo/../../lib/x86_64-linux-gnu/gazebo-11/plugins /usr/bin/cmake --build /home/robomaven/ws/ws_moveit2/build/moveit_ros_visualization -- -j20 -l20
[0.609s] Invoking command in '/home/robomaven/ws/ws_moveit2/build/moveit_ros_visualization': CMAKE_PREFIX_PATH=/home/robomaven/ws/ws_moveit2/install/moveit_ros_planning_interface:/home/robomaven/ws/ws_moveit2/install/moveit_ros_move_group:/home/robomaven/ws/ws_moveit2/install/moveit_ros_warehouse:/home/robomaven/ws/ws_moveit2/install/moveit_ros_robot_interaction:/home/robomaven/ws/ws_moveit2/install/moveit_kinematics:/home/robomaven/ws/ws_moveit2/install/moveit_ros_planning:/home/robomaven/ws/ws_moveit2/install/moveit_ros_occupancy_map_monitor:/home/robomaven/ws/ws_moveit2/install/moveit_core:/home/robomaven/ws/ws_moveit2/install/srdfdom:/home/robomaven/ws/ws_moveit2/install/moveit_common:/home/robomaven/ws/ws_moveit2/install/pilz_industrial_motion_planner_testutils:/home/robomaven/ws/ws_moveit2/install/moveit_visual_tools:/home/robomaven/ws/ws_moveit2/install/moveit_ros_control_interface:/home/robomaven/ws/ws_moveit2/install/moveit_plugins:/home/robomaven/ws/ws_moveit2/install/moveit_simple_controller_manager:/home/robomaven/ws/ws_moveit2/install/moveit_ros_benchmarks:/home/robomaven/ws/ws_moveit2/install/moveit_ros_perception:/home/robomaven/ws/ws_moveit2/install/moveit_resources_prbt_pg70_support:/home/robomaven/ws/ws_moveit2/install/moveit_resources_prbt_moveit_config:/home/robomaven/ws/ws_moveit2/install/moveit_planners_ompl:/home/robomaven/ws/ws_moveit2/install/moveit_resources_prbt_ikfast_manipulator_plugin:/home/robomaven/ws/ws_moveit2/install/moveit_planners_chomp:/home/robomaven/ws/ws_moveit2/install/moveit_chomp_optimizer_adapter:/home/robomaven/ws/ws_moveit2/install/chomp_motion_planner:/home/robomaven/ws/ws_moveit2/install/rviz_marker_tools:/home/robomaven/ws/ws_moveit2/install/rosparam_shortcuts:/home/robomaven/ws/ws_moveit2/install/moveit_task_constructor_msgs:/home/robomaven/ws/ws_moveit2/install/moveit_resources_prbt_support:/home/robomaven/ws/ws_moveit2/install/moveit_resources:/home/robomaven/ws/ws_moveit2/install/moveit_resources_pr2_description:/home/robomaven/ws/ws_moveit2/install/moveit_resources_panda_moveit_config:/home/robomaven/ws/ws_moveit2/install/moveit_resources_panda_description:/home/robomaven/ws/ws_moveit2/install/moveit_resources_fanuc_moveit_config:/home/robomaven/ws/ws_moveit2/install/moveit_resources_fanuc_description:/home/robomaven/ws/ws_moveit2/install/moveit_configs_utils:/home/robomaven/ws/ws_moveit2/install/launch_param_builder:/opt/ros/humble LD_LIBRARY_PATH=/home/robomaven/ws/ws_moveit2/install/moveit_ros_planning_interface/lib:/home/robomaven/ws/ws_moveit2/install/moveit_ros_move_group/lib:/home/robomaven/ws/ws_moveit2/install/moveit_ros_warehouse/lib:/home/robomaven/ws/ws_moveit2/install/moveit_ros_robot_interaction/lib:/home/robomaven/ws/ws_moveit2/install/moveit_kinematics/lib:/home/robomaven/ws/ws_moveit2/install/moveit_ros_planning/lib:/home/robomaven/ws/ws_moveit2/install/moveit_ros_occupancy_map_monitor/lib:/home/robomaven/ws/ws_moveit2/install/moveit_core/lib:/home/robomaven/ws/ws_moveit2/install/srdfdom/lib:/home/robomaven/ws/ws_moveit2/install/pilz_industrial_motion_planner_testutils/lib:/home/robomaven/ws/ws_moveit2/install/moveit_visual_tools/lib:/home/robomaven/ws/ws_moveit2/install/moveit_ros_control_interface/lib:/home/robomaven/ws/ws_moveit2/install/moveit_simple_controller_manager/lib:/home/robomaven/ws/ws_moveit2/install/moveit_ros_benchmarks/lib:/home/robomaven/ws/ws_moveit2/install/moveit_ros_perception/lib:/home/robomaven/ws/ws_moveit2/install/moveit_planners_ompl/lib:/home/robomaven/ws/ws_moveit2/install/moveit_resources_prbt_ikfast_manipulator_plugin/lib:/home/robomaven/ws/ws_moveit2/install/moveit_planners_chomp/lib:/home/robomaven/ws/ws_moveit2/install/moveit_chomp_optimizer_adapter/lib:/home/robomaven/ws/ws_moveit2/install/chomp_motion_planner/lib:/home/robomaven/ws/ws_moveit2/install/rviz_marker_tools/lib:/home/robomaven/ws/ws_moveit2/install/rosparam_shortcuts/lib:/home/robomaven/ws/ws_moveit2/install/moveit_task_constructor_msgs/lib:/usr/lib/x86_64-linux-gnu/gazebo-11/plugins:/opt/ros/humble/opt/rviz_ogre_vendor/lib:/opt/ros/humble/lib/x86_64-linux-gnu:/opt/ros/humble/lib:/usr/share/gazebo/../../lib/x86_64-linux-gnu/gazebo-11/plugins /usr/bin/cmake --install /home/robomaven/ws/ws_moveit2/build/moveit_ros_visualization
[0.617s] -- Install configuration: "Release"
[0.617s] -- Up-to-date: /home/robomaven/ws/ws_moveit2/install/moveit_ros_visualization/include
[0.617s] -- Up-to-date: /home/robomaven/ws/ws_moveit2/install/moveit_ros_visualization/include/ogre_helpers
[0.617s] -- Up-to-date: /home/robomaven/ws/ws_moveit2/install/moveit_ros_visualization/include/ogre_helpers/mesh_shape.hpp
[0.617s] -- Up-to-date: /home/robomaven/ws/ws_moveit2/install/moveit_ros_visualization/include/moveit
[0.617s] -- Up-to-date: /home/robomaven/ws/ws_moveit2/install/moveit_ros_visualization/include/moveit/rviz_plugin_render_tools
[0.617s] -- Up-to-date: /home/robomaven/ws/ws_moveit2/install/moveit_ros_visualization/include/moveit/rviz_plugin_render_tools/planning_scene_render.h
[0.618s] -- Up-to-date: /home/robomaven/ws/ws_moveit2/install/moveit_ros_visualization/include/moveit/rviz_plugin_render_tools/trajectory_panel.h
[0.618s] -- Up-to-date: /home/robomaven/ws/ws_moveit2/install/moveit_ros_visualization/include/moveit/rviz_plugin_render_tools/trajectory_visualization.h
[0.618s] -- Up-to-date: /home/robomaven/ws/ws_moveit2/install/moveit_ros_visualization/include/moveit/rviz_plugin_render_tools/render_shapes.h
[0.618s] -- Up-to-date: /home/robomaven/ws/ws_moveit2/install/moveit_ros_visualization/include/moveit/rviz_plugin_render_tools/planning_link_updater.h
[0.618s] -- Up-to-date: /home/robomaven/ws/ws_moveit2/install/moveit_ros_visualization/include/moveit/rviz_plugin_render_tools/robot_state_visualization.h
[0.618s] -- Up-to-date: /home/robomaven/ws/ws_moveit2/install/moveit_ros_visualization/include/moveit/rviz_plugin_render_tools/octomap_render.h
[0.618s] -- Up-to-date: /home/robomaven/ws/ws_moveit2/install/moveit_ros_visualization/include
[0.618s] -- Up-to-date: /home/robomaven/ws/ws_moveit2/install/moveit_ros_visualization/include/moveit
[0.618s] -- Up-to-date: /home/robomaven/ws/ws_moveit2/install/moveit_ros_visualization/include/moveit/robot_state_rviz_plugin
[0.618s] -- Up-to-date: /home/robomaven/ws/ws_moveit2/install/moveit_ros_visualization/include/moveit/robot_state_rviz_plugin/robot_state_display.h
[0.618s] -- Up-to-date: /home/robomaven/ws/ws_moveit2/install/moveit_ros_visualization/include
[0.618s] -- Up-to-date: /home/robomaven/ws/ws_moveit2/install/moveit_ros_visualization/include/moveit
[0.618s] -- Up-to-date: /home/robomaven/ws/ws_moveit2/install/moveit_ros_visualization/include/moveit/planning_scene_rviz_plugin
[0.618s] -- Up-to-date: /home/robomaven/ws/ws_moveit2/install/moveit_ros_visualization/include/moveit/planning_scene_rviz_plugin/background_processing.hpp
[0.619s] -- Up-to-date: /home/robomaven/ws/ws_moveit2/install/moveit_ros_visualization/include/moveit/planning_scene_rviz_plugin/planning_scene_display.h
[0.619s] -- Up-to-date: /home/robomaven/ws/ws_moveit2/install/moveit_ros_visualization/include/moveit_planning_scene_rviz_plugin_core_export.h
[0.619s] -- Up-to-date: /home/robomaven/ws/ws_moveit2/install/moveit_ros_visualization/include
[0.619s] -- Up-to-date: /home/robomaven/ws/ws_moveit2/install/moveit_ros_visualization/include/moveit
[0.619s] -- Up-to-date: /home/robomaven/ws/ws_moveit2/install/moveit_ros_visualization/include/moveit/motion_planning_rviz_plugin
[0.619s] -- Up-to-date: /home/robomaven/ws/ws_moveit2/install/moveit_ros_visualization/include/moveit/motion_planning_rviz_plugin/interactive_marker_display.h
[0.619s] -- Up-to-date: /home/robomaven/ws/ws_moveit2/install/moveit_ros_visualization/include/moveit/motion_planning_rviz_plugin/motion_planning_frame.h
[0.619s] -- Up-to-date: /home/robomaven/ws/ws_moveit2/install/moveit_ros_visualization/include/moveit/motion_planning_rviz_plugin/motion_planning_frame_joints_widget.h
[0.619s] -- Up-to-date: /home/robomaven/ws/ws_moveit2/install/moveit_ros_visualization/include/moveit/motion_planning_rviz_plugin/motion_planning_param_widget.h
[0.619s] -- Up-to-date: /home/robomaven/ws/ws_moveit2/install/moveit_ros_visualization/include/moveit/motion_planning_rviz_plugin/motion_planning_display.h
[0.619s] -- Up-to-date: /home/robomaven/ws/ws_moveit2/install/moveit_ros_visualization/include
[0.620s] -- Up-to-date: /home/robomaven/ws/ws_moveit2/install/moveit_ros_visualization/include/moveit
[0.620s] -- Up-to-date: /home/robomaven/ws/ws_moveit2/install/moveit_ros_visualization/include/moveit/trajectory_rviz_plugin
[0.620s] -- Up-to-date: /home/robomaven/ws/ws_moveit2/install/moveit_ros_visualization/include/moveit/trajectory_rviz_plugin/trajectory_display.h
[0.620s] -- Up-to-date: /home/robomaven/ws/ws_moveit2/install/moveit_ros_visualization/share/moveit_ros_visualization/icons
[0.620s] -- Up-to-date: /home/robomaven/ws/ws_moveit2/install/moveit_ros_visualization/share/moveit_ros_visualization/icons/classes
[0.620s] -- Up-to-date: /home/robomaven/ws/ws_moveit2/install/moveit_ros_visualization/share/moveit_ros_visualization/icons/classes/Trajectory.png
[0.620s] -- Up-to-date: /home/robomaven/ws/ws_moveit2/install/moveit_ros_visualization/share/moveit_ros_visualization/icons/classes/MotionPlanning.png
[0.620s] -- Up-to-date: /home/robomaven/ws/ws_moveit2/install/moveit_ros_visualization/share/moveit_ros_visualization/icons/classes/RobotState.png
[0.620s] -- Up-to-date: /home/robomaven/ws/ws_moveit2/install/moveit_ros_visualization/share/moveit_ros_visualization/icons/classes/PlanningScene.png
[0.620s] -- Up-to-date: /home/robomaven/ws/ws_moveit2/install/moveit_ros_visualization/share/moveit_ros_visualization/motion_planning_rviz_plugin_description.xml
[0.620s] -- Up-to-date: /home/robomaven/ws/ws_moveit2/install/moveit_ros_visualization/share/moveit_ros_visualization/trajectory_rviz_plugin_description.xml
[0.620s] -- Up-to-date: /home/robomaven/ws/ws_moveit2/install/moveit_ros_visualization/share/moveit_ros_visualization/planning_scene_rviz_plugin_description.xml
[0.620s] -- Up-to-date: /home/robomaven/ws/ws_moveit2/install/moveit_ros_visualization/share/moveit_ros_visualization/robot_state_rviz_plugin_description.xml
[0.620s] -- Up-to-date: /home/robomaven/ws/ws_moveit2/install/moveit_ros_visualization/lib/libmoveit_motion_planning_rviz_plugin.so.2.5.5
[0.620s] -- Up-to-date: /home/robomaven/ws/ws_moveit2/install/moveit_ros_visualization/lib/libmoveit_motion_planning_rviz_plugin.so
[0.620s] -- Up-to-date: /home/robomaven/ws/ws_moveit2/install/moveit_ros_visualization/lib/libmoveit_motion_planning_rviz_plugin_core.so.2.5.5
[0.621s] -- Up-to-date: /home/robomaven/ws/ws_moveit2/install/moveit_ros_visualization/lib/libmoveit_motion_planning_rviz_plugin_core.so
[0.621s] -- Up-to-date: /home/robomaven/ws/ws_moveit2/install/moveit_ros_visualization/lib/libmoveit_planning_scene_rviz_plugin.so.2.5.5
[0.621s] -- Up-to-date: /home/robomaven/ws/ws_moveit2/install/moveit_ros_visualization/lib/libmoveit_planning_scene_rviz_plugin.so
[0.621s] -- Up-to-date: /home/robomaven/ws/ws_moveit2/install/moveit_ros_visualization/lib/libmoveit_planning_scene_rviz_plugin_core.so.2.5.5
[0.621s] -- Up-to-date: /home/robomaven/ws/ws_moveit2/install/moveit_ros_visualization/lib/libmoveit_planning_scene_rviz_plugin_core.so
[0.621s] -- Up-to-date: /home/robomaven/ws/ws_moveit2/install/moveit_ros_visualization/lib/libmoveit_robot_state_rviz_plugin.so.2.5.5
[0.622s] -- Up-to-date: /home/robomaven/ws/ws_moveit2/install/moveit_ros_visualization/lib/libmoveit_robot_state_rviz_plugin.so
[0.624s] -- Up-to-date: /home/robomaven/ws/ws_moveit2/install/moveit_ros_visualization/lib/libmoveit_robot_state_rviz_plugin_core.so.2.5.5
[0.624s] -- Up-to-date: /home/robomaven/ws/ws_moveit2/install/moveit_ros_visualization/lib/libmoveit_robot_state_rviz_plugin_core.so
[0.624s] -- Up-to-date: /home/robomaven/ws/ws_moveit2/install/moveit_ros_visualization/lib/libmoveit_rviz_plugin_render_tools.so.2.5.5
[0.624s] -- Up-to-date: /home/robomaven/ws/ws_moveit2/install/moveit_ros_visualization/lib/libmoveit_rviz_plugin_render_tools.so
[0.624s] -- Up-to-date: /home/robomaven/ws/ws_moveit2/install/moveit_ros_visualization/lib/libmoveit_trajectory_rviz_plugin.so.2.5.5
[0.625s] -- Up-to-date: /home/robomaven/ws/ws_moveit2/install/moveit_ros_visualization/lib/libmoveit_trajectory_rviz_plugin.so
[0.625s] -- Up-to-date: /home/robomaven/ws/ws_moveit2/install/moveit_ros_visualization/lib/libmoveit_trajectory_rviz_plugin_core.so.2.5.5
[0.625s] -- Up-to-date: /home/robomaven/ws/ws_moveit2/install/moveit_ros_visualization/lib/libmoveit_trajectory_rviz_plugin_core.so
[0.625s] -- Up-to-date: /home/robomaven/ws/ws_moveit2/install/moveit_ros_visualization/share/moveit_ros_visualization/environment/library_path.sh
[0.625s] -- Up-to-date: /home/robomaven/ws/ws_moveit2/install/moveit_ros_visualization/share/moveit_ros_visualization/environment/library_path.dsv
[0.625s] -- Up-to-date: /home/robomaven/ws/ws_moveit2/install/moveit_ros_visualization/share/ament_index/resource_index/package_run_dependencies/moveit_ros_visualization
[0.625s] -- Up-to-date: /home/robomaven/ws/ws_moveit2/install/moveit_ros_visualization/share/ament_index/resource_index/parent_prefix_path/moveit_ros_visualization
[0.625s] -- Up-to-date: /home/robomaven/ws/ws_moveit2/install/moveit_ros_visualization/share/moveit_ros_visualization/environment/ament_prefix_path.sh
[0.626s] -- Up-to-date: /home/robomaven/ws/ws_moveit2/install/moveit_ros_visualization/share/moveit_ros_visualization/environment/ament_prefix_path.dsv
[0.626s] -- Up-to-date: /home/robomaven/ws/ws_moveit2/install/moveit_ros_visualization/share/moveit_ros_visualization/environment/path.sh
[0.626s] -- Up-to-date: /home/robomaven/ws/ws_moveit2/install/moveit_ros_visualization/share/moveit_ros_visualization/environment/path.dsv
[0.626s] -- Up-to-date: /home/robomaven/ws/ws_moveit2/install/moveit_ros_visualization/share/moveit_ros_visualization/local_setup.bash
[0.626s] -- Up-to-date: /home/robomaven/ws/ws_moveit2/install/moveit_ros_visualization/share/moveit_ros_visualization/local_setup.sh
[0.626s] -- Up-to-date: /home/robomaven/ws/ws_moveit2/install/moveit_ros_visualization/share/moveit_ros_visualization/local_setup.zsh
[0.626s] -- Up-to-date: /home/robomaven/ws/ws_moveit2/install/moveit_ros_visualization/share/moveit_ros_visualization/local_setup.dsv
[0.626s] -- Installing: /home/robomaven/ws/ws_moveit2/install/moveit_ros_visualization/share/moveit_ros_visualization/package.dsv
[0.626s] -- Up-to-date: /home/robomaven/ws/ws_moveit2/install/moveit_ros_visualization/share/ament_index/resource_index/packages/moveit_ros_visualization
[0.627s] -- Up-to-date: /home/robomaven/ws/ws_moveit2/install/moveit_ros_visualization/share/ament_index/resource_index/rviz_common__pluginlib__plugin/moveit_ros_visualization
[0.627s] -- Up-to-date: /home/robomaven/ws/ws_moveit2/install/moveit_ros_visualization/share/moveit_ros_visualization/cmake/export_moveit_ros_visualizationExport.cmake
[0.627s] -- Up-to-date: /home/robomaven/ws/ws_moveit2/install/moveit_ros_visualization/share/moveit_ros_visualization/cmake/export_moveit_ros_visualizationExport-release.cmake
[0.627s] -- Up-to-date: /home/robomaven/ws/ws_moveit2/install/moveit_ros_visualization/share/moveit_ros_visualization/cmake/ConfigExtras.cmake
[0.627s] -- Up-to-date: /home/robomaven/ws/ws_moveit2/install/moveit_ros_visualization/share/moveit_ros_visualization/cmake/ament_cmake_export_targets-extras.cmake
[0.627s] -- Up-to-date: /home/robomaven/ws/ws_moveit2/install/moveit_ros_visualization/share/moveit_ros_visualization/cmake/ament_cmake_export_dependencies-extras.cmake
[0.627s] -- Up-to-date: /home/robomaven/ws/ws_moveit2/install/moveit_ros_visualization/share/moveit_ros_visualization/cmake/moveit_ros_visualizationConfig.cmake
[0.627s] -- Up-to-date: /home/robomaven/ws/ws_moveit2/install/moveit_ros_visualization/share/moveit_ros_visualization/cmake/moveit_ros_visualizationConfig-version.cmake
[0.627s] -- Up-to-date: /home/robomaven/ws/ws_moveit2/install/moveit_ros_visualization/share/moveit_ros_visualization/package.xml
[0.633s] Invoked command in '/home/robomaven/ws/ws_moveit2/build/moveit_ros_visualization' returned '0': CMAKE_PREFIX_PATH=/home/robomaven/ws/ws_moveit2/install/moveit_ros_planning_interface:/home/robomaven/ws/ws_moveit2/install/moveit_ros_move_group:/home/robomaven/ws/ws_moveit2/install/moveit_ros_warehouse:/home/robomaven/ws/ws_moveit2/install/moveit_ros_robot_interaction:/home/robomaven/ws/ws_moveit2/install/moveit_kinematics:/home/robomaven/ws/ws_moveit2/install/moveit_ros_planning:/home/robomaven/ws/ws_moveit2/install/moveit_ros_occupancy_map_monitor:/home/robomaven/ws/ws_moveit2/install/moveit_core:/home/robomaven/ws/ws_moveit2/install/srdfdom:/home/robomaven/ws/ws_moveit2/install/moveit_common:/home/robomaven/ws/ws_moveit2/install/pilz_industrial_motion_planner_testutils:/home/robomaven/ws/ws_moveit2/install/moveit_visual_tools:/home/robomaven/ws/ws_moveit2/install/moveit_ros_control_interface:/home/robomaven/ws/ws_moveit2/install/moveit_plugins:/home/robomaven/ws/ws_moveit2/install/moveit_simple_controller_manager:/home/robomaven/ws/ws_moveit2/install/moveit_ros_benchmarks:/home/robomaven/ws/ws_moveit2/install/moveit_ros_perception:/home/robomaven/ws/ws_moveit2/install/moveit_resources_prbt_pg70_support:/home/robomaven/ws/ws_moveit2/install/moveit_resources_prbt_moveit_config:/home/robomaven/ws/ws_moveit2/install/moveit_planners_ompl:/home/robomaven/ws/ws_moveit2/install/moveit_resources_prbt_ikfast_manipulator_plugin:/home/robomaven/ws/ws_moveit2/install/moveit_planners_chomp:/home/robomaven/ws/ws_moveit2/install/moveit_chomp_optimizer_adapter:/home/robomaven/ws/ws_moveit2/install/chomp_motion_planner:/home/robomaven/ws/ws_moveit2/install/rviz_marker_tools:/home/robomaven/ws/ws_moveit2/install/rosparam_shortcuts:/home/robomaven/ws/ws_moveit2/install/moveit_task_constructor_msgs:/home/robomaven/ws/ws_moveit2/install/moveit_resources_prbt_support:/home/robomaven/ws/ws_moveit2/install/moveit_resources:/home/robomaven/ws/ws_moveit2/install/moveit_resources_pr2_description:/home/robomaven/ws/ws_moveit2/install/moveit_resources_panda_moveit_config:/home/robomaven/ws/ws_moveit2/install/moveit_resources_panda_description:/home/robomaven/ws/ws_moveit2/install/moveit_resources_fanuc_moveit_config:/home/robomaven/ws/ws_moveit2/install/moveit_resources_fanuc_description:/home/robomaven/ws/ws_moveit2/install/moveit_configs_utils:/home/robomaven/ws/ws_moveit2/install/launch_param_builder:/opt/ros/humble LD_LIBRARY_PATH=/home/robomaven/ws/ws_moveit2/install/moveit_ros_planning_interface/lib:/home/robomaven/ws/ws_moveit2/install/moveit_ros_move_group/lib:/home/robomaven/ws/ws_moveit2/install/moveit_ros_warehouse/lib:/home/robomaven/ws/ws_moveit2/install/moveit_ros_robot_interaction/lib:/home/robomaven/ws/ws_moveit2/install/moveit_kinematics/lib:/home/robomaven/ws/ws_moveit2/install/moveit_ros_planning/lib:/home/robomaven/ws/ws_moveit2/install/moveit_ros_occupancy_map_monitor/lib:/home/robomaven/ws/ws_moveit2/install/moveit_core/lib:/home/robomaven/ws/ws_moveit2/install/srdfdom/lib:/home/robomaven/ws/ws_moveit2/install/pilz_industrial_motion_planner_testutils/lib:/home/robomaven/ws/ws_moveit2/install/moveit_visual_tools/lib:/home/robomaven/ws/ws_moveit2/install/moveit_ros_control_interface/lib:/home/robomaven/ws/ws_moveit2/install/moveit_simple_controller_manager/lib:/home/robomaven/ws/ws_moveit2/install/moveit_ros_benchmarks/lib:/home/robomaven/ws/ws_moveit2/install/moveit_ros_perception/lib:/home/robomaven/ws/ws_moveit2/install/moveit_planners_ompl/lib:/home/robomaven/ws/ws_moveit2/install/moveit_resources_prbt_ikfast_manipulator_plugin/lib:/home/robomaven/ws/ws_moveit2/install/moveit_planners_chomp/lib:/home/robomaven/ws/ws_moveit2/install/moveit_chomp_optimizer_adapter/lib:/home/robomaven/ws/ws_moveit2/install/chomp_motion_planner/lib:/home/robomaven/ws/ws_moveit2/install/rviz_marker_tools/lib:/home/robomaven/ws/ws_moveit2/install/rosparam_shortcuts/lib:/home/robomaven/ws/ws_moveit2/install/moveit_task_constructor_msgs/lib:/usr/lib/x86_64-linux-gnu/gazebo-11/plugins:/opt/ros/humble/opt/rviz_ogre_vendor/lib:/opt/ros/humble/lib/x86_64-linux-gnu:/opt/ros/humble/lib:/usr/share/gazebo/../../lib/x86_64-linux-gnu/gazebo-11/plugins /usr/bin/cmake --install /home/robomaven/ws/ws_moveit2/build/moveit_ros_visualization
