[0.013s] Invoking command in '/home/robomaven/ws/project1_ws/build/turtlebot3_simulations': AMENT_PREFIX_PATH=/home/robomaven/ws/project1_ws/install/turtlebot3_gazebo:/home/robomaven/ws/project1_ws/install/turtlebot3_fake_node:${AMENT_PREFIX_PATH} CMAKE_PREFIX_PATH=/home/robomaven/ws/project1_ws/install/turtlebot3_gazebo:/home/robomaven/ws/project1_ws/install/turtlebot3_fake_node:/home/robomaven/ws/ros2_ws2/install/my_robot_bringup:/home/robomaven/ws/ros2_ws2/install/my_robot_description:/home/robomaven/ws/tb3_ws/install/turtlebot3_simulations:/home/robomaven/ws/tb3_ws/install/turtlebot3_gazebo:/home/robomaven/ws/tb3_ws/install/turtlebot3_fake_node:/opt/ros/humble /usr/bin/cmake /home/robomaven/ws/project1_ws/src/turtlebot3_simulations -DCMAKE_INSTALL_PREFIX=/home/robomaven/ws/project1_ws/install/turtlebot3_simulations
[0.086s] -- The C compiler identification is GNU 11.4.0
[0.146s] -- The CXX compiler identification is GNU 11.4.0
[0.151s] -- Detecting C compiler ABI info
[0.222s] -- Detecting C compiler ABI info - done
[0.233s] -- Check for working C compiler: /usr/bin/cc - skipped
[0.234s] -- Detecting C compile features
[0.234s] -- Detecting C compile features - done
[0.239s] -- Detecting CXX compiler ABI info
[0.314s] -- Detecting CXX compiler ABI info - done
[0.322s] -- Check for working CXX compiler: /usr/bin/c++ - skipped
[0.322s] -- Detecting CXX compile features
[0.322s] -- Detecting CXX compile features - done
[0.324s] -- Found ament_cmake: 1.3.9 (/opt/ros/humble/share/ament_cmake/cmake)
[0.435s] -- Found Python3: /usr/bin/python3 (found version "3.10.12") found components: Interpreter 
[0.546s] -- Configuring done
[0.548s] -- Generating done
[0.548s] -- Build files have been written to: /home/robomaven/ws/project1_ws/build/turtlebot3_simulations
[0.551s] Invoked command in '/home/robomaven/ws/project1_ws/build/turtlebot3_simulations' returned '0': AMENT_PREFIX_PATH=/home/robomaven/ws/project1_ws/install/turtlebot3_gazebo:/home/robomaven/ws/project1_ws/install/turtlebot3_fake_node:${AMENT_PREFIX_PATH} CMAKE_PREFIX_PATH=/home/robomaven/ws/project1_ws/install/turtlebot3_gazebo:/home/robomaven/ws/project1_ws/install/turtlebot3_fake_node:/home/robomaven/ws/ros2_ws2/install/my_robot_bringup:/home/robomaven/ws/ros2_ws2/install/my_robot_description:/home/robomaven/ws/tb3_ws/install/turtlebot3_simulations:/home/robomaven/ws/tb3_ws/install/turtlebot3_gazebo:/home/robomaven/ws/tb3_ws/install/turtlebot3_fake_node:/opt/ros/humble /usr/bin/cmake /home/robomaven/ws/project1_ws/src/turtlebot3_simulations -DCMAKE_INSTALL_PREFIX=/home/robomaven/ws/project1_ws/install/turtlebot3_simulations
[0.552s] Invoking command in '/home/robomaven/ws/project1_ws/build/turtlebot3_simulations': AMENT_PREFIX_PATH=/home/robomaven/ws/project1_ws/install/turtlebot3_gazebo:/home/robomaven/ws/project1_ws/install/turtlebot3_fake_node:${AMENT_PREFIX_PATH} CMAKE_PREFIX_PATH=/home/robomaven/ws/project1_ws/install/turtlebot3_gazebo:/home/robomaven/ws/project1_ws/install/turtlebot3_fake_node:/home/robomaven/ws/ros2_ws2/install/my_robot_bringup:/home/robomaven/ws/ros2_ws2/install/my_robot_description:/home/robomaven/ws/tb3_ws/install/turtlebot3_simulations:/home/robomaven/ws/tb3_ws/install/turtlebot3_gazebo:/home/robomaven/ws/tb3_ws/install/turtlebot3_fake_node:/opt/ros/humble /usr/bin/cmake --build /home/robomaven/ws/project1_ws/build/turtlebot3_simulations -- -j20 -l20
[0.581s] Invoked command in '/home/robomaven/ws/project1_ws/build/turtlebot3_simulations' returned '0': AMENT_PREFIX_PATH=/home/robomaven/ws/project1_ws/install/turtlebot3_gazebo:/home/robomaven/ws/project1_ws/install/turtlebot3_fake_node:${AMENT_PREFIX_PATH} CMAKE_PREFIX_PATH=/home/robomaven/ws/project1_ws/install/turtlebot3_gazebo:/home/robomaven/ws/project1_ws/install/turtlebot3_fake_node:/home/robomaven/ws/ros2_ws2/install/my_robot_bringup:/home/robomaven/ws/ros2_ws2/install/my_robot_description:/home/robomaven/ws/tb3_ws/install/turtlebot3_simulations:/home/robomaven/ws/tb3_ws/install/turtlebot3_gazebo:/home/robomaven/ws/tb3_ws/install/turtlebot3_fake_node:/opt/ros/humble /usr/bin/cmake --build /home/robomaven/ws/project1_ws/build/turtlebot3_simulations -- -j20 -l20
[0.612s] Invoking command in '/home/robomaven/ws/project1_ws/build/turtlebot3_simulations': AMENT_PREFIX_PATH=/home/robomaven/ws/project1_ws/install/turtlebot3_gazebo:/home/robomaven/ws/project1_ws/install/turtlebot3_fake_node:${AMENT_PREFIX_PATH} CMAKE_PREFIX_PATH=/home/robomaven/ws/project1_ws/install/turtlebot3_gazebo:/home/robomaven/ws/project1_ws/install/turtlebot3_fake_node:/home/robomaven/ws/ros2_ws2/install/my_robot_bringup:/home/robomaven/ws/ros2_ws2/install/my_robot_description:/home/robomaven/ws/tb3_ws/install/turtlebot3_simulations:/home/robomaven/ws/tb3_ws/install/turtlebot3_gazebo:/home/robomaven/ws/tb3_ws/install/turtlebot3_fake_node:/opt/ros/humble /usr/bin/cmake --install /home/robomaven/ws/project1_ws/build/turtlebot3_simulations
[0.624s] -- Install configuration: ""
[0.624s] -- Installing: /home/robomaven/ws/project1_ws/install/turtlebot3_simulations/share/ament_index/resource_index/package_run_dependencies/turtlebot3_simulations
[0.624s] -- Installing: /home/robomaven/ws/project1_ws/install/turtlebot3_simulations/share/ament_index/resource_index/parent_prefix_path/turtlebot3_simulations
[0.624s] -- Installing: /home/robomaven/ws/project1_ws/install/turtlebot3_simulations/share/turtlebot3_simulations/environment/ament_prefix_path.sh
[0.624s] -- Installing: /home/robomaven/ws/project1_ws/install/turtlebot3_simulations/share/turtlebot3_simulations/environment/ament_prefix_path.dsv
[0.625s] -- Installing: /home/robomaven/ws/project1_ws/install/turtlebot3_simulations/share/turtlebot3_simulations/environment/path.sh
[0.625s] -- Installing: /home/robomaven/ws/project1_ws/install/turtlebot3_simulations/share/turtlebot3_simulations/environment/path.dsv
[0.625s] -- Installing: /home/robomaven/ws/project1_ws/install/turtlebot3_simulations/share/turtlebot3_simulations/local_setup.bash
[0.625s] -- Installing: /home/robomaven/ws/project1_ws/install/turtlebot3_simulations/share/turtlebot3_simulations/local_setup.sh
[0.625s] -- Installing: /home/robomaven/ws/project1_ws/install/turtlebot3_simulations/share/turtlebot3_simulations/local_setup.zsh
[0.625s] -- Installing: /home/robomaven/ws/project1_ws/install/turtlebot3_simulations/share/turtlebot3_simulations/local_setup.dsv
[0.626s] -- Installing: /home/robomaven/ws/project1_ws/install/turtlebot3_simulations/share/turtlebot3_simulations/package.dsv
[0.626s] -- Installing: /home/robomaven/ws/project1_ws/install/turtlebot3_simulations/share/ament_index/resource_index/packages/turtlebot3_simulations
[0.626s] -- Installing: /home/robomaven/ws/project1_ws/install/turtlebot3_simulations/share/turtlebot3_simulations/cmake/turtlebot3_simulationsConfig.cmake
[0.626s] -- Installing: /home/robomaven/ws/project1_ws/install/turtlebot3_simulations/share/turtlebot3_simulations/cmake/turtlebot3_simulationsConfig-version.cmake
[0.626s] -- Installing: /home/robomaven/ws/project1_ws/install/turtlebot3_simulations/share/turtlebot3_simulations/package.xml
[0.628s] Invoked command in '/home/robomaven/ws/project1_ws/build/turtlebot3_simulations' returned '0': AMENT_PREFIX_PATH=/home/robomaven/ws/project1_ws/install/turtlebot3_gazebo:/home/robomaven/ws/project1_ws/install/turtlebot3_fake_node:${AMENT_PREFIX_PATH} CMAKE_PREFIX_PATH=/home/robomaven/ws/project1_ws/install/turtlebot3_gazebo:/home/robomaven/ws/project1_ws/install/turtlebot3_fake_node:/home/robomaven/ws/ros2_ws2/install/my_robot_bringup:/home/robomaven/ws/ros2_ws2/install/my_robot_description:/home/robomaven/ws/tb3_ws/install/turtlebot3_simulations:/home/robomaven/ws/tb3_ws/install/turtlebot3_gazebo:/home/robomaven/ws/tb3_ws/install/turtlebot3_fake_node:/opt/ros/humble /usr/bin/cmake --install /home/robomaven/ws/project1_ws/build/turtlebot3_simulations
