[ 33%] Built target count_until_server
[ 66%] Built target count_until_client
[ 83%] [32mBuilding CXX object CMakeFiles/count_until_server_queue_goal.dir/src/count_until_server_queue_goal.cpp.o[0m
[100%] [32m[1mLinking CXX executable count_until_server_queue_goal[0m
[100%] Built target count_until_server_queue_goal
-- Install configuration: ""
-- Up-to-date: /home/robomaven/ws/ros2_ws3/install/actions_cpp/lib/actions_cpp/count_until_client
-- Up-to-date: /home/robomaven/ws/ros2_ws3/install/actions_cpp/lib/actions_cpp/count_until_server
-- Installing: /home/robomaven/ws/ros2_ws3/install/actions_cpp/lib/actions_cpp/count_until_server_queue_goal
-- Set runtime path of "/home/robomaven/ws/ros2_ws3/install/actions_cpp/lib/actions_cpp/count_until_server_queue_goal" to ""
-- Up-to-date: /home/robomaven/ws/ros2_ws3/install/actions_cpp/share/ament_index/resource_index/package_run_dependencies/actions_cpp
-- Up-to-date: /home/robomaven/ws/ros2_ws3/install/actions_cpp/share/ament_index/resource_index/parent_prefix_path/actions_cpp
-- Up-to-date: /home/robomaven/ws/ros2_ws3/install/actions_cpp/share/actions_cpp/environment/ament_prefix_path.sh
-- Up-to-date: /home/robomaven/ws/ros2_ws3/install/actions_cpp/share/actions_cpp/environment/ament_prefix_path.dsv
-- Up-to-date: /home/robomaven/ws/ros2_ws3/install/actions_cpp/share/actions_cpp/environment/path.sh
-- Up-to-date: /home/robomaven/ws/ros2_ws3/install/actions_cpp/share/actions_cpp/environment/path.dsv
-- Up-to-date: /home/robomaven/ws/ros2_ws3/install/actions_cpp/share/actions_cpp/local_setup.bash
-- Up-to-date: /home/robomaven/ws/ros2_ws3/install/actions_cpp/share/actions_cpp/local_setup.sh
-- Up-to-date: /home/robomaven/ws/ros2_ws3/install/actions_cpp/share/actions_cpp/local_setup.zsh
-- Up-to-date: /home/robomaven/ws/ros2_ws3/install/actions_cpp/share/actions_cpp/local_setup.dsv
-- Up-to-date: /home/robomaven/ws/ros2_ws3/install/actions_cpp/share/actions_cpp/package.dsv
-- Up-to-date: /home/robomaven/ws/ros2_ws3/install/actions_cpp/share/ament_index/resource_index/packages/actions_cpp
-- Up-to-date: /home/robomaven/ws/ros2_ws3/install/actions_cpp/share/actions_cpp/cmake/actions_cppConfig.cmake
-- Up-to-date: /home/robomaven/ws/ros2_ws3/install/actions_cpp/share/actions_cpp/cmake/actions_cppConfig-version.cmake
-- Up-to-date: /home/robomaven/ws/ros2_ws3/install/actions_cpp/share/actions_cpp/package.xml
