[0.098s] DEBUG:colcon:Command line arguments: ['/usr/bin/colcon', 'build']
[0.098s] DEBUG:colcon:Parsed command line arguments: Namespace(log_base=None, log_level=None, verb_name='build', build_base='build', install_base='install', merge_install=False, symlink_install=False, test_result_base=None, continue_on_error=False, executor='parallel', parallel_workers=20, event_handlers=None, ignore_user_meta=False, metas=['./colcon.meta'], base_paths=['.'], packages_ignore=None, packages_ignore_regex=None, paths=None, packages_up_to=None, packages_up_to_regex=None, packages_above=None, packages_above_and_dependencies=None, packages_above_depth=None, packages_select_by_dep=None, packages_skip_by_dep=None, packages_skip_up_to=None, packages_select_build_failed=False, packages_skip_build_finished=False, packages_select_test_failures=False, packages_skip_test_passed=False, packages_select=None, packages_skip=None, packages_select_regex=None, packages_skip_regex=None, packages_start=None, packages_end=None, allow_overriding=[], cmake_args=None, cmake_target=None, cmake_target_skip_unavailable=False, cmake_clean_cache=False, cmake_clean_first=False, cmake_force_configure=False, ament_cmake_args=None, catkin_cmake_args=None, catkin_skip_building_tests=False, mixin_files=None, mixin=None, verb_parser=<colcon_mixin.mixin.mixin_argument.MixinArgumentDecorator object at 0x7c5874e3a500>, verb_extension=<colcon_core.verb.build.BuildVerb object at 0x7c5874e39f30>, main=<bound method BuildVerb.main of <colcon_core.verb.build.BuildVerb object at 0x7c5874e39f30>>, mixin_verb=('build',))
[0.242s] Level 1:colcon.colcon_core.package_discovery:discover_packages(colcon_meta) check parameters
[0.242s] Level 1:colcon.colcon_core.package_discovery:discover_packages(recursive) check parameters
[0.242s] Level 1:colcon.colcon_core.package_discovery:discover_packages(ignore) check parameters
[0.242s] Level 1:colcon.colcon_core.package_discovery:discover_packages(path) check parameters
[0.242s] Level 1:colcon.colcon_core.package_discovery:discover_packages(colcon_meta) discover
[0.242s] Level 1:colcon.colcon_core.package_discovery:discover_packages(recursive) discover
[0.242s] INFO:colcon.colcon_core.package_discovery:Crawling recursively for packages in '/home/robomaven/ws/tb3_ws'
[0.242s] Level 1:colcon.colcon_core.package_identification:_identify(.) by extensions ['ignore', 'ignore_ament_install']
[0.242s] Level 1:colcon.colcon_core.package_identification:_identify(.) by extension 'ignore'
[0.242s] Level 1:colcon.colcon_core.package_identification:_identify(.) by extension 'ignore_ament_install'
[0.242s] Level 1:colcon.colcon_core.package_identification:_identify(.) by extensions ['colcon_pkg']
[0.242s] Level 1:colcon.colcon_core.package_identification:_identify(.) by extension 'colcon_pkg'
[0.242s] Level 1:colcon.colcon_core.package_identification:_identify(.) by extensions ['colcon_meta']
[0.242s] Level 1:colcon.colcon_core.package_identification:_identify(.) by extension 'colcon_meta'
[0.242s] Level 1:colcon.colcon_core.package_identification:_identify(.) by extensions ['ros']
[0.242s] Level 1:colcon.colcon_core.package_identification:_identify(.) by extension 'ros'
[0.249s] Level 1:colcon.colcon_core.package_identification:_identify(.) by extensions ['cmake', 'python']
[0.249s] Level 1:colcon.colcon_core.package_identification:_identify(.) by extension 'cmake'
[0.250s] Level 1:colcon.colcon_core.package_identification:_identify(.) by extension 'python'
[0.250s] Level 1:colcon.colcon_core.package_identification:_identify(.) by extensions ['python_setup_py']
[0.250s] Level 1:colcon.colcon_core.package_identification:_identify(.) by extension 'python_setup_py'
[0.250s] Level 1:colcon.colcon_core.package_identification:_identify(build) by extensions ['ignore', 'ignore_ament_install']
[0.250s] Level 1:colcon.colcon_core.package_identification:_identify(build) by extension 'ignore'
[0.250s] Level 1:colcon.colcon_core.package_identification:_identify(build) ignored
[0.250s] Level 1:colcon.colcon_core.package_identification:_identify(install) by extensions ['ignore', 'ignore_ament_install']
[0.250s] Level 1:colcon.colcon_core.package_identification:_identify(install) by extension 'ignore'
[0.250s] Level 1:colcon.colcon_core.package_identification:_identify(install) ignored
[0.250s] Level 1:colcon.colcon_core.package_identification:_identify(log) by extensions ['ignore', 'ignore_ament_install']
[0.250s] Level 1:colcon.colcon_core.package_identification:_identify(log) by extension 'ignore'
[0.250s] Level 1:colcon.colcon_core.package_identification:_identify(log) ignored
[0.250s] Level 1:colcon.colcon_core.package_identification:_identify(src) by extensions ['ignore', 'ignore_ament_install']
[0.250s] Level 1:colcon.colcon_core.package_identification:_identify(src) by extension 'ignore'
[0.250s] Level 1:colcon.colcon_core.package_identification:_identify(src) by extension 'ignore_ament_install'
[0.250s] Level 1:colcon.colcon_core.package_identification:_identify(src) by extensions ['colcon_pkg']
[0.250s] Level 1:colcon.colcon_core.package_identification:_identify(src) by extension 'colcon_pkg'
[0.250s] Level 1:colcon.colcon_core.package_identification:_identify(src) by extensions ['colcon_meta']
[0.250s] Level 1:colcon.colcon_core.package_identification:_identify(src) by extension 'colcon_meta'
[0.250s] Level 1:colcon.colcon_core.package_identification:_identify(src) by extensions ['ros']
[0.250s] Level 1:colcon.colcon_core.package_identification:_identify(src) by extension 'ros'
[0.250s] Level 1:colcon.colcon_core.package_identification:_identify(src) by extensions ['cmake', 'python']
[0.250s] Level 1:colcon.colcon_core.package_identification:_identify(src) by extension 'cmake'
[0.250s] Level 1:colcon.colcon_core.package_identification:_identify(src) by extension 'python'
[0.250s] Level 1:colcon.colcon_core.package_identification:_identify(src) by extensions ['python_setup_py']
[0.250s] Level 1:colcon.colcon_core.package_identification:_identify(src) by extension 'python_setup_py'
[0.250s] Level 1:colcon.colcon_core.package_identification:_identify(src/turtlebot3_fake_node) by extensions ['ignore', 'ignore_ament_install']
[0.250s] Level 1:colcon.colcon_core.package_identification:_identify(src/turtlebot3_fake_node) by extension 'ignore'
[0.250s] Level 1:colcon.colcon_core.package_identification:_identify(src/turtlebot3_fake_node) by extension 'ignore_ament_install'
[0.250s] Level 1:colcon.colcon_core.package_identification:_identify(src/turtlebot3_fake_node) by extensions ['colcon_pkg']
[0.250s] Level 1:colcon.colcon_core.package_identification:_identify(src/turtlebot3_fake_node) by extension 'colcon_pkg'
[0.251s] Level 1:colcon.colcon_core.package_identification:_identify(src/turtlebot3_fake_node) by extensions ['colcon_meta']
[0.251s] Level 1:colcon.colcon_core.package_identification:_identify(src/turtlebot3_fake_node) by extension 'colcon_meta'
[0.251s] Level 1:colcon.colcon_core.package_identification:_identify(src/turtlebot3_fake_node) by extensions ['ros']
[0.251s] Level 1:colcon.colcon_core.package_identification:_identify(src/turtlebot3_fake_node) by extension 'ros'
[0.257s] DEBUG:colcon.colcon_core.package_identification:Package 'src/turtlebot3_fake_node' with type 'ros.ament_cmake' and name 'turtlebot3_fake_node'
[0.257s] Level 1:colcon.colcon_core.package_identification:_identify(src/turtlebot3_gazebo) by extensions ['ignore', 'ignore_ament_install']
[0.257s] Level 1:colcon.colcon_core.package_identification:_identify(src/turtlebot3_gazebo) by extension 'ignore'
[0.257s] Level 1:colcon.colcon_core.package_identification:_identify(src/turtlebot3_gazebo) by extension 'ignore_ament_install'
[0.257s] Level 1:colcon.colcon_core.package_identification:_identify(src/turtlebot3_gazebo) by extensions ['colcon_pkg']
[0.257s] Level 1:colcon.colcon_core.package_identification:_identify(src/turtlebot3_gazebo) by extension 'colcon_pkg'
[0.257s] Level 1:colcon.colcon_core.package_identification:_identify(src/turtlebot3_gazebo) by extensions ['colcon_meta']
[0.257s] Level 1:colcon.colcon_core.package_identification:_identify(src/turtlebot3_gazebo) by extension 'colcon_meta'
[0.257s] Level 1:colcon.colcon_core.package_identification:_identify(src/turtlebot3_gazebo) by extensions ['ros']
[0.257s] Level 1:colcon.colcon_core.package_identification:_identify(src/turtlebot3_gazebo) by extension 'ros'
[0.258s] DEBUG:colcon.colcon_core.package_identification:Package 'src/turtlebot3_gazebo' with type 'ros.ament_cmake' and name 'turtlebot3_gazebo'
[0.258s] Level 1:colcon.colcon_core.package_identification:_identify(src/turtlebot3_simulations) by extensions ['ignore', 'ignore_ament_install']
[0.258s] Level 1:colcon.colcon_core.package_identification:_identify(src/turtlebot3_simulations) by extension 'ignore'
[0.258s] Level 1:colcon.colcon_core.package_identification:_identify(src/turtlebot3_simulations) by extension 'ignore_ament_install'
[0.258s] Level 1:colcon.colcon_core.package_identification:_identify(src/turtlebot3_simulations) by extensions ['colcon_pkg']
[0.258s] Level 1:colcon.colcon_core.package_identification:_identify(src/turtlebot3_simulations) by extension 'colcon_pkg'
[0.258s] Level 1:colcon.colcon_core.package_identification:_identify(src/turtlebot3_simulations) by extensions ['colcon_meta']
[0.258s] Level 1:colcon.colcon_core.package_identification:_identify(src/turtlebot3_simulations) by extension 'colcon_meta'
[0.258s] Level 1:colcon.colcon_core.package_identification:_identify(src/turtlebot3_simulations) by extensions ['ros']
[0.258s] Level 1:colcon.colcon_core.package_identification:_identify(src/turtlebot3_simulations) by extension 'ros'
[0.259s] DEBUG:colcon.colcon_core.package_identification:Package 'src/turtlebot3_simulations' with type 'ros.ament_cmake' and name 'turtlebot3_simulations'
[0.259s] Level 1:colcon.colcon_core.package_discovery:discover_packages(recursive) using defaults
[0.259s] Level 1:colcon.colcon_core.package_discovery:discover_packages(ignore) discover
[0.259s] Level 1:colcon.colcon_core.package_discovery:discover_packages(ignore) using defaults
[0.259s] Level 1:colcon.colcon_core.package_discovery:discover_packages(path) discover
[0.259s] Level 1:colcon.colcon_core.package_discovery:discover_packages(path) using defaults
[0.275s] Level 1:colcon.colcon_core.package_discovery:discover_packages(prefix_path) check parameters
[0.275s] Level 1:colcon.colcon_core.package_discovery:discover_packages(prefix_path) discover
[0.277s] DEBUG:colcon.colcon_installed_package_information.package_discovery:Found 413 installed packages in /opt/ros/humble
[0.279s] Level 1:colcon.colcon_core.package_discovery:discover_packages(prefix_path) using defaults
[0.308s] Level 5:colcon.colcon_core.verb:set package 'turtlebot3_fake_node' build argument 'cmake_args' from command line to 'None'
[0.308s] Level 5:colcon.colcon_core.verb:set package 'turtlebot3_fake_node' build argument 'cmake_target' from command line to 'None'
[0.308s] Level 5:colcon.colcon_core.verb:set package 'turtlebot3_fake_node' build argument 'cmake_target_skip_unavailable' from command line to 'False'
[0.308s] Level 5:colcon.colcon_core.verb:set package 'turtlebot3_fake_node' build argument 'cmake_clean_cache' from command line to 'False'
[0.308s] Level 5:colcon.colcon_core.verb:set package 'turtlebot3_fake_node' build argument 'cmake_clean_first' from command line to 'False'
[0.308s] Level 5:colcon.colcon_core.verb:set package 'turtlebot3_fake_node' build argument 'cmake_force_configure' from command line to 'False'
[0.308s] Level 5:colcon.colcon_core.verb:set package 'turtlebot3_fake_node' build argument 'ament_cmake_args' from command line to 'None'
[0.308s] Level 5:colcon.colcon_core.verb:set package 'turtlebot3_fake_node' build argument 'catkin_cmake_args' from command line to 'None'
[0.308s] Level 5:colcon.colcon_core.verb:set package 'turtlebot3_fake_node' build argument 'catkin_skip_building_tests' from command line to 'False'
[0.308s] DEBUG:colcon.colcon_core.verb:Building package 'turtlebot3_fake_node' with the following arguments: {'ament_cmake_args': None, 'build_base': '/home/robomaven/ws/tb3_ws/build/turtlebot3_fake_node', 'catkin_cmake_args': None, 'catkin_skip_building_tests': False, 'cmake_args': None, 'cmake_clean_cache': False, 'cmake_clean_first': False, 'cmake_force_configure': False, 'cmake_target': None, 'cmake_target_skip_unavailable': False, 'install_base': '/home/robomaven/ws/tb3_ws/install/turtlebot3_fake_node', 'merge_install': False, 'path': '/home/robomaven/ws/tb3_ws/src/turtlebot3_fake_node', 'symlink_install': False, 'test_result_base': None}
[0.308s] Level 5:colcon.colcon_core.verb:set package 'turtlebot3_gazebo' build argument 'cmake_args' from command line to 'None'
[0.308s] Level 5:colcon.colcon_core.verb:set package 'turtlebot3_gazebo' build argument 'cmake_target' from command line to 'None'
[0.308s] Level 5:colcon.colcon_core.verb:set package 'turtlebot3_gazebo' build argument 'cmake_target_skip_unavailable' from command line to 'False'
[0.308s] Level 5:colcon.colcon_core.verb:set package 'turtlebot3_gazebo' build argument 'cmake_clean_cache' from command line to 'False'
[0.308s] Level 5:colcon.colcon_core.verb:set package 'turtlebot3_gazebo' build argument 'cmake_clean_first' from command line to 'False'
[0.308s] Level 5:colcon.colcon_core.verb:set package 'turtlebot3_gazebo' build argument 'cmake_force_configure' from command line to 'False'
[0.308s] Level 5:colcon.colcon_core.verb:set package 'turtlebot3_gazebo' build argument 'ament_cmake_args' from command line to 'None'
[0.308s] Level 5:colcon.colcon_core.verb:set package 'turtlebot3_gazebo' build argument 'catkin_cmake_args' from command line to 'None'
[0.308s] Level 5:colcon.colcon_core.verb:set package 'turtlebot3_gazebo' build argument 'catkin_skip_building_tests' from command line to 'False'
[0.308s] DEBUG:colcon.colcon_core.verb:Building package 'turtlebot3_gazebo' with the following arguments: {'ament_cmake_args': None, 'build_base': '/home/robomaven/ws/tb3_ws/build/turtlebot3_gazebo', 'catkin_cmake_args': None, 'catkin_skip_building_tests': False, 'cmake_args': None, 'cmake_clean_cache': False, 'cmake_clean_first': False, 'cmake_force_configure': False, 'cmake_target': None, 'cmake_target_skip_unavailable': False, 'install_base': '/home/robomaven/ws/tb3_ws/install/turtlebot3_gazebo', 'merge_install': False, 'path': '/home/robomaven/ws/tb3_ws/src/turtlebot3_gazebo', 'symlink_install': False, 'test_result_base': None}
[0.308s] Level 5:colcon.colcon_core.verb:set package 'turtlebot3_simulations' build argument 'cmake_args' from command line to 'None'
[0.308s] Level 5:colcon.colcon_core.verb:set package 'turtlebot3_simulations' build argument 'cmake_target' from command line to 'None'
[0.308s] Level 5:colcon.colcon_core.verb:set package 'turtlebot3_simulations' build argument 'cmake_target_skip_unavailable' from command line to 'False'
[0.308s] Level 5:colcon.colcon_core.verb:set package 'turtlebot3_simulations' build argument 'cmake_clean_cache' from command line to 'False'
[0.308s] Level 5:colcon.colcon_core.verb:set package 'turtlebot3_simulations' build argument 'cmake_clean_first' from command line to 'False'
[0.308s] Level 5:colcon.colcon_core.verb:set package 'turtlebot3_simulations' build argument 'cmake_force_configure' from command line to 'False'
[0.308s] Level 5:colcon.colcon_core.verb:set package 'turtlebot3_simulations' build argument 'ament_cmake_args' from command line to 'None'
[0.308s] Level 5:colcon.colcon_core.verb:set package 'turtlebot3_simulations' build argument 'catkin_cmake_args' from command line to 'None'
[0.308s] Level 5:colcon.colcon_core.verb:set package 'turtlebot3_simulations' build argument 'catkin_skip_building_tests' from command line to 'False'
[0.308s] DEBUG:colcon.colcon_core.verb:Building package 'turtlebot3_simulations' with the following arguments: {'ament_cmake_args': None, 'build_base': '/home/robomaven/ws/tb3_ws/build/turtlebot3_simulations', 'catkin_cmake_args': None, 'catkin_skip_building_tests': False, 'cmake_args': None, 'cmake_clean_cache': False, 'cmake_clean_first': False, 'cmake_force_configure': False, 'cmake_target': None, 'cmake_target_skip_unavailable': False, 'install_base': '/home/robomaven/ws/tb3_ws/install/turtlebot3_simulations', 'merge_install': False, 'path': '/home/robomaven/ws/tb3_ws/src/turtlebot3_simulations', 'symlink_install': False, 'test_result_base': None}
[0.308s] INFO:colcon.colcon_core.executor:Executing jobs using 'parallel' executor
[0.309s] DEBUG:colcon.colcon_parallel_executor.executor.parallel:run_until_complete
[0.309s] INFO:colcon.colcon_ros.task.ament_cmake.build:Building ROS package in '/home/robomaven/ws/tb3_ws/src/turtlebot3_fake_node' with build type 'ament_cmake'
[0.309s] INFO:colcon.colcon_cmake.task.cmake.build:Building CMake package in '/home/robomaven/ws/tb3_ws/src/turtlebot3_fake_node'
[0.312s] INFO:colcon.colcon_core.plugin_system:Skipping extension 'colcon_core.shell.bat': Not used on non-Windows systems
[0.312s] INFO:colcon.colcon_core.shell:Skip shell extension 'powershell' for command environment: Not usable outside of PowerShell
[0.312s] DEBUG:colcon.colcon_core.shell:Skip shell extension 'dsv' for command environment
[0.314s] INFO:colcon.colcon_ros.task.ament_cmake.build:Building ROS package in '/home/robomaven/ws/tb3_ws/src/turtlebot3_gazebo' with build type 'ament_cmake'
[0.314s] INFO:colcon.colcon_cmake.task.cmake.build:Building CMake package in '/home/robomaven/ws/tb3_ws/src/turtlebot3_gazebo'
[0.314s] INFO:colcon.colcon_core.shell:Skip shell extension 'powershell' for command environment: Not usable outside of PowerShell
[0.314s] DEBUG:colcon.colcon_core.shell:Skip shell extension 'dsv' for command environment
[0.320s] DEBUG:colcon.colcon_core.event_handler.log_command:Invoking command in '/home/robomaven/ws/tb3_ws/build/turtlebot3_fake_node': CMAKE_PREFIX_PATH=/opt/ros/humble /usr/bin/cmake --build /home/robomaven/ws/tb3_ws/build/turtlebot3_fake_node -- -j20 -l20
[0.323s] DEBUG:colcon.colcon_core.event_handler.log_command:Invoking command in '/home/robomaven/ws/tb3_ws/build/turtlebot3_gazebo': CMAKE_PREFIX_PATH=/opt/ros/humble /usr/bin/cmake --build /home/robomaven/ws/tb3_ws/build/turtlebot3_gazebo -- -j20 -l20
[0.398s] DEBUG:colcon.colcon_core.event_handler.log_command:Invoked command in '/home/robomaven/ws/tb3_ws/build/turtlebot3_fake_node' returned '0': CMAKE_PREFIX_PATH=/opt/ros/humble /usr/bin/cmake --build /home/robomaven/ws/tb3_ws/build/turtlebot3_fake_node -- -j20 -l20
[0.419s] DEBUG:colcon.colcon_core.event_handler.log_command:Invoking command in '/home/robomaven/ws/tb3_ws/build/turtlebot3_fake_node': CMAKE_PREFIX_PATH=/opt/ros/humble /usr/bin/cmake --install /home/robomaven/ws/tb3_ws/build/turtlebot3_fake_node
[0.427s] DEBUG:colcon.colcon_core.event_handler.log_command:Invoked command in '/home/robomaven/ws/tb3_ws/build/turtlebot3_gazebo' returned '0': CMAKE_PREFIX_PATH=/opt/ros/humble /usr/bin/cmake --build /home/robomaven/ws/tb3_ws/build/turtlebot3_gazebo -- -j20 -l20
[0.429s] Level 1:colcon.colcon_core.environment:create_environment_scripts_only(turtlebot3_fake_node)
[0.430s] DEBUG:colcon.colcon_core.event_handler.log_command:Invoked command in '/home/robomaven/ws/tb3_ws/build/turtlebot3_fake_node' returned '0': CMAKE_PREFIX_PATH=/opt/ros/humble /usr/bin/cmake --install /home/robomaven/ws/tb3_ws/build/turtlebot3_fake_node
[0.435s] Level 1:colcon.colcon_core.environment:checking '/home/robomaven/ws/tb3_ws/install/turtlebot3_fake_node' for CMake module files
[0.435s] Level 1:colcon.colcon_core.environment:checking '/home/robomaven/ws/tb3_ws/install/turtlebot3_fake_node' for CMake config files
[0.436s] Level 1:colcon.colcon_core.shell:create_environment_hook('turtlebot3_fake_node', 'cmake_prefix_path')
[0.436s] INFO:colcon.colcon_core.shell:Creating environment hook '/home/robomaven/ws/tb3_ws/install/turtlebot3_fake_node/share/turtlebot3_fake_node/hook/cmake_prefix_path.ps1'
[0.437s] INFO:colcon.colcon_core.shell:Creating environment descriptor '/home/robomaven/ws/tb3_ws/install/turtlebot3_fake_node/share/turtlebot3_fake_node/hook/cmake_prefix_path.dsv'
[0.438s] INFO:colcon.colcon_core.shell:Creating environment hook '/home/robomaven/ws/tb3_ws/install/turtlebot3_fake_node/share/turtlebot3_fake_node/hook/cmake_prefix_path.sh'
[0.439s] Level 1:colcon.colcon_core.environment:checking '/home/robomaven/ws/tb3_ws/install/turtlebot3_fake_node/lib'
[0.439s] Level 1:colcon.colcon_core.environment:checking '/home/robomaven/ws/tb3_ws/install/turtlebot3_fake_node/bin'
[0.439s] Level 1:colcon.colcon_core.environment:checking '/home/robomaven/ws/tb3_ws/install/turtlebot3_fake_node/lib/pkgconfig/turtlebot3_fake_node.pc'
[0.439s] Level 1:colcon.colcon_core.environment:checking '/home/robomaven/ws/tb3_ws/install/turtlebot3_fake_node/lib/python3.10/site-packages'
[0.439s] Level 1:colcon.colcon_core.environment:checking '/home/robomaven/ws/tb3_ws/install/turtlebot3_fake_node/bin'
[0.439s] INFO:colcon.colcon_core.shell:Creating package script '/home/robomaven/ws/tb3_ws/install/turtlebot3_fake_node/share/turtlebot3_fake_node/package.ps1'
[0.440s] INFO:colcon.colcon_core.shell:Creating package descriptor '/home/robomaven/ws/tb3_ws/install/turtlebot3_fake_node/share/turtlebot3_fake_node/package.dsv'
[0.441s] INFO:colcon.colcon_core.shell:Creating package script '/home/robomaven/ws/tb3_ws/install/turtlebot3_fake_node/share/turtlebot3_fake_node/package.sh'
[0.441s] INFO:colcon.colcon_core.shell:Creating package script '/home/robomaven/ws/tb3_ws/install/turtlebot3_fake_node/share/turtlebot3_fake_node/package.bash'
[0.442s] INFO:colcon.colcon_core.shell:Creating package script '/home/robomaven/ws/tb3_ws/install/turtlebot3_fake_node/share/turtlebot3_fake_node/package.zsh'
[0.443s] Level 1:colcon.colcon_core.environment:create_file_with_runtime_dependencies(/home/robomaven/ws/tb3_ws/install/turtlebot3_fake_node/share/colcon-core/packages/turtlebot3_fake_node)
[0.456s] DEBUG:colcon.colcon_core.event_handler.log_command:Invoking command in '/home/robomaven/ws/tb3_ws/build/turtlebot3_gazebo': CMAKE_PREFIX_PATH=/opt/ros/humble /usr/bin/cmake --install /home/robomaven/ws/tb3_ws/build/turtlebot3_gazebo
[0.462s] Level 1:colcon.colcon_core.environment:create_environment_scripts_only(turtlebot3_fake_node)
[0.463s] Level 1:colcon.colcon_core.environment:checking '/home/robomaven/ws/tb3_ws/install/turtlebot3_fake_node' for CMake module files
[0.464s] Level 1:colcon.colcon_core.environment:checking '/home/robomaven/ws/tb3_ws/install/turtlebot3_fake_node' for CMake config files
[0.465s] Level 1:colcon.colcon_core.shell:create_environment_hook('turtlebot3_fake_node', 'cmake_prefix_path')
[0.465s] INFO:colcon.colcon_core.shell:Creating environment hook '/home/robomaven/ws/tb3_ws/install/turtlebot3_fake_node/share/turtlebot3_fake_node/hook/cmake_prefix_path.ps1'
[0.466s] INFO:colcon.colcon_core.shell:Creating environment descriptor '/home/robomaven/ws/tb3_ws/install/turtlebot3_fake_node/share/turtlebot3_fake_node/hook/cmake_prefix_path.dsv'
[0.467s] INFO:colcon.colcon_core.shell:Creating environment hook '/home/robomaven/ws/tb3_ws/install/turtlebot3_fake_node/share/turtlebot3_fake_node/hook/cmake_prefix_path.sh'
[0.468s] Level 1:colcon.colcon_core.environment:checking '/home/robomaven/ws/tb3_ws/install/turtlebot3_fake_node/lib'
[0.468s] Level 1:colcon.colcon_core.environment:checking '/home/robomaven/ws/tb3_ws/install/turtlebot3_fake_node/bin'
[0.468s] Level 1:colcon.colcon_core.environment:checking '/home/robomaven/ws/tb3_ws/install/turtlebot3_fake_node/lib/pkgconfig/turtlebot3_fake_node.pc'
[0.468s] Level 1:colcon.colcon_core.environment:checking '/home/robomaven/ws/tb3_ws/install/turtlebot3_fake_node/lib/python3.10/site-packages'
[0.468s] Level 1:colcon.colcon_core.environment:checking '/home/robomaven/ws/tb3_ws/install/turtlebot3_fake_node/bin'
[0.468s] INFO:colcon.colcon_core.shell:Creating package script '/home/robomaven/ws/tb3_ws/install/turtlebot3_fake_node/share/turtlebot3_fake_node/package.ps1'
[0.469s] INFO:colcon.colcon_core.shell:Creating package descriptor '/home/robomaven/ws/tb3_ws/install/turtlebot3_fake_node/share/turtlebot3_fake_node/package.dsv'
[0.469s] INFO:colcon.colcon_core.shell:Creating package script '/home/robomaven/ws/tb3_ws/install/turtlebot3_fake_node/share/turtlebot3_fake_node/package.sh'
[0.469s] INFO:colcon.colcon_core.shell:Creating package script '/home/robomaven/ws/tb3_ws/install/turtlebot3_fake_node/share/turtlebot3_fake_node/package.bash'
[0.469s] INFO:colcon.colcon_core.shell:Creating package script '/home/robomaven/ws/tb3_ws/install/turtlebot3_fake_node/share/turtlebot3_fake_node/package.zsh'
[0.470s] Level 1:colcon.colcon_core.environment:create_file_with_runtime_dependencies(/home/robomaven/ws/tb3_ws/install/turtlebot3_fake_node/share/colcon-core/packages/turtlebot3_fake_node)
[0.470s] Level 1:colcon.colcon_core.environment:create_environment_scripts_only(turtlebot3_gazebo)
[0.471s] Level 1:colcon.colcon_core.environment:checking '/home/robomaven/ws/tb3_ws/install/turtlebot3_gazebo' for CMake module files
[0.471s] DEBUG:colcon.colcon_core.event_handler.log_command:Invoked command in '/home/robomaven/ws/tb3_ws/build/turtlebot3_gazebo' returned '0': CMAKE_PREFIX_PATH=/opt/ros/humble /usr/bin/cmake --install /home/robomaven/ws/tb3_ws/build/turtlebot3_gazebo
[0.471s] Level 1:colcon.colcon_core.environment:checking '/home/robomaven/ws/tb3_ws/install/turtlebot3_gazebo' for CMake config files
[0.472s] Level 1:colcon.colcon_core.shell:create_environment_hook('turtlebot3_gazebo', 'cmake_prefix_path')
[0.472s] INFO:colcon.colcon_core.shell:Creating environment hook '/home/robomaven/ws/tb3_ws/install/turtlebot3_gazebo/share/turtlebot3_gazebo/hook/cmake_prefix_path.ps1'
[0.473s] INFO:colcon.colcon_core.shell:Creating environment descriptor '/home/robomaven/ws/tb3_ws/install/turtlebot3_gazebo/share/turtlebot3_gazebo/hook/cmake_prefix_path.dsv'
[0.473s] INFO:colcon.colcon_core.shell:Creating environment hook '/home/robomaven/ws/tb3_ws/install/turtlebot3_gazebo/share/turtlebot3_gazebo/hook/cmake_prefix_path.sh'
[0.473s] Level 1:colcon.colcon_core.environment:checking '/home/robomaven/ws/tb3_ws/install/turtlebot3_gazebo/lib'
[0.473s] Level 1:colcon.colcon_core.environment:checking '/home/robomaven/ws/tb3_ws/install/turtlebot3_gazebo/bin'
[0.473s] Level 1:colcon.colcon_core.environment:checking '/home/robomaven/ws/tb3_ws/install/turtlebot3_gazebo/lib/pkgconfig/turtlebot3_gazebo.pc'
[0.474s] Level 1:colcon.colcon_core.environment:checking '/home/robomaven/ws/tb3_ws/install/turtlebot3_gazebo/lib/python3.10/site-packages'
[0.474s] Level 1:colcon.colcon_core.environment:checking '/home/robomaven/ws/tb3_ws/install/turtlebot3_gazebo/bin'
[0.474s] INFO:colcon.colcon_core.shell:Creating package script '/home/robomaven/ws/tb3_ws/install/turtlebot3_gazebo/share/turtlebot3_gazebo/package.ps1'
[0.475s] INFO:colcon.colcon_core.shell:Creating package descriptor '/home/robomaven/ws/tb3_ws/install/turtlebot3_gazebo/share/turtlebot3_gazebo/package.dsv'
[0.475s] INFO:colcon.colcon_core.shell:Creating package script '/home/robomaven/ws/tb3_ws/install/turtlebot3_gazebo/share/turtlebot3_gazebo/package.sh'
[0.476s] INFO:colcon.colcon_core.shell:Creating package script '/home/robomaven/ws/tb3_ws/install/turtlebot3_gazebo/share/turtlebot3_gazebo/package.bash'
[0.476s] INFO:colcon.colcon_core.shell:Creating package script '/home/robomaven/ws/tb3_ws/install/turtlebot3_gazebo/share/turtlebot3_gazebo/package.zsh'
[0.476s] Level 1:colcon.colcon_core.environment:create_file_with_runtime_dependencies(/home/robomaven/ws/tb3_ws/install/turtlebot3_gazebo/share/colcon-core/packages/turtlebot3_gazebo)
[0.516s] Level 1:colcon.colcon_core.environment:create_environment_scripts_only(turtlebot3_gazebo)
[0.516s] Level 1:colcon.colcon_core.environment:checking '/home/robomaven/ws/tb3_ws/install/turtlebot3_gazebo' for CMake module files
[0.517s] Level 1:colcon.colcon_core.environment:checking '/home/robomaven/ws/tb3_ws/install/turtlebot3_gazebo' for CMake config files
[0.517s] Level 1:colcon.colcon_core.shell:create_environment_hook('turtlebot3_gazebo', 'cmake_prefix_path')
[0.518s] INFO:colcon.colcon_core.shell:Creating environment hook '/home/robomaven/ws/tb3_ws/install/turtlebot3_gazebo/share/turtlebot3_gazebo/hook/cmake_prefix_path.ps1'
[0.518s] INFO:colcon.colcon_core.shell:Creating environment descriptor '/home/robomaven/ws/tb3_ws/install/turtlebot3_gazebo/share/turtlebot3_gazebo/hook/cmake_prefix_path.dsv'
[0.518s] INFO:colcon.colcon_core.shell:Creating environment hook '/home/robomaven/ws/tb3_ws/install/turtlebot3_gazebo/share/turtlebot3_gazebo/hook/cmake_prefix_path.sh'
[0.519s] Level 1:colcon.colcon_core.environment:checking '/home/robomaven/ws/tb3_ws/install/turtlebot3_gazebo/lib'
[0.519s] Level 1:colcon.colcon_core.environment:checking '/home/robomaven/ws/tb3_ws/install/turtlebot3_gazebo/bin'
[0.519s] Level 1:colcon.colcon_core.environment:checking '/home/robomaven/ws/tb3_ws/install/turtlebot3_gazebo/lib/pkgconfig/turtlebot3_gazebo.pc'
[0.519s] Level 1:colcon.colcon_core.environment:checking '/home/robomaven/ws/tb3_ws/install/turtlebot3_gazebo/lib/python3.10/site-packages'
[0.520s] Level 1:colcon.colcon_core.environment:checking '/home/robomaven/ws/tb3_ws/install/turtlebot3_gazebo/bin'
[0.520s] INFO:colcon.colcon_core.shell:Creating package script '/home/robomaven/ws/tb3_ws/install/turtlebot3_gazebo/share/turtlebot3_gazebo/package.ps1'
[0.520s] INFO:colcon.colcon_core.shell:Creating package descriptor '/home/robomaven/ws/tb3_ws/install/turtlebot3_gazebo/share/turtlebot3_gazebo/package.dsv'
[0.521s] INFO:colcon.colcon_core.shell:Creating package script '/home/robomaven/ws/tb3_ws/install/turtlebot3_gazebo/share/turtlebot3_gazebo/package.sh'
[0.521s] INFO:colcon.colcon_core.shell:Creating package script '/home/robomaven/ws/tb3_ws/install/turtlebot3_gazebo/share/turtlebot3_gazebo/package.bash'
[0.522s] INFO:colcon.colcon_core.shell:Creating package script '/home/robomaven/ws/tb3_ws/install/turtlebot3_gazebo/share/turtlebot3_gazebo/package.zsh'
[0.522s] Level 1:colcon.colcon_core.environment:create_file_with_runtime_dependencies(/home/robomaven/ws/tb3_ws/install/turtlebot3_gazebo/share/colcon-core/packages/turtlebot3_gazebo)
[0.522s] INFO:colcon.colcon_ros.task.ament_cmake.build:Building ROS package in '/home/robomaven/ws/tb3_ws/src/turtlebot3_simulations' with build type 'ament_cmake'
[0.522s] INFO:colcon.colcon_cmake.task.cmake.build:Building CMake package in '/home/robomaven/ws/tb3_ws/src/turtlebot3_simulations'
[0.523s] INFO:colcon.colcon_core.shell:Skip shell extension 'powershell' for command environment: Not usable outside of PowerShell
[0.523s] DEBUG:colcon.colcon_core.shell:Skip shell extension 'dsv' for command environment
[0.533s] DEBUG:colcon.colcon_core.event_handler.log_command:Invoking command in '/home/robomaven/ws/tb3_ws/build/turtlebot3_simulations': AMENT_PREFIX_PATH=/home/robomaven/ws/tb3_ws/install/turtlebot3_gazebo:/home/robomaven/ws/tb3_ws/install/turtlebot3_fake_node:${AMENT_PREFIX_PATH} CMAKE_PREFIX_PATH=/home/robomaven/ws/tb3_ws/install/turtlebot3_gazebo:/home/robomaven/ws/tb3_ws/install/turtlebot3_fake_node:/opt/ros/humble /usr/bin/cmake --build /home/robomaven/ws/tb3_ws/build/turtlebot3_simulations -- -j20 -l20
[0.570s] DEBUG:colcon.colcon_core.event_handler.log_command:Invoked command in '/home/robomaven/ws/tb3_ws/build/turtlebot3_simulations' returned '0': AMENT_PREFIX_PATH=/home/robomaven/ws/tb3_ws/install/turtlebot3_gazebo:/home/robomaven/ws/tb3_ws/install/turtlebot3_fake_node:${AMENT_PREFIX_PATH} CMAKE_PREFIX_PATH=/home/robomaven/ws/tb3_ws/install/turtlebot3_gazebo:/home/robomaven/ws/tb3_ws/install/turtlebot3_fake_node:/opt/ros/humble /usr/bin/cmake --build /home/robomaven/ws/tb3_ws/build/turtlebot3_simulations -- -j20 -l20
[0.592s] DEBUG:colcon.colcon_core.event_handler.log_command:Invoking command in '/home/robomaven/ws/tb3_ws/build/turtlebot3_simulations': AMENT_PREFIX_PATH=/home/robomaven/ws/tb3_ws/install/turtlebot3_gazebo:/home/robomaven/ws/tb3_ws/install/turtlebot3_fake_node:${AMENT_PREFIX_PATH} CMAKE_PREFIX_PATH=/home/robomaven/ws/tb3_ws/install/turtlebot3_gazebo:/home/robomaven/ws/tb3_ws/install/turtlebot3_fake_node:/opt/ros/humble /usr/bin/cmake --install /home/robomaven/ws/tb3_ws/build/turtlebot3_simulations
[0.602s] Level 1:colcon.colcon_core.environment:create_environment_scripts_only(turtlebot3_simulations)
[0.602s] DEBUG:colcon.colcon_core.event_handler.log_command:Invoked command in '/home/robomaven/ws/tb3_ws/build/turtlebot3_simulations' returned '0': AMENT_PREFIX_PATH=/home/robomaven/ws/tb3_ws/install/turtlebot3_gazebo:/home/robomaven/ws/tb3_ws/install/turtlebot3_fake_node:${AMENT_PREFIX_PATH} CMAKE_PREFIX_PATH=/home/robomaven/ws/tb3_ws/install/turtlebot3_gazebo:/home/robomaven/ws/tb3_ws/install/turtlebot3_fake_node:/opt/ros/humble /usr/bin/cmake --install /home/robomaven/ws/tb3_ws/build/turtlebot3_simulations
[0.603s] Level 1:colcon.colcon_core.environment:checking '/home/robomaven/ws/tb3_ws/install/turtlebot3_simulations' for CMake module files
[0.603s] Level 1:colcon.colcon_core.environment:checking '/home/robomaven/ws/tb3_ws/install/turtlebot3_simulations' for CMake config files
[0.604s] Level 1:colcon.colcon_core.shell:create_environment_hook('turtlebot3_simulations', 'cmake_prefix_path')
[0.604s] INFO:colcon.colcon_core.shell:Creating environment hook '/home/robomaven/ws/tb3_ws/install/turtlebot3_simulations/share/turtlebot3_simulations/hook/cmake_prefix_path.ps1'
[0.604s] INFO:colcon.colcon_core.shell:Creating environment descriptor '/home/robomaven/ws/tb3_ws/install/turtlebot3_simulations/share/turtlebot3_simulations/hook/cmake_prefix_path.dsv'
[0.605s] INFO:colcon.colcon_core.shell:Creating environment hook '/home/robomaven/ws/tb3_ws/install/turtlebot3_simulations/share/turtlebot3_simulations/hook/cmake_prefix_path.sh'
[0.605s] Level 1:colcon.colcon_core.environment:checking '/home/robomaven/ws/tb3_ws/install/turtlebot3_simulations/bin'
[0.605s] Level 1:colcon.colcon_core.environment:checking '/home/robomaven/ws/tb3_ws/install/turtlebot3_simulations/lib/pkgconfig/turtlebot3_simulations.pc'
[0.606s] Level 1:colcon.colcon_core.environment:checking '/home/robomaven/ws/tb3_ws/install/turtlebot3_simulations/lib/python3.10/site-packages'
[0.606s] Level 1:colcon.colcon_core.environment:checking '/home/robomaven/ws/tb3_ws/install/turtlebot3_simulations/bin'
[0.606s] INFO:colcon.colcon_core.shell:Creating package script '/home/robomaven/ws/tb3_ws/install/turtlebot3_simulations/share/turtlebot3_simulations/package.ps1'
[0.607s] INFO:colcon.colcon_core.shell:Creating package descriptor '/home/robomaven/ws/tb3_ws/install/turtlebot3_simulations/share/turtlebot3_simulations/package.dsv'
[0.607s] INFO:colcon.colcon_core.shell:Creating package script '/home/robomaven/ws/tb3_ws/install/turtlebot3_simulations/share/turtlebot3_simulations/package.sh'
[0.607s] INFO:colcon.colcon_core.shell:Creating package script '/home/robomaven/ws/tb3_ws/install/turtlebot3_simulations/share/turtlebot3_simulations/package.bash'
[0.608s] INFO:colcon.colcon_core.shell:Creating package script '/home/robomaven/ws/tb3_ws/install/turtlebot3_simulations/share/turtlebot3_simulations/package.zsh'
[0.608s] Level 1:colcon.colcon_core.environment:create_file_with_runtime_dependencies(/home/robomaven/ws/tb3_ws/install/turtlebot3_simulations/share/colcon-core/packages/turtlebot3_simulations)
[0.631s] Level 1:colcon.colcon_core.environment:create_environment_scripts_only(turtlebot3_simulations)
[0.631s] Level 1:colcon.colcon_core.environment:checking '/home/robomaven/ws/tb3_ws/install/turtlebot3_simulations' for CMake module files
[0.631s] Level 1:colcon.colcon_core.environment:checking '/home/robomaven/ws/tb3_ws/install/turtlebot3_simulations' for CMake config files
[0.631s] Level 1:colcon.colcon_core.shell:create_environment_hook('turtlebot3_simulations', 'cmake_prefix_path')
[0.632s] INFO:colcon.colcon_core.shell:Creating environment hook '/home/robomaven/ws/tb3_ws/install/turtlebot3_simulations/share/turtlebot3_simulations/hook/cmake_prefix_path.ps1'
[0.632s] INFO:colcon.colcon_core.shell:Creating environment descriptor '/home/robomaven/ws/tb3_ws/install/turtlebot3_simulations/share/turtlebot3_simulations/hook/cmake_prefix_path.dsv'
[0.632s] INFO:colcon.colcon_core.shell:Creating environment hook '/home/robomaven/ws/tb3_ws/install/turtlebot3_simulations/share/turtlebot3_simulations/hook/cmake_prefix_path.sh'
[0.633s] Level 1:colcon.colcon_core.environment:checking '/home/robomaven/ws/tb3_ws/install/turtlebot3_simulations/bin'
[0.633s] Level 1:colcon.colcon_core.environment:checking '/home/robomaven/ws/tb3_ws/install/turtlebot3_simulations/lib/pkgconfig/turtlebot3_simulations.pc'
[0.633s] Level 1:colcon.colcon_core.environment:checking '/home/robomaven/ws/tb3_ws/install/turtlebot3_simulations/lib/python3.10/site-packages'
[0.634s] Level 1:colcon.colcon_core.environment:checking '/home/robomaven/ws/tb3_ws/install/turtlebot3_simulations/bin'
[0.634s] INFO:colcon.colcon_core.shell:Creating package script '/home/robomaven/ws/tb3_ws/install/turtlebot3_simulations/share/turtlebot3_simulations/package.ps1'
[0.634s] INFO:colcon.colcon_core.shell:Creating package descriptor '/home/robomaven/ws/tb3_ws/install/turtlebot3_simulations/share/turtlebot3_simulations/package.dsv'
[0.635s] INFO:colcon.colcon_core.shell:Creating package script '/home/robomaven/ws/tb3_ws/install/turtlebot3_simulations/share/turtlebot3_simulations/package.sh'
[0.635s] INFO:colcon.colcon_core.shell:Creating package script '/home/robomaven/ws/tb3_ws/install/turtlebot3_simulations/share/turtlebot3_simulations/package.bash'
[0.636s] INFO:colcon.colcon_core.shell:Creating package script '/home/robomaven/ws/tb3_ws/install/turtlebot3_simulations/share/turtlebot3_simulations/package.zsh'
[0.636s] Level 1:colcon.colcon_core.environment:create_file_with_runtime_dependencies(/home/robomaven/ws/tb3_ws/install/turtlebot3_simulations/share/colcon-core/packages/turtlebot3_simulations)
[0.636s] DEBUG:colcon.colcon_parallel_executor.executor.parallel:closing loop
[0.636s] DEBUG:colcon.colcon_parallel_executor.executor.parallel:loop closed
[0.637s] DEBUG:colcon.colcon_parallel_executor.executor.parallel:run_until_complete finished with '0'
[0.637s] DEBUG:colcon.colcon_core.event_reactor:joining thread
[0.643s] INFO:colcon.colcon_core.plugin_system:Skipping extension 'colcon_notification.desktop_notification.terminal_notifier': Not used on non-Darwin systems
[0.643s] INFO:colcon.colcon_core.plugin_system:Skipping extension 'colcon_notification.desktop_notification.win32': Not used on non-Windows systems
[0.643s] INFO:colcon.colcon_notification.desktop_notification:Sending desktop notification using 'notify2'
[0.658s] DEBUG:colcon.colcon_core.event_reactor:joined thread
[0.659s] INFO:colcon.colcon_core.shell:Creating prefix script '/home/robomaven/ws/tb3_ws/install/local_setup.ps1'
[0.659s] INFO:colcon.colcon_core.shell:Creating prefix util module '/home/robomaven/ws/tb3_ws/install/_local_setup_util_ps1.py'
[0.660s] INFO:colcon.colcon_core.shell:Creating prefix chain script '/home/robomaven/ws/tb3_ws/install/setup.ps1'
[0.661s] INFO:colcon.colcon_core.shell:Creating prefix script '/home/robomaven/ws/tb3_ws/install/local_setup.sh'
[0.662s] INFO:colcon.colcon_core.shell:Creating prefix util module '/home/robomaven/ws/tb3_ws/install/_local_setup_util_sh.py'
[0.662s] INFO:colcon.colcon_core.shell:Creating prefix chain script '/home/robomaven/ws/tb3_ws/install/setup.sh'
[0.663s] INFO:colcon.colcon_core.shell:Creating prefix script '/home/robomaven/ws/tb3_ws/install/local_setup.bash'
[0.664s] INFO:colcon.colcon_core.shell:Creating prefix chain script '/home/robomaven/ws/tb3_ws/install/setup.bash'
[0.665s] INFO:colcon.colcon_core.shell:Creating prefix script '/home/robomaven/ws/tb3_ws/install/local_setup.zsh'
[0.666s] INFO:colcon.colcon_core.shell:Creating prefix chain script '/home/robomaven/ws/tb3_ws/install/setup.zsh'
