[0.036s] Invoking command in '/home/robomaven/ws/ws_moveit2/build/srdfdom': CMAKE_PREFIX_PATH=${CMAKE_PREFIX_PATH}:/home/robomaven/ws/ws_moveit2/install/moveit_configs_utils:/home/robomaven/ws/ws_moveit2/install/launch_param_builder:/opt/ros/humble /usr/bin/cmake --build /home/robomaven/ws/ws_moveit2/build/srdfdom -- -j20 -l20
[0.217s] [ 27%] Built target srdfdom
[0.217s] [ 45%] Built target gtest_main
[0.217s] [35m[1mConsolidate compiler generated dependencies of target gtest[0m
[0.217s] [ 63%] Built target gtest
[0.217s] [ 63%] Built target ament_cmake_python_copy_srdfdom
[0.218s] [35m[1mConsolidate compiler generated dependencies of target test_cpp_nl_NL.UTF-8[0m
[0.218s] [ 81%] Built target test_cpp_nl_NL.UTF-8
[0.375s] running egg_info
[0.375s] writing srdfdom.egg-info/PKG-INFO
[0.376s] writing dependency_links to srdfdom.egg-info/dependency_links.txt
[0.376s] writing top-level names to srdfdom.egg-info/top_level.txt
[0.379s] reading manifest file 'srdfdom.egg-info/SOURCES.txt'
[0.379s] writing manifest file 'srdfdom.egg-info/SOURCES.txt'
[0.401s] [ 81%] Built target ament_cmake_python_build_srdfdom_egg
[0.410s] [35m[1mConsolidate compiler generated dependencies of target test_cpp_C[0m
[0.422s] [100%] Built target test_cpp_C
[0.435s] Invoked command in '/home/robomaven/ws/ws_moveit2/build/srdfdom' returned '0': CMAKE_PREFIX_PATH=${CMAKE_PREFIX_PATH}:/home/robomaven/ws/ws_moveit2/install/moveit_configs_utils:/home/robomaven/ws/ws_moveit2/install/launch_param_builder:/opt/ros/humble /usr/bin/cmake --build /home/robomaven/ws/ws_moveit2/build/srdfdom -- -j20 -l20
[0.480s] Invoking command in '/home/robomaven/ws/ws_moveit2/build/srdfdom': CMAKE_PREFIX_PATH=${CMAKE_PREFIX_PATH}:/home/robomaven/ws/ws_moveit2/install/moveit_configs_utils:/home/robomaven/ws/ws_moveit2/install/launch_param_builder:/opt/ros/humble /usr/bin/cmake --install /home/robomaven/ws/ws_moveit2/build/srdfdom
[0.490s] -- Install configuration: "Release"
[0.491s] -- Up-to-date: /home/robomaven/ws/ws_moveit2/install/srdfdom/lib/libsrdfdom.so.2.0.4
[0.491s] -- Up-to-date: /home/robomaven/ws/ws_moveit2/install/srdfdom/lib/libsrdfdom.so
[0.491s] -- Up-to-date: /home/robomaven/ws/ws_moveit2/install/srdfdom/include/srdfdom
[0.492s] -- Up-to-date: /home/robomaven/ws/ws_moveit2/install/srdfdom/include/srdfdom/srdf_writer.h
[0.492s] -- Up-to-date: /home/robomaven/ws/ws_moveit2/install/srdfdom/include/srdfdom/visibility_control.h
[0.492s] -- Up-to-date: /home/robomaven/ws/ws_moveit2/install/srdfdom/include/srdfdom/model.h
[0.492s] -- Up-to-date: /home/robomaven/ws/ws_moveit2/install/srdfdom/lib/srdfdom/display_srdf
[0.493s] -- Up-to-date: /home/robomaven/ws/ws_moveit2/install/srdfdom/share/srdfdom/environment/pythonpath.sh
[0.493s] -- Up-to-date: /home/robomaven/ws/ws_moveit2/install/srdfdom/share/srdfdom/environment/pythonpath.dsv
[0.493s] -- Up-to-date: /home/robomaven/ws/ws_moveit2/install/srdfdom/local/lib/python3.10/dist-packages/srdfdom-2.0.4-py3.10.egg-info
[0.493s] -- Installing: /home/robomaven/ws/ws_moveit2/install/srdfdom/local/lib/python3.10/dist-packages/srdfdom-2.0.4-py3.10.egg-info/top_level.txt
[0.493s] -- Installing: /home/robomaven/ws/ws_moveit2/install/srdfdom/local/lib/python3.10/dist-packages/srdfdom-2.0.4-py3.10.egg-info/PKG-INFO
[0.493s] -- Installing: /home/robomaven/ws/ws_moveit2/install/srdfdom/local/lib/python3.10/dist-packages/srdfdom-2.0.4-py3.10.egg-info/SOURCES.txt
[0.493s] -- Installing: /home/robomaven/ws/ws_moveit2/install/srdfdom/local/lib/python3.10/dist-packages/srdfdom-2.0.4-py3.10.egg-info/dependency_links.txt
[0.493s] -- Up-to-date: /home/robomaven/ws/ws_moveit2/install/srdfdom/local/lib/python3.10/dist-packages/srdfdom
[0.493s] -- Up-to-date: /home/robomaven/ws/ws_moveit2/install/srdfdom/local/lib/python3.10/dist-packages/srdfdom/srdf.py
[0.493s] -- Up-to-date: /home/robomaven/ws/ws_moveit2/install/srdfdom/local/lib/python3.10/dist-packages/srdfdom/__init__.py
[0.515s] Listing '/home/robomaven/ws/ws_moveit2/install/srdfdom/local/lib/python3.10/dist-packages/srdfdom'...
[0.521s] -- Up-to-date: /home/robomaven/ws/ws_moveit2/install/srdfdom/share/srdfdom/environment/library_path.sh
[0.521s] -- Up-to-date: /home/robomaven/ws/ws_moveit2/install/srdfdom/share/srdfdom/environment/library_path.dsv
[0.521s] -- Up-to-date: /home/robomaven/ws/ws_moveit2/install/srdfdom/share/ament_index/resource_index/package_run_dependencies/srdfdom
[0.521s] -- Up-to-date: /home/robomaven/ws/ws_moveit2/install/srdfdom/share/ament_index/resource_index/parent_prefix_path/srdfdom
[0.521s] -- Up-to-date: /home/robomaven/ws/ws_moveit2/install/srdfdom/share/srdfdom/environment/ament_prefix_path.sh
[0.521s] -- Up-to-date: /home/robomaven/ws/ws_moveit2/install/srdfdom/share/srdfdom/environment/ament_prefix_path.dsv
[0.521s] -- Up-to-date: /home/robomaven/ws/ws_moveit2/install/srdfdom/share/srdfdom/environment/path.sh
[0.522s] -- Up-to-date: /home/robomaven/ws/ws_moveit2/install/srdfdom/share/srdfdom/environment/path.dsv
[0.522s] -- Up-to-date: /home/robomaven/ws/ws_moveit2/install/srdfdom/share/srdfdom/local_setup.bash
[0.522s] -- Up-to-date: /home/robomaven/ws/ws_moveit2/install/srdfdom/share/srdfdom/local_setup.sh
[0.522s] -- Up-to-date: /home/robomaven/ws/ws_moveit2/install/srdfdom/share/srdfdom/local_setup.zsh
[0.522s] -- Up-to-date: /home/robomaven/ws/ws_moveit2/install/srdfdom/share/srdfdom/local_setup.dsv
[0.522s] -- Installing: /home/robomaven/ws/ws_moveit2/install/srdfdom/share/srdfdom/package.dsv
[0.523s] -- Up-to-date: /home/robomaven/ws/ws_moveit2/install/srdfdom/share/ament_index/resource_index/packages/srdfdom
[0.523s] -- Up-to-date: /home/robomaven/ws/ws_moveit2/install/srdfdom/share/srdfdom/cmake/srdfdomTargetsExport.cmake
[0.523s] -- Up-to-date: /home/robomaven/ws/ws_moveit2/install/srdfdom/share/srdfdom/cmake/srdfdomTargetsExport-release.cmake
[0.524s] -- Up-to-date: /home/robomaven/ws/ws_moveit2/install/srdfdom/share/srdfdom/cmake/ament_cmake_export_targets-extras.cmake
[0.524s] -- Up-to-date: /home/robomaven/ws/ws_moveit2/install/srdfdom/share/srdfdom/cmake/ament_cmake_export_dependencies-extras.cmake
[0.524s] -- Up-to-date: /home/robomaven/ws/ws_moveit2/install/srdfdom/share/srdfdom/cmake/srdfdomConfig.cmake
[0.524s] -- Up-to-date: /home/robomaven/ws/ws_moveit2/install/srdfdom/share/srdfdom/cmake/srdfdomConfig-version.cmake
[0.524s] -- Up-to-date: /home/robomaven/ws/ws_moveit2/install/srdfdom/share/srdfdom/package.xml
[0.530s] Invoked command in '/home/robomaven/ws/ws_moveit2/build/srdfdom' returned '0': CMAKE_PREFIX_PATH=${CMAKE_PREFIX_PATH}:/home/robomaven/ws/ws_moveit2/install/moveit_configs_utils:/home/robomaven/ws/ws_moveit2/install/launch_param_builder:/opt/ros/humble /usr/bin/cmake --install /home/robomaven/ws/ws_moveit2/build/srdfdom
