[0.072s] DEBUG:colcon:Command line arguments: ['/usr/bin/colcon', 'build']
[0.072s] DEBUG:colcon:Parsed command line arguments: Namespace(log_base=None, log_level=None, verb_name='build', build_base='build', install_base='install', merge_install=False, symlink_install=False, test_result_base=None, continue_on_error=False, executor='parallel', parallel_workers=20, event_handlers=None, ignore_user_meta=False, metas=['./colcon.meta'], base_paths=['.'], packages_ignore=None, packages_ignore_regex=None, paths=None, packages_up_to=None, packages_up_to_regex=None, packages_above=None, packages_above_and_dependencies=None, packages_above_depth=None, packages_select_by_dep=None, packages_skip_by_dep=None, packages_skip_up_to=None, packages_select_build_failed=False, packages_skip_build_finished=False, packages_select_test_failures=False, packages_skip_test_passed=False, packages_select=None, packages_skip=None, packages_select_regex=None, packages_skip_regex=None, packages_start=None, packages_end=None, allow_overriding=[], cmake_args=None, cmake_target=None, cmake_target_skip_unavailable=False, cmake_clean_cache=False, cmake_clean_first=False, cmake_force_configure=False, ament_cmake_args=None, catkin_cmake_args=None, catkin_skip_building_tests=False, verb_parser=<colcon_defaults.argument_parser.defaults.DefaultArgumentsDecorator object at 0x77246383c4c0>, verb_extension=<colcon_core.verb.build.BuildVerb object at 0x7724639fff10>, main=<bound method BuildVerb.main of <colcon_core.verb.build.BuildVerb object at 0x7724639fff10>>)
[0.174s] Level 1:colcon.colcon_core.package_discovery:discover_packages(colcon_meta) check parameters
[0.174s] Level 1:colcon.colcon_core.package_discovery:discover_packages(recursive) check parameters
[0.174s] Level 1:colcon.colcon_core.package_discovery:discover_packages(ignore) check parameters
[0.174s] Level 1:colcon.colcon_core.package_discovery:discover_packages(path) check parameters
[0.174s] Level 1:colcon.colcon_core.package_discovery:discover_packages(colcon_meta) discover
[0.174s] Level 1:colcon.colcon_core.package_discovery:discover_packages(recursive) discover
[0.174s] INFO:colcon.colcon_core.package_discovery:Crawling recursively for packages in '/home/robomaven/ws/ros2_ws3'
[0.174s] Level 1:colcon.colcon_core.package_identification:_identify(.) by extensions ['ignore', 'ignore_ament_install']
[0.174s] Level 1:colcon.colcon_core.package_identification:_identify(.) by extension 'ignore'
[0.174s] Level 1:colcon.colcon_core.package_identification:_identify(.) by extension 'ignore_ament_install'
[0.174s] Level 1:colcon.colcon_core.package_identification:_identify(.) by extensions ['colcon_pkg']
[0.175s] Level 1:colcon.colcon_core.package_identification:_identify(.) by extension 'colcon_pkg'
[0.175s] Level 1:colcon.colcon_core.package_identification:_identify(.) by extensions ['colcon_meta']
[0.175s] Level 1:colcon.colcon_core.package_identification:_identify(.) by extension 'colcon_meta'
[0.175s] Level 1:colcon.colcon_core.package_identification:_identify(.) by extensions ['ros']
[0.175s] Level 1:colcon.colcon_core.package_identification:_identify(.) by extension 'ros'
[0.181s] Level 1:colcon.colcon_core.package_identification:_identify(.) by extensions ['cmake', 'python']
[0.182s] Level 1:colcon.colcon_core.package_identification:_identify(.) by extension 'cmake'
[0.182s] Level 1:colcon.colcon_core.package_identification:_identify(.) by extension 'python'
[0.182s] Level 1:colcon.colcon_core.package_identification:_identify(.) by extensions ['python_setup_py']
[0.182s] Level 1:colcon.colcon_core.package_identification:_identify(.) by extension 'python_setup_py'
[0.182s] Level 1:colcon.colcon_core.package_identification:_identify(build) by extensions ['ignore', 'ignore_ament_install']
[0.182s] Level 1:colcon.colcon_core.package_identification:_identify(build) by extension 'ignore'
[0.182s] Level 1:colcon.colcon_core.package_identification:_identify(build) ignored
[0.182s] Level 1:colcon.colcon_core.package_identification:_identify(install) by extensions ['ignore', 'ignore_ament_install']
[0.182s] Level 1:colcon.colcon_core.package_identification:_identify(install) by extension 'ignore'
[0.182s] Level 1:colcon.colcon_core.package_identification:_identify(install) ignored
[0.182s] Level 1:colcon.colcon_core.package_identification:_identify(log) by extensions ['ignore', 'ignore_ament_install']
[0.182s] Level 1:colcon.colcon_core.package_identification:_identify(log) by extension 'ignore'
[0.182s] Level 1:colcon.colcon_core.package_identification:_identify(log) ignored
[0.182s] Level 1:colcon.colcon_core.package_identification:_identify(src) by extensions ['ignore', 'ignore_ament_install']
[0.182s] Level 1:colcon.colcon_core.package_identification:_identify(src) by extension 'ignore'
[0.182s] Level 1:colcon.colcon_core.package_identification:_identify(src) by extension 'ignore_ament_install'
[0.182s] Level 1:colcon.colcon_core.package_identification:_identify(src) by extensions ['colcon_pkg']
[0.182s] Level 1:colcon.colcon_core.package_identification:_identify(src) by extension 'colcon_pkg'
[0.182s] Level 1:colcon.colcon_core.package_identification:_identify(src) by extensions ['colcon_meta']
[0.182s] Level 1:colcon.colcon_core.package_identification:_identify(src) by extension 'colcon_meta'
[0.182s] Level 1:colcon.colcon_core.package_identification:_identify(src) by extensions ['ros']
[0.182s] Level 1:colcon.colcon_core.package_identification:_identify(src) by extension 'ros'
[0.182s] Level 1:colcon.colcon_core.package_identification:_identify(src) by extensions ['cmake', 'python']
[0.182s] Level 1:colcon.colcon_core.package_identification:_identify(src) by extension 'cmake'
[0.182s] Level 1:colcon.colcon_core.package_identification:_identify(src) by extension 'python'
[0.182s] Level 1:colcon.colcon_core.package_identification:_identify(src) by extensions ['python_setup_py']
[0.182s] Level 1:colcon.colcon_core.package_identification:_identify(src) by extension 'python_setup_py'
[0.182s] Level 1:colcon.colcon_core.package_identification:_identify(src/actions_cpp) by extensions ['ignore', 'ignore_ament_install']
[0.182s] Level 1:colcon.colcon_core.package_identification:_identify(src/actions_cpp) by extension 'ignore'
[0.182s] Level 1:colcon.colcon_core.package_identification:_identify(src/actions_cpp) by extension 'ignore_ament_install'
[0.183s] Level 1:colcon.colcon_core.package_identification:_identify(src/actions_cpp) by extensions ['colcon_pkg']
[0.183s] Level 1:colcon.colcon_core.package_identification:_identify(src/actions_cpp) by extension 'colcon_pkg'
[0.183s] Level 1:colcon.colcon_core.package_identification:_identify(src/actions_cpp) by extensions ['colcon_meta']
[0.183s] Level 1:colcon.colcon_core.package_identification:_identify(src/actions_cpp) by extension 'colcon_meta'
[0.183s] Level 1:colcon.colcon_core.package_identification:_identify(src/actions_cpp) by extensions ['ros']
[0.183s] Level 1:colcon.colcon_core.package_identification:_identify(src/actions_cpp) by extension 'ros'
[0.184s] DEBUG:colcon.colcon_core.package_identification:Package 'src/actions_cpp' with type 'ros.ament_cmake' and name 'actions_cpp'
[0.184s] Level 1:colcon.colcon_core.package_identification:_identify(src/actions_py) by extensions ['ignore', 'ignore_ament_install']
[0.184s] Level 1:colcon.colcon_core.package_identification:_identify(src/actions_py) by extension 'ignore'
[0.184s] Level 1:colcon.colcon_core.package_identification:_identify(src/actions_py) by extension 'ignore_ament_install'
[0.184s] Level 1:colcon.colcon_core.package_identification:_identify(src/actions_py) by extensions ['colcon_pkg']
[0.184s] Level 1:colcon.colcon_core.package_identification:_identify(src/actions_py) by extension 'colcon_pkg'
[0.184s] Level 1:colcon.colcon_core.package_identification:_identify(src/actions_py) by extensions ['colcon_meta']
[0.184s] Level 1:colcon.colcon_core.package_identification:_identify(src/actions_py) by extension 'colcon_meta'
[0.184s] Level 1:colcon.colcon_core.package_identification:_identify(src/actions_py) by extensions ['ros']
[0.184s] Level 1:colcon.colcon_core.package_identification:_identify(src/actions_py) by extension 'ros'
[0.185s] DEBUG:colcon.colcon_core.package_identification:Package 'src/actions_py' with type 'ros.ament_python' and name 'actions_py'
[0.185s] Level 1:colcon.colcon_core.package_identification:_identify(src/lifecycle_cpp) by extensions ['ignore', 'ignore_ament_install']
[0.185s] Level 1:colcon.colcon_core.package_identification:_identify(src/lifecycle_cpp) by extension 'ignore'
[0.185s] Level 1:colcon.colcon_core.package_identification:_identify(src/lifecycle_cpp) by extension 'ignore_ament_install'
[0.185s] Level 1:colcon.colcon_core.package_identification:_identify(src/lifecycle_cpp) by extensions ['colcon_pkg']
[0.185s] Level 1:colcon.colcon_core.package_identification:_identify(src/lifecycle_cpp) by extension 'colcon_pkg'
[0.185s] Level 1:colcon.colcon_core.package_identification:_identify(src/lifecycle_cpp) by extensions ['colcon_meta']
[0.185s] Level 1:colcon.colcon_core.package_identification:_identify(src/lifecycle_cpp) by extension 'colcon_meta'
[0.185s] Level 1:colcon.colcon_core.package_identification:_identify(src/lifecycle_cpp) by extensions ['ros']
[0.185s] Level 1:colcon.colcon_core.package_identification:_identify(src/lifecycle_cpp) by extension 'ros'
[0.186s] DEBUG:colcon.colcon_core.package_identification:Package 'src/lifecycle_cpp' with type 'ros.ament_cmake' and name 'lifecycle_cpp'
[0.186s] Level 1:colcon.colcon_core.package_identification:_identify(src/lifecycle_py) by extensions ['ignore', 'ignore_ament_install']
[0.186s] Level 1:colcon.colcon_core.package_identification:_identify(src/lifecycle_py) by extension 'ignore'
[0.186s] Level 1:colcon.colcon_core.package_identification:_identify(src/lifecycle_py) by extension 'ignore_ament_install'
[0.186s] Level 1:colcon.colcon_core.package_identification:_identify(src/lifecycle_py) by extensions ['colcon_pkg']
[0.186s] Level 1:colcon.colcon_core.package_identification:_identify(src/lifecycle_py) by extension 'colcon_pkg'
[0.186s] Level 1:colcon.colcon_core.package_identification:_identify(src/lifecycle_py) by extensions ['colcon_meta']
[0.186s] Level 1:colcon.colcon_core.package_identification:_identify(src/lifecycle_py) by extension 'colcon_meta'
[0.186s] Level 1:colcon.colcon_core.package_identification:_identify(src/lifecycle_py) by extensions ['ros']
[0.186s] Level 1:colcon.colcon_core.package_identification:_identify(src/lifecycle_py) by extension 'ros'
[0.186s] DEBUG:colcon.colcon_core.package_identification:Package 'src/lifecycle_py' with type 'ros.ament_python' and name 'lifecycle_py'
[0.186s] Level 1:colcon.colcon_core.package_identification:_identify(src/my_robot_bringup) by extensions ['ignore', 'ignore_ament_install']
[0.186s] Level 1:colcon.colcon_core.package_identification:_identify(src/my_robot_bringup) by extension 'ignore'
[0.186s] Level 1:colcon.colcon_core.package_identification:_identify(src/my_robot_bringup) by extension 'ignore_ament_install'
[0.186s] Level 1:colcon.colcon_core.package_identification:_identify(src/my_robot_bringup) by extensions ['colcon_pkg']
[0.186s] Level 1:colcon.colcon_core.package_identification:_identify(src/my_robot_bringup) by extension 'colcon_pkg'
[0.186s] Level 1:colcon.colcon_core.package_identification:_identify(src/my_robot_bringup) by extensions ['colcon_meta']
[0.186s] Level 1:colcon.colcon_core.package_identification:_identify(src/my_robot_bringup) by extension 'colcon_meta'
[0.186s] Level 1:colcon.colcon_core.package_identification:_identify(src/my_robot_bringup) by extensions ['ros']
[0.186s] Level 1:colcon.colcon_core.package_identification:_identify(src/my_robot_bringup) by extension 'ros'
[0.187s] DEBUG:colcon.colcon_core.package_identification:Package 'src/my_robot_bringup' with type 'ros.ament_cmake' and name 'my_robot_bringup'
[0.187s] Level 1:colcon.colcon_core.package_identification:_identify(src/my_robot_interfaces) by extensions ['ignore', 'ignore_ament_install']
[0.187s] Level 1:colcon.colcon_core.package_identification:_identify(src/my_robot_interfaces) by extension 'ignore'
[0.187s] Level 1:colcon.colcon_core.package_identification:_identify(src/my_robot_interfaces) by extension 'ignore_ament_install'
[0.187s] Level 1:colcon.colcon_core.package_identification:_identify(src/my_robot_interfaces) by extensions ['colcon_pkg']
[0.187s] Level 1:colcon.colcon_core.package_identification:_identify(src/my_robot_interfaces) by extension 'colcon_pkg'
[0.187s] Level 1:colcon.colcon_core.package_identification:_identify(src/my_robot_interfaces) by extensions ['colcon_meta']
[0.187s] Level 1:colcon.colcon_core.package_identification:_identify(src/my_robot_interfaces) by extension 'colcon_meta'
[0.187s] Level 1:colcon.colcon_core.package_identification:_identify(src/my_robot_interfaces) by extensions ['ros']
[0.187s] Level 1:colcon.colcon_core.package_identification:_identify(src/my_robot_interfaces) by extension 'ros'
[0.187s] DEBUG:colcon.colcon_core.package_identification:Package 'src/my_robot_interfaces' with type 'ros.ament_cmake' and name 'my_robot_interfaces'
[0.187s] Level 1:colcon.colcon_core.package_discovery:discover_packages(recursive) using defaults
[0.187s] Level 1:colcon.colcon_core.package_discovery:discover_packages(ignore) discover
[0.187s] Level 1:colcon.colcon_core.package_discovery:discover_packages(ignore) using defaults
[0.187s] Level 1:colcon.colcon_core.package_discovery:discover_packages(path) discover
[0.187s] Level 1:colcon.colcon_core.package_discovery:discover_packages(path) using defaults
[0.205s] Level 1:colcon.colcon_core.package_discovery:discover_packages(prefix_path) check parameters
[0.205s] Level 1:colcon.colcon_core.package_discovery:discover_packages(prefix_path) discover
[0.206s] DEBUG:colcon.colcon_installed_package_information.package_discovery:Found 6 installed packages in /home/robomaven/ws/ros2_ws3/install
[0.207s] DEBUG:colcon.colcon_installed_package_information.package_discovery:Found 320 installed packages in /opt/ros/humble
[0.208s] Level 1:colcon.colcon_core.package_discovery:discover_packages(prefix_path) using defaults
[0.231s] Level 5:colcon.colcon_core.verb:set package 'lifecycle_cpp' build argument 'cmake_args' from command line to 'None'
[0.231s] Level 5:colcon.colcon_core.verb:set package 'lifecycle_cpp' build argument 'cmake_target' from command line to 'None'
[0.231s] Level 5:colcon.colcon_core.verb:set package 'lifecycle_cpp' build argument 'cmake_target_skip_unavailable' from command line to 'False'
[0.231s] Level 5:colcon.colcon_core.verb:set package 'lifecycle_cpp' build argument 'cmake_clean_cache' from command line to 'False'
[0.231s] Level 5:colcon.colcon_core.verb:set package 'lifecycle_cpp' build argument 'cmake_clean_first' from command line to 'False'
[0.231s] Level 5:colcon.colcon_core.verb:set package 'lifecycle_cpp' build argument 'cmake_force_configure' from command line to 'False'
[0.231s] Level 5:colcon.colcon_core.verb:set package 'lifecycle_cpp' build argument 'ament_cmake_args' from command line to 'None'
[0.231s] Level 5:colcon.colcon_core.verb:set package 'lifecycle_cpp' build argument 'catkin_cmake_args' from command line to 'None'
[0.231s] Level 5:colcon.colcon_core.verb:set package 'lifecycle_cpp' build argument 'catkin_skip_building_tests' from command line to 'False'
[0.231s] DEBUG:colcon.colcon_core.verb:Building package 'lifecycle_cpp' with the following arguments: {'ament_cmake_args': None, 'build_base': '/home/robomaven/ws/ros2_ws3/build/lifecycle_cpp', 'catkin_cmake_args': None, 'catkin_skip_building_tests': False, 'cmake_args': None, 'cmake_clean_cache': False, 'cmake_clean_first': False, 'cmake_force_configure': False, 'cmake_target': None, 'cmake_target_skip_unavailable': False, 'install_base': '/home/robomaven/ws/ros2_ws3/install/lifecycle_cpp', 'merge_install': False, 'path': '/home/robomaven/ws/ros2_ws3/src/lifecycle_cpp', 'symlink_install': False, 'test_result_base': None}
[0.232s] Level 5:colcon.colcon_core.verb:set package 'lifecycle_py' build argument 'cmake_args' from command line to 'None'
[0.232s] Level 5:colcon.colcon_core.verb:set package 'lifecycle_py' build argument 'cmake_target' from command line to 'None'
[0.232s] Level 5:colcon.colcon_core.verb:set package 'lifecycle_py' build argument 'cmake_target_skip_unavailable' from command line to 'False'
[0.232s] Level 5:colcon.colcon_core.verb:set package 'lifecycle_py' build argument 'cmake_clean_cache' from command line to 'False'
[0.232s] Level 5:colcon.colcon_core.verb:set package 'lifecycle_py' build argument 'cmake_clean_first' from command line to 'False'
[0.232s] Level 5:colcon.colcon_core.verb:set package 'lifecycle_py' build argument 'cmake_force_configure' from command line to 'False'
[0.232s] Level 5:colcon.colcon_core.verb:set package 'lifecycle_py' build argument 'ament_cmake_args' from command line to 'None'
[0.232s] Level 5:colcon.colcon_core.verb:set package 'lifecycle_py' build argument 'catkin_cmake_args' from command line to 'None'
[0.232s] Level 5:colcon.colcon_core.verb:set package 'lifecycle_py' build argument 'catkin_skip_building_tests' from command line to 'False'
[0.232s] DEBUG:colcon.colcon_core.verb:Building package 'lifecycle_py' with the following arguments: {'ament_cmake_args': None, 'build_base': '/home/robomaven/ws/ros2_ws3/build/lifecycle_py', 'catkin_cmake_args': None, 'catkin_skip_building_tests': False, 'cmake_args': None, 'cmake_clean_cache': False, 'cmake_clean_first': False, 'cmake_force_configure': False, 'cmake_target': None, 'cmake_target_skip_unavailable': False, 'install_base': '/home/robomaven/ws/ros2_ws3/install/lifecycle_py', 'merge_install': False, 'path': '/home/robomaven/ws/ros2_ws3/src/lifecycle_py', 'symlink_install': False, 'test_result_base': None}
[0.232s] Level 5:colcon.colcon_core.verb:set package 'my_robot_interfaces' build argument 'cmake_args' from command line to 'None'
[0.232s] Level 5:colcon.colcon_core.verb:set package 'my_robot_interfaces' build argument 'cmake_target' from command line to 'None'
[0.232s] Level 5:colcon.colcon_core.verb:set package 'my_robot_interfaces' build argument 'cmake_target_skip_unavailable' from command line to 'False'
[0.232s] Level 5:colcon.colcon_core.verb:set package 'my_robot_interfaces' build argument 'cmake_clean_cache' from command line to 'False'
[0.232s] Level 5:colcon.colcon_core.verb:set package 'my_robot_interfaces' build argument 'cmake_clean_first' from command line to 'False'
[0.232s] Level 5:colcon.colcon_core.verb:set package 'my_robot_interfaces' build argument 'cmake_force_configure' from command line to 'False'
[0.232s] Level 5:colcon.colcon_core.verb:set package 'my_robot_interfaces' build argument 'ament_cmake_args' from command line to 'None'
[0.232s] Level 5:colcon.colcon_core.verb:set package 'my_robot_interfaces' build argument 'catkin_cmake_args' from command line to 'None'
[0.232s] Level 5:colcon.colcon_core.verb:set package 'my_robot_interfaces' build argument 'catkin_skip_building_tests' from command line to 'False'
[0.232s] DEBUG:colcon.colcon_core.verb:Building package 'my_robot_interfaces' with the following arguments: {'ament_cmake_args': None, 'build_base': '/home/robomaven/ws/ros2_ws3/build/my_robot_interfaces', 'catkin_cmake_args': None, 'catkin_skip_building_tests': False, 'cmake_args': None, 'cmake_clean_cache': False, 'cmake_clean_first': False, 'cmake_force_configure': False, 'cmake_target': None, 'cmake_target_skip_unavailable': False, 'install_base': '/home/robomaven/ws/ros2_ws3/install/my_robot_interfaces', 'merge_install': False, 'path': '/home/robomaven/ws/ros2_ws3/src/my_robot_interfaces', 'symlink_install': False, 'test_result_base': None}
[0.232s] Level 5:colcon.colcon_core.verb:set package 'actions_cpp' build argument 'cmake_args' from command line to 'None'
[0.232s] Level 5:colcon.colcon_core.verb:set package 'actions_cpp' build argument 'cmake_target' from command line to 'None'
[0.232s] Level 5:colcon.colcon_core.verb:set package 'actions_cpp' build argument 'cmake_target_skip_unavailable' from command line to 'False'
[0.232s] Level 5:colcon.colcon_core.verb:set package 'actions_cpp' build argument 'cmake_clean_cache' from command line to 'False'
[0.232s] Level 5:colcon.colcon_core.verb:set package 'actions_cpp' build argument 'cmake_clean_first' from command line to 'False'
[0.232s] Level 5:colcon.colcon_core.verb:set package 'actions_cpp' build argument 'cmake_force_configure' from command line to 'False'
[0.232s] Level 5:colcon.colcon_core.verb:set package 'actions_cpp' build argument 'ament_cmake_args' from command line to 'None'
[0.232s] Level 5:colcon.colcon_core.verb:set package 'actions_cpp' build argument 'catkin_cmake_args' from command line to 'None'
[0.232s] Level 5:colcon.colcon_core.verb:set package 'actions_cpp' build argument 'catkin_skip_building_tests' from command line to 'False'
[0.232s] DEBUG:colcon.colcon_core.verb:Building package 'actions_cpp' with the following arguments: {'ament_cmake_args': None, 'build_base': '/home/robomaven/ws/ros2_ws3/build/actions_cpp', 'catkin_cmake_args': None, 'catkin_skip_building_tests': False, 'cmake_args': None, 'cmake_clean_cache': False, 'cmake_clean_first': False, 'cmake_force_configure': False, 'cmake_target': None, 'cmake_target_skip_unavailable': False, 'install_base': '/home/robomaven/ws/ros2_ws3/install/actions_cpp', 'merge_install': False, 'path': '/home/robomaven/ws/ros2_ws3/src/actions_cpp', 'symlink_install': False, 'test_result_base': None}
[0.232s] Level 5:colcon.colcon_core.verb:set package 'actions_py' build argument 'cmake_args' from command line to 'None'
[0.232s] Level 5:colcon.colcon_core.verb:set package 'actions_py' build argument 'cmake_target' from command line to 'None'
[0.232s] Level 5:colcon.colcon_core.verb:set package 'actions_py' build argument 'cmake_target_skip_unavailable' from command line to 'False'
[0.233s] Level 5:colcon.colcon_core.verb:set package 'actions_py' build argument 'cmake_clean_cache' from command line to 'False'
[0.233s] Level 5:colcon.colcon_core.verb:set package 'actions_py' build argument 'cmake_clean_first' from command line to 'False'
[0.233s] Level 5:colcon.colcon_core.verb:set package 'actions_py' build argument 'cmake_force_configure' from command line to 'False'
[0.233s] Level 5:colcon.colcon_core.verb:set package 'actions_py' build argument 'ament_cmake_args' from command line to 'None'
[0.233s] Level 5:colcon.colcon_core.verb:set package 'actions_py' build argument 'catkin_cmake_args' from command line to 'None'
[0.233s] Level 5:colcon.colcon_core.verb:set package 'actions_py' build argument 'catkin_skip_building_tests' from command line to 'False'
[0.233s] DEBUG:colcon.colcon_core.verb:Building package 'actions_py' with the following arguments: {'ament_cmake_args': None, 'build_base': '/home/robomaven/ws/ros2_ws3/build/actions_py', 'catkin_cmake_args': None, 'catkin_skip_building_tests': False, 'cmake_args': None, 'cmake_clean_cache': False, 'cmake_clean_first': False, 'cmake_force_configure': False, 'cmake_target': None, 'cmake_target_skip_unavailable': False, 'install_base': '/home/robomaven/ws/ros2_ws3/install/actions_py', 'merge_install': False, 'path': '/home/robomaven/ws/ros2_ws3/src/actions_py', 'symlink_install': False, 'test_result_base': None}
[0.233s] Level 5:colcon.colcon_core.verb:set package 'my_robot_bringup' build argument 'cmake_args' from command line to 'None'
[0.233s] Level 5:colcon.colcon_core.verb:set package 'my_robot_bringup' build argument 'cmake_target' from command line to 'None'
[0.233s] Level 5:colcon.colcon_core.verb:set package 'my_robot_bringup' build argument 'cmake_target_skip_unavailable' from command line to 'False'
[0.233s] Level 5:colcon.colcon_core.verb:set package 'my_robot_bringup' build argument 'cmake_clean_cache' from command line to 'False'
[0.233s] Level 5:colcon.colcon_core.verb:set package 'my_robot_bringup' build argument 'cmake_clean_first' from command line to 'False'
[0.233s] Level 5:colcon.colcon_core.verb:set package 'my_robot_bringup' build argument 'cmake_force_configure' from command line to 'False'
[0.233s] Level 5:colcon.colcon_core.verb:set package 'my_robot_bringup' build argument 'ament_cmake_args' from command line to 'None'
[0.233s] Level 5:colcon.colcon_core.verb:set package 'my_robot_bringup' build argument 'catkin_cmake_args' from command line to 'None'
[0.233s] Level 5:colcon.colcon_core.verb:set package 'my_robot_bringup' build argument 'catkin_skip_building_tests' from command line to 'False'
[0.233s] DEBUG:colcon.colcon_core.verb:Building package 'my_robot_bringup' with the following arguments: {'ament_cmake_args': None, 'build_base': '/home/robomaven/ws/ros2_ws3/build/my_robot_bringup', 'catkin_cmake_args': None, 'catkin_skip_building_tests': False, 'cmake_args': None, 'cmake_clean_cache': False, 'cmake_clean_first': False, 'cmake_force_configure': False, 'cmake_target': None, 'cmake_target_skip_unavailable': False, 'install_base': '/home/robomaven/ws/ros2_ws3/install/my_robot_bringup', 'merge_install': False, 'path': '/home/robomaven/ws/ros2_ws3/src/my_robot_bringup', 'symlink_install': False, 'test_result_base': None}
[0.233s] INFO:colcon.colcon_core.executor:Executing jobs using 'parallel' executor
[0.234s] DEBUG:colcon.colcon_parallel_executor.executor.parallel:run_until_complete
[0.234s] INFO:colcon.colcon_ros.task.ament_cmake.build:Building ROS package in '/home/robomaven/ws/ros2_ws3/src/my_robot_interfaces' with build type 'ament_cmake'
[0.234s] INFO:colcon.colcon_cmake.task.cmake.build:Building CMake package in '/home/robomaven/ws/ros2_ws3/src/my_robot_interfaces'
[0.235s] INFO:colcon.colcon_core.plugin_system:Skipping extension 'colcon_core.shell.bat': Not used on non-Windows systems
[0.235s] INFO:colcon.colcon_core.shell:Skip shell extension 'powershell' for command environment: Not usable outside of PowerShell
[0.235s] DEBUG:colcon.colcon_core.shell:Skip shell extension 'dsv' for command environment
[0.237s] INFO:colcon.colcon_ros.task.ament_cmake.build:Building ROS package in '/home/robomaven/ws/ros2_ws3/src/lifecycle_cpp' with build type 'ament_cmake'
[0.237s] INFO:colcon.colcon_cmake.task.cmake.build:Building CMake package in '/home/robomaven/ws/ros2_ws3/src/lifecycle_cpp'
[0.238s] INFO:colcon.colcon_core.shell:Skip shell extension 'powershell' for command environment: Not usable outside of PowerShell
[0.238s] DEBUG:colcon.colcon_core.shell:Skip shell extension 'dsv' for command environment
[0.239s] INFO:colcon.colcon_ros.task.ament_python.build:Building ROS package in '/home/robomaven/ws/ros2_ws3/src/lifecycle_py' with build type 'ament_python'
[0.240s] Level 1:colcon.colcon_core.shell:create_environment_hook('lifecycle_py', 'ament_prefix_path')
[0.240s] INFO:colcon.colcon_core.shell:Creating environment hook '/home/robomaven/ws/ros2_ws3/install/lifecycle_py/share/lifecycle_py/hook/ament_prefix_path.ps1'
[0.240s] INFO:colcon.colcon_core.shell:Creating environment descriptor '/home/robomaven/ws/ros2_ws3/install/lifecycle_py/share/lifecycle_py/hook/ament_prefix_path.dsv'
[0.240s] INFO:colcon.colcon_core.shell:Creating environment hook '/home/robomaven/ws/ros2_ws3/install/lifecycle_py/share/lifecycle_py/hook/ament_prefix_path.sh'
[0.241s] INFO:colcon.colcon_core.shell:Skip shell extension 'powershell' for command environment: Not usable outside of PowerShell
[0.241s] DEBUG:colcon.colcon_core.shell:Skip shell extension 'dsv' for command environment
[0.249s] DEBUG:colcon.colcon_core.event_handler.log_command:Invoking command in '/home/robomaven/ws/ros2_ws3/build/my_robot_interfaces': CMAKE_PREFIX_PATH=${CMAKE_PREFIX_PATH}:/home/robomaven/ws/ros2_ws3/install/actions_py:/home/robomaven/ws/ros2_ws3/install/lifecycle_py:/opt/ros/humble /usr/bin/cmake --build /home/robomaven/ws/ros2_ws3/build/my_robot_interfaces -- -j20 -l20
[0.251s] DEBUG:colcon.colcon_core.event_handler.log_command:Invoking command in '/home/robomaven/ws/ros2_ws3/build/lifecycle_cpp': CMAKE_PREFIX_PATH=${CMAKE_PREFIX_PATH}:/home/robomaven/ws/ros2_ws3/install/actions_py:/home/robomaven/ws/ros2_ws3/install/lifecycle_py:/opt/ros/humble /usr/bin/cmake --build /home/robomaven/ws/ros2_ws3/build/lifecycle_cpp -- -j20 -l20
[0.415s] INFO:colcon.colcon_core.task.python.build:Building Python package in '/home/robomaven/ws/ros2_ws3/src/lifecycle_py'
[0.416s] INFO:colcon.colcon_core.shell:Skip shell extension 'powershell' for command environment: Not usable outside of PowerShell
[0.416s] DEBUG:colcon.colcon_core.shell:Skip shell extension 'dsv' for command environment
[0.479s] DEBUG:colcon.colcon_core.event_handler.log_command:Invoked command in '/home/robomaven/ws/ros2_ws3/build/my_robot_interfaces' returned '0': CMAKE_PREFIX_PATH=${CMAKE_PREFIX_PATH}:/home/robomaven/ws/ros2_ws3/install/actions_py:/home/robomaven/ws/ros2_ws3/install/lifecycle_py:/opt/ros/humble /usr/bin/cmake --build /home/robomaven/ws/ros2_ws3/build/my_robot_interfaces -- -j20 -l20
[0.523s] DEBUG:colcon.colcon_core.event_handler.log_command:Invoking command in '/home/robomaven/ws/ros2_ws3/build/my_robot_interfaces': CMAKE_PREFIX_PATH=${CMAKE_PREFIX_PATH}:/home/robomaven/ws/ros2_ws3/install/actions_py:/home/robomaven/ws/ros2_ws3/install/lifecycle_py:/opt/ros/humble /usr/bin/cmake --install /home/robomaven/ws/ros2_ws3/build/my_robot_interfaces
[0.564s] Level 1:colcon.colcon_core.environment:create_environment_scripts_only(my_robot_interfaces)
[0.565s] DEBUG:colcon.colcon_core.event_handler.log_command:Invoked command in '/home/robomaven/ws/ros2_ws3/build/my_robot_interfaces' returned '0': CMAKE_PREFIX_PATH=${CMAKE_PREFIX_PATH}:/home/robomaven/ws/ros2_ws3/install/actions_py:/home/robomaven/ws/ros2_ws3/install/lifecycle_py:/opt/ros/humble /usr/bin/cmake --install /home/robomaven/ws/ros2_ws3/build/my_robot_interfaces
[0.566s] Level 1:colcon.colcon_core.environment:checking '/home/robomaven/ws/ros2_ws3/install/my_robot_interfaces' for CMake module files
[0.566s] Level 1:colcon.colcon_core.environment:checking '/home/robomaven/ws/ros2_ws3/install/my_robot_interfaces' for CMake config files
[0.567s] Level 1:colcon.colcon_core.shell:create_environment_hook('my_robot_interfaces', 'cmake_prefix_path')
[0.567s] INFO:colcon.colcon_core.shell:Creating environment hook '/home/robomaven/ws/ros2_ws3/install/my_robot_interfaces/share/my_robot_interfaces/hook/cmake_prefix_path.ps1'
[0.567s] INFO:colcon.colcon_core.shell:Creating environment descriptor '/home/robomaven/ws/ros2_ws3/install/my_robot_interfaces/share/my_robot_interfaces/hook/cmake_prefix_path.dsv'
[0.567s] INFO:colcon.colcon_core.shell:Creating environment hook '/home/robomaven/ws/ros2_ws3/install/my_robot_interfaces/share/my_robot_interfaces/hook/cmake_prefix_path.sh'
[0.568s] Level 1:colcon.colcon_core.environment:checking '/home/robomaven/ws/ros2_ws3/install/my_robot_interfaces/lib'
[0.568s] Level 1:colcon.colcon_core.shell:create_environment_hook('my_robot_interfaces', 'ld_library_path_lib')
[0.568s] INFO:colcon.colcon_core.shell:Creating environment hook '/home/robomaven/ws/ros2_ws3/install/my_robot_interfaces/share/my_robot_interfaces/hook/ld_library_path_lib.ps1'
[0.568s] INFO:colcon.colcon_core.shell:Creating environment descriptor '/home/robomaven/ws/ros2_ws3/install/my_robot_interfaces/share/my_robot_interfaces/hook/ld_library_path_lib.dsv'
[0.568s] INFO:colcon.colcon_core.shell:Creating environment hook '/home/robomaven/ws/ros2_ws3/install/my_robot_interfaces/share/my_robot_interfaces/hook/ld_library_path_lib.sh'
[0.569s] Level 1:colcon.colcon_core.environment:checking '/home/robomaven/ws/ros2_ws3/install/my_robot_interfaces/bin'
[0.569s] Level 1:colcon.colcon_core.environment:checking '/home/robomaven/ws/ros2_ws3/install/my_robot_interfaces/lib/pkgconfig/my_robot_interfaces.pc'
[0.569s] Level 1:colcon.colcon_core.environment:checking '/home/robomaven/ws/ros2_ws3/install/my_robot_interfaces/lib/python3.10/site-packages'
[0.569s] Level 1:colcon.colcon_core.environment:checking '/home/robomaven/ws/ros2_ws3/install/my_robot_interfaces/bin'
[0.569s] INFO:colcon.colcon_core.shell:Creating package script '/home/robomaven/ws/ros2_ws3/install/my_robot_interfaces/share/my_robot_interfaces/package.ps1'
[0.570s] INFO:colcon.colcon_core.shell:Creating package descriptor '/home/robomaven/ws/ros2_ws3/install/my_robot_interfaces/share/my_robot_interfaces/package.dsv'
[0.570s] INFO:colcon.colcon_core.shell:Creating package script '/home/robomaven/ws/ros2_ws3/install/my_robot_interfaces/share/my_robot_interfaces/package.sh'
[0.570s] INFO:colcon.colcon_core.shell:Creating package script '/home/robomaven/ws/ros2_ws3/install/my_robot_interfaces/share/my_robot_interfaces/package.bash'
[0.571s] INFO:colcon.colcon_core.shell:Creating package script '/home/robomaven/ws/ros2_ws3/install/my_robot_interfaces/share/my_robot_interfaces/package.zsh'
[0.571s] Level 1:colcon.colcon_core.environment:create_file_with_runtime_dependencies(/home/robomaven/ws/ros2_ws3/install/my_robot_interfaces/share/colcon-core/packages/my_robot_interfaces)
[0.607s] Level 1:colcon.colcon_core.environment:create_environment_scripts_only(my_robot_interfaces)
[0.607s] Level 1:colcon.colcon_core.environment:checking '/home/robomaven/ws/ros2_ws3/install/my_robot_interfaces' for CMake module files
[0.607s] Level 1:colcon.colcon_core.environment:checking '/home/robomaven/ws/ros2_ws3/install/my_robot_interfaces' for CMake config files
[0.608s] Level 1:colcon.colcon_core.shell:create_environment_hook('my_robot_interfaces', 'cmake_prefix_path')
[0.608s] INFO:colcon.colcon_core.shell:Creating environment hook '/home/robomaven/ws/ros2_ws3/install/my_robot_interfaces/share/my_robot_interfaces/hook/cmake_prefix_path.ps1'
[0.608s] INFO:colcon.colcon_core.shell:Creating environment descriptor '/home/robomaven/ws/ros2_ws3/install/my_robot_interfaces/share/my_robot_interfaces/hook/cmake_prefix_path.dsv'
[0.608s] INFO:colcon.colcon_core.shell:Creating environment hook '/home/robomaven/ws/ros2_ws3/install/my_robot_interfaces/share/my_robot_interfaces/hook/cmake_prefix_path.sh'
[0.608s] Level 1:colcon.colcon_core.environment:checking '/home/robomaven/ws/ros2_ws3/install/my_robot_interfaces/lib'
[0.608s] Level 1:colcon.colcon_core.shell:create_environment_hook('my_robot_interfaces', 'ld_library_path_lib')
[0.609s] INFO:colcon.colcon_core.shell:Creating environment hook '/home/robomaven/ws/ros2_ws3/install/my_robot_interfaces/share/my_robot_interfaces/hook/ld_library_path_lib.ps1'
[0.609s] INFO:colcon.colcon_core.shell:Creating environment descriptor '/home/robomaven/ws/ros2_ws3/install/my_robot_interfaces/share/my_robot_interfaces/hook/ld_library_path_lib.dsv'
[0.609s] INFO:colcon.colcon_core.shell:Creating environment hook '/home/robomaven/ws/ros2_ws3/install/my_robot_interfaces/share/my_robot_interfaces/hook/ld_library_path_lib.sh'
[0.609s] Level 1:colcon.colcon_core.environment:checking '/home/robomaven/ws/ros2_ws3/install/my_robot_interfaces/bin'
[0.609s] Level 1:colcon.colcon_core.environment:checking '/home/robomaven/ws/ros2_ws3/install/my_robot_interfaces/lib/pkgconfig/my_robot_interfaces.pc'
[0.609s] Level 1:colcon.colcon_core.environment:checking '/home/robomaven/ws/ros2_ws3/install/my_robot_interfaces/lib/python3.10/site-packages'
[0.609s] Level 1:colcon.colcon_core.environment:checking '/home/robomaven/ws/ros2_ws3/install/my_robot_interfaces/bin'
[0.610s] INFO:colcon.colcon_core.shell:Creating package script '/home/robomaven/ws/ros2_ws3/install/my_robot_interfaces/share/my_robot_interfaces/package.ps1'
[0.610s] INFO:colcon.colcon_core.shell:Creating package descriptor '/home/robomaven/ws/ros2_ws3/install/my_robot_interfaces/share/my_robot_interfaces/package.dsv'
[0.610s] INFO:colcon.colcon_core.shell:Creating package script '/home/robomaven/ws/ros2_ws3/install/my_robot_interfaces/share/my_robot_interfaces/package.sh'
[0.610s] INFO:colcon.colcon_core.shell:Creating package script '/home/robomaven/ws/ros2_ws3/install/my_robot_interfaces/share/my_robot_interfaces/package.bash'
[0.610s] INFO:colcon.colcon_core.shell:Creating package script '/home/robomaven/ws/ros2_ws3/install/my_robot_interfaces/share/my_robot_interfaces/package.zsh'
[0.611s] Level 1:colcon.colcon_core.environment:create_file_with_runtime_dependencies(/home/robomaven/ws/ros2_ws3/install/my_robot_interfaces/share/colcon-core/packages/my_robot_interfaces)
[0.611s] INFO:colcon.colcon_ros.task.ament_cmake.build:Building ROS package in '/home/robomaven/ws/ros2_ws3/src/actions_cpp' with build type 'ament_cmake'
[0.611s] INFO:colcon.colcon_cmake.task.cmake.build:Building CMake package in '/home/robomaven/ws/ros2_ws3/src/actions_cpp'
[0.611s] INFO:colcon.colcon_core.shell:Skip shell extension 'powershell' for command environment: Not usable outside of PowerShell
[0.611s] DEBUG:colcon.colcon_core.shell:Skip shell extension 'dsv' for command environment
[0.613s] INFO:colcon.colcon_ros.task.ament_python.build:Building ROS package in '/home/robomaven/ws/ros2_ws3/src/actions_py' with build type 'ament_python'
[0.613s] Level 1:colcon.colcon_core.shell:create_environment_hook('actions_py', 'ament_prefix_path')
[0.614s] INFO:colcon.colcon_core.shell:Creating environment hook '/home/robomaven/ws/ros2_ws3/install/actions_py/share/actions_py/hook/ament_prefix_path.ps1'
[0.614s] INFO:colcon.colcon_core.shell:Creating environment descriptor '/home/robomaven/ws/ros2_ws3/install/actions_py/share/actions_py/hook/ament_prefix_path.dsv'
[0.614s] INFO:colcon.colcon_core.shell:Creating environment hook '/home/robomaven/ws/ros2_ws3/install/actions_py/share/actions_py/hook/ament_prefix_path.sh'
[0.614s] INFO:colcon.colcon_core.shell:Skip shell extension 'powershell' for command environment: Not usable outside of PowerShell
[0.614s] DEBUG:colcon.colcon_core.shell:Skip shell extension 'dsv' for command environment
[0.619s] DEBUG:colcon.colcon_core.event_handler.log_command:Invoking command in '/home/robomaven/ws/ros2_ws3/build/actions_cpp': CMAKE_PREFIX_PATH=/home/robomaven/ws/ros2_ws3/install/my_robot_interfaces:/home/robomaven/ws/ros2_ws3/install/actions_cpp:/home/robomaven/ws/ros2_ws3/install/my_robot_bringup:/home/robomaven/ws/ros2_ws3/install/lifecycle_cpp:/home/robomaven/ws/ros2_ws3/install/actions_py:/home/robomaven/ws/ros2_ws3/install/lifecycle_py:/opt/ros/humble LD_LIBRARY_PATH=/home/robomaven/ws/ros2_ws3/install/my_robot_interfaces/lib:/usr/lib/x86_64-linux-gnu/gazebo-11/plugins:/opt/ros/humble/opt/rviz_ogre_vendor/lib:/opt/ros/humble/lib/x86_64-linux-gnu:/opt/ros/humble/lib:/usr/share/gazebo/../../lib/x86_64-linux-gnu/gazebo-11/plugins /usr/bin/cmake --build /home/robomaven/ws/ros2_ws3/build/actions_cpp -- -j20 -l20
[0.779s] INFO:colcon.colcon_core.task.python.build:Building Python package in '/home/robomaven/ws/ros2_ws3/src/actions_py'
[0.779s] INFO:colcon.colcon_core.shell:Skip shell extension 'powershell' for command environment: Not usable outside of PowerShell
[0.780s] DEBUG:colcon.colcon_core.shell:Skip shell extension 'dsv' for command environment
[0.785s] DEBUG:colcon.colcon_core.event_handler.log_command:Invoking command in '/home/robomaven/ws/ros2_ws3/src/lifecycle_py': PYTHONPATH=/home/robomaven/ws/ros2_ws3/build/lifecycle_py/prefix_override:/home/robomaven/ws/ros2_ws3/install/lifecycle_py/lib/python3.10/site-packages:${PYTHONPATH} /usr/bin/python3 -W ignore:setup.py install is deprecated setup.py egg_info --egg-base ../../build/lifecycle_py build --build-base /home/robomaven/ws/ros2_ws3/build/lifecycle_py/build install --record /home/robomaven/ws/ros2_ws3/build/lifecycle_py/install.log --single-version-externally-managed install_data
[0.786s] DEBUG:colcon.colcon_core.event_handler.log_command:Invoked command in '/home/robomaven/ws/ros2_ws3/build/actions_cpp' returned '0': CMAKE_PREFIX_PATH=/home/robomaven/ws/ros2_ws3/install/my_robot_interfaces:/home/robomaven/ws/ros2_ws3/install/actions_cpp:/home/robomaven/ws/ros2_ws3/install/my_robot_bringup:/home/robomaven/ws/ros2_ws3/install/lifecycle_cpp:/home/robomaven/ws/ros2_ws3/install/actions_py:/home/robomaven/ws/ros2_ws3/install/lifecycle_py:/opt/ros/humble LD_LIBRARY_PATH=/home/robomaven/ws/ros2_ws3/install/my_robot_interfaces/lib:/usr/lib/x86_64-linux-gnu/gazebo-11/plugins:/opt/ros/humble/opt/rviz_ogre_vendor/lib:/opt/ros/humble/lib/x86_64-linux-gnu:/opt/ros/humble/lib:/usr/share/gazebo/../../lib/x86_64-linux-gnu/gazebo-11/plugins /usr/bin/cmake --build /home/robomaven/ws/ros2_ws3/build/actions_cpp -- -j20 -l20
[0.805s] DEBUG:colcon.colcon_core.event_handler.log_command:Invoking command in '/home/robomaven/ws/ros2_ws3/build/actions_cpp': CMAKE_PREFIX_PATH=/home/robomaven/ws/ros2_ws3/install/my_robot_interfaces:/home/robomaven/ws/ros2_ws3/install/actions_cpp:/home/robomaven/ws/ros2_ws3/install/my_robot_bringup:/home/robomaven/ws/ros2_ws3/install/lifecycle_cpp:/home/robomaven/ws/ros2_ws3/install/actions_py:/home/robomaven/ws/ros2_ws3/install/lifecycle_py:/opt/ros/humble LD_LIBRARY_PATH=/home/robomaven/ws/ros2_ws3/install/my_robot_interfaces/lib:/usr/lib/x86_64-linux-gnu/gazebo-11/plugins:/opt/ros/humble/opt/rviz_ogre_vendor/lib:/opt/ros/humble/lib/x86_64-linux-gnu:/opt/ros/humble/lib:/usr/share/gazebo/../../lib/x86_64-linux-gnu/gazebo-11/plugins /usr/bin/cmake --install /home/robomaven/ws/ros2_ws3/build/actions_cpp
[0.813s] Level 1:colcon.colcon_core.environment:create_environment_scripts_only(actions_cpp)
[0.813s] Level 1:colcon.colcon_core.environment:checking '/home/robomaven/ws/ros2_ws3/install/actions_cpp' for CMake module files
[0.814s] DEBUG:colcon.colcon_core.event_handler.log_command:Invoked command in '/home/robomaven/ws/ros2_ws3/build/actions_cpp' returned '0': CMAKE_PREFIX_PATH=/home/robomaven/ws/ros2_ws3/install/my_robot_interfaces:/home/robomaven/ws/ros2_ws3/install/actions_cpp:/home/robomaven/ws/ros2_ws3/install/my_robot_bringup:/home/robomaven/ws/ros2_ws3/install/lifecycle_cpp:/home/robomaven/ws/ros2_ws3/install/actions_py:/home/robomaven/ws/ros2_ws3/install/lifecycle_py:/opt/ros/humble LD_LIBRARY_PATH=/home/robomaven/ws/ros2_ws3/install/my_robot_interfaces/lib:/usr/lib/x86_64-linux-gnu/gazebo-11/plugins:/opt/ros/humble/opt/rviz_ogre_vendor/lib:/opt/ros/humble/lib/x86_64-linux-gnu:/opt/ros/humble/lib:/usr/share/gazebo/../../lib/x86_64-linux-gnu/gazebo-11/plugins /usr/bin/cmake --install /home/robomaven/ws/ros2_ws3/build/actions_cpp
[0.814s] Level 1:colcon.colcon_core.environment:checking '/home/robomaven/ws/ros2_ws3/install/actions_cpp' for CMake config files
[0.814s] Level 1:colcon.colcon_core.shell:create_environment_hook('actions_cpp', 'cmake_prefix_path')
[0.814s] INFO:colcon.colcon_core.shell:Creating environment hook '/home/robomaven/ws/ros2_ws3/install/actions_cpp/share/actions_cpp/hook/cmake_prefix_path.ps1'
[0.814s] INFO:colcon.colcon_core.shell:Creating environment descriptor '/home/robomaven/ws/ros2_ws3/install/actions_cpp/share/actions_cpp/hook/cmake_prefix_path.dsv'
[0.814s] INFO:colcon.colcon_core.shell:Creating environment hook '/home/robomaven/ws/ros2_ws3/install/actions_cpp/share/actions_cpp/hook/cmake_prefix_path.sh'
[0.815s] Level 1:colcon.colcon_core.environment:checking '/home/robomaven/ws/ros2_ws3/install/actions_cpp/lib'
[0.815s] Level 1:colcon.colcon_core.environment:checking '/home/robomaven/ws/ros2_ws3/install/actions_cpp/bin'
[0.815s] Level 1:colcon.colcon_core.environment:checking '/home/robomaven/ws/ros2_ws3/install/actions_cpp/lib/pkgconfig/actions_cpp.pc'
[0.815s] Level 1:colcon.colcon_core.environment:checking '/home/robomaven/ws/ros2_ws3/install/actions_cpp/lib/python3.10/site-packages'
[0.815s] Level 1:colcon.colcon_core.environment:checking '/home/robomaven/ws/ros2_ws3/install/actions_cpp/bin'
[0.815s] INFO:colcon.colcon_core.shell:Creating package script '/home/robomaven/ws/ros2_ws3/install/actions_cpp/share/actions_cpp/package.ps1'
[0.816s] INFO:colcon.colcon_core.shell:Creating package descriptor '/home/robomaven/ws/ros2_ws3/install/actions_cpp/share/actions_cpp/package.dsv'
[0.816s] INFO:colcon.colcon_core.shell:Creating package script '/home/robomaven/ws/ros2_ws3/install/actions_cpp/share/actions_cpp/package.sh'
[0.816s] INFO:colcon.colcon_core.shell:Creating package script '/home/robomaven/ws/ros2_ws3/install/actions_cpp/share/actions_cpp/package.bash'
[0.816s] INFO:colcon.colcon_core.shell:Creating package script '/home/robomaven/ws/ros2_ws3/install/actions_cpp/share/actions_cpp/package.zsh'
[0.816s] Level 1:colcon.colcon_core.environment:create_file_with_runtime_dependencies(/home/robomaven/ws/ros2_ws3/install/actions_cpp/share/colcon-core/packages/actions_cpp)
[0.837s] Level 1:colcon.colcon_core.environment:create_environment_scripts_only(actions_cpp)
[0.837s] Level 1:colcon.colcon_core.environment:checking '/home/robomaven/ws/ros2_ws3/install/actions_cpp' for CMake module files
[0.837s] Level 1:colcon.colcon_core.environment:checking '/home/robomaven/ws/ros2_ws3/install/actions_cpp' for CMake config files
[0.837s] Level 1:colcon.colcon_core.shell:create_environment_hook('actions_cpp', 'cmake_prefix_path')
[0.837s] INFO:colcon.colcon_core.shell:Creating environment hook '/home/robomaven/ws/ros2_ws3/install/actions_cpp/share/actions_cpp/hook/cmake_prefix_path.ps1'
[0.838s] INFO:colcon.colcon_core.shell:Creating environment descriptor '/home/robomaven/ws/ros2_ws3/install/actions_cpp/share/actions_cpp/hook/cmake_prefix_path.dsv'
[0.838s] INFO:colcon.colcon_core.shell:Creating environment hook '/home/robomaven/ws/ros2_ws3/install/actions_cpp/share/actions_cpp/hook/cmake_prefix_path.sh'
[0.838s] Level 1:colcon.colcon_core.environment:checking '/home/robomaven/ws/ros2_ws3/install/actions_cpp/lib'
[0.838s] Level 1:colcon.colcon_core.environment:checking '/home/robomaven/ws/ros2_ws3/install/actions_cpp/bin'
[0.838s] Level 1:colcon.colcon_core.environment:checking '/home/robomaven/ws/ros2_ws3/install/actions_cpp/lib/pkgconfig/actions_cpp.pc'
[0.838s] Level 1:colcon.colcon_core.environment:checking '/home/robomaven/ws/ros2_ws3/install/actions_cpp/lib/python3.10/site-packages'
[0.839s] Level 1:colcon.colcon_core.environment:checking '/home/robomaven/ws/ros2_ws3/install/actions_cpp/bin'
[0.839s] INFO:colcon.colcon_core.shell:Creating package script '/home/robomaven/ws/ros2_ws3/install/actions_cpp/share/actions_cpp/package.ps1'
[0.839s] INFO:colcon.colcon_core.shell:Creating package descriptor '/home/robomaven/ws/ros2_ws3/install/actions_cpp/share/actions_cpp/package.dsv'
[0.839s] INFO:colcon.colcon_core.shell:Creating package script '/home/robomaven/ws/ros2_ws3/install/actions_cpp/share/actions_cpp/package.sh'
[0.839s] INFO:colcon.colcon_core.shell:Creating package script '/home/robomaven/ws/ros2_ws3/install/actions_cpp/share/actions_cpp/package.bash'
[0.840s] INFO:colcon.colcon_core.shell:Creating package script '/home/robomaven/ws/ros2_ws3/install/actions_cpp/share/actions_cpp/package.zsh'
[0.840s] Level 1:colcon.colcon_core.environment:create_file_with_runtime_dependencies(/home/robomaven/ws/ros2_ws3/install/actions_cpp/share/colcon-core/packages/actions_cpp)
[0.970s] Level 1:colcon.colcon_core.environment:checking '/home/robomaven/ws/ros2_ws3/install/lifecycle_py' for CMake module files
[0.971s] DEBUG:colcon.colcon_core.event_handler.log_command:Invoked command in '/home/robomaven/ws/ros2_ws3/src/lifecycle_py' returned '0': PYTHONPATH=/home/robomaven/ws/ros2_ws3/build/lifecycle_py/prefix_override:/home/robomaven/ws/ros2_ws3/install/lifecycle_py/lib/python3.10/site-packages:${PYTHONPATH} /usr/bin/python3 -W ignore:setup.py install is deprecated setup.py egg_info --egg-base ../../build/lifecycle_py build --build-base /home/robomaven/ws/ros2_ws3/build/lifecycle_py/build install --record /home/robomaven/ws/ros2_ws3/build/lifecycle_py/install.log --single-version-externally-managed install_data
[0.971s] Level 1:colcon.colcon_core.environment:checking '/home/robomaven/ws/ros2_ws3/install/lifecycle_py' for CMake config files
[0.971s] Level 1:colcon.colcon_core.environment:checking '/home/robomaven/ws/ros2_ws3/install/lifecycle_py/lib'
[0.971s] Level 1:colcon.colcon_core.environment:checking '/home/robomaven/ws/ros2_ws3/install/lifecycle_py/bin'
[0.971s] Level 1:colcon.colcon_core.environment:checking '/home/robomaven/ws/ros2_ws3/install/lifecycle_py/lib/pkgconfig/lifecycle_py.pc'
[0.971s] Level 1:colcon.colcon_core.environment:checking '/home/robomaven/ws/ros2_ws3/install/lifecycle_py/lib/python3.10/site-packages'
[0.971s] Level 1:colcon.colcon_core.shell:create_environment_hook('lifecycle_py', 'pythonpath')
[0.972s] INFO:colcon.colcon_core.shell:Creating environment hook '/home/robomaven/ws/ros2_ws3/install/lifecycle_py/share/lifecycle_py/hook/pythonpath.ps1'
[0.972s] INFO:colcon.colcon_core.shell:Creating environment descriptor '/home/robomaven/ws/ros2_ws3/install/lifecycle_py/share/lifecycle_py/hook/pythonpath.dsv'
[0.972s] INFO:colcon.colcon_core.shell:Creating environment hook '/home/robomaven/ws/ros2_ws3/install/lifecycle_py/share/lifecycle_py/hook/pythonpath.sh'
[0.972s] Level 1:colcon.colcon_core.environment:checking '/home/robomaven/ws/ros2_ws3/install/lifecycle_py/bin'
[0.972s] Level 1:colcon.colcon_core.environment:create_environment_scripts_only(lifecycle_py)
[0.973s] INFO:colcon.colcon_core.shell:Creating package script '/home/robomaven/ws/ros2_ws3/install/lifecycle_py/share/lifecycle_py/package.ps1'
[0.973s] INFO:colcon.colcon_core.shell:Creating package descriptor '/home/robomaven/ws/ros2_ws3/install/lifecycle_py/share/lifecycle_py/package.dsv'
[0.973s] INFO:colcon.colcon_core.shell:Creating package script '/home/robomaven/ws/ros2_ws3/install/lifecycle_py/share/lifecycle_py/package.sh'
[0.973s] INFO:colcon.colcon_core.shell:Creating package script '/home/robomaven/ws/ros2_ws3/install/lifecycle_py/share/lifecycle_py/package.bash'
[0.973s] INFO:colcon.colcon_core.shell:Creating package script '/home/robomaven/ws/ros2_ws3/install/lifecycle_py/share/lifecycle_py/package.zsh'
[0.974s] Level 1:colcon.colcon_core.environment:create_file_with_runtime_dependencies(/home/robomaven/ws/ros2_ws3/install/lifecycle_py/share/colcon-core/packages/lifecycle_py)
[1.010s] DEBUG:colcon.colcon_core.event_handler.log_command:Invoking command in '/home/robomaven/ws/ros2_ws3/src/actions_py': CMAKE_PREFIX_PATH=/home/robomaven/ws/ros2_ws3/install/my_robot_interfaces:/home/robomaven/ws/ros2_ws3/install/actions_cpp:/home/robomaven/ws/ros2_ws3/install/my_robot_bringup:/home/robomaven/ws/ros2_ws3/install/lifecycle_cpp LD_LIBRARY_PATH=/home/robomaven/ws/ros2_ws3/install/my_robot_interfaces/lib:/usr/lib/x86_64-linux-gnu/gazebo-11/plugins:/opt/ros/humble/opt/rviz_ogre_vendor/lib:/opt/ros/humble/lib/x86_64-linux-gnu:/opt/ros/humble/lib:/usr/share/gazebo/../../lib/x86_64-linux-gnu/gazebo-11/plugins PYTHONPATH=/home/robomaven/ws/ros2_ws3/build/actions_py/prefix_override:/home/robomaven/ws/ros2_ws3/install/actions_py/lib/python3.10/site-packages:${PYTHONPATH} /usr/bin/python3 -W ignore:setup.py install is deprecated setup.py egg_info --egg-base ../../build/actions_py build --build-base /home/robomaven/ws/ros2_ws3/build/actions_py/build install --record /home/robomaven/ws/ros2_ws3/build/actions_py/install.log --single-version-externally-managed install_data
[1.198s] Level 1:colcon.colcon_core.environment:checking '/home/robomaven/ws/ros2_ws3/install/actions_py' for CMake module files
[1.199s] DEBUG:colcon.colcon_core.event_handler.log_command:Invoked command in '/home/robomaven/ws/ros2_ws3/src/actions_py' returned '0': CMAKE_PREFIX_PATH=/home/robomaven/ws/ros2_ws3/install/my_robot_interfaces:/home/robomaven/ws/ros2_ws3/install/actions_cpp:/home/robomaven/ws/ros2_ws3/install/my_robot_bringup:/home/robomaven/ws/ros2_ws3/install/lifecycle_cpp LD_LIBRARY_PATH=/home/robomaven/ws/ros2_ws3/install/my_robot_interfaces/lib:/usr/lib/x86_64-linux-gnu/gazebo-11/plugins:/opt/ros/humble/opt/rviz_ogre_vendor/lib:/opt/ros/humble/lib/x86_64-linux-gnu:/opt/ros/humble/lib:/usr/share/gazebo/../../lib/x86_64-linux-gnu/gazebo-11/plugins PYTHONPATH=/home/robomaven/ws/ros2_ws3/build/actions_py/prefix_override:/home/robomaven/ws/ros2_ws3/install/actions_py/lib/python3.10/site-packages:${PYTHONPATH} /usr/bin/python3 -W ignore:setup.py install is deprecated setup.py egg_info --egg-base ../../build/actions_py build --build-base /home/robomaven/ws/ros2_ws3/build/actions_py/build install --record /home/robomaven/ws/ros2_ws3/build/actions_py/install.log --single-version-externally-managed install_data
[1.199s] Level 1:colcon.colcon_core.environment:checking '/home/robomaven/ws/ros2_ws3/install/actions_py' for CMake config files
[1.200s] Level 1:colcon.colcon_core.environment:checking '/home/robomaven/ws/ros2_ws3/install/actions_py/lib'
[1.200s] Level 1:colcon.colcon_core.environment:checking '/home/robomaven/ws/ros2_ws3/install/actions_py/bin'
[1.200s] Level 1:colcon.colcon_core.environment:checking '/home/robomaven/ws/ros2_ws3/install/actions_py/lib/pkgconfig/actions_py.pc'
[1.200s] Level 1:colcon.colcon_core.environment:checking '/home/robomaven/ws/ros2_ws3/install/actions_py/lib/python3.10/site-packages'
[1.200s] Level 1:colcon.colcon_core.shell:create_environment_hook('actions_py', 'pythonpath')
[1.200s] INFO:colcon.colcon_core.shell:Creating environment hook '/home/robomaven/ws/ros2_ws3/install/actions_py/share/actions_py/hook/pythonpath.ps1'
[1.200s] INFO:colcon.colcon_core.shell:Creating environment descriptor '/home/robomaven/ws/ros2_ws3/install/actions_py/share/actions_py/hook/pythonpath.dsv'
[1.200s] INFO:colcon.colcon_core.shell:Creating environment hook '/home/robomaven/ws/ros2_ws3/install/actions_py/share/actions_py/hook/pythonpath.sh'
[1.201s] Level 1:colcon.colcon_core.environment:checking '/home/robomaven/ws/ros2_ws3/install/actions_py/bin'
[1.201s] Level 1:colcon.colcon_core.environment:create_environment_scripts_only(actions_py)
[1.201s] INFO:colcon.colcon_core.shell:Creating package script '/home/robomaven/ws/ros2_ws3/install/actions_py/share/actions_py/package.ps1'
[1.201s] INFO:colcon.colcon_core.shell:Creating package descriptor '/home/robomaven/ws/ros2_ws3/install/actions_py/share/actions_py/package.dsv'
[1.201s] INFO:colcon.colcon_core.shell:Creating package script '/home/robomaven/ws/ros2_ws3/install/actions_py/share/actions_py/package.sh'
[1.202s] INFO:colcon.colcon_core.shell:Creating package script '/home/robomaven/ws/ros2_ws3/install/actions_py/share/actions_py/package.bash'
[1.202s] INFO:colcon.colcon_core.shell:Creating package script '/home/robomaven/ws/ros2_ws3/install/actions_py/share/actions_py/package.zsh'
[1.202s] Level 1:colcon.colcon_core.environment:create_file_with_runtime_dependencies(/home/robomaven/ws/ros2_ws3/install/actions_py/share/colcon-core/packages/actions_py)
[2.289s] DEBUG:colcon.colcon_core.event_handler.log_command:Invoked command in '/home/robomaven/ws/ros2_ws3/build/lifecycle_cpp' returned '0': CMAKE_PREFIX_PATH=${CMAKE_PREFIX_PATH}:/home/robomaven/ws/ros2_ws3/install/actions_py:/home/robomaven/ws/ros2_ws3/install/lifecycle_py:/opt/ros/humble /usr/bin/cmake --build /home/robomaven/ws/ros2_ws3/build/lifecycle_cpp -- -j20 -l20
[2.309s] DEBUG:colcon.colcon_core.event_handler.log_command:Invoking command in '/home/robomaven/ws/ros2_ws3/build/lifecycle_cpp': CMAKE_PREFIX_PATH=${CMAKE_PREFIX_PATH}:/home/robomaven/ws/ros2_ws3/install/actions_py:/home/robomaven/ws/ros2_ws3/install/lifecycle_py:/opt/ros/humble /usr/bin/cmake --install /home/robomaven/ws/ros2_ws3/build/lifecycle_cpp
[2.317s] Level 1:colcon.colcon_core.environment:create_environment_scripts_only(lifecycle_cpp)
[2.317s] Level 1:colcon.colcon_core.environment:checking '/home/robomaven/ws/ros2_ws3/install/lifecycle_cpp' for CMake module files
[2.317s] DEBUG:colcon.colcon_core.event_handler.log_command:Invoked command in '/home/robomaven/ws/ros2_ws3/build/lifecycle_cpp' returned '0': CMAKE_PREFIX_PATH=${CMAKE_PREFIX_PATH}:/home/robomaven/ws/ros2_ws3/install/actions_py:/home/robomaven/ws/ros2_ws3/install/lifecycle_py:/opt/ros/humble /usr/bin/cmake --install /home/robomaven/ws/ros2_ws3/build/lifecycle_cpp
[2.318s] Level 1:colcon.colcon_core.environment:checking '/home/robomaven/ws/ros2_ws3/install/lifecycle_cpp' for CMake config files
[2.318s] Level 1:colcon.colcon_core.shell:create_environment_hook('lifecycle_cpp', 'cmake_prefix_path')
[2.318s] INFO:colcon.colcon_core.shell:Creating environment hook '/home/robomaven/ws/ros2_ws3/install/lifecycle_cpp/share/lifecycle_cpp/hook/cmake_prefix_path.ps1'
[2.318s] INFO:colcon.colcon_core.shell:Creating environment descriptor '/home/robomaven/ws/ros2_ws3/install/lifecycle_cpp/share/lifecycle_cpp/hook/cmake_prefix_path.dsv'
[2.318s] INFO:colcon.colcon_core.shell:Creating environment hook '/home/robomaven/ws/ros2_ws3/install/lifecycle_cpp/share/lifecycle_cpp/hook/cmake_prefix_path.sh'
[2.319s] Level 1:colcon.colcon_core.environment:checking '/home/robomaven/ws/ros2_ws3/install/lifecycle_cpp/lib'
[2.319s] Level 1:colcon.colcon_core.environment:checking '/home/robomaven/ws/ros2_ws3/install/lifecycle_cpp/bin'
[2.319s] Level 1:colcon.colcon_core.environment:checking '/home/robomaven/ws/ros2_ws3/install/lifecycle_cpp/lib/pkgconfig/lifecycle_cpp.pc'
[2.319s] Level 1:colcon.colcon_core.environment:checking '/home/robomaven/ws/ros2_ws3/install/lifecycle_cpp/lib/python3.10/site-packages'
[2.319s] Level 1:colcon.colcon_core.environment:checking '/home/robomaven/ws/ros2_ws3/install/lifecycle_cpp/bin'
[2.319s] INFO:colcon.colcon_core.shell:Creating package script '/home/robomaven/ws/ros2_ws3/install/lifecycle_cpp/share/lifecycle_cpp/package.ps1'
[2.319s] INFO:colcon.colcon_core.shell:Creating package descriptor '/home/robomaven/ws/ros2_ws3/install/lifecycle_cpp/share/lifecycle_cpp/package.dsv'
[2.320s] INFO:colcon.colcon_core.shell:Creating package script '/home/robomaven/ws/ros2_ws3/install/lifecycle_cpp/share/lifecycle_cpp/package.sh'
[2.320s] INFO:colcon.colcon_core.shell:Creating package script '/home/robomaven/ws/ros2_ws3/install/lifecycle_cpp/share/lifecycle_cpp/package.bash'
[2.320s] INFO:colcon.colcon_core.shell:Creating package script '/home/robomaven/ws/ros2_ws3/install/lifecycle_cpp/share/lifecycle_cpp/package.zsh'
[2.320s] Level 1:colcon.colcon_core.environment:create_file_with_runtime_dependencies(/home/robomaven/ws/ros2_ws3/install/lifecycle_cpp/share/colcon-core/packages/lifecycle_cpp)
[2.347s] Level 1:colcon.colcon_core.environment:create_environment_scripts_only(lifecycle_cpp)
[2.347s] Level 1:colcon.colcon_core.environment:checking '/home/robomaven/ws/ros2_ws3/install/lifecycle_cpp' for CMake module files
[2.348s] Level 1:colcon.colcon_core.environment:checking '/home/robomaven/ws/ros2_ws3/install/lifecycle_cpp' for CMake config files
[2.348s] Level 1:colcon.colcon_core.shell:create_environment_hook('lifecycle_cpp', 'cmake_prefix_path')
[2.348s] INFO:colcon.colcon_core.shell:Creating environment hook '/home/robomaven/ws/ros2_ws3/install/lifecycle_cpp/share/lifecycle_cpp/hook/cmake_prefix_path.ps1'
[2.349s] INFO:colcon.colcon_core.shell:Creating environment descriptor '/home/robomaven/ws/ros2_ws3/install/lifecycle_cpp/share/lifecycle_cpp/hook/cmake_prefix_path.dsv'
[2.349s] INFO:colcon.colcon_core.shell:Creating environment hook '/home/robomaven/ws/ros2_ws3/install/lifecycle_cpp/share/lifecycle_cpp/hook/cmake_prefix_path.sh'
[2.350s] Level 1:colcon.colcon_core.environment:checking '/home/robomaven/ws/ros2_ws3/install/lifecycle_cpp/lib'
[2.350s] Level 1:colcon.colcon_core.environment:checking '/home/robomaven/ws/ros2_ws3/install/lifecycle_cpp/bin'
[2.350s] Level 1:colcon.colcon_core.environment:checking '/home/robomaven/ws/ros2_ws3/install/lifecycle_cpp/lib/pkgconfig/lifecycle_cpp.pc'
[2.350s] Level 1:colcon.colcon_core.environment:checking '/home/robomaven/ws/ros2_ws3/install/lifecycle_cpp/lib/python3.10/site-packages'
[2.350s] Level 1:colcon.colcon_core.environment:checking '/home/robomaven/ws/ros2_ws3/install/lifecycle_cpp/bin'
[2.351s] INFO:colcon.colcon_core.shell:Creating package script '/home/robomaven/ws/ros2_ws3/install/lifecycle_cpp/share/lifecycle_cpp/package.ps1'
[2.351s] INFO:colcon.colcon_core.shell:Creating package descriptor '/home/robomaven/ws/ros2_ws3/install/lifecycle_cpp/share/lifecycle_cpp/package.dsv'
[2.352s] INFO:colcon.colcon_core.shell:Creating package script '/home/robomaven/ws/ros2_ws3/install/lifecycle_cpp/share/lifecycle_cpp/package.sh'
[2.352s] INFO:colcon.colcon_core.shell:Creating package script '/home/robomaven/ws/ros2_ws3/install/lifecycle_cpp/share/lifecycle_cpp/package.bash'
[2.352s] INFO:colcon.colcon_core.shell:Creating package script '/home/robomaven/ws/ros2_ws3/install/lifecycle_cpp/share/lifecycle_cpp/package.zsh'
[2.352s] Level 1:colcon.colcon_core.environment:create_file_with_runtime_dependencies(/home/robomaven/ws/ros2_ws3/install/lifecycle_cpp/share/colcon-core/packages/lifecycle_cpp)
[2.353s] INFO:colcon.colcon_ros.task.ament_cmake.build:Building ROS package in '/home/robomaven/ws/ros2_ws3/src/my_robot_bringup' with build type 'ament_cmake'
[2.353s] INFO:colcon.colcon_cmake.task.cmake.build:Building CMake package in '/home/robomaven/ws/ros2_ws3/src/my_robot_bringup'
[2.353s] INFO:colcon.colcon_core.shell:Skip shell extension 'powershell' for command environment: Not usable outside of PowerShell
[2.353s] DEBUG:colcon.colcon_core.shell:Skip shell extension 'dsv' for command environment
[2.362s] DEBUG:colcon.colcon_core.event_handler.log_command:Invoking command in '/home/robomaven/ws/ros2_ws3/build/my_robot_bringup': AMENT_PREFIX_PATH=/home/robomaven/ws/ros2_ws3/install/lifecycle_py:/home/robomaven/ws/ros2_ws3/install/actions_py:/home/robomaven/ws/ros2_ws3/install/actions_cpp:/home/robomaven/ws/ros2_ws3/install/my_robot_interfaces:/home/robomaven/ws/ros2_ws3/install/my_robot_bringup:/home/robomaven/ws/ros2_ws3/install/lifecycle_cpp:/opt/ros/humble CMAKE_PREFIX_PATH=/home/robomaven/ws/ros2_ws3/install/lifecycle_cpp:/home/robomaven/ws/ros2_ws3/install/actions_cpp:/home/robomaven/ws/ros2_ws3/install/my_robot_interfaces:/home/robomaven/ws/ros2_ws3/install/my_robot_bringup:/home/robomaven/ws/ros2_ws3/install/actions_py:/home/robomaven/ws/ros2_ws3/install/lifecycle_py:/opt/ros/humble PYTHONPATH=/home/robomaven/ws/ros2_ws3/install/lifecycle_py/lib/python3.10/site-packages:/home/robomaven/ws/ros2_ws3/install/actions_py/lib/python3.10/site-packages:/home/robomaven/ws/ros2_ws3/install/my_robot_interfaces/local/lib/python3.10/dist-packages:/opt/ros/humble/lib/python3.10/site-packages:/opt/ros/humble/local/lib/python3.10/dist-packages /usr/bin/cmake --build /home/robomaven/ws/ros2_ws3/build/my_robot_bringup -- -j20 -l20
[2.403s] DEBUG:colcon.colcon_core.event_handler.log_command:Invoked command in '/home/robomaven/ws/ros2_ws3/build/my_robot_bringup' returned '0': AMENT_PREFIX_PATH=/home/robomaven/ws/ros2_ws3/install/lifecycle_py:/home/robomaven/ws/ros2_ws3/install/actions_py:/home/robomaven/ws/ros2_ws3/install/actions_cpp:/home/robomaven/ws/ros2_ws3/install/my_robot_interfaces:/home/robomaven/ws/ros2_ws3/install/my_robot_bringup:/home/robomaven/ws/ros2_ws3/install/lifecycle_cpp:/opt/ros/humble CMAKE_PREFIX_PATH=/home/robomaven/ws/ros2_ws3/install/lifecycle_cpp:/home/robomaven/ws/ros2_ws3/install/actions_cpp:/home/robomaven/ws/ros2_ws3/install/my_robot_interfaces:/home/robomaven/ws/ros2_ws3/install/my_robot_bringup:/home/robomaven/ws/ros2_ws3/install/actions_py:/home/robomaven/ws/ros2_ws3/install/lifecycle_py:/opt/ros/humble PYTHONPATH=/home/robomaven/ws/ros2_ws3/install/lifecycle_py/lib/python3.10/site-packages:/home/robomaven/ws/ros2_ws3/install/actions_py/lib/python3.10/site-packages:/home/robomaven/ws/ros2_ws3/install/my_robot_interfaces/local/lib/python3.10/dist-packages:/opt/ros/humble/lib/python3.10/site-packages:/opt/ros/humble/local/lib/python3.10/dist-packages /usr/bin/cmake --build /home/robomaven/ws/ros2_ws3/build/my_robot_bringup -- -j20 -l20
[2.427s] DEBUG:colcon.colcon_core.event_handler.log_command:Invoking command in '/home/robomaven/ws/ros2_ws3/build/my_robot_bringup': AMENT_PREFIX_PATH=/home/robomaven/ws/ros2_ws3/install/lifecycle_py:/home/robomaven/ws/ros2_ws3/install/actions_py:/home/robomaven/ws/ros2_ws3/install/actions_cpp:/home/robomaven/ws/ros2_ws3/install/my_robot_interfaces:/home/robomaven/ws/ros2_ws3/install/my_robot_bringup:/home/robomaven/ws/ros2_ws3/install/lifecycle_cpp:/opt/ros/humble CMAKE_PREFIX_PATH=/home/robomaven/ws/ros2_ws3/install/lifecycle_cpp:/home/robomaven/ws/ros2_ws3/install/actions_cpp:/home/robomaven/ws/ros2_ws3/install/my_robot_interfaces:/home/robomaven/ws/ros2_ws3/install/my_robot_bringup:/home/robomaven/ws/ros2_ws3/install/actions_py:/home/robomaven/ws/ros2_ws3/install/lifecycle_py:/opt/ros/humble PYTHONPATH=/home/robomaven/ws/ros2_ws3/install/lifecycle_py/lib/python3.10/site-packages:/home/robomaven/ws/ros2_ws3/install/actions_py/lib/python3.10/site-packages:/home/robomaven/ws/ros2_ws3/install/my_robot_interfaces/local/lib/python3.10/dist-packages:/opt/ros/humble/lib/python3.10/site-packages:/opt/ros/humble/local/lib/python3.10/dist-packages /usr/bin/cmake --install /home/robomaven/ws/ros2_ws3/build/my_robot_bringup
[2.448s] Level 1:colcon.colcon_core.environment:create_environment_scripts_only(my_robot_bringup)
[2.448s] Level 1:colcon.colcon_core.environment:checking '/home/robomaven/ws/ros2_ws3/install/my_robot_bringup' for CMake module files
[2.448s] DEBUG:colcon.colcon_core.event_handler.log_command:Invoked command in '/home/robomaven/ws/ros2_ws3/build/my_robot_bringup' returned '0': AMENT_PREFIX_PATH=/home/robomaven/ws/ros2_ws3/install/lifecycle_py:/home/robomaven/ws/ros2_ws3/install/actions_py:/home/robomaven/ws/ros2_ws3/install/actions_cpp:/home/robomaven/ws/ros2_ws3/install/my_robot_interfaces:/home/robomaven/ws/ros2_ws3/install/my_robot_bringup:/home/robomaven/ws/ros2_ws3/install/lifecycle_cpp:/opt/ros/humble CMAKE_PREFIX_PATH=/home/robomaven/ws/ros2_ws3/install/lifecycle_cpp:/home/robomaven/ws/ros2_ws3/install/actions_cpp:/home/robomaven/ws/ros2_ws3/install/my_robot_interfaces:/home/robomaven/ws/ros2_ws3/install/my_robot_bringup:/home/robomaven/ws/ros2_ws3/install/actions_py:/home/robomaven/ws/ros2_ws3/install/lifecycle_py:/opt/ros/humble PYTHONPATH=/home/robomaven/ws/ros2_ws3/install/lifecycle_py/lib/python3.10/site-packages:/home/robomaven/ws/ros2_ws3/install/actions_py/lib/python3.10/site-packages:/home/robomaven/ws/ros2_ws3/install/my_robot_interfaces/local/lib/python3.10/dist-packages:/opt/ros/humble/lib/python3.10/site-packages:/opt/ros/humble/local/lib/python3.10/dist-packages /usr/bin/cmake --install /home/robomaven/ws/ros2_ws3/build/my_robot_bringup
[2.449s] Level 1:colcon.colcon_core.environment:checking '/home/robomaven/ws/ros2_ws3/install/my_robot_bringup' for CMake config files
[2.449s] Level 1:colcon.colcon_core.shell:create_environment_hook('my_robot_bringup', 'cmake_prefix_path')
[2.449s] INFO:colcon.colcon_core.shell:Creating environment hook '/home/robomaven/ws/ros2_ws3/install/my_robot_bringup/share/my_robot_bringup/hook/cmake_prefix_path.ps1'
[2.450s] INFO:colcon.colcon_core.shell:Creating environment descriptor '/home/robomaven/ws/ros2_ws3/install/my_robot_bringup/share/my_robot_bringup/hook/cmake_prefix_path.dsv'
[2.450s] INFO:colcon.colcon_core.shell:Creating environment hook '/home/robomaven/ws/ros2_ws3/install/my_robot_bringup/share/my_robot_bringup/hook/cmake_prefix_path.sh'
[2.450s] Level 1:colcon.colcon_core.environment:checking '/home/robomaven/ws/ros2_ws3/install/my_robot_bringup/bin'
[2.450s] Level 1:colcon.colcon_core.environment:checking '/home/robomaven/ws/ros2_ws3/install/my_robot_bringup/lib/pkgconfig/my_robot_bringup.pc'
[2.451s] Level 1:colcon.colcon_core.environment:checking '/home/robomaven/ws/ros2_ws3/install/my_robot_bringup/lib/python3.10/site-packages'
[2.451s] Level 1:colcon.colcon_core.environment:checking '/home/robomaven/ws/ros2_ws3/install/my_robot_bringup/bin'
[2.451s] INFO:colcon.colcon_core.shell:Creating package script '/home/robomaven/ws/ros2_ws3/install/my_robot_bringup/share/my_robot_bringup/package.ps1'
[2.452s] INFO:colcon.colcon_core.shell:Creating package descriptor '/home/robomaven/ws/ros2_ws3/install/my_robot_bringup/share/my_robot_bringup/package.dsv'
[2.452s] INFO:colcon.colcon_core.shell:Creating package script '/home/robomaven/ws/ros2_ws3/install/my_robot_bringup/share/my_robot_bringup/package.sh'
[2.452s] INFO:colcon.colcon_core.shell:Creating package script '/home/robomaven/ws/ros2_ws3/install/my_robot_bringup/share/my_robot_bringup/package.bash'
[2.453s] INFO:colcon.colcon_core.shell:Creating package script '/home/robomaven/ws/ros2_ws3/install/my_robot_bringup/share/my_robot_bringup/package.zsh'
[2.453s] Level 1:colcon.colcon_core.environment:create_file_with_runtime_dependencies(/home/robomaven/ws/ros2_ws3/install/my_robot_bringup/share/colcon-core/packages/my_robot_bringup)
[2.480s] Level 1:colcon.colcon_core.environment:create_environment_scripts_only(my_robot_bringup)
[2.480s] Level 1:colcon.colcon_core.environment:checking '/home/robomaven/ws/ros2_ws3/install/my_robot_bringup' for CMake module files
[2.481s] Level 1:colcon.colcon_core.environment:checking '/home/robomaven/ws/ros2_ws3/install/my_robot_bringup' for CMake config files
[2.481s] Level 1:colcon.colcon_core.shell:create_environment_hook('my_robot_bringup', 'cmake_prefix_path')
[2.482s] INFO:colcon.colcon_core.shell:Creating environment hook '/home/robomaven/ws/ros2_ws3/install/my_robot_bringup/share/my_robot_bringup/hook/cmake_prefix_path.ps1'
[2.482s] INFO:colcon.colcon_core.shell:Creating environment descriptor '/home/robomaven/ws/ros2_ws3/install/my_robot_bringup/share/my_robot_bringup/hook/cmake_prefix_path.dsv'
[2.482s] INFO:colcon.colcon_core.shell:Creating environment hook '/home/robomaven/ws/ros2_ws3/install/my_robot_bringup/share/my_robot_bringup/hook/cmake_prefix_path.sh'
[2.483s] Level 1:colcon.colcon_core.environment:checking '/home/robomaven/ws/ros2_ws3/install/my_robot_bringup/bin'
[2.483s] Level 1:colcon.colcon_core.environment:checking '/home/robomaven/ws/ros2_ws3/install/my_robot_bringup/lib/pkgconfig/my_robot_bringup.pc'
[2.483s] Level 1:colcon.colcon_core.environment:checking '/home/robomaven/ws/ros2_ws3/install/my_robot_bringup/lib/python3.10/site-packages'
[2.484s] Level 1:colcon.colcon_core.environment:checking '/home/robomaven/ws/ros2_ws3/install/my_robot_bringup/bin'
[2.484s] INFO:colcon.colcon_core.shell:Creating package script '/home/robomaven/ws/ros2_ws3/install/my_robot_bringup/share/my_robot_bringup/package.ps1'
[2.485s] INFO:colcon.colcon_core.shell:Creating package descriptor '/home/robomaven/ws/ros2_ws3/install/my_robot_bringup/share/my_robot_bringup/package.dsv'
[2.485s] INFO:colcon.colcon_core.shell:Creating package script '/home/robomaven/ws/ros2_ws3/install/my_robot_bringup/share/my_robot_bringup/package.sh'
[2.486s] INFO:colcon.colcon_core.shell:Creating package script '/home/robomaven/ws/ros2_ws3/install/my_robot_bringup/share/my_robot_bringup/package.bash'
[2.486s] INFO:colcon.colcon_core.shell:Creating package script '/home/robomaven/ws/ros2_ws3/install/my_robot_bringup/share/my_robot_bringup/package.zsh'
[2.486s] Level 1:colcon.colcon_core.environment:create_file_with_runtime_dependencies(/home/robomaven/ws/ros2_ws3/install/my_robot_bringup/share/colcon-core/packages/my_robot_bringup)
[2.487s] DEBUG:colcon.colcon_parallel_executor.executor.parallel:closing loop
[2.487s] DEBUG:colcon.colcon_parallel_executor.executor.parallel:loop closed
[2.487s] DEBUG:colcon.colcon_parallel_executor.executor.parallel:run_until_complete finished with '0'
[2.487s] DEBUG:colcon.colcon_core.event_reactor:joining thread
[2.494s] INFO:colcon.colcon_core.plugin_system:Skipping extension 'colcon_notification.desktop_notification.terminal_notifier': Not used on non-Darwin systems
[2.494s] INFO:colcon.colcon_core.plugin_system:Skipping extension 'colcon_notification.desktop_notification.win32': Not used on non-Windows systems
[2.494s] INFO:colcon.colcon_notification.desktop_notification:Sending desktop notification using 'notify2'
[2.509s] DEBUG:colcon.colcon_core.event_reactor:joined thread
[2.510s] INFO:colcon.colcon_core.shell:Creating prefix script '/home/robomaven/ws/ros2_ws3/install/local_setup.ps1'
[2.511s] INFO:colcon.colcon_core.shell:Creating prefix util module '/home/robomaven/ws/ros2_ws3/install/_local_setup_util_ps1.py'
[2.512s] INFO:colcon.colcon_core.shell:Creating prefix chain script '/home/robomaven/ws/ros2_ws3/install/setup.ps1'
[2.513s] INFO:colcon.colcon_core.shell:Creating prefix script '/home/robomaven/ws/ros2_ws3/install/local_setup.sh'
[2.513s] INFO:colcon.colcon_core.shell:Creating prefix util module '/home/robomaven/ws/ros2_ws3/install/_local_setup_util_sh.py'
[2.513s] INFO:colcon.colcon_core.shell:Creating prefix chain script '/home/robomaven/ws/ros2_ws3/install/setup.sh'
[2.514s] INFO:colcon.colcon_core.shell:Creating prefix script '/home/robomaven/ws/ros2_ws3/install/local_setup.bash'
[2.514s] INFO:colcon.colcon_core.shell:Creating prefix chain script '/home/robomaven/ws/ros2_ws3/install/setup.bash'
[2.515s] INFO:colcon.colcon_core.shell:Creating prefix script '/home/robomaven/ws/ros2_ws3/install/local_setup.zsh'
[2.516s] INFO:colcon.colcon_core.shell:Creating prefix chain script '/home/robomaven/ws/ros2_ws3/install/setup.zsh'
