[0.088s] DEBUG:colcon:Command line arguments: ['/usr/bin/colcon', 'build']
[0.088s] DEBUG:colcon:Parsed command line arguments: Namespace(log_base=None, log_level=None, verb_name='build', build_base='build', install_base='install', merge_install=False, symlink_install=False, test_result_base=None, continue_on_error=False, executor='parallel', parallel_workers=20, event_handlers=None, ignore_user_meta=False, metas=['./colcon.meta'], base_paths=['.'], packages_ignore=None, packages_ignore_regex=None, paths=None, packages_up_to=None, packages_up_to_regex=None, packages_above=None, packages_above_and_dependencies=None, packages_above_depth=None, packages_select_by_dep=None, packages_skip_by_dep=None, packages_skip_up_to=None, packages_select_build_failed=False, packages_skip_build_finished=False, packages_select_test_failures=False, packages_skip_test_passed=False, packages_select=None, packages_skip=None, packages_select_regex=None, packages_skip_regex=None, packages_start=None, packages_end=None, allow_overriding=[], cmake_args=None, cmake_target=None, cmake_target_skip_unavailable=False, cmake_clean_cache=False, cmake_clean_first=False, cmake_force_configure=False, ament_cmake_args=None, catkin_cmake_args=None, catkin_skip_building_tests=False, mixin_files=None, mixin=None, verb_parser=<colcon_mixin.mixin.mixin_argument.MixinArgumentDecorator object at 0x705b62746500>, verb_extension=<colcon_core.verb.build.BuildVerb object at 0x705b62745f30>, main=<bound method BuildVerb.main of <colcon_core.verb.build.BuildVerb object at 0x705b62745f30>>, mixin_verb=('build',))
[0.194s] Level 1:colcon.colcon_core.package_discovery:discover_packages(colcon_meta) check parameters
[0.194s] Level 1:colcon.colcon_core.package_discovery:discover_packages(recursive) check parameters
[0.194s] Level 1:colcon.colcon_core.package_discovery:discover_packages(ignore) check parameters
[0.194s] Level 1:colcon.colcon_core.package_discovery:discover_packages(path) check parameters
[0.194s] Level 1:colcon.colcon_core.package_discovery:discover_packages(colcon_meta) discover
[0.194s] Level 1:colcon.colcon_core.package_discovery:discover_packages(recursive) discover
[0.194s] INFO:colcon.colcon_core.package_discovery:Crawling recursively for packages in '/home/robomaven/ws/ros2_ws2'
[0.194s] Level 1:colcon.colcon_core.package_identification:_identify(.) by extensions ['ignore', 'ignore_ament_install']
[0.194s] Level 1:colcon.colcon_core.package_identification:_identify(.) by extension 'ignore'
[0.194s] Level 1:colcon.colcon_core.package_identification:_identify(.) by extension 'ignore_ament_install'
[0.194s] Level 1:colcon.colcon_core.package_identification:_identify(.) by extensions ['colcon_pkg']
[0.194s] Level 1:colcon.colcon_core.package_identification:_identify(.) by extension 'colcon_pkg'
[0.194s] Level 1:colcon.colcon_core.package_identification:_identify(.) by extensions ['colcon_meta']
[0.194s] Level 1:colcon.colcon_core.package_identification:_identify(.) by extension 'colcon_meta'
[0.194s] Level 1:colcon.colcon_core.package_identification:_identify(.) by extensions ['ros']
[0.194s] Level 1:colcon.colcon_core.package_identification:_identify(.) by extension 'ros'
[0.202s] Level 1:colcon.colcon_core.package_identification:_identify(.) by extensions ['cmake', 'python']
[0.202s] Level 1:colcon.colcon_core.package_identification:_identify(.) by extension 'cmake'
[0.202s] Level 1:colcon.colcon_core.package_identification:_identify(.) by extension 'python'
[0.202s] Level 1:colcon.colcon_core.package_identification:_identify(.) by extensions ['python_setup_py']
[0.202s] Level 1:colcon.colcon_core.package_identification:_identify(.) by extension 'python_setup_py'
[0.202s] Level 1:colcon.colcon_core.package_identification:_identify(build) by extensions ['ignore', 'ignore_ament_install']
[0.202s] Level 1:colcon.colcon_core.package_identification:_identify(build) by extension 'ignore'
[0.202s] Level 1:colcon.colcon_core.package_identification:_identify(build) ignored
[0.202s] Level 1:colcon.colcon_core.package_identification:_identify(install) by extensions ['ignore', 'ignore_ament_install']
[0.202s] Level 1:colcon.colcon_core.package_identification:_identify(install) by extension 'ignore'
[0.202s] Level 1:colcon.colcon_core.package_identification:_identify(install) ignored
[0.202s] Level 1:colcon.colcon_core.package_identification:_identify(log) by extensions ['ignore', 'ignore_ament_install']
[0.202s] Level 1:colcon.colcon_core.package_identification:_identify(log) by extension 'ignore'
[0.202s] Level 1:colcon.colcon_core.package_identification:_identify(log) ignored
[0.202s] Level 1:colcon.colcon_core.package_identification:_identify(src) by extensions ['ignore', 'ignore_ament_install']
[0.202s] Level 1:colcon.colcon_core.package_identification:_identify(src) by extension 'ignore'
[0.202s] Level 1:colcon.colcon_core.package_identification:_identify(src) by extension 'ignore_ament_install'
[0.202s] Level 1:colcon.colcon_core.package_identification:_identify(src) by extensions ['colcon_pkg']
[0.202s] Level 1:colcon.colcon_core.package_identification:_identify(src) by extension 'colcon_pkg'
[0.202s] Level 1:colcon.colcon_core.package_identification:_identify(src) by extensions ['colcon_meta']
[0.202s] Level 1:colcon.colcon_core.package_identification:_identify(src) by extension 'colcon_meta'
[0.202s] Level 1:colcon.colcon_core.package_identification:_identify(src) by extensions ['ros']
[0.202s] Level 1:colcon.colcon_core.package_identification:_identify(src) by extension 'ros'
[0.202s] Level 1:colcon.colcon_core.package_identification:_identify(src) by extensions ['cmake', 'python']
[0.202s] Level 1:colcon.colcon_core.package_identification:_identify(src) by extension 'cmake'
[0.202s] Level 1:colcon.colcon_core.package_identification:_identify(src) by extension 'python'
[0.202s] Level 1:colcon.colcon_core.package_identification:_identify(src) by extensions ['python_setup_py']
[0.202s] Level 1:colcon.colcon_core.package_identification:_identify(src) by extension 'python_setup_py'
[0.202s] Level 1:colcon.colcon_core.package_identification:_identify(src/my_robot_bringup) by extensions ['ignore', 'ignore_ament_install']
[0.203s] Level 1:colcon.colcon_core.package_identification:_identify(src/my_robot_bringup) by extension 'ignore'
[0.203s] Level 1:colcon.colcon_core.package_identification:_identify(src/my_robot_bringup) by extension 'ignore_ament_install'
[0.203s] Level 1:colcon.colcon_core.package_identification:_identify(src/my_robot_bringup) by extensions ['colcon_pkg']
[0.203s] Level 1:colcon.colcon_core.package_identification:_identify(src/my_robot_bringup) by extension 'colcon_pkg'
[0.203s] Level 1:colcon.colcon_core.package_identification:_identify(src/my_robot_bringup) by extensions ['colcon_meta']
[0.203s] Level 1:colcon.colcon_core.package_identification:_identify(src/my_robot_bringup) by extension 'colcon_meta'
[0.203s] Level 1:colcon.colcon_core.package_identification:_identify(src/my_robot_bringup) by extensions ['ros']
[0.203s] Level 1:colcon.colcon_core.package_identification:_identify(src/my_robot_bringup) by extension 'ros'
[0.208s] DEBUG:colcon.colcon_core.package_identification:Package 'src/my_robot_bringup' with type 'ros.ament_cmake' and name 'my_robot_bringup'
[0.209s] Level 1:colcon.colcon_core.package_identification:_identify(src/my_robot_description) by extensions ['ignore', 'ignore_ament_install']
[0.209s] Level 1:colcon.colcon_core.package_identification:_identify(src/my_robot_description) by extension 'ignore'
[0.209s] Level 1:colcon.colcon_core.package_identification:_identify(src/my_robot_description) by extension 'ignore_ament_install'
[0.209s] Level 1:colcon.colcon_core.package_identification:_identify(src/my_robot_description) by extensions ['colcon_pkg']
[0.209s] Level 1:colcon.colcon_core.package_identification:_identify(src/my_robot_description) by extension 'colcon_pkg'
[0.209s] Level 1:colcon.colcon_core.package_identification:_identify(src/my_robot_description) by extensions ['colcon_meta']
[0.209s] Level 1:colcon.colcon_core.package_identification:_identify(src/my_robot_description) by extension 'colcon_meta'
[0.209s] Level 1:colcon.colcon_core.package_identification:_identify(src/my_robot_description) by extensions ['ros']
[0.209s] Level 1:colcon.colcon_core.package_identification:_identify(src/my_robot_description) by extension 'ros'
[0.209s] DEBUG:colcon.colcon_core.package_identification:Package 'src/my_robot_description' with type 'ros.ament_cmake' and name 'my_robot_description'
[0.209s] Level 1:colcon.colcon_core.package_discovery:discover_packages(recursive) using defaults
[0.209s] Level 1:colcon.colcon_core.package_discovery:discover_packages(ignore) discover
[0.209s] Level 1:colcon.colcon_core.package_discovery:discover_packages(ignore) using defaults
[0.209s] Level 1:colcon.colcon_core.package_discovery:discover_packages(path) discover
[0.209s] Level 1:colcon.colcon_core.package_discovery:discover_packages(path) using defaults
[0.230s] Level 1:colcon.colcon_core.package_discovery:discover_packages(prefix_path) check parameters
[0.230s] Level 1:colcon.colcon_core.package_discovery:discover_packages(prefix_path) discover
[0.231s] WARNING:colcon.colcon_ros.prefix_path.catkin:The path '/home/robomaven/ws/ros2_ws2/install/my_robot_bringup' in the environment variable CMAKE_PREFIX_PATH doesn't exist
[0.231s] WARNING:colcon.colcon_ros.prefix_path.catkin:The path '/home/robomaven/ws/ros2_ws2/install/my_robot_description' in the environment variable CMAKE_PREFIX_PATH doesn't exist
[0.231s] DEBUG:colcon.colcon_installed_package_information.package_discovery:Found 0 installed packages in /home/robomaven/ws/ros2_ws2/install
[0.232s] DEBUG:colcon.colcon_installed_package_information.package_discovery:Found 3 installed packages in /home/robomaven/ws/tb3_ws/install
[0.233s] DEBUG:colcon.colcon_installed_package_information.package_discovery:Found 413 installed packages in /opt/ros/humble
[0.234s] Level 1:colcon.colcon_core.package_discovery:discover_packages(prefix_path) using defaults
[0.264s] Level 5:colcon.colcon_core.verb:set package 'my_robot_description' build argument 'cmake_args' from command line to 'None'
[0.264s] Level 5:colcon.colcon_core.verb:set package 'my_robot_description' build argument 'cmake_target' from command line to 'None'
[0.264s] Level 5:colcon.colcon_core.verb:set package 'my_robot_description' build argument 'cmake_target_skip_unavailable' from command line to 'False'
[0.264s] Level 5:colcon.colcon_core.verb:set package 'my_robot_description' build argument 'cmake_clean_cache' from command line to 'False'
[0.264s] Level 5:colcon.colcon_core.verb:set package 'my_robot_description' build argument 'cmake_clean_first' from command line to 'False'
[0.264s] Level 5:colcon.colcon_core.verb:set package 'my_robot_description' build argument 'cmake_force_configure' from command line to 'False'
[0.264s] Level 5:colcon.colcon_core.verb:set package 'my_robot_description' build argument 'ament_cmake_args' from command line to 'None'
[0.264s] Level 5:colcon.colcon_core.verb:set package 'my_robot_description' build argument 'catkin_cmake_args' from command line to 'None'
[0.264s] Level 5:colcon.colcon_core.verb:set package 'my_robot_description' build argument 'catkin_skip_building_tests' from command line to 'False'
[0.264s] DEBUG:colcon.colcon_core.verb:Building package 'my_robot_description' with the following arguments: {'ament_cmake_args': None, 'build_base': '/home/robomaven/ws/ros2_ws2/build/my_robot_description', 'catkin_cmake_args': None, 'catkin_skip_building_tests': False, 'cmake_args': None, 'cmake_clean_cache': False, 'cmake_clean_first': False, 'cmake_force_configure': False, 'cmake_target': None, 'cmake_target_skip_unavailable': False, 'install_base': '/home/robomaven/ws/ros2_ws2/install/my_robot_description', 'merge_install': False, 'path': '/home/robomaven/ws/ros2_ws2/src/my_robot_description', 'symlink_install': False, 'test_result_base': None}
[0.264s] Level 5:colcon.colcon_core.verb:set package 'my_robot_bringup' build argument 'cmake_args' from command line to 'None'
[0.264s] Level 5:colcon.colcon_core.verb:set package 'my_robot_bringup' build argument 'cmake_target' from command line to 'None'
[0.264s] Level 5:colcon.colcon_core.verb:set package 'my_robot_bringup' build argument 'cmake_target_skip_unavailable' from command line to 'False'
[0.264s] Level 5:colcon.colcon_core.verb:set package 'my_robot_bringup' build argument 'cmake_clean_cache' from command line to 'False'
[0.264s] Level 5:colcon.colcon_core.verb:set package 'my_robot_bringup' build argument 'cmake_clean_first' from command line to 'False'
[0.264s] Level 5:colcon.colcon_core.verb:set package 'my_robot_bringup' build argument 'cmake_force_configure' from command line to 'False'
[0.264s] Level 5:colcon.colcon_core.verb:set package 'my_robot_bringup' build argument 'ament_cmake_args' from command line to 'None'
[0.264s] Level 5:colcon.colcon_core.verb:set package 'my_robot_bringup' build argument 'catkin_cmake_args' from command line to 'None'
[0.264s] Level 5:colcon.colcon_core.verb:set package 'my_robot_bringup' build argument 'catkin_skip_building_tests' from command line to 'False'
[0.264s] DEBUG:colcon.colcon_core.verb:Building package 'my_robot_bringup' with the following arguments: {'ament_cmake_args': None, 'build_base': '/home/robomaven/ws/ros2_ws2/build/my_robot_bringup', 'catkin_cmake_args': None, 'catkin_skip_building_tests': False, 'cmake_args': None, 'cmake_clean_cache': False, 'cmake_clean_first': False, 'cmake_force_configure': False, 'cmake_target': None, 'cmake_target_skip_unavailable': False, 'install_base': '/home/robomaven/ws/ros2_ws2/install/my_robot_bringup', 'merge_install': False, 'path': '/home/robomaven/ws/ros2_ws2/src/my_robot_bringup', 'symlink_install': False, 'test_result_base': None}
[0.264s] INFO:colcon.colcon_core.executor:Executing jobs using 'parallel' executor
[0.265s] DEBUG:colcon.colcon_parallel_executor.executor.parallel:run_until_complete
[0.265s] INFO:colcon.colcon_ros.task.ament_cmake.build:Building ROS package in '/home/robomaven/ws/ros2_ws2/src/my_robot_description' with build type 'ament_cmake'
[0.265s] INFO:colcon.colcon_cmake.task.cmake.build:Building CMake package in '/home/robomaven/ws/ros2_ws2/src/my_robot_description'
[0.267s] INFO:colcon.colcon_core.plugin_system:Skipping extension 'colcon_core.shell.bat': Not used on non-Windows systems
[0.267s] INFO:colcon.colcon_core.shell:Skip shell extension 'powershell' for command environment: Not usable outside of PowerShell
[0.267s] DEBUG:colcon.colcon_core.shell:Skip shell extension 'dsv' for command environment
[0.272s] DEBUG:colcon.colcon_core.event_handler.log_command:Invoking command in '/home/robomaven/ws/ros2_ws2/build/my_robot_description': CMAKE_PREFIX_PATH=${CMAKE_PREFIX_PATH}:/opt/ros/humble /usr/bin/cmake /home/robomaven/ws/ros2_ws2/src/my_robot_description -DCMAKE_INSTALL_PREFIX=/home/robomaven/ws/ros2_ws2/install/my_robot_description
[0.810s] DEBUG:colcon.colcon_core.event_handler.log_command:Invoked command in '/home/robomaven/ws/ros2_ws2/build/my_robot_description' returned '0': CMAKE_PREFIX_PATH=${CMAKE_PREFIX_PATH}:/opt/ros/humble /usr/bin/cmake /home/robomaven/ws/ros2_ws2/src/my_robot_description -DCMAKE_INSTALL_PREFIX=/home/robomaven/ws/ros2_ws2/install/my_robot_description
[0.812s] DEBUG:colcon.colcon_core.event_handler.log_command:Invoking command in '/home/robomaven/ws/ros2_ws2/build/my_robot_description': CMAKE_PREFIX_PATH=${CMAKE_PREFIX_PATH}:/opt/ros/humble /usr/bin/cmake --build /home/robomaven/ws/ros2_ws2/build/my_robot_description -- -j20 -l20
[0.836s] DEBUG:colcon.colcon_core.event_handler.log_command:Invoked command in '/home/robomaven/ws/ros2_ws2/build/my_robot_description' returned '0': CMAKE_PREFIX_PATH=${CMAKE_PREFIX_PATH}:/opt/ros/humble /usr/bin/cmake --build /home/robomaven/ws/ros2_ws2/build/my_robot_description -- -j20 -l20
[0.865s] DEBUG:colcon.colcon_core.event_handler.log_command:Invoking command in '/home/robomaven/ws/ros2_ws2/build/my_robot_description': CMAKE_PREFIX_PATH=${CMAKE_PREFIX_PATH}:/opt/ros/humble /usr/bin/cmake --install /home/robomaven/ws/ros2_ws2/build/my_robot_description
[0.877s] Level 1:colcon.colcon_core.environment:create_environment_scripts_only(my_robot_description)
[0.877s] DEBUG:colcon.colcon_core.event_handler.log_command:Invoked command in '/home/robomaven/ws/ros2_ws2/build/my_robot_description' returned '0': CMAKE_PREFIX_PATH=${CMAKE_PREFIX_PATH}:/opt/ros/humble /usr/bin/cmake --install /home/robomaven/ws/ros2_ws2/build/my_robot_description
[0.880s] Level 1:colcon.colcon_core.environment:checking '/home/robomaven/ws/ros2_ws2/install/my_robot_description' for CMake module files
[0.881s] Level 1:colcon.colcon_core.environment:checking '/home/robomaven/ws/ros2_ws2/install/my_robot_description' for CMake config files
[0.881s] Level 1:colcon.colcon_core.shell:create_environment_hook('my_robot_description', 'cmake_prefix_path')
[0.881s] INFO:colcon.colcon_core.shell:Creating environment hook '/home/robomaven/ws/ros2_ws2/install/my_robot_description/share/my_robot_description/hook/cmake_prefix_path.ps1'
[0.882s] INFO:colcon.colcon_core.shell:Creating environment descriptor '/home/robomaven/ws/ros2_ws2/install/my_robot_description/share/my_robot_description/hook/cmake_prefix_path.dsv'
[0.882s] INFO:colcon.colcon_core.shell:Creating environment hook '/home/robomaven/ws/ros2_ws2/install/my_robot_description/share/my_robot_description/hook/cmake_prefix_path.sh'
[0.883s] Level 1:colcon.colcon_core.environment:checking '/home/robomaven/ws/ros2_ws2/install/my_robot_description/bin'
[0.883s] Level 1:colcon.colcon_core.environment:checking '/home/robomaven/ws/ros2_ws2/install/my_robot_description/lib/pkgconfig/my_robot_description.pc'
[0.883s] Level 1:colcon.colcon_core.environment:checking '/home/robomaven/ws/ros2_ws2/install/my_robot_description/lib/python3.10/site-packages'
[0.884s] Level 1:colcon.colcon_core.environment:checking '/home/robomaven/ws/ros2_ws2/install/my_robot_description/bin'
[0.884s] INFO:colcon.colcon_core.shell:Creating package script '/home/robomaven/ws/ros2_ws2/install/my_robot_description/share/my_robot_description/package.ps1'
[0.884s] INFO:colcon.colcon_core.shell:Creating package descriptor '/home/robomaven/ws/ros2_ws2/install/my_robot_description/share/my_robot_description/package.dsv'
[0.885s] INFO:colcon.colcon_core.shell:Creating package script '/home/robomaven/ws/ros2_ws2/install/my_robot_description/share/my_robot_description/package.sh'
[0.885s] INFO:colcon.colcon_core.shell:Creating package script '/home/robomaven/ws/ros2_ws2/install/my_robot_description/share/my_robot_description/package.bash'
[0.886s] INFO:colcon.colcon_core.shell:Creating package script '/home/robomaven/ws/ros2_ws2/install/my_robot_description/share/my_robot_description/package.zsh'
[0.886s] Level 1:colcon.colcon_core.environment:create_file_with_runtime_dependencies(/home/robomaven/ws/ros2_ws2/install/my_robot_description/share/colcon-core/packages/my_robot_description)
[0.906s] Level 1:colcon.colcon_core.environment:create_environment_scripts_only(my_robot_description)
[0.906s] Level 1:colcon.colcon_core.environment:checking '/home/robomaven/ws/ros2_ws2/install/my_robot_description' for CMake module files
[0.907s] Level 1:colcon.colcon_core.environment:checking '/home/robomaven/ws/ros2_ws2/install/my_robot_description' for CMake config files
[0.907s] Level 1:colcon.colcon_core.shell:create_environment_hook('my_robot_description', 'cmake_prefix_path')
[0.907s] INFO:colcon.colcon_core.shell:Creating environment hook '/home/robomaven/ws/ros2_ws2/install/my_robot_description/share/my_robot_description/hook/cmake_prefix_path.ps1'
[0.907s] INFO:colcon.colcon_core.shell:Creating environment descriptor '/home/robomaven/ws/ros2_ws2/install/my_robot_description/share/my_robot_description/hook/cmake_prefix_path.dsv'
[0.908s] INFO:colcon.colcon_core.shell:Creating environment hook '/home/robomaven/ws/ros2_ws2/install/my_robot_description/share/my_robot_description/hook/cmake_prefix_path.sh'
[0.908s] Level 1:colcon.colcon_core.environment:checking '/home/robomaven/ws/ros2_ws2/install/my_robot_description/bin'
[0.908s] Level 1:colcon.colcon_core.environment:checking '/home/robomaven/ws/ros2_ws2/install/my_robot_description/lib/pkgconfig/my_robot_description.pc'
[0.908s] Level 1:colcon.colcon_core.environment:checking '/home/robomaven/ws/ros2_ws2/install/my_robot_description/lib/python3.10/site-packages'
[0.909s] Level 1:colcon.colcon_core.environment:checking '/home/robomaven/ws/ros2_ws2/install/my_robot_description/bin'
[0.909s] INFO:colcon.colcon_core.shell:Creating package script '/home/robomaven/ws/ros2_ws2/install/my_robot_description/share/my_robot_description/package.ps1'
[0.909s] INFO:colcon.colcon_core.shell:Creating package descriptor '/home/robomaven/ws/ros2_ws2/install/my_robot_description/share/my_robot_description/package.dsv'
[0.910s] INFO:colcon.colcon_core.shell:Creating package script '/home/robomaven/ws/ros2_ws2/install/my_robot_description/share/my_robot_description/package.sh'
[0.910s] INFO:colcon.colcon_core.shell:Creating package script '/home/robomaven/ws/ros2_ws2/install/my_robot_description/share/my_robot_description/package.bash'
[0.910s] INFO:colcon.colcon_core.shell:Creating package script '/home/robomaven/ws/ros2_ws2/install/my_robot_description/share/my_robot_description/package.zsh'
[0.911s] Level 1:colcon.colcon_core.environment:create_file_with_runtime_dependencies(/home/robomaven/ws/ros2_ws2/install/my_robot_description/share/colcon-core/packages/my_robot_description)
[0.911s] INFO:colcon.colcon_ros.task.ament_cmake.build:Building ROS package in '/home/robomaven/ws/ros2_ws2/src/my_robot_bringup' with build type 'ament_cmake'
[0.911s] INFO:colcon.colcon_cmake.task.cmake.build:Building CMake package in '/home/robomaven/ws/ros2_ws2/src/my_robot_bringup'
[0.911s] INFO:colcon.colcon_core.shell:Skip shell extension 'powershell' for command environment: Not usable outside of PowerShell
[0.912s] DEBUG:colcon.colcon_core.shell:Skip shell extension 'dsv' for command environment
[0.918s] DEBUG:colcon.colcon_core.event_handler.log_command:Invoking command in '/home/robomaven/ws/ros2_ws2/build/my_robot_bringup': AMENT_PREFIX_PATH=/home/robomaven/ws/ros2_ws2/install/my_robot_description:${AMENT_PREFIX_PATH} CMAKE_PREFIX_PATH=/home/robomaven/ws/ros2_ws2/install/my_robot_description:/home/robomaven/ws/ros2_ws2/install/my_robot_bringup:/home/robomaven/ws/tb3_ws/install/turtlebot3_simulations:/home/robomaven/ws/tb3_ws/install/turtlebot3_gazebo:/home/robomaven/ws/tb3_ws/install/turtlebot3_fake_node:/opt/ros/humble /usr/bin/cmake /home/robomaven/ws/ros2_ws2/src/my_robot_bringup -DCMAKE_INSTALL_PREFIX=/home/robomaven/ws/ros2_ws2/install/my_robot_bringup
[1.399s] DEBUG:colcon.colcon_core.event_handler.log_command:Invoked command in '/home/robomaven/ws/ros2_ws2/build/my_robot_bringup' returned '0': AMENT_PREFIX_PATH=/home/robomaven/ws/ros2_ws2/install/my_robot_description:${AMENT_PREFIX_PATH} CMAKE_PREFIX_PATH=/home/robomaven/ws/ros2_ws2/install/my_robot_description:/home/robomaven/ws/ros2_ws2/install/my_robot_bringup:/home/robomaven/ws/tb3_ws/install/turtlebot3_simulations:/home/robomaven/ws/tb3_ws/install/turtlebot3_gazebo:/home/robomaven/ws/tb3_ws/install/turtlebot3_fake_node:/opt/ros/humble /usr/bin/cmake /home/robomaven/ws/ros2_ws2/src/my_robot_bringup -DCMAKE_INSTALL_PREFIX=/home/robomaven/ws/ros2_ws2/install/my_robot_bringup
[1.399s] DEBUG:colcon.colcon_core.event_handler.log_command:Invoking command in '/home/robomaven/ws/ros2_ws2/build/my_robot_bringup': AMENT_PREFIX_PATH=/home/robomaven/ws/ros2_ws2/install/my_robot_description:${AMENT_PREFIX_PATH} CMAKE_PREFIX_PATH=/home/robomaven/ws/ros2_ws2/install/my_robot_description:/home/robomaven/ws/ros2_ws2/install/my_robot_bringup:/home/robomaven/ws/tb3_ws/install/turtlebot3_simulations:/home/robomaven/ws/tb3_ws/install/turtlebot3_gazebo:/home/robomaven/ws/tb3_ws/install/turtlebot3_fake_node:/opt/ros/humble /usr/bin/cmake --build /home/robomaven/ws/ros2_ws2/build/my_robot_bringup -- -j20 -l20
[1.430s] DEBUG:colcon.colcon_core.event_handler.log_command:Invoked command in '/home/robomaven/ws/ros2_ws2/build/my_robot_bringup' returned '0': AMENT_PREFIX_PATH=/home/robomaven/ws/ros2_ws2/install/my_robot_description:${AMENT_PREFIX_PATH} CMAKE_PREFIX_PATH=/home/robomaven/ws/ros2_ws2/install/my_robot_description:/home/robomaven/ws/ros2_ws2/install/my_robot_bringup:/home/robomaven/ws/tb3_ws/install/turtlebot3_simulations:/home/robomaven/ws/tb3_ws/install/turtlebot3_gazebo:/home/robomaven/ws/tb3_ws/install/turtlebot3_fake_node:/opt/ros/humble /usr/bin/cmake --build /home/robomaven/ws/ros2_ws2/build/my_robot_bringup -- -j20 -l20
[1.453s] DEBUG:colcon.colcon_core.event_handler.log_command:Invoking command in '/home/robomaven/ws/ros2_ws2/build/my_robot_bringup': AMENT_PREFIX_PATH=/home/robomaven/ws/ros2_ws2/install/my_robot_description:${AMENT_PREFIX_PATH} CMAKE_PREFIX_PATH=/home/robomaven/ws/ros2_ws2/install/my_robot_description:/home/robomaven/ws/ros2_ws2/install/my_robot_bringup:/home/robomaven/ws/tb3_ws/install/turtlebot3_simulations:/home/robomaven/ws/tb3_ws/install/turtlebot3_gazebo:/home/robomaven/ws/tb3_ws/install/turtlebot3_fake_node:/opt/ros/humble /usr/bin/cmake --install /home/robomaven/ws/ros2_ws2/build/my_robot_bringup
[1.465s] Level 1:colcon.colcon_core.environment:create_environment_scripts_only(my_robot_bringup)
[1.465s] DEBUG:colcon.colcon_core.event_handler.log_command:Invoked command in '/home/robomaven/ws/ros2_ws2/build/my_robot_bringup' returned '0': AMENT_PREFIX_PATH=/home/robomaven/ws/ros2_ws2/install/my_robot_description:${AMENT_PREFIX_PATH} CMAKE_PREFIX_PATH=/home/robomaven/ws/ros2_ws2/install/my_robot_description:/home/robomaven/ws/ros2_ws2/install/my_robot_bringup:/home/robomaven/ws/tb3_ws/install/turtlebot3_simulations:/home/robomaven/ws/tb3_ws/install/turtlebot3_gazebo:/home/robomaven/ws/tb3_ws/install/turtlebot3_fake_node:/opt/ros/humble /usr/bin/cmake --install /home/robomaven/ws/ros2_ws2/build/my_robot_bringup
[1.465s] Level 1:colcon.colcon_core.environment:checking '/home/robomaven/ws/ros2_ws2/install/my_robot_bringup' for CMake module files
[1.466s] Level 1:colcon.colcon_core.environment:checking '/home/robomaven/ws/ros2_ws2/install/my_robot_bringup' for CMake config files
[1.466s] Level 1:colcon.colcon_core.shell:create_environment_hook('my_robot_bringup', 'cmake_prefix_path')
[1.467s] INFO:colcon.colcon_core.shell:Creating environment hook '/home/robomaven/ws/ros2_ws2/install/my_robot_bringup/share/my_robot_bringup/hook/cmake_prefix_path.ps1'
[1.467s] INFO:colcon.colcon_core.shell:Creating environment descriptor '/home/robomaven/ws/ros2_ws2/install/my_robot_bringup/share/my_robot_bringup/hook/cmake_prefix_path.dsv'
[1.467s] INFO:colcon.colcon_core.shell:Creating environment hook '/home/robomaven/ws/ros2_ws2/install/my_robot_bringup/share/my_robot_bringup/hook/cmake_prefix_path.sh'
[1.468s] Level 1:colcon.colcon_core.environment:checking '/home/robomaven/ws/ros2_ws2/install/my_robot_bringup/bin'
[1.468s] Level 1:colcon.colcon_core.environment:checking '/home/robomaven/ws/ros2_ws2/install/my_robot_bringup/lib/pkgconfig/my_robot_bringup.pc'
[1.468s] Level 1:colcon.colcon_core.environment:checking '/home/robomaven/ws/ros2_ws2/install/my_robot_bringup/lib/python3.10/site-packages'
[1.468s] Level 1:colcon.colcon_core.environment:checking '/home/robomaven/ws/ros2_ws2/install/my_robot_bringup/bin'
[1.468s] INFO:colcon.colcon_core.shell:Creating package script '/home/robomaven/ws/ros2_ws2/install/my_robot_bringup/share/my_robot_bringup/package.ps1'
[1.469s] INFO:colcon.colcon_core.shell:Creating package descriptor '/home/robomaven/ws/ros2_ws2/install/my_robot_bringup/share/my_robot_bringup/package.dsv'
[1.469s] INFO:colcon.colcon_core.shell:Creating package script '/home/robomaven/ws/ros2_ws2/install/my_robot_bringup/share/my_robot_bringup/package.sh'
[1.469s] INFO:colcon.colcon_core.shell:Creating package script '/home/robomaven/ws/ros2_ws2/install/my_robot_bringup/share/my_robot_bringup/package.bash'
[1.469s] INFO:colcon.colcon_core.shell:Creating package script '/home/robomaven/ws/ros2_ws2/install/my_robot_bringup/share/my_robot_bringup/package.zsh'
[1.470s] Level 1:colcon.colcon_core.environment:create_file_with_runtime_dependencies(/home/robomaven/ws/ros2_ws2/install/my_robot_bringup/share/colcon-core/packages/my_robot_bringup)
[1.490s] Level 1:colcon.colcon_core.environment:create_environment_scripts_only(my_robot_bringup)
[1.491s] Level 1:colcon.colcon_core.environment:checking '/home/robomaven/ws/ros2_ws2/install/my_robot_bringup' for CMake module files
[1.491s] Level 1:colcon.colcon_core.environment:checking '/home/robomaven/ws/ros2_ws2/install/my_robot_bringup' for CMake config files
[1.492s] Level 1:colcon.colcon_core.shell:create_environment_hook('my_robot_bringup', 'cmake_prefix_path')
[1.492s] INFO:colcon.colcon_core.shell:Creating environment hook '/home/robomaven/ws/ros2_ws2/install/my_robot_bringup/share/my_robot_bringup/hook/cmake_prefix_path.ps1'
[1.492s] INFO:colcon.colcon_core.shell:Creating environment descriptor '/home/robomaven/ws/ros2_ws2/install/my_robot_bringup/share/my_robot_bringup/hook/cmake_prefix_path.dsv'
[1.493s] INFO:colcon.colcon_core.shell:Creating environment hook '/home/robomaven/ws/ros2_ws2/install/my_robot_bringup/share/my_robot_bringup/hook/cmake_prefix_path.sh'
[1.493s] Level 1:colcon.colcon_core.environment:checking '/home/robomaven/ws/ros2_ws2/install/my_robot_bringup/bin'
[1.493s] Level 1:colcon.colcon_core.environment:checking '/home/robomaven/ws/ros2_ws2/install/my_robot_bringup/lib/pkgconfig/my_robot_bringup.pc'
[1.493s] Level 1:colcon.colcon_core.environment:checking '/home/robomaven/ws/ros2_ws2/install/my_robot_bringup/lib/python3.10/site-packages'
[1.494s] Level 1:colcon.colcon_core.environment:checking '/home/robomaven/ws/ros2_ws2/install/my_robot_bringup/bin'
[1.494s] INFO:colcon.colcon_core.shell:Creating package script '/home/robomaven/ws/ros2_ws2/install/my_robot_bringup/share/my_robot_bringup/package.ps1'
[1.494s] INFO:colcon.colcon_core.shell:Creating package descriptor '/home/robomaven/ws/ros2_ws2/install/my_robot_bringup/share/my_robot_bringup/package.dsv'
[1.495s] INFO:colcon.colcon_core.shell:Creating package script '/home/robomaven/ws/ros2_ws2/install/my_robot_bringup/share/my_robot_bringup/package.sh'
[1.495s] INFO:colcon.colcon_core.shell:Creating package script '/home/robomaven/ws/ros2_ws2/install/my_robot_bringup/share/my_robot_bringup/package.bash'
[1.496s] INFO:colcon.colcon_core.shell:Creating package script '/home/robomaven/ws/ros2_ws2/install/my_robot_bringup/share/my_robot_bringup/package.zsh'
[1.496s] Level 1:colcon.colcon_core.environment:create_file_with_runtime_dependencies(/home/robomaven/ws/ros2_ws2/install/my_robot_bringup/share/colcon-core/packages/my_robot_bringup)
[1.496s] DEBUG:colcon.colcon_parallel_executor.executor.parallel:closing loop
[1.496s] DEBUG:colcon.colcon_parallel_executor.executor.parallel:loop closed
[1.496s] DEBUG:colcon.colcon_parallel_executor.executor.parallel:run_until_complete finished with '0'
[1.496s] DEBUG:colcon.colcon_core.event_reactor:joining thread
[1.504s] INFO:colcon.colcon_core.plugin_system:Skipping extension 'colcon_notification.desktop_notification.terminal_notifier': Not used on non-Darwin systems
[1.504s] INFO:colcon.colcon_core.plugin_system:Skipping extension 'colcon_notification.desktop_notification.win32': Not used on non-Windows systems
[1.504s] INFO:colcon.colcon_notification.desktop_notification:Sending desktop notification using 'notify2'
[1.527s] DEBUG:colcon.colcon_core.event_reactor:joined thread
[1.528s] INFO:colcon.colcon_core.shell:Creating prefix script '/home/robomaven/ws/ros2_ws2/install/local_setup.ps1'
[1.528s] INFO:colcon.colcon_core.shell:Creating prefix util module '/home/robomaven/ws/ros2_ws2/install/_local_setup_util_ps1.py'
[1.529s] INFO:colcon.colcon_core.shell:Creating prefix chain script '/home/robomaven/ws/ros2_ws2/install/setup.ps1'
[1.530s] INFO:colcon.colcon_core.shell:Creating prefix script '/home/robomaven/ws/ros2_ws2/install/local_setup.sh'
[1.530s] INFO:colcon.colcon_core.shell:Creating prefix util module '/home/robomaven/ws/ros2_ws2/install/_local_setup_util_sh.py'
[1.531s] INFO:colcon.colcon_core.shell:Creating prefix chain script '/home/robomaven/ws/ros2_ws2/install/setup.sh'
[1.531s] INFO:colcon.colcon_core.shell:Creating prefix script '/home/robomaven/ws/ros2_ws2/install/local_setup.bash'
[1.532s] INFO:colcon.colcon_core.shell:Creating prefix chain script '/home/robomaven/ws/ros2_ws2/install/setup.bash'
[1.532s] INFO:colcon.colcon_core.shell:Creating prefix script '/home/robomaven/ws/ros2_ws2/install/local_setup.zsh'
[1.533s] INFO:colcon.colcon_core.shell:Creating prefix chain script '/home/robomaven/ws/ros2_ws2/install/setup.zsh'
