[0.180s] Invoking command in '/home/robomaven/turtlebot3_ws/build/turtlebot3_navigation2': CMAKE_PREFIX_PATH=${CMAKE_PREFIX_PATH}:/home/robomaven/ros2_ws3/install/actions_py:/home/robomaven/activity1_ws/install/activity1_py_pkg:/opt/ros/humble /usr/bin/cmake /home/robomaven/turtlebot3_ws/src/turtlebot3/turtlebot3_navigation2 -DCMAKE_INSTALL_PREFIX=/home/robomaven/turtlebot3_ws/install/turtlebot3_navigation2
[0.214s] -- The C compiler identification is GNU 11.4.0
[0.251s] -- The CXX compiler identification is GNU 11.4.0
[0.256s] -- Detecting C compiler ABI info
[0.302s] -- Detecting C compiler ABI info - done
[0.309s] -- Check for working C compiler: /usr/bin/cc - skipped
[0.309s] -- Detecting C compile features
[0.309s] -- Detecting C compile features - done
[0.311s] -- Detecting CXX compiler ABI info
[0.365s] -- Detecting CXX compiler ABI info - done
[0.370s] -- Check for working CXX compiler: /usr/bin/c++ - skipped
[0.371s] -- Detecting CXX compile features
[0.371s] -- Detecting CXX compile features - done
[0.373s] -- Found ament_cmake: 1.3.9 (/opt/ros/humble/share/ament_cmake/cmake)
[0.477s] -- Found Python3: /usr/bin/python3 (found version "3.10.12") found components: Interpreter 
[0.586s] -- Configuring done
[0.587s] -- Generating done
[0.588s] -- Build files have been written to: /home/robomaven/turtlebot3_ws/build/turtlebot3_navigation2
[0.594s] Invoked command in '/home/robomaven/turtlebot3_ws/build/turtlebot3_navigation2' returned '0': CMAKE_PREFIX_PATH=${CMAKE_PREFIX_PATH}:/home/robomaven/ros2_ws3/install/actions_py:/home/robomaven/activity1_ws/install/activity1_py_pkg:/opt/ros/humble /usr/bin/cmake /home/robomaven/turtlebot3_ws/src/turtlebot3/turtlebot3_navigation2 -DCMAKE_INSTALL_PREFIX=/home/robomaven/turtlebot3_ws/install/turtlebot3_navigation2
[0.595s] Invoking command in '/home/robomaven/turtlebot3_ws/build/turtlebot3_navigation2': CMAKE_PREFIX_PATH=${CMAKE_PREFIX_PATH}:/home/robomaven/ros2_ws3/install/actions_py:/home/robomaven/activity1_ws/install/activity1_py_pkg:/opt/ros/humble /usr/bin/cmake --build /home/robomaven/turtlebot3_ws/build/turtlebot3_navigation2 -- -j20 -l20
[0.621s] Invoked command in '/home/robomaven/turtlebot3_ws/build/turtlebot3_navigation2' returned '0': CMAKE_PREFIX_PATH=${CMAKE_PREFIX_PATH}:/home/robomaven/ros2_ws3/install/actions_py:/home/robomaven/activity1_ws/install/activity1_py_pkg:/opt/ros/humble /usr/bin/cmake --build /home/robomaven/turtlebot3_ws/build/turtlebot3_navigation2 -- -j20 -l20
[0.639s] Invoking command in '/home/robomaven/turtlebot3_ws/build/turtlebot3_navigation2': CMAKE_PREFIX_PATH=${CMAKE_PREFIX_PATH}:/home/robomaven/ros2_ws3/install/actions_py:/home/robomaven/activity1_ws/install/activity1_py_pkg:/opt/ros/humble /usr/bin/cmake --install /home/robomaven/turtlebot3_ws/build/turtlebot3_navigation2
[0.645s] -- Install configuration: ""
[0.645s] -- Installing: /home/robomaven/turtlebot3_ws/install/turtlebot3_navigation2/share/turtlebot3_navigation2/launch
[0.645s] -- Installing: /home/robomaven/turtlebot3_ws/install/turtlebot3_navigation2/share/turtlebot3_navigation2/launch/navigation2.launch.py
[0.645s] -- Installing: /home/robomaven/turtlebot3_ws/install/turtlebot3_navigation2/share/turtlebot3_navigation2/map
[0.646s] -- Installing: /home/robomaven/turtlebot3_ws/install/turtlebot3_navigation2/share/turtlebot3_navigation2/map/map.yaml
[0.646s] -- Installing: /home/robomaven/turtlebot3_ws/install/turtlebot3_navigation2/share/turtlebot3_navigation2/map/map.pgm
[0.646s] -- Installing: /home/robomaven/turtlebot3_ws/install/turtlebot3_navigation2/share/turtlebot3_navigation2/param
[0.646s] -- Installing: /home/robomaven/turtlebot3_ws/install/turtlebot3_navigation2/share/turtlebot3_navigation2/param/waffle.yaml
[0.646s] -- Installing: /home/robomaven/turtlebot3_ws/install/turtlebot3_navigation2/share/turtlebot3_navigation2/param/burger.yaml
[0.646s] -- Installing: /home/robomaven/turtlebot3_ws/install/turtlebot3_navigation2/share/turtlebot3_navigation2/param/waffle_pi.yaml
[0.646s] -- Installing: /home/robomaven/turtlebot3_ws/install/turtlebot3_navigation2/share/turtlebot3_navigation2/rviz
[0.646s] -- Installing: /home/robomaven/turtlebot3_ws/install/turtlebot3_navigation2/share/turtlebot3_navigation2/rviz/tb3_navigation2.rviz
[0.646s] -- Installing: /home/robomaven/turtlebot3_ws/install/turtlebot3_navigation2/share/ament_index/resource_index/package_run_dependencies/turtlebot3_navigation2
[0.646s] -- Installing: /home/robomaven/turtlebot3_ws/install/turtlebot3_navigation2/share/ament_index/resource_index/parent_prefix_path/turtlebot3_navigation2
[0.646s] -- Installing: /home/robomaven/turtlebot3_ws/install/turtlebot3_navigation2/share/turtlebot3_navigation2/environment/ament_prefix_path.sh
[0.646s] -- Installing: /home/robomaven/turtlebot3_ws/install/turtlebot3_navigation2/share/turtlebot3_navigation2/environment/ament_prefix_path.dsv
[0.646s] -- Installing: /home/robomaven/turtlebot3_ws/install/turtlebot3_navigation2/share/turtlebot3_navigation2/environment/path.sh
[0.646s] -- Installing: /home/robomaven/turtlebot3_ws/install/turtlebot3_navigation2/share/turtlebot3_navigation2/environment/path.dsv
[0.646s] -- Installing: /home/robomaven/turtlebot3_ws/install/turtlebot3_navigation2/share/turtlebot3_navigation2/local_setup.bash
[0.646s] -- Installing: /home/robomaven/turtlebot3_ws/install/turtlebot3_navigation2/share/turtlebot3_navigation2/local_setup.sh
[0.646s] -- Installing: /home/robomaven/turtlebot3_ws/install/turtlebot3_navigation2/share/turtlebot3_navigation2/local_setup.zsh
[0.646s] -- Installing: /home/robomaven/turtlebot3_ws/install/turtlebot3_navigation2/share/turtlebot3_navigation2/local_setup.dsv
[0.646s] -- Installing: /home/robomaven/turtlebot3_ws/install/turtlebot3_navigation2/share/turtlebot3_navigation2/package.dsv
[0.646s] -- Installing: /home/robomaven/turtlebot3_ws/install/turtlebot3_navigation2/share/ament_index/resource_index/packages/turtlebot3_navigation2
[0.646s] -- Installing: /home/robomaven/turtlebot3_ws/install/turtlebot3_navigation2/share/turtlebot3_navigation2/cmake/turtlebot3_navigation2Config.cmake
[0.646s] -- Installing: /home/robomaven/turtlebot3_ws/install/turtlebot3_navigation2/share/turtlebot3_navigation2/cmake/turtlebot3_navigation2Config-version.cmake
[0.646s] -- Installing: /home/robomaven/turtlebot3_ws/install/turtlebot3_navigation2/share/turtlebot3_navigation2/package.xml
[0.647s] Invoked command in '/home/robomaven/turtlebot3_ws/build/turtlebot3_navigation2' returned '0': CMAKE_PREFIX_PATH=${CMAKE_PREFIX_PATH}:/home/robomaven/ros2_ws3/install/actions_py:/home/robomaven/activity1_ws/install/activity1_py_pkg:/opt/ros/humble /usr/bin/cmake --install /home/robomaven/turtlebot3_ws/build/turtlebot3_navigation2
