[0.009s] Invoking command in '/home/robomaven/ws/ros2_ws3/build/actions_cpp': AMENT_PREFIX_PATH=/home/robomaven/ws/ros2_ws3/install/my_robot_interfaces:${AMENT_PREFIX_PATH} CMAKE_PREFIX_PATH=/home/robomaven/ws/ros2_ws3/install/my_robot_interfaces:/home/robomaven/ws/ros2_ws3/install/actions_cpp:/home/robomaven/ws/ros2_ws3/install/actions_py:/opt/ros/humble LD_LIBRARY_PATH=/home/robomaven/ws/ros2_ws3/install/my_robot_interfaces/lib:/usr/lib/x86_64-linux-gnu/gazebo-11/plugins:/opt/ros/humble/opt/rviz_ogre_vendor/lib:/opt/ros/humble/lib/x86_64-linux-gnu:/opt/ros/humble/lib:/usr/share/gazebo/../../lib/x86_64-linux-gnu/gazebo-11/plugins PYTHONPATH=/home/robomaven/ws/ros2_ws3/install/my_robot_interfaces/local/lib/python3.10/dist-packages:${PYTHONPATH} /usr/bin/cmake --build /home/robomaven/ws/ros2_ws3/build/actions_cpp -- -j20 -l20
[0.052s] [35m[1mConsolidate compiler generated dependencies of target count_until_server_queue_goal[0m
[0.053s] [35m[1mConsolidate compiler generated dependencies of target count_until_client[0m
[0.053s] [35m[1mConsolidate compiler generated dependencies of target count_until_server[0m
[0.064s] [ 16%] [32mBuilding CXX object CMakeFiles/count_until_server_queue_goal.dir/src/count_until_server_queue_goal.cpp.o[0m
[0.064s] [ 50%] Built target count_until_client
[0.065s] [ 83%] Built target count_until_server
[2.338s] [100%] [32m[1mLinking CXX executable count_until_server_queue_goal[0m
[2.434s] [100%] Built target count_until_server_queue_goal
[2.445s] Invoked command in '/home/robomaven/ws/ros2_ws3/build/actions_cpp' returned '0': AMENT_PREFIX_PATH=/home/robomaven/ws/ros2_ws3/install/my_robot_interfaces:${AMENT_PREFIX_PATH} CMAKE_PREFIX_PATH=/home/robomaven/ws/ros2_ws3/install/my_robot_interfaces:/home/robomaven/ws/ros2_ws3/install/actions_cpp:/home/robomaven/ws/ros2_ws3/install/actions_py:/opt/ros/humble LD_LIBRARY_PATH=/home/robomaven/ws/ros2_ws3/install/my_robot_interfaces/lib:/usr/lib/x86_64-linux-gnu/gazebo-11/plugins:/opt/ros/humble/opt/rviz_ogre_vendor/lib:/opt/ros/humble/lib/x86_64-linux-gnu:/opt/ros/humble/lib:/usr/share/gazebo/../../lib/x86_64-linux-gnu/gazebo-11/plugins PYTHONPATH=/home/robomaven/ws/ros2_ws3/install/my_robot_interfaces/local/lib/python3.10/dist-packages:${PYTHONPATH} /usr/bin/cmake --build /home/robomaven/ws/ros2_ws3/build/actions_cpp -- -j20 -l20
[2.486s] Invoking command in '/home/robomaven/ws/ros2_ws3/build/actions_cpp': AMENT_PREFIX_PATH=/home/robomaven/ws/ros2_ws3/install/my_robot_interfaces:${AMENT_PREFIX_PATH} CMAKE_PREFIX_PATH=/home/robomaven/ws/ros2_ws3/install/my_robot_interfaces:/home/robomaven/ws/ros2_ws3/install/actions_cpp:/home/robomaven/ws/ros2_ws3/install/actions_py:/opt/ros/humble LD_LIBRARY_PATH=/home/robomaven/ws/ros2_ws3/install/my_robot_interfaces/lib:/usr/lib/x86_64-linux-gnu/gazebo-11/plugins:/opt/ros/humble/opt/rviz_ogre_vendor/lib:/opt/ros/humble/lib/x86_64-linux-gnu:/opt/ros/humble/lib:/usr/share/gazebo/../../lib/x86_64-linux-gnu/gazebo-11/plugins PYTHONPATH=/home/robomaven/ws/ros2_ws3/install/my_robot_interfaces/local/lib/python3.10/dist-packages:${PYTHONPATH} /usr/bin/cmake --install /home/robomaven/ws/ros2_ws3/build/actions_cpp
[2.493s] -- Install configuration: ""
[2.494s] -- Up-to-date: /home/robomaven/ws/ros2_ws3/install/actions_cpp/lib/actions_cpp/count_until_client
[2.494s] -- Up-to-date: /home/robomaven/ws/ros2_ws3/install/actions_cpp/lib/actions_cpp/count_until_server
[2.494s] -- Up-to-date: /home/robomaven/ws/ros2_ws3/install/actions_cpp/share/ament_index/resource_index/package_run_dependencies/actions_cpp
[2.494s] -- Up-to-date: /home/robomaven/ws/ros2_ws3/install/actions_cpp/share/ament_index/resource_index/parent_prefix_path/actions_cpp
[2.494s] -- Up-to-date: /home/robomaven/ws/ros2_ws3/install/actions_cpp/share/actions_cpp/environment/ament_prefix_path.sh
[2.494s] -- Up-to-date: /home/robomaven/ws/ros2_ws3/install/actions_cpp/share/actions_cpp/environment/ament_prefix_path.dsv
[2.494s] -- Up-to-date: /home/robomaven/ws/ros2_ws3/install/actions_cpp/share/actions_cpp/environment/path.sh
[2.494s] -- Up-to-date: /home/robomaven/ws/ros2_ws3/install/actions_cpp/share/actions_cpp/environment/path.dsv
[2.495s] -- Up-to-date: /home/robomaven/ws/ros2_ws3/install/actions_cpp/share/actions_cpp/local_setup.bash
[2.495s] -- Up-to-date: /home/robomaven/ws/ros2_ws3/install/actions_cpp/share/actions_cpp/local_setup.sh
[2.495s] -- Up-to-date: /home/robomaven/ws/ros2_ws3/install/actions_cpp/share/actions_cpp/local_setup.zsh
[2.495s] -- Up-to-date: /home/robomaven/ws/ros2_ws3/install/actions_cpp/share/actions_cpp/local_setup.dsv
[2.495s] -- Installing: /home/robomaven/ws/ros2_ws3/install/actions_cpp/share/actions_cpp/package.dsv
[2.495s] -- Up-to-date: /home/robomaven/ws/ros2_ws3/install/actions_cpp/share/ament_index/resource_index/packages/actions_cpp
[2.495s] -- Up-to-date: /home/robomaven/ws/ros2_ws3/install/actions_cpp/share/actions_cpp/cmake/actions_cppConfig.cmake
[2.495s] -- Up-to-date: /home/robomaven/ws/ros2_ws3/install/actions_cpp/share/actions_cpp/cmake/actions_cppConfig-version.cmake
[2.495s] -- Up-to-date: /home/robomaven/ws/ros2_ws3/install/actions_cpp/share/actions_cpp/package.xml
[2.496s] Invoked command in '/home/robomaven/ws/ros2_ws3/build/actions_cpp' returned '0': AMENT_PREFIX_PATH=/home/robomaven/ws/ros2_ws3/install/my_robot_interfaces:${AMENT_PREFIX_PATH} CMAKE_PREFIX_PATH=/home/robomaven/ws/ros2_ws3/install/my_robot_interfaces:/home/robomaven/ws/ros2_ws3/install/actions_cpp:/home/robomaven/ws/ros2_ws3/install/actions_py:/opt/ros/humble LD_LIBRARY_PATH=/home/robomaven/ws/ros2_ws3/install/my_robot_interfaces/lib:/usr/lib/x86_64-linux-gnu/gazebo-11/plugins:/opt/ros/humble/opt/rviz_ogre_vendor/lib:/opt/ros/humble/lib/x86_64-linux-gnu:/opt/ros/humble/lib:/usr/share/gazebo/../../lib/x86_64-linux-gnu/gazebo-11/plugins PYTHONPATH=/home/robomaven/ws/ros2_ws3/install/my_robot_interfaces/local/lib/python3.10/dist-packages:${PYTHONPATH} /usr/bin/cmake --install /home/robomaven/ws/ros2_ws3/build/actions_cpp
