[  2%] Built target activity1_interfaces__cpp
[ 12%] Built target activity1_interfaces__rosidl_generator_c
[ 12%] Built target ament_cmake_python_copy_activity1_interfaces
[ 23%] Built target activity1_interfaces__rosidl_typesupport_cpp
[ 33%] Built target activity1_interfaces__rosidl_typesupport_introspection_c
[ 43%] Built target activity1_interfaces__rosidl_typesupport_fastrtps_cpp
[ 53%] Built target activity1_interfaces__rosidl_typesupport_introspection_cpp
[ 64%] Built target activity1_interfaces__rosidl_typesupport_fastrtps_c
[ 74%] Built target activity1_interfaces__rosidl_typesupport_c
[ 74%] Built target activity1_interfaces
[ 76%] Built target activity1_interfaces__py
[ 84%] Built target activity1_interfaces__rosidl_generator_py
[ 89%] Built target activity1_interfaces__rosidl_typesupport_fastrtps_c__pyext
[ 94%] Built target activity1_interfaces__rosidl_typesupport_introspection_c__pyext
[100%] Built target activity1_interfaces__rosidl_typesupport_c__pyext
running egg_info
writing activity1_interfaces.egg-info/PKG-INFO
writing dependency_links to activity1_interfaces.egg-info/dependency_links.txt
writing top-level names to activity1_interfaces.egg-info/top_level.txt
reading manifest file 'activity1_interfaces.egg-info/SOURCES.txt'
writing manifest file 'activity1_interfaces.egg-info/SOURCES.txt'
[100%] Built target ament_cmake_python_build_activity1_interfaces_egg
-- Install configuration: ""
-- Up-to-date: /home/robomaven/activity1_ws/install/activity1_interfaces/share/ament_index/resource_index/rosidl_interfaces/activity1_interfaces
-- Up-to-date: /home/robomaven/activity1_ws/install/activity1_interfaces/include/activity1_interfaces/activity1_interfaces
-- Up-to-date: /home/robomaven/activity1_ws/install/activity1_interfaces/include/activity1_interfaces/activity1_interfaces/srv
-- Up-to-date: /home/robomaven/activity1_ws/install/activity1_interfaces/include/activity1_interfaces/activity1_interfaces/srv/set_led.h
-- Up-to-date: /home/robomaven/activity1_ws/install/activity1_interfaces/include/activity1_interfaces/activity1_interfaces/srv/detail
-- Up-to-date: /home/robomaven/activity1_ws/install/activity1_interfaces/include/activity1_interfaces/activity1_interfaces/srv/detail/set_led__type_support.h
-- Up-to-date: /home/robomaven/activity1_ws/install/activity1_interfaces/include/activity1_interfaces/activity1_interfaces/srv/detail/set_led__functions.h
-- Up-to-date: /home/robomaven/activity1_ws/install/activity1_interfaces/include/activity1_interfaces/activity1_interfaces/srv/detail/set_led__struct.h
-- Up-to-date: /home/robomaven/activity1_ws/install/activity1_interfaces/include/activity1_interfaces/activity1_interfaces/srv/detail/set_led__functions.c
-- Up-to-date: /home/robomaven/activity1_ws/install/activity1_interfaces/include/activity1_interfaces/activity1_interfaces/msg
-- Up-to-date: /home/robomaven/activity1_ws/install/activity1_interfaces/include/activity1_interfaces/activity1_interfaces/msg/rosidl_generator_c__visibility_control.h
-- Up-to-date: /home/robomaven/activity1_ws/install/activity1_interfaces/include/activity1_interfaces/activity1_interfaces/msg/detail
-- Up-to-date: /home/robomaven/activity1_ws/install/activity1_interfaces/include/activity1_interfaces/activity1_interfaces/msg/detail/panel__type_support.h
-- Up-to-date: /home/robomaven/activity1_ws/install/activity1_interfaces/include/activity1_interfaces/activity1_interfaces/msg/detail/panel__functions.c
-- Up-to-date: /home/robomaven/activity1_ws/install/activity1_interfaces/include/activity1_interfaces/activity1_interfaces/msg/detail/panel__functions.h
-- Up-to-date: /home/robomaven/activity1_ws/install/activity1_interfaces/include/activity1_interfaces/activity1_interfaces/msg/detail/panel__struct.h
-- Up-to-date: /home/robomaven/activity1_ws/install/activity1_interfaces/include/activity1_interfaces/activity1_interfaces/msg/panel.h
-- Up-to-date: /home/robomaven/activity1_ws/install/activity1_interfaces/share/activity1_interfaces/environment/library_path.sh
-- Up-to-date: /home/robomaven/activity1_ws/install/activity1_interfaces/share/activity1_interfaces/environment/library_path.dsv
-- Up-to-date: /home/robomaven/activity1_ws/install/activity1_interfaces/lib/libactivity1_interfaces__rosidl_generator_c.so
-- Up-to-date: /home/robomaven/activity1_ws/install/activity1_interfaces/include/activity1_interfaces/activity1_interfaces
-- Up-to-date: /home/robomaven/activity1_ws/install/activity1_interfaces/include/activity1_interfaces/activity1_interfaces/srv
-- Up-to-date: /home/robomaven/activity1_ws/install/activity1_interfaces/include/activity1_interfaces/activity1_interfaces/srv/detail
-- Up-to-date: /home/robomaven/activity1_ws/install/activity1_interfaces/include/activity1_interfaces/activity1_interfaces/srv/detail/set_led__rosidl_typesupport_fastrtps_c.h
-- Up-to-date: /home/robomaven/activity1_ws/install/activity1_interfaces/include/activity1_interfaces/activity1_interfaces/msg
-- Up-to-date: /home/robomaven/activity1_ws/install/activity1_interfaces/include/activity1_interfaces/activity1_interfaces/msg/detail
-- Up-to-date: /home/robomaven/activity1_ws/install/activity1_interfaces/include/activity1_interfaces/activity1_interfaces/msg/detail/panel__rosidl_typesupport_fastrtps_c.h
-- Up-to-date: /home/robomaven/activity1_ws/install/activity1_interfaces/include/activity1_interfaces/activity1_interfaces/msg/rosidl_typesupport_fastrtps_c__visibility_control.h
-- Up-to-date: /home/robomaven/activity1_ws/install/activity1_interfaces/lib/libactivity1_interfaces__rosidl_typesupport_fastrtps_c.so
-- Up-to-date: /home/robomaven/activity1_ws/install/activity1_interfaces/include/activity1_interfaces/activity1_interfaces
-- Up-to-date: /home/robomaven/activity1_ws/install/activity1_interfaces/include/activity1_interfaces/activity1_interfaces/srv
-- Up-to-date: /home/robomaven/activity1_ws/install/activity1_interfaces/include/activity1_interfaces/activity1_interfaces/srv/detail
-- Up-to-date: /home/robomaven/activity1_ws/install/activity1_interfaces/include/activity1_interfaces/activity1_interfaces/srv/detail/set_led__rosidl_typesupport_introspection_c.h
-- Up-to-date: /home/robomaven/activity1_ws/install/activity1_interfaces/include/activity1_interfaces/activity1_interfaces/srv/detail/set_led__type_support.c
-- Up-to-date: /home/robomaven/activity1_ws/install/activity1_interfaces/include/activity1_interfaces/activity1_interfaces/msg
-- Up-to-date: /home/robomaven/activity1_ws/install/activity1_interfaces/include/activity1_interfaces/activity1_interfaces/msg/rosidl_typesupport_introspection_c__visibility_control.h
-- Up-to-date: /home/robomaven/activity1_ws/install/activity1_interfaces/include/activity1_interfaces/activity1_interfaces/msg/detail
-- Up-to-date: /home/robomaven/activity1_ws/install/activity1_interfaces/include/activity1_interfaces/activity1_interfaces/msg/detail/panel__type_support.c
-- Up-to-date: /home/robomaven/activity1_ws/install/activity1_interfaces/include/activity1_interfaces/activity1_interfaces/msg/detail/panel__rosidl_typesupport_introspection_c.h
-- Up-to-date: /home/robomaven/activity1_ws/install/activity1_interfaces/lib/libactivity1_interfaces__rosidl_typesupport_introspection_c.so
-- Up-to-date: /home/robomaven/activity1_ws/install/activity1_interfaces/lib/libactivity1_interfaces__rosidl_typesupport_c.so
-- Up-to-date: /home/robomaven/activity1_ws/install/activity1_interfaces/include/activity1_interfaces/activity1_interfaces
-- Up-to-date: /home/robomaven/activity1_ws/install/activity1_interfaces/include/activity1_interfaces/activity1_interfaces/srv
-- Up-to-date: /home/robomaven/activity1_ws/install/activity1_interfaces/include/activity1_interfaces/activity1_interfaces/srv/set_led.hpp
-- Up-to-date: /home/robomaven/activity1_ws/install/activity1_interfaces/include/activity1_interfaces/activity1_interfaces/srv/detail
-- Up-to-date: /home/robomaven/activity1_ws/install/activity1_interfaces/include/activity1_interfaces/activity1_interfaces/srv/detail/set_led__builder.hpp
-- Up-to-date: /home/robomaven/activity1_ws/install/activity1_interfaces/include/activity1_interfaces/activity1_interfaces/srv/detail/set_led__traits.hpp
-- Up-to-date: /home/robomaven/activity1_ws/install/activity1_interfaces/include/activity1_interfaces/activity1_interfaces/srv/detail/set_led__struct.hpp
-- Up-to-date: /home/robomaven/activity1_ws/install/activity1_interfaces/include/activity1_interfaces/activity1_interfaces/msg
-- Up-to-date: /home/robomaven/activity1_ws/install/activity1_interfaces/include/activity1_interfaces/activity1_interfaces/msg/panel.hpp
-- Up-to-date: /home/robomaven/activity1_ws/install/activity1_interfaces/include/activity1_interfaces/activity1_interfaces/msg/detail
-- Up-to-date: /home/robomaven/activity1_ws/install/activity1_interfaces/include/activity1_interfaces/activity1_interfaces/msg/detail/panel__builder.hpp
-- Up-to-date: /home/robomaven/activity1_ws/install/activity1_interfaces/include/activity1_interfaces/activity1_interfaces/msg/detail/panel__traits.hpp
-- Up-to-date: /home/robomaven/activity1_ws/install/activity1_interfaces/include/activity1_interfaces/activity1_interfaces/msg/detail/panel__struct.hpp
-- Up-to-date: /home/robomaven/activity1_ws/install/activity1_interfaces/include/activity1_interfaces/activity1_interfaces
-- Up-to-date: /home/robomaven/activity1_ws/install/activity1_interfaces/include/activity1_interfaces/activity1_interfaces/srv
-- Up-to-date: /home/robomaven/activity1_ws/install/activity1_interfaces/include/activity1_interfaces/activity1_interfaces/srv/detail
-- Up-to-date: /home/robomaven/activity1_ws/install/activity1_interfaces/include/activity1_interfaces/activity1_interfaces/srv/detail/dds_fastrtps
-- Up-to-date: /home/robomaven/activity1_ws/install/activity1_interfaces/include/activity1_interfaces/activity1_interfaces/srv/detail/set_led__rosidl_typesupport_fastrtps_cpp.hpp
-- Up-to-date: /home/robomaven/activity1_ws/install/activity1_interfaces/include/activity1_interfaces/activity1_interfaces/msg
-- Up-to-date: /home/robomaven/activity1_ws/install/activity1_interfaces/include/activity1_interfaces/activity1_interfaces/msg/rosidl_typesupport_fastrtps_cpp__visibility_control.h
-- Up-to-date: /home/robomaven/activity1_ws/install/activity1_interfaces/include/activity1_interfaces/activity1_interfaces/msg/detail
-- Up-to-date: /home/robomaven/activity1_ws/install/activity1_interfaces/include/activity1_interfaces/activity1_interfaces/msg/detail/dds_fastrtps
-- Up-to-date: /home/robomaven/activity1_ws/install/activity1_interfaces/include/activity1_interfaces/activity1_interfaces/msg/detail/panel__rosidl_typesupport_fastrtps_cpp.hpp
-- Up-to-date: /home/robomaven/activity1_ws/install/activity1_interfaces/lib/libactivity1_interfaces__rosidl_typesupport_fastrtps_cpp.so
-- Up-to-date: /home/robomaven/activity1_ws/install/activity1_interfaces/include/activity1_interfaces/activity1_interfaces
-- Up-to-date: /home/robomaven/activity1_ws/install/activity1_interfaces/include/activity1_interfaces/activity1_interfaces/srv
-- Up-to-date: /home/robomaven/activity1_ws/install/activity1_interfaces/include/activity1_interfaces/activity1_interfaces/srv/detail
-- Up-to-date: /home/robomaven/activity1_ws/install/activity1_interfaces/include/activity1_interfaces/activity1_interfaces/srv/detail/set_led__type_support.cpp
-- Up-to-date: /home/robomaven/activity1_ws/install/activity1_interfaces/include/activity1_interfaces/activity1_interfaces/srv/detail/set_led__rosidl_typesupport_introspection_cpp.hpp
-- Up-to-date: /home/robomaven/activity1_ws/install/activity1_interfaces/include/activity1_interfaces/activity1_interfaces/msg
-- Up-to-date: /home/robomaven/activity1_ws/install/activity1_interfaces/include/activity1_interfaces/activity1_interfaces/msg/detail
-- Up-to-date: /home/robomaven/activity1_ws/install/activity1_interfaces/include/activity1_interfaces/activity1_interfaces/msg/detail/panel__rosidl_typesupport_introspection_cpp.hpp
-- Up-to-date: /home/robomaven/activity1_ws/install/activity1_interfaces/include/activity1_interfaces/activity1_interfaces/msg/detail/panel__type_support.cpp
-- Up-to-date: /home/robomaven/activity1_ws/install/activity1_interfaces/lib/libactivity1_interfaces__rosidl_typesupport_introspection_cpp.so
-- Up-to-date: /home/robomaven/activity1_ws/install/activity1_interfaces/lib/libactivity1_interfaces__rosidl_typesupport_cpp.so
-- Up-to-date: /home/robomaven/activity1_ws/install/activity1_interfaces/share/activity1_interfaces/environment/pythonpath.sh
-- Up-to-date: /home/robomaven/activity1_ws/install/activity1_interfaces/share/activity1_interfaces/environment/pythonpath.dsv
-- Up-to-date: /home/robomaven/activity1_ws/install/activity1_interfaces/local/lib/python3.10/dist-packages/activity1_interfaces-0.0.0-py3.10.egg-info
-- Installing: /home/robomaven/activity1_ws/install/activity1_interfaces/local/lib/python3.10/dist-packages/activity1_interfaces-0.0.0-py3.10.egg-info/top_level.txt
-- Installing: /home/robomaven/activity1_ws/install/activity1_interfaces/local/lib/python3.10/dist-packages/activity1_interfaces-0.0.0-py3.10.egg-info/PKG-INFO
-- Installing: /home/robomaven/activity1_ws/install/activity1_interfaces/local/lib/python3.10/dist-packages/activity1_interfaces-0.0.0-py3.10.egg-info/SOURCES.txt
-- Installing: /home/robomaven/activity1_ws/install/activity1_interfaces/local/lib/python3.10/dist-packages/activity1_interfaces-0.0.0-py3.10.egg-info/dependency_links.txt
-- Up-to-date: /home/robomaven/activity1_ws/install/activity1_interfaces/local/lib/python3.10/dist-packages/activity1_interfaces
-- Up-to-date: /home/robomaven/activity1_ws/install/activity1_interfaces/local/lib/python3.10/dist-packages/activity1_interfaces/srv
-- Up-to-date: /home/robomaven/activity1_ws/install/activity1_interfaces/local/lib/python3.10/dist-packages/activity1_interfaces/srv/_set_led_s.c
-- Up-to-date: /home/robomaven/activity1_ws/install/activity1_interfaces/local/lib/python3.10/dist-packages/activity1_interfaces/srv/__init__.py
-- Up-to-date: /home/robomaven/activity1_ws/install/activity1_interfaces/local/lib/python3.10/dist-packages/activity1_interfaces/srv/_set_led.py
-- Up-to-date: /home/robomaven/activity1_ws/install/activity1_interfaces/local/lib/python3.10/dist-packages/activity1_interfaces/msg
-- Up-to-date: /home/robomaven/activity1_ws/install/activity1_interfaces/local/lib/python3.10/dist-packages/activity1_interfaces/msg/_panel.py
-- Up-to-date: /home/robomaven/activity1_ws/install/activity1_interfaces/local/lib/python3.10/dist-packages/activity1_interfaces/msg/__init__.py
-- Up-to-date: /home/robomaven/activity1_ws/install/activity1_interfaces/local/lib/python3.10/dist-packages/activity1_interfaces/msg/_panel_s.c
-- Up-to-date: /home/robomaven/activity1_ws/install/activity1_interfaces/local/lib/python3.10/dist-packages/activity1_interfaces/_activity1_interfaces_s.ep.rosidl_typesupport_introspection_c.c
-- Up-to-date: /home/robomaven/activity1_ws/install/activity1_interfaces/local/lib/python3.10/dist-packages/activity1_interfaces/libactivity1_interfaces__rosidl_generator_py.so
-- Up-to-date: /home/robomaven/activity1_ws/install/activity1_interfaces/local/lib/python3.10/dist-packages/activity1_interfaces/_activity1_interfaces_s.ep.rosidl_typesupport_fastrtps_c.c
-- Up-to-date: /home/robomaven/activity1_ws/install/activity1_interfaces/local/lib/python3.10/dist-packages/activity1_interfaces/activity1_interfaces_s__rosidl_typesupport_fastrtps_c.cpython-310-x86_64-linux-gnu.so
-- Up-to-date: /home/robomaven/activity1_ws/install/activity1_interfaces/local/lib/python3.10/dist-packages/activity1_interfaces/activity1_interfaces_s__rosidl_typesupport_introspection_c.cpython-310-x86_64-linux-gnu.so
-- Up-to-date: /home/robomaven/activity1_ws/install/activity1_interfaces/local/lib/python3.10/dist-packages/activity1_interfaces/_activity1_interfaces_s.ep.rosidl_typesupport_c.c
-- Up-to-date: /home/robomaven/activity1_ws/install/activity1_interfaces/local/lib/python3.10/dist-packages/activity1_interfaces/__init__.py
-- Up-to-date: /home/robomaven/activity1_ws/install/activity1_interfaces/local/lib/python3.10/dist-packages/activity1_interfaces/activity1_interfaces_s__rosidl_typesupport_c.cpython-310-x86_64-linux-gnu.so
Listing '/home/robomaven/activity1_ws/install/activity1_interfaces/local/lib/python3.10/dist-packages/activity1_interfaces'...
Listing '/home/robomaven/activity1_ws/install/activity1_interfaces/local/lib/python3.10/dist-packages/activity1_interfaces/msg'...
Listing '/home/robomaven/activity1_ws/install/activity1_interfaces/local/lib/python3.10/dist-packages/activity1_interfaces/srv'...
-- Up-to-date: /home/robomaven/activity1_ws/install/activity1_interfaces/local/lib/python3.10/dist-packages/activity1_interfaces/activity1_interfaces_s__rosidl_typesupport_fastrtps_c.cpython-310-x86_64-linux-gnu.so
-- Up-to-date: /home/robomaven/activity1_ws/install/activity1_interfaces/local/lib/python3.10/dist-packages/activity1_interfaces/activity1_interfaces_s__rosidl_typesupport_introspection_c.cpython-310-x86_64-linux-gnu.so
-- Up-to-date: /home/robomaven/activity1_ws/install/activity1_interfaces/local/lib/python3.10/dist-packages/activity1_interfaces/activity1_interfaces_s__rosidl_typesupport_c.cpython-310-x86_64-linux-gnu.so
-- Up-to-date: /home/robomaven/activity1_ws/install/activity1_interfaces/lib/libactivity1_interfaces__rosidl_generator_py.so
-- Up-to-date: /home/robomaven/activity1_ws/install/activity1_interfaces/share/activity1_interfaces/msg/Panel.idl
-- Up-to-date: /home/robomaven/activity1_ws/install/activity1_interfaces/share/activity1_interfaces/srv/SetLED.idl
-- Up-to-date: /home/robomaven/activity1_ws/install/activity1_interfaces/share/activity1_interfaces/msg/Panel.msg
-- Up-to-date: /home/robomaven/activity1_ws/install/activity1_interfaces/share/activity1_interfaces/srv/SetLED.srv
-- Up-to-date: /home/robomaven/activity1_ws/install/activity1_interfaces/share/activity1_interfaces/srv/SetLED_Request.msg
-- Up-to-date: /home/robomaven/activity1_ws/install/activity1_interfaces/share/activity1_interfaces/srv/SetLED_Response.msg
-- Up-to-date: /home/robomaven/activity1_ws/install/activity1_interfaces/share/ament_index/resource_index/package_run_dependencies/activity1_interfaces
-- Up-to-date: /home/robomaven/activity1_ws/install/activity1_interfaces/share/ament_index/resource_index/parent_prefix_path/activity1_interfaces
-- Up-to-date: /home/robomaven/activity1_ws/install/activity1_interfaces/share/activity1_interfaces/environment/ament_prefix_path.sh
-- Up-to-date: /home/robomaven/activity1_ws/install/activity1_interfaces/share/activity1_interfaces/environment/ament_prefix_path.dsv
-- Up-to-date: /home/robomaven/activity1_ws/install/activity1_interfaces/share/activity1_interfaces/environment/path.sh
-- Up-to-date: /home/robomaven/activity1_ws/install/activity1_interfaces/share/activity1_interfaces/environment/path.dsv
-- Up-to-date: /home/robomaven/activity1_ws/install/activity1_interfaces/share/activity1_interfaces/local_setup.bash
-- Up-to-date: /home/robomaven/activity1_ws/install/activity1_interfaces/share/activity1_interfaces/local_setup.sh
-- Up-to-date: /home/robomaven/activity1_ws/install/activity1_interfaces/share/activity1_interfaces/local_setup.zsh
-- Up-to-date: /home/robomaven/activity1_ws/install/activity1_interfaces/share/activity1_interfaces/local_setup.dsv
-- Up-to-date: /home/robomaven/activity1_ws/install/activity1_interfaces/share/activity1_interfaces/package.dsv
-- Up-to-date: /home/robomaven/activity1_ws/install/activity1_interfaces/share/ament_index/resource_index/packages/activity1_interfaces
-- Up-to-date: /home/robomaven/activity1_ws/install/activity1_interfaces/share/activity1_interfaces/cmake/export_activity1_interfaces__rosidl_generator_cExport.cmake
-- Up-to-date: /home/robomaven/activity1_ws/install/activity1_interfaces/share/activity1_interfaces/cmake/export_activity1_interfaces__rosidl_generator_cExport-noconfig.cmake
-- Up-to-date: /home/robomaven/activity1_ws/install/activity1_interfaces/share/activity1_interfaces/cmake/export_activity1_interfaces__rosidl_typesupport_fastrtps_cExport.cmake
-- Up-to-date: /home/robomaven/activity1_ws/install/activity1_interfaces/share/activity1_interfaces/cmake/export_activity1_interfaces__rosidl_typesupport_fastrtps_cExport-noconfig.cmake
-- Up-to-date: /home/robomaven/activity1_ws/install/activity1_interfaces/share/activity1_interfaces/cmake/activity1_interfaces__rosidl_typesupport_introspection_cExport.cmake
-- Up-to-date: /home/robomaven/activity1_ws/install/activity1_interfaces/share/activity1_interfaces/cmake/activity1_interfaces__rosidl_typesupport_introspection_cExport-noconfig.cmake
-- Up-to-date: /home/robomaven/activity1_ws/install/activity1_interfaces/share/activity1_interfaces/cmake/activity1_interfaces__rosidl_typesupport_cExport.cmake
-- Up-to-date: /home/robomaven/activity1_ws/install/activity1_interfaces/share/activity1_interfaces/cmake/activity1_interfaces__rosidl_typesupport_cExport-noconfig.cmake
-- Up-to-date: /home/robomaven/activity1_ws/install/activity1_interfaces/share/activity1_interfaces/cmake/export_activity1_interfaces__rosidl_generator_cppExport.cmake
-- Up-to-date: /home/robomaven/activity1_ws/install/activity1_interfaces/share/activity1_interfaces/cmake/export_activity1_interfaces__rosidl_typesupport_fastrtps_cppExport.cmake
-- Up-to-date: /home/robomaven/activity1_ws/install/activity1_interfaces/share/activity1_interfaces/cmake/export_activity1_interfaces__rosidl_typesupport_fastrtps_cppExport-noconfig.cmake
-- Up-to-date: /home/robomaven/activity1_ws/install/activity1_interfaces/share/activity1_interfaces/cmake/activity1_interfaces__rosidl_typesupport_introspection_cppExport.cmake
-- Up-to-date: /home/robomaven/activity1_ws/install/activity1_interfaces/share/activity1_interfaces/cmake/activity1_interfaces__rosidl_typesupport_introspection_cppExport-noconfig.cmake
-- Up-to-date: /home/robomaven/activity1_ws/install/activity1_interfaces/share/activity1_interfaces/cmake/activity1_interfaces__rosidl_typesupport_cppExport.cmake
-- Up-to-date: /home/robomaven/activity1_ws/install/activity1_interfaces/share/activity1_interfaces/cmake/activity1_interfaces__rosidl_typesupport_cppExport-noconfig.cmake
-- Up-to-date: /home/robomaven/activity1_ws/install/activity1_interfaces/share/activity1_interfaces/cmake/export_activity1_interfaces__rosidl_generator_pyExport.cmake
-- Up-to-date: /home/robomaven/activity1_ws/install/activity1_interfaces/share/activity1_interfaces/cmake/export_activity1_interfaces__rosidl_generator_pyExport-noconfig.cmake
-- Up-to-date: /home/robomaven/activity1_ws/install/activity1_interfaces/share/activity1_interfaces/cmake/rosidl_cmake-extras.cmake
-- Up-to-date: /home/robomaven/activity1_ws/install/activity1_interfaces/share/activity1_interfaces/cmake/ament_cmake_export_include_directories-extras.cmake
-- Up-to-date: /home/robomaven/activity1_ws/install/activity1_interfaces/share/activity1_interfaces/cmake/ament_cmake_export_libraries-extras.cmake
-- Up-to-date: /home/robomaven/activity1_ws/install/activity1_interfaces/share/activity1_interfaces/cmake/ament_cmake_export_targets-extras.cmake
-- Up-to-date: /home/robomaven/activity1_ws/install/activity1_interfaces/share/activity1_interfaces/cmake/rosidl_cmake_export_typesupport_targets-extras.cmake
-- Up-to-date: /home/robomaven/activity1_ws/install/activity1_interfaces/share/activity1_interfaces/cmake/ament_cmake_export_dependencies-extras.cmake
-- Up-to-date: /home/robomaven/activity1_ws/install/activity1_interfaces/share/activity1_interfaces/cmake/rosidl_cmake_export_typesupport_libraries-extras.cmake
-- Up-to-date: /home/robomaven/activity1_ws/install/activity1_interfaces/share/activity1_interfaces/cmake/activity1_interfacesConfig.cmake
-- Up-to-date: /home/robomaven/activity1_ws/install/activity1_interfaces/share/activity1_interfaces/cmake/activity1_interfacesConfig-version.cmake
-- Up-to-date: /home/robomaven/activity1_ws/install/activity1_interfaces/share/activity1_interfaces/package.xml
