[0.007s] Invoking command in '/home/robomaven/activity1_ws/build/activity1_interfaces': CMAKE_PREFIX_PATH=${CMAKE_PREFIX_PATH}:/home/robomaven/ros2_ws/install/my_py_pkg:/home/robomaven/activity1_ws/install/activity1_py_pkg:/opt/ros/humble /usr/bin/cmake --build /home/robomaven/activity1_ws/build/activity1_interfaces -- -j20 -l20
[0.048s] [  2%] Built target activity1_interfaces__cpp
[0.049s] [ 12%] Built target activity1_interfaces__rosidl_generator_c
[0.056s] [ 12%] Built target ament_cmake_python_copy_activity1_interfaces
[0.064s] [ 23%] Built target activity1_interfaces__rosidl_typesupport_cpp
[0.064s] [ 33%] Built target activity1_interfaces__rosidl_typesupport_introspection_c
[0.064s] [ 43%] Built target activity1_interfaces__rosidl_typesupport_fastrtps_cpp
[0.065s] [ 53%] Built target activity1_interfaces__rosidl_typesupport_introspection_cpp
[0.065s] [ 64%] Built target activity1_interfaces__rosidl_typesupport_fastrtps_c
[0.070s] [ 74%] Built target activity1_interfaces__rosidl_typesupport_c
[0.082s] [ 74%] Built target activity1_interfaces
[0.095s] [ 76%] Built target activity1_interfaces__py
[0.110s] [ 84%] Built target activity1_interfaces__rosidl_generator_py
[0.123s] [ 89%] Built target activity1_interfaces__rosidl_typesupport_fastrtps_c__pyext
[0.124s] [ 94%] Built target activity1_interfaces__rosidl_typesupport_introspection_c__pyext
[0.124s] [100%] Built target activity1_interfaces__rosidl_typesupport_c__pyext
[0.206s] running egg_info
[0.207s] writing activity1_interfaces.egg-info/PKG-INFO
[0.207s] writing dependency_links to activity1_interfaces.egg-info/dependency_links.txt
[0.207s] writing top-level names to activity1_interfaces.egg-info/top_level.txt
[0.208s] reading manifest file 'activity1_interfaces.egg-info/SOURCES.txt'
[0.209s] writing manifest file 'activity1_interfaces.egg-info/SOURCES.txt'
[0.224s] [100%] Built target ament_cmake_python_build_activity1_interfaces_egg
[0.231s] Invoked command in '/home/robomaven/activity1_ws/build/activity1_interfaces' returned '0': CMAKE_PREFIX_PATH=${CMAKE_PREFIX_PATH}:/home/robomaven/ros2_ws/install/my_py_pkg:/home/robomaven/activity1_ws/install/activity1_py_pkg:/opt/ros/humble /usr/bin/cmake --build /home/robomaven/activity1_ws/build/activity1_interfaces -- -j20 -l20
[0.307s] Invoking command in '/home/robomaven/activity1_ws/build/activity1_interfaces': CMAKE_PREFIX_PATH=${CMAKE_PREFIX_PATH}:/home/robomaven/ros2_ws/install/my_py_pkg:/home/robomaven/activity1_ws/install/activity1_py_pkg:/opt/ros/humble /usr/bin/cmake --install /home/robomaven/activity1_ws/build/activity1_interfaces
[0.315s] -- Install configuration: ""
[0.315s] -- Up-to-date: /home/robomaven/activity1_ws/install/activity1_interfaces/share/ament_index/resource_index/rosidl_interfaces/activity1_interfaces
[0.315s] -- Up-to-date: /home/robomaven/activity1_ws/install/activity1_interfaces/include/activity1_interfaces/activity1_interfaces
[0.315s] -- Up-to-date: /home/robomaven/activity1_ws/install/activity1_interfaces/include/activity1_interfaces/activity1_interfaces/srv
[0.315s] -- Up-to-date: /home/robomaven/activity1_ws/install/activity1_interfaces/include/activity1_interfaces/activity1_interfaces/srv/set_led.h
[0.315s] -- Up-to-date: /home/robomaven/activity1_ws/install/activity1_interfaces/include/activity1_interfaces/activity1_interfaces/srv/detail
[0.316s] -- Up-to-date: /home/robomaven/activity1_ws/install/activity1_interfaces/include/activity1_interfaces/activity1_interfaces/srv/detail/set_led__type_support.h
[0.316s] -- Up-to-date: /home/robomaven/activity1_ws/install/activity1_interfaces/include/activity1_interfaces/activity1_interfaces/srv/detail/set_led__functions.h
[0.316s] -- Up-to-date: /home/robomaven/activity1_ws/install/activity1_interfaces/include/activity1_interfaces/activity1_interfaces/srv/detail/set_led__struct.h
[0.316s] -- Up-to-date: /home/robomaven/activity1_ws/install/activity1_interfaces/include/activity1_interfaces/activity1_interfaces/srv/detail/set_led__functions.c
[0.316s] -- Up-to-date: /home/robomaven/activity1_ws/install/activity1_interfaces/include/activity1_interfaces/activity1_interfaces/msg
[0.316s] -- Up-to-date: /home/robomaven/activity1_ws/install/activity1_interfaces/include/activity1_interfaces/activity1_interfaces/msg/rosidl_generator_c__visibility_control.h
[0.316s] -- Up-to-date: /home/robomaven/activity1_ws/install/activity1_interfaces/include/activity1_interfaces/activity1_interfaces/msg/detail
[0.316s] -- Up-to-date: /home/robomaven/activity1_ws/install/activity1_interfaces/include/activity1_interfaces/activity1_interfaces/msg/detail/panel__type_support.h
[0.316s] -- Up-to-date: /home/robomaven/activity1_ws/install/activity1_interfaces/include/activity1_interfaces/activity1_interfaces/msg/detail/panel__functions.c
[0.317s] -- Up-to-date: /home/robomaven/activity1_ws/install/activity1_interfaces/include/activity1_interfaces/activity1_interfaces/msg/detail/panel__functions.h
[0.317s] -- Up-to-date: /home/robomaven/activity1_ws/install/activity1_interfaces/include/activity1_interfaces/activity1_interfaces/msg/detail/panel__struct.h
[0.317s] -- Up-to-date: /home/robomaven/activity1_ws/install/activity1_interfaces/include/activity1_interfaces/activity1_interfaces/msg/panel.h
[0.317s] -- Up-to-date: /home/robomaven/activity1_ws/install/activity1_interfaces/share/activity1_interfaces/environment/library_path.sh
[0.317s] -- Up-to-date: /home/robomaven/activity1_ws/install/activity1_interfaces/share/activity1_interfaces/environment/library_path.dsv
[0.317s] -- Up-to-date: /home/robomaven/activity1_ws/install/activity1_interfaces/lib/libactivity1_interfaces__rosidl_generator_c.so
[0.317s] -- Up-to-date: /home/robomaven/activity1_ws/install/activity1_interfaces/include/activity1_interfaces/activity1_interfaces
[0.317s] -- Up-to-date: /home/robomaven/activity1_ws/install/activity1_interfaces/include/activity1_interfaces/activity1_interfaces/srv
[0.318s] -- Up-to-date: /home/robomaven/activity1_ws/install/activity1_interfaces/include/activity1_interfaces/activity1_interfaces/srv/detail
[0.318s] -- Up-to-date: /home/robomaven/activity1_ws/install/activity1_interfaces/include/activity1_interfaces/activity1_interfaces/srv/detail/set_led__rosidl_typesupport_fastrtps_c.h
[0.318s] -- Up-to-date: /home/robomaven/activity1_ws/install/activity1_interfaces/include/activity1_interfaces/activity1_interfaces/msg
[0.318s] -- Up-to-date: /home/robomaven/activity1_ws/install/activity1_interfaces/include/activity1_interfaces/activity1_interfaces/msg/detail
[0.318s] -- Up-to-date: /home/robomaven/activity1_ws/install/activity1_interfaces/include/activity1_interfaces/activity1_interfaces/msg/detail/panel__rosidl_typesupport_fastrtps_c.h
[0.318s] -- Up-to-date: /home/robomaven/activity1_ws/install/activity1_interfaces/include/activity1_interfaces/activity1_interfaces/msg/rosidl_typesupport_fastrtps_c__visibility_control.h
[0.318s] -- Up-to-date: /home/robomaven/activity1_ws/install/activity1_interfaces/lib/libactivity1_interfaces__rosidl_typesupport_fastrtps_c.so
[0.318s] -- Up-to-date: /home/robomaven/activity1_ws/install/activity1_interfaces/include/activity1_interfaces/activity1_interfaces
[0.318s] -- Up-to-date: /home/robomaven/activity1_ws/install/activity1_interfaces/include/activity1_interfaces/activity1_interfaces/srv
[0.318s] -- Up-to-date: /home/robomaven/activity1_ws/install/activity1_interfaces/include/activity1_interfaces/activity1_interfaces/srv/detail
[0.318s] -- Up-to-date: /home/robomaven/activity1_ws/install/activity1_interfaces/include/activity1_interfaces/activity1_interfaces/srv/detail/set_led__rosidl_typesupport_introspection_c.h
[0.318s] -- Up-to-date: /home/robomaven/activity1_ws/install/activity1_interfaces/include/activity1_interfaces/activity1_interfaces/srv/detail/set_led__type_support.c
[0.318s] -- Up-to-date: /home/robomaven/activity1_ws/install/activity1_interfaces/include/activity1_interfaces/activity1_interfaces/msg
[0.318s] -- Up-to-date: /home/robomaven/activity1_ws/install/activity1_interfaces/include/activity1_interfaces/activity1_interfaces/msg/rosidl_typesupport_introspection_c__visibility_control.h
[0.318s] -- Up-to-date: /home/robomaven/activity1_ws/install/activity1_interfaces/include/activity1_interfaces/activity1_interfaces/msg/detail
[0.318s] -- Up-to-date: /home/robomaven/activity1_ws/install/activity1_interfaces/include/activity1_interfaces/activity1_interfaces/msg/detail/panel__type_support.c
[0.318s] -- Up-to-date: /home/robomaven/activity1_ws/install/activity1_interfaces/include/activity1_interfaces/activity1_interfaces/msg/detail/panel__rosidl_typesupport_introspection_c.h
[0.318s] -- Up-to-date: /home/robomaven/activity1_ws/install/activity1_interfaces/lib/libactivity1_interfaces__rosidl_typesupport_introspection_c.so
[0.318s] -- Up-to-date: /home/robomaven/activity1_ws/install/activity1_interfaces/lib/libactivity1_interfaces__rosidl_typesupport_c.so
[0.318s] -- Up-to-date: /home/robomaven/activity1_ws/install/activity1_interfaces/include/activity1_interfaces/activity1_interfaces
[0.318s] -- Up-to-date: /home/robomaven/activity1_ws/install/activity1_interfaces/include/activity1_interfaces/activity1_interfaces/srv
[0.318s] -- Up-to-date: /home/robomaven/activity1_ws/install/activity1_interfaces/include/activity1_interfaces/activity1_interfaces/srv/set_led.hpp
[0.318s] -- Up-to-date: /home/robomaven/activity1_ws/install/activity1_interfaces/include/activity1_interfaces/activity1_interfaces/srv/detail
[0.319s] -- Up-to-date: /home/robomaven/activity1_ws/install/activity1_interfaces/include/activity1_interfaces/activity1_interfaces/srv/detail/set_led__builder.hpp
[0.319s] -- Up-to-date: /home/robomaven/activity1_ws/install/activity1_interfaces/include/activity1_interfaces/activity1_interfaces/srv/detail/set_led__traits.hpp
[0.319s] -- Up-to-date: /home/robomaven/activity1_ws/install/activity1_interfaces/include/activity1_interfaces/activity1_interfaces/srv/detail/set_led__struct.hpp
[0.319s] -- Up-to-date: /home/robomaven/activity1_ws/install/activity1_interfaces/include/activity1_interfaces/activity1_interfaces/msg
[0.319s] -- Up-to-date: /home/robomaven/activity1_ws/install/activity1_interfaces/include/activity1_interfaces/activity1_interfaces/msg/panel.hpp
[0.319s] -- Up-to-date: /home/robomaven/activity1_ws/install/activity1_interfaces/include/activity1_interfaces/activity1_interfaces/msg/detail
[0.319s] -- Up-to-date: /home/robomaven/activity1_ws/install/activity1_interfaces/include/activity1_interfaces/activity1_interfaces/msg/detail/panel__builder.hpp
[0.319s] -- Up-to-date: /home/robomaven/activity1_ws/install/activity1_interfaces/include/activity1_interfaces/activity1_interfaces/msg/detail/panel__traits.hpp
[0.319s] -- Up-to-date: /home/robomaven/activity1_ws/install/activity1_interfaces/include/activity1_interfaces/activity1_interfaces/msg/detail/panel__struct.hpp
[0.319s] -- Up-to-date: /home/robomaven/activity1_ws/install/activity1_interfaces/include/activity1_interfaces/activity1_interfaces
[0.319s] -- Up-to-date: /home/robomaven/activity1_ws/install/activity1_interfaces/include/activity1_interfaces/activity1_interfaces/srv
[0.319s] -- Up-to-date: /home/robomaven/activity1_ws/install/activity1_interfaces/include/activity1_interfaces/activity1_interfaces/srv/detail
[0.319s] -- Up-to-date: /home/robomaven/activity1_ws/install/activity1_interfaces/include/activity1_interfaces/activity1_interfaces/srv/detail/dds_fastrtps
[0.319s] -- Up-to-date: /home/robomaven/activity1_ws/install/activity1_interfaces/include/activity1_interfaces/activity1_interfaces/srv/detail/set_led__rosidl_typesupport_fastrtps_cpp.hpp
[0.319s] -- Up-to-date: /home/robomaven/activity1_ws/install/activity1_interfaces/include/activity1_interfaces/activity1_interfaces/msg
[0.319s] -- Up-to-date: /home/robomaven/activity1_ws/install/activity1_interfaces/include/activity1_interfaces/activity1_interfaces/msg/rosidl_typesupport_fastrtps_cpp__visibility_control.h
[0.319s] -- Up-to-date: /home/robomaven/activity1_ws/install/activity1_interfaces/include/activity1_interfaces/activity1_interfaces/msg/detail
[0.319s] -- Up-to-date: /home/robomaven/activity1_ws/install/activity1_interfaces/include/activity1_interfaces/activity1_interfaces/msg/detail/dds_fastrtps
[0.319s] -- Up-to-date: /home/robomaven/activity1_ws/install/activity1_interfaces/include/activity1_interfaces/activity1_interfaces/msg/detail/panel__rosidl_typesupport_fastrtps_cpp.hpp
[0.319s] -- Up-to-date: /home/robomaven/activity1_ws/install/activity1_interfaces/lib/libactivity1_interfaces__rosidl_typesupport_fastrtps_cpp.so
[0.319s] -- Up-to-date: /home/robomaven/activity1_ws/install/activity1_interfaces/include/activity1_interfaces/activity1_interfaces
[0.319s] -- Up-to-date: /home/robomaven/activity1_ws/install/activity1_interfaces/include/activity1_interfaces/activity1_interfaces/srv
[0.319s] -- Up-to-date: /home/robomaven/activity1_ws/install/activity1_interfaces/include/activity1_interfaces/activity1_interfaces/srv/detail
[0.319s] -- Up-to-date: /home/robomaven/activity1_ws/install/activity1_interfaces/include/activity1_interfaces/activity1_interfaces/srv/detail/set_led__type_support.cpp
[0.319s] -- Up-to-date: /home/robomaven/activity1_ws/install/activity1_interfaces/include/activity1_interfaces/activity1_interfaces/srv/detail/set_led__rosidl_typesupport_introspection_cpp.hpp
[0.319s] -- Up-to-date: /home/robomaven/activity1_ws/install/activity1_interfaces/include/activity1_interfaces/activity1_interfaces/msg
[0.319s] -- Up-to-date: /home/robomaven/activity1_ws/install/activity1_interfaces/include/activity1_interfaces/activity1_interfaces/msg/detail
[0.319s] -- Up-to-date: /home/robomaven/activity1_ws/install/activity1_interfaces/include/activity1_interfaces/activity1_interfaces/msg/detail/panel__rosidl_typesupport_introspection_cpp.hpp
[0.319s] -- Up-to-date: /home/robomaven/activity1_ws/install/activity1_interfaces/include/activity1_interfaces/activity1_interfaces/msg/detail/panel__type_support.cpp
[0.319s] -- Up-to-date: /home/robomaven/activity1_ws/install/activity1_interfaces/lib/libactivity1_interfaces__rosidl_typesupport_introspection_cpp.so
[0.319s] -- Up-to-date: /home/robomaven/activity1_ws/install/activity1_interfaces/lib/libactivity1_interfaces__rosidl_typesupport_cpp.so
[0.319s] -- Up-to-date: /home/robomaven/activity1_ws/install/activity1_interfaces/share/activity1_interfaces/environment/pythonpath.sh
[0.320s] -- Up-to-date: /home/robomaven/activity1_ws/install/activity1_interfaces/share/activity1_interfaces/environment/pythonpath.dsv
[0.320s] -- Up-to-date: /home/robomaven/activity1_ws/install/activity1_interfaces/local/lib/python3.10/dist-packages/activity1_interfaces-0.0.0-py3.10.egg-info
[0.320s] -- Installing: /home/robomaven/activity1_ws/install/activity1_interfaces/local/lib/python3.10/dist-packages/activity1_interfaces-0.0.0-py3.10.egg-info/top_level.txt
[0.320s] -- Installing: /home/robomaven/activity1_ws/install/activity1_interfaces/local/lib/python3.10/dist-packages/activity1_interfaces-0.0.0-py3.10.egg-info/PKG-INFO
[0.320s] -- Installing: /home/robomaven/activity1_ws/install/activity1_interfaces/local/lib/python3.10/dist-packages/activity1_interfaces-0.0.0-py3.10.egg-info/SOURCES.txt
[0.320s] -- Installing: /home/robomaven/activity1_ws/install/activity1_interfaces/local/lib/python3.10/dist-packages/activity1_interfaces-0.0.0-py3.10.egg-info/dependency_links.txt
[0.320s] -- Up-to-date: /home/robomaven/activity1_ws/install/activity1_interfaces/local/lib/python3.10/dist-packages/activity1_interfaces
[0.320s] -- Up-to-date: /home/robomaven/activity1_ws/install/activity1_interfaces/local/lib/python3.10/dist-packages/activity1_interfaces/srv
[0.320s] -- Up-to-date: /home/robomaven/activity1_ws/install/activity1_interfaces/local/lib/python3.10/dist-packages/activity1_interfaces/srv/_set_led_s.c
[0.320s] -- Up-to-date: /home/robomaven/activity1_ws/install/activity1_interfaces/local/lib/python3.10/dist-packages/activity1_interfaces/srv/__init__.py
[0.320s] -- Up-to-date: /home/robomaven/activity1_ws/install/activity1_interfaces/local/lib/python3.10/dist-packages/activity1_interfaces/srv/_set_led.py
[0.320s] -- Up-to-date: /home/robomaven/activity1_ws/install/activity1_interfaces/local/lib/python3.10/dist-packages/activity1_interfaces/msg
[0.320s] -- Up-to-date: /home/robomaven/activity1_ws/install/activity1_interfaces/local/lib/python3.10/dist-packages/activity1_interfaces/msg/_panel.py
[0.320s] -- Up-to-date: /home/robomaven/activity1_ws/install/activity1_interfaces/local/lib/python3.10/dist-packages/activity1_interfaces/msg/__init__.py
[0.320s] -- Up-to-date: /home/robomaven/activity1_ws/install/activity1_interfaces/local/lib/python3.10/dist-packages/activity1_interfaces/msg/_panel_s.c
[0.320s] -- Up-to-date: /home/robomaven/activity1_ws/install/activity1_interfaces/local/lib/python3.10/dist-packages/activity1_interfaces/_activity1_interfaces_s.ep.rosidl_typesupport_introspection_c.c
[0.320s] -- Up-to-date: /home/robomaven/activity1_ws/install/activity1_interfaces/local/lib/python3.10/dist-packages/activity1_interfaces/libactivity1_interfaces__rosidl_generator_py.so
[0.320s] -- Up-to-date: /home/robomaven/activity1_ws/install/activity1_interfaces/local/lib/python3.10/dist-packages/activity1_interfaces/_activity1_interfaces_s.ep.rosidl_typesupport_fastrtps_c.c
[0.320s] -- Up-to-date: /home/robomaven/activity1_ws/install/activity1_interfaces/local/lib/python3.10/dist-packages/activity1_interfaces/activity1_interfaces_s__rosidl_typesupport_fastrtps_c.cpython-310-x86_64-linux-gnu.so
[0.320s] -- Up-to-date: /home/robomaven/activity1_ws/install/activity1_interfaces/local/lib/python3.10/dist-packages/activity1_interfaces/activity1_interfaces_s__rosidl_typesupport_introspection_c.cpython-310-x86_64-linux-gnu.so
[0.320s] -- Up-to-date: /home/robomaven/activity1_ws/install/activity1_interfaces/local/lib/python3.10/dist-packages/activity1_interfaces/_activity1_interfaces_s.ep.rosidl_typesupport_c.c
[0.320s] -- Up-to-date: /home/robomaven/activity1_ws/install/activity1_interfaces/local/lib/python3.10/dist-packages/activity1_interfaces/__init__.py
[0.320s] -- Up-to-date: /home/robomaven/activity1_ws/install/activity1_interfaces/local/lib/python3.10/dist-packages/activity1_interfaces/activity1_interfaces_s__rosidl_typesupport_c.cpython-310-x86_64-linux-gnu.so
[0.342s] Listing '/home/robomaven/activity1_ws/install/activity1_interfaces/local/lib/python3.10/dist-packages/activity1_interfaces'...
[0.342s] Listing '/home/robomaven/activity1_ws/install/activity1_interfaces/local/lib/python3.10/dist-packages/activity1_interfaces/msg'...
[0.342s] Listing '/home/robomaven/activity1_ws/install/activity1_interfaces/local/lib/python3.10/dist-packages/activity1_interfaces/srv'...
[0.345s] -- Up-to-date: /home/robomaven/activity1_ws/install/activity1_interfaces/local/lib/python3.10/dist-packages/activity1_interfaces/activity1_interfaces_s__rosidl_typesupport_fastrtps_c.cpython-310-x86_64-linux-gnu.so
[0.345s] -- Up-to-date: /home/robomaven/activity1_ws/install/activity1_interfaces/local/lib/python3.10/dist-packages/activity1_interfaces/activity1_interfaces_s__rosidl_typesupport_introspection_c.cpython-310-x86_64-linux-gnu.so
[0.345s] -- Up-to-date: /home/robomaven/activity1_ws/install/activity1_interfaces/local/lib/python3.10/dist-packages/activity1_interfaces/activity1_interfaces_s__rosidl_typesupport_c.cpython-310-x86_64-linux-gnu.so
[0.345s] -- Up-to-date: /home/robomaven/activity1_ws/install/activity1_interfaces/lib/libactivity1_interfaces__rosidl_generator_py.so
[0.345s] -- Up-to-date: /home/robomaven/activity1_ws/install/activity1_interfaces/share/activity1_interfaces/msg/Panel.idl
[0.345s] -- Up-to-date: /home/robomaven/activity1_ws/install/activity1_interfaces/share/activity1_interfaces/srv/SetLED.idl
[0.345s] -- Up-to-date: /home/robomaven/activity1_ws/install/activity1_interfaces/share/activity1_interfaces/msg/Panel.msg
[0.345s] -- Up-to-date: /home/robomaven/activity1_ws/install/activity1_interfaces/share/activity1_interfaces/srv/SetLED.srv
[0.345s] -- Up-to-date: /home/robomaven/activity1_ws/install/activity1_interfaces/share/activity1_interfaces/srv/SetLED_Request.msg
[0.345s] -- Up-to-date: /home/robomaven/activity1_ws/install/activity1_interfaces/share/activity1_interfaces/srv/SetLED_Response.msg
[0.345s] -- Up-to-date: /home/robomaven/activity1_ws/install/activity1_interfaces/share/ament_index/resource_index/package_run_dependencies/activity1_interfaces
[0.346s] -- Up-to-date: /home/robomaven/activity1_ws/install/activity1_interfaces/share/ament_index/resource_index/parent_prefix_path/activity1_interfaces
[0.346s] -- Up-to-date: /home/robomaven/activity1_ws/install/activity1_interfaces/share/activity1_interfaces/environment/ament_prefix_path.sh
[0.346s] -- Up-to-date: /home/robomaven/activity1_ws/install/activity1_interfaces/share/activity1_interfaces/environment/ament_prefix_path.dsv
[0.346s] -- Up-to-date: /home/robomaven/activity1_ws/install/activity1_interfaces/share/activity1_interfaces/environment/path.sh
[0.346s] -- Up-to-date: /home/robomaven/activity1_ws/install/activity1_interfaces/share/activity1_interfaces/environment/path.dsv
[0.346s] -- Up-to-date: /home/robomaven/activity1_ws/install/activity1_interfaces/share/activity1_interfaces/local_setup.bash
[0.346s] -- Up-to-date: /home/robomaven/activity1_ws/install/activity1_interfaces/share/activity1_interfaces/local_setup.sh
[0.346s] -- Up-to-date: /home/robomaven/activity1_ws/install/activity1_interfaces/share/activity1_interfaces/local_setup.zsh
[0.346s] -- Up-to-date: /home/robomaven/activity1_ws/install/activity1_interfaces/share/activity1_interfaces/local_setup.dsv
[0.346s] -- Up-to-date: /home/robomaven/activity1_ws/install/activity1_interfaces/share/activity1_interfaces/package.dsv
[0.346s] -- Up-to-date: /home/robomaven/activity1_ws/install/activity1_interfaces/share/ament_index/resource_index/packages/activity1_interfaces
[0.346s] -- Up-to-date: /home/robomaven/activity1_ws/install/activity1_interfaces/share/activity1_interfaces/cmake/export_activity1_interfaces__rosidl_generator_cExport.cmake
[0.346s] -- Up-to-date: /home/robomaven/activity1_ws/install/activity1_interfaces/share/activity1_interfaces/cmake/export_activity1_interfaces__rosidl_generator_cExport-noconfig.cmake
[0.346s] -- Up-to-date: /home/robomaven/activity1_ws/install/activity1_interfaces/share/activity1_interfaces/cmake/export_activity1_interfaces__rosidl_typesupport_fastrtps_cExport.cmake
[0.346s] -- Up-to-date: /home/robomaven/activity1_ws/install/activity1_interfaces/share/activity1_interfaces/cmake/export_activity1_interfaces__rosidl_typesupport_fastrtps_cExport-noconfig.cmake
[0.346s] -- Up-to-date: /home/robomaven/activity1_ws/install/activity1_interfaces/share/activity1_interfaces/cmake/activity1_interfaces__rosidl_typesupport_introspection_cExport.cmake
[0.346s] -- Up-to-date: /home/robomaven/activity1_ws/install/activity1_interfaces/share/activity1_interfaces/cmake/activity1_interfaces__rosidl_typesupport_introspection_cExport-noconfig.cmake
[0.346s] -- Up-to-date: /home/robomaven/activity1_ws/install/activity1_interfaces/share/activity1_interfaces/cmake/activity1_interfaces__rosidl_typesupport_cExport.cmake
[0.346s] -- Up-to-date: /home/robomaven/activity1_ws/install/activity1_interfaces/share/activity1_interfaces/cmake/activity1_interfaces__rosidl_typesupport_cExport-noconfig.cmake
[0.346s] -- Up-to-date: /home/robomaven/activity1_ws/install/activity1_interfaces/share/activity1_interfaces/cmake/export_activity1_interfaces__rosidl_generator_cppExport.cmake
[0.346s] -- Up-to-date: /home/robomaven/activity1_ws/install/activity1_interfaces/share/activity1_interfaces/cmake/export_activity1_interfaces__rosidl_typesupport_fastrtps_cppExport.cmake
[0.346s] -- Up-to-date: /home/robomaven/activity1_ws/install/activity1_interfaces/share/activity1_interfaces/cmake/export_activity1_interfaces__rosidl_typesupport_fastrtps_cppExport-noconfig.cmake
[0.346s] -- Up-to-date: /home/robomaven/activity1_ws/install/activity1_interfaces/share/activity1_interfaces/cmake/activity1_interfaces__rosidl_typesupport_introspection_cppExport.cmake
[0.346s] -- Up-to-date: /home/robomaven/activity1_ws/install/activity1_interfaces/share/activity1_interfaces/cmake/activity1_interfaces__rosidl_typesupport_introspection_cppExport-noconfig.cmake
[0.346s] -- Up-to-date: /home/robomaven/activity1_ws/install/activity1_interfaces/share/activity1_interfaces/cmake/activity1_interfaces__rosidl_typesupport_cppExport.cmake
[0.346s] -- Up-to-date: /home/robomaven/activity1_ws/install/activity1_interfaces/share/activity1_interfaces/cmake/activity1_interfaces__rosidl_typesupport_cppExport-noconfig.cmake
[0.346s] -- Up-to-date: /home/robomaven/activity1_ws/install/activity1_interfaces/share/activity1_interfaces/cmake/export_activity1_interfaces__rosidl_generator_pyExport.cmake
[0.347s] -- Up-to-date: /home/robomaven/activity1_ws/install/activity1_interfaces/share/activity1_interfaces/cmake/export_activity1_interfaces__rosidl_generator_pyExport-noconfig.cmake
[0.347s] -- Up-to-date: /home/robomaven/activity1_ws/install/activity1_interfaces/share/activity1_interfaces/cmake/rosidl_cmake-extras.cmake
[0.347s] -- Up-to-date: /home/robomaven/activity1_ws/install/activity1_interfaces/share/activity1_interfaces/cmake/ament_cmake_export_include_directories-extras.cmake
[0.347s] -- Up-to-date: /home/robomaven/activity1_ws/install/activity1_interfaces/share/activity1_interfaces/cmake/ament_cmake_export_libraries-extras.cmake
[0.347s] -- Up-to-date: /home/robomaven/activity1_ws/install/activity1_interfaces/share/activity1_interfaces/cmake/ament_cmake_export_targets-extras.cmake
[0.347s] -- Up-to-date: /home/robomaven/activity1_ws/install/activity1_interfaces/share/activity1_interfaces/cmake/rosidl_cmake_export_typesupport_targets-extras.cmake
[0.347s] -- Up-to-date: /home/robomaven/activity1_ws/install/activity1_interfaces/share/activity1_interfaces/cmake/ament_cmake_export_dependencies-extras.cmake
[0.347s] -- Up-to-date: /home/robomaven/activity1_ws/install/activity1_interfaces/share/activity1_interfaces/cmake/rosidl_cmake_export_typesupport_libraries-extras.cmake
[0.347s] -- Up-to-date: /home/robomaven/activity1_ws/install/activity1_interfaces/share/activity1_interfaces/cmake/activity1_interfacesConfig.cmake
[0.347s] -- Up-to-date: /home/robomaven/activity1_ws/install/activity1_interfaces/share/activity1_interfaces/cmake/activity1_interfacesConfig-version.cmake
[0.347s] -- Up-to-date: /home/robomaven/activity1_ws/install/activity1_interfaces/share/activity1_interfaces/package.xml
[0.348s] Invoked command in '/home/robomaven/activity1_ws/build/activity1_interfaces' returned '0': CMAKE_PREFIX_PATH=${CMAKE_PREFIX_PATH}:/home/robomaven/ros2_ws/install/my_py_pkg:/home/robomaven/activity1_ws/install/activity1_py_pkg:/opt/ros/humble /usr/bin/cmake --install /home/robomaven/activity1_ws/build/activity1_interfaces
