[0.023s] Invoking command in '/home/robomaven/ws/ws_moveit2/build/moveit_ros_planning': CMAKE_PREFIX_PATH=/home/robomaven/ws/ws_moveit2/install/moveit_ros_occupancy_map_monitor:/home/robomaven/ws/ws_moveit2/install/moveit_core:/home/robomaven/ws/ws_moveit2/install/moveit_resources_panda_moveit_config:/home/robomaven/ws/ws_moveit2/install/srdfdom:/home/robomaven/ws/ws_moveit2/install/moveit_resources_panda_description:/home/robomaven/ws/ws_moveit2/install/moveit_common:/home/robomaven/ws/ws_moveit2/install/pilz_industrial_motion_planner_testutils:/home/robomaven/ws/ws_moveit2/install/moveit_visual_tools:/home/robomaven/ws/ws_moveit2/install/moveit_ros_control_interface:/home/robomaven/ws/ws_moveit2/install/moveit_plugins:/home/robomaven/ws/ws_moveit2/install/moveit_simple_controller_manager:/home/robomaven/ws/ws_moveit2/install/moveit_ros_planning_interface:/home/robomaven/ws/ws_moveit2/install/moveit_ros_benchmarks:/home/robomaven/ws/ws_moveit2/install/moveit_ros_warehouse:/home/robomaven/ws/ws_moveit2/install/moveit_ros_robot_interaction:/home/robomaven/ws/ws_moveit2/install/moveit_ros_perception:/home/robomaven/ws/ws_moveit2/install/moveit_resources_prbt_pg70_support:/home/robomaven/ws/ws_moveit2/install/moveit_resources_prbt_moveit_config:/home/robomaven/ws/ws_moveit2/install/moveit_ros_move_group:/home/robomaven/ws/ws_moveit2/install/moveit_planners_ompl:/home/robomaven/ws/ws_moveit2/install/moveit_ros_planning:/home/robomaven/ws/ws_moveit2/install/moveit_resources_prbt_ikfast_manipulator_plugin:/home/robomaven/ws/ws_moveit2/install/moveit_planners_chomp:/home/robomaven/ws/ws_moveit2/install/moveit_kinematics:/home/robomaven/ws/ws_moveit2/install/moveit_chomp_optimizer_adapter:/home/robomaven/ws/ws_moveit2/install/chomp_motion_planner:/home/robomaven/ws/ws_moveit2/install/rviz_marker_tools:/home/robomaven/ws/ws_moveit2/install/rosparam_shortcuts:/home/robomaven/ws/ws_moveit2/install/moveit_task_constructor_msgs:/home/robomaven/ws/ws_moveit2/install/moveit_resources_prbt_support:/home/robomaven/ws/ws_moveit2/install/moveit_resources:/home/robomaven/ws/ws_moveit2/install/moveit_resources_pr2_description:/home/robomaven/ws/ws_moveit2/install/moveit_resources_fanuc_moveit_config:/home/robomaven/ws/ws_moveit2/install/moveit_resources_fanuc_description:/home/robomaven/ws/ws_moveit2/install/moveit_configs_utils:/home/robomaven/ws/ws_moveit2/install/launch_param_builder:/opt/ros/humble LD_LIBRARY_PATH=/home/robomaven/ws/ws_moveit2/install/moveit_ros_occupancy_map_monitor/lib:/home/robomaven/ws/ws_moveit2/install/moveit_core/lib:/home/robomaven/ws/ws_moveit2/install/srdfdom/lib:/home/robomaven/ws/ws_moveit2/install/pilz_industrial_motion_planner_testutils/lib:/home/robomaven/ws/ws_moveit2/install/moveit_visual_tools/lib:/home/robomaven/ws/ws_moveit2/install/moveit_ros_control_interface/lib:/home/robomaven/ws/ws_moveit2/install/moveit_simple_controller_manager/lib:/home/robomaven/ws/ws_moveit2/install/moveit_ros_planning_interface/lib:/home/robomaven/ws/ws_moveit2/install/moveit_ros_benchmarks/lib:/home/robomaven/ws/ws_moveit2/install/moveit_ros_warehouse/lib:/home/robomaven/ws/ws_moveit2/install/moveit_ros_robot_interaction/lib:/home/robomaven/ws/ws_moveit2/install/moveit_ros_perception/lib:/home/robomaven/ws/ws_moveit2/install/moveit_ros_move_group/lib:/home/robomaven/ws/ws_moveit2/install/moveit_planners_ompl/lib:/home/robomaven/ws/ws_moveit2/install/moveit_ros_planning/lib:/home/robomaven/ws/ws_moveit2/install/moveit_resources_prbt_ikfast_manipulator_plugin/lib:/home/robomaven/ws/ws_moveit2/install/moveit_planners_chomp/lib:/home/robomaven/ws/ws_moveit2/install/moveit_kinematics/lib:/home/robomaven/ws/ws_moveit2/install/moveit_chomp_optimizer_adapter/lib:/home/robomaven/ws/ws_moveit2/install/chomp_motion_planner/lib:/home/robomaven/ws/ws_moveit2/install/rviz_marker_tools/lib:/home/robomaven/ws/ws_moveit2/install/rosparam_shortcuts/lib:/home/robomaven/ws/ws_moveit2/install/moveit_task_constructor_msgs/lib:/usr/lib/x86_64-linux-gnu/gazebo-11/plugins:/opt/ros/humble/opt/rviz_ogre_vendor/lib:/opt/ros/humble/lib/x86_64-linux-gnu:/opt/ros/humble/lib:/usr/share/gazebo/../../lib/x86_64-linux-gnu/gazebo-11/plugins /usr/bin/cmake --build /home/robomaven/ws/ws_moveit2/build/moveit_ros_planning -- -j20 -l20
[0.065s] [35m[1mConsolidate compiler generated dependencies of target moveit_planning_pipeline[0m
[0.065s] [35m[1mConsolidate compiler generated dependencies of target moveit_rdf_loader[0m
[0.065s] [35m[1mConsolidate compiler generated dependencies of target moveit_collision_plugin_loader[0m
[0.068s] [35m[1mConsolidate compiler generated dependencies of target moveit_list_request_adapter_plugins[0m
[0.081s] [35m[1mConsolidate compiler generated dependencies of target moveit_default_planning_request_adapter_plugins[0m
[0.082s] [  4%] Built target moveit_rdf_loader
[0.086s] [  8%] Built target moveit_list_request_adapter_plugins
[0.086s] [ 11%] Built target moveit_collision_plugin_loader
[0.089s] [ 14%] Built target moveit_planning_pipeline
[0.098s] [35m[1mConsolidate compiler generated dependencies of target gmock[0m
[0.098s] [35m[1mConsolidate compiler generated dependencies of target moveit_kinematics_plugin_loader[0m
[0.098s] [35m[1mConsolidate compiler generated dependencies of target gmock_main[0m
[0.099s] [35m[1mConsolidate compiler generated dependencies of target moveit_constraint_sampler_manager_loader[0m
[0.110s] [ 17%] Built target gmock_main
[0.114s] [ 22%] Built target gmock
[0.121s] [ 25%] Built target moveit_kinematics_plugin_loader
[0.121s] [ 29%] Built target moveit_constraint_sampler_manager_loader
[0.129s] [35m[1mConsolidate compiler generated dependencies of target moveit_robot_model_loader[0m
[0.137s] [ 46%] Built target moveit_default_planning_request_adapter_plugins
[0.146s] [ 50%] Built target moveit_robot_model_loader
[0.157s] [35m[1mConsolidate compiler generated dependencies of target moveit_print_planning_model_info[0m
[0.161s] [35m[1mConsolidate compiler generated dependencies of target moveit_planning_scene_monitor[0m
[0.174s] [ 53%] Built target moveit_print_planning_model_info
[0.196s] [ 62%] Built target moveit_planning_scene_monitor
[0.207s] [35m[1mConsolidate compiler generated dependencies of target current_state_monitor_tests[0m
[0.207s] [35m[1mConsolidate compiler generated dependencies of target trajectory_monitor_tests[0m
[0.207s] [35m[1mConsolidate compiler generated dependencies of target moveit_print_planning_scene_info[0m
[0.207s] [35m[1mConsolidate compiler generated dependencies of target demo_scene[0m
[0.228s] [ 67%] Built target trajectory_monitor_tests
[0.228s] [ 69%] Built target moveit_print_planning_scene_info
[0.228s] [ 72%] Built target current_state_monitor_tests
[0.228s] [ 75%] Built target demo_scene
[0.238s] [35m[1mConsolidate compiler generated dependencies of target moveit_trajectory_execution_manager[0m
[0.239s] [35m[1mConsolidate compiler generated dependencies of target moveit_evaluate_collision_checking_speed[0m
[0.239s] [35m[1mConsolidate compiler generated dependencies of target moveit_visualize_robot_collision_volume[0m
[0.242s] [35m[1mConsolidate compiler generated dependencies of target moveit_publish_scene_from_text[0m
[0.261s] [ 83%] Built target moveit_visualize_robot_collision_volume
[0.261s] [ 83%] Built target moveit_evaluate_collision_checking_speed
[0.261s] [ 87%] Built target moveit_trajectory_execution_manager
[0.262s] [ 88%] Built target moveit_publish_scene_from_text
[0.273s] [35m[1mConsolidate compiler generated dependencies of target moveit_display_random_state[0m
[0.273s] [35m[1mConsolidate compiler generated dependencies of target moveit_plan_execution[0m
[0.277s] [35m[1mConsolidate compiler generated dependencies of target moveit_cpp[0m
[0.293s] [ 91%] Built target moveit_display_random_state
[0.294s] [ 95%] Built target moveit_plan_execution
[0.302s] [100%] Built target moveit_cpp
[0.314s] Invoked command in '/home/robomaven/ws/ws_moveit2/build/moveit_ros_planning' returned '0': CMAKE_PREFIX_PATH=/home/robomaven/ws/ws_moveit2/install/moveit_ros_occupancy_map_monitor:/home/robomaven/ws/ws_moveit2/install/moveit_core:/home/robomaven/ws/ws_moveit2/install/moveit_resources_panda_moveit_config:/home/robomaven/ws/ws_moveit2/install/srdfdom:/home/robomaven/ws/ws_moveit2/install/moveit_resources_panda_description:/home/robomaven/ws/ws_moveit2/install/moveit_common:/home/robomaven/ws/ws_moveit2/install/pilz_industrial_motion_planner_testutils:/home/robomaven/ws/ws_moveit2/install/moveit_visual_tools:/home/robomaven/ws/ws_moveit2/install/moveit_ros_control_interface:/home/robomaven/ws/ws_moveit2/install/moveit_plugins:/home/robomaven/ws/ws_moveit2/install/moveit_simple_controller_manager:/home/robomaven/ws/ws_moveit2/install/moveit_ros_planning_interface:/home/robomaven/ws/ws_moveit2/install/moveit_ros_benchmarks:/home/robomaven/ws/ws_moveit2/install/moveit_ros_warehouse:/home/robomaven/ws/ws_moveit2/install/moveit_ros_robot_interaction:/home/robomaven/ws/ws_moveit2/install/moveit_ros_perception:/home/robomaven/ws/ws_moveit2/install/moveit_resources_prbt_pg70_support:/home/robomaven/ws/ws_moveit2/install/moveit_resources_prbt_moveit_config:/home/robomaven/ws/ws_moveit2/install/moveit_ros_move_group:/home/robomaven/ws/ws_moveit2/install/moveit_planners_ompl:/home/robomaven/ws/ws_moveit2/install/moveit_ros_planning:/home/robomaven/ws/ws_moveit2/install/moveit_resources_prbt_ikfast_manipulator_plugin:/home/robomaven/ws/ws_moveit2/install/moveit_planners_chomp:/home/robomaven/ws/ws_moveit2/install/moveit_kinematics:/home/robomaven/ws/ws_moveit2/install/moveit_chomp_optimizer_adapter:/home/robomaven/ws/ws_moveit2/install/chomp_motion_planner:/home/robomaven/ws/ws_moveit2/install/rviz_marker_tools:/home/robomaven/ws/ws_moveit2/install/rosparam_shortcuts:/home/robomaven/ws/ws_moveit2/install/moveit_task_constructor_msgs:/home/robomaven/ws/ws_moveit2/install/moveit_resources_prbt_support:/home/robomaven/ws/ws_moveit2/install/moveit_resources:/home/robomaven/ws/ws_moveit2/install/moveit_resources_pr2_description:/home/robomaven/ws/ws_moveit2/install/moveit_resources_fanuc_moveit_config:/home/robomaven/ws/ws_moveit2/install/moveit_resources_fanuc_description:/home/robomaven/ws/ws_moveit2/install/moveit_configs_utils:/home/robomaven/ws/ws_moveit2/install/launch_param_builder:/opt/ros/humble LD_LIBRARY_PATH=/home/robomaven/ws/ws_moveit2/install/moveit_ros_occupancy_map_monitor/lib:/home/robomaven/ws/ws_moveit2/install/moveit_core/lib:/home/robomaven/ws/ws_moveit2/install/srdfdom/lib:/home/robomaven/ws/ws_moveit2/install/pilz_industrial_motion_planner_testutils/lib:/home/robomaven/ws/ws_moveit2/install/moveit_visual_tools/lib:/home/robomaven/ws/ws_moveit2/install/moveit_ros_control_interface/lib:/home/robomaven/ws/ws_moveit2/install/moveit_simple_controller_manager/lib:/home/robomaven/ws/ws_moveit2/install/moveit_ros_planning_interface/lib:/home/robomaven/ws/ws_moveit2/install/moveit_ros_benchmarks/lib:/home/robomaven/ws/ws_moveit2/install/moveit_ros_warehouse/lib:/home/robomaven/ws/ws_moveit2/install/moveit_ros_robot_interaction/lib:/home/robomaven/ws/ws_moveit2/install/moveit_ros_perception/lib:/home/robomaven/ws/ws_moveit2/install/moveit_ros_move_group/lib:/home/robomaven/ws/ws_moveit2/install/moveit_planners_ompl/lib:/home/robomaven/ws/ws_moveit2/install/moveit_ros_planning/lib:/home/robomaven/ws/ws_moveit2/install/moveit_resources_prbt_ikfast_manipulator_plugin/lib:/home/robomaven/ws/ws_moveit2/install/moveit_planners_chomp/lib:/home/robomaven/ws/ws_moveit2/install/moveit_kinematics/lib:/home/robomaven/ws/ws_moveit2/install/moveit_chomp_optimizer_adapter/lib:/home/robomaven/ws/ws_moveit2/install/chomp_motion_planner/lib:/home/robomaven/ws/ws_moveit2/install/rviz_marker_tools/lib:/home/robomaven/ws/ws_moveit2/install/rosparam_shortcuts/lib:/home/robomaven/ws/ws_moveit2/install/moveit_task_constructor_msgs/lib:/usr/lib/x86_64-linux-gnu/gazebo-11/plugins:/opt/ros/humble/opt/rviz_ogre_vendor/lib:/opt/ros/humble/lib/x86_64-linux-gnu:/opt/ros/humble/lib:/usr/share/gazebo/../../lib/x86_64-linux-gnu/gazebo-11/plugins /usr/bin/cmake --build /home/robomaven/ws/ws_moveit2/build/moveit_ros_planning -- -j20 -l20
[0.381s] Invoking command in '/home/robomaven/ws/ws_moveit2/build/moveit_ros_planning': CMAKE_PREFIX_PATH=/home/robomaven/ws/ws_moveit2/install/moveit_ros_occupancy_map_monitor:/home/robomaven/ws/ws_moveit2/install/moveit_core:/home/robomaven/ws/ws_moveit2/install/moveit_resources_panda_moveit_config:/home/robomaven/ws/ws_moveit2/install/srdfdom:/home/robomaven/ws/ws_moveit2/install/moveit_resources_panda_description:/home/robomaven/ws/ws_moveit2/install/moveit_common:/home/robomaven/ws/ws_moveit2/install/pilz_industrial_motion_planner_testutils:/home/robomaven/ws/ws_moveit2/install/moveit_visual_tools:/home/robomaven/ws/ws_moveit2/install/moveit_ros_control_interface:/home/robomaven/ws/ws_moveit2/install/moveit_plugins:/home/robomaven/ws/ws_moveit2/install/moveit_simple_controller_manager:/home/robomaven/ws/ws_moveit2/install/moveit_ros_planning_interface:/home/robomaven/ws/ws_moveit2/install/moveit_ros_benchmarks:/home/robomaven/ws/ws_moveit2/install/moveit_ros_warehouse:/home/robomaven/ws/ws_moveit2/install/moveit_ros_robot_interaction:/home/robomaven/ws/ws_moveit2/install/moveit_ros_perception:/home/robomaven/ws/ws_moveit2/install/moveit_resources_prbt_pg70_support:/home/robomaven/ws/ws_moveit2/install/moveit_resources_prbt_moveit_config:/home/robomaven/ws/ws_moveit2/install/moveit_ros_move_group:/home/robomaven/ws/ws_moveit2/install/moveit_planners_ompl:/home/robomaven/ws/ws_moveit2/install/moveit_ros_planning:/home/robomaven/ws/ws_moveit2/install/moveit_resources_prbt_ikfast_manipulator_plugin:/home/robomaven/ws/ws_moveit2/install/moveit_planners_chomp:/home/robomaven/ws/ws_moveit2/install/moveit_kinematics:/home/robomaven/ws/ws_moveit2/install/moveit_chomp_optimizer_adapter:/home/robomaven/ws/ws_moveit2/install/chomp_motion_planner:/home/robomaven/ws/ws_moveit2/install/rviz_marker_tools:/home/robomaven/ws/ws_moveit2/install/rosparam_shortcuts:/home/robomaven/ws/ws_moveit2/install/moveit_task_constructor_msgs:/home/robomaven/ws/ws_moveit2/install/moveit_resources_prbt_support:/home/robomaven/ws/ws_moveit2/install/moveit_resources:/home/robomaven/ws/ws_moveit2/install/moveit_resources_pr2_description:/home/robomaven/ws/ws_moveit2/install/moveit_resources_fanuc_moveit_config:/home/robomaven/ws/ws_moveit2/install/moveit_resources_fanuc_description:/home/robomaven/ws/ws_moveit2/install/moveit_configs_utils:/home/robomaven/ws/ws_moveit2/install/launch_param_builder:/opt/ros/humble LD_LIBRARY_PATH=/home/robomaven/ws/ws_moveit2/install/moveit_ros_occupancy_map_monitor/lib:/home/robomaven/ws/ws_moveit2/install/moveit_core/lib:/home/robomaven/ws/ws_moveit2/install/srdfdom/lib:/home/robomaven/ws/ws_moveit2/install/pilz_industrial_motion_planner_testutils/lib:/home/robomaven/ws/ws_moveit2/install/moveit_visual_tools/lib:/home/robomaven/ws/ws_moveit2/install/moveit_ros_control_interface/lib:/home/robomaven/ws/ws_moveit2/install/moveit_simple_controller_manager/lib:/home/robomaven/ws/ws_moveit2/install/moveit_ros_planning_interface/lib:/home/robomaven/ws/ws_moveit2/install/moveit_ros_benchmarks/lib:/home/robomaven/ws/ws_moveit2/install/moveit_ros_warehouse/lib:/home/robomaven/ws/ws_moveit2/install/moveit_ros_robot_interaction/lib:/home/robomaven/ws/ws_moveit2/install/moveit_ros_perception/lib:/home/robomaven/ws/ws_moveit2/install/moveit_ros_move_group/lib:/home/robomaven/ws/ws_moveit2/install/moveit_planners_ompl/lib:/home/robomaven/ws/ws_moveit2/install/moveit_ros_planning/lib:/home/robomaven/ws/ws_moveit2/install/moveit_resources_prbt_ikfast_manipulator_plugin/lib:/home/robomaven/ws/ws_moveit2/install/moveit_planners_chomp/lib:/home/robomaven/ws/ws_moveit2/install/moveit_kinematics/lib:/home/robomaven/ws/ws_moveit2/install/moveit_chomp_optimizer_adapter/lib:/home/robomaven/ws/ws_moveit2/install/chomp_motion_planner/lib:/home/robomaven/ws/ws_moveit2/install/rviz_marker_tools/lib:/home/robomaven/ws/ws_moveit2/install/rosparam_shortcuts/lib:/home/robomaven/ws/ws_moveit2/install/moveit_task_constructor_msgs/lib:/usr/lib/x86_64-linux-gnu/gazebo-11/plugins:/opt/ros/humble/opt/rviz_ogre_vendor/lib:/opt/ros/humble/lib/x86_64-linux-gnu:/opt/ros/humble/lib:/usr/share/gazebo/../../lib/x86_64-linux-gnu/gazebo-11/plugins /usr/bin/cmake --install /home/robomaven/ws/ws_moveit2/build/moveit_ros_planning
[0.391s] -- Install configuration: "Release"
[0.392s] -- Up-to-date: /home/robomaven/ws/ws_moveit2/install/moveit_ros_planning/include
[0.392s] -- Up-to-date: /home/robomaven/ws/ws_moveit2/install/moveit_ros_planning/include/moveit
[0.392s] -- Up-to-date: /home/robomaven/ws/ws_moveit2/install/moveit_ros_planning/include/moveit/rdf_loader
[0.392s] -- Up-to-date: /home/robomaven/ws/ws_moveit2/install/moveit_ros_planning/include/moveit/rdf_loader/rdf_loader.h
[0.392s] -- Up-to-date: /home/robomaven/ws/ws_moveit2/install/moveit_ros_planning/include/moveit/rdf_loader/synchronized_string_parameter.h
[0.392s] -- Up-to-date: /home/robomaven/ws/ws_moveit2/install/moveit_ros_planning/share/moveit_ros_planning/rdf_loader/test/data
[0.392s] -- Up-to-date: /home/robomaven/ws/ws_moveit2/install/moveit_ros_planning/share/moveit_ros_planning/rdf_loader/test/data/kermit.urdf
[0.392s] -- Up-to-date: /home/robomaven/ws/ws_moveit2/install/moveit_ros_planning/share/moveit_ros_planning/rdf_loader/test/data/gonzo.urdf
[0.393s] -- Up-to-date: /home/robomaven/ws/ws_moveit2/install/moveit_ros_planning/share/moveit_ros_planning/rdf_loader/test/data/gonzo.srdf
[0.393s] -- Up-to-date: /home/robomaven/ws/ws_moveit2/install/moveit_ros_planning/share/moveit_ros_planning/rdf_loader/test/data/robin.srdf.xacro
[0.393s] -- Up-to-date: /home/robomaven/ws/ws_moveit2/install/moveit_ros_planning/share/moveit_ros_planning/rdf_loader/test/data/kermit.srdf
[0.393s] -- Up-to-date: /home/robomaven/ws/ws_moveit2/install/moveit_ros_planning/share/moveit_ros_planning/rdf_loader/test/launch
[0.393s] -- Up-to-date: /home/robomaven/ws/ws_moveit2/install/moveit_ros_planning/share/moveit_ros_planning/rdf_loader/test/launch/test_rdf_integration.test.py
[0.393s] -- Up-to-date: /home/robomaven/ws/ws_moveit2/install/moveit_ros_planning/include
[0.393s] -- Up-to-date: /home/robomaven/ws/ws_moveit2/install/moveit_ros_planning/include/moveit
[0.393s] -- Up-to-date: /home/robomaven/ws/ws_moveit2/install/moveit_ros_planning/include/moveit/collision_plugin_loader
[0.393s] -- Up-to-date: /home/robomaven/ws/ws_moveit2/install/moveit_ros_planning/include/moveit/collision_plugin_loader/collision_plugin_loader.h
[0.393s] -- Up-to-date: /home/robomaven/ws/ws_moveit2/install/moveit_ros_planning/include
[0.394s] -- Up-to-date: /home/robomaven/ws/ws_moveit2/install/moveit_ros_planning/include/moveit
[0.394s] -- Up-to-date: /home/robomaven/ws/ws_moveit2/install/moveit_ros_planning/include/moveit/kinematics_plugin_loader
[0.394s] -- Up-to-date: /home/robomaven/ws/ws_moveit2/install/moveit_ros_planning/include/moveit/kinematics_plugin_loader/kinematics_plugin_loader.h
[0.394s] -- Up-to-date: /home/robomaven/ws/ws_moveit2/install/moveit_ros_planning/include
[0.394s] -- Up-to-date: /home/robomaven/ws/ws_moveit2/install/moveit_ros_planning/include/moveit
[0.394s] -- Up-to-date: /home/robomaven/ws/ws_moveit2/install/moveit_ros_planning/include/moveit/robot_model_loader
[0.394s] -- Up-to-date: /home/robomaven/ws/ws_moveit2/install/moveit_ros_planning/include/moveit/robot_model_loader/robot_model_loader.h
[0.394s] -- Up-to-date: /home/robomaven/ws/ws_moveit2/install/moveit_ros_planning/include
[0.394s] -- Up-to-date: /home/robomaven/ws/ws_moveit2/install/moveit_ros_planning/include/moveit
[0.394s] -- Up-to-date: /home/robomaven/ws/ws_moveit2/install/moveit_ros_planning/include/moveit/constraint_sampler_manager_loader
[0.394s] -- Up-to-date: /home/robomaven/ws/ws_moveit2/install/moveit_ros_planning/include/moveit/constraint_sampler_manager_loader/constraint_sampler_manager_loader.h
[0.395s] -- Up-to-date: /home/robomaven/ws/ws_moveit2/install/moveit_ros_planning/include
[0.395s] -- Up-to-date: /home/robomaven/ws/ws_moveit2/install/moveit_ros_planning/include/moveit
[0.395s] -- Up-to-date: /home/robomaven/ws/ws_moveit2/install/moveit_ros_planning/include/moveit/planning_pipeline
[0.395s] -- Up-to-date: /home/robomaven/ws/ws_moveit2/install/moveit_ros_planning/include/moveit/planning_pipeline/planning_pipeline.h
[0.395s] -- Up-to-date: /home/robomaven/ws/ws_moveit2/install/moveit_ros_planning/include/moveit_planning_pipeline_export.h
[0.396s] -- Up-to-date: /home/robomaven/ws/ws_moveit2/install/moveit_ros_planning/lib/moveit_ros_planning/moveit_list_request_adapter_plugins
[0.396s] -- Up-to-date: /home/robomaven/ws/ws_moveit2/install/moveit_ros_planning/lib/moveit_ros_planning/demo_scene
[0.396s] -- Up-to-date: /home/robomaven/ws/ws_moveit2/install/moveit_ros_planning/include
[0.396s] -- Up-to-date: /home/robomaven/ws/ws_moveit2/install/moveit_ros_planning/include/moveit
[0.396s] -- Up-to-date: /home/robomaven/ws/ws_moveit2/install/moveit_ros_planning/include/moveit/planning_scene_monitor
[0.397s] -- Up-to-date: /home/robomaven/ws/ws_moveit2/install/moveit_ros_planning/include/moveit/planning_scene_monitor/current_state_monitor.h
[0.397s] -- Up-to-date: /home/robomaven/ws/ws_moveit2/install/moveit_ros_planning/include/moveit/planning_scene_monitor/current_state_monitor_middleware_handle.hpp
[0.397s] -- Up-to-date: /home/robomaven/ws/ws_moveit2/install/moveit_ros_planning/include/moveit/planning_scene_monitor/trajectory_monitor_middleware_handle.hpp
[0.397s] -- Up-to-date: /home/robomaven/ws/ws_moveit2/install/moveit_ros_planning/include/moveit/planning_scene_monitor/planning_scene_monitor.h
[0.397s] -- Up-to-date: /home/robomaven/ws/ws_moveit2/install/moveit_ros_planning/include/moveit/planning_scene_monitor/trajectory_monitor.h
[0.397s] -- Up-to-date: /home/robomaven/ws/ws_moveit2/install/moveit_ros_planning/include/moveit_planning_scene_monitor_export.h
[0.398s] -- Up-to-date: /home/robomaven/ws/ws_moveit2/install/moveit_ros_planning/lib/moveit_ros_planning/moveit_print_planning_model_info
[0.398s] -- Up-to-date: /home/robomaven/ws/ws_moveit2/install/moveit_ros_planning/lib/moveit_ros_planning/moveit_print_planning_scene_info
[0.398s] -- Up-to-date: /home/robomaven/ws/ws_moveit2/install/moveit_ros_planning/lib/moveit_ros_planning/moveit_display_random_state
[0.399s] -- Up-to-date: /home/robomaven/ws/ws_moveit2/install/moveit_ros_planning/lib/moveit_ros_planning/moveit_visualize_robot_collision_volume
[0.399s] -- Up-to-date: /home/robomaven/ws/ws_moveit2/install/moveit_ros_planning/lib/moveit_ros_planning/moveit_evaluate_collision_checking_speed
[0.400s] -- Up-to-date: /home/robomaven/ws/ws_moveit2/install/moveit_ros_planning/lib/moveit_ros_planning/moveit_publish_scene_from_text
[0.400s] -- Up-to-date: /home/robomaven/ws/ws_moveit2/install/moveit_ros_planning/include
[0.400s] -- Up-to-date: /home/robomaven/ws/ws_moveit2/install/moveit_ros_planning/include/moveit
[0.400s] -- Up-to-date: /home/robomaven/ws/ws_moveit2/install/moveit_ros_planning/include/moveit/trajectory_execution_manager
[0.400s] -- Up-to-date: /home/robomaven/ws/ws_moveit2/install/moveit_ros_planning/include/moveit/trajectory_execution_manager/trajectory_execution_manager.h
[0.400s] -- Up-to-date: /home/robomaven/ws/ws_moveit2/install/moveit_ros_planning/include/moveit_trajectory_execution_manager_export.h
[0.400s] -- Up-to-date: /home/robomaven/ws/ws_moveit2/install/moveit_ros_planning/include
[0.400s] -- Up-to-date: /home/robomaven/ws/ws_moveit2/install/moveit_ros_planning/include/moveit
[0.400s] -- Up-to-date: /home/robomaven/ws/ws_moveit2/install/moveit_ros_planning/include/moveit/plan_execution
[0.400s] -- Up-to-date: /home/robomaven/ws/ws_moveit2/install/moveit_ros_planning/include/moveit/plan_execution/plan_representation.h
[0.400s] -- Up-to-date: /home/robomaven/ws/ws_moveit2/install/moveit_ros_planning/include/moveit/plan_execution/plan_execution.h
[0.401s] -- Up-to-date: /home/robomaven/ws/ws_moveit2/install/moveit_ros_planning/include
[0.401s] -- Up-to-date: /home/robomaven/ws/ws_moveit2/install/moveit_ros_planning/include/moveit
[0.401s] -- Up-to-date: /home/robomaven/ws/ws_moveit2/install/moveit_ros_planning/include/moveit/moveit_cpp
[0.401s] -- Up-to-date: /home/robomaven/ws/ws_moveit2/install/moveit_ros_planning/include/moveit/moveit_cpp/planning_component.h
[0.401s] -- Up-to-date: /home/robomaven/ws/ws_moveit2/install/moveit_ros_planning/include/moveit/moveit_cpp/moveit_cpp.h
[0.401s] -- Up-to-date: /home/robomaven/ws/ws_moveit2/install/moveit_ros_planning/lib/libmoveit_rdf_loader.so.2.5.5
[0.401s] -- Up-to-date: /home/robomaven/ws/ws_moveit2/install/moveit_ros_planning/lib/libmoveit_rdf_loader.so
[0.402s] -- Up-to-date: /home/robomaven/ws/ws_moveit2/install/moveit_ros_planning/lib/libmoveit_kinematics_plugin_loader.so.2.5.5
[0.402s] -- Up-to-date: /home/robomaven/ws/ws_moveit2/install/moveit_ros_planning/lib/libmoveit_kinematics_plugin_loader.so
[0.402s] -- Up-to-date: /home/robomaven/ws/ws_moveit2/install/moveit_ros_planning/lib/libmoveit_robot_model_loader.so.2.5.5
[0.402s] -- Up-to-date: /home/robomaven/ws/ws_moveit2/install/moveit_ros_planning/lib/libmoveit_robot_model_loader.so
[0.403s] -- Up-to-date: /home/robomaven/ws/ws_moveit2/install/moveit_ros_planning/lib/libmoveit_constraint_sampler_manager_loader.so.2.5.5
[0.403s] -- Up-to-date: /home/robomaven/ws/ws_moveit2/install/moveit_ros_planning/lib/libmoveit_constraint_sampler_manager_loader.so
[0.403s] -- Up-to-date: /home/robomaven/ws/ws_moveit2/install/moveit_ros_planning/lib/libmoveit_planning_pipeline.so.2.5.5
[0.403s] -- Up-to-date: /home/robomaven/ws/ws_moveit2/install/moveit_ros_planning/lib/libmoveit_planning_pipeline.so
[0.404s] -- Up-to-date: /home/robomaven/ws/ws_moveit2/install/moveit_ros_planning/lib/libmoveit_trajectory_execution_manager.so.2.5.5
[0.404s] -- Up-to-date: /home/robomaven/ws/ws_moveit2/install/moveit_ros_planning/lib/libmoveit_trajectory_execution_manager.so
[0.404s] -- Up-to-date: /home/robomaven/ws/ws_moveit2/install/moveit_ros_planning/lib/libmoveit_plan_execution.so.2.5.5
[0.404s] -- Up-to-date: /home/robomaven/ws/ws_moveit2/install/moveit_ros_planning/lib/libmoveit_plan_execution.so
[0.404s] -- Up-to-date: /home/robomaven/ws/ws_moveit2/install/moveit_ros_planning/lib/libmoveit_planning_scene_monitor.so.2.5.5
[0.404s] -- Up-to-date: /home/robomaven/ws/ws_moveit2/install/moveit_ros_planning/lib/libmoveit_planning_scene_monitor.so
[0.405s] -- Up-to-date: /home/robomaven/ws/ws_moveit2/install/moveit_ros_planning/lib/libmoveit_collision_plugin_loader.so.2.5.5
[0.405s] -- Up-to-date: /home/robomaven/ws/ws_moveit2/install/moveit_ros_planning/lib/libmoveit_collision_plugin_loader.so
[0.405s] -- Up-to-date: /home/robomaven/ws/ws_moveit2/install/moveit_ros_planning/lib/libmoveit_default_planning_request_adapter_plugins.so.2.5.5
[0.405s] -- Up-to-date: /home/robomaven/ws/ws_moveit2/install/moveit_ros_planning/lib/libmoveit_default_planning_request_adapter_plugins.so
[0.406s] -- Up-to-date: /home/robomaven/ws/ws_moveit2/install/moveit_ros_planning/lib/libmoveit_cpp.so.2.5.5
[0.406s] -- Up-to-date: /home/robomaven/ws/ws_moveit2/install/moveit_ros_planning/lib/libmoveit_cpp.so
[0.406s] -- Up-to-date: /home/robomaven/ws/ws_moveit2/install/moveit_ros_planning/share/moveit_ros_planning/environment/library_path.sh
[0.406s] -- Up-to-date: /home/robomaven/ws/ws_moveit2/install/moveit_ros_planning/share/moveit_ros_planning/environment/library_path.dsv
[0.406s] -- Up-to-date: /home/robomaven/ws/ws_moveit2/install/moveit_ros_planning/share/moveit_ros_planning/planning_request_adapters_plugin_description.xml
[0.406s] -- Up-to-date: /home/robomaven/ws/ws_moveit2/install/moveit_ros_planning/share/ament_index/resource_index/package_run_dependencies/moveit_ros_planning
[0.406s] -- Up-to-date: /home/robomaven/ws/ws_moveit2/install/moveit_ros_planning/share/ament_index/resource_index/parent_prefix_path/moveit_ros_planning
[0.406s] -- Up-to-date: /home/robomaven/ws/ws_moveit2/install/moveit_ros_planning/share/moveit_ros_planning/environment/ament_prefix_path.sh
[0.406s] -- Up-to-date: /home/robomaven/ws/ws_moveit2/install/moveit_ros_planning/share/moveit_ros_planning/environment/ament_prefix_path.dsv
[0.406s] -- Up-to-date: /home/robomaven/ws/ws_moveit2/install/moveit_ros_planning/share/moveit_ros_planning/environment/path.sh
[0.406s] -- Up-to-date: /home/robomaven/ws/ws_moveit2/install/moveit_ros_planning/share/moveit_ros_planning/environment/path.dsv
[0.406s] -- Up-to-date: /home/robomaven/ws/ws_moveit2/install/moveit_ros_planning/share/moveit_ros_planning/local_setup.bash
[0.406s] -- Up-to-date: /home/robomaven/ws/ws_moveit2/install/moveit_ros_planning/share/moveit_ros_planning/local_setup.sh
[0.406s] -- Up-to-date: /home/robomaven/ws/ws_moveit2/install/moveit_ros_planning/share/moveit_ros_planning/local_setup.zsh
[0.406s] -- Up-to-date: /home/robomaven/ws/ws_moveit2/install/moveit_ros_planning/share/moveit_ros_planning/local_setup.dsv
[0.406s] -- Installing: /home/robomaven/ws/ws_moveit2/install/moveit_ros_planning/share/moveit_ros_planning/package.dsv
[0.407s] -- Up-to-date: /home/robomaven/ws/ws_moveit2/install/moveit_ros_planning/share/ament_index/resource_index/packages/moveit_ros_planning
[0.407s] -- Up-to-date: /home/robomaven/ws/ws_moveit2/install/moveit_ros_planning/share/ament_index/resource_index/moveit_core__pluginlib__plugin/moveit_ros_planning
[0.408s] -- Up-to-date: /home/robomaven/ws/ws_moveit2/install/moveit_ros_planning/share/moveit_ros_planning/cmake/export_moveit_ros_planningExport.cmake
[0.408s] -- Up-to-date: /home/robomaven/ws/ws_moveit2/install/moveit_ros_planning/share/moveit_ros_planning/cmake/export_moveit_ros_planningExport-release.cmake
[0.408s] -- Up-to-date: /home/robomaven/ws/ws_moveit2/install/moveit_ros_planning/share/moveit_ros_planning/cmake/ConfigExtras.cmake
[0.408s] -- Up-to-date: /home/robomaven/ws/ws_moveit2/install/moveit_ros_planning/share/moveit_ros_planning/cmake/ament_cmake_export_targets-extras.cmake
[0.408s] -- Up-to-date: /home/robomaven/ws/ws_moveit2/install/moveit_ros_planning/share/moveit_ros_planning/cmake/ament_cmake_export_dependencies-extras.cmake
[0.408s] -- Up-to-date: /home/robomaven/ws/ws_moveit2/install/moveit_ros_planning/share/moveit_ros_planning/cmake/moveit_ros_planningConfig.cmake
[0.408s] -- Up-to-date: /home/robomaven/ws/ws_moveit2/install/moveit_ros_planning/share/moveit_ros_planning/cmake/moveit_ros_planningConfig-version.cmake
[0.408s] -- Up-to-date: /home/robomaven/ws/ws_moveit2/install/moveit_ros_planning/share/moveit_ros_planning/package.xml
[0.409s] Invoked command in '/home/robomaven/ws/ws_moveit2/build/moveit_ros_planning' returned '0': CMAKE_PREFIX_PATH=/home/robomaven/ws/ws_moveit2/install/moveit_ros_occupancy_map_monitor:/home/robomaven/ws/ws_moveit2/install/moveit_core:/home/robomaven/ws/ws_moveit2/install/moveit_resources_panda_moveit_config:/home/robomaven/ws/ws_moveit2/install/srdfdom:/home/robomaven/ws/ws_moveit2/install/moveit_resources_panda_description:/home/robomaven/ws/ws_moveit2/install/moveit_common:/home/robomaven/ws/ws_moveit2/install/pilz_industrial_motion_planner_testutils:/home/robomaven/ws/ws_moveit2/install/moveit_visual_tools:/home/robomaven/ws/ws_moveit2/install/moveit_ros_control_interface:/home/robomaven/ws/ws_moveit2/install/moveit_plugins:/home/robomaven/ws/ws_moveit2/install/moveit_simple_controller_manager:/home/robomaven/ws/ws_moveit2/install/moveit_ros_planning_interface:/home/robomaven/ws/ws_moveit2/install/moveit_ros_benchmarks:/home/robomaven/ws/ws_moveit2/install/moveit_ros_warehouse:/home/robomaven/ws/ws_moveit2/install/moveit_ros_robot_interaction:/home/robomaven/ws/ws_moveit2/install/moveit_ros_perception:/home/robomaven/ws/ws_moveit2/install/moveit_resources_prbt_pg70_support:/home/robomaven/ws/ws_moveit2/install/moveit_resources_prbt_moveit_config:/home/robomaven/ws/ws_moveit2/install/moveit_ros_move_group:/home/robomaven/ws/ws_moveit2/install/moveit_planners_ompl:/home/robomaven/ws/ws_moveit2/install/moveit_ros_planning:/home/robomaven/ws/ws_moveit2/install/moveit_resources_prbt_ikfast_manipulator_plugin:/home/robomaven/ws/ws_moveit2/install/moveit_planners_chomp:/home/robomaven/ws/ws_moveit2/install/moveit_kinematics:/home/robomaven/ws/ws_moveit2/install/moveit_chomp_optimizer_adapter:/home/robomaven/ws/ws_moveit2/install/chomp_motion_planner:/home/robomaven/ws/ws_moveit2/install/rviz_marker_tools:/home/robomaven/ws/ws_moveit2/install/rosparam_shortcuts:/home/robomaven/ws/ws_moveit2/install/moveit_task_constructor_msgs:/home/robomaven/ws/ws_moveit2/install/moveit_resources_prbt_support:/home/robomaven/ws/ws_moveit2/install/moveit_resources:/home/robomaven/ws/ws_moveit2/install/moveit_resources_pr2_description:/home/robomaven/ws/ws_moveit2/install/moveit_resources_fanuc_moveit_config:/home/robomaven/ws/ws_moveit2/install/moveit_resources_fanuc_description:/home/robomaven/ws/ws_moveit2/install/moveit_configs_utils:/home/robomaven/ws/ws_moveit2/install/launch_param_builder:/opt/ros/humble LD_LIBRARY_PATH=/home/robomaven/ws/ws_moveit2/install/moveit_ros_occupancy_map_monitor/lib:/home/robomaven/ws/ws_moveit2/install/moveit_core/lib:/home/robomaven/ws/ws_moveit2/install/srdfdom/lib:/home/robomaven/ws/ws_moveit2/install/pilz_industrial_motion_planner_testutils/lib:/home/robomaven/ws/ws_moveit2/install/moveit_visual_tools/lib:/home/robomaven/ws/ws_moveit2/install/moveit_ros_control_interface/lib:/home/robomaven/ws/ws_moveit2/install/moveit_simple_controller_manager/lib:/home/robomaven/ws/ws_moveit2/install/moveit_ros_planning_interface/lib:/home/robomaven/ws/ws_moveit2/install/moveit_ros_benchmarks/lib:/home/robomaven/ws/ws_moveit2/install/moveit_ros_warehouse/lib:/home/robomaven/ws/ws_moveit2/install/moveit_ros_robot_interaction/lib:/home/robomaven/ws/ws_moveit2/install/moveit_ros_perception/lib:/home/robomaven/ws/ws_moveit2/install/moveit_ros_move_group/lib:/home/robomaven/ws/ws_moveit2/install/moveit_planners_ompl/lib:/home/robomaven/ws/ws_moveit2/install/moveit_ros_planning/lib:/home/robomaven/ws/ws_moveit2/install/moveit_resources_prbt_ikfast_manipulator_plugin/lib:/home/robomaven/ws/ws_moveit2/install/moveit_planners_chomp/lib:/home/robomaven/ws/ws_moveit2/install/moveit_kinematics/lib:/home/robomaven/ws/ws_moveit2/install/moveit_chomp_optimizer_adapter/lib:/home/robomaven/ws/ws_moveit2/install/chomp_motion_planner/lib:/home/robomaven/ws/ws_moveit2/install/rviz_marker_tools/lib:/home/robomaven/ws/ws_moveit2/install/rosparam_shortcuts/lib:/home/robomaven/ws/ws_moveit2/install/moveit_task_constructor_msgs/lib:/usr/lib/x86_64-linux-gnu/gazebo-11/plugins:/opt/ros/humble/opt/rviz_ogre_vendor/lib:/opt/ros/humble/lib/x86_64-linux-gnu:/opt/ros/humble/lib:/usr/share/gazebo/../../lib/x86_64-linux-gnu/gazebo-11/plugins /usr/bin/cmake --install /home/robomaven/ws/ws_moveit2/build/moveit_ros_planning
