[0.010s] Invoking command in '/home/robomaven/ws/ros2_ws/build/my_cpp_pkg': AMENT_PREFIX_PATH=/home/robomaven/ws/ros2_ws/install/my_robot_interfaces:${AMENT_PREFIX_PATH} CMAKE_PREFIX_PATH=/home/robomaven/ws/ros2_ws/install/my_robot_interfaces:/home/robomaven/ws/ros2_ws/install/my_robot_bringup:/home/robomaven/ws/ros2_ws/install/my_cpp_pkg:/home/robomaven/ws/ros2_ws/install/my_py_pkg:/opt/ros/humble PYTHONPATH=/home/robomaven/ws/ros2_ws/install/my_robot_interfaces/local/lib/python3.10/dist-packages:${PYTHONPATH} /usr/bin/cmake /home/robomaven/ws/ros2_ws/src/my_cpp_pkg -DCMAKE_INSTALL_PREFIX=/home/robomaven/ws/ros2_ws/install/my_cpp_pkg
[0.051s] -- The C compiler identification is GNU 11.4.0
[0.087s] -- The CXX compiler identification is GNU 11.4.0
[0.092s] -- Detecting C compiler ABI info
[0.135s] -- Detecting C compiler ABI info - done
[0.140s] -- Check for working C compiler: /usr/bin/cc - skipped
[0.140s] -- Detecting C compile features
[0.140s] -- Detecting C compile features - done
[0.142s] -- Detecting CXX compiler ABI info
[0.192s] -- Detecting CXX compiler ABI info - done
[0.197s] -- Check for working CXX compiler: /usr/bin/c++ - skipped
[0.197s] -- Detecting CXX compile features
[0.197s] -- Detecting CXX compile features - done
[0.199s] -- Found ament_cmake: 1.3.9 (/opt/ros/humble/share/ament_cmake/cmake)
[0.298s] -- Found Python3: /usr/bin/python3 (found version "3.10.12") found components: Interpreter 
[0.365s] -- Found rclcpp: 16.0.9 (/opt/ros/humble/share/rclcpp/cmake)
[0.399s] -- Found rosidl_generator_c: 3.1.5 (/opt/ros/humble/share/rosidl_generator_c/cmake)
[0.402s] -- Found rosidl_adapter: 3.1.5 (/opt/ros/humble/share/rosidl_adapter/cmake)
[0.408s] -- Found rosidl_generator_cpp: 3.1.5 (/opt/ros/humble/share/rosidl_generator_cpp/cmake)
[0.417s] -- Using all available rosidl_typesupport_c: rosidl_typesupport_fastrtps_c;rosidl_typesupport_introspection_c
[0.430s] -- Using all available rosidl_typesupport_cpp: rosidl_typesupport_fastrtps_cpp;rosidl_typesupport_introspection_cpp
[0.484s] -- Found rmw_implementation_cmake: 6.1.2 (/opt/ros/humble/share/rmw_implementation_cmake/cmake)
[0.486s] -- Found rmw_cyclonedds_cpp: 1.3.4 (/opt/ros/humble/share/rmw_cyclonedds_cpp/cmake)
[0.514s] -- Using RMW implementation 'rmw_cyclonedds_cpp' as default
[0.522s] -- Looking for pthread.h
[0.569s] -- Looking for pthread.h - found
[0.569s] -- Performing Test CMAKE_HAVE_LIBC_PTHREAD
[0.618s] -- Performing Test CMAKE_HAVE_LIBC_PTHREAD - Success
[0.619s] -- Found Threads: TRUE  
[0.738s] -- Found example_interfaces: 0.9.3 (/opt/ros/humble/share/example_interfaces/cmake)
[0.836s] -- Found my_robot_interfaces: 0.0.0 (/home/robomaven/ws/ros2_ws/install/my_robot_interfaces/share/my_robot_interfaces/cmake)
[0.890s] -- Configuring done
[0.905s] -- Generating done
[0.906s] -- Build files have been written to: /home/robomaven/ws/ros2_ws/build/my_cpp_pkg
[0.912s] Invoked command in '/home/robomaven/ws/ros2_ws/build/my_cpp_pkg' returned '0': AMENT_PREFIX_PATH=/home/robomaven/ws/ros2_ws/install/my_robot_interfaces:${AMENT_PREFIX_PATH} CMAKE_PREFIX_PATH=/home/robomaven/ws/ros2_ws/install/my_robot_interfaces:/home/robomaven/ws/ros2_ws/install/my_robot_bringup:/home/robomaven/ws/ros2_ws/install/my_cpp_pkg:/home/robomaven/ws/ros2_ws/install/my_py_pkg:/opt/ros/humble PYTHONPATH=/home/robomaven/ws/ros2_ws/install/my_robot_interfaces/local/lib/python3.10/dist-packages:${PYTHONPATH} /usr/bin/cmake /home/robomaven/ws/ros2_ws/src/my_cpp_pkg -DCMAKE_INSTALL_PREFIX=/home/robomaven/ws/ros2_ws/install/my_cpp_pkg
[0.913s] Invoking command in '/home/robomaven/ws/ros2_ws/build/my_cpp_pkg': AMENT_PREFIX_PATH=/home/robomaven/ws/ros2_ws/install/my_robot_interfaces:${AMENT_PREFIX_PATH} CMAKE_PREFIX_PATH=/home/robomaven/ws/ros2_ws/install/my_robot_interfaces:/home/robomaven/ws/ros2_ws/install/my_robot_bringup:/home/robomaven/ws/ros2_ws/install/my_cpp_pkg:/home/robomaven/ws/ros2_ws/install/my_py_pkg:/opt/ros/humble PYTHONPATH=/home/robomaven/ws/ros2_ws/install/my_robot_interfaces/local/lib/python3.10/dist-packages:${PYTHONPATH} /usr/bin/cmake --build /home/robomaven/ws/ros2_ws/build/my_cpp_pkg -- -j20 -l20
[0.953s] [  7%] [32mBuilding CXX object CMakeFiles/robot_news_station.dir/src/robot_news_station.cpp.o[0m
[0.953s] [ 14%] [32mBuilding CXX object CMakeFiles/cpp_node.dir/src/my_first_node.cpp.o[0m
[0.953s] [ 21%] [32mBuilding CXX object CMakeFiles/smartphone.dir/src/smartphone.cpp.o[0m
[0.954s] [ 28%] [32mBuilding CXX object CMakeFiles/add_two_ints_server.dir/src/add_two_ints_server.cpp.o[0m
[0.954s] [ 35%] [32mBuilding CXX object CMakeFiles/add_two_ints_client_no_oop.dir/src/add_two_ints_client_no_oop.cpp.o[0m
[0.957s] [ 42%] [32mBuilding CXX object CMakeFiles/add_two_ints_client.dir/src/add_two_ints_client.cpp.o[0m
[0.963s] [ 50%] [32mBuilding CXX object CMakeFiles/hw_status_publisher.dir/src/hw_status_publisher.cpp.o[0m
[3.015s] [ 57%] [32m[1mLinking CXX executable cpp_node[0m
[3.096s] [ 57%] Built target cpp_node
[3.326s] [ 64%] [32m[1mLinking CXX executable add_two_ints_server[0m
[3.406s] [ 71%] [32m[1mLinking CXX executable add_two_ints_client[0m
[3.411s] [ 78%] [32m[1mLinking CXX executable add_two_ints_client_no_oop[0m
[3.436s] [ 78%] Built target add_two_ints_server
[3.517s] [ 78%] Built target add_two_ints_client_no_oop
[3.524s] [ 78%] Built target add_two_ints_client
[3.895s] [ 85%] [32m[1mLinking CXX executable robot_news_station[0m
[4.019s] [ 85%] Built target robot_news_station
[4.654s] [ 92%] [32m[1mLinking CXX executable hw_status_publisher[0m
[4.775s] [ 92%] Built target hw_status_publisher
[6.176s] [100%] [32m[1mLinking CXX executable smartphone[0m
[6.423s] [100%] Built target smartphone
[6.436s] Invoked command in '/home/robomaven/ws/ros2_ws/build/my_cpp_pkg' returned '0': AMENT_PREFIX_PATH=/home/robomaven/ws/ros2_ws/install/my_robot_interfaces:${AMENT_PREFIX_PATH} CMAKE_PREFIX_PATH=/home/robomaven/ws/ros2_ws/install/my_robot_interfaces:/home/robomaven/ws/ros2_ws/install/my_robot_bringup:/home/robomaven/ws/ros2_ws/install/my_cpp_pkg:/home/robomaven/ws/ros2_ws/install/my_py_pkg:/opt/ros/humble PYTHONPATH=/home/robomaven/ws/ros2_ws/install/my_robot_interfaces/local/lib/python3.10/dist-packages:${PYTHONPATH} /usr/bin/cmake --build /home/robomaven/ws/ros2_ws/build/my_cpp_pkg -- -j20 -l20
[6.489s] Invoking command in '/home/robomaven/ws/ros2_ws/build/my_cpp_pkg': AMENT_PREFIX_PATH=/home/robomaven/ws/ros2_ws/install/my_robot_interfaces:${AMENT_PREFIX_PATH} CMAKE_PREFIX_PATH=/home/robomaven/ws/ros2_ws/install/my_robot_interfaces:/home/robomaven/ws/ros2_ws/install/my_robot_bringup:/home/robomaven/ws/ros2_ws/install/my_cpp_pkg:/home/robomaven/ws/ros2_ws/install/my_py_pkg:/opt/ros/humble PYTHONPATH=/home/robomaven/ws/ros2_ws/install/my_robot_interfaces/local/lib/python3.10/dist-packages:${PYTHONPATH} /usr/bin/cmake --install /home/robomaven/ws/ros2_ws/build/my_cpp_pkg
[6.497s] -- Install configuration: ""
[6.497s] -- Installing: /home/robomaven/ws/ros2_ws/install/my_cpp_pkg/lib/my_cpp_pkg/cpp_node
[6.498s] -- Set runtime path of "/home/robomaven/ws/ros2_ws/install/my_cpp_pkg/lib/my_cpp_pkg/cpp_node" to ""
[6.498s] -- Installing: /home/robomaven/ws/ros2_ws/install/my_cpp_pkg/lib/my_cpp_pkg/robot_news_station
[6.499s] -- Set runtime path of "/home/robomaven/ws/ros2_ws/install/my_cpp_pkg/lib/my_cpp_pkg/robot_news_station" to ""
[6.499s] -- Installing: /home/robomaven/ws/ros2_ws/install/my_cpp_pkg/lib/my_cpp_pkg/smartphone
[6.502s] -- Set runtime path of "/home/robomaven/ws/ros2_ws/install/my_cpp_pkg/lib/my_cpp_pkg/smartphone" to ""
[6.503s] -- Installing: /home/robomaven/ws/ros2_ws/install/my_cpp_pkg/lib/my_cpp_pkg/add_two_ints_server
[6.503s] -- Set runtime path of "/home/robomaven/ws/ros2_ws/install/my_cpp_pkg/lib/my_cpp_pkg/add_two_ints_server" to ""
[6.503s] -- Installing: /home/robomaven/ws/ros2_ws/install/my_cpp_pkg/lib/my_cpp_pkg/add_two_ints_client
[6.504s] -- Set runtime path of "/home/robomaven/ws/ros2_ws/install/my_cpp_pkg/lib/my_cpp_pkg/add_two_ints_client" to ""
[6.504s] -- Installing: /home/robomaven/ws/ros2_ws/install/my_cpp_pkg/lib/my_cpp_pkg/add_two_ints_client_no_oop
[6.505s] -- Set runtime path of "/home/robomaven/ws/ros2_ws/install/my_cpp_pkg/lib/my_cpp_pkg/add_two_ints_client_no_oop" to ""
[6.505s] -- Installing: /home/robomaven/ws/ros2_ws/install/my_cpp_pkg/lib/my_cpp_pkg/hw_status_publisher
[6.506s] -- Set runtime path of "/home/robomaven/ws/ros2_ws/install/my_cpp_pkg/lib/my_cpp_pkg/hw_status_publisher" to ""
[6.506s] -- Installing: /home/robomaven/ws/ros2_ws/install/my_cpp_pkg/share/ament_index/resource_index/package_run_dependencies/my_cpp_pkg
[6.507s] -- Installing: /home/robomaven/ws/ros2_ws/install/my_cpp_pkg/share/ament_index/resource_index/parent_prefix_path/my_cpp_pkg
[6.507s] -- Installing: /home/robomaven/ws/ros2_ws/install/my_cpp_pkg/share/my_cpp_pkg/environment/ament_prefix_path.sh
[6.507s] -- Installing: /home/robomaven/ws/ros2_ws/install/my_cpp_pkg/share/my_cpp_pkg/environment/ament_prefix_path.dsv
[6.507s] -- Installing: /home/robomaven/ws/ros2_ws/install/my_cpp_pkg/share/my_cpp_pkg/environment/path.sh
[6.507s] -- Installing: /home/robomaven/ws/ros2_ws/install/my_cpp_pkg/share/my_cpp_pkg/environment/path.dsv
[6.507s] -- Installing: /home/robomaven/ws/ros2_ws/install/my_cpp_pkg/share/my_cpp_pkg/local_setup.bash
[6.507s] -- Installing: /home/robomaven/ws/ros2_ws/install/my_cpp_pkg/share/my_cpp_pkg/local_setup.sh
[6.507s] -- Installing: /home/robomaven/ws/ros2_ws/install/my_cpp_pkg/share/my_cpp_pkg/local_setup.zsh
[6.508s] -- Installing: /home/robomaven/ws/ros2_ws/install/my_cpp_pkg/share/my_cpp_pkg/local_setup.dsv
[6.508s] -- Installing: /home/robomaven/ws/ros2_ws/install/my_cpp_pkg/share/my_cpp_pkg/package.dsv
[6.508s] -- Installing: /home/robomaven/ws/ros2_ws/install/my_cpp_pkg/share/ament_index/resource_index/packages/my_cpp_pkg
[6.508s] -- Installing: /home/robomaven/ws/ros2_ws/install/my_cpp_pkg/share/my_cpp_pkg/cmake/my_cpp_pkgConfig.cmake
[6.508s] -- Installing: /home/robomaven/ws/ros2_ws/install/my_cpp_pkg/share/my_cpp_pkg/cmake/my_cpp_pkgConfig-version.cmake
[6.508s] -- Installing: /home/robomaven/ws/ros2_ws/install/my_cpp_pkg/share/my_cpp_pkg/package.xml
[6.510s] Invoked command in '/home/robomaven/ws/ros2_ws/build/my_cpp_pkg' returned '0': AMENT_PREFIX_PATH=/home/robomaven/ws/ros2_ws/install/my_robot_interfaces:${AMENT_PREFIX_PATH} CMAKE_PREFIX_PATH=/home/robomaven/ws/ros2_ws/install/my_robot_interfaces:/home/robomaven/ws/ros2_ws/install/my_robot_bringup:/home/robomaven/ws/ros2_ws/install/my_cpp_pkg:/home/robomaven/ws/ros2_ws/install/my_py_pkg:/opt/ros/humble PYTHONPATH=/home/robomaven/ws/ros2_ws/install/my_robot_interfaces/local/lib/python3.10/dist-packages:${PYTHONPATH} /usr/bin/cmake --install /home/robomaven/ws/ros2_ws/build/my_cpp_pkg
