[0.007s] Invoking command in '/home/robomaven/ws/ros2_ws2_project/build/my_robot_bringup': AMENT_PREFIX_PATH=/home/robomaven/ws/ros2_ws2_project/install/my_robot_description:${AMENT_PREFIX_PATH} CMAKE_PREFIX_PATH=/home/robomaven/ws/ros2_ws2_project/install/my_robot_description:/opt/ros/humble /usr/bin/cmake /home/robomaven/ws/ros2_ws2_project/src/my_robot_bringup -DCMAKE_INSTALL_PREFIX=/home/robomaven/ws/ros2_ws2_project/install/my_robot_bringup
[0.065s] -- The C compiler identification is GNU 11.4.0
[0.114s] -- The CXX compiler identification is GNU 11.4.0
[0.119s] -- Detecting C compiler ABI info
[0.172s] -- Detecting C compiler ABI info - done
[0.181s] -- Check for working C compiler: /usr/bin/cc - skipped
[0.181s] -- Detecting C compile features
[0.182s] -- Detecting C compile features - done
[0.184s] -- Detecting CXX compiler ABI info
[0.252s] -- Detecting CXX compiler ABI info - done
[0.257s] -- Check for working CXX compiler: /usr/bin/c++ - skipped
[0.257s] -- Detecting CXX compile features
[0.257s] -- Detecting CXX compile features - done
[0.259s] -- Found ament_cmake: 1.3.9 (/opt/ros/humble/share/ament_cmake/cmake)
[0.366s] -- Found Python3: /usr/bin/python3 (found version "3.10.12") found components: Interpreter 
[0.481s] -- Configuring done
[0.482s] -- Generating done
[0.483s] -- Build files have been written to: /home/robomaven/ws/ros2_ws2_project/build/my_robot_bringup
[0.486s] Invoked command in '/home/robomaven/ws/ros2_ws2_project/build/my_robot_bringup' returned '0': AMENT_PREFIX_PATH=/home/robomaven/ws/ros2_ws2_project/install/my_robot_description:${AMENT_PREFIX_PATH} CMAKE_PREFIX_PATH=/home/robomaven/ws/ros2_ws2_project/install/my_robot_description:/opt/ros/humble /usr/bin/cmake /home/robomaven/ws/ros2_ws2_project/src/my_robot_bringup -DCMAKE_INSTALL_PREFIX=/home/robomaven/ws/ros2_ws2_project/install/my_robot_bringup
[0.486s] Invoking command in '/home/robomaven/ws/ros2_ws2_project/build/my_robot_bringup': AMENT_PREFIX_PATH=/home/robomaven/ws/ros2_ws2_project/install/my_robot_description:${AMENT_PREFIX_PATH} CMAKE_PREFIX_PATH=/home/robomaven/ws/ros2_ws2_project/install/my_robot_description:/opt/ros/humble /usr/bin/cmake --build /home/robomaven/ws/ros2_ws2_project/build/my_robot_bringup -- -j20 -l20
[0.518s] Invoked command in '/home/robomaven/ws/ros2_ws2_project/build/my_robot_bringup' returned '0': AMENT_PREFIX_PATH=/home/robomaven/ws/ros2_ws2_project/install/my_robot_description:${AMENT_PREFIX_PATH} CMAKE_PREFIX_PATH=/home/robomaven/ws/ros2_ws2_project/install/my_robot_description:/opt/ros/humble /usr/bin/cmake --build /home/robomaven/ws/ros2_ws2_project/build/my_robot_bringup -- -j20 -l20
[0.539s] Invoking command in '/home/robomaven/ws/ros2_ws2_project/build/my_robot_bringup': AMENT_PREFIX_PATH=/home/robomaven/ws/ros2_ws2_project/install/my_robot_description:${AMENT_PREFIX_PATH} CMAKE_PREFIX_PATH=/home/robomaven/ws/ros2_ws2_project/install/my_robot_description:/opt/ros/humble /usr/bin/cmake --install /home/robomaven/ws/ros2_ws2_project/build/my_robot_bringup
[0.546s] -- Install configuration: ""
[0.546s] -- Installing: /home/robomaven/ws/ros2_ws2_project/install/my_robot_bringup/share/my_robot_bringup//launch
[0.546s] -- Installing: /home/robomaven/ws/ros2_ws2_project/install/my_robot_bringup/share/my_robot_bringup//launch/my_robot_gazebo.launch.xml
[0.546s] -- Installing: /home/robomaven/ws/ros2_ws2_project/install/my_robot_bringup/share/my_robot_bringup//rviz
[0.546s] -- Installing: /home/robomaven/ws/ros2_ws2_project/install/my_robot_bringup/share/my_robot_bringup//rviz/urdf_config.rviz
[0.546s] -- Installing: /home/robomaven/ws/ros2_ws2_project/install/my_robot_bringup/share/my_robot_bringup//worlds
[0.546s] -- Installing: /home/robomaven/ws/ros2_ws2_project/install/my_robot_bringup/share/my_robot_bringup//worlds/test_world.world
[0.546s] -- Installing: /home/robomaven/ws/ros2_ws2_project/install/my_robot_bringup/share/ament_index/resource_index/package_run_dependencies/my_robot_bringup
[0.546s] -- Installing: /home/robomaven/ws/ros2_ws2_project/install/my_robot_bringup/share/ament_index/resource_index/parent_prefix_path/my_robot_bringup
[0.546s] -- Installing: /home/robomaven/ws/ros2_ws2_project/install/my_robot_bringup/share/my_robot_bringup/environment/ament_prefix_path.sh
[0.547s] -- Installing: /home/robomaven/ws/ros2_ws2_project/install/my_robot_bringup/share/my_robot_bringup/environment/ament_prefix_path.dsv
[0.547s] -- Installing: /home/robomaven/ws/ros2_ws2_project/install/my_robot_bringup/share/my_robot_bringup/environment/path.sh
[0.547s] -- Installing: /home/robomaven/ws/ros2_ws2_project/install/my_robot_bringup/share/my_robot_bringup/environment/path.dsv
[0.547s] -- Installing: /home/robomaven/ws/ros2_ws2_project/install/my_robot_bringup/share/my_robot_bringup/local_setup.bash
[0.547s] -- Installing: /home/robomaven/ws/ros2_ws2_project/install/my_robot_bringup/share/my_robot_bringup/local_setup.sh
[0.547s] -- Installing: /home/robomaven/ws/ros2_ws2_project/install/my_robot_bringup/share/my_robot_bringup/local_setup.zsh
[0.547s] -- Installing: /home/robomaven/ws/ros2_ws2_project/install/my_robot_bringup/share/my_robot_bringup/local_setup.dsv
[0.547s] -- Installing: /home/robomaven/ws/ros2_ws2_project/install/my_robot_bringup/share/my_robot_bringup/package.dsv
[0.547s] -- Installing: /home/robomaven/ws/ros2_ws2_project/install/my_robot_bringup/share/ament_index/resource_index/packages/my_robot_bringup
[0.547s] -- Installing: /home/robomaven/ws/ros2_ws2_project/install/my_robot_bringup/share/my_robot_bringup/cmake/my_robot_bringupConfig.cmake
[0.547s] -- Installing: /home/robomaven/ws/ros2_ws2_project/install/my_robot_bringup/share/my_robot_bringup/cmake/my_robot_bringupConfig-version.cmake
[0.547s] -- Installing: /home/robomaven/ws/ros2_ws2_project/install/my_robot_bringup/share/my_robot_bringup/package.xml
[0.549s] Invoked command in '/home/robomaven/ws/ros2_ws2_project/build/my_robot_bringup' returned '0': AMENT_PREFIX_PATH=/home/robomaven/ws/ros2_ws2_project/install/my_robot_description:${AMENT_PREFIX_PATH} CMAKE_PREFIX_PATH=/home/robomaven/ws/ros2_ws2_project/install/my_robot_description:/opt/ros/humble /usr/bin/cmake --install /home/robomaven/ws/ros2_ws2_project/build/my_robot_bringup
