[0.063s] DEBUG:colcon:Command line arguments: ['/usr/bin/colcon', 'build', '--packages-select', 'components_cpp']
[0.063s] DEBUG:colcon:Parsed command line arguments: Namespace(log_base=None, log_level=None, verb_name='build', build_base='build', install_base='install', merge_install=False, symlink_install=False, test_result_base=None, continue_on_error=False, executor='parallel', parallel_workers=20, event_handlers=None, ignore_user_meta=False, metas=['./colcon.meta'], base_paths=['.'], packages_ignore=None, packages_ignore_regex=None, paths=None, packages_up_to=None, packages_up_to_regex=None, packages_above=None, packages_above_and_dependencies=None, packages_above_depth=None, packages_select_by_dep=None, packages_skip_by_dep=None, packages_skip_up_to=None, packages_select_build_failed=False, packages_skip_build_finished=False, packages_select_test_failures=False, packages_skip_test_passed=False, packages_select=['components_cpp'], packages_skip=None, packages_select_regex=None, packages_skip_regex=None, packages_start=None, packages_end=None, allow_overriding=[], cmake_args=None, cmake_target=None, cmake_target_skip_unavailable=False, cmake_clean_cache=False, cmake_clean_first=False, cmake_force_configure=False, ament_cmake_args=None, catkin_cmake_args=None, catkin_skip_building_tests=False, verb_parser=<colcon_defaults.argument_parser.defaults.DefaultArgumentsDecorator object at 0x746983548d90>, verb_extension=<colcon_core.verb.build.BuildVerb object at 0x746983548880>, main=<bound method BuildVerb.main of <colcon_core.verb.build.BuildVerb object at 0x746983548880>>)
[0.167s] Level 1:colcon.colcon_core.package_discovery:discover_packages(colcon_meta) check parameters
[0.167s] Level 1:colcon.colcon_core.package_discovery:discover_packages(recursive) check parameters
[0.167s] Level 1:colcon.colcon_core.package_discovery:discover_packages(ignore) check parameters
[0.167s] Level 1:colcon.colcon_core.package_discovery:discover_packages(path) check parameters
[0.167s] Level 1:colcon.colcon_core.package_discovery:discover_packages(colcon_meta) discover
[0.167s] Level 1:colcon.colcon_core.package_discovery:discover_packages(recursive) discover
[0.167s] INFO:colcon.colcon_core.package_discovery:Crawling recursively for packages in '/home/robomaven/ws/ros2_ws3'
[0.167s] Level 1:colcon.colcon_core.package_identification:_identify(.) by extensions ['ignore', 'ignore_ament_install']
[0.167s] Level 1:colcon.colcon_core.package_identification:_identify(.) by extension 'ignore'
[0.167s] Level 1:colcon.colcon_core.package_identification:_identify(.) by extension 'ignore_ament_install'
[0.167s] Level 1:colcon.colcon_core.package_identification:_identify(.) by extensions ['colcon_pkg']
[0.167s] Level 1:colcon.colcon_core.package_identification:_identify(.) by extension 'colcon_pkg'
[0.167s] Level 1:colcon.colcon_core.package_identification:_identify(.) by extensions ['colcon_meta']
[0.167s] Level 1:colcon.colcon_core.package_identification:_identify(.) by extension 'colcon_meta'
[0.167s] Level 1:colcon.colcon_core.package_identification:_identify(.) by extensions ['ros']
[0.167s] Level 1:colcon.colcon_core.package_identification:_identify(.) by extension 'ros'
[0.174s] Level 1:colcon.colcon_core.package_identification:_identify(.) by extensions ['cmake', 'python']
[0.174s] Level 1:colcon.colcon_core.package_identification:_identify(.) by extension 'cmake'
[0.174s] Level 1:colcon.colcon_core.package_identification:_identify(.) by extension 'python'
[0.174s] Level 1:colcon.colcon_core.package_identification:_identify(.) by extensions ['python_setup_py']
[0.174s] Level 1:colcon.colcon_core.package_identification:_identify(.) by extension 'python_setup_py'
[0.174s] Level 1:colcon.colcon_core.package_identification:_identify(build) by extensions ['ignore', 'ignore_ament_install']
[0.175s] Level 1:colcon.colcon_core.package_identification:_identify(build) by extension 'ignore'
[0.175s] Level 1:colcon.colcon_core.package_identification:_identify(build) ignored
[0.175s] Level 1:colcon.colcon_core.package_identification:_identify(install) by extensions ['ignore', 'ignore_ament_install']
[0.175s] Level 1:colcon.colcon_core.package_identification:_identify(install) by extension 'ignore'
[0.175s] Level 1:colcon.colcon_core.package_identification:_identify(install) ignored
[0.175s] Level 1:colcon.colcon_core.package_identification:_identify(log) by extensions ['ignore', 'ignore_ament_install']
[0.175s] Level 1:colcon.colcon_core.package_identification:_identify(log) by extension 'ignore'
[0.175s] Level 1:colcon.colcon_core.package_identification:_identify(log) ignored
[0.175s] Level 1:colcon.colcon_core.package_identification:_identify(src) by extensions ['ignore', 'ignore_ament_install']
[0.175s] Level 1:colcon.colcon_core.package_identification:_identify(src) by extension 'ignore'
[0.175s] Level 1:colcon.colcon_core.package_identification:_identify(src) by extension 'ignore_ament_install'
[0.175s] Level 1:colcon.colcon_core.package_identification:_identify(src) by extensions ['colcon_pkg']
[0.175s] Level 1:colcon.colcon_core.package_identification:_identify(src) by extension 'colcon_pkg'
[0.175s] Level 1:colcon.colcon_core.package_identification:_identify(src) by extensions ['colcon_meta']
[0.175s] Level 1:colcon.colcon_core.package_identification:_identify(src) by extension 'colcon_meta'
[0.175s] Level 1:colcon.colcon_core.package_identification:_identify(src) by extensions ['ros']
[0.175s] Level 1:colcon.colcon_core.package_identification:_identify(src) by extension 'ros'
[0.175s] Level 1:colcon.colcon_core.package_identification:_identify(src) by extensions ['cmake', 'python']
[0.175s] Level 1:colcon.colcon_core.package_identification:_identify(src) by extension 'cmake'
[0.175s] Level 1:colcon.colcon_core.package_identification:_identify(src) by extension 'python'
[0.175s] Level 1:colcon.colcon_core.package_identification:_identify(src) by extensions ['python_setup_py']
[0.175s] Level 1:colcon.colcon_core.package_identification:_identify(src) by extension 'python_setup_py'
[0.175s] Level 1:colcon.colcon_core.package_identification:_identify(src/actions_cpp) by extensions ['ignore', 'ignore_ament_install']
[0.175s] Level 1:colcon.colcon_core.package_identification:_identify(src/actions_cpp) by extension 'ignore'
[0.175s] Level 1:colcon.colcon_core.package_identification:_identify(src/actions_cpp) by extension 'ignore_ament_install'
[0.175s] Level 1:colcon.colcon_core.package_identification:_identify(src/actions_cpp) by extensions ['colcon_pkg']
[0.175s] Level 1:colcon.colcon_core.package_identification:_identify(src/actions_cpp) by extension 'colcon_pkg'
[0.175s] Level 1:colcon.colcon_core.package_identification:_identify(src/actions_cpp) by extensions ['colcon_meta']
[0.175s] Level 1:colcon.colcon_core.package_identification:_identify(src/actions_cpp) by extension 'colcon_meta'
[0.175s] Level 1:colcon.colcon_core.package_identification:_identify(src/actions_cpp) by extensions ['ros']
[0.175s] Level 1:colcon.colcon_core.package_identification:_identify(src/actions_cpp) by extension 'ros'
[0.177s] DEBUG:colcon.colcon_core.package_identification:Package 'src/actions_cpp' with type 'ros.ament_cmake' and name 'actions_cpp'
[0.177s] Level 1:colcon.colcon_core.package_identification:_identify(src/actions_py) by extensions ['ignore', 'ignore_ament_install']
[0.177s] Level 1:colcon.colcon_core.package_identification:_identify(src/actions_py) by extension 'ignore'
[0.177s] Level 1:colcon.colcon_core.package_identification:_identify(src/actions_py) by extension 'ignore_ament_install'
[0.177s] Level 1:colcon.colcon_core.package_identification:_identify(src/actions_py) by extensions ['colcon_pkg']
[0.177s] Level 1:colcon.colcon_core.package_identification:_identify(src/actions_py) by extension 'colcon_pkg'
[0.177s] Level 1:colcon.colcon_core.package_identification:_identify(src/actions_py) by extensions ['colcon_meta']
[0.177s] Level 1:colcon.colcon_core.package_identification:_identify(src/actions_py) by extension 'colcon_meta'
[0.177s] Level 1:colcon.colcon_core.package_identification:_identify(src/actions_py) by extensions ['ros']
[0.177s] Level 1:colcon.colcon_core.package_identification:_identify(src/actions_py) by extension 'ros'
[0.178s] DEBUG:colcon.colcon_core.package_identification:Package 'src/actions_py' with type 'ros.ament_python' and name 'actions_py'
[0.178s] Level 1:colcon.colcon_core.package_identification:_identify(src/components_cpp) by extensions ['ignore', 'ignore_ament_install']
[0.178s] Level 1:colcon.colcon_core.package_identification:_identify(src/components_cpp) by extension 'ignore'
[0.178s] Level 1:colcon.colcon_core.package_identification:_identify(src/components_cpp) by extension 'ignore_ament_install'
[0.178s] Level 1:colcon.colcon_core.package_identification:_identify(src/components_cpp) by extensions ['colcon_pkg']
[0.178s] Level 1:colcon.colcon_core.package_identification:_identify(src/components_cpp) by extension 'colcon_pkg'
[0.178s] Level 1:colcon.colcon_core.package_identification:_identify(src/components_cpp) by extensions ['colcon_meta']
[0.178s] Level 1:colcon.colcon_core.package_identification:_identify(src/components_cpp) by extension 'colcon_meta'
[0.178s] Level 1:colcon.colcon_core.package_identification:_identify(src/components_cpp) by extensions ['ros']
[0.178s] Level 1:colcon.colcon_core.package_identification:_identify(src/components_cpp) by extension 'ros'
[0.178s] DEBUG:colcon.colcon_core.package_identification:Package 'src/components_cpp' with type 'ros.ament_cmake' and name 'components_cpp'
[0.178s] Level 1:colcon.colcon_core.package_identification:_identify(src/components_py) by extensions ['ignore', 'ignore_ament_install']
[0.178s] Level 1:colcon.colcon_core.package_identification:_identify(src/components_py) by extension 'ignore'
[0.178s] Level 1:colcon.colcon_core.package_identification:_identify(src/components_py) by extension 'ignore_ament_install'
[0.178s] Level 1:colcon.colcon_core.package_identification:_identify(src/components_py) by extensions ['colcon_pkg']
[0.178s] Level 1:colcon.colcon_core.package_identification:_identify(src/components_py) by extension 'colcon_pkg'
[0.178s] Level 1:colcon.colcon_core.package_identification:_identify(src/components_py) by extensions ['colcon_meta']
[0.179s] Level 1:colcon.colcon_core.package_identification:_identify(src/components_py) by extension 'colcon_meta'
[0.179s] Level 1:colcon.colcon_core.package_identification:_identify(src/components_py) by extensions ['ros']
[0.179s] Level 1:colcon.colcon_core.package_identification:_identify(src/components_py) by extension 'ros'
[0.179s] DEBUG:colcon.colcon_core.package_identification:Package 'src/components_py' with type 'ros.ament_python' and name 'components_py'
[0.179s] Level 1:colcon.colcon_core.package_identification:_identify(src/executors_cpp) by extensions ['ignore', 'ignore_ament_install']
[0.179s] Level 1:colcon.colcon_core.package_identification:_identify(src/executors_cpp) by extension 'ignore'
[0.179s] Level 1:colcon.colcon_core.package_identification:_identify(src/executors_cpp) by extension 'ignore_ament_install'
[0.179s] Level 1:colcon.colcon_core.package_identification:_identify(src/executors_cpp) by extensions ['colcon_pkg']
[0.179s] Level 1:colcon.colcon_core.package_identification:_identify(src/executors_cpp) by extension 'colcon_pkg'
[0.179s] Level 1:colcon.colcon_core.package_identification:_identify(src/executors_cpp) by extensions ['colcon_meta']
[0.179s] Level 1:colcon.colcon_core.package_identification:_identify(src/executors_cpp) by extension 'colcon_meta'
[0.179s] Level 1:colcon.colcon_core.package_identification:_identify(src/executors_cpp) by extensions ['ros']
[0.179s] Level 1:colcon.colcon_core.package_identification:_identify(src/executors_cpp) by extension 'ros'
[0.179s] DEBUG:colcon.colcon_core.package_identification:Package 'src/executors_cpp' with type 'ros.ament_cmake' and name 'executors_cpp'
[0.179s] Level 1:colcon.colcon_core.package_identification:_identify(src/executors_py) by extensions ['ignore', 'ignore_ament_install']
[0.179s] Level 1:colcon.colcon_core.package_identification:_identify(src/executors_py) by extension 'ignore'
[0.180s] Level 1:colcon.colcon_core.package_identification:_identify(src/executors_py) by extension 'ignore_ament_install'
[0.180s] Level 1:colcon.colcon_core.package_identification:_identify(src/executors_py) by extensions ['colcon_pkg']
[0.180s] Level 1:colcon.colcon_core.package_identification:_identify(src/executors_py) by extension 'colcon_pkg'
[0.180s] Level 1:colcon.colcon_core.package_identification:_identify(src/executors_py) by extensions ['colcon_meta']
[0.180s] Level 1:colcon.colcon_core.package_identification:_identify(src/executors_py) by extension 'colcon_meta'
[0.180s] Level 1:colcon.colcon_core.package_identification:_identify(src/executors_py) by extensions ['ros']
[0.180s] Level 1:colcon.colcon_core.package_identification:_identify(src/executors_py) by extension 'ros'
[0.180s] DEBUG:colcon.colcon_core.package_identification:Package 'src/executors_py' with type 'ros.ament_python' and name 'executors_py'
[0.180s] Level 1:colcon.colcon_core.package_identification:_identify(src/lifecycle_cpp) by extensions ['ignore', 'ignore_ament_install']
[0.180s] Level 1:colcon.colcon_core.package_identification:_identify(src/lifecycle_cpp) by extension 'ignore'
[0.180s] Level 1:colcon.colcon_core.package_identification:_identify(src/lifecycle_cpp) by extension 'ignore_ament_install'
[0.180s] Level 1:colcon.colcon_core.package_identification:_identify(src/lifecycle_cpp) by extensions ['colcon_pkg']
[0.180s] Level 1:colcon.colcon_core.package_identification:_identify(src/lifecycle_cpp) by extension 'colcon_pkg'
[0.180s] Level 1:colcon.colcon_core.package_identification:_identify(src/lifecycle_cpp) by extensions ['colcon_meta']
[0.180s] Level 1:colcon.colcon_core.package_identification:_identify(src/lifecycle_cpp) by extension 'colcon_meta'
[0.180s] Level 1:colcon.colcon_core.package_identification:_identify(src/lifecycle_cpp) by extensions ['ros']
[0.180s] Level 1:colcon.colcon_core.package_identification:_identify(src/lifecycle_cpp) by extension 'ros'
[0.181s] DEBUG:colcon.colcon_core.package_identification:Package 'src/lifecycle_cpp' with type 'ros.ament_cmake' and name 'lifecycle_cpp'
[0.181s] Level 1:colcon.colcon_core.package_identification:_identify(src/lifecycle_py) by extensions ['ignore', 'ignore_ament_install']
[0.181s] Level 1:colcon.colcon_core.package_identification:_identify(src/lifecycle_py) by extension 'ignore'
[0.181s] Level 1:colcon.colcon_core.package_identification:_identify(src/lifecycle_py) by extension 'ignore_ament_install'
[0.181s] Level 1:colcon.colcon_core.package_identification:_identify(src/lifecycle_py) by extensions ['colcon_pkg']
[0.181s] Level 1:colcon.colcon_core.package_identification:_identify(src/lifecycle_py) by extension 'colcon_pkg'
[0.181s] Level 1:colcon.colcon_core.package_identification:_identify(src/lifecycle_py) by extensions ['colcon_meta']
[0.181s] Level 1:colcon.colcon_core.package_identification:_identify(src/lifecycle_py) by extension 'colcon_meta'
[0.181s] Level 1:colcon.colcon_core.package_identification:_identify(src/lifecycle_py) by extensions ['ros']
[0.181s] Level 1:colcon.colcon_core.package_identification:_identify(src/lifecycle_py) by extension 'ros'
[0.181s] DEBUG:colcon.colcon_core.package_identification:Package 'src/lifecycle_py' with type 'ros.ament_python' and name 'lifecycle_py'
[0.181s] Level 1:colcon.colcon_core.package_identification:_identify(src/my_robot_bringup) by extensions ['ignore', 'ignore_ament_install']
[0.181s] Level 1:colcon.colcon_core.package_identification:_identify(src/my_robot_bringup) by extension 'ignore'
[0.181s] Level 1:colcon.colcon_core.package_identification:_identify(src/my_robot_bringup) by extension 'ignore_ament_install'
[0.181s] Level 1:colcon.colcon_core.package_identification:_identify(src/my_robot_bringup) by extensions ['colcon_pkg']
[0.181s] Level 1:colcon.colcon_core.package_identification:_identify(src/my_robot_bringup) by extension 'colcon_pkg'
[0.181s] Level 1:colcon.colcon_core.package_identification:_identify(src/my_robot_bringup) by extensions ['colcon_meta']
[0.181s] Level 1:colcon.colcon_core.package_identification:_identify(src/my_robot_bringup) by extension 'colcon_meta'
[0.181s] Level 1:colcon.colcon_core.package_identification:_identify(src/my_robot_bringup) by extensions ['ros']
[0.181s] Level 1:colcon.colcon_core.package_identification:_identify(src/my_robot_bringup) by extension 'ros'
[0.182s] DEBUG:colcon.colcon_core.package_identification:Package 'src/my_robot_bringup' with type 'ros.ament_cmake' and name 'my_robot_bringup'
[0.182s] Level 1:colcon.colcon_core.package_identification:_identify(src/my_robot_interfaces) by extensions ['ignore', 'ignore_ament_install']
[0.182s] Level 1:colcon.colcon_core.package_identification:_identify(src/my_robot_interfaces) by extension 'ignore'
[0.182s] Level 1:colcon.colcon_core.package_identification:_identify(src/my_robot_interfaces) by extension 'ignore_ament_install'
[0.182s] Level 1:colcon.colcon_core.package_identification:_identify(src/my_robot_interfaces) by extensions ['colcon_pkg']
[0.182s] Level 1:colcon.colcon_core.package_identification:_identify(src/my_robot_interfaces) by extension 'colcon_pkg'
[0.182s] Level 1:colcon.colcon_core.package_identification:_identify(src/my_robot_interfaces) by extensions ['colcon_meta']
[0.182s] Level 1:colcon.colcon_core.package_identification:_identify(src/my_robot_interfaces) by extension 'colcon_meta'
[0.182s] Level 1:colcon.colcon_core.package_identification:_identify(src/my_robot_interfaces) by extensions ['ros']
[0.182s] Level 1:colcon.colcon_core.package_identification:_identify(src/my_robot_interfaces) by extension 'ros'
[0.182s] DEBUG:colcon.colcon_core.package_identification:Package 'src/my_robot_interfaces' with type 'ros.ament_cmake' and name 'my_robot_interfaces'
[0.182s] Level 1:colcon.colcon_core.package_discovery:discover_packages(recursive) using defaults
[0.182s] Level 1:colcon.colcon_core.package_discovery:discover_packages(ignore) discover
[0.182s] Level 1:colcon.colcon_core.package_discovery:discover_packages(ignore) using defaults
[0.182s] Level 1:colcon.colcon_core.package_discovery:discover_packages(path) discover
[0.182s] Level 1:colcon.colcon_core.package_discovery:discover_packages(path) using defaults
[0.200s] INFO:colcon.colcon_core.package_selection:Skipping not selected package 'components_py' in 'src/components_py'
[0.200s] INFO:colcon.colcon_core.package_selection:Skipping not selected package 'executors_cpp' in 'src/executors_cpp'
[0.200s] INFO:colcon.colcon_core.package_selection:Skipping not selected package 'executors_py' in 'src/executors_py'
[0.200s] INFO:colcon.colcon_core.package_selection:Skipping not selected package 'lifecycle_cpp' in 'src/lifecycle_cpp'
[0.200s] INFO:colcon.colcon_core.package_selection:Skipping not selected package 'lifecycle_py' in 'src/lifecycle_py'
[0.200s] INFO:colcon.colcon_core.package_selection:Skipping not selected package 'my_robot_interfaces' in 'src/my_robot_interfaces'
[0.200s] INFO:colcon.colcon_core.package_selection:Skipping not selected package 'actions_cpp' in 'src/actions_cpp'
[0.200s] INFO:colcon.colcon_core.package_selection:Skipping not selected package 'actions_py' in 'src/actions_py'
[0.200s] INFO:colcon.colcon_core.package_selection:Skipping not selected package 'my_robot_bringup' in 'src/my_robot_bringup'
[0.201s] Level 1:colcon.colcon_core.package_discovery:discover_packages(prefix_path) check parameters
[0.201s] Level 1:colcon.colcon_core.package_discovery:discover_packages(prefix_path) discover
[0.202s] DEBUG:colcon.colcon_installed_package_information.package_discovery:Found 10 installed packages in /home/robomaven/ws/ros2_ws3/install
[0.203s] DEBUG:colcon.colcon_installed_package_information.package_discovery:Found 320 installed packages in /opt/ros/humble
[0.204s] Level 1:colcon.colcon_core.package_discovery:discover_packages(prefix_path) using defaults
[0.227s] Level 5:colcon.colcon_core.verb:set package 'components_cpp' build argument 'cmake_args' from command line to 'None'
[0.227s] Level 5:colcon.colcon_core.verb:set package 'components_cpp' build argument 'cmake_target' from command line to 'None'
[0.227s] Level 5:colcon.colcon_core.verb:set package 'components_cpp' build argument 'cmake_target_skip_unavailable' from command line to 'False'
[0.227s] Level 5:colcon.colcon_core.verb:set package 'components_cpp' build argument 'cmake_clean_cache' from command line to 'False'
[0.227s] Level 5:colcon.colcon_core.verb:set package 'components_cpp' build argument 'cmake_clean_first' from command line to 'False'
[0.227s] Level 5:colcon.colcon_core.verb:set package 'components_cpp' build argument 'cmake_force_configure' from command line to 'False'
[0.227s] Level 5:colcon.colcon_core.verb:set package 'components_cpp' build argument 'ament_cmake_args' from command line to 'None'
[0.227s] Level 5:colcon.colcon_core.verb:set package 'components_cpp' build argument 'catkin_cmake_args' from command line to 'None'
[0.227s] Level 5:colcon.colcon_core.verb:set package 'components_cpp' build argument 'catkin_skip_building_tests' from command line to 'False'
[0.227s] DEBUG:colcon.colcon_core.verb:Building package 'components_cpp' with the following arguments: {'ament_cmake_args': None, 'build_base': '/home/robomaven/ws/ros2_ws3/build/components_cpp', 'catkin_cmake_args': None, 'catkin_skip_building_tests': False, 'cmake_args': None, 'cmake_clean_cache': False, 'cmake_clean_first': False, 'cmake_force_configure': False, 'cmake_target': None, 'cmake_target_skip_unavailable': False, 'install_base': '/home/robomaven/ws/ros2_ws3/install/components_cpp', 'merge_install': False, 'path': '/home/robomaven/ws/ros2_ws3/src/components_cpp', 'symlink_install': False, 'test_result_base': None}
[0.228s] INFO:colcon.colcon_core.executor:Executing jobs using 'parallel' executor
[0.228s] DEBUG:colcon.colcon_parallel_executor.executor.parallel:run_until_complete
[0.228s] INFO:colcon.colcon_ros.task.ament_cmake.build:Building ROS package in '/home/robomaven/ws/ros2_ws3/src/components_cpp' with build type 'ament_cmake'
[0.228s] INFO:colcon.colcon_cmake.task.cmake.build:Building CMake package in '/home/robomaven/ws/ros2_ws3/src/components_cpp'
[0.230s] INFO:colcon.colcon_core.plugin_system:Skipping extension 'colcon_core.shell.bat': Not used on non-Windows systems
[0.230s] INFO:colcon.colcon_core.shell:Skip shell extension 'powershell' for command environment: Not usable outside of PowerShell
[0.230s] DEBUG:colcon.colcon_core.shell:Skip shell extension 'dsv' for command environment
[0.236s] DEBUG:colcon.colcon_core.event_handler.log_command:Invoking command in '/home/robomaven/ws/ros2_ws3/build/components_cpp': CMAKE_PREFIX_PATH=${CMAKE_PREFIX_PATH}:/home/robomaven/ws/ros2_ws3/install/components_py:/home/robomaven/ws/ros2_ws3/install/executors_py:/home/robomaven/ws/ros2_ws3/install/actions_py:/home/robomaven/ws/ros2_ws3/install/lifecycle_py:/opt/ros/humble /usr/bin/cmake --build /home/robomaven/ws/ros2_ws3/build/components_cpp -- -j20 -l20
[3.541s] DEBUG:colcon.colcon_core.event_handler.log_command:Invoked command in '/home/robomaven/ws/ros2_ws3/build/components_cpp' returned '0': CMAKE_PREFIX_PATH=${CMAKE_PREFIX_PATH}:/home/robomaven/ws/ros2_ws3/install/components_py:/home/robomaven/ws/ros2_ws3/install/executors_py:/home/robomaven/ws/ros2_ws3/install/actions_py:/home/robomaven/ws/ros2_ws3/install/lifecycle_py:/opt/ros/humble /usr/bin/cmake --build /home/robomaven/ws/ros2_ws3/build/components_cpp -- -j20 -l20
[3.590s] DEBUG:colcon.colcon_core.event_handler.log_command:Invoking command in '/home/robomaven/ws/ros2_ws3/build/components_cpp': CMAKE_PREFIX_PATH=${CMAKE_PREFIX_PATH}:/home/robomaven/ws/ros2_ws3/install/components_py:/home/robomaven/ws/ros2_ws3/install/executors_py:/home/robomaven/ws/ros2_ws3/install/actions_py:/home/robomaven/ws/ros2_ws3/install/lifecycle_py:/opt/ros/humble /usr/bin/cmake --install /home/robomaven/ws/ros2_ws3/build/components_cpp
[3.604s] Level 1:colcon.colcon_core.environment:create_environment_scripts_only(components_cpp)
[3.605s] DEBUG:colcon.colcon_core.event_handler.log_command:Invoked command in '/home/robomaven/ws/ros2_ws3/build/components_cpp' returned '0': CMAKE_PREFIX_PATH=${CMAKE_PREFIX_PATH}:/home/robomaven/ws/ros2_ws3/install/components_py:/home/robomaven/ws/ros2_ws3/install/executors_py:/home/robomaven/ws/ros2_ws3/install/actions_py:/home/robomaven/ws/ros2_ws3/install/lifecycle_py:/opt/ros/humble /usr/bin/cmake --install /home/robomaven/ws/ros2_ws3/build/components_cpp
[3.607s] Level 1:colcon.colcon_core.environment:checking '/home/robomaven/ws/ros2_ws3/install/components_cpp' for CMake module files
[3.608s] Level 1:colcon.colcon_core.environment:checking '/home/robomaven/ws/ros2_ws3/install/components_cpp' for CMake config files
[3.608s] Level 1:colcon.colcon_core.shell:create_environment_hook('components_cpp', 'cmake_prefix_path')
[3.608s] INFO:colcon.colcon_core.shell:Creating environment hook '/home/robomaven/ws/ros2_ws3/install/components_cpp/share/components_cpp/hook/cmake_prefix_path.ps1'
[3.609s] INFO:colcon.colcon_core.shell:Creating environment descriptor '/home/robomaven/ws/ros2_ws3/install/components_cpp/share/components_cpp/hook/cmake_prefix_path.dsv'
[3.609s] INFO:colcon.colcon_core.shell:Creating environment hook '/home/robomaven/ws/ros2_ws3/install/components_cpp/share/components_cpp/hook/cmake_prefix_path.sh'
[3.610s] Level 1:colcon.colcon_core.environment:checking '/home/robomaven/ws/ros2_ws3/install/components_cpp/lib'
[3.611s] Level 1:colcon.colcon_core.shell:create_environment_hook('components_cpp', 'ld_library_path_lib')
[3.611s] INFO:colcon.colcon_core.shell:Creating environment hook '/home/robomaven/ws/ros2_ws3/install/components_cpp/share/components_cpp/hook/ld_library_path_lib.ps1'
[3.611s] INFO:colcon.colcon_core.shell:Creating environment descriptor '/home/robomaven/ws/ros2_ws3/install/components_cpp/share/components_cpp/hook/ld_library_path_lib.dsv'
[3.611s] INFO:colcon.colcon_core.shell:Creating environment hook '/home/robomaven/ws/ros2_ws3/install/components_cpp/share/components_cpp/hook/ld_library_path_lib.sh'
[3.612s] Level 1:colcon.colcon_core.environment:checking '/home/robomaven/ws/ros2_ws3/install/components_cpp/bin'
[3.612s] Level 1:colcon.colcon_core.environment:checking '/home/robomaven/ws/ros2_ws3/install/components_cpp/lib/pkgconfig/components_cpp.pc'
[3.612s] Level 1:colcon.colcon_core.environment:checking '/home/robomaven/ws/ros2_ws3/install/components_cpp/lib/python3.10/site-packages'
[3.612s] Level 1:colcon.colcon_core.environment:checking '/home/robomaven/ws/ros2_ws3/install/components_cpp/bin'
[3.612s] INFO:colcon.colcon_core.shell:Creating package script '/home/robomaven/ws/ros2_ws3/install/components_cpp/share/components_cpp/package.ps1'
[3.613s] INFO:colcon.colcon_core.shell:Creating package descriptor '/home/robomaven/ws/ros2_ws3/install/components_cpp/share/components_cpp/package.dsv'
[3.613s] INFO:colcon.colcon_core.shell:Creating package script '/home/robomaven/ws/ros2_ws3/install/components_cpp/share/components_cpp/package.sh'
[3.614s] INFO:colcon.colcon_core.shell:Creating package script '/home/robomaven/ws/ros2_ws3/install/components_cpp/share/components_cpp/package.bash'
[3.614s] INFO:colcon.colcon_core.shell:Creating package script '/home/robomaven/ws/ros2_ws3/install/components_cpp/share/components_cpp/package.zsh'
[3.615s] Level 1:colcon.colcon_core.environment:create_file_with_runtime_dependencies(/home/robomaven/ws/ros2_ws3/install/components_cpp/share/colcon-core/packages/components_cpp)
[3.648s] Level 1:colcon.colcon_core.environment:create_environment_scripts_only(components_cpp)
[3.648s] Level 1:colcon.colcon_core.environment:checking '/home/robomaven/ws/ros2_ws3/install/components_cpp' for CMake module files
[3.649s] Level 1:colcon.colcon_core.environment:checking '/home/robomaven/ws/ros2_ws3/install/components_cpp' for CMake config files
[3.649s] Level 1:colcon.colcon_core.shell:create_environment_hook('components_cpp', 'cmake_prefix_path')
[3.649s] INFO:colcon.colcon_core.shell:Creating environment hook '/home/robomaven/ws/ros2_ws3/install/components_cpp/share/components_cpp/hook/cmake_prefix_path.ps1'
[3.650s] INFO:colcon.colcon_core.shell:Creating environment descriptor '/home/robomaven/ws/ros2_ws3/install/components_cpp/share/components_cpp/hook/cmake_prefix_path.dsv'
[3.650s] INFO:colcon.colcon_core.shell:Creating environment hook '/home/robomaven/ws/ros2_ws3/install/components_cpp/share/components_cpp/hook/cmake_prefix_path.sh'
[3.650s] Level 1:colcon.colcon_core.environment:checking '/home/robomaven/ws/ros2_ws3/install/components_cpp/lib'
[3.651s] Level 1:colcon.colcon_core.shell:create_environment_hook('components_cpp', 'ld_library_path_lib')
[3.651s] INFO:colcon.colcon_core.shell:Creating environment hook '/home/robomaven/ws/ros2_ws3/install/components_cpp/share/components_cpp/hook/ld_library_path_lib.ps1'
[3.651s] INFO:colcon.colcon_core.shell:Creating environment descriptor '/home/robomaven/ws/ros2_ws3/install/components_cpp/share/components_cpp/hook/ld_library_path_lib.dsv'
[3.652s] INFO:colcon.colcon_core.shell:Creating environment hook '/home/robomaven/ws/ros2_ws3/install/components_cpp/share/components_cpp/hook/ld_library_path_lib.sh'
[3.652s] Level 1:colcon.colcon_core.environment:checking '/home/robomaven/ws/ros2_ws3/install/components_cpp/bin'
[3.652s] Level 1:colcon.colcon_core.environment:checking '/home/robomaven/ws/ros2_ws3/install/components_cpp/lib/pkgconfig/components_cpp.pc'
[3.652s] Level 1:colcon.colcon_core.environment:checking '/home/robomaven/ws/ros2_ws3/install/components_cpp/lib/python3.10/site-packages'
[3.653s] Level 1:colcon.colcon_core.environment:checking '/home/robomaven/ws/ros2_ws3/install/components_cpp/bin'
[3.653s] INFO:colcon.colcon_core.shell:Creating package script '/home/robomaven/ws/ros2_ws3/install/components_cpp/share/components_cpp/package.ps1'
[3.653s] INFO:colcon.colcon_core.shell:Creating package descriptor '/home/robomaven/ws/ros2_ws3/install/components_cpp/share/components_cpp/package.dsv'
[3.654s] INFO:colcon.colcon_core.shell:Creating package script '/home/robomaven/ws/ros2_ws3/install/components_cpp/share/components_cpp/package.sh'
[3.654s] INFO:colcon.colcon_core.shell:Creating package script '/home/robomaven/ws/ros2_ws3/install/components_cpp/share/components_cpp/package.bash'
[3.655s] INFO:colcon.colcon_core.shell:Creating package script '/home/robomaven/ws/ros2_ws3/install/components_cpp/share/components_cpp/package.zsh'
[3.655s] Level 1:colcon.colcon_core.environment:create_file_with_runtime_dependencies(/home/robomaven/ws/ros2_ws3/install/components_cpp/share/colcon-core/packages/components_cpp)
[3.655s] DEBUG:colcon.colcon_parallel_executor.executor.parallel:closing loop
[3.655s] DEBUG:colcon.colcon_parallel_executor.executor.parallel:loop closed
[3.655s] DEBUG:colcon.colcon_parallel_executor.executor.parallel:run_until_complete finished with '0'
[3.655s] DEBUG:colcon.colcon_core.event_reactor:joining thread
[3.661s] INFO:colcon.colcon_core.plugin_system:Skipping extension 'colcon_notification.desktop_notification.terminal_notifier': Not used on non-Darwin systems
[3.661s] INFO:colcon.colcon_core.plugin_system:Skipping extension 'colcon_notification.desktop_notification.win32': Not used on non-Windows systems
[3.661s] INFO:colcon.colcon_notification.desktop_notification:Sending desktop notification using 'notify2'
[3.674s] DEBUG:colcon.colcon_core.event_reactor:joined thread
[3.674s] INFO:colcon.colcon_core.shell:Creating prefix script '/home/robomaven/ws/ros2_ws3/install/local_setup.ps1'
[3.675s] INFO:colcon.colcon_core.shell:Creating prefix util module '/home/robomaven/ws/ros2_ws3/install/_local_setup_util_ps1.py'
[3.677s] INFO:colcon.colcon_core.shell:Creating prefix chain script '/home/robomaven/ws/ros2_ws3/install/setup.ps1'
[3.678s] INFO:colcon.colcon_core.shell:Creating prefix script '/home/robomaven/ws/ros2_ws3/install/local_setup.sh'
[3.679s] INFO:colcon.colcon_core.shell:Creating prefix util module '/home/robomaven/ws/ros2_ws3/install/_local_setup_util_sh.py'
[3.679s] INFO:colcon.colcon_core.shell:Creating prefix chain script '/home/robomaven/ws/ros2_ws3/install/setup.sh'
[3.681s] INFO:colcon.colcon_core.shell:Creating prefix script '/home/robomaven/ws/ros2_ws3/install/local_setup.bash'
[3.681s] INFO:colcon.colcon_core.shell:Creating prefix chain script '/home/robomaven/ws/ros2_ws3/install/setup.bash'
[3.683s] INFO:colcon.colcon_core.shell:Creating prefix script '/home/robomaven/ws/ros2_ws3/install/local_setup.zsh'
[3.683s] INFO:colcon.colcon_core.shell:Creating prefix chain script '/home/robomaven/ws/ros2_ws3/install/setup.zsh'
