[0.007s] Invoking command in '/home/robomaven/ws/ws1/build/my_interfaces': CMAKE_PREFIX_PATH=${CMAKE_PREFIX_PATH}:/home/robomaven/ws/ws1/install/py:/opt/ros/humble /usr/bin/cmake --build /home/robomaven/ws/ws1/build/my_interfaces -- -j20 -l20
[0.023s] -- Found ament_cmake: 1.3.9 (/opt/ros/humble/share/ament_cmake/cmake)
[0.110s] -- Found rosidl_default_generators: 1.2.0 (/opt/ros/humble/share/rosidl_default_generators/cmake)
[0.111s] -- Using all available rosidl_typesupport_c: rosidl_typesupport_fastrtps_c;rosidl_typesupport_introspection_c
[0.113s] -- Found rosidl_adapter: 3.1.5 (/opt/ros/humble/share/rosidl_adapter/cmake)
[0.133s] -- Using all available rosidl_typesupport_cpp: rosidl_typesupport_fastrtps_cpp;rosidl_typesupport_introspection_cpp
[0.314s] -- Found ament_cmake_ros: 0.10.0 (/opt/ros/humble/share/ament_cmake_ros/cmake)
[0.441s] -- Using all available rosidl_typesupport_c: rosidl_typesupport_fastrtps_c;rosidl_typesupport_introspection_c
[0.609s] -- Using all available rosidl_typesupport_cpp: rosidl_typesupport_fastrtps_cpp;rosidl_typesupport_introspection_cpp
[0.624s] -- Found python_cmake_module: 0.10.0 (/opt/ros/humble/share/python_cmake_module/cmake)
[0.640s] -- Using PYTHON_EXECUTABLE: /usr/bin/python3
[0.640s] -- Using PYTHON_INCLUDE_DIRS: /usr/include/python3.10
[0.640s] -- Using PYTHON_LIBRARIES: /usr/lib/x86_64-linux-gnu/libpython3.10.so
[0.654s] -- Configuring done
[0.670s] -- Generating done
[0.672s] -- Build files have been written to: /home/robomaven/ws/ws1/build/my_interfaces
[0.687s] [  2%] [34m[1mGenerating C code for ROS interfaces[0m
[0.694s] [  4%] [34m[1mGenerating C++ code for ROS interfaces[0m
[0.699s] [  4%] Built target ament_cmake_python_copy_my_interfaces
[0.855s] running egg_info
[0.855s] writing my_interfaces.egg-info/PKG-INFO
[0.855s] writing dependency_links to my_interfaces.egg-info/dependency_links.txt
[0.855s] writing top-level names to my_interfaces.egg-info/top_level.txt
[0.856s] reading manifest file 'my_interfaces.egg-info/SOURCES.txt'
[0.857s] writing manifest file 'my_interfaces.egg-info/SOURCES.txt'
[0.873s] [  4%] Built target ament_cmake_python_build_my_interfaces_egg
[0.891s] [  4%] Built target my_interfaces__cpp
[0.895s] [35m[1mConsolidate compiler generated dependencies of target my_interfaces__rosidl_generator_c[0m
[0.897s] [  8%] [34m[1mGenerating C++ type support for eProsima Fast-RTPS[0m
[0.897s] [  8%] [34m[1mGenerating C++ introspection for ROS interfaces[0m
[0.897s] [ 10%] [34m[1mGenerating C++ type support dispatch for ROS interfaces[0m
[0.903s] [ 12%] [32mBuilding C object CMakeFiles/my_interfaces__rosidl_generator_c.dir/rosidl_generator_c/my_interfaces/msg/detail/project_info__functions.c.o[0m
[0.903s] [ 14%] [32mBuilding C object CMakeFiles/my_interfaces__rosidl_generator_c.dir/rosidl_generator_c/my_interfaces/msg/detail/killer_data__functions.c.o[0m
[0.903s] [ 17%] [32mBuilding C object CMakeFiles/my_interfaces__rosidl_generator_c.dir/rosidl_generator_c/my_interfaces/msg/detail/login__functions.c.o[0m
[0.933s] [ 19%] [32m[1mLinking C shared library libmy_interfaces__rosidl_generator_c.so[0m
[0.958s] [ 19%] Built target my_interfaces__rosidl_generator_c
[0.964s] [ 23%] [34m[1mGenerating C type support dispatch for ROS interfaces[0m
[0.965s] [ 21%] [34m[1mGenerating C introspection for ROS interfaces[0m
[0.965s] [ 25%] [34m[1mGenerating C type support for eProsima Fast-RTPS[0m
[1.056s] [35m[1mConsolidate compiler generated dependencies of target my_interfaces__rosidl_typesupport_cpp[0m
[1.065s] [ 29%] [32mBuilding CXX object CMakeFiles/my_interfaces__rosidl_typesupport_cpp.dir/rosidl_typesupport_cpp/my_interfaces/msg/login__type_support.cpp.o[0m
[1.065s] [ 29%] [32mBuilding CXX object CMakeFiles/my_interfaces__rosidl_typesupport_cpp.dir/rosidl_typesupport_cpp/my_interfaces/msg/project_info__type_support.cpp.o[0m
[1.069s] [ 31%] [32mBuilding CXX object CMakeFiles/my_interfaces__rosidl_typesupport_cpp.dir/rosidl_typesupport_cpp/my_interfaces/msg/killer_data__type_support.cpp.o[0m
[1.074s] [35m[1mConsolidate compiler generated dependencies of target my_interfaces__rosidl_typesupport_introspection_cpp[0m
[1.084s] [ 34%] [32mBuilding CXX object CMakeFiles/my_interfaces__rosidl_typesupport_introspection_cpp.dir/rosidl_typesupport_introspection_cpp/my_interfaces/msg/detail/project_info__type_support.cpp.o[0m
[1.088s] [ 38%] [32mBuilding CXX object CMakeFiles/my_interfaces__rosidl_typesupport_introspection_cpp.dir/rosidl_typesupport_introspection_cpp/my_interfaces/msg/detail/login__type_support.cpp.o[0m
[1.088s] [ 38%] [32mBuilding CXX object CMakeFiles/my_interfaces__rosidl_typesupport_introspection_cpp.dir/rosidl_typesupport_introspection_cpp/my_interfaces/msg/detail/killer_data__type_support.cpp.o[0m
[1.089s] [35m[1mConsolidate compiler generated dependencies of target my_interfaces__rosidl_typesupport_fastrtps_cpp[0m
[1.104s] [ 44%] [32mBuilding CXX object CMakeFiles/my_interfaces__rosidl_typesupport_fastrtps_cpp.dir/rosidl_typesupport_fastrtps_cpp/my_interfaces/msg/detail/dds_fastrtps/login__type_support.cpp.o[0m
[1.104s] [ 44%] [32mBuilding CXX object CMakeFiles/my_interfaces__rosidl_typesupport_fastrtps_cpp.dir/rosidl_typesupport_fastrtps_cpp/my_interfaces/msg/detail/dds_fastrtps/project_info__type_support.cpp.o[0m
[1.104s] [ 44%] [32mBuilding CXX object CMakeFiles/my_interfaces__rosidl_typesupport_fastrtps_cpp.dir/rosidl_typesupport_fastrtps_cpp/my_interfaces/msg/detail/dds_fastrtps/killer_data__type_support.cpp.o[0m
[1.124s] [35m[1mConsolidate compiler generated dependencies of target my_interfaces__rosidl_typesupport_c[0m
[1.134s] [ 46%] [32mBuilding CXX object CMakeFiles/my_interfaces__rosidl_typesupport_c.dir/rosidl_typesupport_c/my_interfaces/msg/project_info__type_support.cpp.o[0m
[1.138s] [ 51%] [32mBuilding CXX object CMakeFiles/my_interfaces__rosidl_typesupport_c.dir/rosidl_typesupport_c/my_interfaces/msg/login__type_support.cpp.o[0m
[1.138s] [ 51%] [32mBuilding CXX object CMakeFiles/my_interfaces__rosidl_typesupport_c.dir/rosidl_typesupport_c/my_interfaces/msg/killer_data__type_support.cpp.o[0m
[1.153s] [35m[1mConsolidate compiler generated dependencies of target my_interfaces__rosidl_typesupport_introspection_c[0m
[1.162s] [ 53%] [32mBuilding C object CMakeFiles/my_interfaces__rosidl_typesupport_introspection_c.dir/rosidl_typesupport_introspection_c/my_interfaces/msg/detail/project_info__type_support.c.o[0m
[1.164s] [ 55%] [32mBuilding C object CMakeFiles/my_interfaces__rosidl_typesupport_introspection_c.dir/rosidl_typesupport_introspection_c/my_interfaces/msg/detail/killer_data__type_support.c.o[0m
[1.164s] [35m[1mConsolidate compiler generated dependencies of target my_interfaces__rosidl_typesupport_fastrtps_c[0m
[1.164s] [ 57%] [32mBuilding C object CMakeFiles/my_interfaces__rosidl_typesupport_introspection_c.dir/rosidl_typesupport_introspection_c/my_interfaces/msg/detail/login__type_support.c.o[0m
[1.167s] [ 59%] [32m[1mLinking CXX shared library libmy_interfaces__rosidl_typesupport_c.so[0m
[1.179s] [ 65%] [32mBuilding CXX object CMakeFiles/my_interfaces__rosidl_typesupport_fastrtps_c.dir/rosidl_typesupport_fastrtps_c/my_interfaces/msg/detail/login__type_support_c.cpp.o[0m
[1.179s] [ 65%] [32mBuilding CXX object CMakeFiles/my_interfaces__rosidl_typesupport_fastrtps_c.dir/rosidl_typesupport_fastrtps_c/my_interfaces/msg/detail/project_info__type_support_c.cpp.o[0m
[1.179s] [ 65%] [32mBuilding CXX object CMakeFiles/my_interfaces__rosidl_typesupport_fastrtps_c.dir/rosidl_typesupport_fastrtps_c/my_interfaces/msg/detail/killer_data__type_support_c.cpp.o[0m
[1.201s] [ 68%] [32m[1mLinking C shared library libmy_interfaces__rosidl_typesupport_introspection_c.so[0m
[1.212s] [ 68%] Built target my_interfaces__rosidl_typesupport_c
[1.240s] [ 68%] Built target my_interfaces__rosidl_typesupport_introspection_c
[1.395s] [ 70%] [32m[1mLinking CXX shared library libmy_interfaces__rosidl_typesupport_cpp.so[0m
[1.412s] [ 72%] [32m[1mLinking CXX shared library libmy_interfaces__rosidl_typesupport_fastrtps_c.so[0m
[1.427s] [ 72%] Built target my_interfaces__rosidl_typesupport_cpp
[1.462s] [ 72%] Built target my_interfaces__rosidl_typesupport_fastrtps_c
[1.500s] [ 74%] [32m[1mLinking CXX shared library libmy_interfaces__rosidl_typesupport_introspection_cpp.so[0m
[1.507s] [ 76%] [32m[1mLinking CXX shared library libmy_interfaces__rosidl_typesupport_fastrtps_cpp.so[0m
[1.553s] [ 76%] Built target my_interfaces__rosidl_typesupport_introspection_cpp
[1.555s] [ 76%] Built target my_interfaces__rosidl_typesupport_fastrtps_cpp
[1.568s] [ 76%] Built target my_interfaces
[1.589s] [ 78%] [34m[1mGenerating Python code for ROS interfaces[0m
[1.860s] [ 78%] Built target my_interfaces__py
[1.867s] [35m[1mConsolidate compiler generated dependencies of target my_interfaces__rosidl_generator_py[0m
[1.876s] [ 80%] [32mBuilding C object CMakeFiles/my_interfaces__rosidl_generator_py.dir/rosidl_generator_py/my_interfaces/msg/_project_info_s.c.o[0m
[1.876s] [ 82%] [32mBuilding C object CMakeFiles/my_interfaces__rosidl_generator_py.dir/rosidl_generator_py/my_interfaces/msg/_killer_data_s.c.o[0m
[1.876s] [ 85%] [32mBuilding C object CMakeFiles/my_interfaces__rosidl_generator_py.dir/rosidl_generator_py/my_interfaces/msg/_login_s.c.o[0m
[1.938s] [ 87%] [32m[1mLinking C shared library rosidl_generator_py/my_interfaces/libmy_interfaces__rosidl_generator_py.so[0m
[1.965s] [ 87%] Built target my_interfaces__rosidl_generator_py
[1.976s] [35m[1mConsolidate compiler generated dependencies of target my_interfaces__rosidl_typesupport_fastrtps_c__pyext[0m
[1.977s] [35m[1mConsolidate compiler generated dependencies of target my_interfaces__rosidl_typesupport_introspection_c__pyext[0m
[1.977s] [35m[1mConsolidate compiler generated dependencies of target my_interfaces__rosidl_typesupport_c__pyext[0m
[1.987s] [ 89%] [32mBuilding C object CMakeFiles/my_interfaces__rosidl_typesupport_fastrtps_c__pyext.dir/rosidl_generator_py/my_interfaces/_my_interfaces_s.ep.rosidl_typesupport_fastrtps_c.c.o[0m
[1.987s] [ 91%] [32mBuilding C object CMakeFiles/my_interfaces__rosidl_typesupport_introspection_c__pyext.dir/rosidl_generator_py/my_interfaces/_my_interfaces_s.ep.rosidl_typesupport_introspection_c.c.o[0m
[1.987s] [ 93%] [32mBuilding C object CMakeFiles/my_interfaces__rosidl_typesupport_c__pyext.dir/rosidl_generator_py/my_interfaces/_my_interfaces_s.ep.rosidl_typesupport_c.c.o[0m
[2.044s] [ 95%] [32m[1mLinking C shared library rosidl_generator_py/my_interfaces/my_interfaces_s__rosidl_typesupport_c.cpython-310-x86_64-linux-gnu.so[0m
[2.044s] [ 97%] [32m[1mLinking C shared library rosidl_generator_py/my_interfaces/my_interfaces_s__rosidl_typesupport_introspection_c.cpython-310-x86_64-linux-gnu.so[0m
[2.045s] [100%] [32m[1mLinking C shared library rosidl_generator_py/my_interfaces/my_interfaces_s__rosidl_typesupport_fastrtps_c.cpython-310-x86_64-linux-gnu.so[0m
[2.066s] [100%] Built target my_interfaces__rosidl_typesupport_c__pyext
[2.066s] [100%] Built target my_interfaces__rosidl_typesupport_introspection_c__pyext
[2.066s] [100%] Built target my_interfaces__rosidl_typesupport_fastrtps_c__pyext
[2.074s] Invoked command in '/home/robomaven/ws/ws1/build/my_interfaces' returned '0': CMAKE_PREFIX_PATH=${CMAKE_PREFIX_PATH}:/home/robomaven/ws/ws1/install/py:/opt/ros/humble /usr/bin/cmake --build /home/robomaven/ws/ws1/build/my_interfaces -- -j20 -l20
[2.194s] Invoking command in '/home/robomaven/ws/ws1/build/my_interfaces': CMAKE_PREFIX_PATH=${CMAKE_PREFIX_PATH}:/home/robomaven/ws/ws1/install/py:/opt/ros/humble /usr/bin/cmake --install /home/robomaven/ws/ws1/build/my_interfaces
[2.202s] -- Install configuration: ""
[2.202s] -- Installing: /home/robomaven/ws/ws1/install/my_interfaces/share/ament_index/resource_index/rosidl_interfaces/my_interfaces
[2.202s] -- Up-to-date: /home/robomaven/ws/ws1/install/my_interfaces/include/my_interfaces/my_interfaces
[2.203s] -- Up-to-date: /home/robomaven/ws/ws1/install/my_interfaces/include/my_interfaces/my_interfaces/msg
[2.203s] -- Up-to-date: /home/robomaven/ws/ws1/install/my_interfaces/include/my_interfaces/my_interfaces/msg/rosidl_generator_c__visibility_control.h
[2.203s] -- Installing: /home/robomaven/ws/ws1/install/my_interfaces/include/my_interfaces/my_interfaces/msg/project_info.h
[2.203s] -- Up-to-date: /home/robomaven/ws/ws1/install/my_interfaces/include/my_interfaces/my_interfaces/msg/detail
[2.203s] -- Installing: /home/robomaven/ws/ws1/install/my_interfaces/include/my_interfaces/my_interfaces/msg/detail/login__functions.c
[2.203s] -- Installing: /home/robomaven/ws/ws1/install/my_interfaces/include/my_interfaces/my_interfaces/msg/detail/login__functions.h
[2.203s] -- Installing: /home/robomaven/ws/ws1/install/my_interfaces/include/my_interfaces/my_interfaces/msg/detail/project_info__type_support.h
[2.203s] -- Installing: /home/robomaven/ws/ws1/install/my_interfaces/include/my_interfaces/my_interfaces/msg/detail/killer_data__type_support.h
[2.203s] -- Installing: /home/robomaven/ws/ws1/install/my_interfaces/include/my_interfaces/my_interfaces/msg/detail/killer_data__struct.h
[2.203s] -- Installing: /home/robomaven/ws/ws1/install/my_interfaces/include/my_interfaces/my_interfaces/msg/detail/killer_data__functions.h
[2.203s] -- Installing: /home/robomaven/ws/ws1/install/my_interfaces/include/my_interfaces/my_interfaces/msg/detail/login__struct.h
[2.203s] -- Installing: /home/robomaven/ws/ws1/install/my_interfaces/include/my_interfaces/my_interfaces/msg/detail/project_info__struct.h
[2.203s] -- Installing: /home/robomaven/ws/ws1/install/my_interfaces/include/my_interfaces/my_interfaces/msg/detail/project_info__functions.c
[2.203s] -- Installing: /home/robomaven/ws/ws1/install/my_interfaces/include/my_interfaces/my_interfaces/msg/detail/login__type_support.h
[2.203s] -- Installing: /home/robomaven/ws/ws1/install/my_interfaces/include/my_interfaces/my_interfaces/msg/detail/project_info__functions.h
[2.204s] -- Installing: /home/robomaven/ws/ws1/install/my_interfaces/include/my_interfaces/my_interfaces/msg/detail/killer_data__functions.c
[2.204s] -- Installing: /home/robomaven/ws/ws1/install/my_interfaces/include/my_interfaces/my_interfaces/msg/login.h
[2.204s] -- Installing: /home/robomaven/ws/ws1/install/my_interfaces/include/my_interfaces/my_interfaces/msg/killer_data.h
[2.204s] -- Up-to-date: /home/robomaven/ws/ws1/install/my_interfaces/share/my_interfaces/environment/library_path.sh
[2.204s] -- Installing: /home/robomaven/ws/ws1/install/my_interfaces/share/my_interfaces/environment/library_path.dsv
[2.204s] -- Installing: /home/robomaven/ws/ws1/install/my_interfaces/lib/libmy_interfaces__rosidl_generator_c.so
[2.204s] -- Set runtime path of "/home/robomaven/ws/ws1/install/my_interfaces/lib/libmy_interfaces__rosidl_generator_c.so" to ""
[2.204s] -- Up-to-date: /home/robomaven/ws/ws1/install/my_interfaces/include/my_interfaces/my_interfaces
[2.204s] -- Up-to-date: /home/robomaven/ws/ws1/install/my_interfaces/include/my_interfaces/my_interfaces/msg
[2.204s] -- Up-to-date: /home/robomaven/ws/ws1/install/my_interfaces/include/my_interfaces/my_interfaces/msg/detail
[2.204s] -- Installing: /home/robomaven/ws/ws1/install/my_interfaces/include/my_interfaces/my_interfaces/msg/detail/login__rosidl_typesupport_fastrtps_c.h
[2.204s] -- Installing: /home/robomaven/ws/ws1/install/my_interfaces/include/my_interfaces/my_interfaces/msg/detail/project_info__rosidl_typesupport_fastrtps_c.h
[2.204s] -- Installing: /home/robomaven/ws/ws1/install/my_interfaces/include/my_interfaces/my_interfaces/msg/detail/killer_data__rosidl_typesupport_fastrtps_c.h
[2.204s] -- Up-to-date: /home/robomaven/ws/ws1/install/my_interfaces/include/my_interfaces/my_interfaces/msg/rosidl_typesupport_fastrtps_c__visibility_control.h
[2.204s] -- Installing: /home/robomaven/ws/ws1/install/my_interfaces/lib/libmy_interfaces__rosidl_typesupport_fastrtps_c.so
[2.205s] -- Set runtime path of "/home/robomaven/ws/ws1/install/my_interfaces/lib/libmy_interfaces__rosidl_typesupport_fastrtps_c.so" to ""
[2.205s] -- Up-to-date: /home/robomaven/ws/ws1/install/my_interfaces/include/my_interfaces/my_interfaces
[2.205s] -- Up-to-date: /home/robomaven/ws/ws1/install/my_interfaces/include/my_interfaces/my_interfaces/msg
[2.205s] -- Up-to-date: /home/robomaven/ws/ws1/install/my_interfaces/include/my_interfaces/my_interfaces/msg/rosidl_typesupport_introspection_c__visibility_control.h
[2.205s] -- Up-to-date: /home/robomaven/ws/ws1/install/my_interfaces/include/my_interfaces/my_interfaces/msg/detail
[2.205s] -- Installing: /home/robomaven/ws/ws1/install/my_interfaces/include/my_interfaces/my_interfaces/msg/detail/login__rosidl_typesupport_introspection_c.h
[2.205s] -- Installing: /home/robomaven/ws/ws1/install/my_interfaces/include/my_interfaces/my_interfaces/msg/detail/killer_data__type_support.c
[2.205s] -- Installing: /home/robomaven/ws/ws1/install/my_interfaces/include/my_interfaces/my_interfaces/msg/detail/project_info__rosidl_typesupport_introspection_c.h
[2.205s] -- Installing: /home/robomaven/ws/ws1/install/my_interfaces/include/my_interfaces/my_interfaces/msg/detail/killer_data__rosidl_typesupport_introspection_c.h
[2.205s] -- Installing: /home/robomaven/ws/ws1/install/my_interfaces/include/my_interfaces/my_interfaces/msg/detail/project_info__type_support.c
[2.205s] -- Installing: /home/robomaven/ws/ws1/install/my_interfaces/include/my_interfaces/my_interfaces/msg/detail/login__type_support.c
[2.205s] -- Installing: /home/robomaven/ws/ws1/install/my_interfaces/lib/libmy_interfaces__rosidl_typesupport_introspection_c.so
[2.205s] -- Set runtime path of "/home/robomaven/ws/ws1/install/my_interfaces/lib/libmy_interfaces__rosidl_typesupport_introspection_c.so" to ""
[2.205s] -- Installing: /home/robomaven/ws/ws1/install/my_interfaces/lib/libmy_interfaces__rosidl_typesupport_c.so
[2.205s] -- Set runtime path of "/home/robomaven/ws/ws1/install/my_interfaces/lib/libmy_interfaces__rosidl_typesupport_c.so" to ""
[2.205s] -- Up-to-date: /home/robomaven/ws/ws1/install/my_interfaces/include/my_interfaces/my_interfaces
[2.206s] -- Up-to-date: /home/robomaven/ws/ws1/install/my_interfaces/include/my_interfaces/my_interfaces/msg
[2.206s] -- Installing: /home/robomaven/ws/ws1/install/my_interfaces/include/my_interfaces/my_interfaces/msg/project_info.hpp
[2.206s] -- Installing: /home/robomaven/ws/ws1/install/my_interfaces/include/my_interfaces/my_interfaces/msg/login.hpp
[2.206s] -- Up-to-date: /home/robomaven/ws/ws1/install/my_interfaces/include/my_interfaces/my_interfaces/msg/detail
[2.206s] -- Installing: /home/robomaven/ws/ws1/install/my_interfaces/include/my_interfaces/my_interfaces/msg/detail/project_info__struct.hpp
[2.206s] -- Installing: /home/robomaven/ws/ws1/install/my_interfaces/include/my_interfaces/my_interfaces/msg/detail/killer_data__traits.hpp
[2.206s] -- Installing: /home/robomaven/ws/ws1/install/my_interfaces/include/my_interfaces/my_interfaces/msg/detail/killer_data__builder.hpp
[2.206s] -- Installing: /home/robomaven/ws/ws1/install/my_interfaces/include/my_interfaces/my_interfaces/msg/detail/login__struct.hpp
[2.206s] -- Installing: /home/robomaven/ws/ws1/install/my_interfaces/include/my_interfaces/my_interfaces/msg/detail/login__builder.hpp
[2.206s] -- Installing: /home/robomaven/ws/ws1/install/my_interfaces/include/my_interfaces/my_interfaces/msg/detail/project_info__builder.hpp
[2.206s] -- Installing: /home/robomaven/ws/ws1/install/my_interfaces/include/my_interfaces/my_interfaces/msg/detail/killer_data__struct.hpp
[2.206s] -- Installing: /home/robomaven/ws/ws1/install/my_interfaces/include/my_interfaces/my_interfaces/msg/detail/login__traits.hpp
[2.206s] -- Installing: /home/robomaven/ws/ws1/install/my_interfaces/include/my_interfaces/my_interfaces/msg/detail/project_info__traits.hpp
[2.206s] -- Installing: /home/robomaven/ws/ws1/install/my_interfaces/include/my_interfaces/my_interfaces/msg/killer_data.hpp
[2.206s] -- Up-to-date: /home/robomaven/ws/ws1/install/my_interfaces/include/my_interfaces/my_interfaces
[2.206s] -- Up-to-date: /home/robomaven/ws/ws1/install/my_interfaces/include/my_interfaces/my_interfaces/msg
[2.206s] -- Up-to-date: /home/robomaven/ws/ws1/install/my_interfaces/include/my_interfaces/my_interfaces/msg/rosidl_typesupport_fastrtps_cpp__visibility_control.h
[2.206s] -- Up-to-date: /home/robomaven/ws/ws1/install/my_interfaces/include/my_interfaces/my_interfaces/msg/detail
[2.206s] -- Up-to-date: /home/robomaven/ws/ws1/install/my_interfaces/include/my_interfaces/my_interfaces/msg/detail/dds_fastrtps
[2.206s] -- Installing: /home/robomaven/ws/ws1/install/my_interfaces/include/my_interfaces/my_interfaces/msg/detail/killer_data__rosidl_typesupport_fastrtps_cpp.hpp
[2.206s] -- Installing: /home/robomaven/ws/ws1/install/my_interfaces/include/my_interfaces/my_interfaces/msg/detail/project_info__rosidl_typesupport_fastrtps_cpp.hpp
[2.206s] -- Installing: /home/robomaven/ws/ws1/install/my_interfaces/include/my_interfaces/my_interfaces/msg/detail/login__rosidl_typesupport_fastrtps_cpp.hpp
[2.206s] -- Installing: /home/robomaven/ws/ws1/install/my_interfaces/lib/libmy_interfaces__rosidl_typesupport_fastrtps_cpp.so
[2.207s] -- Set runtime path of "/home/robomaven/ws/ws1/install/my_interfaces/lib/libmy_interfaces__rosidl_typesupport_fastrtps_cpp.so" to ""
[2.207s] -- Up-to-date: /home/robomaven/ws/ws1/install/my_interfaces/include/my_interfaces/my_interfaces
[2.207s] -- Up-to-date: /home/robomaven/ws/ws1/install/my_interfaces/include/my_interfaces/my_interfaces/msg
[2.207s] -- Up-to-date: /home/robomaven/ws/ws1/install/my_interfaces/include/my_interfaces/my_interfaces/msg/detail
[2.207s] -- Installing: /home/robomaven/ws/ws1/install/my_interfaces/include/my_interfaces/my_interfaces/msg/detail/login__type_support.cpp
[2.207s] -- Installing: /home/robomaven/ws/ws1/install/my_interfaces/include/my_interfaces/my_interfaces/msg/detail/killer_data__rosidl_typesupport_introspection_cpp.hpp
[2.207s] -- Installing: /home/robomaven/ws/ws1/install/my_interfaces/include/my_interfaces/my_interfaces/msg/detail/login__rosidl_typesupport_introspection_cpp.hpp
[2.207s] -- Installing: /home/robomaven/ws/ws1/install/my_interfaces/include/my_interfaces/my_interfaces/msg/detail/project_info__type_support.cpp
[2.207s] -- Installing: /home/robomaven/ws/ws1/install/my_interfaces/include/my_interfaces/my_interfaces/msg/detail/killer_data__type_support.cpp
[2.207s] -- Installing: /home/robomaven/ws/ws1/install/my_interfaces/include/my_interfaces/my_interfaces/msg/detail/project_info__rosidl_typesupport_introspection_cpp.hpp
[2.207s] -- Installing: /home/robomaven/ws/ws1/install/my_interfaces/lib/libmy_interfaces__rosidl_typesupport_introspection_cpp.so
[2.207s] -- Set runtime path of "/home/robomaven/ws/ws1/install/my_interfaces/lib/libmy_interfaces__rosidl_typesupport_introspection_cpp.so" to ""
[2.207s] -- Installing: /home/robomaven/ws/ws1/install/my_interfaces/lib/libmy_interfaces__rosidl_typesupport_cpp.so
[2.207s] -- Set runtime path of "/home/robomaven/ws/ws1/install/my_interfaces/lib/libmy_interfaces__rosidl_typesupport_cpp.so" to ""
[2.208s] -- Up-to-date: /home/robomaven/ws/ws1/install/my_interfaces/share/my_interfaces/environment/pythonpath.sh
[2.208s] -- Installing: /home/robomaven/ws/ws1/install/my_interfaces/share/my_interfaces/environment/pythonpath.dsv
[2.208s] -- Up-to-date: /home/robomaven/ws/ws1/install/my_interfaces/local/lib/python3.10/dist-packages/my_interfaces-0.0.0-py3.10.egg-info
[2.208s] -- Installing: /home/robomaven/ws/ws1/install/my_interfaces/local/lib/python3.10/dist-packages/my_interfaces-0.0.0-py3.10.egg-info/top_level.txt
[2.208s] -- Installing: /home/robomaven/ws/ws1/install/my_interfaces/local/lib/python3.10/dist-packages/my_interfaces-0.0.0-py3.10.egg-info/PKG-INFO
[2.208s] -- Installing: /home/robomaven/ws/ws1/install/my_interfaces/local/lib/python3.10/dist-packages/my_interfaces-0.0.0-py3.10.egg-info/SOURCES.txt
[2.208s] -- Installing: /home/robomaven/ws/ws1/install/my_interfaces/local/lib/python3.10/dist-packages/my_interfaces-0.0.0-py3.10.egg-info/dependency_links.txt
[2.208s] -- Up-to-date: /home/robomaven/ws/ws1/install/my_interfaces/local/lib/python3.10/dist-packages/my_interfaces
[2.208s] -- Up-to-date: /home/robomaven/ws/ws1/install/my_interfaces/local/lib/python3.10/dist-packages/my_interfaces/msg
[2.208s] -- Installing: /home/robomaven/ws/ws1/install/my_interfaces/local/lib/python3.10/dist-packages/my_interfaces/msg/_killer_data.py
[2.208s] -- Installing: /home/robomaven/ws/ws1/install/my_interfaces/local/lib/python3.10/dist-packages/my_interfaces/msg/_killer_data_s.c
[2.208s] -- Installing: /home/robomaven/ws/ws1/install/my_interfaces/local/lib/python3.10/dist-packages/my_interfaces/msg/_login_s.c
[2.208s] -- Installing: /home/robomaven/ws/ws1/install/my_interfaces/local/lib/python3.10/dist-packages/my_interfaces/msg/_project_info_s.c
[2.208s] -- Installing: /home/robomaven/ws/ws1/install/my_interfaces/local/lib/python3.10/dist-packages/my_interfaces/msg/_login.py
[2.208s] -- Installing: /home/robomaven/ws/ws1/install/my_interfaces/local/lib/python3.10/dist-packages/my_interfaces/msg/__init__.py
[2.208s] -- Installing: /home/robomaven/ws/ws1/install/my_interfaces/local/lib/python3.10/dist-packages/my_interfaces/msg/_project_info.py
[2.208s] -- Installing: /home/robomaven/ws/ws1/install/my_interfaces/local/lib/python3.10/dist-packages/my_interfaces/my_interfaces_s__rosidl_typesupport_fastrtps_c.cpython-310-x86_64-linux-gnu.so
[2.208s] -- Installing: /home/robomaven/ws/ws1/install/my_interfaces/local/lib/python3.10/dist-packages/my_interfaces/my_interfaces_s__rosidl_typesupport_introspection_c.cpython-310-x86_64-linux-gnu.so
[2.208s] -- Installing: /home/robomaven/ws/ws1/install/my_interfaces/local/lib/python3.10/dist-packages/my_interfaces/_my_interfaces_s.ep.rosidl_typesupport_c.c
[2.208s] -- Installing: /home/robomaven/ws/ws1/install/my_interfaces/local/lib/python3.10/dist-packages/my_interfaces/my_interfaces_s__rosidl_typesupport_c.cpython-310-x86_64-linux-gnu.so
[2.209s] -- Installing: /home/robomaven/ws/ws1/install/my_interfaces/local/lib/python3.10/dist-packages/my_interfaces/_my_interfaces_s.ep.rosidl_typesupport_fastrtps_c.c
[2.209s] -- Installing: /home/robomaven/ws/ws1/install/my_interfaces/local/lib/python3.10/dist-packages/my_interfaces/_my_interfaces_s.ep.rosidl_typesupport_introspection_c.c
[2.209s] -- Installing: /home/robomaven/ws/ws1/install/my_interfaces/local/lib/python3.10/dist-packages/my_interfaces/libmy_interfaces__rosidl_generator_py.so
[2.209s] -- Installing: /home/robomaven/ws/ws1/install/my_interfaces/local/lib/python3.10/dist-packages/my_interfaces/__init__.py
[2.232s] Listing '/home/robomaven/ws/ws1/install/my_interfaces/local/lib/python3.10/dist-packages/my_interfaces'...
[2.232s] Compiling '/home/robomaven/ws/ws1/install/my_interfaces/local/lib/python3.10/dist-packages/my_interfaces/__init__.py'...
[2.232s] Listing '/home/robomaven/ws/ws1/install/my_interfaces/local/lib/python3.10/dist-packages/my_interfaces/msg'...
[2.232s] Compiling '/home/robomaven/ws/ws1/install/my_interfaces/local/lib/python3.10/dist-packages/my_interfaces/msg/__init__.py'...
[2.232s] Compiling '/home/robomaven/ws/ws1/install/my_interfaces/local/lib/python3.10/dist-packages/my_interfaces/msg/_killer_data.py'...
[2.232s] Compiling '/home/robomaven/ws/ws1/install/my_interfaces/local/lib/python3.10/dist-packages/my_interfaces/msg/_login.py'...
[2.232s] Compiling '/home/robomaven/ws/ws1/install/my_interfaces/local/lib/python3.10/dist-packages/my_interfaces/msg/_project_info.py'...
[2.235s] -- Installing: /home/robomaven/ws/ws1/install/my_interfaces/local/lib/python3.10/dist-packages/my_interfaces/my_interfaces_s__rosidl_typesupport_fastrtps_c.cpython-310-x86_64-linux-gnu.so
[2.235s] -- Set runtime path of "/home/robomaven/ws/ws1/install/my_interfaces/local/lib/python3.10/dist-packages/my_interfaces/my_interfaces_s__rosidl_typesupport_fastrtps_c.cpython-310-x86_64-linux-gnu.so" to ""
[2.235s] -- Installing: /home/robomaven/ws/ws1/install/my_interfaces/local/lib/python3.10/dist-packages/my_interfaces/my_interfaces_s__rosidl_typesupport_introspection_c.cpython-310-x86_64-linux-gnu.so
[2.236s] -- Set runtime path of "/home/robomaven/ws/ws1/install/my_interfaces/local/lib/python3.10/dist-packages/my_interfaces/my_interfaces_s__rosidl_typesupport_introspection_c.cpython-310-x86_64-linux-gnu.so" to ""
[2.236s] -- Installing: /home/robomaven/ws/ws1/install/my_interfaces/local/lib/python3.10/dist-packages/my_interfaces/my_interfaces_s__rosidl_typesupport_c.cpython-310-x86_64-linux-gnu.so
[2.236s] -- Set runtime path of "/home/robomaven/ws/ws1/install/my_interfaces/local/lib/python3.10/dist-packages/my_interfaces/my_interfaces_s__rosidl_typesupport_c.cpython-310-x86_64-linux-gnu.so" to ""
[2.236s] -- Installing: /home/robomaven/ws/ws1/install/my_interfaces/lib/libmy_interfaces__rosidl_generator_py.so
[2.236s] -- Set runtime path of "/home/robomaven/ws/ws1/install/my_interfaces/lib/libmy_interfaces__rosidl_generator_py.so" to ""
[2.236s] -- Up-to-date: /home/robomaven/ws/ws1/install/my_interfaces/share/my_interfaces/msg/ProjectInfo.idl
[2.236s] -- Up-to-date: /home/robomaven/ws/ws1/install/my_interfaces/share/my_interfaces/msg/KillerData.idl
[2.236s] -- Installing: /home/robomaven/ws/ws1/install/my_interfaces/share/my_interfaces/msg/Login.idl
[2.236s] -- Up-to-date: /home/robomaven/ws/ws1/install/my_interfaces/share/my_interfaces/msg/ProjectInfo.msg
[2.236s] -- Up-to-date: /home/robomaven/ws/ws1/install/my_interfaces/share/my_interfaces/msg/KillerData.msg
[2.237s] -- Installing: /home/robomaven/ws/ws1/install/my_interfaces/share/my_interfaces/msg/Login.msg
[2.237s] -- Up-to-date: /home/robomaven/ws/ws1/install/my_interfaces/share/ament_index/resource_index/package_run_dependencies/my_interfaces
[2.237s] -- Up-to-date: /home/robomaven/ws/ws1/install/my_interfaces/share/ament_index/resource_index/parent_prefix_path/my_interfaces
[2.237s] -- Up-to-date: /home/robomaven/ws/ws1/install/my_interfaces/share/my_interfaces/environment/ament_prefix_path.sh
[2.237s] -- Installing: /home/robomaven/ws/ws1/install/my_interfaces/share/my_interfaces/environment/ament_prefix_path.dsv
[2.237s] -- Up-to-date: /home/robomaven/ws/ws1/install/my_interfaces/share/my_interfaces/environment/path.sh
[2.237s] -- Installing: /home/robomaven/ws/ws1/install/my_interfaces/share/my_interfaces/environment/path.dsv
[2.237s] -- Up-to-date: /home/robomaven/ws/ws1/install/my_interfaces/share/my_interfaces/local_setup.bash
[2.237s] -- Up-to-date: /home/robomaven/ws/ws1/install/my_interfaces/share/my_interfaces/local_setup.sh
[2.237s] -- Up-to-date: /home/robomaven/ws/ws1/install/my_interfaces/share/my_interfaces/local_setup.zsh
[2.237s] -- Installing: /home/robomaven/ws/ws1/install/my_interfaces/share/my_interfaces/local_setup.dsv
[2.237s] -- Installing: /home/robomaven/ws/ws1/install/my_interfaces/share/my_interfaces/package.dsv
[2.237s] -- Up-to-date: /home/robomaven/ws/ws1/install/my_interfaces/share/ament_index/resource_index/packages/my_interfaces
[2.237s] -- Up-to-date: /home/robomaven/ws/ws1/install/my_interfaces/share/my_interfaces/cmake/export_my_interfaces__rosidl_generator_cExport.cmake
[2.237s] -- Up-to-date: /home/robomaven/ws/ws1/install/my_interfaces/share/my_interfaces/cmake/export_my_interfaces__rosidl_generator_cExport-noconfig.cmake
[2.237s] -- Up-to-date: /home/robomaven/ws/ws1/install/my_interfaces/share/my_interfaces/cmake/export_my_interfaces__rosidl_typesupport_fastrtps_cExport.cmake
[2.237s] -- Up-to-date: /home/robomaven/ws/ws1/install/my_interfaces/share/my_interfaces/cmake/export_my_interfaces__rosidl_typesupport_fastrtps_cExport-noconfig.cmake
[2.237s] -- Up-to-date: /home/robomaven/ws/ws1/install/my_interfaces/share/my_interfaces/cmake/my_interfaces__rosidl_typesupport_introspection_cExport.cmake
[2.237s] -- Up-to-date: /home/robomaven/ws/ws1/install/my_interfaces/share/my_interfaces/cmake/my_interfaces__rosidl_typesupport_introspection_cExport-noconfig.cmake
[2.237s] -- Up-to-date: /home/robomaven/ws/ws1/install/my_interfaces/share/my_interfaces/cmake/my_interfaces__rosidl_typesupport_cExport.cmake
[2.237s] -- Up-to-date: /home/robomaven/ws/ws1/install/my_interfaces/share/my_interfaces/cmake/my_interfaces__rosidl_typesupport_cExport-noconfig.cmake
[2.237s] -- Up-to-date: /home/robomaven/ws/ws1/install/my_interfaces/share/my_interfaces/cmake/export_my_interfaces__rosidl_generator_cppExport.cmake
[2.237s] -- Up-to-date: /home/robomaven/ws/ws1/install/my_interfaces/share/my_interfaces/cmake/export_my_interfaces__rosidl_typesupport_fastrtps_cppExport.cmake
[2.237s] -- Up-to-date: /home/robomaven/ws/ws1/install/my_interfaces/share/my_interfaces/cmake/export_my_interfaces__rosidl_typesupport_fastrtps_cppExport-noconfig.cmake
[2.237s] -- Up-to-date: /home/robomaven/ws/ws1/install/my_interfaces/share/my_interfaces/cmake/my_interfaces__rosidl_typesupport_introspection_cppExport.cmake
[2.237s] -- Up-to-date: /home/robomaven/ws/ws1/install/my_interfaces/share/my_interfaces/cmake/my_interfaces__rosidl_typesupport_introspection_cppExport-noconfig.cmake
[2.238s] -- Up-to-date: /home/robomaven/ws/ws1/install/my_interfaces/share/my_interfaces/cmake/my_interfaces__rosidl_typesupport_cppExport.cmake
[2.238s] -- Up-to-date: /home/robomaven/ws/ws1/install/my_interfaces/share/my_interfaces/cmake/my_interfaces__rosidl_typesupport_cppExport-noconfig.cmake
[2.238s] -- Up-to-date: /home/robomaven/ws/ws1/install/my_interfaces/share/my_interfaces/cmake/export_my_interfaces__rosidl_generator_pyExport.cmake
[2.238s] -- Up-to-date: /home/robomaven/ws/ws1/install/my_interfaces/share/my_interfaces/cmake/export_my_interfaces__rosidl_generator_pyExport-noconfig.cmake
[2.238s] -- Installing: /home/robomaven/ws/ws1/install/my_interfaces/share/my_interfaces/cmake/rosidl_cmake-extras.cmake
[2.238s] -- Up-to-date: /home/robomaven/ws/ws1/install/my_interfaces/share/my_interfaces/cmake/ament_cmake_export_include_directories-extras.cmake
[2.238s] -- Up-to-date: /home/robomaven/ws/ws1/install/my_interfaces/share/my_interfaces/cmake/ament_cmake_export_libraries-extras.cmake
[2.238s] -- Up-to-date: /home/robomaven/ws/ws1/install/my_interfaces/share/my_interfaces/cmake/ament_cmake_export_targets-extras.cmake
[2.238s] -- Up-to-date: /home/robomaven/ws/ws1/install/my_interfaces/share/my_interfaces/cmake/rosidl_cmake_export_typesupport_targets-extras.cmake
[2.238s] -- Up-to-date: /home/robomaven/ws/ws1/install/my_interfaces/share/my_interfaces/cmake/ament_cmake_export_dependencies-extras.cmake
[2.238s] -- Up-to-date: /home/robomaven/ws/ws1/install/my_interfaces/share/my_interfaces/cmake/rosidl_cmake_export_typesupport_libraries-extras.cmake
[2.238s] -- Up-to-date: /home/robomaven/ws/ws1/install/my_interfaces/share/my_interfaces/cmake/my_interfacesConfig.cmake
[2.238s] -- Up-to-date: /home/robomaven/ws/ws1/install/my_interfaces/share/my_interfaces/cmake/my_interfacesConfig-version.cmake
[2.238s] -- Up-to-date: /home/robomaven/ws/ws1/install/my_interfaces/share/my_interfaces/package.xml
[2.239s] Invoked command in '/home/robomaven/ws/ws1/build/my_interfaces' returned '0': CMAKE_PREFIX_PATH=${CMAKE_PREFIX_PATH}:/home/robomaven/ws/ws1/install/py:/opt/ros/humble /usr/bin/cmake --install /home/robomaven/ws/ws1/build/my_interfaces
