[0.040s] Invoking command in '/home/robomaven/ws/ws_moveit2/build/moveit_common': CMAKE_PREFIX_PATH=${CMAKE_PREFIX_PATH}:/home/robomaven/ws/ws_moveit2/install/moveit_configs_utils:/home/robomaven/ws/ws_moveit2/install/launch_param_builder:/opt/ros/humble /usr/bin/cmake --build /home/robomaven/ws/ws_moveit2/build/moveit_common -- -j20 -l20
[0.233s] Invoked command in '/home/robomaven/ws/ws_moveit2/build/moveit_common' returned '0': CMAKE_PREFIX_PATH=${CMAKE_PREFIX_PATH}:/home/robomaven/ws/ws_moveit2/install/moveit_configs_utils:/home/robomaven/ws/ws_moveit2/install/launch_param_builder:/opt/ros/humble /usr/bin/cmake --build /home/robomaven/ws/ws_moveit2/build/moveit_common -- -j20 -l20
[0.270s] Invoking command in '/home/robomaven/ws/ws_moveit2/build/moveit_common': CMAKE_PREFIX_PATH=${CMAKE_PREFIX_PATH}:/home/robomaven/ws/ws_moveit2/install/moveit_configs_utils:/home/robomaven/ws/ws_moveit2/install/launch_param_builder:/opt/ros/humble /usr/bin/cmake --install /home/robomaven/ws/ws_moveit2/build/moveit_common
[0.277s] -- Install configuration: "Release"
[0.278s] -- Up-to-date: /home/robomaven/ws/ws_moveit2/install/moveit_common/share/ament_index/resource_index/package_run_dependencies/moveit_common
[0.279s] -- Up-to-date: /home/robomaven/ws/ws_moveit2/install/moveit_common/share/ament_index/resource_index/parent_prefix_path/moveit_common
[0.279s] -- Up-to-date: /home/robomaven/ws/ws_moveit2/install/moveit_common/share/moveit_common/environment/ament_prefix_path.sh
[0.280s] -- Up-to-date: /home/robomaven/ws/ws_moveit2/install/moveit_common/share/moveit_common/environment/ament_prefix_path.dsv
[0.280s] -- Up-to-date: /home/robomaven/ws/ws_moveit2/install/moveit_common/share/moveit_common/environment/path.sh
[0.280s] -- Up-to-date: /home/robomaven/ws/ws_moveit2/install/moveit_common/share/moveit_common/environment/path.dsv
[0.281s] -- Up-to-date: /home/robomaven/ws/ws_moveit2/install/moveit_common/share/moveit_common/local_setup.bash
[0.281s] -- Up-to-date: /home/robomaven/ws/ws_moveit2/install/moveit_common/share/moveit_common/local_setup.sh
[0.281s] -- Up-to-date: /home/robomaven/ws/ws_moveit2/install/moveit_common/share/moveit_common/local_setup.zsh
[0.281s] -- Up-to-date: /home/robomaven/ws/ws_moveit2/install/moveit_common/share/moveit_common/local_setup.dsv
[0.281s] -- Installing: /home/robomaven/ws/ws_moveit2/install/moveit_common/share/moveit_common/package.dsv
[0.282s] -- Up-to-date: /home/robomaven/ws/ws_moveit2/install/moveit_common/share/ament_index/resource_index/packages/moveit_common
[0.282s] -- Up-to-date: /home/robomaven/ws/ws_moveit2/install/moveit_common/share/moveit_common/cmake/moveit_common-extras.cmake
[0.282s] -- Up-to-date: /home/robomaven/ws/ws_moveit2/install/moveit_common/share/moveit_common/cmake/moveit_commonConfig.cmake
[0.282s] -- Up-to-date: /home/robomaven/ws/ws_moveit2/install/moveit_common/share/moveit_common/cmake/moveit_commonConfig-version.cmake
[0.283s] -- Up-to-date: /home/robomaven/ws/ws_moveit2/install/moveit_common/share/moveit_common/package.xml
[0.283s] -- Up-to-date: /home/robomaven/ws/ws_moveit2/install/moveit_common/share/moveit_common/cmake
[0.283s] -- Up-to-date: /home/robomaven/ws/ws_moveit2/install/moveit_common/share/moveit_common/cmake/moveit_package.cmake
[0.283s] Invoked command in '/home/robomaven/ws/ws_moveit2/build/moveit_common' returned '0': CMAKE_PREFIX_PATH=${CMAKE_PREFIX_PATH}:/home/robomaven/ws/ws_moveit2/install/moveit_configs_utils:/home/robomaven/ws/ws_moveit2/install/launch_param_builder:/opt/ros/humble /usr/bin/cmake --install /home/robomaven/ws/ws_moveit2/build/moveit_common
