[0.007s] Invoking command in '/home/robomaven/ws/ros2_ws3/build/lifecycle_cpp': CMAKE_PREFIX_PATH=${CMAKE_PREFIX_PATH}:/home/robomaven/ws/ros2_ws3/install/actions_py:/home/robomaven/ws/ros2_ws3/install/lifecycle_py:/opt/ros/humble /usr/bin/cmake --build /home/robomaven/ws/ros2_ws3/build/lifecycle_cpp -- -j20 -l20
[0.058s] [ 50%] [32mBuilding CXX object CMakeFiles/number_publisher.dir/src/number_publisher.cpp.o[0m
[2.594s] [100%] [32m[1mLinking CXX executable number_publisher[0m
[2.718s] [100%] Built target number_publisher
[2.729s] Invoked command in '/home/robomaven/ws/ros2_ws3/build/lifecycle_cpp' returned '0': CMAKE_PREFIX_PATH=${CMAKE_PREFIX_PATH}:/home/robomaven/ws/ros2_ws3/install/actions_py:/home/robomaven/ws/ros2_ws3/install/lifecycle_py:/opt/ros/humble /usr/bin/cmake --build /home/robomaven/ws/ros2_ws3/build/lifecycle_cpp -- -j20 -l20
[2.767s] Invoking command in '/home/robomaven/ws/ros2_ws3/build/lifecycle_cpp': CMAKE_PREFIX_PATH=${CMAKE_PREFIX_PATH}:/home/robomaven/ws/ros2_ws3/install/actions_py:/home/robomaven/ws/ros2_ws3/install/lifecycle_py:/opt/ros/humble /usr/bin/cmake --install /home/robomaven/ws/ros2_ws3/build/lifecycle_cpp
[2.774s] -- Install configuration: ""
[2.774s] -- Installing: /home/robomaven/ws/ros2_ws3/install/lifecycle_cpp/lib/lifecycle_cpp/number_publisher
[2.776s] -- Set runtime path of "/home/robomaven/ws/ros2_ws3/install/lifecycle_cpp/lib/lifecycle_cpp/number_publisher" to ""
[2.776s] -- Up-to-date: /home/robomaven/ws/ros2_ws3/install/lifecycle_cpp/share/ament_index/resource_index/package_run_dependencies/lifecycle_cpp
[2.776s] -- Up-to-date: /home/robomaven/ws/ros2_ws3/install/lifecycle_cpp/share/ament_index/resource_index/parent_prefix_path/lifecycle_cpp
[2.776s] -- Up-to-date: /home/robomaven/ws/ros2_ws3/install/lifecycle_cpp/share/lifecycle_cpp/environment/ament_prefix_path.sh
[2.776s] -- Up-to-date: /home/robomaven/ws/ros2_ws3/install/lifecycle_cpp/share/lifecycle_cpp/environment/ament_prefix_path.dsv
[2.776s] -- Up-to-date: /home/robomaven/ws/ros2_ws3/install/lifecycle_cpp/share/lifecycle_cpp/environment/path.sh
[2.776s] -- Up-to-date: /home/robomaven/ws/ros2_ws3/install/lifecycle_cpp/share/lifecycle_cpp/environment/path.dsv
[2.776s] -- Up-to-date: /home/robomaven/ws/ros2_ws3/install/lifecycle_cpp/share/lifecycle_cpp/local_setup.bash
[2.777s] -- Up-to-date: /home/robomaven/ws/ros2_ws3/install/lifecycle_cpp/share/lifecycle_cpp/local_setup.sh
[2.777s] -- Up-to-date: /home/robomaven/ws/ros2_ws3/install/lifecycle_cpp/share/lifecycle_cpp/local_setup.zsh
[2.778s] -- Up-to-date: /home/robomaven/ws/ros2_ws3/install/lifecycle_cpp/share/lifecycle_cpp/local_setup.dsv
[2.778s] -- Installing: /home/robomaven/ws/ros2_ws3/install/lifecycle_cpp/share/lifecycle_cpp/package.dsv
[2.778s] -- Up-to-date: /home/robomaven/ws/ros2_ws3/install/lifecycle_cpp/share/ament_index/resource_index/packages/lifecycle_cpp
[2.778s] -- Up-to-date: /home/robomaven/ws/ros2_ws3/install/lifecycle_cpp/share/lifecycle_cpp/cmake/lifecycle_cppConfig.cmake
[2.779s] -- Up-to-date: /home/robomaven/ws/ros2_ws3/install/lifecycle_cpp/share/lifecycle_cpp/cmake/lifecycle_cppConfig-version.cmake
[2.779s] -- Up-to-date: /home/robomaven/ws/ros2_ws3/install/lifecycle_cpp/share/lifecycle_cpp/package.xml
[2.779s] Invoked command in '/home/robomaven/ws/ros2_ws3/build/lifecycle_cpp' returned '0': CMAKE_PREFIX_PATH=${CMAKE_PREFIX_PATH}:/home/robomaven/ws/ros2_ws3/install/actions_py:/home/robomaven/ws/ros2_ws3/install/lifecycle_py:/opt/ros/humble /usr/bin/cmake --install /home/robomaven/ws/ros2_ws3/build/lifecycle_cpp
