-- Found ament_cmake: 1.3.9 (/opt/ros/humble/share/ament_cmake/cmake)
-- Found rosidl_default_generators: 1.2.0 (/opt/ros/humble/share/rosidl_default_generators/cmake)
-- Using all available rosidl_typesupport_c: rosidl_typesupport_fastrtps_c;rosidl_typesupport_introspection_c
-- Found rosidl_adapter: 3.1.5 (/opt/ros/humble/share/rosidl_adapter/cmake)
-- Using all available rosidl_typesupport_cpp: rosidl_typesupport_fastrtps_cpp;rosidl_typesupport_introspection_cpp
-- Found ament_cmake_ros: 0.10.0 (/opt/ros/humble/share/ament_cmake_ros/cmake)
-- Using all available rosidl_typesupport_c: rosidl_typesupport_fastrtps_c;rosidl_typesupport_introspection_c
-- Using all available rosidl_typesupport_cpp: rosidl_typesupport_fastrtps_cpp;rosidl_typesupport_introspection_cpp
-- Found python_cmake_module: 0.10.0 (/opt/ros/humble/share/python_cmake_module/cmake)
-- Using PYTHON_EXECUTABLE: /usr/bin/python3
-- Using PYTHON_INCLUDE_DIRS: /usr/include/python3.10
-- Using PYTHON_LIBRARIES: /usr/lib/x86_64-linux-gnu/libpython3.10.so
-- Configuring done
-- Generating done
-- Build files have been written to: /home/robomaven/ws/ws1/build/my_interfaces
[  1%] [34m[1mGenerating C code for ROS interfaces[0m
[  3%] [34m[1mGenerating C++ code for ROS interfaces[0m
[  3%] Built target ament_cmake_python_copy_my_interfaces
running egg_info
writing my_interfaces.egg-info/PKG-INFO
writing dependency_links to my_interfaces.egg-info/dependency_links.txt
writing top-level names to my_interfaces.egg-info/top_level.txt
reading manifest file 'my_interfaces.egg-info/SOURCES.txt'
writing manifest file 'my_interfaces.egg-info/SOURCES.txt'
[  3%] Built target ament_cmake_python_build_my_interfaces_egg
[  3%] Built target my_interfaces__cpp
[  7%] [34m[1mGenerating C++ introspection for ROS interfaces[0m
[  7%] [34m[1mGenerating C++ type support dispatch for ROS interfaces[0m
[  7%] [34m[1mGenerating C++ type support for eProsima Fast-RTPS[0m
[35m[1mConsolidate compiler generated dependencies of target my_interfaces__rosidl_generator_c[0m
[ 12%] [32mBuilding C object CMakeFiles/my_interfaces__rosidl_generator_c.dir/rosidl_generator_c/my_interfaces/msg/detail/project_info__functions.c.o[0m
[ 12%] [32mBuilding C object CMakeFiles/my_interfaces__rosidl_generator_c.dir/rosidl_generator_c/my_interfaces/action/detail/count_until__functions.c.o[0m
[ 12%] [32mBuilding C object CMakeFiles/my_interfaces__rosidl_generator_c.dir/rosidl_generator_c/my_interfaces/msg/detail/killer_data__functions.c.o[0m
[ 14%] [32mBuilding C object CMakeFiles/my_interfaces__rosidl_generator_c.dir/rosidl_generator_c/my_interfaces/srv/detail/kill__functions.c.o[0m
[ 15%] [32mBuilding C object CMakeFiles/my_interfaces__rosidl_generator_c.dir/rosidl_generator_c/my_interfaces/msg/detail/login__functions.c.o[0m
[ 17%] [32m[1mLinking C shared library libmy_interfaces__rosidl_generator_c.so[0m
[ 17%] Built target my_interfaces__rosidl_generator_c
[ 20%] [34m[1mGenerating C type support for eProsima Fast-RTPS[0m
[ 20%] [34m[1mGenerating C introspection for ROS interfaces[0m
[ 22%] [34m[1mGenerating C type support dispatch for ROS interfaces[0m
[35m[1mConsolidate compiler generated dependencies of target my_interfaces__rosidl_typesupport_cpp[0m
[ 23%] [32mBuilding CXX object CMakeFiles/my_interfaces__rosidl_typesupport_cpp.dir/rosidl_typesupport_cpp/my_interfaces/msg/project_info__type_support.cpp.o[0m
[ 26%] [32mBuilding CXX object CMakeFiles/my_interfaces__rosidl_typesupport_cpp.dir/rosidl_typesupport_cpp/my_interfaces/msg/killer_data__type_support.cpp.o[0m
[ 26%] [32mBuilding CXX object CMakeFiles/my_interfaces__rosidl_typesupport_cpp.dir/rosidl_typesupport_cpp/my_interfaces/msg/login__type_support.cpp.o[0m
[ 28%] [32mBuilding CXX object CMakeFiles/my_interfaces__rosidl_typesupport_cpp.dir/rosidl_typesupport_cpp/my_interfaces/srv/kill__type_support.cpp.o[0m
[ 30%] [32mBuilding CXX object CMakeFiles/my_interfaces__rosidl_typesupport_cpp.dir/rosidl_typesupport_cpp/my_interfaces/action/count_until__type_support.cpp.o[0m
[35m[1mConsolidate compiler generated dependencies of target my_interfaces__rosidl_typesupport_introspection_cpp[0m
[ 31%] [32mBuilding CXX object CMakeFiles/my_interfaces__rosidl_typesupport_introspection_cpp.dir/rosidl_typesupport_introspection_cpp/my_interfaces/action/detail/count_until__type_support.cpp.o[0m
[ 33%] [32mBuilding CXX object CMakeFiles/my_interfaces__rosidl_typesupport_introspection_cpp.dir/rosidl_typesupport_introspection_cpp/my_interfaces/srv/detail/kill__type_support.cpp.o[0m
[ 34%] [32mBuilding CXX object CMakeFiles/my_interfaces__rosidl_typesupport_introspection_cpp.dir/rosidl_typesupport_introspection_cpp/my_interfaces/msg/detail/killer_data__type_support.cpp.o[0m
[ 36%] [32mBuilding CXX object CMakeFiles/my_interfaces__rosidl_typesupport_introspection_cpp.dir/rosidl_typesupport_introspection_cpp/my_interfaces/msg/detail/login__type_support.cpp.o[0m
[ 38%] [32mBuilding CXX object CMakeFiles/my_interfaces__rosidl_typesupport_introspection_cpp.dir/rosidl_typesupport_introspection_cpp/my_interfaces/msg/detail/project_info__type_support.cpp.o[0m
[35m[1mConsolidate compiler generated dependencies of target my_interfaces__rosidl_typesupport_fastrtps_cpp[0m
[ 39%] [32mBuilding CXX object CMakeFiles/my_interfaces__rosidl_typesupport_fastrtps_cpp.dir/rosidl_typesupport_fastrtps_cpp/my_interfaces/srv/detail/dds_fastrtps/kill__type_support.cpp.o[0m
[ 42%] [32mBuilding CXX object CMakeFiles/my_interfaces__rosidl_typesupport_fastrtps_cpp.dir/rosidl_typesupport_fastrtps_cpp/my_interfaces/action/detail/dds_fastrtps/count_until__type_support.cpp.o[0m
[ 42%] [32mBuilding CXX object CMakeFiles/my_interfaces__rosidl_typesupport_fastrtps_cpp.dir/rosidl_typesupport_fastrtps_cpp/my_interfaces/msg/detail/dds_fastrtps/login__type_support.cpp.o[0m
[ 44%] [32mBuilding CXX object CMakeFiles/my_interfaces__rosidl_typesupport_fastrtps_cpp.dir/rosidl_typesupport_fastrtps_cpp/my_interfaces/msg/detail/dds_fastrtps/killer_data__type_support.cpp.o[0m
[ 46%] [32mBuilding CXX object CMakeFiles/my_interfaces__rosidl_typesupport_fastrtps_cpp.dir/rosidl_typesupport_fastrtps_cpp/my_interfaces/msg/detail/dds_fastrtps/project_info__type_support.cpp.o[0m
[35m[1mConsolidate compiler generated dependencies of target my_interfaces__rosidl_typesupport_c[0m
[ 47%] [32mBuilding CXX object CMakeFiles/my_interfaces__rosidl_typesupport_c.dir/rosidl_typesupport_c/my_interfaces/msg/project_info__type_support.cpp.o[0m
[ 49%] [32mBuilding CXX object CMakeFiles/my_interfaces__rosidl_typesupport_c.dir/rosidl_typesupport_c/my_interfaces/msg/login__type_support.cpp.o[0m
[ 50%] [32mBuilding CXX object CMakeFiles/my_interfaces__rosidl_typesupport_c.dir/rosidl_typesupport_c/my_interfaces/msg/killer_data__type_support.cpp.o[0m
[ 52%] [32mBuilding CXX object CMakeFiles/my_interfaces__rosidl_typesupport_c.dir/rosidl_typesupport_c/my_interfaces/srv/kill__type_support.cpp.o[0m
[ 53%] [32mBuilding CXX object CMakeFiles/my_interfaces__rosidl_typesupport_c.dir/rosidl_typesupport_c/my_interfaces/action/count_until__type_support.cpp.o[0m
[ 55%] [32m[1mLinking CXX shared library libmy_interfaces__rosidl_typesupport_c.so[0m
[35m[1mConsolidate compiler generated dependencies of target my_interfaces__rosidl_typesupport_introspection_c[0m
[ 63%] [32mBuilding C object CMakeFiles/my_interfaces__rosidl_typesupport_introspection_c.dir/rosidl_typesupport_introspection_c/my_interfaces/srv/detail/kill__type_support.c.o[0m
[ 63%] [32mBuilding C object CMakeFiles/my_interfaces__rosidl_typesupport_introspection_c.dir/rosidl_typesupport_introspection_c/my_interfaces/action/detail/count_until__type_support.c.o[0m
[ 63%] [32mBuilding C object CMakeFiles/my_interfaces__rosidl_typesupport_introspection_c.dir/rosidl_typesupport_introspection_c/my_interfaces/msg/detail/project_info__type_support.c.o[0m
[ 63%] [32mBuilding C object CMakeFiles/my_interfaces__rosidl_typesupport_introspection_c.dir/rosidl_typesupport_introspection_c/my_interfaces/msg/detail/login__type_support.c.o[0m
[ 63%] [32mBuilding C object CMakeFiles/my_interfaces__rosidl_typesupport_introspection_c.dir/rosidl_typesupport_introspection_c/my_interfaces/msg/detail/killer_data__type_support.c.o[0m
[ 63%] Built target my_interfaces__rosidl_typesupport_c
[ 65%] [32m[1mLinking C shared library libmy_interfaces__rosidl_typesupport_introspection_c.so[0m
[35m[1mConsolidate compiler generated dependencies of target my_interfaces__rosidl_typesupport_fastrtps_c[0m
[ 73%] [32mBuilding CXX object CMakeFiles/my_interfaces__rosidl_typesupport_fastrtps_c.dir/rosidl_typesupport_fastrtps_c/my_interfaces/msg/detail/project_info__type_support_c.cpp.o[0m
[ 73%] [32mBuilding CXX object CMakeFiles/my_interfaces__rosidl_typesupport_fastrtps_c.dir/rosidl_typesupport_fastrtps_c/my_interfaces/msg/detail/killer_data__type_support_c.cpp.o[0m
[ 73%] [32mBuilding CXX object CMakeFiles/my_interfaces__rosidl_typesupport_fastrtps_c.dir/rosidl_typesupport_fastrtps_c/my_interfaces/action/detail/count_until__type_support_c.cpp.o[0m
[ 73%] [32mBuilding CXX object CMakeFiles/my_interfaces__rosidl_typesupport_fastrtps_c.dir/rosidl_typesupport_fastrtps_c/my_interfaces/srv/detail/kill__type_support_c.cpp.o[0m
[ 73%] [32mBuilding CXX object CMakeFiles/my_interfaces__rosidl_typesupport_fastrtps_c.dir/rosidl_typesupport_fastrtps_c/my_interfaces/msg/detail/login__type_support_c.cpp.o[0m
[ 73%] Built target my_interfaces__rosidl_typesupport_introspection_c
[ 74%] [32m[1mLinking CXX shared library libmy_interfaces__rosidl_typesupport_cpp.so[0m
[ 74%] Built target my_interfaces__rosidl_typesupport_cpp
[ 76%] [32m[1mLinking CXX shared library libmy_interfaces__rosidl_typesupport_introspection_cpp.so[0m
[ 76%] Built target my_interfaces__rosidl_typesupport_introspection_cpp
[ 77%] [32m[1mLinking CXX shared library libmy_interfaces__rosidl_typesupport_fastrtps_cpp.so[0m
[ 77%] Built target my_interfaces__rosidl_typesupport_fastrtps_cpp
[ 79%] [32m[1mLinking CXX shared library libmy_interfaces__rosidl_typesupport_fastrtps_c.so[0m
[ 79%] Built target my_interfaces__rosidl_typesupport_fastrtps_c
[ 79%] Built target my_interfaces
[ 80%] [34m[1mGenerating Python code for ROS interfaces[0m
[ 80%] Built target my_interfaces__py
[35m[1mConsolidate compiler generated dependencies of target my_interfaces__rosidl_generator_py[0m
[ 82%] [32mBuilding C object CMakeFiles/my_interfaces__rosidl_generator_py.dir/rosidl_generator_py/my_interfaces/msg/_project_info_s.c.o[0m
[ 84%] [32mBuilding C object CMakeFiles/my_interfaces__rosidl_generator_py.dir/rosidl_generator_py/my_interfaces/msg/_killer_data_s.c.o[0m
[ 85%] [32mBuilding C object CMakeFiles/my_interfaces__rosidl_generator_py.dir/rosidl_generator_py/my_interfaces/msg/_login_s.c.o[0m
[ 87%] [32mBuilding C object CMakeFiles/my_interfaces__rosidl_generator_py.dir/rosidl_generator_py/my_interfaces/srv/_kill_s.c.o[0m
[ 88%] [32mBuilding C object CMakeFiles/my_interfaces__rosidl_generator_py.dir/rosidl_generator_py/my_interfaces/action/_count_until_s.c.o[0m
[ 90%] [32m[1mLinking C shared library rosidl_generator_py/my_interfaces/libmy_interfaces__rosidl_generator_py.so[0m
[ 90%] Built target my_interfaces__rosidl_generator_py
[35m[1mConsolidate compiler generated dependencies of target my_interfaces__rosidl_typesupport_fastrtps_c__pyext[0m
[35m[1mConsolidate compiler generated dependencies of target my_interfaces__rosidl_typesupport_c__pyext[0m
[35m[1mConsolidate compiler generated dependencies of target my_interfaces__rosidl_typesupport_introspection_c__pyext[0m
[ 92%] [32mBuilding C object CMakeFiles/my_interfaces__rosidl_typesupport_fastrtps_c__pyext.dir/rosidl_generator_py/my_interfaces/_my_interfaces_s.ep.rosidl_typesupport_fastrtps_c.c.o[0m
[ 95%] [32mBuilding C object CMakeFiles/my_interfaces__rosidl_typesupport_introspection_c__pyext.dir/rosidl_generator_py/my_interfaces/_my_interfaces_s.ep.rosidl_typesupport_introspection_c.c.o[0m
[ 95%] [32mBuilding C object CMakeFiles/my_interfaces__rosidl_typesupport_c__pyext.dir/rosidl_generator_py/my_interfaces/_my_interfaces_s.ep.rosidl_typesupport_c.c.o[0m
[ 98%] [32m[1mLinking C shared library rosidl_generator_py/my_interfaces/my_interfaces_s__rosidl_typesupport_fastrtps_c.cpython-310-x86_64-linux-gnu.so[0m
[ 98%] [32m[1mLinking C shared library rosidl_generator_py/my_interfaces/my_interfaces_s__rosidl_typesupport_c.cpython-310-x86_64-linux-gnu.so[0m
[100%] [32m[1mLinking C shared library rosidl_generator_py/my_interfaces/my_interfaces_s__rosidl_typesupport_introspection_c.cpython-310-x86_64-linux-gnu.so[0m
[100%] Built target my_interfaces__rosidl_typesupport_c__pyext
[100%] Built target my_interfaces__rosidl_typesupport_fastrtps_c__pyext
[100%] Built target my_interfaces__rosidl_typesupport_introspection_c__pyext
-- Install configuration: ""
-- Installing: /home/robomaven/ws/ws1/install/my_interfaces/share/ament_index/resource_index/rosidl_interfaces/my_interfaces
-- Up-to-date: /home/robomaven/ws/ws1/install/my_interfaces/include/my_interfaces/my_interfaces
-- Up-to-date: /home/robomaven/ws/ws1/install/my_interfaces/include/my_interfaces/my_interfaces/srv
-- Up-to-date: /home/robomaven/ws/ws1/install/my_interfaces/include/my_interfaces/my_interfaces/srv/detail
-- Installing: /home/robomaven/ws/ws1/install/my_interfaces/include/my_interfaces/my_interfaces/srv/detail/kill__functions.h
-- Installing: /home/robomaven/ws/ws1/install/my_interfaces/include/my_interfaces/my_interfaces/srv/detail/kill__type_support.h
-- Installing: /home/robomaven/ws/ws1/install/my_interfaces/include/my_interfaces/my_interfaces/srv/detail/kill__functions.c
-- Installing: /home/robomaven/ws/ws1/install/my_interfaces/include/my_interfaces/my_interfaces/srv/detail/kill__struct.h
-- Installing: /home/robomaven/ws/ws1/install/my_interfaces/include/my_interfaces/my_interfaces/srv/kill.h
-- Up-to-date: /home/robomaven/ws/ws1/install/my_interfaces/include/my_interfaces/my_interfaces/msg
-- Up-to-date: /home/robomaven/ws/ws1/install/my_interfaces/include/my_interfaces/my_interfaces/msg/rosidl_generator_c__visibility_control.h
-- Installing: /home/robomaven/ws/ws1/install/my_interfaces/include/my_interfaces/my_interfaces/msg/project_info.h
-- Up-to-date: /home/robomaven/ws/ws1/install/my_interfaces/include/my_interfaces/my_interfaces/msg/detail
-- Installing: /home/robomaven/ws/ws1/install/my_interfaces/include/my_interfaces/my_interfaces/msg/detail/login__functions.c
-- Installing: /home/robomaven/ws/ws1/install/my_interfaces/include/my_interfaces/my_interfaces/msg/detail/login__functions.h
-- Installing: /home/robomaven/ws/ws1/install/my_interfaces/include/my_interfaces/my_interfaces/msg/detail/project_info__type_support.h
-- Installing: /home/robomaven/ws/ws1/install/my_interfaces/include/my_interfaces/my_interfaces/msg/detail/killer_data__type_support.h
-- Installing: /home/robomaven/ws/ws1/install/my_interfaces/include/my_interfaces/my_interfaces/msg/detail/killer_data__struct.h
-- Installing: /home/robomaven/ws/ws1/install/my_interfaces/include/my_interfaces/my_interfaces/msg/detail/killer_data__functions.h
-- Installing: /home/robomaven/ws/ws1/install/my_interfaces/include/my_interfaces/my_interfaces/msg/detail/login__struct.h
-- Installing: /home/robomaven/ws/ws1/install/my_interfaces/include/my_interfaces/my_interfaces/msg/detail/project_info__struct.h
-- Installing: /home/robomaven/ws/ws1/install/my_interfaces/include/my_interfaces/my_interfaces/msg/detail/project_info__functions.c
-- Installing: /home/robomaven/ws/ws1/install/my_interfaces/include/my_interfaces/my_interfaces/msg/detail/login__type_support.h
-- Installing: /home/robomaven/ws/ws1/install/my_interfaces/include/my_interfaces/my_interfaces/msg/detail/project_info__functions.h
-- Installing: /home/robomaven/ws/ws1/install/my_interfaces/include/my_interfaces/my_interfaces/msg/detail/killer_data__functions.c
-- Installing: /home/robomaven/ws/ws1/install/my_interfaces/include/my_interfaces/my_interfaces/msg/login.h
-- Installing: /home/robomaven/ws/ws1/install/my_interfaces/include/my_interfaces/my_interfaces/msg/killer_data.h
-- Installing: /home/robomaven/ws/ws1/install/my_interfaces/include/my_interfaces/my_interfaces/action
-- Installing: /home/robomaven/ws/ws1/install/my_interfaces/include/my_interfaces/my_interfaces/action/detail
-- Installing: /home/robomaven/ws/ws1/install/my_interfaces/include/my_interfaces/my_interfaces/action/detail/count_until__functions.h
-- Installing: /home/robomaven/ws/ws1/install/my_interfaces/include/my_interfaces/my_interfaces/action/detail/count_until__type_support.h
-- Installing: /home/robomaven/ws/ws1/install/my_interfaces/include/my_interfaces/my_interfaces/action/detail/count_until__struct.h
-- Installing: /home/robomaven/ws/ws1/install/my_interfaces/include/my_interfaces/my_interfaces/action/detail/count_until__functions.c
-- Installing: /home/robomaven/ws/ws1/install/my_interfaces/include/my_interfaces/my_interfaces/action/count_until.h
-- Up-to-date: /home/robomaven/ws/ws1/install/my_interfaces/share/my_interfaces/environment/library_path.sh
-- Installing: /home/robomaven/ws/ws1/install/my_interfaces/share/my_interfaces/environment/library_path.dsv
-- Installing: /home/robomaven/ws/ws1/install/my_interfaces/lib/libmy_interfaces__rosidl_generator_c.so
-- Set runtime path of "/home/robomaven/ws/ws1/install/my_interfaces/lib/libmy_interfaces__rosidl_generator_c.so" to ""
-- Up-to-date: /home/robomaven/ws/ws1/install/my_interfaces/include/my_interfaces/my_interfaces
-- Up-to-date: /home/robomaven/ws/ws1/install/my_interfaces/include/my_interfaces/my_interfaces/srv
-- Up-to-date: /home/robomaven/ws/ws1/install/my_interfaces/include/my_interfaces/my_interfaces/srv/detail
-- Installing: /home/robomaven/ws/ws1/install/my_interfaces/include/my_interfaces/my_interfaces/srv/detail/kill__rosidl_typesupport_fastrtps_c.h
-- Up-to-date: /home/robomaven/ws/ws1/install/my_interfaces/include/my_interfaces/my_interfaces/msg
-- Up-to-date: /home/robomaven/ws/ws1/install/my_interfaces/include/my_interfaces/my_interfaces/msg/detail
-- Installing: /home/robomaven/ws/ws1/install/my_interfaces/include/my_interfaces/my_interfaces/msg/detail/login__rosidl_typesupport_fastrtps_c.h
-- Installing: /home/robomaven/ws/ws1/install/my_interfaces/include/my_interfaces/my_interfaces/msg/detail/project_info__rosidl_typesupport_fastrtps_c.h
-- Installing: /home/robomaven/ws/ws1/install/my_interfaces/include/my_interfaces/my_interfaces/msg/detail/killer_data__rosidl_typesupport_fastrtps_c.h
-- Up-to-date: /home/robomaven/ws/ws1/install/my_interfaces/include/my_interfaces/my_interfaces/msg/rosidl_typesupport_fastrtps_c__visibility_control.h
-- Up-to-date: /home/robomaven/ws/ws1/install/my_interfaces/include/my_interfaces/my_interfaces/action
-- Up-to-date: /home/robomaven/ws/ws1/install/my_interfaces/include/my_interfaces/my_interfaces/action/detail
-- Installing: /home/robomaven/ws/ws1/install/my_interfaces/include/my_interfaces/my_interfaces/action/detail/count_until__rosidl_typesupport_fastrtps_c.h
-- Installing: /home/robomaven/ws/ws1/install/my_interfaces/lib/libmy_interfaces__rosidl_typesupport_fastrtps_c.so
-- Set runtime path of "/home/robomaven/ws/ws1/install/my_interfaces/lib/libmy_interfaces__rosidl_typesupport_fastrtps_c.so" to ""
-- Up-to-date: /home/robomaven/ws/ws1/install/my_interfaces/include/my_interfaces/my_interfaces
-- Up-to-date: /home/robomaven/ws/ws1/install/my_interfaces/include/my_interfaces/my_interfaces/srv
-- Up-to-date: /home/robomaven/ws/ws1/install/my_interfaces/include/my_interfaces/my_interfaces/srv/detail
-- Installing: /home/robomaven/ws/ws1/install/my_interfaces/include/my_interfaces/my_interfaces/srv/detail/kill__rosidl_typesupport_introspection_c.h
-- Installing: /home/robomaven/ws/ws1/install/my_interfaces/include/my_interfaces/my_interfaces/srv/detail/kill__type_support.c
-- Up-to-date: /home/robomaven/ws/ws1/install/my_interfaces/include/my_interfaces/my_interfaces/msg
-- Up-to-date: /home/robomaven/ws/ws1/install/my_interfaces/include/my_interfaces/my_interfaces/msg/rosidl_typesupport_introspection_c__visibility_control.h
-- Up-to-date: /home/robomaven/ws/ws1/install/my_interfaces/include/my_interfaces/my_interfaces/msg/detail
-- Installing: /home/robomaven/ws/ws1/install/my_interfaces/include/my_interfaces/my_interfaces/msg/detail/login__rosidl_typesupport_introspection_c.h
-- Installing: /home/robomaven/ws/ws1/install/my_interfaces/include/my_interfaces/my_interfaces/msg/detail/killer_data__type_support.c
-- Installing: /home/robomaven/ws/ws1/install/my_interfaces/include/my_interfaces/my_interfaces/msg/detail/project_info__rosidl_typesupport_introspection_c.h
-- Installing: /home/robomaven/ws/ws1/install/my_interfaces/include/my_interfaces/my_interfaces/msg/detail/killer_data__rosidl_typesupport_introspection_c.h
-- Installing: /home/robomaven/ws/ws1/install/my_interfaces/include/my_interfaces/my_interfaces/msg/detail/project_info__type_support.c
-- Installing: /home/robomaven/ws/ws1/install/my_interfaces/include/my_interfaces/my_interfaces/msg/detail/login__type_support.c
-- Up-to-date: /home/robomaven/ws/ws1/install/my_interfaces/include/my_interfaces/my_interfaces/action
-- Up-to-date: /home/robomaven/ws/ws1/install/my_interfaces/include/my_interfaces/my_interfaces/action/detail
-- Installing: /home/robomaven/ws/ws1/install/my_interfaces/include/my_interfaces/my_interfaces/action/detail/count_until__rosidl_typesupport_introspection_c.h
-- Installing: /home/robomaven/ws/ws1/install/my_interfaces/include/my_interfaces/my_interfaces/action/detail/count_until__type_support.c
-- Installing: /home/robomaven/ws/ws1/install/my_interfaces/lib/libmy_interfaces__rosidl_typesupport_introspection_c.so
-- Set runtime path of "/home/robomaven/ws/ws1/install/my_interfaces/lib/libmy_interfaces__rosidl_typesupport_introspection_c.so" to ""
-- Installing: /home/robomaven/ws/ws1/install/my_interfaces/lib/libmy_interfaces__rosidl_typesupport_c.so
-- Set runtime path of "/home/robomaven/ws/ws1/install/my_interfaces/lib/libmy_interfaces__rosidl_typesupport_c.so" to ""
-- Up-to-date: /home/robomaven/ws/ws1/install/my_interfaces/include/my_interfaces/my_interfaces
-- Up-to-date: /home/robomaven/ws/ws1/install/my_interfaces/include/my_interfaces/my_interfaces/srv
-- Installing: /home/robomaven/ws/ws1/install/my_interfaces/include/my_interfaces/my_interfaces/srv/kill.hpp
-- Up-to-date: /home/robomaven/ws/ws1/install/my_interfaces/include/my_interfaces/my_interfaces/srv/detail
-- Installing: /home/robomaven/ws/ws1/install/my_interfaces/include/my_interfaces/my_interfaces/srv/detail/kill__struct.hpp
-- Installing: /home/robomaven/ws/ws1/install/my_interfaces/include/my_interfaces/my_interfaces/srv/detail/kill__builder.hpp
-- Installing: /home/robomaven/ws/ws1/install/my_interfaces/include/my_interfaces/my_interfaces/srv/detail/kill__traits.hpp
-- Up-to-date: /home/robomaven/ws/ws1/install/my_interfaces/include/my_interfaces/my_interfaces/msg
-- Installing: /home/robomaven/ws/ws1/install/my_interfaces/include/my_interfaces/my_interfaces/msg/project_info.hpp
-- Installing: /home/robomaven/ws/ws1/install/my_interfaces/include/my_interfaces/my_interfaces/msg/login.hpp
-- Up-to-date: /home/robomaven/ws/ws1/install/my_interfaces/include/my_interfaces/my_interfaces/msg/detail
-- Installing: /home/robomaven/ws/ws1/install/my_interfaces/include/my_interfaces/my_interfaces/msg/detail/project_info__struct.hpp
-- Installing: /home/robomaven/ws/ws1/install/my_interfaces/include/my_interfaces/my_interfaces/msg/detail/killer_data__traits.hpp
-- Installing: /home/robomaven/ws/ws1/install/my_interfaces/include/my_interfaces/my_interfaces/msg/detail/killer_data__builder.hpp
-- Installing: /home/robomaven/ws/ws1/install/my_interfaces/include/my_interfaces/my_interfaces/msg/detail/login__struct.hpp
-- Installing: /home/robomaven/ws/ws1/install/my_interfaces/include/my_interfaces/my_interfaces/msg/detail/login__builder.hpp
-- Installing: /home/robomaven/ws/ws1/install/my_interfaces/include/my_interfaces/my_interfaces/msg/detail/project_info__builder.hpp
-- Installing: /home/robomaven/ws/ws1/install/my_interfaces/include/my_interfaces/my_interfaces/msg/detail/killer_data__struct.hpp
-- Installing: /home/robomaven/ws/ws1/install/my_interfaces/include/my_interfaces/my_interfaces/msg/detail/login__traits.hpp
-- Installing: /home/robomaven/ws/ws1/install/my_interfaces/include/my_interfaces/my_interfaces/msg/detail/project_info__traits.hpp
-- Installing: /home/robomaven/ws/ws1/install/my_interfaces/include/my_interfaces/my_interfaces/msg/killer_data.hpp
-- Up-to-date: /home/robomaven/ws/ws1/install/my_interfaces/include/my_interfaces/my_interfaces/action
-- Installing: /home/robomaven/ws/ws1/install/my_interfaces/include/my_interfaces/my_interfaces/action/count_until.hpp
-- Up-to-date: /home/robomaven/ws/ws1/install/my_interfaces/include/my_interfaces/my_interfaces/action/detail
-- Installing: /home/robomaven/ws/ws1/install/my_interfaces/include/my_interfaces/my_interfaces/action/detail/count_until__struct.hpp
-- Installing: /home/robomaven/ws/ws1/install/my_interfaces/include/my_interfaces/my_interfaces/action/detail/count_until__builder.hpp
-- Installing: /home/robomaven/ws/ws1/install/my_interfaces/include/my_interfaces/my_interfaces/action/detail/count_until__traits.hpp
-- Up-to-date: /home/robomaven/ws/ws1/install/my_interfaces/include/my_interfaces/my_interfaces
-- Up-to-date: /home/robomaven/ws/ws1/install/my_interfaces/include/my_interfaces/my_interfaces/srv
-- Up-to-date: /home/robomaven/ws/ws1/install/my_interfaces/include/my_interfaces/my_interfaces/srv/detail
-- Up-to-date: /home/robomaven/ws/ws1/install/my_interfaces/include/my_interfaces/my_interfaces/srv/detail/dds_fastrtps
-- Installing: /home/robomaven/ws/ws1/install/my_interfaces/include/my_interfaces/my_interfaces/srv/detail/kill__rosidl_typesupport_fastrtps_cpp.hpp
-- Up-to-date: /home/robomaven/ws/ws1/install/my_interfaces/include/my_interfaces/my_interfaces/msg
-- Up-to-date: /home/robomaven/ws/ws1/install/my_interfaces/include/my_interfaces/my_interfaces/msg/rosidl_typesupport_fastrtps_cpp__visibility_control.h
-- Up-to-date: /home/robomaven/ws/ws1/install/my_interfaces/include/my_interfaces/my_interfaces/msg/detail
-- Up-to-date: /home/robomaven/ws/ws1/install/my_interfaces/include/my_interfaces/my_interfaces/msg/detail/dds_fastrtps
-- Installing: /home/robomaven/ws/ws1/install/my_interfaces/include/my_interfaces/my_interfaces/msg/detail/killer_data__rosidl_typesupport_fastrtps_cpp.hpp
-- Installing: /home/robomaven/ws/ws1/install/my_interfaces/include/my_interfaces/my_interfaces/msg/detail/project_info__rosidl_typesupport_fastrtps_cpp.hpp
-- Installing: /home/robomaven/ws/ws1/install/my_interfaces/include/my_interfaces/my_interfaces/msg/detail/login__rosidl_typesupport_fastrtps_cpp.hpp
-- Up-to-date: /home/robomaven/ws/ws1/install/my_interfaces/include/my_interfaces/my_interfaces/action
-- Up-to-date: /home/robomaven/ws/ws1/install/my_interfaces/include/my_interfaces/my_interfaces/action/detail
-- Installing: /home/robomaven/ws/ws1/install/my_interfaces/include/my_interfaces/my_interfaces/action/detail/dds_fastrtps
-- Installing: /home/robomaven/ws/ws1/install/my_interfaces/include/my_interfaces/my_interfaces/action/detail/count_until__rosidl_typesupport_fastrtps_cpp.hpp
-- Installing: /home/robomaven/ws/ws1/install/my_interfaces/lib/libmy_interfaces__rosidl_typesupport_fastrtps_cpp.so
-- Set runtime path of "/home/robomaven/ws/ws1/install/my_interfaces/lib/libmy_interfaces__rosidl_typesupport_fastrtps_cpp.so" to ""
-- Up-to-date: /home/robomaven/ws/ws1/install/my_interfaces/include/my_interfaces/my_interfaces
-- Up-to-date: /home/robomaven/ws/ws1/install/my_interfaces/include/my_interfaces/my_interfaces/srv
-- Up-to-date: /home/robomaven/ws/ws1/install/my_interfaces/include/my_interfaces/my_interfaces/srv/detail
-- Installing: /home/robomaven/ws/ws1/install/my_interfaces/include/my_interfaces/my_interfaces/srv/detail/kill__rosidl_typesupport_introspection_cpp.hpp
-- Installing: /home/robomaven/ws/ws1/install/my_interfaces/include/my_interfaces/my_interfaces/srv/detail/kill__type_support.cpp
-- Up-to-date: /home/robomaven/ws/ws1/install/my_interfaces/include/my_interfaces/my_interfaces/msg
-- Up-to-date: /home/robomaven/ws/ws1/install/my_interfaces/include/my_interfaces/my_interfaces/msg/detail
-- Installing: /home/robomaven/ws/ws1/install/my_interfaces/include/my_interfaces/my_interfaces/msg/detail/login__type_support.cpp
-- Installing: /home/robomaven/ws/ws1/install/my_interfaces/include/my_interfaces/my_interfaces/msg/detail/killer_data__rosidl_typesupport_introspection_cpp.hpp
-- Installing: /home/robomaven/ws/ws1/install/my_interfaces/include/my_interfaces/my_interfaces/msg/detail/login__rosidl_typesupport_introspection_cpp.hpp
-- Installing: /home/robomaven/ws/ws1/install/my_interfaces/include/my_interfaces/my_interfaces/msg/detail/project_info__type_support.cpp
-- Installing: /home/robomaven/ws/ws1/install/my_interfaces/include/my_interfaces/my_interfaces/msg/detail/killer_data__type_support.cpp
-- Installing: /home/robomaven/ws/ws1/install/my_interfaces/include/my_interfaces/my_interfaces/msg/detail/project_info__rosidl_typesupport_introspection_cpp.hpp
-- Up-to-date: /home/robomaven/ws/ws1/install/my_interfaces/include/my_interfaces/my_interfaces/action
-- Up-to-date: /home/robomaven/ws/ws1/install/my_interfaces/include/my_interfaces/my_interfaces/action/detail
-- Installing: /home/robomaven/ws/ws1/install/my_interfaces/include/my_interfaces/my_interfaces/action/detail/count_until__type_support.cpp
-- Installing: /home/robomaven/ws/ws1/install/my_interfaces/include/my_interfaces/my_interfaces/action/detail/count_until__rosidl_typesupport_introspection_cpp.hpp
-- Installing: /home/robomaven/ws/ws1/install/my_interfaces/lib/libmy_interfaces__rosidl_typesupport_introspection_cpp.so
-- Set runtime path of "/home/robomaven/ws/ws1/install/my_interfaces/lib/libmy_interfaces__rosidl_typesupport_introspection_cpp.so" to ""
-- Installing: /home/robomaven/ws/ws1/install/my_interfaces/lib/libmy_interfaces__rosidl_typesupport_cpp.so
-- Set runtime path of "/home/robomaven/ws/ws1/install/my_interfaces/lib/libmy_interfaces__rosidl_typesupport_cpp.so" to ""
-- Up-to-date: /home/robomaven/ws/ws1/install/my_interfaces/share/my_interfaces/environment/pythonpath.sh
-- Installing: /home/robomaven/ws/ws1/install/my_interfaces/share/my_interfaces/environment/pythonpath.dsv
-- Up-to-date: /home/robomaven/ws/ws1/install/my_interfaces/local/lib/python3.10/dist-packages/my_interfaces-0.0.0-py3.10.egg-info
-- Installing: /home/robomaven/ws/ws1/install/my_interfaces/local/lib/python3.10/dist-packages/my_interfaces-0.0.0-py3.10.egg-info/top_level.txt
-- Installing: /home/robomaven/ws/ws1/install/my_interfaces/local/lib/python3.10/dist-packages/my_interfaces-0.0.0-py3.10.egg-info/PKG-INFO
-- Installing: /home/robomaven/ws/ws1/install/my_interfaces/local/lib/python3.10/dist-packages/my_interfaces-0.0.0-py3.10.egg-info/SOURCES.txt
-- Installing: /home/robomaven/ws/ws1/install/my_interfaces/local/lib/python3.10/dist-packages/my_interfaces-0.0.0-py3.10.egg-info/dependency_links.txt
-- Up-to-date: /home/robomaven/ws/ws1/install/my_interfaces/local/lib/python3.10/dist-packages/my_interfaces
-- Up-to-date: /home/robomaven/ws/ws1/install/my_interfaces/local/lib/python3.10/dist-packages/my_interfaces/srv
-- Installing: /home/robomaven/ws/ws1/install/my_interfaces/local/lib/python3.10/dist-packages/my_interfaces/srv/_kill.py
-- Installing: /home/robomaven/ws/ws1/install/my_interfaces/local/lib/python3.10/dist-packages/my_interfaces/srv/_kill_s.c
-- Installing: /home/robomaven/ws/ws1/install/my_interfaces/local/lib/python3.10/dist-packages/my_interfaces/srv/__init__.py
-- Up-to-date: /home/robomaven/ws/ws1/install/my_interfaces/local/lib/python3.10/dist-packages/my_interfaces/msg
-- Installing: /home/robomaven/ws/ws1/install/my_interfaces/local/lib/python3.10/dist-packages/my_interfaces/msg/_killer_data.py
-- Installing: /home/robomaven/ws/ws1/install/my_interfaces/local/lib/python3.10/dist-packages/my_interfaces/msg/_killer_data_s.c
-- Installing: /home/robomaven/ws/ws1/install/my_interfaces/local/lib/python3.10/dist-packages/my_interfaces/msg/_login_s.c
-- Installing: /home/robomaven/ws/ws1/install/my_interfaces/local/lib/python3.10/dist-packages/my_interfaces/msg/_project_info_s.c
-- Installing: /home/robomaven/ws/ws1/install/my_interfaces/local/lib/python3.10/dist-packages/my_interfaces/msg/_login.py
-- Installing: /home/robomaven/ws/ws1/install/my_interfaces/local/lib/python3.10/dist-packages/my_interfaces/msg/__init__.py
-- Installing: /home/robomaven/ws/ws1/install/my_interfaces/local/lib/python3.10/dist-packages/my_interfaces/msg/_project_info.py
-- Installing: /home/robomaven/ws/ws1/install/my_interfaces/local/lib/python3.10/dist-packages/my_interfaces/my_interfaces_s__rosidl_typesupport_fastrtps_c.cpython-310-x86_64-linux-gnu.so
-- Installing: /home/robomaven/ws/ws1/install/my_interfaces/local/lib/python3.10/dist-packages/my_interfaces/my_interfaces_s__rosidl_typesupport_introspection_c.cpython-310-x86_64-linux-gnu.so
-- Installing: /home/robomaven/ws/ws1/install/my_interfaces/local/lib/python3.10/dist-packages/my_interfaces/action
-- Installing: /home/robomaven/ws/ws1/install/my_interfaces/local/lib/python3.10/dist-packages/my_interfaces/action/_count_until.py
-- Installing: /home/robomaven/ws/ws1/install/my_interfaces/local/lib/python3.10/dist-packages/my_interfaces/action/__init__.py
-- Installing: /home/robomaven/ws/ws1/install/my_interfaces/local/lib/python3.10/dist-packages/my_interfaces/action/_count_until_s.c
-- Installing: /home/robomaven/ws/ws1/install/my_interfaces/local/lib/python3.10/dist-packages/my_interfaces/_my_interfaces_s.ep.rosidl_typesupport_c.c
-- Installing: /home/robomaven/ws/ws1/install/my_interfaces/local/lib/python3.10/dist-packages/my_interfaces/my_interfaces_s__rosidl_typesupport_c.cpython-310-x86_64-linux-gnu.so
-- Installing: /home/robomaven/ws/ws1/install/my_interfaces/local/lib/python3.10/dist-packages/my_interfaces/_my_interfaces_s.ep.rosidl_typesupport_fastrtps_c.c
-- Installing: /home/robomaven/ws/ws1/install/my_interfaces/local/lib/python3.10/dist-packages/my_interfaces/_my_interfaces_s.ep.rosidl_typesupport_introspection_c.c
-- Installing: /home/robomaven/ws/ws1/install/my_interfaces/local/lib/python3.10/dist-packages/my_interfaces/libmy_interfaces__rosidl_generator_py.so
-- Installing: /home/robomaven/ws/ws1/install/my_interfaces/local/lib/python3.10/dist-packages/my_interfaces/__init__.py
Listing '/home/robomaven/ws/ws1/install/my_interfaces/local/lib/python3.10/dist-packages/my_interfaces'...
Compiling '/home/robomaven/ws/ws1/install/my_interfaces/local/lib/python3.10/dist-packages/my_interfaces/__init__.py'...
Listing '/home/robomaven/ws/ws1/install/my_interfaces/local/lib/python3.10/dist-packages/my_interfaces/action'...
Compiling '/home/robomaven/ws/ws1/install/my_interfaces/local/lib/python3.10/dist-packages/my_interfaces/action/__init__.py'...
Compiling '/home/robomaven/ws/ws1/install/my_interfaces/local/lib/python3.10/dist-packages/my_interfaces/action/_count_until.py'...
Listing '/home/robomaven/ws/ws1/install/my_interfaces/local/lib/python3.10/dist-packages/my_interfaces/msg'...
Compiling '/home/robomaven/ws/ws1/install/my_interfaces/local/lib/python3.10/dist-packages/my_interfaces/msg/__init__.py'...
Compiling '/home/robomaven/ws/ws1/install/my_interfaces/local/lib/python3.10/dist-packages/my_interfaces/msg/_killer_data.py'...
Compiling '/home/robomaven/ws/ws1/install/my_interfaces/local/lib/python3.10/dist-packages/my_interfaces/msg/_login.py'...
Compiling '/home/robomaven/ws/ws1/install/my_interfaces/local/lib/python3.10/dist-packages/my_interfaces/msg/_project_info.py'...
Listing '/home/robomaven/ws/ws1/install/my_interfaces/local/lib/python3.10/dist-packages/my_interfaces/srv'...
Compiling '/home/robomaven/ws/ws1/install/my_interfaces/local/lib/python3.10/dist-packages/my_interfaces/srv/__init__.py'...
Compiling '/home/robomaven/ws/ws1/install/my_interfaces/local/lib/python3.10/dist-packages/my_interfaces/srv/_kill.py'...
-- Installing: /home/robomaven/ws/ws1/install/my_interfaces/local/lib/python3.10/dist-packages/my_interfaces/my_interfaces_s__rosidl_typesupport_fastrtps_c.cpython-310-x86_64-linux-gnu.so
-- Set runtime path of "/home/robomaven/ws/ws1/install/my_interfaces/local/lib/python3.10/dist-packages/my_interfaces/my_interfaces_s__rosidl_typesupport_fastrtps_c.cpython-310-x86_64-linux-gnu.so" to ""
-- Installing: /home/robomaven/ws/ws1/install/my_interfaces/local/lib/python3.10/dist-packages/my_interfaces/my_interfaces_s__rosidl_typesupport_introspection_c.cpython-310-x86_64-linux-gnu.so
-- Set runtime path of "/home/robomaven/ws/ws1/install/my_interfaces/local/lib/python3.10/dist-packages/my_interfaces/my_interfaces_s__rosidl_typesupport_introspection_c.cpython-310-x86_64-linux-gnu.so" to ""
-- Installing: /home/robomaven/ws/ws1/install/my_interfaces/local/lib/python3.10/dist-packages/my_interfaces/my_interfaces_s__rosidl_typesupport_c.cpython-310-x86_64-linux-gnu.so
-- Set runtime path of "/home/robomaven/ws/ws1/install/my_interfaces/local/lib/python3.10/dist-packages/my_interfaces/my_interfaces_s__rosidl_typesupport_c.cpython-310-x86_64-linux-gnu.so" to ""
-- Installing: /home/robomaven/ws/ws1/install/my_interfaces/lib/libmy_interfaces__rosidl_generator_py.so
-- Set runtime path of "/home/robomaven/ws/ws1/install/my_interfaces/lib/libmy_interfaces__rosidl_generator_py.so" to ""
-- Up-to-date: /home/robomaven/ws/ws1/install/my_interfaces/share/my_interfaces/msg/ProjectInfo.idl
-- Up-to-date: /home/robomaven/ws/ws1/install/my_interfaces/share/my_interfaces/msg/KillerData.idl
-- Up-to-date: /home/robomaven/ws/ws1/install/my_interfaces/share/my_interfaces/msg/Login.idl
-- Up-to-date: /home/robomaven/ws/ws1/install/my_interfaces/share/my_interfaces/srv/Kill.idl
-- Installing: /home/robomaven/ws/ws1/install/my_interfaces/share/my_interfaces/action/CountUntil.idl
-- Up-to-date: /home/robomaven/ws/ws1/install/my_interfaces/share/my_interfaces/msg/ProjectInfo.msg
-- Up-to-date: /home/robomaven/ws/ws1/install/my_interfaces/share/my_interfaces/msg/KillerData.msg
-- Up-to-date: /home/robomaven/ws/ws1/install/my_interfaces/share/my_interfaces/msg/Login.msg
-- Up-to-date: /home/robomaven/ws/ws1/install/my_interfaces/share/my_interfaces/srv/Kill.srv
-- Up-to-date: /home/robomaven/ws/ws1/install/my_interfaces/share/my_interfaces/srv/Kill_Request.msg
-- Up-to-date: /home/robomaven/ws/ws1/install/my_interfaces/share/my_interfaces/srv/Kill_Response.msg
-- Installing: /home/robomaven/ws/ws1/install/my_interfaces/share/my_interfaces/action/CountUntil.action
-- Up-to-date: /home/robomaven/ws/ws1/install/my_interfaces/share/ament_index/resource_index/package_run_dependencies/my_interfaces
-- Installing: /home/robomaven/ws/ws1/install/my_interfaces/share/ament_index/resource_index/parent_prefix_path/my_interfaces
-- Up-to-date: /home/robomaven/ws/ws1/install/my_interfaces/share/my_interfaces/environment/ament_prefix_path.sh
-- Installing: /home/robomaven/ws/ws1/install/my_interfaces/share/my_interfaces/environment/ament_prefix_path.dsv
-- Up-to-date: /home/robomaven/ws/ws1/install/my_interfaces/share/my_interfaces/environment/path.sh
-- Installing: /home/robomaven/ws/ws1/install/my_interfaces/share/my_interfaces/environment/path.dsv
-- Up-to-date: /home/robomaven/ws/ws1/install/my_interfaces/share/my_interfaces/local_setup.bash
-- Up-to-date: /home/robomaven/ws/ws1/install/my_interfaces/share/my_interfaces/local_setup.sh
-- Up-to-date: /home/robomaven/ws/ws1/install/my_interfaces/share/my_interfaces/local_setup.zsh
-- Installing: /home/robomaven/ws/ws1/install/my_interfaces/share/my_interfaces/local_setup.dsv
-- Installing: /home/robomaven/ws/ws1/install/my_interfaces/share/my_interfaces/package.dsv
-- Up-to-date: /home/robomaven/ws/ws1/install/my_interfaces/share/ament_index/resource_index/packages/my_interfaces
-- Old export file "/home/robomaven/ws/ws1/install/my_interfaces/share/my_interfaces/cmake/export_my_interfaces__rosidl_generator_cExport.cmake" will be replaced.  Removing files [/home/robomaven/ws/ws1/install/my_interfaces/share/my_interfaces/cmake/export_my_interfaces__rosidl_generator_cExport-noconfig.cmake].
-- Installing: /home/robomaven/ws/ws1/install/my_interfaces/share/my_interfaces/cmake/export_my_interfaces__rosidl_generator_cExport.cmake
-- Installing: /home/robomaven/ws/ws1/install/my_interfaces/share/my_interfaces/cmake/export_my_interfaces__rosidl_generator_cExport-noconfig.cmake
-- Old export file "/home/robomaven/ws/ws1/install/my_interfaces/share/my_interfaces/cmake/export_my_interfaces__rosidl_typesupport_fastrtps_cExport.cmake" will be replaced.  Removing files [/home/robomaven/ws/ws1/install/my_interfaces/share/my_interfaces/cmake/export_my_interfaces__rosidl_typesupport_fastrtps_cExport-noconfig.cmake].
-- Installing: /home/robomaven/ws/ws1/install/my_interfaces/share/my_interfaces/cmake/export_my_interfaces__rosidl_typesupport_fastrtps_cExport.cmake
-- Installing: /home/robomaven/ws/ws1/install/my_interfaces/share/my_interfaces/cmake/export_my_interfaces__rosidl_typesupport_fastrtps_cExport-noconfig.cmake
-- Old export file "/home/robomaven/ws/ws1/install/my_interfaces/share/my_interfaces/cmake/my_interfaces__rosidl_typesupport_introspection_cExport.cmake" will be replaced.  Removing files [/home/robomaven/ws/ws1/install/my_interfaces/share/my_interfaces/cmake/my_interfaces__rosidl_typesupport_introspection_cExport-noconfig.cmake].
-- Installing: /home/robomaven/ws/ws1/install/my_interfaces/share/my_interfaces/cmake/my_interfaces__rosidl_typesupport_introspection_cExport.cmake
-- Installing: /home/robomaven/ws/ws1/install/my_interfaces/share/my_interfaces/cmake/my_interfaces__rosidl_typesupport_introspection_cExport-noconfig.cmake
-- Old export file "/home/robomaven/ws/ws1/install/my_interfaces/share/my_interfaces/cmake/my_interfaces__rosidl_typesupport_cExport.cmake" will be replaced.  Removing files [/home/robomaven/ws/ws1/install/my_interfaces/share/my_interfaces/cmake/my_interfaces__rosidl_typesupport_cExport-noconfig.cmake].
-- Installing: /home/robomaven/ws/ws1/install/my_interfaces/share/my_interfaces/cmake/my_interfaces__rosidl_typesupport_cExport.cmake
-- Installing: /home/robomaven/ws/ws1/install/my_interfaces/share/my_interfaces/cmake/my_interfaces__rosidl_typesupport_cExport-noconfig.cmake
-- Installing: /home/robomaven/ws/ws1/install/my_interfaces/share/my_interfaces/cmake/export_my_interfaces__rosidl_generator_cppExport.cmake
-- Old export file "/home/robomaven/ws/ws1/install/my_interfaces/share/my_interfaces/cmake/export_my_interfaces__rosidl_typesupport_fastrtps_cppExport.cmake" will be replaced.  Removing files [/home/robomaven/ws/ws1/install/my_interfaces/share/my_interfaces/cmake/export_my_interfaces__rosidl_typesupport_fastrtps_cppExport-noconfig.cmake].
-- Installing: /home/robomaven/ws/ws1/install/my_interfaces/share/my_interfaces/cmake/export_my_interfaces__rosidl_typesupport_fastrtps_cppExport.cmake
-- Installing: /home/robomaven/ws/ws1/install/my_interfaces/share/my_interfaces/cmake/export_my_interfaces__rosidl_typesupport_fastrtps_cppExport-noconfig.cmake
-- Old export file "/home/robomaven/ws/ws1/install/my_interfaces/share/my_interfaces/cmake/my_interfaces__rosidl_typesupport_introspection_cppExport.cmake" will be replaced.  Removing files [/home/robomaven/ws/ws1/install/my_interfaces/share/my_interfaces/cmake/my_interfaces__rosidl_typesupport_introspection_cppExport-noconfig.cmake].
-- Installing: /home/robomaven/ws/ws1/install/my_interfaces/share/my_interfaces/cmake/my_interfaces__rosidl_typesupport_introspection_cppExport.cmake
-- Installing: /home/robomaven/ws/ws1/install/my_interfaces/share/my_interfaces/cmake/my_interfaces__rosidl_typesupport_introspection_cppExport-noconfig.cmake
-- Old export file "/home/robomaven/ws/ws1/install/my_interfaces/share/my_interfaces/cmake/my_interfaces__rosidl_typesupport_cppExport.cmake" will be replaced.  Removing files [/home/robomaven/ws/ws1/install/my_interfaces/share/my_interfaces/cmake/my_interfaces__rosidl_typesupport_cppExport-noconfig.cmake].
-- Installing: /home/robomaven/ws/ws1/install/my_interfaces/share/my_interfaces/cmake/my_interfaces__rosidl_typesupport_cppExport.cmake
-- Installing: /home/robomaven/ws/ws1/install/my_interfaces/share/my_interfaces/cmake/my_interfaces__rosidl_typesupport_cppExport-noconfig.cmake
-- Old export file "/home/robomaven/ws/ws1/install/my_interfaces/share/my_interfaces/cmake/export_my_interfaces__rosidl_generator_pyExport.cmake" will be replaced.  Removing files [/home/robomaven/ws/ws1/install/my_interfaces/share/my_interfaces/cmake/export_my_interfaces__rosidl_generator_pyExport-noconfig.cmake].
-- Installing: /home/robomaven/ws/ws1/install/my_interfaces/share/my_interfaces/cmake/export_my_interfaces__rosidl_generator_pyExport.cmake
-- Installing: /home/robomaven/ws/ws1/install/my_interfaces/share/my_interfaces/cmake/export_my_interfaces__rosidl_generator_pyExport-noconfig.cmake
-- Installing: /home/robomaven/ws/ws1/install/my_interfaces/share/my_interfaces/cmake/rosidl_cmake-extras.cmake
-- Installing: /home/robomaven/ws/ws1/install/my_interfaces/share/my_interfaces/cmake/ament_cmake_export_dependencies-extras.cmake
-- Up-to-date: /home/robomaven/ws/ws1/install/my_interfaces/share/my_interfaces/cmake/ament_cmake_export_include_directories-extras.cmake
-- Up-to-date: /home/robomaven/ws/ws1/install/my_interfaces/share/my_interfaces/cmake/ament_cmake_export_libraries-extras.cmake
-- Up-to-date: /home/robomaven/ws/ws1/install/my_interfaces/share/my_interfaces/cmake/ament_cmake_export_targets-extras.cmake
-- Up-to-date: /home/robomaven/ws/ws1/install/my_interfaces/share/my_interfaces/cmake/rosidl_cmake_export_typesupport_targets-extras.cmake
-- Up-to-date: /home/robomaven/ws/ws1/install/my_interfaces/share/my_interfaces/cmake/rosidl_cmake_export_typesupport_libraries-extras.cmake
-- Installing: /home/robomaven/ws/ws1/install/my_interfaces/share/my_interfaces/cmake/my_interfacesConfig.cmake
-- Up-to-date: /home/robomaven/ws/ws1/install/my_interfaces/share/my_interfaces/cmake/my_interfacesConfig-version.cmake
-- Up-to-date: /home/robomaven/ws/ws1/install/my_interfaces/share/my_interfaces/package.xml
