[0.010s] Invoking command in '/home/robomaven/ws/ws2_moveit2/build/hello_moveit': CMAKE_PREFIX_PATH=${CMAKE_PREFIX_PATH}:/home/robomaven/ws/ws_moveit2/install/moveit_configs_utils:/home/robomaven/ws/ws_moveit2/install/launch_param_builder:/opt/ros/humble /usr/bin/cmake /home/robomaven/ws/ws2_moveit2/src/hello_moveit -DCMAKE_BUILD_TYPE=Debug -DCMAKE_INSTALL_PREFIX=/home/robomaven/ws/ws2_moveit2/install/hello_moveit
[0.112s] -- The C compiler identification is GNU 11.4.0
[0.193s] -- The CXX compiler identification is GNU 11.4.0
[0.201s] -- Detecting C compiler ABI info
[0.279s] -- Detecting C compiler ABI info - done
[0.286s] -- Check for working C compiler: /usr/bin/cc - skipped
[0.286s] -- Detecting C compile features
[0.287s] -- Detecting C compile features - done
[0.291s] -- Detecting CXX compiler ABI info
[0.385s] -- Detecting CXX compiler ABI info - done
[0.389s] -- Check for working CXX compiler: /usr/bin/c++ - skipped
[0.390s] -- Detecting CXX compile features
[0.390s] -- Detecting CXX compile features - done
[0.397s] -- Found ament_cmake: 1.3.9 (/opt/ros/humble/share/ament_cmake/cmake)
[0.518s] -- Found Python3: /usr/bin/python3 (found version "3.10.12") found components: Interpreter 
[0.629s] -- Found moveit_ros_planning_interface: 2.5.5 (/home/robomaven/ws/ws_moveit2/install/moveit_ros_planning_interface/share/moveit_ros_planning_interface/cmake)
[0.831s] -- Found Boost: /usr/lib/x86_64-linux-gnu/cmake/Boost-1.74.0/BoostConfig.cmake (found version "1.74.0") found components: date_time filesystem program_options system thread 
[0.899s] -- Found rosidl_generator_c: 3.1.5 (/opt/ros/humble/share/rosidl_generator_c/cmake)
[0.909s] -- Found rosidl_adapter: 3.1.5 (/opt/ros/humble/share/rosidl_adapter/cmake)
[0.922s] -- Found rosidl_generator_cpp: 3.1.5 (/opt/ros/humble/share/rosidl_generator_cpp/cmake)
[0.942s] -- Using all available rosidl_typesupport_c: rosidl_typesupport_fastrtps_c;rosidl_typesupport_introspection_c
[0.967s] -- Using all available rosidl_typesupport_cpp: rosidl_typesupport_fastrtps_cpp;rosidl_typesupport_introspection_cpp
[1.662s] -- Found Boost: /usr/lib/x86_64-linux-gnu/cmake/Boost-1.74.0/BoostConfig.cmake (found version "1.74.0") found components: chrono date_time filesystem iostreams program_options regex serialization system thread 
[1.731s] -- Found parameter_traits: 0.3.8 (/opt/ros/humble/share/parameter_traits/cmake)
[1.813s] -- Found rmw_implementation_cmake: 6.1.2 (/opt/ros/humble/share/rmw_implementation_cmake/cmake)
[1.819s] -- Found rmw_cyclonedds_cpp: 1.3.4 (/opt/ros/humble/share/rmw_cyclonedds_cpp/cmake)
[1.865s] -- Using RMW implementation 'rmw_cyclonedds_cpp' as default
[1.881s] -- Found Threads: TRUE  
[2.003s] -- Found Eigen3: TRUE (found version "3.4.0") 
[2.008s] -- Found rclcpp_lifecycle: 16.0.9 (/opt/ros/humble/share/rclcpp_lifecycle/cmake)
[2.053s] -- Found Boost: /usr/lib/x86_64-linux-gnu/cmake/Boost-1.74.0/BoostConfig.cmake (found version "1.74.0") found components: filesystem 
[2.174s] -- library: /usr/lib/x86_64-linux-gnu/libcurl.so
[2.301s] -- Ensuring Eigen3 include directory is part of orocos-kdl CMake target
[2.745s] -- Found Boost: /usr/lib/x86_64-linux-gnu/cmake/Boost-1.74.0/BoostConfig.cmake (found version "1.74.0") found components: system filesystem date_time program_options thread chrono 
[3.130s] -- Found Boost: /usr/lib/x86_64-linux-gnu/cmake/Boost-1.74.0/BoostConfig.cmake (found version "1.74.0") found components: thread system filesystem regex date_time program_options 
[3.376s] -- Found Boost: /usr/lib/x86_64-linux-gnu/cmake/Boost-1.74.0/BoostConfig.cmake (found version "1.74.0") found components: system filesystem date_time program_options thread 
[3.691s] -- Found ament_lint_auto: 0.12.11 (/opt/ros/humble/share/ament_lint_auto/cmake)
[3.768s] -- Added test 'cppcheck' to perform static code analysis on C / C++ code
[3.768s] -- Configured cppcheck include dirs: $<BUILD_INTERFACE:/home/robomaven/ws/ws2_moveit2/src/hello_moveit/include>
[3.768s] -- Configured cppcheck exclude dirs and/or files: 
[3.769s] -- Added test 'lint_cmake' to check CMake code style
[3.770s] -- Added test 'uncrustify' to check C / C++ code style
[3.770s] -- Configured uncrustify additional arguments: 
[3.771s] -- Added test 'xmllint' to check XML markup files
[3.773s] -- Configuring done
[3.795s] -- Generating done
[3.796s] -- Build files have been written to: /home/robomaven/ws/ws2_moveit2/build/hello_moveit
[3.804s] Invoked command in '/home/robomaven/ws/ws2_moveit2/build/hello_moveit' returned '0': CMAKE_PREFIX_PATH=${CMAKE_PREFIX_PATH}:/home/robomaven/ws/ws_moveit2/install/moveit_configs_utils:/home/robomaven/ws/ws_moveit2/install/launch_param_builder:/opt/ros/humble /usr/bin/cmake /home/robomaven/ws/ws2_moveit2/src/hello_moveit -DCMAKE_BUILD_TYPE=Debug -DCMAKE_INSTALL_PREFIX=/home/robomaven/ws/ws2_moveit2/install/hello_moveit
[3.804s] Invoking command in '/home/robomaven/ws/ws2_moveit2/build/hello_moveit': CMAKE_PREFIX_PATH=${CMAKE_PREFIX_PATH}:/home/robomaven/ws/ws_moveit2/install/moveit_configs_utils:/home/robomaven/ws/ws_moveit2/install/launch_param_builder:/opt/ros/humble /usr/bin/cmake --build /home/robomaven/ws/ws2_moveit2/build/hello_moveit -- -j20 -l20
[3.866s] [ 50%] [32mBuilding CXX object CMakeFiles/hello_moveit.dir/src/hello_moveit.cpp.o[0m
[9.048s] [100%] [32m[1mLinking CXX executable hello_moveit[0m
[9.639s] [100%] Built target hello_moveit
[9.649s] Invoked command in '/home/robomaven/ws/ws2_moveit2/build/hello_moveit' returned '0': CMAKE_PREFIX_PATH=${CMAKE_PREFIX_PATH}:/home/robomaven/ws/ws_moveit2/install/moveit_configs_utils:/home/robomaven/ws/ws_moveit2/install/launch_param_builder:/opt/ros/humble /usr/bin/cmake --build /home/robomaven/ws/ws2_moveit2/build/hello_moveit -- -j20 -l20
[9.705s] Invoking command in '/home/robomaven/ws/ws2_moveit2/build/hello_moveit': CMAKE_PREFIX_PATH=${CMAKE_PREFIX_PATH}:/home/robomaven/ws/ws_moveit2/install/moveit_configs_utils:/home/robomaven/ws/ws_moveit2/install/launch_param_builder:/opt/ros/humble /usr/bin/cmake --install /home/robomaven/ws/ws2_moveit2/build/hello_moveit
[9.714s] -- Install configuration: "Debug"
[9.714s] -- Installing: /home/robomaven/ws/ws2_moveit2/install/hello_moveit/lib/hello_moveit/hello_moveit
[9.719s] -- Set runtime path of "/home/robomaven/ws/ws2_moveit2/install/hello_moveit/lib/hello_moveit/hello_moveit" to ""
[9.719s] -- Installing: /home/robomaven/ws/ws2_moveit2/install/hello_moveit/share/ament_index/resource_index/package_run_dependencies/hello_moveit
[9.719s] -- Installing: /home/robomaven/ws/ws2_moveit2/install/hello_moveit/share/ament_index/resource_index/parent_prefix_path/hello_moveit
[9.719s] -- Installing: /home/robomaven/ws/ws2_moveit2/install/hello_moveit/share/hello_moveit/environment/ament_prefix_path.sh
[9.720s] -- Installing: /home/robomaven/ws/ws2_moveit2/install/hello_moveit/share/hello_moveit/environment/ament_prefix_path.dsv
[9.720s] -- Installing: /home/robomaven/ws/ws2_moveit2/install/hello_moveit/share/hello_moveit/environment/path.sh
[9.720s] -- Installing: /home/robomaven/ws/ws2_moveit2/install/hello_moveit/share/hello_moveit/environment/path.dsv
[9.720s] -- Installing: /home/robomaven/ws/ws2_moveit2/install/hello_moveit/share/hello_moveit/local_setup.bash
[9.720s] -- Installing: /home/robomaven/ws/ws2_moveit2/install/hello_moveit/share/hello_moveit/local_setup.sh
[9.720s] -- Installing: /home/robomaven/ws/ws2_moveit2/install/hello_moveit/share/hello_moveit/local_setup.zsh
[9.720s] -- Installing: /home/robomaven/ws/ws2_moveit2/install/hello_moveit/share/hello_moveit/local_setup.dsv
[9.720s] -- Installing: /home/robomaven/ws/ws2_moveit2/install/hello_moveit/share/hello_moveit/package.dsv
[9.720s] -- Installing: /home/robomaven/ws/ws2_moveit2/install/hello_moveit/share/ament_index/resource_index/packages/hello_moveit
[9.720s] -- Installing: /home/robomaven/ws/ws2_moveit2/install/hello_moveit/share/hello_moveit/cmake/hello_moveitConfig.cmake
[9.720s] -- Installing: /home/robomaven/ws/ws2_moveit2/install/hello_moveit/share/hello_moveit/cmake/hello_moveitConfig-version.cmake
[9.720s] -- Installing: /home/robomaven/ws/ws2_moveit2/install/hello_moveit/share/hello_moveit/package.xml
[9.722s] Invoked command in '/home/robomaven/ws/ws2_moveit2/build/hello_moveit' returned '0': CMAKE_PREFIX_PATH=${CMAKE_PREFIX_PATH}:/home/robomaven/ws/ws_moveit2/install/moveit_configs_utils:/home/robomaven/ws/ws_moveit2/install/launch_param_builder:/opt/ros/humble /usr/bin/cmake --install /home/robomaven/ws/ws2_moveit2/build/hello_moveit
