[0.009s] Invoking command in '/home/robomaven/ws/ros2_ws3/build/lifecycle_cpp': CMAKE_PREFIX_PATH=${CMAKE_PREFIX_PATH}:/home/robomaven/ws/ros2_ws3/install/actions_py:/opt/ros/humble /usr/bin/cmake /home/robomaven/ws/ros2_ws3/src/lifecycle_cpp -DCMAKE_INSTALL_PREFIX=/home/robomaven/ws/ros2_ws3/install/lifecycle_cpp
[0.045s] -- The C compiler identification is GNU 11.4.0
[0.087s] -- The CXX compiler identification is GNU 11.4.0
[0.091s] -- Detecting C compiler ABI info
[0.136s] -- Detecting C compiler ABI info - done
[0.145s] -- Check for working C compiler: /usr/bin/cc - skipped
[0.145s] -- Detecting C compile features
[0.146s] -- Detecting C compile features - done
[0.149s] -- Detecting CXX compiler ABI info
[0.203s] -- Detecting CXX compiler ABI info - done
[0.208s] -- Check for working CXX compiler: /usr/bin/c++ - skipped
[0.208s] -- Detecting CXX compile features
[0.209s] -- Detecting CXX compile features - done
[0.210s] -- Found ament_cmake: 1.3.9 (/opt/ros/humble/share/ament_cmake/cmake)
[0.311s] -- Found Python3: /usr/bin/python3 (found version "3.10.12") found components: Interpreter 
[0.367s] -- Found rclcpp: 16.0.9 (/opt/ros/humble/share/rclcpp/cmake)
[0.395s] -- Found rosidl_generator_c: 3.1.5 (/opt/ros/humble/share/rosidl_generator_c/cmake)
[0.398s] -- Found rosidl_adapter: 3.1.5 (/opt/ros/humble/share/rosidl_adapter/cmake)
[0.404s] -- Found rosidl_generator_cpp: 3.1.5 (/opt/ros/humble/share/rosidl_generator_cpp/cmake)
[0.413s] -- Using all available rosidl_typesupport_c: rosidl_typesupport_fastrtps_c;rosidl_typesupport_introspection_c
[0.425s] -- Using all available rosidl_typesupport_cpp: rosidl_typesupport_fastrtps_cpp;rosidl_typesupport_introspection_cpp
[0.470s] -- Found rmw_implementation_cmake: 6.1.2 (/opt/ros/humble/share/rmw_implementation_cmake/cmake)
[0.472s] -- Found rmw_fastrtps_cpp: 6.2.6 (/opt/ros/humble/share/rmw_fastrtps_cpp/cmake)
[0.534s] -- Found OpenSSL: /usr/lib/x86_64-linux-gnu/libcrypto.so (found version "3.0.2")  
[0.550s] -- Found FastRTPS: /opt/ros/humble/include  
[0.581s] -- Using RMW implementation 'rmw_fastrtps_cpp' as default
[0.587s] -- Looking for pthread.h
[0.633s] -- Looking for pthread.h - found
[0.633s] -- Performing Test CMAKE_HAVE_LIBC_PTHREAD
[0.681s] -- Performing Test CMAKE_HAVE_LIBC_PTHREAD - Success
[0.682s] -- Found Threads: TRUE  
[0.791s] -- Found example_interfaces: 0.9.3 (/opt/ros/humble/share/example_interfaces/cmake)
[0.927s] -- Configuring done
[0.932s] -- Generating done
[0.933s] -- Build files have been written to: /home/robomaven/ws/ros2_ws3/build/lifecycle_cpp
[0.939s] Invoked command in '/home/robomaven/ws/ros2_ws3/build/lifecycle_cpp' returned '0': CMAKE_PREFIX_PATH=${CMAKE_PREFIX_PATH}:/home/robomaven/ws/ros2_ws3/install/actions_py:/opt/ros/humble /usr/bin/cmake /home/robomaven/ws/ros2_ws3/src/lifecycle_cpp -DCMAKE_INSTALL_PREFIX=/home/robomaven/ws/ros2_ws3/install/lifecycle_cpp
[0.939s] Invoking command in '/home/robomaven/ws/ros2_ws3/build/lifecycle_cpp': CMAKE_PREFIX_PATH=${CMAKE_PREFIX_PATH}:/home/robomaven/ws/ros2_ws3/install/actions_py:/opt/ros/humble /usr/bin/cmake --build /home/robomaven/ws/ros2_ws3/build/lifecycle_cpp -- -j20 -l20
[0.975s] [ 50%] [32mBuilding CXX object CMakeFiles/number_publisher.dir/src/number_publisher.cpp.o[0m
[3.483s] [100%] [32m[1mLinking CXX executable number_publisher[0m
[3.602s] [100%] Built target number_publisher
[3.610s] Invoked command in '/home/robomaven/ws/ros2_ws3/build/lifecycle_cpp' returned '0': CMAKE_PREFIX_PATH=${CMAKE_PREFIX_PATH}:/home/robomaven/ws/ros2_ws3/install/actions_py:/opt/ros/humble /usr/bin/cmake --build /home/robomaven/ws/ros2_ws3/build/lifecycle_cpp -- -j20 -l20
[3.629s] Invoking command in '/home/robomaven/ws/ros2_ws3/build/lifecycle_cpp': CMAKE_PREFIX_PATH=${CMAKE_PREFIX_PATH}:/home/robomaven/ws/ros2_ws3/install/actions_py:/opt/ros/humble /usr/bin/cmake --install /home/robomaven/ws/ros2_ws3/build/lifecycle_cpp
[3.637s] -- Install configuration: ""
[3.637s] -- Installing: /home/robomaven/ws/ros2_ws3/install/lifecycle_cpp/lib/lifecycle_cpp/number_publisher
[3.638s] -- Set runtime path of "/home/robomaven/ws/ros2_ws3/install/lifecycle_cpp/lib/lifecycle_cpp/number_publisher" to ""
[3.638s] -- Installing: /home/robomaven/ws/ros2_ws3/install/lifecycle_cpp/share/ament_index/resource_index/package_run_dependencies/lifecycle_cpp
[3.638s] -- Installing: /home/robomaven/ws/ros2_ws3/install/lifecycle_cpp/share/ament_index/resource_index/parent_prefix_path/lifecycle_cpp
[3.638s] -- Installing: /home/robomaven/ws/ros2_ws3/install/lifecycle_cpp/share/lifecycle_cpp/environment/ament_prefix_path.sh
[3.638s] -- Installing: /home/robomaven/ws/ros2_ws3/install/lifecycle_cpp/share/lifecycle_cpp/environment/ament_prefix_path.dsv
[3.638s] -- Installing: /home/robomaven/ws/ros2_ws3/install/lifecycle_cpp/share/lifecycle_cpp/environment/path.sh
[3.639s] -- Installing: /home/robomaven/ws/ros2_ws3/install/lifecycle_cpp/share/lifecycle_cpp/environment/path.dsv
[3.639s] -- Installing: /home/robomaven/ws/ros2_ws3/install/lifecycle_cpp/share/lifecycle_cpp/local_setup.bash
[3.639s] -- Installing: /home/robomaven/ws/ros2_ws3/install/lifecycle_cpp/share/lifecycle_cpp/local_setup.sh
[3.639s] -- Installing: /home/robomaven/ws/ros2_ws3/install/lifecycle_cpp/share/lifecycle_cpp/local_setup.zsh
[3.639s] -- Installing: /home/robomaven/ws/ros2_ws3/install/lifecycle_cpp/share/lifecycle_cpp/local_setup.dsv
[3.639s] -- Installing: /home/robomaven/ws/ros2_ws3/install/lifecycle_cpp/share/lifecycle_cpp/package.dsv
[3.639s] -- Installing: /home/robomaven/ws/ros2_ws3/install/lifecycle_cpp/share/ament_index/resource_index/packages/lifecycle_cpp
[3.639s] -- Installing: /home/robomaven/ws/ros2_ws3/install/lifecycle_cpp/share/lifecycle_cpp/cmake/lifecycle_cppConfig.cmake
[3.639s] -- Installing: /home/robomaven/ws/ros2_ws3/install/lifecycle_cpp/share/lifecycle_cpp/cmake/lifecycle_cppConfig-version.cmake
[3.639s] -- Installing: /home/robomaven/ws/ros2_ws3/install/lifecycle_cpp/share/lifecycle_cpp/package.xml
[3.641s] Invoked command in '/home/robomaven/ws/ros2_ws3/build/lifecycle_cpp' returned '0': CMAKE_PREFIX_PATH=${CMAKE_PREFIX_PATH}:/home/robomaven/ws/ros2_ws3/install/actions_py:/opt/ros/humble /usr/bin/cmake --install /home/robomaven/ws/ros2_ws3/build/lifecycle_cpp
