[0.015s] Invoking command in '/home/robomaven/activity1_ws/build/activity1_interfaces': CMAKE_PREFIX_PATH=${CMAKE_PREFIX_PATH}:/home/robomaven/ros2_ws/install/my_py_pkg:/home/robomaven/activity1_ws/install/activity1_py_pkg:/opt/ros/humble /usr/bin/cmake --build /home/robomaven/activity1_ws/build/activity1_interfaces -- -j20 -l20
[0.047s] -- Found ament_cmake: 1.3.8 (/opt/ros/humble/share/ament_cmake/cmake)
[0.139s] -- Found rosidl_default_generators: 1.2.0 (/opt/ros/humble/share/rosidl_default_generators/cmake)
[0.140s] -- Using all available rosidl_typesupport_c: rosidl_typesupport_fastrtps_c;rosidl_typesupport_introspection_c
[0.142s] -- Found rosidl_adapter: 3.1.5 (/opt/ros/humble/share/rosidl_adapter/cmake)
[0.161s] -- Using all available rosidl_typesupport_cpp: rosidl_typesupport_fastrtps_cpp;rosidl_typesupport_introspection_cpp
[0.344s] -- Found ament_cmake_ros: 0.10.0 (/opt/ros/humble/share/ament_cmake_ros/cmake)
[0.496s] -- Using all available rosidl_typesupport_c: rosidl_typesupport_fastrtps_c;rosidl_typesupport_introspection_c
[0.660s] -- Using all available rosidl_typesupport_cpp: rosidl_typesupport_fastrtps_cpp;rosidl_typesupport_introspection_cpp
[0.676s] -- Found python_cmake_module: 0.10.0 (/opt/ros/humble/share/python_cmake_module/cmake)
[0.691s] -- Using PYTHON_EXECUTABLE: /usr/bin/python3
[0.691s] -- Using PYTHON_INCLUDE_DIRS: /usr/include/python3.10
[0.692s] -- Using PYTHON_LIBRARIES: /usr/lib/x86_64-linux-gnu/libpython3.10.so
[0.704s] -- Configuring done
[0.728s] -- Generating done
[0.730s] -- Build files have been written to: /home/robomaven/activity1_ws/build/activity1_interfaces
[0.749s] [35m[1mConsolidate compiler generated dependencies of target activity1_interfaces__rosidl_generator_c[0m
[0.755s] [  2%] Built target activity1_interfaces__cpp
[0.755s] [ 12%] Built target activity1_interfaces__rosidl_generator_c
[0.764s] [35m[1mConsolidate compiler generated dependencies of target activity1_interfaces__rosidl_typesupport_cpp[0m
[0.765s] [35m[1mConsolidate compiler generated dependencies of target activity1_interfaces__rosidl_typesupport_introspection_cpp[0m
[0.765s] [35m[1mConsolidate compiler generated dependencies of target activity1_interfaces__rosidl_typesupport_fastrtps_cpp[0m
[0.765s] [35m[1mConsolidate compiler generated dependencies of target activity1_interfaces__rosidl_typesupport_introspection_c[0m
[0.765s] [35m[1mConsolidate compiler generated dependencies of target activity1_interfaces__rosidl_typesupport_c[0m
[0.765s] [35m[1mConsolidate compiler generated dependencies of target activity1_interfaces__rosidl_typesupport_fastrtps_c[0m
[0.771s] [ 12%] Built target ament_cmake_python_copy_activity1_interfaces
[0.775s] [ 23%] Built target activity1_interfaces__rosidl_typesupport_c
[0.777s] [ 33%] Built target activity1_interfaces__rosidl_typesupport_cpp
[0.777s] [ 43%] Built target activity1_interfaces__rosidl_typesupport_introspection_cpp
[0.778s] [ 53%] Built target activity1_interfaces__rosidl_typesupport_fastrtps_cpp
[0.778s] [ 64%] Built target activity1_interfaces__rosidl_typesupport_fastrtps_c
[0.779s] [ 74%] Built target activity1_interfaces__rosidl_typesupport_introspection_c
[0.791s] [ 74%] Built target activity1_interfaces
[0.805s] [ 76%] Built target activity1_interfaces__py
[0.812s] [35m[1mConsolidate compiler generated dependencies of target activity1_interfaces__rosidl_generator_py[0m
[0.822s] [ 84%] Built target activity1_interfaces__rosidl_generator_py
[0.829s] [35m[1mConsolidate compiler generated dependencies of target activity1_interfaces__rosidl_typesupport_introspection_c__pyext[0m
[0.829s] [35m[1mConsolidate compiler generated dependencies of target activity1_interfaces__rosidl_typesupport_fastrtps_c__pyext[0m
[0.829s] [35m[1mConsolidate compiler generated dependencies of target activity1_interfaces__rosidl_typesupport_c__pyext[0m
[0.837s] [ 94%] Built target activity1_interfaces__rosidl_typesupport_c__pyext
[0.837s] [ 97%] Built target activity1_interfaces__rosidl_typesupport_introspection_c__pyext
[0.837s] [100%] Built target activity1_interfaces__rosidl_typesupport_fastrtps_c__pyext
[0.921s] running egg_info
[0.921s] writing activity1_interfaces.egg-info/PKG-INFO
[0.921s] writing dependency_links to activity1_interfaces.egg-info/dependency_links.txt
[0.921s] writing top-level names to activity1_interfaces.egg-info/top_level.txt
[0.923s] reading manifest file 'activity1_interfaces.egg-info/SOURCES.txt'
[0.923s] writing manifest file 'activity1_interfaces.egg-info/SOURCES.txt'
[0.939s] [100%] Built target ament_cmake_python_build_activity1_interfaces_egg
[0.947s] Invoked command in '/home/robomaven/activity1_ws/build/activity1_interfaces' returned '0': CMAKE_PREFIX_PATH=${CMAKE_PREFIX_PATH}:/home/robomaven/ros2_ws/install/my_py_pkg:/home/robomaven/activity1_ws/install/activity1_py_pkg:/opt/ros/humble /usr/bin/cmake --build /home/robomaven/activity1_ws/build/activity1_interfaces -- -j20 -l20
[1.027s] Invoking command in '/home/robomaven/activity1_ws/build/activity1_interfaces': CMAKE_PREFIX_PATH=${CMAKE_PREFIX_PATH}:/home/robomaven/ros2_ws/install/my_py_pkg:/home/robomaven/activity1_ws/install/activity1_py_pkg:/opt/ros/humble /usr/bin/cmake --install /home/robomaven/activity1_ws/build/activity1_interfaces
[1.036s] -- Install configuration: ""
[1.036s] -- Up-to-date: /home/robomaven/activity1_ws/install/activity1_interfaces/share/ament_index/resource_index/rosidl_interfaces/activity1_interfaces
[1.036s] -- Up-to-date: /home/robomaven/activity1_ws/install/activity1_interfaces/include/activity1_interfaces/activity1_interfaces
[1.036s] -- Up-to-date: /home/robomaven/activity1_ws/install/activity1_interfaces/include/activity1_interfaces/activity1_interfaces/srv
[1.036s] -- Up-to-date: /home/robomaven/activity1_ws/install/activity1_interfaces/include/activity1_interfaces/activity1_interfaces/srv/set_led.h
[1.036s] -- Up-to-date: /home/robomaven/activity1_ws/install/activity1_interfaces/include/activity1_interfaces/activity1_interfaces/srv/detail
[1.036s] -- Up-to-date: /home/robomaven/activity1_ws/install/activity1_interfaces/include/activity1_interfaces/activity1_interfaces/srv/detail/set_led__type_support.h
[1.036s] -- Up-to-date: /home/robomaven/activity1_ws/install/activity1_interfaces/include/activity1_interfaces/activity1_interfaces/srv/detail/set_led__functions.h
[1.036s] -- Up-to-date: /home/robomaven/activity1_ws/install/activity1_interfaces/include/activity1_interfaces/activity1_interfaces/srv/detail/set_led__struct.h
[1.036s] -- Up-to-date: /home/robomaven/activity1_ws/install/activity1_interfaces/include/activity1_interfaces/activity1_interfaces/srv/detail/set_led__functions.c
[1.036s] -- Up-to-date: /home/robomaven/activity1_ws/install/activity1_interfaces/include/activity1_interfaces/activity1_interfaces/msg
[1.036s] -- Up-to-date: /home/robomaven/activity1_ws/install/activity1_interfaces/include/activity1_interfaces/activity1_interfaces/msg/rosidl_generator_c__visibility_control.h
[1.036s] -- Up-to-date: /home/robomaven/activity1_ws/install/activity1_interfaces/include/activity1_interfaces/activity1_interfaces/msg/detail
[1.036s] -- Up-to-date: /home/robomaven/activity1_ws/install/activity1_interfaces/include/activity1_interfaces/activity1_interfaces/msg/detail/panel__type_support.h
[1.037s] -- Up-to-date: /home/robomaven/activity1_ws/install/activity1_interfaces/include/activity1_interfaces/activity1_interfaces/msg/detail/panel__functions.c
[1.037s] -- Up-to-date: /home/robomaven/activity1_ws/install/activity1_interfaces/include/activity1_interfaces/activity1_interfaces/msg/detail/panel__functions.h
[1.037s] -- Up-to-date: /home/robomaven/activity1_ws/install/activity1_interfaces/include/activity1_interfaces/activity1_interfaces/msg/detail/panel__struct.h
[1.037s] -- Up-to-date: /home/robomaven/activity1_ws/install/activity1_interfaces/include/activity1_interfaces/activity1_interfaces/msg/panel.h
[1.037s] -- Up-to-date: /home/robomaven/activity1_ws/install/activity1_interfaces/share/activity1_interfaces/environment/library_path.sh
[1.037s] -- Installing: /home/robomaven/activity1_ws/install/activity1_interfaces/share/activity1_interfaces/environment/library_path.dsv
[1.037s] -- Up-to-date: /home/robomaven/activity1_ws/install/activity1_interfaces/lib/libactivity1_interfaces__rosidl_generator_c.so
[1.037s] -- Up-to-date: /home/robomaven/activity1_ws/install/activity1_interfaces/include/activity1_interfaces/activity1_interfaces
[1.037s] -- Up-to-date: /home/robomaven/activity1_ws/install/activity1_interfaces/include/activity1_interfaces/activity1_interfaces/srv
[1.037s] -- Up-to-date: /home/robomaven/activity1_ws/install/activity1_interfaces/include/activity1_interfaces/activity1_interfaces/srv/detail
[1.037s] -- Up-to-date: /home/robomaven/activity1_ws/install/activity1_interfaces/include/activity1_interfaces/activity1_interfaces/srv/detail/set_led__rosidl_typesupport_fastrtps_c.h
[1.037s] -- Up-to-date: /home/robomaven/activity1_ws/install/activity1_interfaces/include/activity1_interfaces/activity1_interfaces/msg
[1.037s] -- Up-to-date: /home/robomaven/activity1_ws/install/activity1_interfaces/include/activity1_interfaces/activity1_interfaces/msg/detail
[1.037s] -- Up-to-date: /home/robomaven/activity1_ws/install/activity1_interfaces/include/activity1_interfaces/activity1_interfaces/msg/detail/panel__rosidl_typesupport_fastrtps_c.h
[1.037s] -- Up-to-date: /home/robomaven/activity1_ws/install/activity1_interfaces/include/activity1_interfaces/activity1_interfaces/msg/rosidl_typesupport_fastrtps_c__visibility_control.h
[1.037s] -- Up-to-date: /home/robomaven/activity1_ws/install/activity1_interfaces/lib/libactivity1_interfaces__rosidl_typesupport_fastrtps_c.so
[1.038s] -- Up-to-date: /home/robomaven/activity1_ws/install/activity1_interfaces/include/activity1_interfaces/activity1_interfaces
[1.038s] -- Up-to-date: /home/robomaven/activity1_ws/install/activity1_interfaces/include/activity1_interfaces/activity1_interfaces/srv
[1.038s] -- Up-to-date: /home/robomaven/activity1_ws/install/activity1_interfaces/include/activity1_interfaces/activity1_interfaces/srv/detail
[1.038s] -- Up-to-date: /home/robomaven/activity1_ws/install/activity1_interfaces/include/activity1_interfaces/activity1_interfaces/srv/detail/set_led__rosidl_typesupport_introspection_c.h
[1.038s] -- Up-to-date: /home/robomaven/activity1_ws/install/activity1_interfaces/include/activity1_interfaces/activity1_interfaces/srv/detail/set_led__type_support.c
[1.038s] -- Up-to-date: /home/robomaven/activity1_ws/install/activity1_interfaces/include/activity1_interfaces/activity1_interfaces/msg
[1.038s] -- Up-to-date: /home/robomaven/activity1_ws/install/activity1_interfaces/include/activity1_interfaces/activity1_interfaces/msg/rosidl_typesupport_introspection_c__visibility_control.h
[1.038s] -- Up-to-date: /home/robomaven/activity1_ws/install/activity1_interfaces/include/activity1_interfaces/activity1_interfaces/msg/detail
[1.038s] -- Up-to-date: /home/robomaven/activity1_ws/install/activity1_interfaces/include/activity1_interfaces/activity1_interfaces/msg/detail/panel__type_support.c
[1.038s] -- Up-to-date: /home/robomaven/activity1_ws/install/activity1_interfaces/include/activity1_interfaces/activity1_interfaces/msg/detail/panel__rosidl_typesupport_introspection_c.h
[1.038s] -- Up-to-date: /home/robomaven/activity1_ws/install/activity1_interfaces/lib/libactivity1_interfaces__rosidl_typesupport_introspection_c.so
[1.038s] -- Up-to-date: /home/robomaven/activity1_ws/install/activity1_interfaces/lib/libactivity1_interfaces__rosidl_typesupport_c.so
[1.038s] -- Up-to-date: /home/robomaven/activity1_ws/install/activity1_interfaces/include/activity1_interfaces/activity1_interfaces
[1.038s] -- Up-to-date: /home/robomaven/activity1_ws/install/activity1_interfaces/include/activity1_interfaces/activity1_interfaces/srv
[1.038s] -- Up-to-date: /home/robomaven/activity1_ws/install/activity1_interfaces/include/activity1_interfaces/activity1_interfaces/srv/set_led.hpp
[1.038s] -- Up-to-date: /home/robomaven/activity1_ws/install/activity1_interfaces/include/activity1_interfaces/activity1_interfaces/srv/detail
[1.038s] -- Up-to-date: /home/robomaven/activity1_ws/install/activity1_interfaces/include/activity1_interfaces/activity1_interfaces/srv/detail/set_led__builder.hpp
[1.039s] -- Up-to-date: /home/robomaven/activity1_ws/install/activity1_interfaces/include/activity1_interfaces/activity1_interfaces/srv/detail/set_led__traits.hpp
[1.039s] -- Up-to-date: /home/robomaven/activity1_ws/install/activity1_interfaces/include/activity1_interfaces/activity1_interfaces/srv/detail/set_led__struct.hpp
[1.039s] -- Up-to-date: /home/robomaven/activity1_ws/install/activity1_interfaces/include/activity1_interfaces/activity1_interfaces/msg
[1.039s] -- Up-to-date: /home/robomaven/activity1_ws/install/activity1_interfaces/include/activity1_interfaces/activity1_interfaces/msg/panel.hpp
[1.039s] -- Up-to-date: /home/robomaven/activity1_ws/install/activity1_interfaces/include/activity1_interfaces/activity1_interfaces/msg/detail
[1.039s] -- Up-to-date: /home/robomaven/activity1_ws/install/activity1_interfaces/include/activity1_interfaces/activity1_interfaces/msg/detail/panel__builder.hpp
[1.039s] -- Up-to-date: /home/robomaven/activity1_ws/install/activity1_interfaces/include/activity1_interfaces/activity1_interfaces/msg/detail/panel__traits.hpp
[1.039s] -- Up-to-date: /home/robomaven/activity1_ws/install/activity1_interfaces/include/activity1_interfaces/activity1_interfaces/msg/detail/panel__struct.hpp
[1.039s] -- Up-to-date: /home/robomaven/activity1_ws/install/activity1_interfaces/include/activity1_interfaces/activity1_interfaces
[1.039s] -- Up-to-date: /home/robomaven/activity1_ws/install/activity1_interfaces/include/activity1_interfaces/activity1_interfaces/srv
[1.039s] -- Up-to-date: /home/robomaven/activity1_ws/install/activity1_interfaces/include/activity1_interfaces/activity1_interfaces/srv/detail
[1.039s] -- Up-to-date: /home/robomaven/activity1_ws/install/activity1_interfaces/include/activity1_interfaces/activity1_interfaces/srv/detail/dds_fastrtps
[1.039s] -- Up-to-date: /home/robomaven/activity1_ws/install/activity1_interfaces/include/activity1_interfaces/activity1_interfaces/srv/detail/set_led__rosidl_typesupport_fastrtps_cpp.hpp
[1.039s] -- Up-to-date: /home/robomaven/activity1_ws/install/activity1_interfaces/include/activity1_interfaces/activity1_interfaces/msg
[1.039s] -- Up-to-date: /home/robomaven/activity1_ws/install/activity1_interfaces/include/activity1_interfaces/activity1_interfaces/msg/rosidl_typesupport_fastrtps_cpp__visibility_control.h
[1.040s] -- Up-to-date: /home/robomaven/activity1_ws/install/activity1_interfaces/include/activity1_interfaces/activity1_interfaces/msg/detail
[1.040s] -- Up-to-date: /home/robomaven/activity1_ws/install/activity1_interfaces/include/activity1_interfaces/activity1_interfaces/msg/detail/dds_fastrtps
[1.040s] -- Up-to-date: /home/robomaven/activity1_ws/install/activity1_interfaces/include/activity1_interfaces/activity1_interfaces/msg/detail/panel__rosidl_typesupport_fastrtps_cpp.hpp
[1.040s] -- Up-to-date: /home/robomaven/activity1_ws/install/activity1_interfaces/lib/libactivity1_interfaces__rosidl_typesupport_fastrtps_cpp.so
[1.040s] -- Up-to-date: /home/robomaven/activity1_ws/install/activity1_interfaces/include/activity1_interfaces/activity1_interfaces
[1.040s] -- Up-to-date: /home/robomaven/activity1_ws/install/activity1_interfaces/include/activity1_interfaces/activity1_interfaces/srv
[1.040s] -- Up-to-date: /home/robomaven/activity1_ws/install/activity1_interfaces/include/activity1_interfaces/activity1_interfaces/srv/detail
[1.040s] -- Up-to-date: /home/robomaven/activity1_ws/install/activity1_interfaces/include/activity1_interfaces/activity1_interfaces/srv/detail/set_led__type_support.cpp
[1.040s] -- Up-to-date: /home/robomaven/activity1_ws/install/activity1_interfaces/include/activity1_interfaces/activity1_interfaces/srv/detail/set_led__rosidl_typesupport_introspection_cpp.hpp
[1.040s] -- Up-to-date: /home/robomaven/activity1_ws/install/activity1_interfaces/include/activity1_interfaces/activity1_interfaces/msg
[1.040s] -- Up-to-date: /home/robomaven/activity1_ws/install/activity1_interfaces/include/activity1_interfaces/activity1_interfaces/msg/detail
[1.040s] -- Up-to-date: /home/robomaven/activity1_ws/install/activity1_interfaces/include/activity1_interfaces/activity1_interfaces/msg/detail/panel__rosidl_typesupport_introspection_cpp.hpp
[1.040s] -- Up-to-date: /home/robomaven/activity1_ws/install/activity1_interfaces/include/activity1_interfaces/activity1_interfaces/msg/detail/panel__type_support.cpp
[1.040s] -- Up-to-date: /home/robomaven/activity1_ws/install/activity1_interfaces/lib/libactivity1_interfaces__rosidl_typesupport_introspection_cpp.so
[1.040s] -- Up-to-date: /home/robomaven/activity1_ws/install/activity1_interfaces/lib/libactivity1_interfaces__rosidl_typesupport_cpp.so
[1.040s] -- Up-to-date: /home/robomaven/activity1_ws/install/activity1_interfaces/share/activity1_interfaces/environment/pythonpath.sh
[1.040s] -- Installing: /home/robomaven/activity1_ws/install/activity1_interfaces/share/activity1_interfaces/environment/pythonpath.dsv
[1.040s] -- Up-to-date: /home/robomaven/activity1_ws/install/activity1_interfaces/local/lib/python3.10/dist-packages/activity1_interfaces-0.0.0-py3.10.egg-info
[1.041s] -- Installing: /home/robomaven/activity1_ws/install/activity1_interfaces/local/lib/python3.10/dist-packages/activity1_interfaces-0.0.0-py3.10.egg-info/top_level.txt
[1.041s] -- Installing: /home/robomaven/activity1_ws/install/activity1_interfaces/local/lib/python3.10/dist-packages/activity1_interfaces-0.0.0-py3.10.egg-info/PKG-INFO
[1.041s] -- Installing: /home/robomaven/activity1_ws/install/activity1_interfaces/local/lib/python3.10/dist-packages/activity1_interfaces-0.0.0-py3.10.egg-info/SOURCES.txt
[1.041s] -- Installing: /home/robomaven/activity1_ws/install/activity1_interfaces/local/lib/python3.10/dist-packages/activity1_interfaces-0.0.0-py3.10.egg-info/dependency_links.txt
[1.041s] -- Up-to-date: /home/robomaven/activity1_ws/install/activity1_interfaces/local/lib/python3.10/dist-packages/activity1_interfaces
[1.041s] -- Up-to-date: /home/robomaven/activity1_ws/install/activity1_interfaces/local/lib/python3.10/dist-packages/activity1_interfaces/srv
[1.041s] -- Up-to-date: /home/robomaven/activity1_ws/install/activity1_interfaces/local/lib/python3.10/dist-packages/activity1_interfaces/srv/_set_led_s.c
[1.041s] -- Up-to-date: /home/robomaven/activity1_ws/install/activity1_interfaces/local/lib/python3.10/dist-packages/activity1_interfaces/srv/__init__.py
[1.041s] -- Up-to-date: /home/robomaven/activity1_ws/install/activity1_interfaces/local/lib/python3.10/dist-packages/activity1_interfaces/srv/_set_led.py
[1.041s] -- Up-to-date: /home/robomaven/activity1_ws/install/activity1_interfaces/local/lib/python3.10/dist-packages/activity1_interfaces/msg
[1.041s] -- Up-to-date: /home/robomaven/activity1_ws/install/activity1_interfaces/local/lib/python3.10/dist-packages/activity1_interfaces/msg/_panel.py
[1.041s] -- Up-to-date: /home/robomaven/activity1_ws/install/activity1_interfaces/local/lib/python3.10/dist-packages/activity1_interfaces/msg/__init__.py
[1.041s] -- Up-to-date: /home/robomaven/activity1_ws/install/activity1_interfaces/local/lib/python3.10/dist-packages/activity1_interfaces/msg/_panel_s.c
[1.041s] -- Up-to-date: /home/robomaven/activity1_ws/install/activity1_interfaces/local/lib/python3.10/dist-packages/activity1_interfaces/_activity1_interfaces_s.ep.rosidl_typesupport_introspection_c.c
[1.041s] -- Up-to-date: /home/robomaven/activity1_ws/install/activity1_interfaces/local/lib/python3.10/dist-packages/activity1_interfaces/libactivity1_interfaces__rosidl_generator_py.so
[1.041s] -- Up-to-date: /home/robomaven/activity1_ws/install/activity1_interfaces/local/lib/python3.10/dist-packages/activity1_interfaces/_activity1_interfaces_s.ep.rosidl_typesupport_fastrtps_c.c
[1.041s] -- Up-to-date: /home/robomaven/activity1_ws/install/activity1_interfaces/local/lib/python3.10/dist-packages/activity1_interfaces/activity1_interfaces_s__rosidl_typesupport_fastrtps_c.cpython-310-x86_64-linux-gnu.so
[1.041s] -- Up-to-date: /home/robomaven/activity1_ws/install/activity1_interfaces/local/lib/python3.10/dist-packages/activity1_interfaces/activity1_interfaces_s__rosidl_typesupport_introspection_c.cpython-310-x86_64-linux-gnu.so
[1.041s] -- Up-to-date: /home/robomaven/activity1_ws/install/activity1_interfaces/local/lib/python3.10/dist-packages/activity1_interfaces/_activity1_interfaces_s.ep.rosidl_typesupport_c.c
[1.041s] -- Installing: /home/robomaven/activity1_ws/install/activity1_interfaces/local/lib/python3.10/dist-packages/activity1_interfaces/__init__.py
[1.041s] -- Up-to-date: /home/robomaven/activity1_ws/install/activity1_interfaces/local/lib/python3.10/dist-packages/activity1_interfaces/activity1_interfaces_s__rosidl_typesupport_c.cpython-310-x86_64-linux-gnu.so
[1.077s] Listing '/home/robomaven/activity1_ws/install/activity1_interfaces/local/lib/python3.10/dist-packages/activity1_interfaces'...
[1.077s] Compiling '/home/robomaven/activity1_ws/install/activity1_interfaces/local/lib/python3.10/dist-packages/activity1_interfaces/__init__.py'...
[1.077s] Listing '/home/robomaven/activity1_ws/install/activity1_interfaces/local/lib/python3.10/dist-packages/activity1_interfaces/msg'...
[1.077s] Listing '/home/robomaven/activity1_ws/install/activity1_interfaces/local/lib/python3.10/dist-packages/activity1_interfaces/srv'...
[1.081s] -- Up-to-date: /home/robomaven/activity1_ws/install/activity1_interfaces/local/lib/python3.10/dist-packages/activity1_interfaces/activity1_interfaces_s__rosidl_typesupport_fastrtps_c.cpython-310-x86_64-linux-gnu.so
[1.081s] -- Up-to-date: /home/robomaven/activity1_ws/install/activity1_interfaces/local/lib/python3.10/dist-packages/activity1_interfaces/activity1_interfaces_s__rosidl_typesupport_introspection_c.cpython-310-x86_64-linux-gnu.so
[1.081s] -- Up-to-date: /home/robomaven/activity1_ws/install/activity1_interfaces/local/lib/python3.10/dist-packages/activity1_interfaces/activity1_interfaces_s__rosidl_typesupport_c.cpython-310-x86_64-linux-gnu.so
[1.081s] -- Up-to-date: /home/robomaven/activity1_ws/install/activity1_interfaces/lib/libactivity1_interfaces__rosidl_generator_py.so
[1.081s] -- Up-to-date: /home/robomaven/activity1_ws/install/activity1_interfaces/share/activity1_interfaces/msg/Panel.idl
[1.081s] -- Up-to-date: /home/robomaven/activity1_ws/install/activity1_interfaces/share/activity1_interfaces/srv/SetLED.idl
[1.081s] -- Up-to-date: /home/robomaven/activity1_ws/install/activity1_interfaces/share/activity1_interfaces/msg/Panel.msg
[1.081s] -- Up-to-date: /home/robomaven/activity1_ws/install/activity1_interfaces/share/activity1_interfaces/srv/SetLED.srv
[1.081s] -- Up-to-date: /home/robomaven/activity1_ws/install/activity1_interfaces/share/activity1_interfaces/srv/SetLED_Request.msg
[1.081s] -- Up-to-date: /home/robomaven/activity1_ws/install/activity1_interfaces/share/activity1_interfaces/srv/SetLED_Response.msg
[1.081s] -- Up-to-date: /home/robomaven/activity1_ws/install/activity1_interfaces/share/ament_index/resource_index/package_run_dependencies/activity1_interfaces
[1.081s] -- Installing: /home/robomaven/activity1_ws/install/activity1_interfaces/share/ament_index/resource_index/parent_prefix_path/activity1_interfaces
[1.081s] -- Up-to-date: /home/robomaven/activity1_ws/install/activity1_interfaces/share/activity1_interfaces/environment/ament_prefix_path.sh
[1.082s] -- Installing: /home/robomaven/activity1_ws/install/activity1_interfaces/share/activity1_interfaces/environment/ament_prefix_path.dsv
[1.082s] -- Up-to-date: /home/robomaven/activity1_ws/install/activity1_interfaces/share/activity1_interfaces/environment/path.sh
[1.082s] -- Installing: /home/robomaven/activity1_ws/install/activity1_interfaces/share/activity1_interfaces/environment/path.dsv
[1.082s] -- Up-to-date: /home/robomaven/activity1_ws/install/activity1_interfaces/share/activity1_interfaces/local_setup.bash
[1.082s] -- Up-to-date: /home/robomaven/activity1_ws/install/activity1_interfaces/share/activity1_interfaces/local_setup.sh
[1.082s] -- Up-to-date: /home/robomaven/activity1_ws/install/activity1_interfaces/share/activity1_interfaces/local_setup.zsh
[1.082s] -- Installing: /home/robomaven/activity1_ws/install/activity1_interfaces/share/activity1_interfaces/local_setup.dsv
[1.082s] -- Installing: /home/robomaven/activity1_ws/install/activity1_interfaces/share/activity1_interfaces/package.dsv
[1.082s] -- Up-to-date: /home/robomaven/activity1_ws/install/activity1_interfaces/share/ament_index/resource_index/packages/activity1_interfaces
[1.082s] -- Up-to-date: /home/robomaven/activity1_ws/install/activity1_interfaces/share/activity1_interfaces/cmake/export_activity1_interfaces__rosidl_generator_cExport.cmake
[1.082s] -- Up-to-date: /home/robomaven/activity1_ws/install/activity1_interfaces/share/activity1_interfaces/cmake/export_activity1_interfaces__rosidl_generator_cExport-noconfig.cmake
[1.082s] -- Up-to-date: /home/robomaven/activity1_ws/install/activity1_interfaces/share/activity1_interfaces/cmake/export_activity1_interfaces__rosidl_typesupport_fastrtps_cExport.cmake
[1.082s] -- Up-to-date: /home/robomaven/activity1_ws/install/activity1_interfaces/share/activity1_interfaces/cmake/export_activity1_interfaces__rosidl_typesupport_fastrtps_cExport-noconfig.cmake
[1.082s] -- Up-to-date: /home/robomaven/activity1_ws/install/activity1_interfaces/share/activity1_interfaces/cmake/activity1_interfaces__rosidl_typesupport_introspection_cExport.cmake
[1.082s] -- Up-to-date: /home/robomaven/activity1_ws/install/activity1_interfaces/share/activity1_interfaces/cmake/activity1_interfaces__rosidl_typesupport_introspection_cExport-noconfig.cmake
[1.082s] -- Up-to-date: /home/robomaven/activity1_ws/install/activity1_interfaces/share/activity1_interfaces/cmake/activity1_interfaces__rosidl_typesupport_cExport.cmake
[1.082s] -- Up-to-date: /home/robomaven/activity1_ws/install/activity1_interfaces/share/activity1_interfaces/cmake/activity1_interfaces__rosidl_typesupport_cExport-noconfig.cmake
[1.082s] -- Up-to-date: /home/robomaven/activity1_ws/install/activity1_interfaces/share/activity1_interfaces/cmake/export_activity1_interfaces__rosidl_generator_cppExport.cmake
[1.082s] -- Up-to-date: /home/robomaven/activity1_ws/install/activity1_interfaces/share/activity1_interfaces/cmake/export_activity1_interfaces__rosidl_typesupport_fastrtps_cppExport.cmake
[1.082s] -- Up-to-date: /home/robomaven/activity1_ws/install/activity1_interfaces/share/activity1_interfaces/cmake/export_activity1_interfaces__rosidl_typesupport_fastrtps_cppExport-noconfig.cmake
[1.082s] -- Up-to-date: /home/robomaven/activity1_ws/install/activity1_interfaces/share/activity1_interfaces/cmake/activity1_interfaces__rosidl_typesupport_introspection_cppExport.cmake
[1.082s] -- Up-to-date: /home/robomaven/activity1_ws/install/activity1_interfaces/share/activity1_interfaces/cmake/activity1_interfaces__rosidl_typesupport_introspection_cppExport-noconfig.cmake
[1.082s] -- Up-to-date: /home/robomaven/activity1_ws/install/activity1_interfaces/share/activity1_interfaces/cmake/activity1_interfaces__rosidl_typesupport_cppExport.cmake
[1.082s] -- Up-to-date: /home/robomaven/activity1_ws/install/activity1_interfaces/share/activity1_interfaces/cmake/activity1_interfaces__rosidl_typesupport_cppExport-noconfig.cmake
[1.082s] -- Up-to-date: /home/robomaven/activity1_ws/install/activity1_interfaces/share/activity1_interfaces/cmake/export_activity1_interfaces__rosidl_generator_pyExport.cmake
[1.082s] -- Up-to-date: /home/robomaven/activity1_ws/install/activity1_interfaces/share/activity1_interfaces/cmake/export_activity1_interfaces__rosidl_generator_pyExport-noconfig.cmake
[1.082s] -- Up-to-date: /home/robomaven/activity1_ws/install/activity1_interfaces/share/activity1_interfaces/cmake/rosidl_cmake-extras.cmake
[1.083s] -- Up-to-date: /home/robomaven/activity1_ws/install/activity1_interfaces/share/activity1_interfaces/cmake/ament_cmake_export_include_directories-extras.cmake
[1.083s] -- Up-to-date: /home/robomaven/activity1_ws/install/activity1_interfaces/share/activity1_interfaces/cmake/ament_cmake_export_libraries-extras.cmake
[1.083s] -- Up-to-date: /home/robomaven/activity1_ws/install/activity1_interfaces/share/activity1_interfaces/cmake/ament_cmake_export_targets-extras.cmake
[1.083s] -- Up-to-date: /home/robomaven/activity1_ws/install/activity1_interfaces/share/activity1_interfaces/cmake/rosidl_cmake_export_typesupport_targets-extras.cmake
[1.083s] -- Up-to-date: /home/robomaven/activity1_ws/install/activity1_interfaces/share/activity1_interfaces/cmake/ament_cmake_export_dependencies-extras.cmake
[1.083s] -- Up-to-date: /home/robomaven/activity1_ws/install/activity1_interfaces/share/activity1_interfaces/cmake/rosidl_cmake_export_typesupport_libraries-extras.cmake
[1.083s] -- Up-to-date: /home/robomaven/activity1_ws/install/activity1_interfaces/share/activity1_interfaces/cmake/activity1_interfacesConfig.cmake
[1.083s] -- Up-to-date: /home/robomaven/activity1_ws/install/activity1_interfaces/share/activity1_interfaces/cmake/activity1_interfacesConfig-version.cmake
[1.083s] -- Up-to-date: /home/robomaven/activity1_ws/install/activity1_interfaces/share/activity1_interfaces/package.xml
[1.084s] Invoked command in '/home/robomaven/activity1_ws/build/activity1_interfaces' returned '0': CMAKE_PREFIX_PATH=${CMAKE_PREFIX_PATH}:/home/robomaven/ros2_ws/install/my_py_pkg:/home/robomaven/activity1_ws/install/activity1_py_pkg:/opt/ros/humble /usr/bin/cmake --install /home/robomaven/activity1_ws/build/activity1_interfaces
