[0.063s] DEBUG:colcon:Command line arguments: ['/usr/bin/colcon', 'build']
[0.063s] DEBUG:colcon:Parsed command line arguments: Namespace(log_base=None, log_level=None, verb_name='build', build_base='build', install_base='install', merge_install=False, symlink_install=False, test_result_base=None, continue_on_error=False, executor='parallel', parallel_workers=20, event_handlers=None, ignore_user_meta=False, metas=['./colcon.meta'], base_paths=['.'], packages_ignore=None, packages_ignore_regex=None, paths=None, packages_up_to=None, packages_up_to_regex=None, packages_above=None, packages_above_and_dependencies=None, packages_above_depth=None, packages_select_by_dep=None, packages_skip_by_dep=None, packages_skip_up_to=None, packages_select_build_failed=False, packages_skip_build_finished=False, packages_select_test_failures=False, packages_skip_test_passed=False, packages_select=None, packages_skip=None, packages_select_regex=None, packages_skip_regex=None, packages_start=None, packages_end=None, allow_overriding=[], cmake_args=None, cmake_target=None, cmake_target_skip_unavailable=False, cmake_clean_cache=False, cmake_clean_first=False, cmake_force_configure=False, ament_cmake_args=None, catkin_cmake_args=None, catkin_skip_building_tests=False, verb_parser=<colcon_defaults.argument_parser.defaults.DefaultArgumentsDecorator object at 0x7c3cc9834e80>, verb_extension=<colcon_core.verb.build.BuildVerb object at 0x7c3cc9834970>, main=<bound method BuildVerb.main of <colcon_core.verb.build.BuildVerb object at 0x7c3cc9834970>>)
[0.168s] Level 1:colcon.colcon_core.package_discovery:discover_packages(colcon_meta) check parameters
[0.168s] Level 1:colcon.colcon_core.package_discovery:discover_packages(recursive) check parameters
[0.168s] Level 1:colcon.colcon_core.package_discovery:discover_packages(ignore) check parameters
[0.168s] Level 1:colcon.colcon_core.package_discovery:discover_packages(path) check parameters
[0.168s] Level 1:colcon.colcon_core.package_discovery:discover_packages(colcon_meta) discover
[0.168s] Level 1:colcon.colcon_core.package_discovery:discover_packages(recursive) discover
[0.168s] INFO:colcon.colcon_core.package_discovery:Crawling recursively for packages in '/home/robomaven/open_manipulator_ws'
[0.168s] Level 1:colcon.colcon_core.package_identification:_identify(.) by extensions ['ignore', 'ignore_ament_install']
[0.168s] Level 1:colcon.colcon_core.package_identification:_identify(.) by extension 'ignore'
[0.168s] Level 1:colcon.colcon_core.package_identification:_identify(.) by extension 'ignore_ament_install'
[0.168s] Level 1:colcon.colcon_core.package_identification:_identify(.) by extensions ['colcon_pkg']
[0.168s] Level 1:colcon.colcon_core.package_identification:_identify(.) by extension 'colcon_pkg'
[0.168s] Level 1:colcon.colcon_core.package_identification:_identify(.) by extensions ['colcon_meta']
[0.168s] Level 1:colcon.colcon_core.package_identification:_identify(.) by extension 'colcon_meta'
[0.168s] Level 1:colcon.colcon_core.package_identification:_identify(.) by extensions ['ros']
[0.168s] Level 1:colcon.colcon_core.package_identification:_identify(.) by extension 'ros'
[0.175s] Level 1:colcon.colcon_core.package_identification:_identify(.) by extensions ['cmake', 'python']
[0.175s] Level 1:colcon.colcon_core.package_identification:_identify(.) by extension 'cmake'
[0.175s] Level 1:colcon.colcon_core.package_identification:_identify(.) by extension 'python'
[0.175s] Level 1:colcon.colcon_core.package_identification:_identify(.) by extensions ['python_setup_py']
[0.175s] Level 1:colcon.colcon_core.package_identification:_identify(.) by extension 'python_setup_py'
[0.175s] Level 1:colcon.colcon_core.package_identification:_identify(build) by extensions ['ignore', 'ignore_ament_install']
[0.175s] Level 1:colcon.colcon_core.package_identification:_identify(build) by extension 'ignore'
[0.175s] Level 1:colcon.colcon_core.package_identification:_identify(build) ignored
[0.175s] Level 1:colcon.colcon_core.package_identification:_identify(install) by extensions ['ignore', 'ignore_ament_install']
[0.175s] Level 1:colcon.colcon_core.package_identification:_identify(install) by extension 'ignore'
[0.175s] Level 1:colcon.colcon_core.package_identification:_identify(install) ignored
[0.175s] Level 1:colcon.colcon_core.package_identification:_identify(log) by extensions ['ignore', 'ignore_ament_install']
[0.175s] Level 1:colcon.colcon_core.package_identification:_identify(log) by extension 'ignore'
[0.175s] Level 1:colcon.colcon_core.package_identification:_identify(log) ignored
[0.176s] Level 1:colcon.colcon_core.package_identification:_identify(src) by extensions ['ignore', 'ignore_ament_install']
[0.176s] Level 1:colcon.colcon_core.package_identification:_identify(src) by extension 'ignore'
[0.176s] Level 1:colcon.colcon_core.package_identification:_identify(src) by extension 'ignore_ament_install'
[0.176s] Level 1:colcon.colcon_core.package_identification:_identify(src) by extensions ['colcon_pkg']
[0.176s] Level 1:colcon.colcon_core.package_identification:_identify(src) by extension 'colcon_pkg'
[0.176s] Level 1:colcon.colcon_core.package_identification:_identify(src) by extensions ['colcon_meta']
[0.176s] Level 1:colcon.colcon_core.package_identification:_identify(src) by extension 'colcon_meta'
[0.176s] Level 1:colcon.colcon_core.package_identification:_identify(src) by extensions ['ros']
[0.176s] Level 1:colcon.colcon_core.package_identification:_identify(src) by extension 'ros'
[0.176s] Level 1:colcon.colcon_core.package_identification:_identify(src) by extensions ['cmake', 'python']
[0.176s] Level 1:colcon.colcon_core.package_identification:_identify(src) by extension 'cmake'
[0.176s] Level 1:colcon.colcon_core.package_identification:_identify(src) by extension 'python'
[0.176s] Level 1:colcon.colcon_core.package_identification:_identify(src) by extensions ['python_setup_py']
[0.176s] Level 1:colcon.colcon_core.package_identification:_identify(src) by extension 'python_setup_py'
[0.176s] Level 1:colcon.colcon_core.package_identification:_identify(src/dynamixel-workbench) by extensions ['ignore', 'ignore_ament_install']
[0.176s] Level 1:colcon.colcon_core.package_identification:_identify(src/dynamixel-workbench) by extension 'ignore'
[0.176s] Level 1:colcon.colcon_core.package_identification:_identify(src/dynamixel-workbench) by extension 'ignore_ament_install'
[0.176s] Level 1:colcon.colcon_core.package_identification:_identify(src/dynamixel-workbench) by extensions ['colcon_pkg']
[0.176s] Level 1:colcon.colcon_core.package_identification:_identify(src/dynamixel-workbench) by extension 'colcon_pkg'
[0.176s] Level 1:colcon.colcon_core.package_identification:_identify(src/dynamixel-workbench) by extensions ['colcon_meta']
[0.176s] Level 1:colcon.colcon_core.package_identification:_identify(src/dynamixel-workbench) by extension 'colcon_meta'
[0.176s] Level 1:colcon.colcon_core.package_identification:_identify(src/dynamixel-workbench) by extensions ['ros']
[0.176s] Level 1:colcon.colcon_core.package_identification:_identify(src/dynamixel-workbench) by extension 'ros'
[0.176s] Level 1:colcon.colcon_core.package_identification:_identify(src/dynamixel-workbench) by extensions ['cmake', 'python']
[0.176s] Level 1:colcon.colcon_core.package_identification:_identify(src/dynamixel-workbench) by extension 'cmake'
[0.176s] Level 1:colcon.colcon_core.package_identification:_identify(src/dynamixel-workbench) by extension 'python'
[0.176s] Level 1:colcon.colcon_core.package_identification:_identify(src/dynamixel-workbench) by extensions ['python_setup_py']
[0.176s] Level 1:colcon.colcon_core.package_identification:_identify(src/dynamixel-workbench) by extension 'python_setup_py'
[0.176s] Level 1:colcon.colcon_core.package_identification:_identify(src/dynamixel-workbench/dynamixel_workbench) by extensions ['ignore', 'ignore_ament_install']
[0.176s] Level 1:colcon.colcon_core.package_identification:_identify(src/dynamixel-workbench/dynamixel_workbench) by extension 'ignore'
[0.176s] Level 1:colcon.colcon_core.package_identification:_identify(src/dynamixel-workbench/dynamixel_workbench) by extension 'ignore_ament_install'
[0.176s] Level 1:colcon.colcon_core.package_identification:_identify(src/dynamixel-workbench/dynamixel_workbench) by extensions ['colcon_pkg']
[0.176s] Level 1:colcon.colcon_core.package_identification:_identify(src/dynamixel-workbench/dynamixel_workbench) by extension 'colcon_pkg'
[0.176s] Level 1:colcon.colcon_core.package_identification:_identify(src/dynamixel-workbench/dynamixel_workbench) by extensions ['colcon_meta']
[0.176s] Level 1:colcon.colcon_core.package_identification:_identify(src/dynamixel-workbench/dynamixel_workbench) by extension 'colcon_meta'
[0.176s] Level 1:colcon.colcon_core.package_identification:_identify(src/dynamixel-workbench/dynamixel_workbench) by extensions ['ros']
[0.176s] Level 1:colcon.colcon_core.package_identification:_identify(src/dynamixel-workbench/dynamixel_workbench) by extension 'ros'
[0.178s] DEBUG:colcon.colcon_core.package_identification:Package 'src/dynamixel-workbench/dynamixel_workbench' with type 'ros.ament_cmake' and name 'dynamixel_workbench'
[0.178s] Level 1:colcon.colcon_core.package_identification:_identify(src/dynamixel-workbench/dynamixel_workbench_toolbox) by extensions ['ignore', 'ignore_ament_install']
[0.178s] Level 1:colcon.colcon_core.package_identification:_identify(src/dynamixel-workbench/dynamixel_workbench_toolbox) by extension 'ignore'
[0.178s] Level 1:colcon.colcon_core.package_identification:_identify(src/dynamixel-workbench/dynamixel_workbench_toolbox) by extension 'ignore_ament_install'
[0.178s] Level 1:colcon.colcon_core.package_identification:_identify(src/dynamixel-workbench/dynamixel_workbench_toolbox) by extensions ['colcon_pkg']
[0.178s] Level 1:colcon.colcon_core.package_identification:_identify(src/dynamixel-workbench/dynamixel_workbench_toolbox) by extension 'colcon_pkg'
[0.178s] Level 1:colcon.colcon_core.package_identification:_identify(src/dynamixel-workbench/dynamixel_workbench_toolbox) by extensions ['colcon_meta']
[0.178s] Level 1:colcon.colcon_core.package_identification:_identify(src/dynamixel-workbench/dynamixel_workbench_toolbox) by extension 'colcon_meta'
[0.178s] Level 1:colcon.colcon_core.package_identification:_identify(src/dynamixel-workbench/dynamixel_workbench_toolbox) by extensions ['ros']
[0.178s] Level 1:colcon.colcon_core.package_identification:_identify(src/dynamixel-workbench/dynamixel_workbench_toolbox) by extension 'ros'
[0.179s] DEBUG:colcon.colcon_core.package_identification:Package 'src/dynamixel-workbench/dynamixel_workbench_toolbox' with type 'ros.ament_cmake' and name 'dynamixel_workbench_toolbox'
[0.179s] Level 1:colcon.colcon_core.package_identification:_identify(src/open_manipulator) by extensions ['ignore', 'ignore_ament_install']
[0.179s] Level 1:colcon.colcon_core.package_identification:_identify(src/open_manipulator) by extension 'ignore'
[0.179s] Level 1:colcon.colcon_core.package_identification:_identify(src/open_manipulator) by extension 'ignore_ament_install'
[0.179s] Level 1:colcon.colcon_core.package_identification:_identify(src/open_manipulator) by extensions ['colcon_pkg']
[0.179s] Level 1:colcon.colcon_core.package_identification:_identify(src/open_manipulator) by extension 'colcon_pkg'
[0.179s] Level 1:colcon.colcon_core.package_identification:_identify(src/open_manipulator) by extensions ['colcon_meta']
[0.179s] Level 1:colcon.colcon_core.package_identification:_identify(src/open_manipulator) by extension 'colcon_meta'
[0.179s] Level 1:colcon.colcon_core.package_identification:_identify(src/open_manipulator) by extensions ['ros']
[0.179s] Level 1:colcon.colcon_core.package_identification:_identify(src/open_manipulator) by extension 'ros'
[0.179s] Level 1:colcon.colcon_core.package_identification:_identify(src/open_manipulator) by extensions ['cmake', 'python']
[0.179s] Level 1:colcon.colcon_core.package_identification:_identify(src/open_manipulator) by extension 'cmake'
[0.179s] Level 1:colcon.colcon_core.package_identification:_identify(src/open_manipulator) by extension 'python'
[0.179s] Level 1:colcon.colcon_core.package_identification:_identify(src/open_manipulator) by extensions ['python_setup_py']
[0.179s] Level 1:colcon.colcon_core.package_identification:_identify(src/open_manipulator) by extension 'python_setup_py'
[0.179s] Level 1:colcon.colcon_core.package_identification:_identify(src/open_manipulator/open_manipulator) by extensions ['ignore', 'ignore_ament_install']
[0.179s] Level 1:colcon.colcon_core.package_identification:_identify(src/open_manipulator/open_manipulator) by extension 'ignore'
[0.179s] Level 1:colcon.colcon_core.package_identification:_identify(src/open_manipulator/open_manipulator) by extension 'ignore_ament_install'
[0.179s] Level 1:colcon.colcon_core.package_identification:_identify(src/open_manipulator/open_manipulator) by extensions ['colcon_pkg']
[0.179s] Level 1:colcon.colcon_core.package_identification:_identify(src/open_manipulator/open_manipulator) by extension 'colcon_pkg'
[0.179s] Level 1:colcon.colcon_core.package_identification:_identify(src/open_manipulator/open_manipulator) by extensions ['colcon_meta']
[0.179s] Level 1:colcon.colcon_core.package_identification:_identify(src/open_manipulator/open_manipulator) by extension 'colcon_meta'
[0.179s] Level 1:colcon.colcon_core.package_identification:_identify(src/open_manipulator/open_manipulator) by extensions ['ros']
[0.179s] Level 1:colcon.colcon_core.package_identification:_identify(src/open_manipulator/open_manipulator) by extension 'ros'
[0.180s] DEBUG:colcon.colcon_core.package_identification:Package 'src/open_manipulator/open_manipulator' with type 'ros.ament_cmake' and name 'open_manipulator'
[0.180s] Level 1:colcon.colcon_core.package_identification:_identify(src/open_manipulator/open_manipulator_x_controller) by extensions ['ignore', 'ignore_ament_install']
[0.180s] Level 1:colcon.colcon_core.package_identification:_identify(src/open_manipulator/open_manipulator_x_controller) by extension 'ignore'
[0.180s] Level 1:colcon.colcon_core.package_identification:_identify(src/open_manipulator/open_manipulator_x_controller) by extension 'ignore_ament_install'
[0.180s] Level 1:colcon.colcon_core.package_identification:_identify(src/open_manipulator/open_manipulator_x_controller) by extensions ['colcon_pkg']
[0.180s] Level 1:colcon.colcon_core.package_identification:_identify(src/open_manipulator/open_manipulator_x_controller) by extension 'colcon_pkg'
[0.180s] Level 1:colcon.colcon_core.package_identification:_identify(src/open_manipulator/open_manipulator_x_controller) by extensions ['colcon_meta']
[0.180s] Level 1:colcon.colcon_core.package_identification:_identify(src/open_manipulator/open_manipulator_x_controller) by extension 'colcon_meta'
[0.180s] Level 1:colcon.colcon_core.package_identification:_identify(src/open_manipulator/open_manipulator_x_controller) by extensions ['ros']
[0.180s] Level 1:colcon.colcon_core.package_identification:_identify(src/open_manipulator/open_manipulator_x_controller) by extension 'ros'
[0.181s] DEBUG:colcon.colcon_core.package_identification:Package 'src/open_manipulator/open_manipulator_x_controller' with type 'ros.ament_cmake' and name 'open_manipulator_x_controller'
[0.181s] Level 1:colcon.colcon_core.package_identification:_identify(src/open_manipulator/open_manipulator_x_description) by extensions ['ignore', 'ignore_ament_install']
[0.181s] Level 1:colcon.colcon_core.package_identification:_identify(src/open_manipulator/open_manipulator_x_description) by extension 'ignore'
[0.181s] Level 1:colcon.colcon_core.package_identification:_identify(src/open_manipulator/open_manipulator_x_description) by extension 'ignore_ament_install'
[0.181s] Level 1:colcon.colcon_core.package_identification:_identify(src/open_manipulator/open_manipulator_x_description) by extensions ['colcon_pkg']
[0.181s] Level 1:colcon.colcon_core.package_identification:_identify(src/open_manipulator/open_manipulator_x_description) by extension 'colcon_pkg'
[0.181s] Level 1:colcon.colcon_core.package_identification:_identify(src/open_manipulator/open_manipulator_x_description) by extensions ['colcon_meta']
[0.181s] Level 1:colcon.colcon_core.package_identification:_identify(src/open_manipulator/open_manipulator_x_description) by extension 'colcon_meta'
[0.181s] Level 1:colcon.colcon_core.package_identification:_identify(src/open_manipulator/open_manipulator_x_description) by extensions ['ros']
[0.181s] Level 1:colcon.colcon_core.package_identification:_identify(src/open_manipulator/open_manipulator_x_description) by extension 'ros'
[0.182s] DEBUG:colcon.colcon_core.package_identification:Package 'src/open_manipulator/open_manipulator_x_description' with type 'ros.ament_cmake' and name 'open_manipulator_x_description'
[0.182s] Level 1:colcon.colcon_core.package_identification:_identify(src/open_manipulator/open_manipulator_x_libs) by extensions ['ignore', 'ignore_ament_install']
[0.182s] Level 1:colcon.colcon_core.package_identification:_identify(src/open_manipulator/open_manipulator_x_libs) by extension 'ignore'
[0.182s] Level 1:colcon.colcon_core.package_identification:_identify(src/open_manipulator/open_manipulator_x_libs) by extension 'ignore_ament_install'
[0.182s] Level 1:colcon.colcon_core.package_identification:_identify(src/open_manipulator/open_manipulator_x_libs) by extensions ['colcon_pkg']
[0.182s] Level 1:colcon.colcon_core.package_identification:_identify(src/open_manipulator/open_manipulator_x_libs) by extension 'colcon_pkg'
[0.182s] Level 1:colcon.colcon_core.package_identification:_identify(src/open_manipulator/open_manipulator_x_libs) by extensions ['colcon_meta']
[0.182s] Level 1:colcon.colcon_core.package_identification:_identify(src/open_manipulator/open_manipulator_x_libs) by extension 'colcon_meta'
[0.182s] Level 1:colcon.colcon_core.package_identification:_identify(src/open_manipulator/open_manipulator_x_libs) by extensions ['ros']
[0.182s] Level 1:colcon.colcon_core.package_identification:_identify(src/open_manipulator/open_manipulator_x_libs) by extension 'ros'
[0.183s] DEBUG:colcon.colcon_core.package_identification:Package 'src/open_manipulator/open_manipulator_x_libs' with type 'ros.ament_cmake' and name 'open_manipulator_x_libs'
[0.183s] Level 1:colcon.colcon_core.package_identification:_identify(src/open_manipulator/open_manipulator_x_teleop) by extensions ['ignore', 'ignore_ament_install']
[0.183s] Level 1:colcon.colcon_core.package_identification:_identify(src/open_manipulator/open_manipulator_x_teleop) by extension 'ignore'
[0.183s] Level 1:colcon.colcon_core.package_identification:_identify(src/open_manipulator/open_manipulator_x_teleop) by extension 'ignore_ament_install'
[0.183s] Level 1:colcon.colcon_core.package_identification:_identify(src/open_manipulator/open_manipulator_x_teleop) by extensions ['colcon_pkg']
[0.183s] Level 1:colcon.colcon_core.package_identification:_identify(src/open_manipulator/open_manipulator_x_teleop) by extension 'colcon_pkg'
[0.183s] Level 1:colcon.colcon_core.package_identification:_identify(src/open_manipulator/open_manipulator_x_teleop) by extensions ['colcon_meta']
[0.183s] Level 1:colcon.colcon_core.package_identification:_identify(src/open_manipulator/open_manipulator_x_teleop) by extension 'colcon_meta'
[0.183s] Level 1:colcon.colcon_core.package_identification:_identify(src/open_manipulator/open_manipulator_x_teleop) by extensions ['ros']
[0.183s] Level 1:colcon.colcon_core.package_identification:_identify(src/open_manipulator/open_manipulator_x_teleop) by extension 'ros'
[0.183s] DEBUG:colcon.colcon_core.package_identification:Package 'src/open_manipulator/open_manipulator_x_teleop' with type 'ros.ament_python' and name 'open_manipulator_x_teleop'
[0.183s] Level 1:colcon.colcon_core.package_discovery:discover_packages(recursive) using defaults
[0.183s] Level 1:colcon.colcon_core.package_discovery:discover_packages(ignore) discover
[0.183s] Level 1:colcon.colcon_core.package_discovery:discover_packages(ignore) using defaults
[0.183s] Level 1:colcon.colcon_core.package_discovery:discover_packages(path) discover
[0.183s] Level 1:colcon.colcon_core.package_discovery:discover_packages(path) using defaults
[0.201s] Level 1:colcon.colcon_core.package_discovery:discover_packages(prefix_path) check parameters
[0.201s] Level 1:colcon.colcon_core.package_discovery:discover_packages(prefix_path) discover
[0.202s] DEBUG:colcon.colcon_installed_package_information.package_discovery:Found 2 installed packages in /home/robomaven/ros2_ws3/install
[0.202s] DEBUG:colcon.colcon_installed_package_information.package_discovery:Found 4 installed packages in /home/robomaven/activity1_ws/install
[0.203s] DEBUG:colcon.colcon_installed_package_information.package_discovery:Found 2 installed packages in /home/robomaven/ros2_ws2/install
[0.203s] DEBUG:colcon.colcon_installed_package_information.package_discovery:Found 397 installed packages in /opt/ros/humble
[0.205s] Level 1:colcon.colcon_core.package_discovery:discover_packages(prefix_path) using defaults
[0.232s] Level 5:colcon.colcon_core.verb:set package 'dynamixel_workbench_toolbox' build argument 'cmake_args' from command line to 'None'
[0.232s] Level 5:colcon.colcon_core.verb:set package 'dynamixel_workbench_toolbox' build argument 'cmake_target' from command line to 'None'
[0.232s] Level 5:colcon.colcon_core.verb:set package 'dynamixel_workbench_toolbox' build argument 'cmake_target_skip_unavailable' from command line to 'False'
[0.232s] Level 5:colcon.colcon_core.verb:set package 'dynamixel_workbench_toolbox' build argument 'cmake_clean_cache' from command line to 'False'
[0.232s] Level 5:colcon.colcon_core.verb:set package 'dynamixel_workbench_toolbox' build argument 'cmake_clean_first' from command line to 'False'
[0.232s] Level 5:colcon.colcon_core.verb:set package 'dynamixel_workbench_toolbox' build argument 'cmake_force_configure' from command line to 'False'
[0.232s] Level 5:colcon.colcon_core.verb:set package 'dynamixel_workbench_toolbox' build argument 'ament_cmake_args' from command line to 'None'
[0.232s] Level 5:colcon.colcon_core.verb:set package 'dynamixel_workbench_toolbox' build argument 'catkin_cmake_args' from command line to 'None'
[0.232s] Level 5:colcon.colcon_core.verb:set package 'dynamixel_workbench_toolbox' build argument 'catkin_skip_building_tests' from command line to 'False'
[0.232s] DEBUG:colcon.colcon_core.verb:Building package 'dynamixel_workbench_toolbox' with the following arguments: {'ament_cmake_args': None, 'build_base': '/home/robomaven/open_manipulator_ws/build/dynamixel_workbench_toolbox', 'catkin_cmake_args': None, 'catkin_skip_building_tests': False, 'cmake_args': None, 'cmake_clean_cache': False, 'cmake_clean_first': False, 'cmake_force_configure': False, 'cmake_target': None, 'cmake_target_skip_unavailable': False, 'install_base': '/home/robomaven/open_manipulator_ws/install/dynamixel_workbench_toolbox', 'merge_install': False, 'path': '/home/robomaven/open_manipulator_ws/src/dynamixel-workbench/dynamixel_workbench_toolbox', 'symlink_install': False, 'test_result_base': None}
[0.232s] Level 5:colcon.colcon_core.verb:set package 'open_manipulator_x_description' build argument 'cmake_args' from command line to 'None'
[0.232s] Level 5:colcon.colcon_core.verb:set package 'open_manipulator_x_description' build argument 'cmake_target' from command line to 'None'
[0.232s] Level 5:colcon.colcon_core.verb:set package 'open_manipulator_x_description' build argument 'cmake_target_skip_unavailable' from command line to 'False'
[0.232s] Level 5:colcon.colcon_core.verb:set package 'open_manipulator_x_description' build argument 'cmake_clean_cache' from command line to 'False'
[0.232s] Level 5:colcon.colcon_core.verb:set package 'open_manipulator_x_description' build argument 'cmake_clean_first' from command line to 'False'
[0.232s] Level 5:colcon.colcon_core.verb:set package 'open_manipulator_x_description' build argument 'cmake_force_configure' from command line to 'False'
[0.233s] Level 5:colcon.colcon_core.verb:set package 'open_manipulator_x_description' build argument 'ament_cmake_args' from command line to 'None'
[0.233s] Level 5:colcon.colcon_core.verb:set package 'open_manipulator_x_description' build argument 'catkin_cmake_args' from command line to 'None'
[0.233s] Level 5:colcon.colcon_core.verb:set package 'open_manipulator_x_description' build argument 'catkin_skip_building_tests' from command line to 'False'
[0.233s] DEBUG:colcon.colcon_core.verb:Building package 'open_manipulator_x_description' with the following arguments: {'ament_cmake_args': None, 'build_base': '/home/robomaven/open_manipulator_ws/build/open_manipulator_x_description', 'catkin_cmake_args': None, 'catkin_skip_building_tests': False, 'cmake_args': None, 'cmake_clean_cache': False, 'cmake_clean_first': False, 'cmake_force_configure': False, 'cmake_target': None, 'cmake_target_skip_unavailable': False, 'install_base': '/home/robomaven/open_manipulator_ws/install/open_manipulator_x_description', 'merge_install': False, 'path': '/home/robomaven/open_manipulator_ws/src/open_manipulator/open_manipulator_x_description', 'symlink_install': False, 'test_result_base': None}
[0.233s] Level 5:colcon.colcon_core.verb:set package 'open_manipulator_x_teleop' build argument 'cmake_args' from command line to 'None'
[0.233s] Level 5:colcon.colcon_core.verb:set package 'open_manipulator_x_teleop' build argument 'cmake_target' from command line to 'None'
[0.233s] Level 5:colcon.colcon_core.verb:set package 'open_manipulator_x_teleop' build argument 'cmake_target_skip_unavailable' from command line to 'False'
[0.233s] Level 5:colcon.colcon_core.verb:set package 'open_manipulator_x_teleop' build argument 'cmake_clean_cache' from command line to 'False'
[0.233s] Level 5:colcon.colcon_core.verb:set package 'open_manipulator_x_teleop' build argument 'cmake_clean_first' from command line to 'False'
[0.233s] Level 5:colcon.colcon_core.verb:set package 'open_manipulator_x_teleop' build argument 'cmake_force_configure' from command line to 'False'
[0.233s] Level 5:colcon.colcon_core.verb:set package 'open_manipulator_x_teleop' build argument 'ament_cmake_args' from command line to 'None'
[0.233s] Level 5:colcon.colcon_core.verb:set package 'open_manipulator_x_teleop' build argument 'catkin_cmake_args' from command line to 'None'
[0.233s] Level 5:colcon.colcon_core.verb:set package 'open_manipulator_x_teleop' build argument 'catkin_skip_building_tests' from command line to 'False'
[0.233s] DEBUG:colcon.colcon_core.verb:Building package 'open_manipulator_x_teleop' with the following arguments: {'ament_cmake_args': None, 'build_base': '/home/robomaven/open_manipulator_ws/build/open_manipulator_x_teleop', 'catkin_cmake_args': None, 'catkin_skip_building_tests': False, 'cmake_args': None, 'cmake_clean_cache': False, 'cmake_clean_first': False, 'cmake_force_configure': False, 'cmake_target': None, 'cmake_target_skip_unavailable': False, 'install_base': '/home/robomaven/open_manipulator_ws/install/open_manipulator_x_teleop', 'merge_install': False, 'path': '/home/robomaven/open_manipulator_ws/src/open_manipulator/open_manipulator_x_teleop', 'symlink_install': False, 'test_result_base': None}
[0.233s] Level 5:colcon.colcon_core.verb:set package 'dynamixel_workbench' build argument 'cmake_args' from command line to 'None'
[0.233s] Level 5:colcon.colcon_core.verb:set package 'dynamixel_workbench' build argument 'cmake_target' from command line to 'None'
[0.233s] Level 5:colcon.colcon_core.verb:set package 'dynamixel_workbench' build argument 'cmake_target_skip_unavailable' from command line to 'False'
[0.233s] Level 5:colcon.colcon_core.verb:set package 'dynamixel_workbench' build argument 'cmake_clean_cache' from command line to 'False'
[0.233s] Level 5:colcon.colcon_core.verb:set package 'dynamixel_workbench' build argument 'cmake_clean_first' from command line to 'False'
[0.233s] Level 5:colcon.colcon_core.verb:set package 'dynamixel_workbench' build argument 'cmake_force_configure' from command line to 'False'
[0.233s] Level 5:colcon.colcon_core.verb:set package 'dynamixel_workbench' build argument 'ament_cmake_args' from command line to 'None'
[0.233s] Level 5:colcon.colcon_core.verb:set package 'dynamixel_workbench' build argument 'catkin_cmake_args' from command line to 'None'
[0.233s] Level 5:colcon.colcon_core.verb:set package 'dynamixel_workbench' build argument 'catkin_skip_building_tests' from command line to 'False'
[0.233s] DEBUG:colcon.colcon_core.verb:Building package 'dynamixel_workbench' with the following arguments: {'ament_cmake_args': None, 'build_base': '/home/robomaven/open_manipulator_ws/build/dynamixel_workbench', 'catkin_cmake_args': None, 'catkin_skip_building_tests': False, 'cmake_args': None, 'cmake_clean_cache': False, 'cmake_clean_first': False, 'cmake_force_configure': False, 'cmake_target': None, 'cmake_target_skip_unavailable': False, 'install_base': '/home/robomaven/open_manipulator_ws/install/dynamixel_workbench', 'merge_install': False, 'path': '/home/robomaven/open_manipulator_ws/src/dynamixel-workbench/dynamixel_workbench', 'symlink_install': False, 'test_result_base': None}
[0.233s] Level 5:colcon.colcon_core.verb:set package 'open_manipulator_x_libs' build argument 'cmake_args' from command line to 'None'
[0.233s] Level 5:colcon.colcon_core.verb:set package 'open_manipulator_x_libs' build argument 'cmake_target' from command line to 'None'
[0.233s] Level 5:colcon.colcon_core.verb:set package 'open_manipulator_x_libs' build argument 'cmake_target_skip_unavailable' from command line to 'False'
[0.233s] Level 5:colcon.colcon_core.verb:set package 'open_manipulator_x_libs' build argument 'cmake_clean_cache' from command line to 'False'
[0.233s] Level 5:colcon.colcon_core.verb:set package 'open_manipulator_x_libs' build argument 'cmake_clean_first' from command line to 'False'
[0.233s] Level 5:colcon.colcon_core.verb:set package 'open_manipulator_x_libs' build argument 'cmake_force_configure' from command line to 'False'
[0.233s] Level 5:colcon.colcon_core.verb:set package 'open_manipulator_x_libs' build argument 'ament_cmake_args' from command line to 'None'
[0.233s] Level 5:colcon.colcon_core.verb:set package 'open_manipulator_x_libs' build argument 'catkin_cmake_args' from command line to 'None'
[0.233s] Level 5:colcon.colcon_core.verb:set package 'open_manipulator_x_libs' build argument 'catkin_skip_building_tests' from command line to 'False'
[0.233s] DEBUG:colcon.colcon_core.verb:Building package 'open_manipulator_x_libs' with the following arguments: {'ament_cmake_args': None, 'build_base': '/home/robomaven/open_manipulator_ws/build/open_manipulator_x_libs', 'catkin_cmake_args': None, 'catkin_skip_building_tests': False, 'cmake_args': None, 'cmake_clean_cache': False, 'cmake_clean_first': False, 'cmake_force_configure': False, 'cmake_target': None, 'cmake_target_skip_unavailable': False, 'install_base': '/home/robomaven/open_manipulator_ws/install/open_manipulator_x_libs', 'merge_install': False, 'path': '/home/robomaven/open_manipulator_ws/src/open_manipulator/open_manipulator_x_libs', 'symlink_install': False, 'test_result_base': None}
[0.234s] Level 5:colcon.colcon_core.verb:set package 'open_manipulator_x_controller' build argument 'cmake_args' from command line to 'None'
[0.234s] Level 5:colcon.colcon_core.verb:set package 'open_manipulator_x_controller' build argument 'cmake_target' from command line to 'None'
[0.234s] Level 5:colcon.colcon_core.verb:set package 'open_manipulator_x_controller' build argument 'cmake_target_skip_unavailable' from command line to 'False'
[0.234s] Level 5:colcon.colcon_core.verb:set package 'open_manipulator_x_controller' build argument 'cmake_clean_cache' from command line to 'False'
[0.234s] Level 5:colcon.colcon_core.verb:set package 'open_manipulator_x_controller' build argument 'cmake_clean_first' from command line to 'False'
[0.234s] Level 5:colcon.colcon_core.verb:set package 'open_manipulator_x_controller' build argument 'cmake_force_configure' from command line to 'False'
[0.234s] Level 5:colcon.colcon_core.verb:set package 'open_manipulator_x_controller' build argument 'ament_cmake_args' from command line to 'None'
[0.234s] Level 5:colcon.colcon_core.verb:set package 'open_manipulator_x_controller' build argument 'catkin_cmake_args' from command line to 'None'
[0.234s] Level 5:colcon.colcon_core.verb:set package 'open_manipulator_x_controller' build argument 'catkin_skip_building_tests' from command line to 'False'
[0.234s] DEBUG:colcon.colcon_core.verb:Building package 'open_manipulator_x_controller' with the following arguments: {'ament_cmake_args': None, 'build_base': '/home/robomaven/open_manipulator_ws/build/open_manipulator_x_controller', 'catkin_cmake_args': None, 'catkin_skip_building_tests': False, 'cmake_args': None, 'cmake_clean_cache': False, 'cmake_clean_first': False, 'cmake_force_configure': False, 'cmake_target': None, 'cmake_target_skip_unavailable': False, 'install_base': '/home/robomaven/open_manipulator_ws/install/open_manipulator_x_controller', 'merge_install': False, 'path': '/home/robomaven/open_manipulator_ws/src/open_manipulator/open_manipulator_x_controller', 'symlink_install': False, 'test_result_base': None}
[0.234s] Level 5:colcon.colcon_core.verb:set package 'open_manipulator' build argument 'cmake_args' from command line to 'None'
[0.234s] Level 5:colcon.colcon_core.verb:set package 'open_manipulator' build argument 'cmake_target' from command line to 'None'
[0.234s] Level 5:colcon.colcon_core.verb:set package 'open_manipulator' build argument 'cmake_target_skip_unavailable' from command line to 'False'
[0.234s] Level 5:colcon.colcon_core.verb:set package 'open_manipulator' build argument 'cmake_clean_cache' from command line to 'False'
[0.234s] Level 5:colcon.colcon_core.verb:set package 'open_manipulator' build argument 'cmake_clean_first' from command line to 'False'
[0.234s] Level 5:colcon.colcon_core.verb:set package 'open_manipulator' build argument 'cmake_force_configure' from command line to 'False'
[0.234s] Level 5:colcon.colcon_core.verb:set package 'open_manipulator' build argument 'ament_cmake_args' from command line to 'None'
[0.234s] Level 5:colcon.colcon_core.verb:set package 'open_manipulator' build argument 'catkin_cmake_args' from command line to 'None'
[0.234s] Level 5:colcon.colcon_core.verb:set package 'open_manipulator' build argument 'catkin_skip_building_tests' from command line to 'False'
[0.234s] DEBUG:colcon.colcon_core.verb:Building package 'open_manipulator' with the following arguments: {'ament_cmake_args': None, 'build_base': '/home/robomaven/open_manipulator_ws/build/open_manipulator', 'catkin_cmake_args': None, 'catkin_skip_building_tests': False, 'cmake_args': None, 'cmake_clean_cache': False, 'cmake_clean_first': False, 'cmake_force_configure': False, 'cmake_target': None, 'cmake_target_skip_unavailable': False, 'install_base': '/home/robomaven/open_manipulator_ws/install/open_manipulator', 'merge_install': False, 'path': '/home/robomaven/open_manipulator_ws/src/open_manipulator/open_manipulator', 'symlink_install': False, 'test_result_base': None}
[0.234s] INFO:colcon.colcon_core.executor:Executing jobs using 'parallel' executor
[0.235s] DEBUG:colcon.colcon_parallel_executor.executor.parallel:run_until_complete
[0.235s] INFO:colcon.colcon_ros.task.ament_cmake.build:Building ROS package in '/home/robomaven/open_manipulator_ws/src/dynamixel-workbench/dynamixel_workbench_toolbox' with build type 'ament_cmake'
[0.235s] INFO:colcon.colcon_cmake.task.cmake.build:Building CMake package in '/home/robomaven/open_manipulator_ws/src/dynamixel-workbench/dynamixel_workbench_toolbox'
[0.236s] INFO:colcon.colcon_core.plugin_system:Skipping extension 'colcon_core.shell.bat': Not used on non-Windows systems
[0.237s] INFO:colcon.colcon_core.shell:Skip shell extension 'powershell' for command environment: Not usable outside of PowerShell
[0.237s] DEBUG:colcon.colcon_core.shell:Skip shell extension 'dsv' for command environment
[0.239s] INFO:colcon.colcon_ros.task.ament_cmake.build:Building ROS package in '/home/robomaven/open_manipulator_ws/src/open_manipulator/open_manipulator_x_description' with build type 'ament_cmake'
[0.239s] INFO:colcon.colcon_cmake.task.cmake.build:Building CMake package in '/home/robomaven/open_manipulator_ws/src/open_manipulator/open_manipulator_x_description'
[0.239s] INFO:colcon.colcon_core.shell:Skip shell extension 'powershell' for command environment: Not usable outside of PowerShell
[0.239s] DEBUG:colcon.colcon_core.shell:Skip shell extension 'dsv' for command environment
[0.242s] INFO:colcon.colcon_ros.task.ament_python.build:Building ROS package in '/home/robomaven/open_manipulator_ws/src/open_manipulator/open_manipulator_x_teleop' with build type 'ament_python'
[0.242s] Level 1:colcon.colcon_core.shell:create_environment_hook('open_manipulator_x_teleop', 'ament_prefix_path')
[0.242s] INFO:colcon.colcon_core.shell:Creating environment hook '/home/robomaven/open_manipulator_ws/install/open_manipulator_x_teleop/share/open_manipulator_x_teleop/hook/ament_prefix_path.ps1'
[0.242s] INFO:colcon.colcon_core.shell:Creating environment descriptor '/home/robomaven/open_manipulator_ws/install/open_manipulator_x_teleop/share/open_manipulator_x_teleop/hook/ament_prefix_path.dsv'
[0.243s] INFO:colcon.colcon_core.shell:Creating environment hook '/home/robomaven/open_manipulator_ws/install/open_manipulator_x_teleop/share/open_manipulator_x_teleop/hook/ament_prefix_path.sh'
[0.243s] INFO:colcon.colcon_core.shell:Skip shell extension 'powershell' for command environment: Not usable outside of PowerShell
[0.243s] DEBUG:colcon.colcon_core.shell:Skip shell extension 'dsv' for command environment
[0.248s] DEBUG:colcon.colcon_core.event_handler.log_command:Invoking command in '/home/robomaven/open_manipulator_ws/build/dynamixel_workbench_toolbox': CMAKE_PREFIX_PATH=${CMAKE_PREFIX_PATH}:/home/robomaven/ros2_ws3/install/actions_py:/home/robomaven/activity1_ws/install/activity1_py_pkg:/opt/ros/humble /usr/bin/cmake /home/robomaven/open_manipulator_ws/src/dynamixel-workbench/dynamixel_workbench_toolbox -DCMAKE_INSTALL_PREFIX=/home/robomaven/open_manipulator_ws/install/dynamixel_workbench_toolbox
[0.250s] DEBUG:colcon.colcon_core.event_handler.log_command:Invoking command in '/home/robomaven/open_manipulator_ws/build/open_manipulator_x_description': CMAKE_PREFIX_PATH=${CMAKE_PREFIX_PATH}:/home/robomaven/ros2_ws3/install/actions_py:/home/robomaven/activity1_ws/install/activity1_py_pkg:/opt/ros/humble /usr/bin/cmake /home/robomaven/open_manipulator_ws/src/open_manipulator/open_manipulator_x_description -DCMAKE_INSTALL_PREFIX=/home/robomaven/open_manipulator_ws/install/open_manipulator_x_description
[0.415s] INFO:colcon.colcon_core.task.python.build:Building Python package in '/home/robomaven/open_manipulator_ws/src/open_manipulator/open_manipulator_x_teleop'
[0.415s] INFO:colcon.colcon_core.shell:Skip shell extension 'powershell' for command environment: Not usable outside of PowerShell
[0.415s] DEBUG:colcon.colcon_core.shell:Skip shell extension 'dsv' for command environment
[0.642s] DEBUG:colcon.colcon_core.event_handler.log_command:Invoking command in '/home/robomaven/open_manipulator_ws/src/open_manipulator/open_manipulator_x_teleop': PYTHONPATH=/home/robomaven/open_manipulator_ws/build/open_manipulator_x_teleop/prefix_override:/home/robomaven/open_manipulator_ws/install/open_manipulator_x_teleop/lib/python3.10/site-packages:${PYTHONPATH} /usr/bin/python3 -W ignore:setup.py install is deprecated setup.py egg_info --egg-base ../../../build/open_manipulator_x_teleop build --build-base /home/robomaven/open_manipulator_ws/build/open_manipulator_x_teleop/build install --record /home/robomaven/open_manipulator_ws/build/open_manipulator_x_teleop/install.log --single-version-externally-managed install_data
[0.657s] DEBUG:colcon.colcon_core.event_handler.log_command:Invoked command in '/home/robomaven/open_manipulator_ws/build/open_manipulator_x_description' returned '0': CMAKE_PREFIX_PATH=${CMAKE_PREFIX_PATH}:/home/robomaven/ros2_ws3/install/actions_py:/home/robomaven/activity1_ws/install/activity1_py_pkg:/opt/ros/humble /usr/bin/cmake /home/robomaven/open_manipulator_ws/src/open_manipulator/open_manipulator_x_description -DCMAKE_INSTALL_PREFIX=/home/robomaven/open_manipulator_ws/install/open_manipulator_x_description
[0.658s] DEBUG:colcon.colcon_core.event_handler.log_command:Invoking command in '/home/robomaven/open_manipulator_ws/build/open_manipulator_x_description': CMAKE_PREFIX_PATH=${CMAKE_PREFIX_PATH}:/home/robomaven/ros2_ws3/install/actions_py:/home/robomaven/activity1_ws/install/activity1_py_pkg:/opt/ros/humble /usr/bin/cmake --build /home/robomaven/open_manipulator_ws/build/open_manipulator_x_description -- -j20 -l20
[0.684s] DEBUG:colcon.colcon_core.event_handler.log_command:Invoked command in '/home/robomaven/open_manipulator_ws/build/open_manipulator_x_description' returned '0': CMAKE_PREFIX_PATH=${CMAKE_PREFIX_PATH}:/home/robomaven/ros2_ws3/install/actions_py:/home/robomaven/activity1_ws/install/activity1_py_pkg:/opt/ros/humble /usr/bin/cmake --build /home/robomaven/open_manipulator_ws/build/open_manipulator_x_description -- -j20 -l20
[0.705s] DEBUG:colcon.colcon_core.event_handler.log_command:Invoking command in '/home/robomaven/open_manipulator_ws/build/open_manipulator_x_description': CMAKE_PREFIX_PATH=${CMAKE_PREFIX_PATH}:/home/robomaven/ros2_ws3/install/actions_py:/home/robomaven/activity1_ws/install/activity1_py_pkg:/opt/ros/humble /usr/bin/cmake --install /home/robomaven/open_manipulator_ws/build/open_manipulator_x_description
[0.714s] Level 1:colcon.colcon_core.environment:create_environment_scripts_only(open_manipulator_x_description)
[0.715s] DEBUG:colcon.colcon_core.event_handler.log_command:Invoked command in '/home/robomaven/open_manipulator_ws/build/open_manipulator_x_description' returned '0': CMAKE_PREFIX_PATH=${CMAKE_PREFIX_PATH}:/home/robomaven/ros2_ws3/install/actions_py:/home/robomaven/activity1_ws/install/activity1_py_pkg:/opt/ros/humble /usr/bin/cmake --install /home/robomaven/open_manipulator_ws/build/open_manipulator_x_description
[0.716s] Level 1:colcon.colcon_core.environment:checking '/home/robomaven/open_manipulator_ws/install/open_manipulator_x_description' for CMake module files
[0.716s] Level 1:colcon.colcon_core.environment:checking '/home/robomaven/open_manipulator_ws/install/open_manipulator_x_description' for CMake config files
[0.716s] Level 1:colcon.colcon_core.shell:create_environment_hook('open_manipulator_x_description', 'cmake_prefix_path')
[0.717s] INFO:colcon.colcon_core.shell:Creating environment hook '/home/robomaven/open_manipulator_ws/install/open_manipulator_x_description/share/open_manipulator_x_description/hook/cmake_prefix_path.ps1'
[0.717s] INFO:colcon.colcon_core.shell:Creating environment descriptor '/home/robomaven/open_manipulator_ws/install/open_manipulator_x_description/share/open_manipulator_x_description/hook/cmake_prefix_path.dsv'
[0.717s] INFO:colcon.colcon_core.shell:Creating environment hook '/home/robomaven/open_manipulator_ws/install/open_manipulator_x_description/share/open_manipulator_x_description/hook/cmake_prefix_path.sh'
[0.717s] Level 1:colcon.colcon_core.environment:checking '/home/robomaven/open_manipulator_ws/install/open_manipulator_x_description/bin'
[0.717s] Level 1:colcon.colcon_core.environment:checking '/home/robomaven/open_manipulator_ws/install/open_manipulator_x_description/lib/pkgconfig/open_manipulator_x_description.pc'
[0.718s] Level 1:colcon.colcon_core.environment:checking '/home/robomaven/open_manipulator_ws/install/open_manipulator_x_description/lib/python3.10/site-packages'
[0.718s] Level 1:colcon.colcon_core.environment:checking '/home/robomaven/open_manipulator_ws/install/open_manipulator_x_description/bin'
[0.718s] INFO:colcon.colcon_core.shell:Creating package script '/home/robomaven/open_manipulator_ws/install/open_manipulator_x_description/share/open_manipulator_x_description/package.ps1'
[0.718s] INFO:colcon.colcon_core.shell:Creating package descriptor '/home/robomaven/open_manipulator_ws/install/open_manipulator_x_description/share/open_manipulator_x_description/package.dsv'
[0.719s] INFO:colcon.colcon_core.shell:Creating package script '/home/robomaven/open_manipulator_ws/install/open_manipulator_x_description/share/open_manipulator_x_description/package.sh'
[0.719s] INFO:colcon.colcon_core.shell:Creating package script '/home/robomaven/open_manipulator_ws/install/open_manipulator_x_description/share/open_manipulator_x_description/package.bash'
[0.719s] INFO:colcon.colcon_core.shell:Creating package script '/home/robomaven/open_manipulator_ws/install/open_manipulator_x_description/share/open_manipulator_x_description/package.zsh'
[0.720s] Level 1:colcon.colcon_core.environment:create_file_with_runtime_dependencies(/home/robomaven/open_manipulator_ws/install/open_manipulator_x_description/share/colcon-core/packages/open_manipulator_x_description)
[0.734s] Level 1:colcon.colcon_core.environment:create_environment_scripts_only(open_manipulator_x_description)
[0.734s] Level 1:colcon.colcon_core.environment:checking '/home/robomaven/open_manipulator_ws/install/open_manipulator_x_description' for CMake module files
[0.734s] Level 1:colcon.colcon_core.environment:checking '/home/robomaven/open_manipulator_ws/install/open_manipulator_x_description' for CMake config files
[0.735s] Level 1:colcon.colcon_core.shell:create_environment_hook('open_manipulator_x_description', 'cmake_prefix_path')
[0.735s] INFO:colcon.colcon_core.shell:Creating environment hook '/home/robomaven/open_manipulator_ws/install/open_manipulator_x_description/share/open_manipulator_x_description/hook/cmake_prefix_path.ps1'
[0.735s] INFO:colcon.colcon_core.shell:Creating environment descriptor '/home/robomaven/open_manipulator_ws/install/open_manipulator_x_description/share/open_manipulator_x_description/hook/cmake_prefix_path.dsv'
[0.735s] INFO:colcon.colcon_core.shell:Creating environment hook '/home/robomaven/open_manipulator_ws/install/open_manipulator_x_description/share/open_manipulator_x_description/hook/cmake_prefix_path.sh'
[0.735s] Level 1:colcon.colcon_core.environment:checking '/home/robomaven/open_manipulator_ws/install/open_manipulator_x_description/bin'
[0.735s] Level 1:colcon.colcon_core.environment:checking '/home/robomaven/open_manipulator_ws/install/open_manipulator_x_description/lib/pkgconfig/open_manipulator_x_description.pc'
[0.736s] Level 1:colcon.colcon_core.environment:checking '/home/robomaven/open_manipulator_ws/install/open_manipulator_x_description/lib/python3.10/site-packages'
[0.736s] Level 1:colcon.colcon_core.environment:checking '/home/robomaven/open_manipulator_ws/install/open_manipulator_x_description/bin'
[0.736s] INFO:colcon.colcon_core.shell:Creating package script '/home/robomaven/open_manipulator_ws/install/open_manipulator_x_description/share/open_manipulator_x_description/package.ps1'
[0.736s] INFO:colcon.colcon_core.shell:Creating package descriptor '/home/robomaven/open_manipulator_ws/install/open_manipulator_x_description/share/open_manipulator_x_description/package.dsv'
[0.736s] INFO:colcon.colcon_core.shell:Creating package script '/home/robomaven/open_manipulator_ws/install/open_manipulator_x_description/share/open_manipulator_x_description/package.sh'
[0.737s] INFO:colcon.colcon_core.shell:Creating package script '/home/robomaven/open_manipulator_ws/install/open_manipulator_x_description/share/open_manipulator_x_description/package.bash'
[0.737s] INFO:colcon.colcon_core.shell:Creating package script '/home/robomaven/open_manipulator_ws/install/open_manipulator_x_description/share/open_manipulator_x_description/package.zsh'
[0.737s] Level 1:colcon.colcon_core.environment:create_file_with_runtime_dependencies(/home/robomaven/open_manipulator_ws/install/open_manipulator_x_description/share/colcon-core/packages/open_manipulator_x_description)
[0.825s] Level 1:colcon.colcon_core.environment:checking '/home/robomaven/open_manipulator_ws/install/open_manipulator_x_teleop' for CMake module files
[0.826s] DEBUG:colcon.colcon_core.event_handler.log_command:Invoked command in '/home/robomaven/open_manipulator_ws/src/open_manipulator/open_manipulator_x_teleop' returned '0': PYTHONPATH=/home/robomaven/open_manipulator_ws/build/open_manipulator_x_teleop/prefix_override:/home/robomaven/open_manipulator_ws/install/open_manipulator_x_teleop/lib/python3.10/site-packages:${PYTHONPATH} /usr/bin/python3 -W ignore:setup.py install is deprecated setup.py egg_info --egg-base ../../../build/open_manipulator_x_teleop build --build-base /home/robomaven/open_manipulator_ws/build/open_manipulator_x_teleop/build install --record /home/robomaven/open_manipulator_ws/build/open_manipulator_x_teleop/install.log --single-version-externally-managed install_data
[0.826s] Level 1:colcon.colcon_core.environment:checking '/home/robomaven/open_manipulator_ws/install/open_manipulator_x_teleop' for CMake config files
[0.827s] Level 1:colcon.colcon_core.environment:checking '/home/robomaven/open_manipulator_ws/install/open_manipulator_x_teleop/lib'
[0.827s] Level 1:colcon.colcon_core.environment:checking '/home/robomaven/open_manipulator_ws/install/open_manipulator_x_teleop/bin'
[0.827s] Level 1:colcon.colcon_core.environment:checking '/home/robomaven/open_manipulator_ws/install/open_manipulator_x_teleop/lib/pkgconfig/open_manipulator_x_teleop.pc'
[0.827s] Level 1:colcon.colcon_core.environment:checking '/home/robomaven/open_manipulator_ws/install/open_manipulator_x_teleop/lib/python3.10/site-packages'
[0.827s] Level 1:colcon.colcon_core.shell:create_environment_hook('open_manipulator_x_teleop', 'pythonpath')
[0.827s] INFO:colcon.colcon_core.shell:Creating environment hook '/home/robomaven/open_manipulator_ws/install/open_manipulator_x_teleop/share/open_manipulator_x_teleop/hook/pythonpath.ps1'
[0.827s] INFO:colcon.colcon_core.shell:Creating environment descriptor '/home/robomaven/open_manipulator_ws/install/open_manipulator_x_teleop/share/open_manipulator_x_teleop/hook/pythonpath.dsv'
[0.827s] INFO:colcon.colcon_core.shell:Creating environment hook '/home/robomaven/open_manipulator_ws/install/open_manipulator_x_teleop/share/open_manipulator_x_teleop/hook/pythonpath.sh'
[0.828s] Level 1:colcon.colcon_core.environment:checking '/home/robomaven/open_manipulator_ws/install/open_manipulator_x_teleop/bin'
[0.828s] Level 1:colcon.colcon_core.environment:create_environment_scripts_only(open_manipulator_x_teleop)
[0.828s] INFO:colcon.colcon_core.shell:Creating package script '/home/robomaven/open_manipulator_ws/install/open_manipulator_x_teleop/share/open_manipulator_x_teleop/package.ps1'
[0.828s] INFO:colcon.colcon_core.shell:Creating package descriptor '/home/robomaven/open_manipulator_ws/install/open_manipulator_x_teleop/share/open_manipulator_x_teleop/package.dsv'
[0.828s] INFO:colcon.colcon_core.shell:Creating package script '/home/robomaven/open_manipulator_ws/install/open_manipulator_x_teleop/share/open_manipulator_x_teleop/package.sh'
[0.829s] INFO:colcon.colcon_core.shell:Creating package script '/home/robomaven/open_manipulator_ws/install/open_manipulator_x_teleop/share/open_manipulator_x_teleop/package.bash'
[0.829s] INFO:colcon.colcon_core.shell:Creating package script '/home/robomaven/open_manipulator_ws/install/open_manipulator_x_teleop/share/open_manipulator_x_teleop/package.zsh'
[0.829s] Level 1:colcon.colcon_core.environment:create_file_with_runtime_dependencies(/home/robomaven/open_manipulator_ws/install/open_manipulator_x_teleop/share/colcon-core/packages/open_manipulator_x_teleop)
[1.171s] DEBUG:colcon.colcon_core.event_handler.log_command:Invoked command in '/home/robomaven/open_manipulator_ws/build/dynamixel_workbench_toolbox' returned '0': CMAKE_PREFIX_PATH=${CMAKE_PREFIX_PATH}:/home/robomaven/ros2_ws3/install/actions_py:/home/robomaven/activity1_ws/install/activity1_py_pkg:/opt/ros/humble /usr/bin/cmake /home/robomaven/open_manipulator_ws/src/dynamixel-workbench/dynamixel_workbench_toolbox -DCMAKE_INSTALL_PREFIX=/home/robomaven/open_manipulator_ws/install/dynamixel_workbench_toolbox
[1.172s] DEBUG:colcon.colcon_core.event_handler.log_command:Invoking command in '/home/robomaven/open_manipulator_ws/build/dynamixel_workbench_toolbox': CMAKE_PREFIX_PATH=${CMAKE_PREFIX_PATH}:/home/robomaven/ros2_ws3/install/actions_py:/home/robomaven/activity1_ws/install/activity1_py_pkg:/opt/ros/humble /usr/bin/cmake --build /home/robomaven/open_manipulator_ws/build/dynamixel_workbench_toolbox -- -j20 -l20
[1.492s] DEBUG:colcon.colcon_core.event_handler.log_command:Invoked command in '/home/robomaven/open_manipulator_ws/build/dynamixel_workbench_toolbox' returned '0': CMAKE_PREFIX_PATH=${CMAKE_PREFIX_PATH}:/home/robomaven/ros2_ws3/install/actions_py:/home/robomaven/activity1_ws/install/activity1_py_pkg:/opt/ros/humble /usr/bin/cmake --build /home/robomaven/open_manipulator_ws/build/dynamixel_workbench_toolbox -- -j20 -l20
[1.520s] DEBUG:colcon.colcon_core.event_handler.log_command:Invoking command in '/home/robomaven/open_manipulator_ws/build/dynamixel_workbench_toolbox': CMAKE_PREFIX_PATH=${CMAKE_PREFIX_PATH}:/home/robomaven/ros2_ws3/install/actions_py:/home/robomaven/activity1_ws/install/activity1_py_pkg:/opt/ros/humble /usr/bin/cmake --install /home/robomaven/open_manipulator_ws/build/dynamixel_workbench_toolbox
[1.530s] Level 1:colcon.colcon_core.environment:create_environment_scripts_only(dynamixel_workbench_toolbox)
[1.531s] Level 1:colcon.colcon_core.environment:checking '/home/robomaven/open_manipulator_ws/install/dynamixel_workbench_toolbox' for CMake module files
[1.531s] DEBUG:colcon.colcon_core.event_handler.log_command:Invoked command in '/home/robomaven/open_manipulator_ws/build/dynamixel_workbench_toolbox' returned '0': CMAKE_PREFIX_PATH=${CMAKE_PREFIX_PATH}:/home/robomaven/ros2_ws3/install/actions_py:/home/robomaven/activity1_ws/install/activity1_py_pkg:/opt/ros/humble /usr/bin/cmake --install /home/robomaven/open_manipulator_ws/build/dynamixel_workbench_toolbox
[1.531s] Level 1:colcon.colcon_core.environment:checking '/home/robomaven/open_manipulator_ws/install/dynamixel_workbench_toolbox' for CMake config files
[1.531s] Level 1:colcon.colcon_core.shell:create_environment_hook('dynamixel_workbench_toolbox', 'cmake_prefix_path')
[1.531s] INFO:colcon.colcon_core.shell:Creating environment hook '/home/robomaven/open_manipulator_ws/install/dynamixel_workbench_toolbox/share/dynamixel_workbench_toolbox/hook/cmake_prefix_path.ps1'
[1.532s] INFO:colcon.colcon_core.shell:Creating environment descriptor '/home/robomaven/open_manipulator_ws/install/dynamixel_workbench_toolbox/share/dynamixel_workbench_toolbox/hook/cmake_prefix_path.dsv'
[1.532s] INFO:colcon.colcon_core.shell:Creating environment hook '/home/robomaven/open_manipulator_ws/install/dynamixel_workbench_toolbox/share/dynamixel_workbench_toolbox/hook/cmake_prefix_path.sh'
[1.532s] Level 1:colcon.colcon_core.environment:checking '/home/robomaven/open_manipulator_ws/install/dynamixel_workbench_toolbox/lib'
[1.532s] Level 1:colcon.colcon_core.shell:create_environment_hook('dynamixel_workbench_toolbox', 'ld_library_path_lib')
[1.532s] INFO:colcon.colcon_core.shell:Creating environment hook '/home/robomaven/open_manipulator_ws/install/dynamixel_workbench_toolbox/share/dynamixel_workbench_toolbox/hook/ld_library_path_lib.ps1'
[1.532s] INFO:colcon.colcon_core.shell:Creating environment descriptor '/home/robomaven/open_manipulator_ws/install/dynamixel_workbench_toolbox/share/dynamixel_workbench_toolbox/hook/ld_library_path_lib.dsv'
[1.533s] INFO:colcon.colcon_core.shell:Creating environment hook '/home/robomaven/open_manipulator_ws/install/dynamixel_workbench_toolbox/share/dynamixel_workbench_toolbox/hook/ld_library_path_lib.sh'
[1.533s] Level 1:colcon.colcon_core.environment:checking '/home/robomaven/open_manipulator_ws/install/dynamixel_workbench_toolbox/bin'
[1.533s] Level 1:colcon.colcon_core.environment:checking '/home/robomaven/open_manipulator_ws/install/dynamixel_workbench_toolbox/lib/pkgconfig/dynamixel_workbench_toolbox.pc'
[1.533s] Level 1:colcon.colcon_core.environment:checking '/home/robomaven/open_manipulator_ws/install/dynamixel_workbench_toolbox/lib/python3.10/site-packages'
[1.533s] Level 1:colcon.colcon_core.environment:checking '/home/robomaven/open_manipulator_ws/install/dynamixel_workbench_toolbox/bin'
[1.533s] INFO:colcon.colcon_core.shell:Creating package script '/home/robomaven/open_manipulator_ws/install/dynamixel_workbench_toolbox/share/dynamixel_workbench_toolbox/package.ps1'
[1.534s] INFO:colcon.colcon_core.shell:Creating package descriptor '/home/robomaven/open_manipulator_ws/install/dynamixel_workbench_toolbox/share/dynamixel_workbench_toolbox/package.dsv'
[1.534s] INFO:colcon.colcon_core.shell:Creating package script '/home/robomaven/open_manipulator_ws/install/dynamixel_workbench_toolbox/share/dynamixel_workbench_toolbox/package.sh'
[1.534s] INFO:colcon.colcon_core.shell:Creating package script '/home/robomaven/open_manipulator_ws/install/dynamixel_workbench_toolbox/share/dynamixel_workbench_toolbox/package.bash'
[1.534s] INFO:colcon.colcon_core.shell:Creating package script '/home/robomaven/open_manipulator_ws/install/dynamixel_workbench_toolbox/share/dynamixel_workbench_toolbox/package.zsh'
[1.535s] Level 1:colcon.colcon_core.environment:create_file_with_runtime_dependencies(/home/robomaven/open_manipulator_ws/install/dynamixel_workbench_toolbox/share/colcon-core/packages/dynamixel_workbench_toolbox)
[1.568s] Level 1:colcon.colcon_core.environment:create_environment_scripts_only(dynamixel_workbench_toolbox)
[1.569s] Level 1:colcon.colcon_core.environment:checking '/home/robomaven/open_manipulator_ws/install/dynamixel_workbench_toolbox' for CMake module files
[1.569s] Level 1:colcon.colcon_core.environment:checking '/home/robomaven/open_manipulator_ws/install/dynamixel_workbench_toolbox' for CMake config files
[1.570s] Level 1:colcon.colcon_core.shell:create_environment_hook('dynamixel_workbench_toolbox', 'cmake_prefix_path')
[1.570s] INFO:colcon.colcon_core.shell:Creating environment hook '/home/robomaven/open_manipulator_ws/install/dynamixel_workbench_toolbox/share/dynamixel_workbench_toolbox/hook/cmake_prefix_path.ps1'
[1.570s] INFO:colcon.colcon_core.shell:Creating environment descriptor '/home/robomaven/open_manipulator_ws/install/dynamixel_workbench_toolbox/share/dynamixel_workbench_toolbox/hook/cmake_prefix_path.dsv'
[1.571s] INFO:colcon.colcon_core.shell:Creating environment hook '/home/robomaven/open_manipulator_ws/install/dynamixel_workbench_toolbox/share/dynamixel_workbench_toolbox/hook/cmake_prefix_path.sh'
[1.571s] Level 1:colcon.colcon_core.environment:checking '/home/robomaven/open_manipulator_ws/install/dynamixel_workbench_toolbox/lib'
[1.571s] Level 1:colcon.colcon_core.shell:create_environment_hook('dynamixel_workbench_toolbox', 'ld_library_path_lib')
[1.572s] INFO:colcon.colcon_core.shell:Creating environment hook '/home/robomaven/open_manipulator_ws/install/dynamixel_workbench_toolbox/share/dynamixel_workbench_toolbox/hook/ld_library_path_lib.ps1'
[1.572s] INFO:colcon.colcon_core.shell:Creating environment descriptor '/home/robomaven/open_manipulator_ws/install/dynamixel_workbench_toolbox/share/dynamixel_workbench_toolbox/hook/ld_library_path_lib.dsv'
[1.572s] INFO:colcon.colcon_core.shell:Creating environment hook '/home/robomaven/open_manipulator_ws/install/dynamixel_workbench_toolbox/share/dynamixel_workbench_toolbox/hook/ld_library_path_lib.sh'
[1.573s] Level 1:colcon.colcon_core.environment:checking '/home/robomaven/open_manipulator_ws/install/dynamixel_workbench_toolbox/bin'
[1.573s] Level 1:colcon.colcon_core.environment:checking '/home/robomaven/open_manipulator_ws/install/dynamixel_workbench_toolbox/lib/pkgconfig/dynamixel_workbench_toolbox.pc'
[1.573s] Level 1:colcon.colcon_core.environment:checking '/home/robomaven/open_manipulator_ws/install/dynamixel_workbench_toolbox/lib/python3.10/site-packages'
[1.573s] Level 1:colcon.colcon_core.environment:checking '/home/robomaven/open_manipulator_ws/install/dynamixel_workbench_toolbox/bin'
[1.574s] INFO:colcon.colcon_core.shell:Creating package script '/home/robomaven/open_manipulator_ws/install/dynamixel_workbench_toolbox/share/dynamixel_workbench_toolbox/package.ps1'
[1.574s] INFO:colcon.colcon_core.shell:Creating package descriptor '/home/robomaven/open_manipulator_ws/install/dynamixel_workbench_toolbox/share/dynamixel_workbench_toolbox/package.dsv'
[1.575s] INFO:colcon.colcon_core.shell:Creating package script '/home/robomaven/open_manipulator_ws/install/dynamixel_workbench_toolbox/share/dynamixel_workbench_toolbox/package.sh'
[1.575s] INFO:colcon.colcon_core.shell:Creating package script '/home/robomaven/open_manipulator_ws/install/dynamixel_workbench_toolbox/share/dynamixel_workbench_toolbox/package.bash'
[1.575s] INFO:colcon.colcon_core.shell:Creating package script '/home/robomaven/open_manipulator_ws/install/dynamixel_workbench_toolbox/share/dynamixel_workbench_toolbox/package.zsh'
[1.576s] Level 1:colcon.colcon_core.environment:create_file_with_runtime_dependencies(/home/robomaven/open_manipulator_ws/install/dynamixel_workbench_toolbox/share/colcon-core/packages/dynamixel_workbench_toolbox)
[1.576s] INFO:colcon.colcon_ros.task.ament_cmake.build:Building ROS package in '/home/robomaven/open_manipulator_ws/src/open_manipulator/open_manipulator_x_libs' with build type 'ament_cmake'
[1.576s] INFO:colcon.colcon_cmake.task.cmake.build:Building CMake package in '/home/robomaven/open_manipulator_ws/src/open_manipulator/open_manipulator_x_libs'
[1.577s] INFO:colcon.colcon_core.shell:Skip shell extension 'powershell' for command environment: Not usable outside of PowerShell
[1.577s] DEBUG:colcon.colcon_core.shell:Skip shell extension 'dsv' for command environment
[1.581s] INFO:colcon.colcon_ros.task.ament_cmake.build:Building ROS package in '/home/robomaven/open_manipulator_ws/src/dynamixel-workbench/dynamixel_workbench' with build type 'ament_cmake'
[1.581s] INFO:colcon.colcon_cmake.task.cmake.build:Building CMake package in '/home/robomaven/open_manipulator_ws/src/dynamixel-workbench/dynamixel_workbench'
[1.581s] INFO:colcon.colcon_core.shell:Skip shell extension 'powershell' for command environment: Not usable outside of PowerShell
[1.581s] DEBUG:colcon.colcon_core.shell:Skip shell extension 'dsv' for command environment
[1.586s] DEBUG:colcon.colcon_core.event_handler.log_command:Invoking command in '/home/robomaven/open_manipulator_ws/build/open_manipulator_x_libs': AMENT_PREFIX_PATH=/home/robomaven/open_manipulator_ws/install/dynamixel_workbench_toolbox:${AMENT_PREFIX_PATH} CMAKE_PREFIX_PATH=/home/robomaven/open_manipulator_ws/install/dynamixel_workbench_toolbox:/home/robomaven/ros2_ws3/install/my_robot_interfaces:/home/robomaven/activity1_ws/install/activity1_robot_bringup:/home/robomaven/activity1_ws/install/activity1_cpp_pkg:/home/robomaven/activity1_ws/install/activity1_interfaces:/home/robomaven/ros2_ws2/install/my_robot_bringup:/home/robomaven/ros2_ws2/install/my_robot_description:/home/robomaven/ros2_ws3/install/actions_py:/home/robomaven/activity1_ws/install/activity1_py_pkg:/opt/ros/humble LD_LIBRARY_PATH=/home/robomaven/open_manipulator_ws/install/dynamixel_workbench_toolbox/lib:/home/robomaven/ros2_ws3/install/my_robot_interfaces/lib:/home/robomaven/activity1_ws/install/activity1_interfaces/lib:/usr/lib/x86_64-linux-gnu/gazebo-11/plugins:/opt/ros/humble/opt/rviz_ogre_vendor/lib:/opt/ros/humble/lib/x86_64-linux-gnu:/opt/ros/humble/lib:/usr/share/gazebo/../../lib/x86_64-linux-gnu/gazebo-11/plugins:/usr/share/gazebo/../../lib/x86_64-linux-gnu/gazebo-11/plugins:/usr/share/gazebo/../../lib/x86_64-linux-gnu/gazebo-11/plugins:/usr/share/gazebo/../../lib/x86_64-linux-gnu/gazebo-11/plugins:/usr/share/gazebo/../../lib/x86_64-linux-gnu/gazebo-11/plugins:/usr/share/gazebo/../../lib/x86_64-linux-gnu/gazebo-11/plugins:/usr/share/gazebo/../../lib/x86_64-linux-gnu/gazebo-11/plugins:/usr/share/gazebo/../../lib/x86_64-linux-gnu/gazebo-11/plugins:/usr/share/gazebo/../../lib/x86_64-linux-gnu/gazebo-11/plugins:/usr/share/gazebo/../../lib/x86_64-linux-gnu/gazebo-11/plugins /usr/bin/cmake /home/robomaven/open_manipulator_ws/src/open_manipulator/open_manipulator_x_libs -DCMAKE_INSTALL_PREFIX=/home/robomaven/open_manipulator_ws/install/open_manipulator_x_libs
[1.588s] DEBUG:colcon.colcon_core.event_handler.log_command:Invoking command in '/home/robomaven/open_manipulator_ws/build/dynamixel_workbench': AMENT_PREFIX_PATH=/home/robomaven/open_manipulator_ws/install/dynamixel_workbench_toolbox:${AMENT_PREFIX_PATH} CMAKE_PREFIX_PATH=/home/robomaven/open_manipulator_ws/install/dynamixel_workbench_toolbox:/home/robomaven/ros2_ws3/install/my_robot_interfaces:/home/robomaven/activity1_ws/install/activity1_robot_bringup:/home/robomaven/activity1_ws/install/activity1_cpp_pkg:/home/robomaven/activity1_ws/install/activity1_interfaces:/home/robomaven/ros2_ws2/install/my_robot_bringup:/home/robomaven/ros2_ws2/install/my_robot_description:/home/robomaven/ros2_ws3/install/actions_py:/home/robomaven/activity1_ws/install/activity1_py_pkg:/opt/ros/humble LD_LIBRARY_PATH=/home/robomaven/open_manipulator_ws/install/dynamixel_workbench_toolbox/lib:/home/robomaven/ros2_ws3/install/my_robot_interfaces/lib:/home/robomaven/activity1_ws/install/activity1_interfaces/lib:/usr/lib/x86_64-linux-gnu/gazebo-11/plugins:/opt/ros/humble/opt/rviz_ogre_vendor/lib:/opt/ros/humble/lib/x86_64-linux-gnu:/opt/ros/humble/lib:/usr/share/gazebo/../../lib/x86_64-linux-gnu/gazebo-11/plugins:/usr/share/gazebo/../../lib/x86_64-linux-gnu/gazebo-11/plugins:/usr/share/gazebo/../../lib/x86_64-linux-gnu/gazebo-11/plugins:/usr/share/gazebo/../../lib/x86_64-linux-gnu/gazebo-11/plugins:/usr/share/gazebo/../../lib/x86_64-linux-gnu/gazebo-11/plugins:/usr/share/gazebo/../../lib/x86_64-linux-gnu/gazebo-11/plugins:/usr/share/gazebo/../../lib/x86_64-linux-gnu/gazebo-11/plugins:/usr/share/gazebo/../../lib/x86_64-linux-gnu/gazebo-11/plugins:/usr/share/gazebo/../../lib/x86_64-linux-gnu/gazebo-11/plugins:/usr/share/gazebo/../../lib/x86_64-linux-gnu/gazebo-11/plugins /usr/bin/cmake /home/robomaven/open_manipulator_ws/src/dynamixel-workbench/dynamixel_workbench -DCMAKE_INSTALL_PREFIX=/home/robomaven/open_manipulator_ws/install/dynamixel_workbench
[1.992s] DEBUG:colcon.colcon_core.event_handler.log_command:Invoked command in '/home/robomaven/open_manipulator_ws/build/dynamixel_workbench' returned '0': AMENT_PREFIX_PATH=/home/robomaven/open_manipulator_ws/install/dynamixel_workbench_toolbox:${AMENT_PREFIX_PATH} CMAKE_PREFIX_PATH=/home/robomaven/open_manipulator_ws/install/dynamixel_workbench_toolbox:/home/robomaven/ros2_ws3/install/my_robot_interfaces:/home/robomaven/activity1_ws/install/activity1_robot_bringup:/home/robomaven/activity1_ws/install/activity1_cpp_pkg:/home/robomaven/activity1_ws/install/activity1_interfaces:/home/robomaven/ros2_ws2/install/my_robot_bringup:/home/robomaven/ros2_ws2/install/my_robot_description:/home/robomaven/ros2_ws3/install/actions_py:/home/robomaven/activity1_ws/install/activity1_py_pkg:/opt/ros/humble LD_LIBRARY_PATH=/home/robomaven/open_manipulator_ws/install/dynamixel_workbench_toolbox/lib:/home/robomaven/ros2_ws3/install/my_robot_interfaces/lib:/home/robomaven/activity1_ws/install/activity1_interfaces/lib:/usr/lib/x86_64-linux-gnu/gazebo-11/plugins:/opt/ros/humble/opt/rviz_ogre_vendor/lib:/opt/ros/humble/lib/x86_64-linux-gnu:/opt/ros/humble/lib:/usr/share/gazebo/../../lib/x86_64-linux-gnu/gazebo-11/plugins:/usr/share/gazebo/../../lib/x86_64-linux-gnu/gazebo-11/plugins:/usr/share/gazebo/../../lib/x86_64-linux-gnu/gazebo-11/plugins:/usr/share/gazebo/../../lib/x86_64-linux-gnu/gazebo-11/plugins:/usr/share/gazebo/../../lib/x86_64-linux-gnu/gazebo-11/plugins:/usr/share/gazebo/../../lib/x86_64-linux-gnu/gazebo-11/plugins:/usr/share/gazebo/../../lib/x86_64-linux-gnu/gazebo-11/plugins:/usr/share/gazebo/../../lib/x86_64-linux-gnu/gazebo-11/plugins:/usr/share/gazebo/../../lib/x86_64-linux-gnu/gazebo-11/plugins:/usr/share/gazebo/../../lib/x86_64-linux-gnu/gazebo-11/plugins /usr/bin/cmake /home/robomaven/open_manipulator_ws/src/dynamixel-workbench/dynamixel_workbench -DCMAKE_INSTALL_PREFIX=/home/robomaven/open_manipulator_ws/install/dynamixel_workbench
[1.993s] DEBUG:colcon.colcon_core.event_handler.log_command:Invoking command in '/home/robomaven/open_manipulator_ws/build/dynamixel_workbench': AMENT_PREFIX_PATH=/home/robomaven/open_manipulator_ws/install/dynamixel_workbench_toolbox:${AMENT_PREFIX_PATH} CMAKE_PREFIX_PATH=/home/robomaven/open_manipulator_ws/install/dynamixel_workbench_toolbox:/home/robomaven/ros2_ws3/install/my_robot_interfaces:/home/robomaven/activity1_ws/install/activity1_robot_bringup:/home/robomaven/activity1_ws/install/activity1_cpp_pkg:/home/robomaven/activity1_ws/install/activity1_interfaces:/home/robomaven/ros2_ws2/install/my_robot_bringup:/home/robomaven/ros2_ws2/install/my_robot_description:/home/robomaven/ros2_ws3/install/actions_py:/home/robomaven/activity1_ws/install/activity1_py_pkg:/opt/ros/humble LD_LIBRARY_PATH=/home/robomaven/open_manipulator_ws/install/dynamixel_workbench_toolbox/lib:/home/robomaven/ros2_ws3/install/my_robot_interfaces/lib:/home/robomaven/activity1_ws/install/activity1_interfaces/lib:/usr/lib/x86_64-linux-gnu/gazebo-11/plugins:/opt/ros/humble/opt/rviz_ogre_vendor/lib:/opt/ros/humble/lib/x86_64-linux-gnu:/opt/ros/humble/lib:/usr/share/gazebo/../../lib/x86_64-linux-gnu/gazebo-11/plugins:/usr/share/gazebo/../../lib/x86_64-linux-gnu/gazebo-11/plugins:/usr/share/gazebo/../../lib/x86_64-linux-gnu/gazebo-11/plugins:/usr/share/gazebo/../../lib/x86_64-linux-gnu/gazebo-11/plugins:/usr/share/gazebo/../../lib/x86_64-linux-gnu/gazebo-11/plugins:/usr/share/gazebo/../../lib/x86_64-linux-gnu/gazebo-11/plugins:/usr/share/gazebo/../../lib/x86_64-linux-gnu/gazebo-11/plugins:/usr/share/gazebo/../../lib/x86_64-linux-gnu/gazebo-11/plugins:/usr/share/gazebo/../../lib/x86_64-linux-gnu/gazebo-11/plugins:/usr/share/gazebo/../../lib/x86_64-linux-gnu/gazebo-11/plugins /usr/bin/cmake --build /home/robomaven/open_manipulator_ws/build/dynamixel_workbench -- -j20 -l20
[2.016s] DEBUG:colcon.colcon_core.event_handler.log_command:Invoked command in '/home/robomaven/open_manipulator_ws/build/dynamixel_workbench' returned '0': AMENT_PREFIX_PATH=/home/robomaven/open_manipulator_ws/install/dynamixel_workbench_toolbox:${AMENT_PREFIX_PATH} CMAKE_PREFIX_PATH=/home/robomaven/open_manipulator_ws/install/dynamixel_workbench_toolbox:/home/robomaven/ros2_ws3/install/my_robot_interfaces:/home/robomaven/activity1_ws/install/activity1_robot_bringup:/home/robomaven/activity1_ws/install/activity1_cpp_pkg:/home/robomaven/activity1_ws/install/activity1_interfaces:/home/robomaven/ros2_ws2/install/my_robot_bringup:/home/robomaven/ros2_ws2/install/my_robot_description:/home/robomaven/ros2_ws3/install/actions_py:/home/robomaven/activity1_ws/install/activity1_py_pkg:/opt/ros/humble LD_LIBRARY_PATH=/home/robomaven/open_manipulator_ws/install/dynamixel_workbench_toolbox/lib:/home/robomaven/ros2_ws3/install/my_robot_interfaces/lib:/home/robomaven/activity1_ws/install/activity1_interfaces/lib:/usr/lib/x86_64-linux-gnu/gazebo-11/plugins:/opt/ros/humble/opt/rviz_ogre_vendor/lib:/opt/ros/humble/lib/x86_64-linux-gnu:/opt/ros/humble/lib:/usr/share/gazebo/../../lib/x86_64-linux-gnu/gazebo-11/plugins:/usr/share/gazebo/../../lib/x86_64-linux-gnu/gazebo-11/plugins:/usr/share/gazebo/../../lib/x86_64-linux-gnu/gazebo-11/plugins:/usr/share/gazebo/../../lib/x86_64-linux-gnu/gazebo-11/plugins:/usr/share/gazebo/../../lib/x86_64-linux-gnu/gazebo-11/plugins:/usr/share/gazebo/../../lib/x86_64-linux-gnu/gazebo-11/plugins:/usr/share/gazebo/../../lib/x86_64-linux-gnu/gazebo-11/plugins:/usr/share/gazebo/../../lib/x86_64-linux-gnu/gazebo-11/plugins:/usr/share/gazebo/../../lib/x86_64-linux-gnu/gazebo-11/plugins:/usr/share/gazebo/../../lib/x86_64-linux-gnu/gazebo-11/plugins /usr/bin/cmake --build /home/robomaven/open_manipulator_ws/build/dynamixel_workbench -- -j20 -l20
[2.031s] DEBUG:colcon.colcon_core.event_handler.log_command:Invoking command in '/home/robomaven/open_manipulator_ws/build/dynamixel_workbench': AMENT_PREFIX_PATH=/home/robomaven/open_manipulator_ws/install/dynamixel_workbench_toolbox:${AMENT_PREFIX_PATH} CMAKE_PREFIX_PATH=/home/robomaven/open_manipulator_ws/install/dynamixel_workbench_toolbox:/home/robomaven/ros2_ws3/install/my_robot_interfaces:/home/robomaven/activity1_ws/install/activity1_robot_bringup:/home/robomaven/activity1_ws/install/activity1_cpp_pkg:/home/robomaven/activity1_ws/install/activity1_interfaces:/home/robomaven/ros2_ws2/install/my_robot_bringup:/home/robomaven/ros2_ws2/install/my_robot_description:/home/robomaven/ros2_ws3/install/actions_py:/home/robomaven/activity1_ws/install/activity1_py_pkg:/opt/ros/humble LD_LIBRARY_PATH=/home/robomaven/open_manipulator_ws/install/dynamixel_workbench_toolbox/lib:/home/robomaven/ros2_ws3/install/my_robot_interfaces/lib:/home/robomaven/activity1_ws/install/activity1_interfaces/lib:/usr/lib/x86_64-linux-gnu/gazebo-11/plugins:/opt/ros/humble/opt/rviz_ogre_vendor/lib:/opt/ros/humble/lib/x86_64-linux-gnu:/opt/ros/humble/lib:/usr/share/gazebo/../../lib/x86_64-linux-gnu/gazebo-11/plugins:/usr/share/gazebo/../../lib/x86_64-linux-gnu/gazebo-11/plugins:/usr/share/gazebo/../../lib/x86_64-linux-gnu/gazebo-11/plugins:/usr/share/gazebo/../../lib/x86_64-linux-gnu/gazebo-11/plugins:/usr/share/gazebo/../../lib/x86_64-linux-gnu/gazebo-11/plugins:/usr/share/gazebo/../../lib/x86_64-linux-gnu/gazebo-11/plugins:/usr/share/gazebo/../../lib/x86_64-linux-gnu/gazebo-11/plugins:/usr/share/gazebo/../../lib/x86_64-linux-gnu/gazebo-11/plugins:/usr/share/gazebo/../../lib/x86_64-linux-gnu/gazebo-11/plugins:/usr/share/gazebo/../../lib/x86_64-linux-gnu/gazebo-11/plugins /usr/bin/cmake --install /home/robomaven/open_manipulator_ws/build/dynamixel_workbench
[2.037s] Level 1:colcon.colcon_core.environment:create_environment_scripts_only(dynamixel_workbench)
[2.037s] DEBUG:colcon.colcon_core.event_handler.log_command:Invoked command in '/home/robomaven/open_manipulator_ws/build/dynamixel_workbench' returned '0': AMENT_PREFIX_PATH=/home/robomaven/open_manipulator_ws/install/dynamixel_workbench_toolbox:${AMENT_PREFIX_PATH} CMAKE_PREFIX_PATH=/home/robomaven/open_manipulator_ws/install/dynamixel_workbench_toolbox:/home/robomaven/ros2_ws3/install/my_robot_interfaces:/home/robomaven/activity1_ws/install/activity1_robot_bringup:/home/robomaven/activity1_ws/install/activity1_cpp_pkg:/home/robomaven/activity1_ws/install/activity1_interfaces:/home/robomaven/ros2_ws2/install/my_robot_bringup:/home/robomaven/ros2_ws2/install/my_robot_description:/home/robomaven/ros2_ws3/install/actions_py:/home/robomaven/activity1_ws/install/activity1_py_pkg:/opt/ros/humble LD_LIBRARY_PATH=/home/robomaven/open_manipulator_ws/install/dynamixel_workbench_toolbox/lib:/home/robomaven/ros2_ws3/install/my_robot_interfaces/lib:/home/robomaven/activity1_ws/install/activity1_interfaces/lib:/usr/lib/x86_64-linux-gnu/gazebo-11/plugins:/opt/ros/humble/opt/rviz_ogre_vendor/lib:/opt/ros/humble/lib/x86_64-linux-gnu:/opt/ros/humble/lib:/usr/share/gazebo/../../lib/x86_64-linux-gnu/gazebo-11/plugins:/usr/share/gazebo/../../lib/x86_64-linux-gnu/gazebo-11/plugins:/usr/share/gazebo/../../lib/x86_64-linux-gnu/gazebo-11/plugins:/usr/share/gazebo/../../lib/x86_64-linux-gnu/gazebo-11/plugins:/usr/share/gazebo/../../lib/x86_64-linux-gnu/gazebo-11/plugins:/usr/share/gazebo/../../lib/x86_64-linux-gnu/gazebo-11/plugins:/usr/share/gazebo/../../lib/x86_64-linux-gnu/gazebo-11/plugins:/usr/share/gazebo/../../lib/x86_64-linux-gnu/gazebo-11/plugins:/usr/share/gazebo/../../lib/x86_64-linux-gnu/gazebo-11/plugins:/usr/share/gazebo/../../lib/x86_64-linux-gnu/gazebo-11/plugins /usr/bin/cmake --install /home/robomaven/open_manipulator_ws/build/dynamixel_workbench
[2.037s] Level 1:colcon.colcon_core.environment:checking '/home/robomaven/open_manipulator_ws/install/dynamixel_workbench' for CMake module files
[2.038s] Level 1:colcon.colcon_core.environment:checking '/home/robomaven/open_manipulator_ws/install/dynamixel_workbench' for CMake config files
[2.038s] Level 1:colcon.colcon_core.shell:create_environment_hook('dynamixel_workbench', 'cmake_prefix_path')
[2.038s] INFO:colcon.colcon_core.shell:Creating environment hook '/home/robomaven/open_manipulator_ws/install/dynamixel_workbench/share/dynamixel_workbench/hook/cmake_prefix_path.ps1'
[2.039s] INFO:colcon.colcon_core.shell:Creating environment descriptor '/home/robomaven/open_manipulator_ws/install/dynamixel_workbench/share/dynamixel_workbench/hook/cmake_prefix_path.dsv'
[2.039s] INFO:colcon.colcon_core.shell:Creating environment hook '/home/robomaven/open_manipulator_ws/install/dynamixel_workbench/share/dynamixel_workbench/hook/cmake_prefix_path.sh'
[2.039s] Level 1:colcon.colcon_core.environment:checking '/home/robomaven/open_manipulator_ws/install/dynamixel_workbench/bin'
[2.039s] Level 1:colcon.colcon_core.environment:checking '/home/robomaven/open_manipulator_ws/install/dynamixel_workbench/lib/pkgconfig/dynamixel_workbench.pc'
[2.039s] Level 1:colcon.colcon_core.environment:checking '/home/robomaven/open_manipulator_ws/install/dynamixel_workbench/lib/python3.10/site-packages'
[2.040s] Level 1:colcon.colcon_core.environment:checking '/home/robomaven/open_manipulator_ws/install/dynamixel_workbench/bin'
[2.040s] INFO:colcon.colcon_core.shell:Creating package script '/home/robomaven/open_manipulator_ws/install/dynamixel_workbench/share/dynamixel_workbench/package.ps1'
[2.040s] INFO:colcon.colcon_core.shell:Creating package descriptor '/home/robomaven/open_manipulator_ws/install/dynamixel_workbench/share/dynamixel_workbench/package.dsv'
[2.041s] INFO:colcon.colcon_core.shell:Creating package script '/home/robomaven/open_manipulator_ws/install/dynamixel_workbench/share/dynamixel_workbench/package.sh'
[2.041s] INFO:colcon.colcon_core.shell:Creating package script '/home/robomaven/open_manipulator_ws/install/dynamixel_workbench/share/dynamixel_workbench/package.bash'
[2.041s] INFO:colcon.colcon_core.shell:Creating package script '/home/robomaven/open_manipulator_ws/install/dynamixel_workbench/share/dynamixel_workbench/package.zsh'
[2.041s] Level 1:colcon.colcon_core.environment:create_file_with_runtime_dependencies(/home/robomaven/open_manipulator_ws/install/dynamixel_workbench/share/colcon-core/packages/dynamixel_workbench)
[2.055s] Level 1:colcon.colcon_core.environment:create_environment_scripts_only(dynamixel_workbench)
[2.055s] Level 1:colcon.colcon_core.environment:checking '/home/robomaven/open_manipulator_ws/install/dynamixel_workbench' for CMake module files
[2.055s] Level 1:colcon.colcon_core.environment:checking '/home/robomaven/open_manipulator_ws/install/dynamixel_workbench' for CMake config files
[2.056s] Level 1:colcon.colcon_core.shell:create_environment_hook('dynamixel_workbench', 'cmake_prefix_path')
[2.056s] INFO:colcon.colcon_core.shell:Creating environment hook '/home/robomaven/open_manipulator_ws/install/dynamixel_workbench/share/dynamixel_workbench/hook/cmake_prefix_path.ps1'
[2.056s] INFO:colcon.colcon_core.shell:Creating environment descriptor '/home/robomaven/open_manipulator_ws/install/dynamixel_workbench/share/dynamixel_workbench/hook/cmake_prefix_path.dsv'
[2.056s] INFO:colcon.colcon_core.shell:Creating environment hook '/home/robomaven/open_manipulator_ws/install/dynamixel_workbench/share/dynamixel_workbench/hook/cmake_prefix_path.sh'
[2.056s] Level 1:colcon.colcon_core.environment:checking '/home/robomaven/open_manipulator_ws/install/dynamixel_workbench/bin'
[2.056s] Level 1:colcon.colcon_core.environment:checking '/home/robomaven/open_manipulator_ws/install/dynamixel_workbench/lib/pkgconfig/dynamixel_workbench.pc'
[2.057s] Level 1:colcon.colcon_core.environment:checking '/home/robomaven/open_manipulator_ws/install/dynamixel_workbench/lib/python3.10/site-packages'
[2.057s] Level 1:colcon.colcon_core.environment:checking '/home/robomaven/open_manipulator_ws/install/dynamixel_workbench/bin'
[2.057s] INFO:colcon.colcon_core.shell:Creating package script '/home/robomaven/open_manipulator_ws/install/dynamixel_workbench/share/dynamixel_workbench/package.ps1'
[2.057s] INFO:colcon.colcon_core.shell:Creating package descriptor '/home/robomaven/open_manipulator_ws/install/dynamixel_workbench/share/dynamixel_workbench/package.dsv'
[2.057s] INFO:colcon.colcon_core.shell:Creating package script '/home/robomaven/open_manipulator_ws/install/dynamixel_workbench/share/dynamixel_workbench/package.sh'
[2.057s] INFO:colcon.colcon_core.shell:Creating package script '/home/robomaven/open_manipulator_ws/install/dynamixel_workbench/share/dynamixel_workbench/package.bash'
[2.058s] INFO:colcon.colcon_core.shell:Creating package script '/home/robomaven/open_manipulator_ws/install/dynamixel_workbench/share/dynamixel_workbench/package.zsh'
[2.058s] Level 1:colcon.colcon_core.environment:create_file_with_runtime_dependencies(/home/robomaven/open_manipulator_ws/install/dynamixel_workbench/share/colcon-core/packages/dynamixel_workbench)
[2.439s] DEBUG:colcon.colcon_core.event_handler.log_command:Invoked command in '/home/robomaven/open_manipulator_ws/build/open_manipulator_x_libs' returned '1': AMENT_PREFIX_PATH=/home/robomaven/open_manipulator_ws/install/dynamixel_workbench_toolbox:${AMENT_PREFIX_PATH} CMAKE_PREFIX_PATH=/home/robomaven/open_manipulator_ws/install/dynamixel_workbench_toolbox:/home/robomaven/ros2_ws3/install/my_robot_interfaces:/home/robomaven/activity1_ws/install/activity1_robot_bringup:/home/robomaven/activity1_ws/install/activity1_cpp_pkg:/home/robomaven/activity1_ws/install/activity1_interfaces:/home/robomaven/ros2_ws2/install/my_robot_bringup:/home/robomaven/ros2_ws2/install/my_robot_description:/home/robomaven/ros2_ws3/install/actions_py:/home/robomaven/activity1_ws/install/activity1_py_pkg:/opt/ros/humble LD_LIBRARY_PATH=/home/robomaven/open_manipulator_ws/install/dynamixel_workbench_toolbox/lib:/home/robomaven/ros2_ws3/install/my_robot_interfaces/lib:/home/robomaven/activity1_ws/install/activity1_interfaces/lib:/usr/lib/x86_64-linux-gnu/gazebo-11/plugins:/opt/ros/humble/opt/rviz_ogre_vendor/lib:/opt/ros/humble/lib/x86_64-linux-gnu:/opt/ros/humble/lib:/usr/share/gazebo/../../lib/x86_64-linux-gnu/gazebo-11/plugins:/usr/share/gazebo/../../lib/x86_64-linux-gnu/gazebo-11/plugins:/usr/share/gazebo/../../lib/x86_64-linux-gnu/gazebo-11/plugins:/usr/share/gazebo/../../lib/x86_64-linux-gnu/gazebo-11/plugins:/usr/share/gazebo/../../lib/x86_64-linux-gnu/gazebo-11/plugins:/usr/share/gazebo/../../lib/x86_64-linux-gnu/gazebo-11/plugins:/usr/share/gazebo/../../lib/x86_64-linux-gnu/gazebo-11/plugins:/usr/share/gazebo/../../lib/x86_64-linux-gnu/gazebo-11/plugins:/usr/share/gazebo/../../lib/x86_64-linux-gnu/gazebo-11/plugins:/usr/share/gazebo/../../lib/x86_64-linux-gnu/gazebo-11/plugins /usr/bin/cmake /home/robomaven/open_manipulator_ws/src/open_manipulator/open_manipulator_x_libs -DCMAKE_INSTALL_PREFIX=/home/robomaven/open_manipulator_ws/install/open_manipulator_x_libs
[2.447s] Level 1:colcon.colcon_core.environment:create_environment_scripts_only(open_manipulator_x_libs)
[2.447s] Level 1:colcon.colcon_core.environment:checking '/home/robomaven/open_manipulator_ws/install/open_manipulator_x_libs' for CMake module files
[2.447s] Level 1:colcon.colcon_core.environment:checking '/home/robomaven/open_manipulator_ws/install/open_manipulator_x_libs' for CMake config files
[2.447s] Level 1:colcon.colcon_core.environment:checking '/home/robomaven/open_manipulator_ws/install/open_manipulator_x_libs/bin'
[2.447s] Level 1:colcon.colcon_core.environment:checking '/home/robomaven/open_manipulator_ws/install/open_manipulator_x_libs/lib/pkgconfig/open_manipulator_x_libs.pc'
[2.447s] Level 1:colcon.colcon_core.environment:checking '/home/robomaven/open_manipulator_ws/install/open_manipulator_x_libs/lib/python3.10/site-packages'
[2.448s] Level 1:colcon.colcon_core.environment:checking '/home/robomaven/open_manipulator_ws/install/open_manipulator_x_libs/bin'
[2.448s] INFO:colcon.colcon_core.shell:Creating package script '/home/robomaven/open_manipulator_ws/install/open_manipulator_x_libs/share/open_manipulator_x_libs/package.ps1'
[2.448s] INFO:colcon.colcon_core.shell:Creating package descriptor '/home/robomaven/open_manipulator_ws/install/open_manipulator_x_libs/share/open_manipulator_x_libs/package.dsv'
[2.448s] INFO:colcon.colcon_core.shell:Creating package script '/home/robomaven/open_manipulator_ws/install/open_manipulator_x_libs/share/open_manipulator_x_libs/package.sh'
[2.448s] INFO:colcon.colcon_core.shell:Creating package script '/home/robomaven/open_manipulator_ws/install/open_manipulator_x_libs/share/open_manipulator_x_libs/package.bash'
[2.448s] INFO:colcon.colcon_core.shell:Creating package script '/home/robomaven/open_manipulator_ws/install/open_manipulator_x_libs/share/open_manipulator_x_libs/package.zsh'
[2.448s] Level 1:colcon.colcon_core.environment:create_file_with_runtime_dependencies(/home/robomaven/open_manipulator_ws/install/open_manipulator_x_libs/share/colcon-core/packages/open_manipulator_x_libs)
[2.459s] DEBUG:colcon.colcon_parallel_executor.executor.parallel:closing loop
[2.459s] DEBUG:colcon.colcon_parallel_executor.executor.parallel:loop closed
[2.459s] DEBUG:colcon.colcon_parallel_executor.executor.parallel:run_until_complete finished with '1'
[2.459s] DEBUG:colcon.colcon_core.event_reactor:joining thread
[2.466s] INFO:colcon.colcon_core.plugin_system:Skipping extension 'colcon_notification.desktop_notification.terminal_notifier': Not used on non-Darwin systems
[2.466s] INFO:colcon.colcon_core.plugin_system:Skipping extension 'colcon_notification.desktop_notification.win32': Not used on non-Windows systems
[2.466s] INFO:colcon.colcon_notification.desktop_notification:Sending desktop notification using 'notify2'
[2.479s] DEBUG:colcon.colcon_core.event_reactor:joined thread
[2.479s] INFO:colcon.colcon_core.shell:Creating prefix script '/home/robomaven/open_manipulator_ws/install/local_setup.ps1'
[2.480s] INFO:colcon.colcon_core.shell:Creating prefix util module '/home/robomaven/open_manipulator_ws/install/_local_setup_util_ps1.py'
[2.482s] INFO:colcon.colcon_core.shell:Creating prefix chain script '/home/robomaven/open_manipulator_ws/install/setup.ps1'
[2.483s] INFO:colcon.colcon_core.shell:Creating prefix script '/home/robomaven/open_manipulator_ws/install/local_setup.sh'
[2.483s] INFO:colcon.colcon_core.shell:Creating prefix util module '/home/robomaven/open_manipulator_ws/install/_local_setup_util_sh.py'
[2.484s] INFO:colcon.colcon_core.shell:Creating prefix chain script '/home/robomaven/open_manipulator_ws/install/setup.sh'
[2.485s] INFO:colcon.colcon_core.shell:Creating prefix script '/home/robomaven/open_manipulator_ws/install/local_setup.bash'
[2.485s] INFO:colcon.colcon_core.shell:Creating prefix chain script '/home/robomaven/open_manipulator_ws/install/setup.bash'
[2.486s] INFO:colcon.colcon_core.shell:Creating prefix script '/home/robomaven/open_manipulator_ws/install/local_setup.zsh'
[2.486s] INFO:colcon.colcon_core.shell:Creating prefix chain script '/home/robomaven/open_manipulator_ws/install/setup.zsh'
