running egg_info
writing ../../build/snake_game/snake_game.egg-info/PKG-INFO
writing dependency_links to ../../build/snake_game/snake_game.egg-info/dependency_links.txt
writing entry points to ../../build/snake_game/snake_game.egg-info/entry_points.txt
writing requirements to ../../build/snake_game/snake_game.egg-info/requires.txt
writing top-level names to ../../build/snake_game/snake_game.egg-info/top_level.txt
reading manifest file '../../build/snake_game/snake_game.egg-info/SOURCES.txt'
writing manifest file '../../build/snake_game/snake_game.egg-info/SOURCES.txt'
running build
running build_py
copying snake_game/turtle_controller.py -> /home/robomaven/ws/snake_game_ws/build/snake_game/build/lib/snake_game
copying snake_game/turtle_spawner.py -> /home/robomaven/ws/snake_game_ws/build/snake_game/build/lib/snake_game
running install
running install_lib
copying /home/robomaven/ws/snake_game_ws/build/snake_game/build/lib/snake_game/turtle_controller.py -> /home/robomaven/ws/snake_game_ws/install/snake_game/lib/python3.10/site-packages/snake_game
copying /home/robomaven/ws/snake_game_ws/build/snake_game/build/lib/snake_game/turtle_spawner.py -> /home/robomaven/ws/snake_game_ws/install/snake_game/lib/python3.10/site-packages/snake_game
byte-compiling /home/robomaven/ws/snake_game_ws/install/snake_game/lib/python3.10/site-packages/snake_game/turtle_controller.py to turtle_controller.cpython-310.pyc
byte-compiling /home/robomaven/ws/snake_game_ws/install/snake_game/lib/python3.10/site-packages/snake_game/turtle_spawner.py to turtle_spawner.cpython-310.pyc
running install_data
running install_egg_info
removing '/home/robomaven/ws/snake_game_ws/install/snake_game/lib/python3.10/site-packages/snake_game-0.0.0-py3.10.egg-info' (and everything under it)
Copying ../../build/snake_game/snake_game.egg-info to /home/robomaven/ws/snake_game_ws/install/snake_game/lib/python3.10/site-packages/snake_game-0.0.0-py3.10.egg-info
running install_scripts
Installing turtle_spawner script to /home/robomaven/ws/snake_game_ws/install/snake_game/lib/snake_game
writing list of installed files to '/home/robomaven/ws/snake_game_ws/build/snake_game/install.log'
