[0.397s] Invoking command in '/home/robomaven/ws/snake_game_ws/src/snake_game': PYTHONPATH=/home/robomaven/ws/snake_game_ws/build/snake_game/prefix_override:/home/robomaven/ws/snake_game_ws/install/snake_game/lib/python3.10/site-packages:${PYTHONPATH} /usr/bin/python3 -W ignore:setup.py install is deprecated setup.py egg_info --egg-base ../../build/snake_game build --build-base /home/robomaven/ws/snake_game_ws/build/snake_game/build install --record /home/robomaven/ws/snake_game_ws/build/snake_game/install.log --single-version-externally-managed install_data
[0.546s] running egg_info
[0.546s] writing ../../build/snake_game/snake_game.egg-info/PKG-INFO
[0.546s] writing dependency_links to ../../build/snake_game/snake_game.egg-info/dependency_links.txt
[0.546s] writing entry points to ../../build/snake_game/snake_game.egg-info/entry_points.txt
[0.546s] writing requirements to ../../build/snake_game/snake_game.egg-info/requires.txt
[0.546s] writing top-level names to ../../build/snake_game/snake_game.egg-info/top_level.txt
[0.547s] reading manifest file '../../build/snake_game/snake_game.egg-info/SOURCES.txt'
[0.548s] writing manifest file '../../build/snake_game/snake_game.egg-info/SOURCES.txt'
[0.548s] running build
[0.548s] running build_py
[0.549s] copying snake_game/turtle_controller.py -> /home/robomaven/ws/snake_game_ws/build/snake_game/build/lib/snake_game
[0.549s] copying snake_game/turtle_spawner.py -> /home/robomaven/ws/snake_game_ws/build/snake_game/build/lib/snake_game
[0.549s] running install
[0.549s] running install_lib
[0.549s] copying /home/robomaven/ws/snake_game_ws/build/snake_game/build/lib/snake_game/turtle_controller.py -> /home/robomaven/ws/snake_game_ws/install/snake_game/lib/python3.10/site-packages/snake_game
[0.549s] copying /home/robomaven/ws/snake_game_ws/build/snake_game/build/lib/snake_game/turtle_spawner.py -> /home/robomaven/ws/snake_game_ws/install/snake_game/lib/python3.10/site-packages/snake_game
[0.549s] byte-compiling /home/robomaven/ws/snake_game_ws/install/snake_game/lib/python3.10/site-packages/snake_game/turtle_controller.py to turtle_controller.cpython-310.pyc
[0.550s] byte-compiling /home/robomaven/ws/snake_game_ws/install/snake_game/lib/python3.10/site-packages/snake_game/turtle_spawner.py to turtle_spawner.cpython-310.pyc
[0.550s] running install_data
[0.551s] running install_egg_info
[0.552s] removing '/home/robomaven/ws/snake_game_ws/install/snake_game/lib/python3.10/site-packages/snake_game-0.0.0-py3.10.egg-info' (and everything under it)
[0.552s] Copying ../../build/snake_game/snake_game.egg-info to /home/robomaven/ws/snake_game_ws/install/snake_game/lib/python3.10/site-packages/snake_game-0.0.0-py3.10.egg-info
[0.552s] running install_scripts
[0.564s] Installing turtle_spawner script to /home/robomaven/ws/snake_game_ws/install/snake_game/lib/snake_game
[0.565s] writing list of installed files to '/home/robomaven/ws/snake_game_ws/build/snake_game/install.log'
[0.579s] Invoked command in '/home/robomaven/ws/snake_game_ws/src/snake_game' returned '0': PYTHONPATH=/home/robomaven/ws/snake_game_ws/build/snake_game/prefix_override:/home/robomaven/ws/snake_game_ws/install/snake_game/lib/python3.10/site-packages:${PYTHONPATH} /usr/bin/python3 -W ignore:setup.py install is deprecated setup.py egg_info --egg-base ../../build/snake_game build --build-base /home/robomaven/ws/snake_game_ws/build/snake_game/build install --record /home/robomaven/ws/snake_game_ws/build/snake_game/install.log --single-version-externally-managed install_data
