[0.045s] Invoking command in '/home/robomaven/ws/ws_moveit2/build/srdfdom': CMAKE_PREFIX_PATH=${CMAKE_PREFIX_PATH}:/home/robomaven/ws/ws_moveit2/install/moveit_configs_utils:/home/robomaven/ws/ws_moveit2/install/launch_param_builder:/opt/ros/humble /usr/bin/cmake /home/robomaven/ws/ws_moveit2/srdfdom -DCMAKE_BUILD_TYPE=Release -DCMAKE_INSTALL_PREFIX=/home/robomaven/ws/ws_moveit2/install/srdfdom
[0.240s] -- Found ament_cmake: 1.3.9 (/opt/ros/humble/share/ament_cmake/cmake)
[0.240s] -- Found urdf: 2.6.0 (/opt/ros/humble/share/urdf/cmake)
[0.240s] -- Found TinyXML2 via Config file: TinyXML2_DIR-NOTFOUND
[0.240s] -- Found ament_cmake_gtest: 1.3.9 (/opt/ros/humble/share/ament_cmake_gtest/cmake)
[0.240s] -- Found ament_cmake_pytest: 1.3.9 (/opt/ros/humble/share/ament_cmake_pytest/cmake)
[0.554s] -- Found gtest sources under '/opt/ros/humble/src/gtest_vendor': C++ tests using 'Google Test' will be built
[0.564s] -- Found ament_lint_auto: 0.12.11 (/opt/ros/humble/share/ament_lint_auto/cmake)
[0.579s] -- Configuring done
[0.598s] -- Generating done
[0.599s] -- Build files have been written to: /home/robomaven/ws/ws_moveit2/build/srdfdom
[0.605s] Invoked command in '/home/robomaven/ws/ws_moveit2/build/srdfdom' returned '0': CMAKE_PREFIX_PATH=${CMAKE_PREFIX_PATH}:/home/robomaven/ws/ws_moveit2/install/moveit_configs_utils:/home/robomaven/ws/ws_moveit2/install/launch_param_builder:/opt/ros/humble /usr/bin/cmake /home/robomaven/ws/ws_moveit2/srdfdom -DCMAKE_BUILD_TYPE=Release -DCMAKE_INSTALL_PREFIX=/home/robomaven/ws/ws_moveit2/install/srdfdom
[0.606s] Invoking command in '/home/robomaven/ws/ws_moveit2/build/srdfdom': CMAKE_PREFIX_PATH=${CMAKE_PREFIX_PATH}:/home/robomaven/ws/ws_moveit2/install/moveit_configs_utils:/home/robomaven/ws/ws_moveit2/install/launch_param_builder:/opt/ros/humble /usr/bin/cmake --build /home/robomaven/ws/ws_moveit2/build/srdfdom -- -j20 -l20
[0.657s] [35m[1mConsolidate compiler generated dependencies of target srdfdom[0m
[0.663s] [35m[1mConsolidate compiler generated dependencies of target gtest_main[0m
[0.663s] [35m[1mConsolidate compiler generated dependencies of target gtest[0m
[0.672s] [  9%] [32mBuilding CXX object CMakeFiles/srdfdom.dir/src/srdf_writer.cpp.o[0m
[0.675s] [ 18%] [32mBuilding CXX object CMakeFiles/srdfdom.dir/src/model.cpp.o[0m
[0.679s] [ 27%] [32mBuilding CXX object gtest/CMakeFiles/gtest.dir/src/gtest-all.cc.o[0m
[0.683s] [ 36%] [32mBuilding CXX object gtest/CMakeFiles/gtest_main.dir/src/gtest_main.cc.o[0m
[0.691s] [ 36%] Built target ament_cmake_python_copy_srdfdom
[0.889s] running egg_info
[0.889s] writing srdfdom.egg-info/PKG-INFO
[0.889s] writing dependency_links to srdfdom.egg-info/dependency_links.txt
[0.889s] writing top-level names to srdfdom.egg-info/top_level.txt
[0.889s] reading manifest file 'srdfdom.egg-info/SOURCES.txt'
[0.890s] writing manifest file 'srdfdom.egg-info/SOURCES.txt'
[0.914s] [ 36%] Built target ament_cmake_python_build_srdfdom_egg
[1.469s] [ 45%] [32m[1mLinking CXX static library libgtest_main.a[0m
[1.526s] [ 45%] Built target gtest_main
[3.051s] [ 54%] [32m[1mLinking CXX shared library libsrdfdom.so[0m
[3.353s] [ 54%] Built target srdfdom
[7.148s] [ 63%] [32m[1mLinking CXX static library libgtest.a[0m
[7.191s] [ 63%] Built target gtest
[7.201s] [35m[1mConsolidate compiler generated dependencies of target test_cpp_C[0m
[7.202s] [35m[1mConsolidate compiler generated dependencies of target test_cpp_nl_NL.UTF-8[0m
[7.215s] [ 81%] [32mBuilding CXX object CMakeFiles/test_cpp_C.dir/test/test_parser.cpp.o[0m
[7.215s] [ 81%] [32mBuilding CXX object CMakeFiles/test_cpp_nl_NL.UTF-8.dir/test/test_parser.cpp.o[0m
[8.767s] [ 90%] [32m[1mLinking CXX executable test_cpp_nl_NL.UTF-8[0m
[8.842s] [ 90%] Built target test_cpp_nl_NL.UTF-8
[8.851s] [100%] [32m[1mLinking CXX executable test_cpp_C[0m
[8.922s] [100%] Built target test_cpp_C
[8.934s] Invoked command in '/home/robomaven/ws/ws_moveit2/build/srdfdom' returned '0': CMAKE_PREFIX_PATH=${CMAKE_PREFIX_PATH}:/home/robomaven/ws/ws_moveit2/install/moveit_configs_utils:/home/robomaven/ws/ws_moveit2/install/launch_param_builder:/opt/ros/humble /usr/bin/cmake --build /home/robomaven/ws/ws_moveit2/build/srdfdom -- -j20 -l20
[8.977s] Invoking command in '/home/robomaven/ws/ws_moveit2/build/srdfdom': CMAKE_PREFIX_PATH=${CMAKE_PREFIX_PATH}:/home/robomaven/ws/ws_moveit2/install/moveit_configs_utils:/home/robomaven/ws/ws_moveit2/install/launch_param_builder:/opt/ros/humble /usr/bin/cmake --install /home/robomaven/ws/ws_moveit2/build/srdfdom
[8.984s] -- Install configuration: "Release"
[8.984s] -- Installing: /home/robomaven/ws/ws_moveit2/install/srdfdom/lib/libsrdfdom.so.2.0.4
[8.985s] -- Set runtime path of "/home/robomaven/ws/ws_moveit2/install/srdfdom/lib/libsrdfdom.so.2.0.4" to ""
[8.985s] -- Up-to-date: /home/robomaven/ws/ws_moveit2/install/srdfdom/lib/libsrdfdom.so
[8.985s] -- Up-to-date: /home/robomaven/ws/ws_moveit2/install/srdfdom/include/srdfdom
[8.985s] -- Up-to-date: /home/robomaven/ws/ws_moveit2/install/srdfdom/include/srdfdom/srdf_writer.h
[8.985s] -- Up-to-date: /home/robomaven/ws/ws_moveit2/install/srdfdom/include/srdfdom/visibility_control.h
[8.985s] -- Up-to-date: /home/robomaven/ws/ws_moveit2/install/srdfdom/include/srdfdom/model.h
[8.985s] -- Up-to-date: /home/robomaven/ws/ws_moveit2/install/srdfdom/lib/srdfdom/display_srdf
[8.985s] -- Up-to-date: /home/robomaven/ws/ws_moveit2/install/srdfdom/share/srdfdom/environment/pythonpath.sh
[8.985s] -- Installing: /home/robomaven/ws/ws_moveit2/install/srdfdom/share/srdfdom/environment/pythonpath.dsv
[8.985s] -- Up-to-date: /home/robomaven/ws/ws_moveit2/install/srdfdom/local/lib/python3.10/dist-packages/srdfdom-2.0.4-py3.10.egg-info
[8.985s] -- Installing: /home/robomaven/ws/ws_moveit2/install/srdfdom/local/lib/python3.10/dist-packages/srdfdom-2.0.4-py3.10.egg-info/top_level.txt
[8.985s] -- Installing: /home/robomaven/ws/ws_moveit2/install/srdfdom/local/lib/python3.10/dist-packages/srdfdom-2.0.4-py3.10.egg-info/PKG-INFO
[8.985s] -- Installing: /home/robomaven/ws/ws_moveit2/install/srdfdom/local/lib/python3.10/dist-packages/srdfdom-2.0.4-py3.10.egg-info/SOURCES.txt
[8.985s] -- Installing: /home/robomaven/ws/ws_moveit2/install/srdfdom/local/lib/python3.10/dist-packages/srdfdom-2.0.4-py3.10.egg-info/dependency_links.txt
[8.985s] -- Up-to-date: /home/robomaven/ws/ws_moveit2/install/srdfdom/local/lib/python3.10/dist-packages/srdfdom
[8.985s] -- Up-to-date: /home/robomaven/ws/ws_moveit2/install/srdfdom/local/lib/python3.10/dist-packages/srdfdom/srdf.py
[8.986s] -- Up-to-date: /home/robomaven/ws/ws_moveit2/install/srdfdom/local/lib/python3.10/dist-packages/srdfdom/__init__.py
[9.009s] Listing '/home/robomaven/ws/ws_moveit2/install/srdfdom/local/lib/python3.10/dist-packages/srdfdom'...
[9.012s] -- Up-to-date: /home/robomaven/ws/ws_moveit2/install/srdfdom/share/srdfdom/environment/library_path.sh
[9.012s] -- Installing: /home/robomaven/ws/ws_moveit2/install/srdfdom/share/srdfdom/environment/library_path.dsv
[9.012s] -- Up-to-date: /home/robomaven/ws/ws_moveit2/install/srdfdom/share/ament_index/resource_index/package_run_dependencies/srdfdom
[9.012s] -- Installing: /home/robomaven/ws/ws_moveit2/install/srdfdom/share/ament_index/resource_index/parent_prefix_path/srdfdom
[9.012s] -- Up-to-date: /home/robomaven/ws/ws_moveit2/install/srdfdom/share/srdfdom/environment/ament_prefix_path.sh
[9.012s] -- Installing: /home/robomaven/ws/ws_moveit2/install/srdfdom/share/srdfdom/environment/ament_prefix_path.dsv
[9.012s] -- Up-to-date: /home/robomaven/ws/ws_moveit2/install/srdfdom/share/srdfdom/environment/path.sh
[9.012s] -- Installing: /home/robomaven/ws/ws_moveit2/install/srdfdom/share/srdfdom/environment/path.dsv
[9.012s] -- Up-to-date: /home/robomaven/ws/ws_moveit2/install/srdfdom/share/srdfdom/local_setup.bash
[9.012s] -- Up-to-date: /home/robomaven/ws/ws_moveit2/install/srdfdom/share/srdfdom/local_setup.sh
[9.012s] -- Up-to-date: /home/robomaven/ws/ws_moveit2/install/srdfdom/share/srdfdom/local_setup.zsh
[9.013s] -- Installing: /home/robomaven/ws/ws_moveit2/install/srdfdom/share/srdfdom/local_setup.dsv
[9.013s] -- Installing: /home/robomaven/ws/ws_moveit2/install/srdfdom/share/srdfdom/package.dsv
[9.013s] -- Up-to-date: /home/robomaven/ws/ws_moveit2/install/srdfdom/share/ament_index/resource_index/packages/srdfdom
[9.013s] -- Up-to-date: /home/robomaven/ws/ws_moveit2/install/srdfdom/share/srdfdom/cmake/srdfdomTargetsExport.cmake
[9.013s] -- Up-to-date: /home/robomaven/ws/ws_moveit2/install/srdfdom/share/srdfdom/cmake/srdfdomTargetsExport-release.cmake
[9.013s] -- Up-to-date: /home/robomaven/ws/ws_moveit2/install/srdfdom/share/srdfdom/cmake/ament_cmake_export_targets-extras.cmake
[9.013s] -- Up-to-date: /home/robomaven/ws/ws_moveit2/install/srdfdom/share/srdfdom/cmake/ament_cmake_export_dependencies-extras.cmake
[9.013s] -- Up-to-date: /home/robomaven/ws/ws_moveit2/install/srdfdom/share/srdfdom/cmake/srdfdomConfig.cmake
[9.013s] -- Up-to-date: /home/robomaven/ws/ws_moveit2/install/srdfdom/share/srdfdom/cmake/srdfdomConfig-version.cmake
[9.013s] -- Up-to-date: /home/robomaven/ws/ws_moveit2/install/srdfdom/share/srdfdom/package.xml
[9.015s] Invoked command in '/home/robomaven/ws/ws_moveit2/build/srdfdom' returned '0': CMAKE_PREFIX_PATH=${CMAKE_PREFIX_PATH}:/home/robomaven/ws/ws_moveit2/install/moveit_configs_utils:/home/robomaven/ws/ws_moveit2/install/launch_param_builder:/opt/ros/humble /usr/bin/cmake --install /home/robomaven/ws/ws_moveit2/build/srdfdom
