[0.006s] Invoking command in '/home/robomaven/activity1_ws/build/activity1_robot_bringup': CMAKE_PREFIX_PATH=${CMAKE_PREFIX_PATH}:/home/robomaven/ros2_ws/install/my_py_pkg:/home/robomaven/activity1_ws/install/activity1_py_pkg:/opt/ros/humble /usr/bin/cmake /home/robomaven/activity1_ws/src/activity1_robot_bringup -DCMAKE_INSTALL_PREFIX=/home/robomaven/activity1_ws/install/activity1_robot_bringup
[0.080s] -- The C compiler identification is GNU 11.4.0
[0.137s] -- The CXX compiler identification is GNU 11.4.0
[0.142s] -- Detecting C compiler ABI info
[0.205s] -- Detecting C compiler ABI info - done
[0.214s] -- Check for working C compiler: /usr/bin/cc - skipped
[0.214s] -- Detecting C compile features
[0.215s] -- Detecting C compile features - done
[0.218s] -- Detecting CXX compiler ABI info
[0.287s] -- Detecting CXX compiler ABI info - done
[0.293s] -- Check for working CXX compiler: /usr/bin/c++ - skipped
[0.293s] -- Detecting CXX compile features
[0.294s] -- Detecting CXX compile features - done
[0.297s] -- Found ament_cmake: 1.3.8 (/opt/ros/humble/share/ament_cmake/cmake)
[0.415s] -- Found Python3: /usr/bin/python3 (found version "3.10.12") found components: Interpreter 
[0.532s] -- Configuring done
[0.534s] -- Generating done
[0.534s] -- Build files have been written to: /home/robomaven/activity1_ws/build/activity1_robot_bringup
[0.538s] Invoked command in '/home/robomaven/activity1_ws/build/activity1_robot_bringup' returned '0': CMAKE_PREFIX_PATH=${CMAKE_PREFIX_PATH}:/home/robomaven/ros2_ws/install/my_py_pkg:/home/robomaven/activity1_ws/install/activity1_py_pkg:/opt/ros/humble /usr/bin/cmake /home/robomaven/activity1_ws/src/activity1_robot_bringup -DCMAKE_INSTALL_PREFIX=/home/robomaven/activity1_ws/install/activity1_robot_bringup
[0.538s] Invoking command in '/home/robomaven/activity1_ws/build/activity1_robot_bringup': CMAKE_PREFIX_PATH=${CMAKE_PREFIX_PATH}:/home/robomaven/ros2_ws/install/my_py_pkg:/home/robomaven/activity1_ws/install/activity1_py_pkg:/opt/ros/humble /usr/bin/cmake --build /home/robomaven/activity1_ws/build/activity1_robot_bringup -- -j20 -l20
[0.568s] Invoked command in '/home/robomaven/activity1_ws/build/activity1_robot_bringup' returned '0': CMAKE_PREFIX_PATH=${CMAKE_PREFIX_PATH}:/home/robomaven/ros2_ws/install/my_py_pkg:/home/robomaven/activity1_ws/install/activity1_py_pkg:/opt/ros/humble /usr/bin/cmake --build /home/robomaven/activity1_ws/build/activity1_robot_bringup -- -j20 -l20
[0.600s] Invoking command in '/home/robomaven/activity1_ws/build/activity1_robot_bringup': CMAKE_PREFIX_PATH=${CMAKE_PREFIX_PATH}:/home/robomaven/ros2_ws/install/my_py_pkg:/home/robomaven/activity1_ws/install/activity1_py_pkg:/opt/ros/humble /usr/bin/cmake --install /home/robomaven/activity1_ws/build/activity1_robot_bringup
[0.609s] -- Install configuration: ""
[0.609s] -- Installing: /home/robomaven/activity1_ws/install/activity1_robot_bringup/share/activity1_robot_bringup/launch
[0.609s] -- Installing: /home/robomaven/activity1_ws/install/activity1_robot_bringup/share/activity1_robot_bringup/launch/number_app.launch.py
[0.609s] -- Installing: /home/robomaven/activity1_ws/install/activity1_robot_bringup/share/ament_index/resource_index/package_run_dependencies/activity1_robot_bringup
[0.610s] -- Installing: /home/robomaven/activity1_ws/install/activity1_robot_bringup/share/ament_index/resource_index/parent_prefix_path/activity1_robot_bringup
[0.610s] -- Installing: /home/robomaven/activity1_ws/install/activity1_robot_bringup/share/activity1_robot_bringup/environment/ament_prefix_path.sh
[0.610s] -- Installing: /home/robomaven/activity1_ws/install/activity1_robot_bringup/share/activity1_robot_bringup/environment/ament_prefix_path.dsv
[0.610s] -- Installing: /home/robomaven/activity1_ws/install/activity1_robot_bringup/share/activity1_robot_bringup/environment/path.sh
[0.610s] -- Installing: /home/robomaven/activity1_ws/install/activity1_robot_bringup/share/activity1_robot_bringup/environment/path.dsv
[0.610s] -- Installing: /home/robomaven/activity1_ws/install/activity1_robot_bringup/share/activity1_robot_bringup/local_setup.bash
[0.610s] -- Installing: /home/robomaven/activity1_ws/install/activity1_robot_bringup/share/activity1_robot_bringup/local_setup.sh
[0.611s] -- Installing: /home/robomaven/activity1_ws/install/activity1_robot_bringup/share/activity1_robot_bringup/local_setup.zsh
[0.611s] -- Installing: /home/robomaven/activity1_ws/install/activity1_robot_bringup/share/activity1_robot_bringup/local_setup.dsv
[0.611s] -- Installing: /home/robomaven/activity1_ws/install/activity1_robot_bringup/share/activity1_robot_bringup/package.dsv
[0.611s] -- Installing: /home/robomaven/activity1_ws/install/activity1_robot_bringup/share/ament_index/resource_index/packages/activity1_robot_bringup
[0.611s] -- Installing: /home/robomaven/activity1_ws/install/activity1_robot_bringup/share/activity1_robot_bringup/cmake/activity1_robot_bringupConfig.cmake
[0.611s] -- Installing: /home/robomaven/activity1_ws/install/activity1_robot_bringup/share/activity1_robot_bringup/cmake/activity1_robot_bringupConfig-version.cmake
[0.612s] -- Installing: /home/robomaven/activity1_ws/install/activity1_robot_bringup/share/activity1_robot_bringup/package.xml
[0.614s] Invoked command in '/home/robomaven/activity1_ws/build/activity1_robot_bringup' returned '0': CMAKE_PREFIX_PATH=${CMAKE_PREFIX_PATH}:/home/robomaven/ros2_ws/install/my_py_pkg:/home/robomaven/activity1_ws/install/activity1_py_pkg:/opt/ros/humble /usr/bin/cmake --install /home/robomaven/activity1_ws/build/activity1_robot_bringup
