[0.010s] Invoking command in '/home/robomaven/ws/project1_ws/build/turtlebot3_simulations': CMAKE_PREFIX_PATH=/home/robomaven/ws/project1_ws/install/turtlebot3_gazebo:/home/robomaven/ws/project1_ws/install/turtlebot3_fake_node:/home/robomaven/ws/project1_ws/install/turtlebot3_simulations:/home/robomaven/ws/ros2_ws2/install/my_robot_bringup:/home/robomaven/ws/ros2_ws2/install/my_robot_description:/home/robomaven/ws/tb3_ws/install/turtlebot3_simulations:/home/robomaven/ws/tb3_ws/install/turtlebot3_gazebo:/home/robomaven/ws/tb3_ws/install/turtlebot3_fake_node:/opt/ros/humble /usr/bin/cmake --build /home/robomaven/ws/project1_ws/build/turtlebot3_simulations -- -j20 -l20
[0.056s] Invoked command in '/home/robomaven/ws/project1_ws/build/turtlebot3_simulations' returned '0': CMAKE_PREFIX_PATH=/home/robomaven/ws/project1_ws/install/turtlebot3_gazebo:/home/robomaven/ws/project1_ws/install/turtlebot3_fake_node:/home/robomaven/ws/project1_ws/install/turtlebot3_simulations:/home/robomaven/ws/ros2_ws2/install/my_robot_bringup:/home/robomaven/ws/ros2_ws2/install/my_robot_description:/home/robomaven/ws/tb3_ws/install/turtlebot3_simulations:/home/robomaven/ws/tb3_ws/install/turtlebot3_gazebo:/home/robomaven/ws/tb3_ws/install/turtlebot3_fake_node:/opt/ros/humble /usr/bin/cmake --build /home/robomaven/ws/project1_ws/build/turtlebot3_simulations -- -j20 -l20
[0.079s] Invoking command in '/home/robomaven/ws/project1_ws/build/turtlebot3_simulations': CMAKE_PREFIX_PATH=/home/robomaven/ws/project1_ws/install/turtlebot3_gazebo:/home/robomaven/ws/project1_ws/install/turtlebot3_fake_node:/home/robomaven/ws/project1_ws/install/turtlebot3_simulations:/home/robomaven/ws/ros2_ws2/install/my_robot_bringup:/home/robomaven/ws/ros2_ws2/install/my_robot_description:/home/robomaven/ws/tb3_ws/install/turtlebot3_simulations:/home/robomaven/ws/tb3_ws/install/turtlebot3_gazebo:/home/robomaven/ws/tb3_ws/install/turtlebot3_fake_node:/opt/ros/humble /usr/bin/cmake --install /home/robomaven/ws/project1_ws/build/turtlebot3_simulations
[0.088s] -- Install configuration: ""
[0.088s] -- Up-to-date: /home/robomaven/ws/project1_ws/install/turtlebot3_simulations/share/ament_index/resource_index/package_run_dependencies/turtlebot3_simulations
[0.089s] -- Up-to-date: /home/robomaven/ws/project1_ws/install/turtlebot3_simulations/share/ament_index/resource_index/parent_prefix_path/turtlebot3_simulations
[0.089s] -- Up-to-date: /home/robomaven/ws/project1_ws/install/turtlebot3_simulations/share/turtlebot3_simulations/environment/ament_prefix_path.sh
[0.089s] -- Up-to-date: /home/robomaven/ws/project1_ws/install/turtlebot3_simulations/share/turtlebot3_simulations/environment/ament_prefix_path.dsv
[0.089s] -- Up-to-date: /home/robomaven/ws/project1_ws/install/turtlebot3_simulations/share/turtlebot3_simulations/environment/path.sh
[0.089s] -- Up-to-date: /home/robomaven/ws/project1_ws/install/turtlebot3_simulations/share/turtlebot3_simulations/environment/path.dsv
[0.089s] -- Up-to-date: /home/robomaven/ws/project1_ws/install/turtlebot3_simulations/share/turtlebot3_simulations/local_setup.bash
[0.089s] -- Up-to-date: /home/robomaven/ws/project1_ws/install/turtlebot3_simulations/share/turtlebot3_simulations/local_setup.sh
[0.089s] -- Up-to-date: /home/robomaven/ws/project1_ws/install/turtlebot3_simulations/share/turtlebot3_simulations/local_setup.zsh
[0.089s] -- Up-to-date: /home/robomaven/ws/project1_ws/install/turtlebot3_simulations/share/turtlebot3_simulations/local_setup.dsv
[0.089s] -- Installing: /home/robomaven/ws/project1_ws/install/turtlebot3_simulations/share/turtlebot3_simulations/package.dsv
[0.090s] -- Up-to-date: /home/robomaven/ws/project1_ws/install/turtlebot3_simulations/share/ament_index/resource_index/packages/turtlebot3_simulations
[0.090s] -- Up-to-date: /home/robomaven/ws/project1_ws/install/turtlebot3_simulations/share/turtlebot3_simulations/cmake/turtlebot3_simulationsConfig.cmake
[0.090s] -- Up-to-date: /home/robomaven/ws/project1_ws/install/turtlebot3_simulations/share/turtlebot3_simulations/cmake/turtlebot3_simulationsConfig-version.cmake
[0.090s] -- Up-to-date: /home/robomaven/ws/project1_ws/install/turtlebot3_simulations/share/turtlebot3_simulations/package.xml
[0.092s] Invoked command in '/home/robomaven/ws/project1_ws/build/turtlebot3_simulations' returned '0': CMAKE_PREFIX_PATH=/home/robomaven/ws/project1_ws/install/turtlebot3_gazebo:/home/robomaven/ws/project1_ws/install/turtlebot3_fake_node:/home/robomaven/ws/project1_ws/install/turtlebot3_simulations:/home/robomaven/ws/ros2_ws2/install/my_robot_bringup:/home/robomaven/ws/ros2_ws2/install/my_robot_description:/home/robomaven/ws/tb3_ws/install/turtlebot3_simulations:/home/robomaven/ws/tb3_ws/install/turtlebot3_gazebo:/home/robomaven/ws/tb3_ws/install/turtlebot3_fake_node:/opt/ros/humble /usr/bin/cmake --install /home/robomaven/ws/project1_ws/build/turtlebot3_simulations
