[0.007s] Invoking command in '/home/robomaven/activity1_ws/build/activity1_interfaces': CMAKE_PREFIX_PATH=${CMAKE_PREFIX_PATH}:/home/robomaven/ros2_ws/install/my_py_pkg:/home/robomaven/activity1_ws/install/activity1_py_pkg:/opt/ros/humble /usr/bin/cmake /home/robomaven/activity1_ws/src/activity1_interfaces -DCMAKE_INSTALL_PREFIX=/home/robomaven/activity1_ws/install/activity1_interfaces
[0.061s] -- The C compiler identification is GNU 11.4.0
[0.109s] -- The CXX compiler identification is GNU 11.4.0
[0.114s] -- Detecting C compiler ABI info
[0.181s] -- Detecting C compiler ABI info - done
[0.191s] -- Check for working C compiler: /usr/bin/cc - skipped
[0.191s] -- Detecting C compile features
[0.191s] -- Detecting C compile features - done
[0.195s] -- Detecting CXX compiler ABI info
[0.276s] -- Detecting CXX compiler ABI info - done
[0.281s] -- Check for working CXX compiler: /usr/bin/c++ - skipped
[0.281s] -- Detecting CXX compile features
[0.282s] -- Detecting CXX compile features - done
[0.285s] -- Found ament_cmake: 1.3.8 (/opt/ros/humble/share/ament_cmake/cmake)
[0.396s] -- Found Python3: /usr/bin/python3 (found version "3.10.12") found components: Interpreter 
[0.473s] -- Found rosidl_default_generators: 1.2.0 (/opt/ros/humble/share/rosidl_default_generators/cmake)
[0.477s] -- Using all available rosidl_typesupport_c: rosidl_typesupport_fastrtps_c;rosidl_typesupport_introspection_c
[0.482s] -- Found rosidl_adapter: 3.1.5 (/opt/ros/humble/share/rosidl_adapter/cmake)
[0.512s] -- Using all available rosidl_typesupport_cpp: rosidl_typesupport_fastrtps_cpp;rosidl_typesupport_introspection_cpp
[0.714s] -- Found ament_cmake_ros: 0.10.0 (/opt/ros/humble/share/ament_cmake_ros/cmake)
[0.852s] -- Using all available rosidl_typesupport_c: rosidl_typesupport_fastrtps_c;rosidl_typesupport_introspection_c
[1.027s] -- Using all available rosidl_typesupport_cpp: rosidl_typesupport_fastrtps_cpp;rosidl_typesupport_introspection_cpp
[1.048s] -- Found PythonInterp: /usr/bin/python3 (found suitable version "3.10.12", minimum required is "3.6") 
[1.049s] -- Found python_cmake_module: 0.10.0 (/opt/ros/humble/share/python_cmake_module/cmake)
[1.070s] -- Found PythonLibs: /usr/lib/x86_64-linux-gnu/libpython3.10.so (found suitable version "3.10.12", minimum required is "3.5") 
[1.070s] -- Using PYTHON_EXECUTABLE: /usr/bin/python3
[1.070s] -- Using PYTHON_INCLUDE_DIRS: /usr/include/python3.10
[1.070s] -- Using PYTHON_LIBRARIES: /usr/lib/x86_64-linux-gnu/libpython3.10.so
[1.089s] -- Found PythonExtra: .so  
[1.117s] -- Configuring done
[1.134s] -- Generating done
[1.135s] -- Build files have been written to: /home/robomaven/activity1_ws/build/activity1_interfaces
[1.139s] Invoked command in '/home/robomaven/activity1_ws/build/activity1_interfaces' returned '0': CMAKE_PREFIX_PATH=${CMAKE_PREFIX_PATH}:/home/robomaven/ros2_ws/install/my_py_pkg:/home/robomaven/activity1_ws/install/activity1_py_pkg:/opt/ros/humble /usr/bin/cmake /home/robomaven/activity1_ws/src/activity1_interfaces -DCMAKE_INSTALL_PREFIX=/home/robomaven/activity1_ws/install/activity1_interfaces
[1.140s] Invoking command in '/home/robomaven/activity1_ws/build/activity1_interfaces': CMAKE_PREFIX_PATH=${CMAKE_PREFIX_PATH}:/home/robomaven/ros2_ws/install/my_py_pkg:/home/robomaven/activity1_ws/install/activity1_py_pkg:/opt/ros/humble /usr/bin/cmake --build /home/robomaven/activity1_ws/build/activity1_interfaces -- -j20 -l20
[1.168s] [  2%] [34m[1mGenerating C code for ROS interfaces[0m
[1.175s] [  5%] [34m[1mGenerating C++ code for ROS interfaces[0m
[1.181s] [  5%] Built target ament_cmake_python_copy_activity1_interfaces
[1.331s] running egg_info
[1.331s] creating activity1_interfaces.egg-info
[1.331s] writing activity1_interfaces.egg-info/PKG-INFO
[1.331s] writing dependency_links to activity1_interfaces.egg-info/dependency_links.txt
[1.332s] writing top-level names to activity1_interfaces.egg-info/top_level.txt
[1.332s] writing manifest file 'activity1_interfaces.egg-info/SOURCES.txt'
[1.333s] reading manifest file 'activity1_interfaces.egg-info/SOURCES.txt'
[1.333s] writing manifest file 'activity1_interfaces.egg-info/SOURCES.txt'
[1.351s] [  5%] Built target ament_cmake_python_build_activity1_interfaces_egg
[1.385s] [  5%] Built target activity1_interfaces__cpp
[1.391s] [ 10%] [32mBuilding C object CMakeFiles/activity1_interfaces__rosidl_generator_c.dir/rosidl_generator_c/activity1_interfaces/msg/detail/panel__functions.c.o[0m
[1.391s] [ 10%] [34m[1mGenerating C++ type support dispatch for ROS interfaces[0m
[1.391s] [ 12%] [32mBuilding C object CMakeFiles/activity1_interfaces__rosidl_generator_c.dir/rosidl_generator_c/activity1_interfaces/srv/detail/set_led__functions.c.o[0m
[1.391s] [ 17%] [34m[1mGenerating C++ type support for eProsima Fast-RTPS[0m
[1.391s] [ 17%] [34m[1mGenerating C++ introspection for ROS interfaces[0m
[1.427s] [ 20%] [32m[1mLinking C shared library libactivity1_interfaces__rosidl_generator_c.so[0m
[1.452s] [ 20%] Built target activity1_interfaces__rosidl_generator_c
[1.459s] [ 28%] [34m[1mGenerating C type support dispatch for ROS interfaces[0m
[1.459s] [ 28%] [34m[1mGenerating C type support for eProsima Fast-RTPS[0m
[1.459s] [ 28%] [34m[1mGenerating C introspection for ROS interfaces[0m
[1.571s] [ 30%] [32mBuilding CXX object CMakeFiles/activity1_interfaces__rosidl_typesupport_cpp.dir/rosidl_typesupport_cpp/activity1_interfaces/msg/panel__type_support.cpp.o[0m
[1.578s] [ 33%] [32mBuilding CXX object CMakeFiles/activity1_interfaces__rosidl_typesupport_cpp.dir/rosidl_typesupport_cpp/activity1_interfaces/srv/set_led__type_support.cpp.o[0m
[1.591s] [ 38%] [32mBuilding CXX object CMakeFiles/activity1_interfaces__rosidl_typesupport_introspection_cpp.dir/rosidl_typesupport_introspection_cpp/activity1_interfaces/srv/detail/set_led__type_support.cpp.o[0m
[1.591s] [ 38%] [32mBuilding CXX object CMakeFiles/activity1_interfaces__rosidl_typesupport_introspection_cpp.dir/rosidl_typesupport_introspection_cpp/activity1_interfaces/msg/detail/panel__type_support.cpp.o[0m
[1.601s] [ 41%] [32mBuilding CXX object CMakeFiles/activity1_interfaces__rosidl_typesupport_fastrtps_cpp.dir/rosidl_typesupport_fastrtps_cpp/activity1_interfaces/msg/detail/dds_fastrtps/panel__type_support.cpp.o[0m
[1.604s] [ 43%] [32mBuilding CXX object CMakeFiles/activity1_interfaces__rosidl_typesupport_fastrtps_cpp.dir/rosidl_typesupport_fastrtps_cpp/activity1_interfaces/srv/detail/dds_fastrtps/set_led__type_support.cpp.o[0m
[1.642s] [ 46%] [32mBuilding CXX object CMakeFiles/activity1_interfaces__rosidl_typesupport_c.dir/rosidl_typesupport_c/activity1_interfaces/msg/panel__type_support.cpp.o[0m
[1.646s] [ 48%] [32mBuilding CXX object CMakeFiles/activity1_interfaces__rosidl_typesupport_c.dir/rosidl_typesupport_c/activity1_interfaces/srv/set_led__type_support.cpp.o[0m
[1.671s] [ 51%] [32mBuilding CXX object CMakeFiles/activity1_interfaces__rosidl_typesupport_fastrtps_c.dir/rosidl_typesupport_fastrtps_c/activity1_interfaces/msg/detail/panel__type_support_c.cpp.o[0m
[1.675s] [ 53%] [32mBuilding CXX object CMakeFiles/activity1_interfaces__rosidl_typesupport_fastrtps_c.dir/rosidl_typesupport_fastrtps_c/activity1_interfaces/srv/detail/set_led__type_support_c.cpp.o[0m
[1.678s] [ 56%] [32m[1mLinking CXX shared library libactivity1_interfaces__rosidl_typesupport_c.so[0m
[1.696s] [ 61%] [32mBuilding C object CMakeFiles/activity1_interfaces__rosidl_typesupport_introspection_c.dir/rosidl_typesupport_introspection_c/activity1_interfaces/msg/detail/panel__type_support.c.o[0m
[1.696s] [ 61%] [32mBuilding C object CMakeFiles/activity1_interfaces__rosidl_typesupport_introspection_c.dir/rosidl_typesupport_introspection_c/activity1_interfaces/srv/detail/set_led__type_support.c.o[0m
[1.707s] [ 61%] Built target activity1_interfaces__rosidl_typesupport_c
[1.732s] [ 64%] [32m[1mLinking C shared library libactivity1_interfaces__rosidl_typesupport_introspection_c.so[0m
[1.753s] [ 64%] Built target activity1_interfaces__rosidl_typesupport_introspection_c
[1.809s] [ 66%] [32m[1mLinking CXX shared library libactivity1_interfaces__rosidl_typesupport_cpp.so[0m
[1.835s] [ 69%] [32m[1mLinking CXX shared library libactivity1_interfaces__rosidl_typesupport_introspection_cpp.so[0m
[1.836s] [ 69%] Built target activity1_interfaces__rosidl_typesupport_cpp
[1.862s] [ 69%] Built target activity1_interfaces__rosidl_typesupport_introspection_cpp
[1.920s] [ 71%] [32m[1mLinking CXX shared library libactivity1_interfaces__rosidl_typesupport_fastrtps_c.so[0m
[1.952s] [ 74%] [32m[1mLinking CXX shared library libactivity1_interfaces__rosidl_typesupport_fastrtps_cpp.so[0m
[1.968s] [ 74%] Built target activity1_interfaces__rosidl_typesupport_fastrtps_c
[2.001s] [ 74%] Built target activity1_interfaces__rosidl_typesupport_fastrtps_cpp
[2.017s] [ 74%] Built target activity1_interfaces
[2.038s] [ 76%] [34m[1mGenerating Python code for ROS interfaces[0m
[2.339s] [ 76%] Built target activity1_interfaces__py
[2.352s] [ 79%] [32mBuilding C object CMakeFiles/activity1_interfaces__rosidl_generator_py.dir/rosidl_generator_py/activity1_interfaces/msg/_panel_s.c.o[0m
[2.352s] [ 82%] [32mBuilding C object CMakeFiles/activity1_interfaces__rosidl_generator_py.dir/rosidl_generator_py/activity1_interfaces/srv/_set_led_s.c.o[0m
[2.414s] [ 84%] [32m[1mLinking C shared library rosidl_generator_py/activity1_interfaces/libactivity1_interfaces__rosidl_generator_py.so[0m
[2.443s] [ 84%] Built target activity1_interfaces__rosidl_generator_py
[2.455s] [ 87%] [32mBuilding C object CMakeFiles/activity1_interfaces__rosidl_typesupport_fastrtps_c__pyext.dir/rosidl_generator_py/activity1_interfaces/_activity1_interfaces_s.ep.rosidl_typesupport_fastrtps_c.c.o[0m
[2.455s] [ 89%] [32mBuilding C object CMakeFiles/activity1_interfaces__rosidl_typesupport_introspection_c__pyext.dir/rosidl_generator_py/activity1_interfaces/_activity1_interfaces_s.ep.rosidl_typesupport_introspection_c.c.o[0m
[2.455s] [ 92%] [32mBuilding C object CMakeFiles/activity1_interfaces__rosidl_typesupport_c__pyext.dir/rosidl_generator_py/activity1_interfaces/_activity1_interfaces_s.ep.rosidl_typesupport_c.c.o[0m
[2.513s] [ 97%] [32m[1mLinking C shared library rosidl_generator_py/activity1_interfaces/activity1_interfaces_s__rosidl_typesupport_introspection_c.cpython-310-x86_64-linux-gnu.so[0m
[2.514s] [ 97%] [32m[1mLinking C shared library rosidl_generator_py/activity1_interfaces/activity1_interfaces_s__rosidl_typesupport_c.cpython-310-x86_64-linux-gnu.so[0m
[2.515s] [100%] [32m[1mLinking C shared library rosidl_generator_py/activity1_interfaces/activity1_interfaces_s__rosidl_typesupport_fastrtps_c.cpython-310-x86_64-linux-gnu.so[0m
[2.535s] [100%] Built target activity1_interfaces__rosidl_typesupport_c__pyext
[2.535s] [100%] Built target activity1_interfaces__rosidl_typesupport_introspection_c__pyext
[2.536s] [100%] Built target activity1_interfaces__rosidl_typesupport_fastrtps_c__pyext
[2.544s] Invoked command in '/home/robomaven/activity1_ws/build/activity1_interfaces' returned '0': CMAKE_PREFIX_PATH=${CMAKE_PREFIX_PATH}:/home/robomaven/ros2_ws/install/my_py_pkg:/home/robomaven/activity1_ws/install/activity1_py_pkg:/opt/ros/humble /usr/bin/cmake --build /home/robomaven/activity1_ws/build/activity1_interfaces -- -j20 -l20
[2.641s] Invoking command in '/home/robomaven/activity1_ws/build/activity1_interfaces': CMAKE_PREFIX_PATH=${CMAKE_PREFIX_PATH}:/home/robomaven/ros2_ws/install/my_py_pkg:/home/robomaven/activity1_ws/install/activity1_py_pkg:/opt/ros/humble /usr/bin/cmake --install /home/robomaven/activity1_ws/build/activity1_interfaces
[2.652s] -- Install configuration: ""
[2.652s] -- Installing: /home/robomaven/activity1_ws/install/activity1_interfaces/share/ament_index/resource_index/rosidl_interfaces/activity1_interfaces
[2.652s] -- Installing: /home/robomaven/activity1_ws/install/activity1_interfaces/include/activity1_interfaces/activity1_interfaces
[2.652s] -- Installing: /home/robomaven/activity1_ws/install/activity1_interfaces/include/activity1_interfaces/activity1_interfaces/srv
[2.652s] -- Installing: /home/robomaven/activity1_ws/install/activity1_interfaces/include/activity1_interfaces/activity1_interfaces/srv/set_led.h
[2.652s] -- Installing: /home/robomaven/activity1_ws/install/activity1_interfaces/include/activity1_interfaces/activity1_interfaces/srv/detail
[2.652s] -- Installing: /home/robomaven/activity1_ws/install/activity1_interfaces/include/activity1_interfaces/activity1_interfaces/srv/detail/set_led__type_support.h
[2.652s] -- Installing: /home/robomaven/activity1_ws/install/activity1_interfaces/include/activity1_interfaces/activity1_interfaces/srv/detail/set_led__functions.h
[2.653s] -- Installing: /home/robomaven/activity1_ws/install/activity1_interfaces/include/activity1_interfaces/activity1_interfaces/srv/detail/set_led__struct.h
[2.653s] -- Installing: /home/robomaven/activity1_ws/install/activity1_interfaces/include/activity1_interfaces/activity1_interfaces/srv/detail/set_led__functions.c
[2.653s] -- Installing: /home/robomaven/activity1_ws/install/activity1_interfaces/include/activity1_interfaces/activity1_interfaces/msg
[2.653s] -- Installing: /home/robomaven/activity1_ws/install/activity1_interfaces/include/activity1_interfaces/activity1_interfaces/msg/rosidl_generator_c__visibility_control.h
[2.653s] -- Installing: /home/robomaven/activity1_ws/install/activity1_interfaces/include/activity1_interfaces/activity1_interfaces/msg/detail
[2.653s] -- Installing: /home/robomaven/activity1_ws/install/activity1_interfaces/include/activity1_interfaces/activity1_interfaces/msg/detail/panel__type_support.h
[2.653s] -- Installing: /home/robomaven/activity1_ws/install/activity1_interfaces/include/activity1_interfaces/activity1_interfaces/msg/detail/panel__functions.c
[2.653s] -- Installing: /home/robomaven/activity1_ws/install/activity1_interfaces/include/activity1_interfaces/activity1_interfaces/msg/detail/panel__functions.h
[2.653s] -- Installing: /home/robomaven/activity1_ws/install/activity1_interfaces/include/activity1_interfaces/activity1_interfaces/msg/detail/panel__struct.h
[2.653s] -- Installing: /home/robomaven/activity1_ws/install/activity1_interfaces/include/activity1_interfaces/activity1_interfaces/msg/panel.h
[2.653s] -- Installing: /home/robomaven/activity1_ws/install/activity1_interfaces/share/activity1_interfaces/environment/library_path.sh
[2.653s] -- Installing: /home/robomaven/activity1_ws/install/activity1_interfaces/share/activity1_interfaces/environment/library_path.dsv
[2.654s] -- Installing: /home/robomaven/activity1_ws/install/activity1_interfaces/lib/libactivity1_interfaces__rosidl_generator_c.so
[2.654s] -- Set runtime path of "/home/robomaven/activity1_ws/install/activity1_interfaces/lib/libactivity1_interfaces__rosidl_generator_c.so" to ""
[2.654s] -- Up-to-date: /home/robomaven/activity1_ws/install/activity1_interfaces/include/activity1_interfaces/activity1_interfaces
[2.654s] -- Up-to-date: /home/robomaven/activity1_ws/install/activity1_interfaces/include/activity1_interfaces/activity1_interfaces/srv
[2.654s] -- Up-to-date: /home/robomaven/activity1_ws/install/activity1_interfaces/include/activity1_interfaces/activity1_interfaces/srv/detail
[2.654s] -- Installing: /home/robomaven/activity1_ws/install/activity1_interfaces/include/activity1_interfaces/activity1_interfaces/srv/detail/set_led__rosidl_typesupport_fastrtps_c.h
[2.654s] -- Up-to-date: /home/robomaven/activity1_ws/install/activity1_interfaces/include/activity1_interfaces/activity1_interfaces/msg
[2.654s] -- Up-to-date: /home/robomaven/activity1_ws/install/activity1_interfaces/include/activity1_interfaces/activity1_interfaces/msg/detail
[2.654s] -- Installing: /home/robomaven/activity1_ws/install/activity1_interfaces/include/activity1_interfaces/activity1_interfaces/msg/detail/panel__rosidl_typesupport_fastrtps_c.h
[2.654s] -- Installing: /home/robomaven/activity1_ws/install/activity1_interfaces/include/activity1_interfaces/activity1_interfaces/msg/rosidl_typesupport_fastrtps_c__visibility_control.h
[2.654s] -- Installing: /home/robomaven/activity1_ws/install/activity1_interfaces/lib/libactivity1_interfaces__rosidl_typesupport_fastrtps_c.so
[2.654s] -- Set runtime path of "/home/robomaven/activity1_ws/install/activity1_interfaces/lib/libactivity1_interfaces__rosidl_typesupport_fastrtps_c.so" to ""
[2.655s] -- Up-to-date: /home/robomaven/activity1_ws/install/activity1_interfaces/include/activity1_interfaces/activity1_interfaces
[2.655s] -- Up-to-date: /home/robomaven/activity1_ws/install/activity1_interfaces/include/activity1_interfaces/activity1_interfaces/srv
[2.655s] -- Up-to-date: /home/robomaven/activity1_ws/install/activity1_interfaces/include/activity1_interfaces/activity1_interfaces/srv/detail
[2.655s] -- Installing: /home/robomaven/activity1_ws/install/activity1_interfaces/include/activity1_interfaces/activity1_interfaces/srv/detail/set_led__rosidl_typesupport_introspection_c.h
[2.655s] -- Installing: /home/robomaven/activity1_ws/install/activity1_interfaces/include/activity1_interfaces/activity1_interfaces/srv/detail/set_led__type_support.c
[2.655s] -- Up-to-date: /home/robomaven/activity1_ws/install/activity1_interfaces/include/activity1_interfaces/activity1_interfaces/msg
[2.655s] -- Installing: /home/robomaven/activity1_ws/install/activity1_interfaces/include/activity1_interfaces/activity1_interfaces/msg/rosidl_typesupport_introspection_c__visibility_control.h
[2.655s] -- Up-to-date: /home/robomaven/activity1_ws/install/activity1_interfaces/include/activity1_interfaces/activity1_interfaces/msg/detail
[2.655s] -- Installing: /home/robomaven/activity1_ws/install/activity1_interfaces/include/activity1_interfaces/activity1_interfaces/msg/detail/panel__type_support.c
[2.655s] -- Installing: /home/robomaven/activity1_ws/install/activity1_interfaces/include/activity1_interfaces/activity1_interfaces/msg/detail/panel__rosidl_typesupport_introspection_c.h
[2.655s] -- Installing: /home/robomaven/activity1_ws/install/activity1_interfaces/lib/libactivity1_interfaces__rosidl_typesupport_introspection_c.so
[2.655s] -- Set runtime path of "/home/robomaven/activity1_ws/install/activity1_interfaces/lib/libactivity1_interfaces__rosidl_typesupport_introspection_c.so" to ""
[2.655s] -- Installing: /home/robomaven/activity1_ws/install/activity1_interfaces/lib/libactivity1_interfaces__rosidl_typesupport_c.so
[2.655s] -- Set runtime path of "/home/robomaven/activity1_ws/install/activity1_interfaces/lib/libactivity1_interfaces__rosidl_typesupport_c.so" to ""
[2.656s] -- Up-to-date: /home/robomaven/activity1_ws/install/activity1_interfaces/include/activity1_interfaces/activity1_interfaces
[2.656s] -- Up-to-date: /home/robomaven/activity1_ws/install/activity1_interfaces/include/activity1_interfaces/activity1_interfaces/srv
[2.656s] -- Installing: /home/robomaven/activity1_ws/install/activity1_interfaces/include/activity1_interfaces/activity1_interfaces/srv/set_led.hpp
[2.656s] -- Up-to-date: /home/robomaven/activity1_ws/install/activity1_interfaces/include/activity1_interfaces/activity1_interfaces/srv/detail
[2.656s] -- Installing: /home/robomaven/activity1_ws/install/activity1_interfaces/include/activity1_interfaces/activity1_interfaces/srv/detail/set_led__builder.hpp
[2.656s] -- Installing: /home/robomaven/activity1_ws/install/activity1_interfaces/include/activity1_interfaces/activity1_interfaces/srv/detail/set_led__traits.hpp
[2.656s] -- Installing: /home/robomaven/activity1_ws/install/activity1_interfaces/include/activity1_interfaces/activity1_interfaces/srv/detail/set_led__struct.hpp
[2.656s] -- Up-to-date: /home/robomaven/activity1_ws/install/activity1_interfaces/include/activity1_interfaces/activity1_interfaces/msg
[2.656s] -- Installing: /home/robomaven/activity1_ws/install/activity1_interfaces/include/activity1_interfaces/activity1_interfaces/msg/panel.hpp
[2.656s] -- Up-to-date: /home/robomaven/activity1_ws/install/activity1_interfaces/include/activity1_interfaces/activity1_interfaces/msg/detail
[2.656s] -- Installing: /home/robomaven/activity1_ws/install/activity1_interfaces/include/activity1_interfaces/activity1_interfaces/msg/detail/panel__builder.hpp
[2.656s] -- Installing: /home/robomaven/activity1_ws/install/activity1_interfaces/include/activity1_interfaces/activity1_interfaces/msg/detail/panel__traits.hpp
[2.656s] -- Installing: /home/robomaven/activity1_ws/install/activity1_interfaces/include/activity1_interfaces/activity1_interfaces/msg/detail/panel__struct.hpp
[2.656s] -- Up-to-date: /home/robomaven/activity1_ws/install/activity1_interfaces/include/activity1_interfaces/activity1_interfaces
[2.656s] -- Up-to-date: /home/robomaven/activity1_ws/install/activity1_interfaces/include/activity1_interfaces/activity1_interfaces/srv
[2.656s] -- Up-to-date: /home/robomaven/activity1_ws/install/activity1_interfaces/include/activity1_interfaces/activity1_interfaces/srv/detail
[2.656s] -- Installing: /home/robomaven/activity1_ws/install/activity1_interfaces/include/activity1_interfaces/activity1_interfaces/srv/detail/dds_fastrtps
[2.657s] -- Installing: /home/robomaven/activity1_ws/install/activity1_interfaces/include/activity1_interfaces/activity1_interfaces/srv/detail/set_led__rosidl_typesupport_fastrtps_cpp.hpp
[2.657s] -- Up-to-date: /home/robomaven/activity1_ws/install/activity1_interfaces/include/activity1_interfaces/activity1_interfaces/msg
[2.657s] -- Installing: /home/robomaven/activity1_ws/install/activity1_interfaces/include/activity1_interfaces/activity1_interfaces/msg/rosidl_typesupport_fastrtps_cpp__visibility_control.h
[2.657s] -- Up-to-date: /home/robomaven/activity1_ws/install/activity1_interfaces/include/activity1_interfaces/activity1_interfaces/msg/detail
[2.657s] -- Installing: /home/robomaven/activity1_ws/install/activity1_interfaces/include/activity1_interfaces/activity1_interfaces/msg/detail/dds_fastrtps
[2.657s] -- Installing: /home/robomaven/activity1_ws/install/activity1_interfaces/include/activity1_interfaces/activity1_interfaces/msg/detail/panel__rosidl_typesupport_fastrtps_cpp.hpp
[2.657s] -- Installing: /home/robomaven/activity1_ws/install/activity1_interfaces/lib/libactivity1_interfaces__rosidl_typesupport_fastrtps_cpp.so
[2.657s] -- Set runtime path of "/home/robomaven/activity1_ws/install/activity1_interfaces/lib/libactivity1_interfaces__rosidl_typesupport_fastrtps_cpp.so" to ""
[2.657s] -- Up-to-date: /home/robomaven/activity1_ws/install/activity1_interfaces/include/activity1_interfaces/activity1_interfaces
[2.657s] -- Up-to-date: /home/robomaven/activity1_ws/install/activity1_interfaces/include/activity1_interfaces/activity1_interfaces/srv
[2.657s] -- Up-to-date: /home/robomaven/activity1_ws/install/activity1_interfaces/include/activity1_interfaces/activity1_interfaces/srv/detail
[2.657s] -- Installing: /home/robomaven/activity1_ws/install/activity1_interfaces/include/activity1_interfaces/activity1_interfaces/srv/detail/set_led__type_support.cpp
[2.657s] -- Installing: /home/robomaven/activity1_ws/install/activity1_interfaces/include/activity1_interfaces/activity1_interfaces/srv/detail/set_led__rosidl_typesupport_introspection_cpp.hpp
[2.657s] -- Up-to-date: /home/robomaven/activity1_ws/install/activity1_interfaces/include/activity1_interfaces/activity1_interfaces/msg
[2.657s] -- Up-to-date: /home/robomaven/activity1_ws/install/activity1_interfaces/include/activity1_interfaces/activity1_interfaces/msg/detail
[2.657s] -- Installing: /home/robomaven/activity1_ws/install/activity1_interfaces/include/activity1_interfaces/activity1_interfaces/msg/detail/panel__rosidl_typesupport_introspection_cpp.hpp
[2.657s] -- Installing: /home/robomaven/activity1_ws/install/activity1_interfaces/include/activity1_interfaces/activity1_interfaces/msg/detail/panel__type_support.cpp
[2.657s] -- Installing: /home/robomaven/activity1_ws/install/activity1_interfaces/lib/libactivity1_interfaces__rosidl_typesupport_introspection_cpp.so
[2.657s] -- Set runtime path of "/home/robomaven/activity1_ws/install/activity1_interfaces/lib/libactivity1_interfaces__rosidl_typesupport_introspection_cpp.so" to ""
[2.657s] -- Installing: /home/robomaven/activity1_ws/install/activity1_interfaces/lib/libactivity1_interfaces__rosidl_typesupport_cpp.so
[2.658s] -- Set runtime path of "/home/robomaven/activity1_ws/install/activity1_interfaces/lib/libactivity1_interfaces__rosidl_typesupport_cpp.so" to ""
[2.658s] -- Installing: /home/robomaven/activity1_ws/install/activity1_interfaces/share/activity1_interfaces/environment/pythonpath.sh
[2.658s] -- Installing: /home/robomaven/activity1_ws/install/activity1_interfaces/share/activity1_interfaces/environment/pythonpath.dsv
[2.658s] -- Installing: /home/robomaven/activity1_ws/install/activity1_interfaces/local/lib/python3.10/dist-packages/activity1_interfaces-0.0.0-py3.10.egg-info
[2.658s] -- Installing: /home/robomaven/activity1_ws/install/activity1_interfaces/local/lib/python3.10/dist-packages/activity1_interfaces-0.0.0-py3.10.egg-info/top_level.txt
[2.658s] -- Installing: /home/robomaven/activity1_ws/install/activity1_interfaces/local/lib/python3.10/dist-packages/activity1_interfaces-0.0.0-py3.10.egg-info/PKG-INFO
[2.658s] -- Installing: /home/robomaven/activity1_ws/install/activity1_interfaces/local/lib/python3.10/dist-packages/activity1_interfaces-0.0.0-py3.10.egg-info/SOURCES.txt
[2.658s] -- Installing: /home/robomaven/activity1_ws/install/activity1_interfaces/local/lib/python3.10/dist-packages/activity1_interfaces-0.0.0-py3.10.egg-info/dependency_links.txt
[2.658s] -- Installing: /home/robomaven/activity1_ws/install/activity1_interfaces/local/lib/python3.10/dist-packages/activity1_interfaces
[2.658s] -- Installing: /home/robomaven/activity1_ws/install/activity1_interfaces/local/lib/python3.10/dist-packages/activity1_interfaces/srv
[2.658s] -- Installing: /home/robomaven/activity1_ws/install/activity1_interfaces/local/lib/python3.10/dist-packages/activity1_interfaces/srv/_set_led_s.c
[2.658s] -- Installing: /home/robomaven/activity1_ws/install/activity1_interfaces/local/lib/python3.10/dist-packages/activity1_interfaces/srv/__init__.py
[2.658s] -- Installing: /home/robomaven/activity1_ws/install/activity1_interfaces/local/lib/python3.10/dist-packages/activity1_interfaces/srv/_set_led.py
[2.658s] -- Installing: /home/robomaven/activity1_ws/install/activity1_interfaces/local/lib/python3.10/dist-packages/activity1_interfaces/msg
[2.658s] -- Installing: /home/robomaven/activity1_ws/install/activity1_interfaces/local/lib/python3.10/dist-packages/activity1_interfaces/msg/_panel.py
[2.658s] -- Installing: /home/robomaven/activity1_ws/install/activity1_interfaces/local/lib/python3.10/dist-packages/activity1_interfaces/msg/__init__.py
[2.658s] -- Installing: /home/robomaven/activity1_ws/install/activity1_interfaces/local/lib/python3.10/dist-packages/activity1_interfaces/msg/_panel_s.c
[2.658s] -- Installing: /home/robomaven/activity1_ws/install/activity1_interfaces/local/lib/python3.10/dist-packages/activity1_interfaces/_activity1_interfaces_s.ep.rosidl_typesupport_introspection_c.c
[2.658s] -- Installing: /home/robomaven/activity1_ws/install/activity1_interfaces/local/lib/python3.10/dist-packages/activity1_interfaces/libactivity1_interfaces__rosidl_generator_py.so
[2.659s] -- Installing: /home/robomaven/activity1_ws/install/activity1_interfaces/local/lib/python3.10/dist-packages/activity1_interfaces/_activity1_interfaces_s.ep.rosidl_typesupport_fastrtps_c.c
[2.659s] -- Installing: /home/robomaven/activity1_ws/install/activity1_interfaces/local/lib/python3.10/dist-packages/activity1_interfaces/activity1_interfaces_s__rosidl_typesupport_fastrtps_c.cpython-310-x86_64-linux-gnu.so
[2.659s] -- Installing: /home/robomaven/activity1_ws/install/activity1_interfaces/local/lib/python3.10/dist-packages/activity1_interfaces/activity1_interfaces_s__rosidl_typesupport_introspection_c.cpython-310-x86_64-linux-gnu.so
[2.659s] -- Installing: /home/robomaven/activity1_ws/install/activity1_interfaces/local/lib/python3.10/dist-packages/activity1_interfaces/_activity1_interfaces_s.ep.rosidl_typesupport_c.c
[2.659s] -- Installing: /home/robomaven/activity1_ws/install/activity1_interfaces/local/lib/python3.10/dist-packages/activity1_interfaces/__init__.py
[2.659s] -- Installing: /home/robomaven/activity1_ws/install/activity1_interfaces/local/lib/python3.10/dist-packages/activity1_interfaces/activity1_interfaces_s__rosidl_typesupport_c.cpython-310-x86_64-linux-gnu.so
[2.689s] Listing '/home/robomaven/activity1_ws/install/activity1_interfaces/local/lib/python3.10/dist-packages/activity1_interfaces'...
[2.689s] Compiling '/home/robomaven/activity1_ws/install/activity1_interfaces/local/lib/python3.10/dist-packages/activity1_interfaces/__init__.py'...
[2.689s] Listing '/home/robomaven/activity1_ws/install/activity1_interfaces/local/lib/python3.10/dist-packages/activity1_interfaces/msg'...
[2.689s] Compiling '/home/robomaven/activity1_ws/install/activity1_interfaces/local/lib/python3.10/dist-packages/activity1_interfaces/msg/__init__.py'...
[2.689s] Compiling '/home/robomaven/activity1_ws/install/activity1_interfaces/local/lib/python3.10/dist-packages/activity1_interfaces/msg/_panel.py'...
[2.689s] Listing '/home/robomaven/activity1_ws/install/activity1_interfaces/local/lib/python3.10/dist-packages/activity1_interfaces/srv'...
[2.689s] Compiling '/home/robomaven/activity1_ws/install/activity1_interfaces/local/lib/python3.10/dist-packages/activity1_interfaces/srv/__init__.py'...
[2.689s] Compiling '/home/robomaven/activity1_ws/install/activity1_interfaces/local/lib/python3.10/dist-packages/activity1_interfaces/srv/_set_led.py'...
[2.692s] -- Installing: /home/robomaven/activity1_ws/install/activity1_interfaces/local/lib/python3.10/dist-packages/activity1_interfaces/activity1_interfaces_s__rosidl_typesupport_fastrtps_c.cpython-310-x86_64-linux-gnu.so
[2.692s] -- Set runtime path of "/home/robomaven/activity1_ws/install/activity1_interfaces/local/lib/python3.10/dist-packages/activity1_interfaces/activity1_interfaces_s__rosidl_typesupport_fastrtps_c.cpython-310-x86_64-linux-gnu.so" to ""
[2.692s] -- Installing: /home/robomaven/activity1_ws/install/activity1_interfaces/local/lib/python3.10/dist-packages/activity1_interfaces/activity1_interfaces_s__rosidl_typesupport_introspection_c.cpython-310-x86_64-linux-gnu.so
[2.692s] -- Set runtime path of "/home/robomaven/activity1_ws/install/activity1_interfaces/local/lib/python3.10/dist-packages/activity1_interfaces/activity1_interfaces_s__rosidl_typesupport_introspection_c.cpython-310-x86_64-linux-gnu.so" to ""
[2.692s] -- Installing: /home/robomaven/activity1_ws/install/activity1_interfaces/local/lib/python3.10/dist-packages/activity1_interfaces/activity1_interfaces_s__rosidl_typesupport_c.cpython-310-x86_64-linux-gnu.so
[2.693s] -- Set runtime path of "/home/robomaven/activity1_ws/install/activity1_interfaces/local/lib/python3.10/dist-packages/activity1_interfaces/activity1_interfaces_s__rosidl_typesupport_c.cpython-310-x86_64-linux-gnu.so" to ""
[2.693s] -- Installing: /home/robomaven/activity1_ws/install/activity1_interfaces/lib/libactivity1_interfaces__rosidl_generator_py.so
[2.693s] -- Set runtime path of "/home/robomaven/activity1_ws/install/activity1_interfaces/lib/libactivity1_interfaces__rosidl_generator_py.so" to ""
[2.693s] -- Installing: /home/robomaven/activity1_ws/install/activity1_interfaces/share/activity1_interfaces/msg/Panel.idl
[2.693s] -- Installing: /home/robomaven/activity1_ws/install/activity1_interfaces/share/activity1_interfaces/srv/SetLED.idl
[2.693s] -- Installing: /home/robomaven/activity1_ws/install/activity1_interfaces/share/activity1_interfaces/msg/Panel.msg
[2.693s] -- Installing: /home/robomaven/activity1_ws/install/activity1_interfaces/share/activity1_interfaces/srv/SetLED.srv
[2.693s] -- Installing: /home/robomaven/activity1_ws/install/activity1_interfaces/share/activity1_interfaces/srv/SetLED_Request.msg
[2.693s] -- Installing: /home/robomaven/activity1_ws/install/activity1_interfaces/share/activity1_interfaces/srv/SetLED_Response.msg
[2.693s] -- Installing: /home/robomaven/activity1_ws/install/activity1_interfaces/share/ament_index/resource_index/package_run_dependencies/activity1_interfaces
[2.693s] -- Installing: /home/robomaven/activity1_ws/install/activity1_interfaces/share/ament_index/resource_index/parent_prefix_path/activity1_interfaces
[2.693s] -- Installing: /home/robomaven/activity1_ws/install/activity1_interfaces/share/activity1_interfaces/environment/ament_prefix_path.sh
[2.693s] -- Installing: /home/robomaven/activity1_ws/install/activity1_interfaces/share/activity1_interfaces/environment/ament_prefix_path.dsv
[2.693s] -- Installing: /home/robomaven/activity1_ws/install/activity1_interfaces/share/activity1_interfaces/environment/path.sh
[2.693s] -- Installing: /home/robomaven/activity1_ws/install/activity1_interfaces/share/activity1_interfaces/environment/path.dsv
[2.693s] -- Installing: /home/robomaven/activity1_ws/install/activity1_interfaces/share/activity1_interfaces/local_setup.bash
[2.693s] -- Installing: /home/robomaven/activity1_ws/install/activity1_interfaces/share/activity1_interfaces/local_setup.sh
[2.694s] -- Installing: /home/robomaven/activity1_ws/install/activity1_interfaces/share/activity1_interfaces/local_setup.zsh
[2.694s] -- Installing: /home/robomaven/activity1_ws/install/activity1_interfaces/share/activity1_interfaces/local_setup.dsv
[2.694s] -- Installing: /home/robomaven/activity1_ws/install/activity1_interfaces/share/activity1_interfaces/package.dsv
[2.694s] -- Installing: /home/robomaven/activity1_ws/install/activity1_interfaces/share/ament_index/resource_index/packages/activity1_interfaces
[2.694s] -- Installing: /home/robomaven/activity1_ws/install/activity1_interfaces/share/activity1_interfaces/cmake/export_activity1_interfaces__rosidl_generator_cExport.cmake
[2.694s] -- Installing: /home/robomaven/activity1_ws/install/activity1_interfaces/share/activity1_interfaces/cmake/export_activity1_interfaces__rosidl_generator_cExport-noconfig.cmake
[2.694s] -- Installing: /home/robomaven/activity1_ws/install/activity1_interfaces/share/activity1_interfaces/cmake/export_activity1_interfaces__rosidl_typesupport_fastrtps_cExport.cmake
[2.694s] -- Installing: /home/robomaven/activity1_ws/install/activity1_interfaces/share/activity1_interfaces/cmake/export_activity1_interfaces__rosidl_typesupport_fastrtps_cExport-noconfig.cmake
[2.694s] -- Installing: /home/robomaven/activity1_ws/install/activity1_interfaces/share/activity1_interfaces/cmake/activity1_interfaces__rosidl_typesupport_introspection_cExport.cmake
[2.694s] -- Installing: /home/robomaven/activity1_ws/install/activity1_interfaces/share/activity1_interfaces/cmake/activity1_interfaces__rosidl_typesupport_introspection_cExport-noconfig.cmake
[2.694s] -- Installing: /home/robomaven/activity1_ws/install/activity1_interfaces/share/activity1_interfaces/cmake/activity1_interfaces__rosidl_typesupport_cExport.cmake
[2.694s] -- Installing: /home/robomaven/activity1_ws/install/activity1_interfaces/share/activity1_interfaces/cmake/activity1_interfaces__rosidl_typesupport_cExport-noconfig.cmake
[2.694s] -- Installing: /home/robomaven/activity1_ws/install/activity1_interfaces/share/activity1_interfaces/cmake/export_activity1_interfaces__rosidl_generator_cppExport.cmake
[2.694s] -- Installing: /home/robomaven/activity1_ws/install/activity1_interfaces/share/activity1_interfaces/cmake/export_activity1_interfaces__rosidl_typesupport_fastrtps_cppExport.cmake
[2.694s] -- Installing: /home/robomaven/activity1_ws/install/activity1_interfaces/share/activity1_interfaces/cmake/export_activity1_interfaces__rosidl_typesupport_fastrtps_cppExport-noconfig.cmake
[2.694s] -- Installing: /home/robomaven/activity1_ws/install/activity1_interfaces/share/activity1_interfaces/cmake/activity1_interfaces__rosidl_typesupport_introspection_cppExport.cmake
[2.694s] -- Installing: /home/robomaven/activity1_ws/install/activity1_interfaces/share/activity1_interfaces/cmake/activity1_interfaces__rosidl_typesupport_introspection_cppExport-noconfig.cmake
[2.695s] -- Installing: /home/robomaven/activity1_ws/install/activity1_interfaces/share/activity1_interfaces/cmake/activity1_interfaces__rosidl_typesupport_cppExport.cmake
[2.695s] -- Installing: /home/robomaven/activity1_ws/install/activity1_interfaces/share/activity1_interfaces/cmake/activity1_interfaces__rosidl_typesupport_cppExport-noconfig.cmake
[2.695s] -- Installing: /home/robomaven/activity1_ws/install/activity1_interfaces/share/activity1_interfaces/cmake/export_activity1_interfaces__rosidl_generator_pyExport.cmake
[2.695s] -- Installing: /home/robomaven/activity1_ws/install/activity1_interfaces/share/activity1_interfaces/cmake/export_activity1_interfaces__rosidl_generator_pyExport-noconfig.cmake
[2.695s] -- Installing: /home/robomaven/activity1_ws/install/activity1_interfaces/share/activity1_interfaces/cmake/rosidl_cmake-extras.cmake
[2.695s] -- Installing: /home/robomaven/activity1_ws/install/activity1_interfaces/share/activity1_interfaces/cmake/ament_cmake_export_include_directories-extras.cmake
[2.695s] -- Installing: /home/robomaven/activity1_ws/install/activity1_interfaces/share/activity1_interfaces/cmake/ament_cmake_export_libraries-extras.cmake
[2.695s] -- Installing: /home/robomaven/activity1_ws/install/activity1_interfaces/share/activity1_interfaces/cmake/ament_cmake_export_targets-extras.cmake
[2.695s] -- Installing: /home/robomaven/activity1_ws/install/activity1_interfaces/share/activity1_interfaces/cmake/rosidl_cmake_export_typesupport_targets-extras.cmake
[2.695s] -- Installing: /home/robomaven/activity1_ws/install/activity1_interfaces/share/activity1_interfaces/cmake/ament_cmake_export_dependencies-extras.cmake
[2.695s] -- Installing: /home/robomaven/activity1_ws/install/activity1_interfaces/share/activity1_interfaces/cmake/rosidl_cmake_export_typesupport_libraries-extras.cmake
[2.695s] -- Installing: /home/robomaven/activity1_ws/install/activity1_interfaces/share/activity1_interfaces/cmake/activity1_interfacesConfig.cmake
[2.695s] -- Installing: /home/robomaven/activity1_ws/install/activity1_interfaces/share/activity1_interfaces/cmake/activity1_interfacesConfig-version.cmake
[2.695s] -- Installing: /home/robomaven/activity1_ws/install/activity1_interfaces/share/activity1_interfaces/package.xml
[2.697s] Invoked command in '/home/robomaven/activity1_ws/build/activity1_interfaces' returned '0': CMAKE_PREFIX_PATH=${CMAKE_PREFIX_PATH}:/home/robomaven/ros2_ws/install/my_py_pkg:/home/robomaven/activity1_ws/install/activity1_py_pkg:/opt/ros/humble /usr/bin/cmake --install /home/robomaven/activity1_ws/build/activity1_interfaces
