/home/robomaven/ws/snake_game_ws/install/snake_game/lib/python3.10/site-packages/snake_game/turtle_controller.py
/home/robomaven/ws/snake_game_ws/install/snake_game/lib/python3.10/site-packages/snake_game/turtle_follower.py
/home/robomaven/ws/snake_game_ws/install/snake_game/lib/python3.10/site-packages/snake_game/turtle_spawner.py
/home/robomaven/ws/snake_game_ws/install/snake_game/lib/python3.10/site-packages/snake_game/__init__.py
/home/robomaven/ws/snake_game_ws/install/snake_game/lib/python3.10/site-packages/snake_game/__pycache__/turtle_controller.cpython-310.pyc
/home/robomaven/ws/snake_game_ws/install/snake_game/lib/python3.10/site-packages/snake_game/__pycache__/turtle_follower.cpython-310.pyc
/home/robomaven/ws/snake_game_ws/install/snake_game/lib/python3.10/site-packages/snake_game/__pycache__/turtle_spawner.cpython-310.pyc
/home/robomaven/ws/snake_game_ws/install/snake_game/lib/python3.10/site-packages/snake_game/__pycache__/__init__.cpython-310.pyc
/home/robomaven/ws/snake_game_ws/install/snake_game/share/ament_index/resource_index/packages/snake_game
/home/robomaven/ws/snake_game_ws/install/snake_game/share/snake_game/package.xml
/home/robomaven/ws/snake_game_ws/install/snake_game/lib/python3.10/site-packages/snake_game-0.0.0-py3.10.egg-info/top_level.txt
/home/robomaven/ws/snake_game_ws/install/snake_game/lib/python3.10/site-packages/snake_game-0.0.0-py3.10.egg-info/requires.txt
/home/robomaven/ws/snake_game_ws/install/snake_game/lib/python3.10/site-packages/snake_game-0.0.0-py3.10.egg-info/entry_points.txt
/home/robomaven/ws/snake_game_ws/install/snake_game/lib/python3.10/site-packages/snake_game-0.0.0-py3.10.egg-info/PKG-INFO
/home/robomaven/ws/snake_game_ws/install/snake_game/lib/python3.10/site-packages/snake_game-0.0.0-py3.10.egg-info/SOURCES.txt
/home/robomaven/ws/snake_game_ws/install/snake_game/lib/python3.10/site-packages/snake_game-0.0.0-py3.10.egg-info/dependency_links.txt
/home/robomaven/ws/snake_game_ws/install/snake_game/lib/python3.10/site-packages/snake_game-0.0.0-py3.10.egg-info/zip-safe
/home/robomaven/ws/snake_game_ws/install/snake_game/lib/snake_game/turtle_controller
/home/robomaven/ws/snake_game_ws/install/snake_game/lib/snake_game/turtle_follower
/home/robomaven/ws/snake_game_ws/install/snake_game/lib/snake_game/turtle_spawner
