[0.375s] Invoking command in '/home/robomaven/activity1_ws/build/activity1_py_pkg': CMAKE_PREFIX_PATH=/home/robomaven/activity1_ws/install/activity1_interfaces:/home/robomaven/ros2_ws/install/my_cpp_pkg:/home/robomaven/ros2_ws/install/my_robot_interfaces:/home/robomaven/activity1_ws/install/activity1_cpp_pkg LD_LIBRARY_PATH=/home/robomaven/activity1_ws/install/activity1_interfaces/lib:/home/robomaven/ros2_ws/install/my_robot_interfaces/lib:/opt/ros/humble/opt/rviz_ogre_vendor/lib:/opt/ros/humble/lib/x86_64-linux-gnu:/opt/ros/humble/lib PYTHONPATH=/home/robomaven/activity1_ws/build/activity1_py_pkg/prefix_override:/home/robomaven/activity1_ws/install/activity1_py_pkg/lib/python3.10/site-packages:${PYTHONPATH} /usr/bin/python3 -W ignore:setup.py install is deprecated setup.py develop --uninstall --editable --build-directory /home/robomaven/activity1_ws/build/activity1_py_pkg/build
[0.531s] running develop
[0.612s] Removing /home/robomaven/activity1_ws/install/activity1_py_pkg/lib/python3.10/site-packages/activity1-py-pkg.egg-link (link to .)
[0.632s] Invoked command in '/home/robomaven/activity1_ws/build/activity1_py_pkg' returned '0': CMAKE_PREFIX_PATH=/home/robomaven/activity1_ws/install/activity1_interfaces:/home/robomaven/ros2_ws/install/my_cpp_pkg:/home/robomaven/ros2_ws/install/my_robot_interfaces:/home/robomaven/activity1_ws/install/activity1_cpp_pkg LD_LIBRARY_PATH=/home/robomaven/activity1_ws/install/activity1_interfaces/lib:/home/robomaven/ros2_ws/install/my_robot_interfaces/lib:/opt/ros/humble/opt/rviz_ogre_vendor/lib:/opt/ros/humble/lib/x86_64-linux-gnu:/opt/ros/humble/lib PYTHONPATH=/home/robomaven/activity1_ws/build/activity1_py_pkg/prefix_override:/home/robomaven/activity1_ws/install/activity1_py_pkg/lib/python3.10/site-packages:${PYTHONPATH} /usr/bin/python3 -W ignore:setup.py install is deprecated setup.py develop --uninstall --editable --build-directory /home/robomaven/activity1_ws/build/activity1_py_pkg/build
[0.634s] Invoking command in '/home/robomaven/activity1_ws/src/activity1_py_pkg': CMAKE_PREFIX_PATH=/home/robomaven/activity1_ws/install/activity1_interfaces:/home/robomaven/ros2_ws/install/my_cpp_pkg:/home/robomaven/ros2_ws/install/my_robot_interfaces:/home/robomaven/activity1_ws/install/activity1_cpp_pkg LD_LIBRARY_PATH=/home/robomaven/activity1_ws/install/activity1_interfaces/lib:/home/robomaven/ros2_ws/install/my_robot_interfaces/lib:/opt/ros/humble/opt/rviz_ogre_vendor/lib:/opt/ros/humble/lib/x86_64-linux-gnu:/opt/ros/humble/lib PYTHONPATH=/home/robomaven/activity1_ws/build/activity1_py_pkg/prefix_override:/home/robomaven/activity1_ws/install/activity1_py_pkg/lib/python3.10/site-packages:${PYTHONPATH} /usr/bin/python3 -W ignore:setup.py install is deprecated setup.py egg_info --egg-base ../../build/activity1_py_pkg build --build-base /home/robomaven/activity1_ws/build/activity1_py_pkg/build install --record /home/robomaven/activity1_ws/build/activity1_py_pkg/install.log --single-version-externally-managed install_data --force
[0.778s] running egg_info
[0.779s] writing ../../build/activity1_py_pkg/activity1_py_pkg.egg-info/PKG-INFO
[0.779s] writing dependency_links to ../../build/activity1_py_pkg/activity1_py_pkg.egg-info/dependency_links.txt
[0.779s] writing entry points to ../../build/activity1_py_pkg/activity1_py_pkg.egg-info/entry_points.txt
[0.779s] writing requirements to ../../build/activity1_py_pkg/activity1_py_pkg.egg-info/requires.txt
[0.779s] writing top-level names to ../../build/activity1_py_pkg/activity1_py_pkg.egg-info/top_level.txt
[0.780s] reading manifest file '../../build/activity1_py_pkg/activity1_py_pkg.egg-info/SOURCES.txt'
[0.781s] writing manifest file '../../build/activity1_py_pkg/activity1_py_pkg.egg-info/SOURCES.txt'
[0.781s] running build
[0.781s] running build_py
[0.781s] copying activity1_py_pkg/number_publisher_node_file.py -> /home/robomaven/activity1_ws/build/activity1_py_pkg/build/lib/activity1_py_pkg
[0.781s] copying activity1_py_pkg/battery_node.py -> /home/robomaven/activity1_ws/build/activity1_py_pkg/build/lib/activity1_py_pkg
[0.781s] running install
[0.781s] running install_lib
[0.782s] creating /home/robomaven/activity1_ws/install/activity1_py_pkg/lib/python3.10/site-packages/activity1_py_pkg
[0.782s] copying /home/robomaven/activity1_ws/build/activity1_py_pkg/build/lib/activity1_py_pkg/led_panel_node.py -> /home/robomaven/activity1_ws/install/activity1_py_pkg/lib/python3.10/site-packages/activity1_py_pkg
[0.782s] copying /home/robomaven/activity1_ws/build/activity1_py_pkg/build/lib/activity1_py_pkg/number_publisher_node_file.py -> /home/robomaven/activity1_ws/install/activity1_py_pkg/lib/python3.10/site-packages/activity1_py_pkg
[0.782s] copying /home/robomaven/activity1_ws/build/activity1_py_pkg/build/lib/activity1_py_pkg/my_first_node.py -> /home/robomaven/activity1_ws/install/activity1_py_pkg/lib/python3.10/site-packages/activity1_py_pkg
[0.782s] copying /home/robomaven/activity1_ws/build/activity1_py_pkg/build/lib/activity1_py_pkg/battery_node.py -> /home/robomaven/activity1_ws/install/activity1_py_pkg/lib/python3.10/site-packages/activity1_py_pkg
[0.782s] copying /home/robomaven/activity1_ws/build/activity1_py_pkg/build/lib/activity1_py_pkg/number_counter_node_file.py -> /home/robomaven/activity1_ws/install/activity1_py_pkg/lib/python3.10/site-packages/activity1_py_pkg
[0.782s] copying /home/robomaven/activity1_ws/build/activity1_py_pkg/build/lib/activity1_py_pkg/__init__.py -> /home/robomaven/activity1_ws/install/activity1_py_pkg/lib/python3.10/site-packages/activity1_py_pkg
[0.782s] byte-compiling /home/robomaven/activity1_ws/install/activity1_py_pkg/lib/python3.10/site-packages/activity1_py_pkg/led_panel_node.py to led_panel_node.cpython-310.pyc
[0.783s] byte-compiling /home/robomaven/activity1_ws/install/activity1_py_pkg/lib/python3.10/site-packages/activity1_py_pkg/number_publisher_node_file.py to number_publisher_node_file.cpython-310.pyc
[0.783s] byte-compiling /home/robomaven/activity1_ws/install/activity1_py_pkg/lib/python3.10/site-packages/activity1_py_pkg/my_first_node.py to my_first_node.cpython-310.pyc
[0.783s] byte-compiling /home/robomaven/activity1_ws/install/activity1_py_pkg/lib/python3.10/site-packages/activity1_py_pkg/battery_node.py to battery_node.cpython-310.pyc
[0.783s] byte-compiling /home/robomaven/activity1_ws/install/activity1_py_pkg/lib/python3.10/site-packages/activity1_py_pkg/number_counter_node_file.py to number_counter_node_file.cpython-310.pyc
[0.783s] byte-compiling /home/robomaven/activity1_ws/install/activity1_py_pkg/lib/python3.10/site-packages/activity1_py_pkg/__init__.py to __init__.cpython-310.pyc
[0.783s] running install_data
[0.783s] copying resource/activity1_py_pkg -> /home/robomaven/activity1_ws/install/activity1_py_pkg/share/ament_index/resource_index/packages
[0.784s] copying package.xml -> /home/robomaven/activity1_ws/install/activity1_py_pkg/share/activity1_py_pkg
[0.784s] running install_egg_info
[0.785s] Copying ../../build/activity1_py_pkg/activity1_py_pkg.egg-info to /home/robomaven/activity1_ws/install/activity1_py_pkg/lib/python3.10/site-packages/activity1_py_pkg-0.0.0-py3.10.egg-info
[0.785s] running install_scripts
[0.798s] Installing battery script to /home/robomaven/activity1_ws/install/activity1_py_pkg/lib/activity1_py_pkg
[0.798s] Installing led_panel script to /home/robomaven/activity1_ws/install/activity1_py_pkg/lib/activity1_py_pkg
[0.798s] Installing number_counter script to /home/robomaven/activity1_ws/install/activity1_py_pkg/lib/activity1_py_pkg
[0.798s] Installing number_publisher script to /home/robomaven/activity1_ws/install/activity1_py_pkg/lib/activity1_py_pkg
[0.798s] Installing robot_news_station script to /home/robomaven/activity1_ws/install/activity1_py_pkg/lib/activity1_py_pkg
[0.799s] writing list of installed files to '/home/robomaven/activity1_ws/build/activity1_py_pkg/install.log'
[0.815s] Invoked command in '/home/robomaven/activity1_ws/src/activity1_py_pkg' returned '0': CMAKE_PREFIX_PATH=/home/robomaven/activity1_ws/install/activity1_interfaces:/home/robomaven/ros2_ws/install/my_cpp_pkg:/home/robomaven/ros2_ws/install/my_robot_interfaces:/home/robomaven/activity1_ws/install/activity1_cpp_pkg LD_LIBRARY_PATH=/home/robomaven/activity1_ws/install/activity1_interfaces/lib:/home/robomaven/ros2_ws/install/my_robot_interfaces/lib:/opt/ros/humble/opt/rviz_ogre_vendor/lib:/opt/ros/humble/lib/x86_64-linux-gnu:/opt/ros/humble/lib PYTHONPATH=/home/robomaven/activity1_ws/build/activity1_py_pkg/prefix_override:/home/robomaven/activity1_ws/install/activity1_py_pkg/lib/python3.10/site-packages:${PYTHONPATH} /usr/bin/python3 -W ignore:setup.py install is deprecated setup.py egg_info --egg-base ../../build/activity1_py_pkg build --build-base /home/robomaven/activity1_ws/build/activity1_py_pkg/build install --record /home/robomaven/activity1_ws/build/activity1_py_pkg/install.log --single-version-externally-managed install_data --force
