[0.072s] DEBUG:colcon:Command line arguments: ['/usr/bin/colcon', 'build']
[0.072s] DEBUG:colcon:Parsed command line arguments: Namespace(log_base=None, log_level=None, verb_name='build', build_base='build', install_base='install', merge_install=False, symlink_install=False, test_result_base=None, continue_on_error=False, executor='parallel', parallel_workers=20, event_handlers=None, ignore_user_meta=False, metas=['./colcon.meta'], base_paths=['.'], packages_ignore=None, packages_ignore_regex=None, paths=None, packages_up_to=None, packages_up_to_regex=None, packages_above=None, packages_above_and_dependencies=None, packages_above_depth=None, packages_select_by_dep=None, packages_skip_by_dep=None, packages_skip_up_to=None, packages_select_build_failed=False, packages_skip_build_finished=False, packages_select_test_failures=False, packages_skip_test_passed=False, packages_select=None, packages_skip=None, packages_select_regex=None, packages_skip_regex=None, packages_start=None, packages_end=None, allow_overriding=[], cmake_args=None, cmake_target=None, cmake_target_skip_unavailable=False, cmake_clean_cache=False, cmake_clean_first=False, cmake_force_configure=False, ament_cmake_args=None, catkin_cmake_args=None, catkin_skip_building_tests=False, mixin_files=None, mixin=None, verb_parser=<colcon_mixin.mixin.mixin_argument.MixinArgumentDecorator object at 0x7f458ee4ab30>, verb_extension=<colcon_core.verb.build.BuildVerb object at 0x7f458ee4a560>, main=<bound method BuildVerb.main of <colcon_core.verb.build.BuildVerb object at 0x7f458ee4a560>>, mixin_verb=('build',))
[0.177s] Level 1:colcon.colcon_core.package_discovery:discover_packages(colcon_meta) check parameters
[0.177s] Level 1:colcon.colcon_core.package_discovery:discover_packages(recursive) check parameters
[0.177s] Level 1:colcon.colcon_core.package_discovery:discover_packages(ignore) check parameters
[0.177s] Level 1:colcon.colcon_core.package_discovery:discover_packages(path) check parameters
[0.177s] Level 1:colcon.colcon_core.package_discovery:discover_packages(colcon_meta) discover
[0.177s] Level 1:colcon.colcon_core.package_discovery:discover_packages(recursive) discover
[0.177s] INFO:colcon.colcon_core.package_discovery:Crawling recursively for packages in '/home/robomaven/ws/ws1'
[0.177s] Level 1:colcon.colcon_core.package_identification:_identify(.) by extensions ['ignore', 'ignore_ament_install']
[0.178s] Level 1:colcon.colcon_core.package_identification:_identify(.) by extension 'ignore'
[0.178s] Level 1:colcon.colcon_core.package_identification:_identify(.) by extension 'ignore_ament_install'
[0.178s] Level 1:colcon.colcon_core.package_identification:_identify(.) by extensions ['colcon_pkg']
[0.178s] Level 1:colcon.colcon_core.package_identification:_identify(.) by extension 'colcon_pkg'
[0.178s] Level 1:colcon.colcon_core.package_identification:_identify(.) by extensions ['colcon_meta']
[0.178s] Level 1:colcon.colcon_core.package_identification:_identify(.) by extension 'colcon_meta'
[0.178s] Level 1:colcon.colcon_core.package_identification:_identify(.) by extensions ['ros']
[0.178s] Level 1:colcon.colcon_core.package_identification:_identify(.) by extension 'ros'
[0.185s] Level 1:colcon.colcon_core.package_identification:_identify(.) by extensions ['cmake', 'python']
[0.185s] Level 1:colcon.colcon_core.package_identification:_identify(.) by extension 'cmake'
[0.185s] Level 1:colcon.colcon_core.package_identification:_identify(.) by extension 'python'
[0.185s] Level 1:colcon.colcon_core.package_identification:_identify(.) by extensions ['python_setup_py']
[0.185s] Level 1:colcon.colcon_core.package_identification:_identify(.) by extension 'python_setup_py'
[0.185s] Level 1:colcon.colcon_core.package_identification:_identify(build) by extensions ['ignore', 'ignore_ament_install']
[0.185s] Level 1:colcon.colcon_core.package_identification:_identify(build) by extension 'ignore'
[0.185s] Level 1:colcon.colcon_core.package_identification:_identify(build) ignored
[0.185s] Level 1:colcon.colcon_core.package_identification:_identify(install) by extensions ['ignore', 'ignore_ament_install']
[0.185s] Level 1:colcon.colcon_core.package_identification:_identify(install) by extension 'ignore'
[0.185s] Level 1:colcon.colcon_core.package_identification:_identify(install) ignored
[0.185s] Level 1:colcon.colcon_core.package_identification:_identify(log) by extensions ['ignore', 'ignore_ament_install']
[0.186s] Level 1:colcon.colcon_core.package_identification:_identify(log) by extension 'ignore'
[0.186s] Level 1:colcon.colcon_core.package_identification:_identify(log) ignored
[0.186s] Level 1:colcon.colcon_core.package_identification:_identify(src) by extensions ['ignore', 'ignore_ament_install']
[0.186s] Level 1:colcon.colcon_core.package_identification:_identify(src) by extension 'ignore'
[0.186s] Level 1:colcon.colcon_core.package_identification:_identify(src) by extension 'ignore_ament_install'
[0.186s] Level 1:colcon.colcon_core.package_identification:_identify(src) by extensions ['colcon_pkg']
[0.186s] Level 1:colcon.colcon_core.package_identification:_identify(src) by extension 'colcon_pkg'
[0.186s] Level 1:colcon.colcon_core.package_identification:_identify(src) by extensions ['colcon_meta']
[0.186s] Level 1:colcon.colcon_core.package_identification:_identify(src) by extension 'colcon_meta'
[0.186s] Level 1:colcon.colcon_core.package_identification:_identify(src) by extensions ['ros']
[0.186s] Level 1:colcon.colcon_core.package_identification:_identify(src) by extension 'ros'
[0.186s] Level 1:colcon.colcon_core.package_identification:_identify(src) by extensions ['cmake', 'python']
[0.186s] Level 1:colcon.colcon_core.package_identification:_identify(src) by extension 'cmake'
[0.186s] Level 1:colcon.colcon_core.package_identification:_identify(src) by extension 'python'
[0.186s] Level 1:colcon.colcon_core.package_identification:_identify(src) by extensions ['python_setup_py']
[0.186s] Level 1:colcon.colcon_core.package_identification:_identify(src) by extension 'python_setup_py'
[0.186s] Level 1:colcon.colcon_core.package_identification:_identify(src/my_interfaces) by extensions ['ignore', 'ignore_ament_install']
[0.186s] Level 1:colcon.colcon_core.package_identification:_identify(src/my_interfaces) by extension 'ignore'
[0.186s] Level 1:colcon.colcon_core.package_identification:_identify(src/my_interfaces) by extension 'ignore_ament_install'
[0.186s] Level 1:colcon.colcon_core.package_identification:_identify(src/my_interfaces) by extensions ['colcon_pkg']
[0.186s] Level 1:colcon.colcon_core.package_identification:_identify(src/my_interfaces) by extension 'colcon_pkg'
[0.186s] Level 1:colcon.colcon_core.package_identification:_identify(src/my_interfaces) by extensions ['colcon_meta']
[0.186s] Level 1:colcon.colcon_core.package_identification:_identify(src/my_interfaces) by extension 'colcon_meta'
[0.186s] Level 1:colcon.colcon_core.package_identification:_identify(src/my_interfaces) by extensions ['ros']
[0.186s] Level 1:colcon.colcon_core.package_identification:_identify(src/my_interfaces) by extension 'ros'
[0.187s] DEBUG:colcon.colcon_core.package_identification:Package 'src/my_interfaces' with type 'ros.ament_cmake' and name 'my_interfaces'
[0.188s] Level 1:colcon.colcon_core.package_identification:_identify(src/py) by extensions ['ignore', 'ignore_ament_install']
[0.188s] Level 1:colcon.colcon_core.package_identification:_identify(src/py) by extension 'ignore'
[0.188s] Level 1:colcon.colcon_core.package_identification:_identify(src/py) by extension 'ignore_ament_install'
[0.188s] Level 1:colcon.colcon_core.package_identification:_identify(src/py) by extensions ['colcon_pkg']
[0.188s] Level 1:colcon.colcon_core.package_identification:_identify(src/py) by extension 'colcon_pkg'
[0.188s] Level 1:colcon.colcon_core.package_identification:_identify(src/py) by extensions ['colcon_meta']
[0.188s] Level 1:colcon.colcon_core.package_identification:_identify(src/py) by extension 'colcon_meta'
[0.188s] Level 1:colcon.colcon_core.package_identification:_identify(src/py) by extensions ['ros']
[0.188s] Level 1:colcon.colcon_core.package_identification:_identify(src/py) by extension 'ros'
[0.188s] DEBUG:colcon.colcon_core.package_identification:Package 'src/py' with type 'ros.ament_python' and name 'py'
[0.188s] Level 1:colcon.colcon_core.package_discovery:discover_packages(recursive) using defaults
[0.188s] Level 1:colcon.colcon_core.package_discovery:discover_packages(ignore) discover
[0.188s] Level 1:colcon.colcon_core.package_discovery:discover_packages(ignore) using defaults
[0.188s] Level 1:colcon.colcon_core.package_discovery:discover_packages(path) discover
[0.188s] Level 1:colcon.colcon_core.package_discovery:discover_packages(path) using defaults
[0.205s] Level 1:colcon.colcon_core.package_discovery:discover_packages(prefix_path) check parameters
[0.205s] Level 1:colcon.colcon_core.package_discovery:discover_packages(prefix_path) discover
[0.205s] WARNING:colcon.colcon_ros.prefix_path.ament:The path '/home/robomaven/ws/ws1/install/py' in the environment variable AMENT_PREFIX_PATH doesn't exist
[0.205s] WARNING:colcon.colcon_ros.prefix_path.ament:The path '/home/robomaven/ws/ws1/install/my_interfaces' in the environment variable AMENT_PREFIX_PATH doesn't exist
[0.206s] WARNING:colcon.colcon_ros.prefix_path.catkin:The path '/home/robomaven/ws/ws1/install/my_interfaces' in the environment variable CMAKE_PREFIX_PATH doesn't exist
[0.206s] DEBUG:colcon.colcon_installed_package_information.package_discovery:Found 0 installed packages in /home/robomaven/ws/ws1/install
[0.206s] DEBUG:colcon.colcon_installed_package_information.package_discovery:Found 2 installed packages in /home/robomaven/ws/ros2_ws2/install
[0.206s] DEBUG:colcon.colcon_installed_package_information.package_discovery:Found 3 installed packages in /home/robomaven/ws/tb3_ws/install
[0.207s] DEBUG:colcon.colcon_installed_package_information.package_discovery:Found 413 installed packages in /opt/ros/humble
[0.209s] Level 1:colcon.colcon_core.package_discovery:discover_packages(prefix_path) using defaults
[0.237s] Level 5:colcon.colcon_core.verb:set package 'my_interfaces' build argument 'cmake_args' from command line to 'None'
[0.237s] Level 5:colcon.colcon_core.verb:set package 'my_interfaces' build argument 'cmake_target' from command line to 'None'
[0.237s] Level 5:colcon.colcon_core.verb:set package 'my_interfaces' build argument 'cmake_target_skip_unavailable' from command line to 'False'
[0.237s] Level 5:colcon.colcon_core.verb:set package 'my_interfaces' build argument 'cmake_clean_cache' from command line to 'False'
[0.237s] Level 5:colcon.colcon_core.verb:set package 'my_interfaces' build argument 'cmake_clean_first' from command line to 'False'
[0.237s] Level 5:colcon.colcon_core.verb:set package 'my_interfaces' build argument 'cmake_force_configure' from command line to 'False'
[0.237s] Level 5:colcon.colcon_core.verb:set package 'my_interfaces' build argument 'ament_cmake_args' from command line to 'None'
[0.237s] Level 5:colcon.colcon_core.verb:set package 'my_interfaces' build argument 'catkin_cmake_args' from command line to 'None'
[0.237s] Level 5:colcon.colcon_core.verb:set package 'my_interfaces' build argument 'catkin_skip_building_tests' from command line to 'False'
[0.237s] DEBUG:colcon.colcon_core.verb:Building package 'my_interfaces' with the following arguments: {'ament_cmake_args': None, 'build_base': '/home/robomaven/ws/ws1/build/my_interfaces', 'catkin_cmake_args': None, 'catkin_skip_building_tests': False, 'cmake_args': None, 'cmake_clean_cache': False, 'cmake_clean_first': False, 'cmake_force_configure': False, 'cmake_target': None, 'cmake_target_skip_unavailable': False, 'install_base': '/home/robomaven/ws/ws1/install/my_interfaces', 'merge_install': False, 'path': '/home/robomaven/ws/ws1/src/my_interfaces', 'symlink_install': False, 'test_result_base': None}
[0.237s] Level 5:colcon.colcon_core.verb:set package 'py' build argument 'cmake_args' from command line to 'None'
[0.238s] Level 5:colcon.colcon_core.verb:set package 'py' build argument 'cmake_target' from command line to 'None'
[0.238s] Level 5:colcon.colcon_core.verb:set package 'py' build argument 'cmake_target_skip_unavailable' from command line to 'False'
[0.238s] Level 5:colcon.colcon_core.verb:set package 'py' build argument 'cmake_clean_cache' from command line to 'False'
[0.238s] Level 5:colcon.colcon_core.verb:set package 'py' build argument 'cmake_clean_first' from command line to 'False'
[0.238s] Level 5:colcon.colcon_core.verb:set package 'py' build argument 'cmake_force_configure' from command line to 'False'
[0.238s] Level 5:colcon.colcon_core.verb:set package 'py' build argument 'ament_cmake_args' from command line to 'None'
[0.238s] Level 5:colcon.colcon_core.verb:set package 'py' build argument 'catkin_cmake_args' from command line to 'None'
[0.238s] Level 5:colcon.colcon_core.verb:set package 'py' build argument 'catkin_skip_building_tests' from command line to 'False'
[0.238s] DEBUG:colcon.colcon_core.verb:Building package 'py' with the following arguments: {'ament_cmake_args': None, 'build_base': '/home/robomaven/ws/ws1/build/py', 'catkin_cmake_args': None, 'catkin_skip_building_tests': False, 'cmake_args': None, 'cmake_clean_cache': False, 'cmake_clean_first': False, 'cmake_force_configure': False, 'cmake_target': None, 'cmake_target_skip_unavailable': False, 'install_base': '/home/robomaven/ws/ws1/install/py', 'merge_install': False, 'path': '/home/robomaven/ws/ws1/src/py', 'symlink_install': False, 'test_result_base': None}
[0.238s] INFO:colcon.colcon_core.executor:Executing jobs using 'parallel' executor
[0.239s] DEBUG:colcon.colcon_parallel_executor.executor.parallel:run_until_complete
[0.239s] INFO:colcon.colcon_ros.task.ament_cmake.build:Building ROS package in '/home/robomaven/ws/ws1/src/my_interfaces' with build type 'ament_cmake'
[0.239s] INFO:colcon.colcon_cmake.task.cmake.build:Building CMake package in '/home/robomaven/ws/ws1/src/my_interfaces'
[0.240s] INFO:colcon.colcon_core.plugin_system:Skipping extension 'colcon_core.shell.bat': Not used on non-Windows systems
[0.240s] INFO:colcon.colcon_core.shell:Skip shell extension 'powershell' for command environment: Not usable outside of PowerShell
[0.240s] DEBUG:colcon.colcon_core.shell:Skip shell extension 'dsv' for command environment
[0.243s] INFO:colcon.colcon_ros.task.ament_python.build:Building ROS package in '/home/robomaven/ws/ws1/src/py' with build type 'ament_python'
[0.243s] Level 1:colcon.colcon_core.shell:create_environment_hook('py', 'ament_prefix_path')
[0.243s] INFO:colcon.colcon_core.shell:Creating environment hook '/home/robomaven/ws/ws1/install/py/share/py/hook/ament_prefix_path.ps1'
[0.244s] INFO:colcon.colcon_core.shell:Creating environment descriptor '/home/robomaven/ws/ws1/install/py/share/py/hook/ament_prefix_path.dsv'
[0.244s] INFO:colcon.colcon_core.shell:Creating environment hook '/home/robomaven/ws/ws1/install/py/share/py/hook/ament_prefix_path.sh'
[0.244s] INFO:colcon.colcon_core.shell:Skip shell extension 'powershell' for command environment: Not usable outside of PowerShell
[0.244s] DEBUG:colcon.colcon_core.shell:Skip shell extension 'dsv' for command environment
[0.250s] DEBUG:colcon.colcon_core.event_handler.log_command:Invoking command in '/home/robomaven/ws/ws1/build/my_interfaces': CMAKE_PREFIX_PATH=${CMAKE_PREFIX_PATH}:/home/robomaven/ws/ws1/install/py:/opt/ros/humble /usr/bin/cmake /home/robomaven/ws/ws1/src/my_interfaces -DCMAKE_INSTALL_PREFIX=/home/robomaven/ws/ws1/install/my_interfaces
[0.408s] INFO:colcon.colcon_core.task.python.build:Building Python package in '/home/robomaven/ws/ws1/src/py'
[0.408s] INFO:colcon.colcon_core.shell:Skip shell extension 'powershell' for command environment: Not usable outside of PowerShell
[0.408s] DEBUG:colcon.colcon_core.shell:Skip shell extension 'dsv' for command environment
[0.635s] DEBUG:colcon.colcon_core.event_handler.log_command:Invoking command in '/home/robomaven/ws/ws1/src/py': PYTHONPATH=/home/robomaven/ws/ws1/build/py/prefix_override:/home/robomaven/ws/ws1/install/py/lib/python3.10/site-packages:${PYTHONPATH} /usr/bin/python3 -W ignore:setup.py install is deprecated setup.py egg_info --egg-base ../../build/py build --build-base /home/robomaven/ws/ws1/build/py/build install --record /home/robomaven/ws/ws1/build/py/install.log --single-version-externally-managed install_data
[0.814s] DEBUG:colcon.colcon_core.event_handler.log_command:Invoked command in '/home/robomaven/ws/ws1/src/py' returned '0': PYTHONPATH=/home/robomaven/ws/ws1/build/py/prefix_override:/home/robomaven/ws/ws1/install/py/lib/python3.10/site-packages:${PYTHONPATH} /usr/bin/python3 -W ignore:setup.py install is deprecated setup.py egg_info --egg-base ../../build/py build --build-base /home/robomaven/ws/ws1/build/py/build install --record /home/robomaven/ws/ws1/build/py/install.log --single-version-externally-managed install_data
[0.816s] Level 1:colcon.colcon_core.environment:checking '/home/robomaven/ws/ws1/install/py' for CMake module files
[0.816s] Level 1:colcon.colcon_core.environment:checking '/home/robomaven/ws/ws1/install/py' for CMake config files
[0.816s] Level 1:colcon.colcon_core.environment:checking '/home/robomaven/ws/ws1/install/py/lib'
[0.816s] Level 1:colcon.colcon_core.environment:checking '/home/robomaven/ws/ws1/install/py/bin'
[0.816s] Level 1:colcon.colcon_core.environment:checking '/home/robomaven/ws/ws1/install/py/lib/pkgconfig/py.pc'
[0.817s] Level 1:colcon.colcon_core.environment:checking '/home/robomaven/ws/ws1/install/py/lib/python3.10/site-packages'
[0.817s] Level 1:colcon.colcon_core.shell:create_environment_hook('py', 'pythonpath')
[0.817s] INFO:colcon.colcon_core.shell:Creating environment hook '/home/robomaven/ws/ws1/install/py/share/py/hook/pythonpath.ps1'
[0.817s] INFO:colcon.colcon_core.shell:Creating environment descriptor '/home/robomaven/ws/ws1/install/py/share/py/hook/pythonpath.dsv'
[0.817s] INFO:colcon.colcon_core.shell:Creating environment hook '/home/robomaven/ws/ws1/install/py/share/py/hook/pythonpath.sh'
[0.817s] Level 1:colcon.colcon_core.environment:checking '/home/robomaven/ws/ws1/install/py/bin'
[0.818s] Level 1:colcon.colcon_core.environment:create_environment_scripts_only(py)
[0.818s] INFO:colcon.colcon_core.shell:Creating package script '/home/robomaven/ws/ws1/install/py/share/py/package.ps1'
[0.818s] INFO:colcon.colcon_core.shell:Creating package descriptor '/home/robomaven/ws/ws1/install/py/share/py/package.dsv'
[0.819s] INFO:colcon.colcon_core.shell:Creating package script '/home/robomaven/ws/ws1/install/py/share/py/package.sh'
[0.819s] INFO:colcon.colcon_core.shell:Creating package script '/home/robomaven/ws/ws1/install/py/share/py/package.bash'
[0.819s] INFO:colcon.colcon_core.shell:Creating package script '/home/robomaven/ws/ws1/install/py/share/py/package.zsh'
[0.820s] Level 1:colcon.colcon_core.environment:create_file_with_runtime_dependencies(/home/robomaven/ws/ws1/install/py/share/colcon-core/packages/py)
[1.215s] DEBUG:colcon.colcon_core.event_handler.log_command:Invoked command in '/home/robomaven/ws/ws1/build/my_interfaces' returned '0': CMAKE_PREFIX_PATH=${CMAKE_PREFIX_PATH}:/home/robomaven/ws/ws1/install/py:/opt/ros/humble /usr/bin/cmake /home/robomaven/ws/ws1/src/my_interfaces -DCMAKE_INSTALL_PREFIX=/home/robomaven/ws/ws1/install/my_interfaces
[1.215s] DEBUG:colcon.colcon_core.event_handler.log_command:Invoking command in '/home/robomaven/ws/ws1/build/my_interfaces': CMAKE_PREFIX_PATH=${CMAKE_PREFIX_PATH}:/home/robomaven/ws/ws1/install/py:/opt/ros/humble /usr/bin/cmake --build /home/robomaven/ws/ws1/build/my_interfaces -- -j20 -l20
[2.465s] DEBUG:colcon.colcon_core.event_handler.log_command:Invoked command in '/home/robomaven/ws/ws1/build/my_interfaces' returned '0': CMAKE_PREFIX_PATH=${CMAKE_PREFIX_PATH}:/home/robomaven/ws/ws1/install/py:/opt/ros/humble /usr/bin/cmake --build /home/robomaven/ws/ws1/build/my_interfaces -- -j20 -l20
[2.560s] DEBUG:colcon.colcon_core.event_handler.log_command:Invoking command in '/home/robomaven/ws/ws1/build/my_interfaces': CMAKE_PREFIX_PATH=${CMAKE_PREFIX_PATH}:/home/robomaven/ws/ws1/install/py:/opt/ros/humble /usr/bin/cmake --install /home/robomaven/ws/ws1/build/my_interfaces
[2.611s] Level 1:colcon.colcon_core.environment:create_environment_scripts_only(my_interfaces)
[2.611s] DEBUG:colcon.colcon_core.event_handler.log_command:Invoked command in '/home/robomaven/ws/ws1/build/my_interfaces' returned '0': CMAKE_PREFIX_PATH=${CMAKE_PREFIX_PATH}:/home/robomaven/ws/ws1/install/py:/opt/ros/humble /usr/bin/cmake --install /home/robomaven/ws/ws1/build/my_interfaces
[2.611s] Level 1:colcon.colcon_core.environment:checking '/home/robomaven/ws/ws1/install/my_interfaces' for CMake module files
[2.612s] Level 1:colcon.colcon_core.environment:checking '/home/robomaven/ws/ws1/install/my_interfaces' for CMake config files
[2.612s] Level 1:colcon.colcon_core.shell:create_environment_hook('my_interfaces', 'cmake_prefix_path')
[2.612s] INFO:colcon.colcon_core.shell:Creating environment hook '/home/robomaven/ws/ws1/install/my_interfaces/share/my_interfaces/hook/cmake_prefix_path.ps1'
[2.612s] INFO:colcon.colcon_core.shell:Creating environment descriptor '/home/robomaven/ws/ws1/install/my_interfaces/share/my_interfaces/hook/cmake_prefix_path.dsv'
[2.613s] INFO:colcon.colcon_core.shell:Creating environment hook '/home/robomaven/ws/ws1/install/my_interfaces/share/my_interfaces/hook/cmake_prefix_path.sh'
[2.613s] Level 1:colcon.colcon_core.environment:checking '/home/robomaven/ws/ws1/install/my_interfaces/lib'
[2.613s] Level 1:colcon.colcon_core.shell:create_environment_hook('my_interfaces', 'ld_library_path_lib')
[2.613s] INFO:colcon.colcon_core.shell:Creating environment hook '/home/robomaven/ws/ws1/install/my_interfaces/share/my_interfaces/hook/ld_library_path_lib.ps1'
[2.613s] INFO:colcon.colcon_core.shell:Creating environment descriptor '/home/robomaven/ws/ws1/install/my_interfaces/share/my_interfaces/hook/ld_library_path_lib.dsv'
[2.613s] INFO:colcon.colcon_core.shell:Creating environment hook '/home/robomaven/ws/ws1/install/my_interfaces/share/my_interfaces/hook/ld_library_path_lib.sh'
[2.614s] Level 1:colcon.colcon_core.environment:checking '/home/robomaven/ws/ws1/install/my_interfaces/bin'
[2.614s] Level 1:colcon.colcon_core.environment:checking '/home/robomaven/ws/ws1/install/my_interfaces/lib/pkgconfig/my_interfaces.pc'
[2.614s] Level 1:colcon.colcon_core.environment:checking '/home/robomaven/ws/ws1/install/my_interfaces/lib/python3.10/site-packages'
[2.614s] Level 1:colcon.colcon_core.environment:checking '/home/robomaven/ws/ws1/install/my_interfaces/bin'
[2.614s] INFO:colcon.colcon_core.shell:Creating package script '/home/robomaven/ws/ws1/install/my_interfaces/share/my_interfaces/package.ps1'
[2.614s] INFO:colcon.colcon_core.shell:Creating package descriptor '/home/robomaven/ws/ws1/install/my_interfaces/share/my_interfaces/package.dsv'
[2.615s] INFO:colcon.colcon_core.shell:Creating package script '/home/robomaven/ws/ws1/install/my_interfaces/share/my_interfaces/package.sh'
[2.615s] INFO:colcon.colcon_core.shell:Creating package script '/home/robomaven/ws/ws1/install/my_interfaces/share/my_interfaces/package.bash'
[2.615s] INFO:colcon.colcon_core.shell:Creating package script '/home/robomaven/ws/ws1/install/my_interfaces/share/my_interfaces/package.zsh'
[2.615s] Level 1:colcon.colcon_core.environment:create_file_with_runtime_dependencies(/home/robomaven/ws/ws1/install/my_interfaces/share/colcon-core/packages/my_interfaces)
[2.687s] Level 1:colcon.colcon_core.environment:create_environment_scripts_only(my_interfaces)
[2.687s] Level 1:colcon.colcon_core.environment:checking '/home/robomaven/ws/ws1/install/my_interfaces' for CMake module files
[2.688s] Level 1:colcon.colcon_core.environment:checking '/home/robomaven/ws/ws1/install/my_interfaces' for CMake config files
[2.688s] Level 1:colcon.colcon_core.shell:create_environment_hook('my_interfaces', 'cmake_prefix_path')
[2.689s] INFO:colcon.colcon_core.shell:Creating environment hook '/home/robomaven/ws/ws1/install/my_interfaces/share/my_interfaces/hook/cmake_prefix_path.ps1'
[2.689s] INFO:colcon.colcon_core.shell:Creating environment descriptor '/home/robomaven/ws/ws1/install/my_interfaces/share/my_interfaces/hook/cmake_prefix_path.dsv'
[2.690s] INFO:colcon.colcon_core.shell:Creating environment hook '/home/robomaven/ws/ws1/install/my_interfaces/share/my_interfaces/hook/cmake_prefix_path.sh'
[2.690s] Level 1:colcon.colcon_core.environment:checking '/home/robomaven/ws/ws1/install/my_interfaces/lib'
[2.691s] Level 1:colcon.colcon_core.shell:create_environment_hook('my_interfaces', 'ld_library_path_lib')
[2.691s] INFO:colcon.colcon_core.shell:Creating environment hook '/home/robomaven/ws/ws1/install/my_interfaces/share/my_interfaces/hook/ld_library_path_lib.ps1'
[2.691s] INFO:colcon.colcon_core.shell:Creating environment descriptor '/home/robomaven/ws/ws1/install/my_interfaces/share/my_interfaces/hook/ld_library_path_lib.dsv'
[2.692s] INFO:colcon.colcon_core.shell:Creating environment hook '/home/robomaven/ws/ws1/install/my_interfaces/share/my_interfaces/hook/ld_library_path_lib.sh'
[2.692s] Level 1:colcon.colcon_core.environment:checking '/home/robomaven/ws/ws1/install/my_interfaces/bin'
[2.692s] Level 1:colcon.colcon_core.environment:checking '/home/robomaven/ws/ws1/install/my_interfaces/lib/pkgconfig/my_interfaces.pc'
[2.692s] Level 1:colcon.colcon_core.environment:checking '/home/robomaven/ws/ws1/install/my_interfaces/lib/python3.10/site-packages'
[2.693s] Level 1:colcon.colcon_core.environment:checking '/home/robomaven/ws/ws1/install/my_interfaces/bin'
[2.693s] INFO:colcon.colcon_core.shell:Creating package script '/home/robomaven/ws/ws1/install/my_interfaces/share/my_interfaces/package.ps1'
[2.693s] INFO:colcon.colcon_core.shell:Creating package descriptor '/home/robomaven/ws/ws1/install/my_interfaces/share/my_interfaces/package.dsv'
[2.694s] INFO:colcon.colcon_core.shell:Creating package script '/home/robomaven/ws/ws1/install/my_interfaces/share/my_interfaces/package.sh'
[2.694s] INFO:colcon.colcon_core.shell:Creating package script '/home/robomaven/ws/ws1/install/my_interfaces/share/my_interfaces/package.bash'
[2.695s] INFO:colcon.colcon_core.shell:Creating package script '/home/robomaven/ws/ws1/install/my_interfaces/share/my_interfaces/package.zsh'
[2.695s] Level 1:colcon.colcon_core.environment:create_file_with_runtime_dependencies(/home/robomaven/ws/ws1/install/my_interfaces/share/colcon-core/packages/my_interfaces)
[2.695s] DEBUG:colcon.colcon_parallel_executor.executor.parallel:closing loop
[2.696s] DEBUG:colcon.colcon_parallel_executor.executor.parallel:loop closed
[2.696s] DEBUG:colcon.colcon_parallel_executor.executor.parallel:run_until_complete finished with '0'
[2.696s] DEBUG:colcon.colcon_core.event_reactor:joining thread
[2.702s] INFO:colcon.colcon_core.plugin_system:Skipping extension 'colcon_notification.desktop_notification.terminal_notifier': Not used on non-Darwin systems
[2.702s] INFO:colcon.colcon_core.plugin_system:Skipping extension 'colcon_notification.desktop_notification.win32': Not used on non-Windows systems
[2.702s] INFO:colcon.colcon_notification.desktop_notification:Sending desktop notification using 'notify2'
[2.715s] DEBUG:colcon.colcon_core.event_reactor:joined thread
[2.716s] INFO:colcon.colcon_core.shell:Creating prefix script '/home/robomaven/ws/ws1/install/local_setup.ps1'
[2.717s] INFO:colcon.colcon_core.shell:Creating prefix util module '/home/robomaven/ws/ws1/install/_local_setup_util_ps1.py'
[2.718s] INFO:colcon.colcon_core.shell:Creating prefix chain script '/home/robomaven/ws/ws1/install/setup.ps1'
[2.720s] INFO:colcon.colcon_core.shell:Creating prefix script '/home/robomaven/ws/ws1/install/local_setup.sh'
[2.720s] INFO:colcon.colcon_core.shell:Creating prefix util module '/home/robomaven/ws/ws1/install/_local_setup_util_sh.py'
[2.721s] INFO:colcon.colcon_core.shell:Creating prefix chain script '/home/robomaven/ws/ws1/install/setup.sh'
[2.722s] INFO:colcon.colcon_core.shell:Creating prefix script '/home/robomaven/ws/ws1/install/local_setup.bash'
[2.723s] INFO:colcon.colcon_core.shell:Creating prefix chain script '/home/robomaven/ws/ws1/install/setup.bash'
[2.724s] INFO:colcon.colcon_core.shell:Creating prefix script '/home/robomaven/ws/ws1/install/local_setup.zsh'
[2.725s] INFO:colcon.colcon_core.shell:Creating prefix chain script '/home/robomaven/ws/ws1/install/setup.zsh'
