[0.415s] Invoking command in '/home/robomaven/ws/ros2_ws3/build/actions_py': CMAKE_PREFIX_PATH=/home/robomaven/ws/ros2_ws3/install/my_robot_interfaces:/home/robomaven/ws/ros2_ws3/install/actions_cpp:/home/robomaven/ws/ros2_ws3/install/my_robot_bringup:/home/robomaven/ws/ros2_ws3/install/lifecycle_cpp:/home/robomaven/ws/ros2_ws3/install/executors_cpp:/home/robomaven/ws/ros2_ws3/install/components_cpp:/home/robomaven/ws/ros2_ws2_project/install/my_robot_bringup:/home/robomaven/ws/ros2_ws2_project/install/my_robot_description PYTHONPATH=/home/robomaven/ws/ros2_ws3/build/actions_py/prefix_override:/home/robomaven/ws/ros2_ws3/install/actions_py/lib/python3.10/site-packages:${PYTHONPATH} /usr/bin/python3 -W ignore:setup.py install is deprecated setup.py develop --editable --build-directory /home/robomaven/ws/ros2_ws3/build/actions_py/build --no-deps symlink_data
[0.587s] running develop
[0.681s] running egg_info
[0.681s] writing actions_py.egg-info/PKG-INFO
[0.681s] writing dependency_links to actions_py.egg-info/dependency_links.txt
[0.681s] writing entry points to actions_py.egg-info/entry_points.txt
[0.681s] writing requirements to actions_py.egg-info/requires.txt
[0.681s] writing top-level names to actions_py.egg-info/top_level.txt
[0.682s] reading manifest file 'actions_py.egg-info/SOURCES.txt'
[0.682s] writing manifest file 'actions_py.egg-info/SOURCES.txt'
[0.683s] running build_ext
[0.683s] Creating /home/robomaven/ws/ros2_ws3/install/actions_py/lib/python3.10/site-packages/actions-py.egg-link (link to .)
[0.684s] Installing count_until_client script to /home/robomaven/ws/ros2_ws3/install/actions_py/lib/actions_py
[0.684s] Installing count_until_server script to /home/robomaven/ws/ros2_ws3/install/actions_py/lib/actions_py
[0.684s] Installing move_robot_client script to /home/robomaven/ws/ros2_ws3/install/actions_py/lib/actions_py
[0.684s] Installing move_robot_server script to /home/robomaven/ws/ros2_ws3/install/actions_py/lib/actions_py
[0.684s] 
[0.684s] Installed /home/robomaven/ws/ros2_ws3/build/actions_py
[0.684s] running symlink_data
[0.701s] Invoked command in '/home/robomaven/ws/ros2_ws3/build/actions_py' returned '0': CMAKE_PREFIX_PATH=/home/robomaven/ws/ros2_ws3/install/my_robot_interfaces:/home/robomaven/ws/ros2_ws3/install/actions_cpp:/home/robomaven/ws/ros2_ws3/install/my_robot_bringup:/home/robomaven/ws/ros2_ws3/install/lifecycle_cpp:/home/robomaven/ws/ros2_ws3/install/executors_cpp:/home/robomaven/ws/ros2_ws3/install/components_cpp:/home/robomaven/ws/ros2_ws2_project/install/my_robot_bringup:/home/robomaven/ws/ros2_ws2_project/install/my_robot_description PYTHONPATH=/home/robomaven/ws/ros2_ws3/build/actions_py/prefix_override:/home/robomaven/ws/ros2_ws3/install/actions_py/lib/python3.10/site-packages:${PYTHONPATH} /usr/bin/python3 -W ignore:setup.py install is deprecated setup.py develop --editable --build-directory /home/robomaven/ws/ros2_ws3/build/actions_py/build --no-deps symlink_data
