[0.063s] DEBUG:colcon:Command line arguments: ['/usr/bin/colcon', 'build']
[0.063s] DEBUG:colcon:Parsed command line arguments: Namespace(log_base=None, log_level=None, verb_name='build', build_base='build', install_base='install', merge_install=False, symlink_install=False, test_result_base=None, continue_on_error=False, executor='parallel', parallel_workers=20, event_handlers=None, ignore_user_meta=False, metas=['./colcon.meta'], base_paths=['.'], packages_ignore=None, packages_ignore_regex=None, paths=None, packages_up_to=None, packages_up_to_regex=None, packages_above=None, packages_above_and_dependencies=None, packages_above_depth=None, packages_select_by_dep=None, packages_skip_by_dep=None, packages_skip_up_to=None, packages_select_build_failed=False, packages_skip_build_finished=False, packages_select_test_failures=False, packages_skip_test_passed=False, packages_select=None, packages_skip=None, packages_select_regex=None, packages_skip_regex=None, packages_start=None, packages_end=None, allow_overriding=[], cmake_args=None, cmake_target=None, cmake_target_skip_unavailable=False, cmake_clean_cache=False, cmake_clean_first=False, cmake_force_configure=False, ament_cmake_args=None, catkin_cmake_args=None, catkin_skip_building_tests=False, verb_parser=<colcon_defaults.argument_parser.defaults.DefaultArgumentsDecorator object at 0x7883251ebee0>, verb_extension=<colcon_core.verb.build.BuildVerb object at 0x7883251eb9d0>, main=<bound method BuildVerb.main of <colcon_core.verb.build.BuildVerb object at 0x7883251eb9d0>>)
[0.162s] Level 1:colcon.colcon_core.package_discovery:discover_packages(colcon_meta) check parameters
[0.162s] Level 1:colcon.colcon_core.package_discovery:discover_packages(recursive) check parameters
[0.162s] Level 1:colcon.colcon_core.package_discovery:discover_packages(ignore) check parameters
[0.162s] Level 1:colcon.colcon_core.package_discovery:discover_packages(path) check parameters
[0.162s] Level 1:colcon.colcon_core.package_discovery:discover_packages(colcon_meta) discover
[0.162s] Level 1:colcon.colcon_core.package_discovery:discover_packages(recursive) discover
[0.162s] INFO:colcon.colcon_core.package_discovery:Crawling recursively for packages in '/home/robomaven/activity1_ws'
[0.163s] Level 1:colcon.colcon_core.package_identification:_identify(.) by extensions ['ignore', 'ignore_ament_install']
[0.163s] Level 1:colcon.colcon_core.package_identification:_identify(.) by extension 'ignore'
[0.163s] Level 1:colcon.colcon_core.package_identification:_identify(.) by extension 'ignore_ament_install'
[0.163s] Level 1:colcon.colcon_core.package_identification:_identify(.) by extensions ['colcon_pkg']
[0.163s] Level 1:colcon.colcon_core.package_identification:_identify(.) by extension 'colcon_pkg'
[0.163s] Level 1:colcon.colcon_core.package_identification:_identify(.) by extensions ['colcon_meta']
[0.163s] Level 1:colcon.colcon_core.package_identification:_identify(.) by extension 'colcon_meta'
[0.163s] Level 1:colcon.colcon_core.package_identification:_identify(.) by extensions ['ros']
[0.163s] Level 1:colcon.colcon_core.package_identification:_identify(.) by extension 'ros'
[0.170s] Level 1:colcon.colcon_core.package_identification:_identify(.) by extensions ['cmake', 'python']
[0.170s] Level 1:colcon.colcon_core.package_identification:_identify(.) by extension 'cmake'
[0.170s] Level 1:colcon.colcon_core.package_identification:_identify(.) by extension 'python'
[0.170s] Level 1:colcon.colcon_core.package_identification:_identify(.) by extensions ['python_setup_py']
[0.170s] Level 1:colcon.colcon_core.package_identification:_identify(.) by extension 'python_setup_py'
[0.170s] Level 1:colcon.colcon_core.package_identification:_identify(build) by extensions ['ignore', 'ignore_ament_install']
[0.170s] Level 1:colcon.colcon_core.package_identification:_identify(build) by extension 'ignore'
[0.170s] Level 1:colcon.colcon_core.package_identification:_identify(build) ignored
[0.170s] Level 1:colcon.colcon_core.package_identification:_identify(install) by extensions ['ignore', 'ignore_ament_install']
[0.170s] Level 1:colcon.colcon_core.package_identification:_identify(install) by extension 'ignore'
[0.170s] Level 1:colcon.colcon_core.package_identification:_identify(install) ignored
[0.170s] Level 1:colcon.colcon_core.package_identification:_identify(log) by extensions ['ignore', 'ignore_ament_install']
[0.170s] Level 1:colcon.colcon_core.package_identification:_identify(log) by extension 'ignore'
[0.170s] Level 1:colcon.colcon_core.package_identification:_identify(log) ignored
[0.171s] Level 1:colcon.colcon_core.package_identification:_identify(src) by extensions ['ignore', 'ignore_ament_install']
[0.171s] Level 1:colcon.colcon_core.package_identification:_identify(src) by extension 'ignore'
[0.171s] Level 1:colcon.colcon_core.package_identification:_identify(src) by extension 'ignore_ament_install'
[0.171s] Level 1:colcon.colcon_core.package_identification:_identify(src) by extensions ['colcon_pkg']
[0.171s] Level 1:colcon.colcon_core.package_identification:_identify(src) by extension 'colcon_pkg'
[0.171s] Level 1:colcon.colcon_core.package_identification:_identify(src) by extensions ['colcon_meta']
[0.171s] Level 1:colcon.colcon_core.package_identification:_identify(src) by extension 'colcon_meta'
[0.171s] Level 1:colcon.colcon_core.package_identification:_identify(src) by extensions ['ros']
[0.171s] Level 1:colcon.colcon_core.package_identification:_identify(src) by extension 'ros'
[0.171s] Level 1:colcon.colcon_core.package_identification:_identify(src) by extensions ['cmake', 'python']
[0.171s] Level 1:colcon.colcon_core.package_identification:_identify(src) by extension 'cmake'
[0.171s] Level 1:colcon.colcon_core.package_identification:_identify(src) by extension 'python'
[0.171s] Level 1:colcon.colcon_core.package_identification:_identify(src) by extensions ['python_setup_py']
[0.171s] Level 1:colcon.colcon_core.package_identification:_identify(src) by extension 'python_setup_py'
[0.171s] Level 1:colcon.colcon_core.package_identification:_identify(src/activity1_cpp_pkg) by extensions ['ignore', 'ignore_ament_install']
[0.171s] Level 1:colcon.colcon_core.package_identification:_identify(src/activity1_cpp_pkg) by extension 'ignore'
[0.171s] Level 1:colcon.colcon_core.package_identification:_identify(src/activity1_cpp_pkg) by extension 'ignore_ament_install'
[0.171s] Level 1:colcon.colcon_core.package_identification:_identify(src/activity1_cpp_pkg) by extensions ['colcon_pkg']
[0.171s] Level 1:colcon.colcon_core.package_identification:_identify(src/activity1_cpp_pkg) by extension 'colcon_pkg'
[0.171s] Level 1:colcon.colcon_core.package_identification:_identify(src/activity1_cpp_pkg) by extensions ['colcon_meta']
[0.171s] Level 1:colcon.colcon_core.package_identification:_identify(src/activity1_cpp_pkg) by extension 'colcon_meta'
[0.171s] Level 1:colcon.colcon_core.package_identification:_identify(src/activity1_cpp_pkg) by extensions ['ros']
[0.171s] Level 1:colcon.colcon_core.package_identification:_identify(src/activity1_cpp_pkg) by extension 'ros'
[0.173s] DEBUG:colcon.colcon_core.package_identification:Package 'src/activity1_cpp_pkg' with type 'ros.ament_cmake' and name 'activity1_cpp_pkg'
[0.173s] Level 1:colcon.colcon_core.package_identification:_identify(src/activity1_interfaces) by extensions ['ignore', 'ignore_ament_install']
[0.173s] Level 1:colcon.colcon_core.package_identification:_identify(src/activity1_interfaces) by extension 'ignore'
[0.173s] Level 1:colcon.colcon_core.package_identification:_identify(src/activity1_interfaces) by extension 'ignore_ament_install'
[0.173s] Level 1:colcon.colcon_core.package_identification:_identify(src/activity1_interfaces) by extensions ['colcon_pkg']
[0.173s] Level 1:colcon.colcon_core.package_identification:_identify(src/activity1_interfaces) by extension 'colcon_pkg'
[0.173s] Level 1:colcon.colcon_core.package_identification:_identify(src/activity1_interfaces) by extensions ['colcon_meta']
[0.173s] Level 1:colcon.colcon_core.package_identification:_identify(src/activity1_interfaces) by extension 'colcon_meta'
[0.173s] Level 1:colcon.colcon_core.package_identification:_identify(src/activity1_interfaces) by extensions ['ros']
[0.173s] Level 1:colcon.colcon_core.package_identification:_identify(src/activity1_interfaces) by extension 'ros'
[0.173s] DEBUG:colcon.colcon_core.package_identification:Package 'src/activity1_interfaces' with type 'ros.ament_cmake' and name 'activity1_interfaces'
[0.173s] Level 1:colcon.colcon_core.package_identification:_identify(src/activity1_py_pkg) by extensions ['ignore', 'ignore_ament_install']
[0.173s] Level 1:colcon.colcon_core.package_identification:_identify(src/activity1_py_pkg) by extension 'ignore'
[0.173s] Level 1:colcon.colcon_core.package_identification:_identify(src/activity1_py_pkg) by extension 'ignore_ament_install'
[0.173s] Level 1:colcon.colcon_core.package_identification:_identify(src/activity1_py_pkg) by extensions ['colcon_pkg']
[0.173s] Level 1:colcon.colcon_core.package_identification:_identify(src/activity1_py_pkg) by extension 'colcon_pkg'
[0.173s] Level 1:colcon.colcon_core.package_identification:_identify(src/activity1_py_pkg) by extensions ['colcon_meta']
[0.173s] Level 1:colcon.colcon_core.package_identification:_identify(src/activity1_py_pkg) by extension 'colcon_meta'
[0.174s] Level 1:colcon.colcon_core.package_identification:_identify(src/activity1_py_pkg) by extensions ['ros']
[0.174s] Level 1:colcon.colcon_core.package_identification:_identify(src/activity1_py_pkg) by extension 'ros'
[0.174s] DEBUG:colcon.colcon_core.package_identification:Package 'src/activity1_py_pkg' with type 'ros.ament_python' and name 'activity1_py_pkg'
[0.174s] Level 1:colcon.colcon_core.package_discovery:discover_packages(recursive) using defaults
[0.174s] Level 1:colcon.colcon_core.package_discovery:discover_packages(ignore) discover
[0.174s] Level 1:colcon.colcon_core.package_discovery:discover_packages(ignore) using defaults
[0.174s] Level 1:colcon.colcon_core.package_discovery:discover_packages(path) discover
[0.174s] Level 1:colcon.colcon_core.package_discovery:discover_packages(path) using defaults
[0.192s] Level 1:colcon.colcon_core.package_discovery:discover_packages(prefix_path) check parameters
[0.192s] Level 1:colcon.colcon_core.package_discovery:discover_packages(prefix_path) discover
[0.193s] DEBUG:colcon.colcon_installed_package_information.package_discovery:Found 3 installed packages in /home/robomaven/activity1_ws/install
[0.193s] DEBUG:colcon.colcon_installed_package_information.package_discovery:Found 3 installed packages in /home/robomaven/ros2_ws/install
[0.194s] DEBUG:colcon.colcon_installed_package_information.package_discovery:Found 270 installed packages in /opt/ros/humble
[0.194s] Level 1:colcon.colcon_core.package_discovery:discover_packages(prefix_path) using defaults
[0.215s] Level 5:colcon.colcon_core.verb:set package 'activity1_interfaces' build argument 'cmake_args' from command line to 'None'
[0.215s] Level 5:colcon.colcon_core.verb:set package 'activity1_interfaces' build argument 'cmake_target' from command line to 'None'
[0.215s] Level 5:colcon.colcon_core.verb:set package 'activity1_interfaces' build argument 'cmake_target_skip_unavailable' from command line to 'False'
[0.215s] Level 5:colcon.colcon_core.verb:set package 'activity1_interfaces' build argument 'cmake_clean_cache' from command line to 'False'
[0.215s] Level 5:colcon.colcon_core.verb:set package 'activity1_interfaces' build argument 'cmake_clean_first' from command line to 'False'
[0.215s] Level 5:colcon.colcon_core.verb:set package 'activity1_interfaces' build argument 'cmake_force_configure' from command line to 'False'
[0.215s] Level 5:colcon.colcon_core.verb:set package 'activity1_interfaces' build argument 'ament_cmake_args' from command line to 'None'
[0.215s] Level 5:colcon.colcon_core.verb:set package 'activity1_interfaces' build argument 'catkin_cmake_args' from command line to 'None'
[0.215s] Level 5:colcon.colcon_core.verb:set package 'activity1_interfaces' build argument 'catkin_skip_building_tests' from command line to 'False'
[0.215s] DEBUG:colcon.colcon_core.verb:Building package 'activity1_interfaces' with the following arguments: {'ament_cmake_args': None, 'build_base': '/home/robomaven/activity1_ws/build/activity1_interfaces', 'catkin_cmake_args': None, 'catkin_skip_building_tests': False, 'cmake_args': None, 'cmake_clean_cache': False, 'cmake_clean_first': False, 'cmake_force_configure': False, 'cmake_target': None, 'cmake_target_skip_unavailable': False, 'install_base': '/home/robomaven/activity1_ws/install/activity1_interfaces', 'merge_install': False, 'path': '/home/robomaven/activity1_ws/src/activity1_interfaces', 'symlink_install': False, 'test_result_base': None}
[0.216s] Level 5:colcon.colcon_core.verb:set package 'activity1_cpp_pkg' build argument 'cmake_args' from command line to 'None'
[0.216s] Level 5:colcon.colcon_core.verb:set package 'activity1_cpp_pkg' build argument 'cmake_target' from command line to 'None'
[0.216s] Level 5:colcon.colcon_core.verb:set package 'activity1_cpp_pkg' build argument 'cmake_target_skip_unavailable' from command line to 'False'
[0.216s] Level 5:colcon.colcon_core.verb:set package 'activity1_cpp_pkg' build argument 'cmake_clean_cache' from command line to 'False'
[0.216s] Level 5:colcon.colcon_core.verb:set package 'activity1_cpp_pkg' build argument 'cmake_clean_first' from command line to 'False'
[0.216s] Level 5:colcon.colcon_core.verb:set package 'activity1_cpp_pkg' build argument 'cmake_force_configure' from command line to 'False'
[0.216s] Level 5:colcon.colcon_core.verb:set package 'activity1_cpp_pkg' build argument 'ament_cmake_args' from command line to 'None'
[0.216s] Level 5:colcon.colcon_core.verb:set package 'activity1_cpp_pkg' build argument 'catkin_cmake_args' from command line to 'None'
[0.216s] Level 5:colcon.colcon_core.verb:set package 'activity1_cpp_pkg' build argument 'catkin_skip_building_tests' from command line to 'False'
[0.216s] DEBUG:colcon.colcon_core.verb:Building package 'activity1_cpp_pkg' with the following arguments: {'ament_cmake_args': None, 'build_base': '/home/robomaven/activity1_ws/build/activity1_cpp_pkg', 'catkin_cmake_args': None, 'catkin_skip_building_tests': False, 'cmake_args': None, 'cmake_clean_cache': False, 'cmake_clean_first': False, 'cmake_force_configure': False, 'cmake_target': None, 'cmake_target_skip_unavailable': False, 'install_base': '/home/robomaven/activity1_ws/install/activity1_cpp_pkg', 'merge_install': False, 'path': '/home/robomaven/activity1_ws/src/activity1_cpp_pkg', 'symlink_install': False, 'test_result_base': None}
[0.216s] Level 5:colcon.colcon_core.verb:set package 'activity1_py_pkg' build argument 'cmake_args' from command line to 'None'
[0.216s] Level 5:colcon.colcon_core.verb:set package 'activity1_py_pkg' build argument 'cmake_target' from command line to 'None'
[0.216s] Level 5:colcon.colcon_core.verb:set package 'activity1_py_pkg' build argument 'cmake_target_skip_unavailable' from command line to 'False'
[0.216s] Level 5:colcon.colcon_core.verb:set package 'activity1_py_pkg' build argument 'cmake_clean_cache' from command line to 'False'
[0.216s] Level 5:colcon.colcon_core.verb:set package 'activity1_py_pkg' build argument 'cmake_clean_first' from command line to 'False'
[0.216s] Level 5:colcon.colcon_core.verb:set package 'activity1_py_pkg' build argument 'cmake_force_configure' from command line to 'False'
[0.216s] Level 5:colcon.colcon_core.verb:set package 'activity1_py_pkg' build argument 'ament_cmake_args' from command line to 'None'
[0.216s] Level 5:colcon.colcon_core.verb:set package 'activity1_py_pkg' build argument 'catkin_cmake_args' from command line to 'None'
[0.216s] Level 5:colcon.colcon_core.verb:set package 'activity1_py_pkg' build argument 'catkin_skip_building_tests' from command line to 'False'
[0.216s] DEBUG:colcon.colcon_core.verb:Building package 'activity1_py_pkg' with the following arguments: {'ament_cmake_args': None, 'build_base': '/home/robomaven/activity1_ws/build/activity1_py_pkg', 'catkin_cmake_args': None, 'catkin_skip_building_tests': False, 'cmake_args': None, 'cmake_clean_cache': False, 'cmake_clean_first': False, 'cmake_force_configure': False, 'cmake_target': None, 'cmake_target_skip_unavailable': False, 'install_base': '/home/robomaven/activity1_ws/install/activity1_py_pkg', 'merge_install': False, 'path': '/home/robomaven/activity1_ws/src/activity1_py_pkg', 'symlink_install': False, 'test_result_base': None}
[0.216s] INFO:colcon.colcon_core.executor:Executing jobs using 'parallel' executor
[0.217s] DEBUG:colcon.colcon_parallel_executor.executor.parallel:run_until_complete
[0.217s] INFO:colcon.colcon_ros.task.ament_cmake.build:Building ROS package in '/home/robomaven/activity1_ws/src/activity1_interfaces' with build type 'ament_cmake'
[0.217s] INFO:colcon.colcon_cmake.task.cmake.build:Building CMake package in '/home/robomaven/activity1_ws/src/activity1_interfaces'
[0.218s] INFO:colcon.colcon_core.plugin_system:Skipping extension 'colcon_core.shell.bat': Not used on non-Windows systems
[0.219s] INFO:colcon.colcon_core.shell:Skip shell extension 'powershell' for command environment: Not usable outside of PowerShell
[0.219s] DEBUG:colcon.colcon_core.shell:Skip shell extension 'dsv' for command environment
[0.224s] DEBUG:colcon.colcon_core.event_handler.log_command:Invoking command in '/home/robomaven/activity1_ws/build/activity1_interfaces': CMAKE_PREFIX_PATH=${CMAKE_PREFIX_PATH}:/home/robomaven/ros2_ws/install/my_py_pkg:/home/robomaven/activity1_ws/install/activity1_py_pkg:/opt/ros/humble /usr/bin/cmake --build /home/robomaven/activity1_ws/build/activity1_interfaces -- -j20 -l20
[0.460s] DEBUG:colcon.colcon_core.event_handler.log_command:Invoked command in '/home/robomaven/activity1_ws/build/activity1_interfaces' returned '0': CMAKE_PREFIX_PATH=${CMAKE_PREFIX_PATH}:/home/robomaven/ros2_ws/install/my_py_pkg:/home/robomaven/activity1_ws/install/activity1_py_pkg:/opt/ros/humble /usr/bin/cmake --build /home/robomaven/activity1_ws/build/activity1_interfaces -- -j20 -l20
[0.535s] DEBUG:colcon.colcon_core.event_handler.log_command:Invoking command in '/home/robomaven/activity1_ws/build/activity1_interfaces': CMAKE_PREFIX_PATH=${CMAKE_PREFIX_PATH}:/home/robomaven/ros2_ws/install/my_py_pkg:/home/robomaven/activity1_ws/install/activity1_py_pkg:/opt/ros/humble /usr/bin/cmake --install /home/robomaven/activity1_ws/build/activity1_interfaces
[0.585s] Level 1:colcon.colcon_core.environment:create_environment_scripts_only(activity1_interfaces)
[0.585s] DEBUG:colcon.colcon_core.event_handler.log_command:Invoked command in '/home/robomaven/activity1_ws/build/activity1_interfaces' returned '0': CMAKE_PREFIX_PATH=${CMAKE_PREFIX_PATH}:/home/robomaven/ros2_ws/install/my_py_pkg:/home/robomaven/activity1_ws/install/activity1_py_pkg:/opt/ros/humble /usr/bin/cmake --install /home/robomaven/activity1_ws/build/activity1_interfaces
[0.587s] Level 1:colcon.colcon_core.environment:checking '/home/robomaven/activity1_ws/install/activity1_interfaces' for CMake module files
[0.587s] Level 1:colcon.colcon_core.environment:checking '/home/robomaven/activity1_ws/install/activity1_interfaces' for CMake config files
[0.587s] Level 1:colcon.colcon_core.shell:create_environment_hook('activity1_interfaces', 'cmake_prefix_path')
[0.588s] INFO:colcon.colcon_core.shell:Creating environment hook '/home/robomaven/activity1_ws/install/activity1_interfaces/share/activity1_interfaces/hook/cmake_prefix_path.ps1'
[0.588s] INFO:colcon.colcon_core.shell:Creating environment descriptor '/home/robomaven/activity1_ws/install/activity1_interfaces/share/activity1_interfaces/hook/cmake_prefix_path.dsv'
[0.588s] INFO:colcon.colcon_core.shell:Creating environment hook '/home/robomaven/activity1_ws/install/activity1_interfaces/share/activity1_interfaces/hook/cmake_prefix_path.sh'
[0.589s] Level 1:colcon.colcon_core.environment:checking '/home/robomaven/activity1_ws/install/activity1_interfaces/lib'
[0.589s] Level 1:colcon.colcon_core.shell:create_environment_hook('activity1_interfaces', 'ld_library_path_lib')
[0.589s] INFO:colcon.colcon_core.shell:Creating environment hook '/home/robomaven/activity1_ws/install/activity1_interfaces/share/activity1_interfaces/hook/ld_library_path_lib.ps1'
[0.589s] INFO:colcon.colcon_core.shell:Creating environment descriptor '/home/robomaven/activity1_ws/install/activity1_interfaces/share/activity1_interfaces/hook/ld_library_path_lib.dsv'
[0.589s] INFO:colcon.colcon_core.shell:Creating environment hook '/home/robomaven/activity1_ws/install/activity1_interfaces/share/activity1_interfaces/hook/ld_library_path_lib.sh'
[0.589s] Level 1:colcon.colcon_core.environment:checking '/home/robomaven/activity1_ws/install/activity1_interfaces/bin'
[0.590s] Level 1:colcon.colcon_core.environment:checking '/home/robomaven/activity1_ws/install/activity1_interfaces/lib/pkgconfig/activity1_interfaces.pc'
[0.590s] Level 1:colcon.colcon_core.environment:checking '/home/robomaven/activity1_ws/install/activity1_interfaces/lib/python3.10/site-packages'
[0.590s] Level 1:colcon.colcon_core.environment:checking '/home/robomaven/activity1_ws/install/activity1_interfaces/bin'
[0.590s] INFO:colcon.colcon_core.shell:Creating package script '/home/robomaven/activity1_ws/install/activity1_interfaces/share/activity1_interfaces/package.ps1'
[0.590s] INFO:colcon.colcon_core.shell:Creating package descriptor '/home/robomaven/activity1_ws/install/activity1_interfaces/share/activity1_interfaces/package.dsv'
[0.591s] INFO:colcon.colcon_core.shell:Creating package script '/home/robomaven/activity1_ws/install/activity1_interfaces/share/activity1_interfaces/package.sh'
[0.591s] INFO:colcon.colcon_core.shell:Creating package script '/home/robomaven/activity1_ws/install/activity1_interfaces/share/activity1_interfaces/package.bash'
[0.592s] INFO:colcon.colcon_core.shell:Creating package script '/home/robomaven/activity1_ws/install/activity1_interfaces/share/activity1_interfaces/package.zsh'
[0.592s] Level 1:colcon.colcon_core.environment:create_file_with_runtime_dependencies(/home/robomaven/activity1_ws/install/activity1_interfaces/share/colcon-core/packages/activity1_interfaces)
[0.675s] Level 1:colcon.colcon_core.environment:create_environment_scripts_only(activity1_interfaces)
[0.675s] Level 1:colcon.colcon_core.environment:checking '/home/robomaven/activity1_ws/install/activity1_interfaces' for CMake module files
[0.676s] Level 1:colcon.colcon_core.environment:checking '/home/robomaven/activity1_ws/install/activity1_interfaces' for CMake config files
[0.676s] Level 1:colcon.colcon_core.shell:create_environment_hook('activity1_interfaces', 'cmake_prefix_path')
[0.677s] INFO:colcon.colcon_core.shell:Creating environment hook '/home/robomaven/activity1_ws/install/activity1_interfaces/share/activity1_interfaces/hook/cmake_prefix_path.ps1'
[0.677s] INFO:colcon.colcon_core.shell:Creating environment descriptor '/home/robomaven/activity1_ws/install/activity1_interfaces/share/activity1_interfaces/hook/cmake_prefix_path.dsv'
[0.677s] INFO:colcon.colcon_core.shell:Creating environment hook '/home/robomaven/activity1_ws/install/activity1_interfaces/share/activity1_interfaces/hook/cmake_prefix_path.sh'
[0.678s] Level 1:colcon.colcon_core.environment:checking '/home/robomaven/activity1_ws/install/activity1_interfaces/lib'
[0.678s] Level 1:colcon.colcon_core.shell:create_environment_hook('activity1_interfaces', 'ld_library_path_lib')
[0.678s] INFO:colcon.colcon_core.shell:Creating environment hook '/home/robomaven/activity1_ws/install/activity1_interfaces/share/activity1_interfaces/hook/ld_library_path_lib.ps1'
[0.679s] INFO:colcon.colcon_core.shell:Creating environment descriptor '/home/robomaven/activity1_ws/install/activity1_interfaces/share/activity1_interfaces/hook/ld_library_path_lib.dsv'
[0.679s] INFO:colcon.colcon_core.shell:Creating environment hook '/home/robomaven/activity1_ws/install/activity1_interfaces/share/activity1_interfaces/hook/ld_library_path_lib.sh'
[0.679s] Level 1:colcon.colcon_core.environment:checking '/home/robomaven/activity1_ws/install/activity1_interfaces/bin'
[0.679s] Level 1:colcon.colcon_core.environment:checking '/home/robomaven/activity1_ws/install/activity1_interfaces/lib/pkgconfig/activity1_interfaces.pc'
[0.679s] Level 1:colcon.colcon_core.environment:checking '/home/robomaven/activity1_ws/install/activity1_interfaces/lib/python3.10/site-packages'
[0.680s] Level 1:colcon.colcon_core.environment:checking '/home/robomaven/activity1_ws/install/activity1_interfaces/bin'
[0.680s] INFO:colcon.colcon_core.shell:Creating package script '/home/robomaven/activity1_ws/install/activity1_interfaces/share/activity1_interfaces/package.ps1'
[0.680s] INFO:colcon.colcon_core.shell:Creating package descriptor '/home/robomaven/activity1_ws/install/activity1_interfaces/share/activity1_interfaces/package.dsv'
[0.681s] INFO:colcon.colcon_core.shell:Creating package script '/home/robomaven/activity1_ws/install/activity1_interfaces/share/activity1_interfaces/package.sh'
[0.681s] INFO:colcon.colcon_core.shell:Creating package script '/home/robomaven/activity1_ws/install/activity1_interfaces/share/activity1_interfaces/package.bash'
[0.682s] INFO:colcon.colcon_core.shell:Creating package script '/home/robomaven/activity1_ws/install/activity1_interfaces/share/activity1_interfaces/package.zsh'
[0.682s] Level 1:colcon.colcon_core.environment:create_file_with_runtime_dependencies(/home/robomaven/activity1_ws/install/activity1_interfaces/share/colcon-core/packages/activity1_interfaces)
[0.682s] INFO:colcon.colcon_ros.task.ament_cmake.build:Building ROS package in '/home/robomaven/activity1_ws/src/activity1_cpp_pkg' with build type 'ament_cmake'
[0.682s] INFO:colcon.colcon_cmake.task.cmake.build:Building CMake package in '/home/robomaven/activity1_ws/src/activity1_cpp_pkg'
[0.682s] INFO:colcon.colcon_core.shell:Skip shell extension 'powershell' for command environment: Not usable outside of PowerShell
[0.683s] DEBUG:colcon.colcon_core.shell:Skip shell extension 'dsv' for command environment
[0.686s] INFO:colcon.colcon_ros.task.ament_python.build:Building ROS package in '/home/robomaven/activity1_ws/src/activity1_py_pkg' with build type 'ament_python'
[0.687s] Level 1:colcon.colcon_core.shell:create_environment_hook('activity1_py_pkg', 'ament_prefix_path')
[0.687s] INFO:colcon.colcon_core.shell:Creating environment hook '/home/robomaven/activity1_ws/install/activity1_py_pkg/share/activity1_py_pkg/hook/ament_prefix_path.ps1'
[0.687s] INFO:colcon.colcon_core.shell:Creating environment descriptor '/home/robomaven/activity1_ws/install/activity1_py_pkg/share/activity1_py_pkg/hook/ament_prefix_path.dsv'
[0.688s] INFO:colcon.colcon_core.shell:Creating environment hook '/home/robomaven/activity1_ws/install/activity1_py_pkg/share/activity1_py_pkg/hook/ament_prefix_path.sh'
[0.688s] INFO:colcon.colcon_core.shell:Skip shell extension 'powershell' for command environment: Not usable outside of PowerShell
[0.688s] DEBUG:colcon.colcon_core.shell:Skip shell extension 'dsv' for command environment
[0.696s] DEBUG:colcon.colcon_core.event_handler.log_command:Invoking command in '/home/robomaven/activity1_ws/build/activity1_cpp_pkg': CMAKE_PREFIX_PATH=/home/robomaven/activity1_ws/install/activity1_interfaces:/home/robomaven/ros2_ws/install/my_cpp_pkg:/home/robomaven/ros2_ws/install/my_robot_interfaces:/home/robomaven/activity1_ws/install/activity1_cpp_pkg:/home/robomaven/ros2_ws/install/my_py_pkg:/home/robomaven/activity1_ws/install/activity1_py_pkg:/opt/ros/humble LD_LIBRARY_PATH=/home/robomaven/activity1_ws/install/activity1_interfaces/lib:/home/robomaven/ros2_ws/install/my_robot_interfaces/lib:/opt/ros/humble/opt/rviz_ogre_vendor/lib:/opt/ros/humble/lib/x86_64-linux-gnu:/opt/ros/humble/lib /usr/bin/cmake --build /home/robomaven/activity1_ws/build/activity1_cpp_pkg -- -j20 -l20
[0.857s] INFO:colcon.colcon_core.task.python.build:Building Python package in '/home/robomaven/activity1_ws/src/activity1_py_pkg'
[0.857s] INFO:colcon.colcon_core.shell:Skip shell extension 'powershell' for command environment: Not usable outside of PowerShell
[0.858s] DEBUG:colcon.colcon_core.shell:Skip shell extension 'dsv' for command environment
[0.862s] DEBUG:colcon.colcon_core.event_handler.log_command:Invoked command in '/home/robomaven/activity1_ws/build/activity1_cpp_pkg' returned '0': CMAKE_PREFIX_PATH=/home/robomaven/activity1_ws/install/activity1_interfaces:/home/robomaven/ros2_ws/install/my_cpp_pkg:/home/robomaven/ros2_ws/install/my_robot_interfaces:/home/robomaven/activity1_ws/install/activity1_cpp_pkg:/home/robomaven/ros2_ws/install/my_py_pkg:/home/robomaven/activity1_ws/install/activity1_py_pkg:/opt/ros/humble LD_LIBRARY_PATH=/home/robomaven/activity1_ws/install/activity1_interfaces/lib:/home/robomaven/ros2_ws/install/my_robot_interfaces/lib:/opt/ros/humble/opt/rviz_ogre_vendor/lib:/opt/ros/humble/lib/x86_64-linux-gnu:/opt/ros/humble/lib /usr/bin/cmake --build /home/robomaven/activity1_ws/build/activity1_cpp_pkg -- -j20 -l20
[0.883s] DEBUG:colcon.colcon_core.event_handler.log_command:Invoking command in '/home/robomaven/activity1_ws/build/activity1_cpp_pkg': CMAKE_PREFIX_PATH=/home/robomaven/activity1_ws/install/activity1_interfaces:/home/robomaven/ros2_ws/install/my_cpp_pkg:/home/robomaven/ros2_ws/install/my_robot_interfaces:/home/robomaven/activity1_ws/install/activity1_cpp_pkg:/home/robomaven/ros2_ws/install/my_py_pkg:/home/robomaven/activity1_ws/install/activity1_py_pkg:/opt/ros/humble LD_LIBRARY_PATH=/home/robomaven/activity1_ws/install/activity1_interfaces/lib:/home/robomaven/ros2_ws/install/my_robot_interfaces/lib:/opt/ros/humble/opt/rviz_ogre_vendor/lib:/opt/ros/humble/lib/x86_64-linux-gnu:/opt/ros/humble/lib /usr/bin/cmake --install /home/robomaven/activity1_ws/build/activity1_cpp_pkg
[0.889s] Level 1:colcon.colcon_core.environment:create_environment_scripts_only(activity1_cpp_pkg)
[0.889s] Level 1:colcon.colcon_core.environment:checking '/home/robomaven/activity1_ws/install/activity1_cpp_pkg' for CMake module files
[0.890s] DEBUG:colcon.colcon_core.event_handler.log_command:Invoked command in '/home/robomaven/activity1_ws/build/activity1_cpp_pkg' returned '0': CMAKE_PREFIX_PATH=/home/robomaven/activity1_ws/install/activity1_interfaces:/home/robomaven/ros2_ws/install/my_cpp_pkg:/home/robomaven/ros2_ws/install/my_robot_interfaces:/home/robomaven/activity1_ws/install/activity1_cpp_pkg:/home/robomaven/ros2_ws/install/my_py_pkg:/home/robomaven/activity1_ws/install/activity1_py_pkg:/opt/ros/humble LD_LIBRARY_PATH=/home/robomaven/activity1_ws/install/activity1_interfaces/lib:/home/robomaven/ros2_ws/install/my_robot_interfaces/lib:/opt/ros/humble/opt/rviz_ogre_vendor/lib:/opt/ros/humble/lib/x86_64-linux-gnu:/opt/ros/humble/lib /usr/bin/cmake --install /home/robomaven/activity1_ws/build/activity1_cpp_pkg
[0.890s] Level 1:colcon.colcon_core.environment:checking '/home/robomaven/activity1_ws/install/activity1_cpp_pkg' for CMake config files
[0.890s] Level 1:colcon.colcon_core.shell:create_environment_hook('activity1_cpp_pkg', 'cmake_prefix_path')
[0.890s] INFO:colcon.colcon_core.shell:Creating environment hook '/home/robomaven/activity1_ws/install/activity1_cpp_pkg/share/activity1_cpp_pkg/hook/cmake_prefix_path.ps1'
[0.890s] INFO:colcon.colcon_core.shell:Creating environment descriptor '/home/robomaven/activity1_ws/install/activity1_cpp_pkg/share/activity1_cpp_pkg/hook/cmake_prefix_path.dsv'
[0.890s] INFO:colcon.colcon_core.shell:Creating environment hook '/home/robomaven/activity1_ws/install/activity1_cpp_pkg/share/activity1_cpp_pkg/hook/cmake_prefix_path.sh'
[0.891s] Level 1:colcon.colcon_core.environment:checking '/home/robomaven/activity1_ws/install/activity1_cpp_pkg/lib'
[0.891s] Level 1:colcon.colcon_core.environment:checking '/home/robomaven/activity1_ws/install/activity1_cpp_pkg/bin'
[0.891s] Level 1:colcon.colcon_core.environment:checking '/home/robomaven/activity1_ws/install/activity1_cpp_pkg/lib/pkgconfig/activity1_cpp_pkg.pc'
[0.891s] Level 1:colcon.colcon_core.environment:checking '/home/robomaven/activity1_ws/install/activity1_cpp_pkg/lib/python3.10/site-packages'
[0.891s] Level 1:colcon.colcon_core.environment:checking '/home/robomaven/activity1_ws/install/activity1_cpp_pkg/bin'
[0.891s] INFO:colcon.colcon_core.shell:Creating package script '/home/robomaven/activity1_ws/install/activity1_cpp_pkg/share/activity1_cpp_pkg/package.ps1'
[0.892s] INFO:colcon.colcon_core.shell:Creating package descriptor '/home/robomaven/activity1_ws/install/activity1_cpp_pkg/share/activity1_cpp_pkg/package.dsv'
[0.892s] INFO:colcon.colcon_core.shell:Creating package script '/home/robomaven/activity1_ws/install/activity1_cpp_pkg/share/activity1_cpp_pkg/package.sh'
[0.892s] INFO:colcon.colcon_core.shell:Creating package script '/home/robomaven/activity1_ws/install/activity1_cpp_pkg/share/activity1_cpp_pkg/package.bash'
[0.892s] INFO:colcon.colcon_core.shell:Creating package script '/home/robomaven/activity1_ws/install/activity1_cpp_pkg/share/activity1_cpp_pkg/package.zsh'
[0.892s] Level 1:colcon.colcon_core.environment:create_file_with_runtime_dependencies(/home/robomaven/activity1_ws/install/activity1_cpp_pkg/share/colcon-core/packages/activity1_cpp_pkg)
[0.912s] Level 1:colcon.colcon_core.environment:create_environment_scripts_only(activity1_cpp_pkg)
[0.913s] Level 1:colcon.colcon_core.environment:checking '/home/robomaven/activity1_ws/install/activity1_cpp_pkg' for CMake module files
[0.913s] Level 1:colcon.colcon_core.environment:checking '/home/robomaven/activity1_ws/install/activity1_cpp_pkg' for CMake config files
[0.913s] Level 1:colcon.colcon_core.shell:create_environment_hook('activity1_cpp_pkg', 'cmake_prefix_path')
[0.914s] INFO:colcon.colcon_core.shell:Creating environment hook '/home/robomaven/activity1_ws/install/activity1_cpp_pkg/share/activity1_cpp_pkg/hook/cmake_prefix_path.ps1'
[0.914s] INFO:colcon.colcon_core.shell:Creating environment descriptor '/home/robomaven/activity1_ws/install/activity1_cpp_pkg/share/activity1_cpp_pkg/hook/cmake_prefix_path.dsv'
[0.914s] INFO:colcon.colcon_core.shell:Creating environment hook '/home/robomaven/activity1_ws/install/activity1_cpp_pkg/share/activity1_cpp_pkg/hook/cmake_prefix_path.sh'
[0.915s] Level 1:colcon.colcon_core.environment:checking '/home/robomaven/activity1_ws/install/activity1_cpp_pkg/lib'
[0.915s] Level 1:colcon.colcon_core.environment:checking '/home/robomaven/activity1_ws/install/activity1_cpp_pkg/bin'
[0.915s] Level 1:colcon.colcon_core.environment:checking '/home/robomaven/activity1_ws/install/activity1_cpp_pkg/lib/pkgconfig/activity1_cpp_pkg.pc'
[0.915s] Level 1:colcon.colcon_core.environment:checking '/home/robomaven/activity1_ws/install/activity1_cpp_pkg/lib/python3.10/site-packages'
[0.915s] Level 1:colcon.colcon_core.environment:checking '/home/robomaven/activity1_ws/install/activity1_cpp_pkg/bin'
[0.916s] INFO:colcon.colcon_core.shell:Creating package script '/home/robomaven/activity1_ws/install/activity1_cpp_pkg/share/activity1_cpp_pkg/package.ps1'
[0.916s] INFO:colcon.colcon_core.shell:Creating package descriptor '/home/robomaven/activity1_ws/install/activity1_cpp_pkg/share/activity1_cpp_pkg/package.dsv'
[0.916s] INFO:colcon.colcon_core.shell:Creating package script '/home/robomaven/activity1_ws/install/activity1_cpp_pkg/share/activity1_cpp_pkg/package.sh'
[0.916s] INFO:colcon.colcon_core.shell:Creating package script '/home/robomaven/activity1_ws/install/activity1_cpp_pkg/share/activity1_cpp_pkg/package.bash'
[0.917s] INFO:colcon.colcon_core.shell:Creating package script '/home/robomaven/activity1_ws/install/activity1_cpp_pkg/share/activity1_cpp_pkg/package.zsh'
[0.917s] Level 1:colcon.colcon_core.environment:create_file_with_runtime_dependencies(/home/robomaven/activity1_ws/install/activity1_cpp_pkg/share/colcon-core/packages/activity1_cpp_pkg)
[1.062s] DEBUG:colcon.colcon_core.event_handler.log_command:Invoking command in '/home/robomaven/activity1_ws/src/activity1_py_pkg': CMAKE_PREFIX_PATH=/home/robomaven/activity1_ws/install/activity1_interfaces:/home/robomaven/ros2_ws/install/my_cpp_pkg:/home/robomaven/ros2_ws/install/my_robot_interfaces:/home/robomaven/activity1_ws/install/activity1_cpp_pkg LD_LIBRARY_PATH=/home/robomaven/activity1_ws/install/activity1_interfaces/lib:/home/robomaven/ros2_ws/install/my_robot_interfaces/lib:/opt/ros/humble/opt/rviz_ogre_vendor/lib:/opt/ros/humble/lib/x86_64-linux-gnu:/opt/ros/humble/lib PYTHONPATH=/home/robomaven/activity1_ws/build/activity1_py_pkg/prefix_override:/home/robomaven/activity1_ws/install/activity1_py_pkg/lib/python3.10/site-packages:${PYTHONPATH} /usr/bin/python3 -W ignore:setup.py install is deprecated setup.py egg_info --egg-base ../../build/activity1_py_pkg build --build-base /home/robomaven/activity1_ws/build/activity1_py_pkg/build install --record /home/robomaven/activity1_ws/build/activity1_py_pkg/install.log --single-version-externally-managed install_data
[1.235s] Level 1:colcon.colcon_core.environment:checking '/home/robomaven/activity1_ws/install/activity1_py_pkg' for CMake module files
[1.235s] DEBUG:colcon.colcon_core.event_handler.log_command:Invoked command in '/home/robomaven/activity1_ws/src/activity1_py_pkg' returned '0': CMAKE_PREFIX_PATH=/home/robomaven/activity1_ws/install/activity1_interfaces:/home/robomaven/ros2_ws/install/my_cpp_pkg:/home/robomaven/ros2_ws/install/my_robot_interfaces:/home/robomaven/activity1_ws/install/activity1_cpp_pkg LD_LIBRARY_PATH=/home/robomaven/activity1_ws/install/activity1_interfaces/lib:/home/robomaven/ros2_ws/install/my_robot_interfaces/lib:/opt/ros/humble/opt/rviz_ogre_vendor/lib:/opt/ros/humble/lib/x86_64-linux-gnu:/opt/ros/humble/lib PYTHONPATH=/home/robomaven/activity1_ws/build/activity1_py_pkg/prefix_override:/home/robomaven/activity1_ws/install/activity1_py_pkg/lib/python3.10/site-packages:${PYTHONPATH} /usr/bin/python3 -W ignore:setup.py install is deprecated setup.py egg_info --egg-base ../../build/activity1_py_pkg build --build-base /home/robomaven/activity1_ws/build/activity1_py_pkg/build install --record /home/robomaven/activity1_ws/build/activity1_py_pkg/install.log --single-version-externally-managed install_data
[1.235s] Level 1:colcon.colcon_core.environment:checking '/home/robomaven/activity1_ws/install/activity1_py_pkg' for CMake config files
[1.236s] Level 1:colcon.colcon_core.environment:checking '/home/robomaven/activity1_ws/install/activity1_py_pkg/lib'
[1.236s] Level 1:colcon.colcon_core.environment:checking '/home/robomaven/activity1_ws/install/activity1_py_pkg/bin'
[1.236s] Level 1:colcon.colcon_core.environment:checking '/home/robomaven/activity1_ws/install/activity1_py_pkg/lib/pkgconfig/activity1_py_pkg.pc'
[1.236s] Level 1:colcon.colcon_core.environment:checking '/home/robomaven/activity1_ws/install/activity1_py_pkg/lib/python3.10/site-packages'
[1.236s] Level 1:colcon.colcon_core.shell:create_environment_hook('activity1_py_pkg', 'pythonpath')
[1.236s] INFO:colcon.colcon_core.shell:Creating environment hook '/home/robomaven/activity1_ws/install/activity1_py_pkg/share/activity1_py_pkg/hook/pythonpath.ps1'
[1.236s] INFO:colcon.colcon_core.shell:Creating environment descriptor '/home/robomaven/activity1_ws/install/activity1_py_pkg/share/activity1_py_pkg/hook/pythonpath.dsv'
[1.237s] INFO:colcon.colcon_core.shell:Creating environment hook '/home/robomaven/activity1_ws/install/activity1_py_pkg/share/activity1_py_pkg/hook/pythonpath.sh'
[1.237s] Level 1:colcon.colcon_core.environment:checking '/home/robomaven/activity1_ws/install/activity1_py_pkg/bin'
[1.237s] Level 1:colcon.colcon_core.environment:create_environment_scripts_only(activity1_py_pkg)
[1.237s] INFO:colcon.colcon_core.shell:Creating package script '/home/robomaven/activity1_ws/install/activity1_py_pkg/share/activity1_py_pkg/package.ps1'
[1.237s] INFO:colcon.colcon_core.shell:Creating package descriptor '/home/robomaven/activity1_ws/install/activity1_py_pkg/share/activity1_py_pkg/package.dsv'
[1.238s] INFO:colcon.colcon_core.shell:Creating package script '/home/robomaven/activity1_ws/install/activity1_py_pkg/share/activity1_py_pkg/package.sh'
[1.238s] INFO:colcon.colcon_core.shell:Creating package script '/home/robomaven/activity1_ws/install/activity1_py_pkg/share/activity1_py_pkg/package.bash'
[1.238s] INFO:colcon.colcon_core.shell:Creating package script '/home/robomaven/activity1_ws/install/activity1_py_pkg/share/activity1_py_pkg/package.zsh'
[1.238s] Level 1:colcon.colcon_core.environment:create_file_with_runtime_dependencies(/home/robomaven/activity1_ws/install/activity1_py_pkg/share/colcon-core/packages/activity1_py_pkg)
[1.238s] DEBUG:colcon.colcon_parallel_executor.executor.parallel:closing loop
[1.238s] DEBUG:colcon.colcon_parallel_executor.executor.parallel:loop closed
[1.238s] DEBUG:colcon.colcon_parallel_executor.executor.parallel:run_until_complete finished with '0'
[1.238s] DEBUG:colcon.colcon_core.event_reactor:joining thread
[1.242s] INFO:colcon.colcon_core.plugin_system:Skipping extension 'colcon_notification.desktop_notification.terminal_notifier': Not used on non-Darwin systems
[1.242s] INFO:colcon.colcon_core.plugin_system:Skipping extension 'colcon_notification.desktop_notification.win32': Not used on non-Windows systems
[1.243s] INFO:colcon.colcon_notification.desktop_notification:Sending desktop notification using 'notify2'
[1.249s] DEBUG:colcon.colcon_core.event_reactor:joined thread
[1.250s] INFO:colcon.colcon_core.shell:Creating prefix script '/home/robomaven/activity1_ws/install/local_setup.ps1'
[1.250s] INFO:colcon.colcon_core.shell:Creating prefix util module '/home/robomaven/activity1_ws/install/_local_setup_util_ps1.py'
[1.251s] INFO:colcon.colcon_core.shell:Creating prefix chain script '/home/robomaven/activity1_ws/install/setup.ps1'
[1.252s] INFO:colcon.colcon_core.shell:Creating prefix script '/home/robomaven/activity1_ws/install/local_setup.sh'
[1.252s] INFO:colcon.colcon_core.shell:Creating prefix util module '/home/robomaven/activity1_ws/install/_local_setup_util_sh.py'
[1.252s] INFO:colcon.colcon_core.shell:Creating prefix chain script '/home/robomaven/activity1_ws/install/setup.sh'
[1.253s] INFO:colcon.colcon_core.shell:Creating prefix script '/home/robomaven/activity1_ws/install/local_setup.bash'
[1.253s] INFO:colcon.colcon_core.shell:Creating prefix chain script '/home/robomaven/activity1_ws/install/setup.bash'
[1.254s] INFO:colcon.colcon_core.shell:Creating prefix script '/home/robomaven/activity1_ws/install/local_setup.zsh'
[1.254s] INFO:colcon.colcon_core.shell:Creating prefix chain script '/home/robomaven/activity1_ws/install/setup.zsh'
