[0.039s] Invoking command in '/home/robomaven/ws/ws_moveit2/build/srdfdom': CMAKE_PREFIX_PATH=${CMAKE_PREFIX_PATH}:/home/robomaven/ws/ws_moveit2/install/moveit_configs_utils:/home/robomaven/ws/ws_moveit2/install/launch_param_builder:/opt/ros/humble /usr/bin/cmake /home/robomaven/ws/ws_moveit2/srdfdom -DCMAKE_BUILD_TYPE=Debug -DCMAKE_INSTALL_PREFIX=/home/robomaven/ws/ws_moveit2/install/srdfdom
[0.242s] -- Found ament_cmake: 1.3.9 (/opt/ros/humble/share/ament_cmake/cmake)
[0.243s] -- Found urdf: 2.6.0 (/opt/ros/humble/share/urdf/cmake)
[0.244s] -- Found TinyXML2 via Config file: TinyXML2_DIR-NOTFOUND
[0.245s] -- Found ament_cmake_gtest: 1.3.9 (/opt/ros/humble/share/ament_cmake_gtest/cmake)
[0.245s] -- Found ament_cmake_pytest: 1.3.9 (/opt/ros/humble/share/ament_cmake_pytest/cmake)
[0.493s] -- Found gtest sources under '/opt/ros/humble/src/gtest_vendor': C++ tests using 'Google Test' will be built
[0.520s] -- Found ament_lint_auto: 0.12.11 (/opt/ros/humble/share/ament_lint_auto/cmake)
[0.538s] -- Configuring done
[0.539s] -- Generating done
[0.540s] -- Build files have been written to: /home/robomaven/ws/ws_moveit2/build/srdfdom
[0.566s] Invoked command in '/home/robomaven/ws/ws_moveit2/build/srdfdom' returned '0': CMAKE_PREFIX_PATH=${CMAKE_PREFIX_PATH}:/home/robomaven/ws/ws_moveit2/install/moveit_configs_utils:/home/robomaven/ws/ws_moveit2/install/launch_param_builder:/opt/ros/humble /usr/bin/cmake /home/robomaven/ws/ws_moveit2/srdfdom -DCMAKE_BUILD_TYPE=Debug -DCMAKE_INSTALL_PREFIX=/home/robomaven/ws/ws_moveit2/install/srdfdom
[0.566s] Invoking command in '/home/robomaven/ws/ws_moveit2/build/srdfdom': CMAKE_PREFIX_PATH=${CMAKE_PREFIX_PATH}:/home/robomaven/ws/ws_moveit2/install/moveit_configs_utils:/home/robomaven/ws/ws_moveit2/install/launch_param_builder:/opt/ros/humble /usr/bin/cmake --build /home/robomaven/ws/ws_moveit2/build/srdfdom -- -j20 -l20
[0.607s] [35m[1mConsolidate compiler generated dependencies of target gtest_main[0m
[0.608s] [35m[1mConsolidate compiler generated dependencies of target gtest[0m
[0.609s] [35m[1mConsolidate compiler generated dependencies of target srdfdom[0m
[0.623s] [  9%] [32mBuilding CXX object gtest/CMakeFiles/gtest_main.dir/src/gtest_main.cc.o[0m
[0.627s] [  9%] Built target ament_cmake_python_copy_srdfdom
[0.629s] [ 18%] [32mBuilding CXX object CMakeFiles/srdfdom.dir/src/model.cpp.o[0m
[0.630s] [ 27%] [32mBuilding CXX object CMakeFiles/srdfdom.dir/src/srdf_writer.cpp.o[0m
[0.633s] [ 36%] [32mBuilding CXX object gtest/CMakeFiles/gtest.dir/src/gtest-all.cc.o[0m
[0.839s] running egg_info
[0.840s] writing srdfdom.egg-info/PKG-INFO
[0.840s] writing dependency_links to srdfdom.egg-info/dependency_links.txt
[0.840s] writing top-level names to srdfdom.egg-info/top_level.txt
[0.842s] reading manifest file 'srdfdom.egg-info/SOURCES.txt'
[0.843s] writing manifest file 'srdfdom.egg-info/SOURCES.txt'
[0.875s] [ 36%] Built target ament_cmake_python_build_srdfdom_egg
[1.123s] [ 45%] [32m[1mLinking CXX static library libgtest_main.a[0m
[1.159s] [ 45%] Built target gtest_main
[2.846s] [ 54%] [32m[1mLinking CXX shared library libsrdfdom.so[0m
[2.997s] [ 54%] Built target srdfdom
[5.053s] [ 63%] [32m[1mLinking CXX static library libgtest.a[0m
[5.229s] [ 63%] Built target gtest
[5.253s] [35m[1mConsolidate compiler generated dependencies of target test_cpp_C[0m
[5.285s] [ 72%] [32mBuilding CXX object CMakeFiles/test_cpp_C.dir/test/test_parser.cpp.o[0m
[5.307s] [35m[1mConsolidate compiler generated dependencies of target test_cpp_nl_NL.UTF-8[0m
[5.335s] [ 81%] [32mBuilding CXX object CMakeFiles/test_cpp_nl_NL.UTF-8.dir/test/test_parser.cpp.o[0m
[6.637s] [ 90%] [32m[1mLinking CXX executable test_cpp_nl_NL.UTF-8[0m
[6.844s] [ 90%] Built target test_cpp_nl_NL.UTF-8
[6.933s] [100%] [32m[1mLinking CXX executable test_cpp_C[0m
[7.152s] [100%] Built target test_cpp_C
[7.163s] Invoked command in '/home/robomaven/ws/ws_moveit2/build/srdfdom' returned '0': CMAKE_PREFIX_PATH=${CMAKE_PREFIX_PATH}:/home/robomaven/ws/ws_moveit2/install/moveit_configs_utils:/home/robomaven/ws/ws_moveit2/install/launch_param_builder:/opt/ros/humble /usr/bin/cmake --build /home/robomaven/ws/ws_moveit2/build/srdfdom -- -j20 -l20
[7.206s] Invoking command in '/home/robomaven/ws/ws_moveit2/build/srdfdom': CMAKE_PREFIX_PATH=${CMAKE_PREFIX_PATH}:/home/robomaven/ws/ws_moveit2/install/moveit_configs_utils:/home/robomaven/ws/ws_moveit2/install/launch_param_builder:/opt/ros/humble /usr/bin/cmake --install /home/robomaven/ws/ws_moveit2/build/srdfdom
[7.215s] -- Install configuration: "Debug"
[7.215s] -- Installing: /home/robomaven/ws/ws_moveit2/install/srdfdom/lib/libsrdfdom.so.2.0.4
[7.217s] -- Set runtime path of "/home/robomaven/ws/ws_moveit2/install/srdfdom/lib/libsrdfdom.so.2.0.4" to ""
[7.218s] -- Up-to-date: /home/robomaven/ws/ws_moveit2/install/srdfdom/lib/libsrdfdom.so
[7.218s] -- Up-to-date: /home/robomaven/ws/ws_moveit2/install/srdfdom/include/srdfdom
[7.218s] -- Up-to-date: /home/robomaven/ws/ws_moveit2/install/srdfdom/include/srdfdom/srdf_writer.h
[7.218s] -- Up-to-date: /home/robomaven/ws/ws_moveit2/install/srdfdom/include/srdfdom/visibility_control.h
[7.218s] -- Up-to-date: /home/robomaven/ws/ws_moveit2/install/srdfdom/include/srdfdom/model.h
[7.218s] -- Up-to-date: /home/robomaven/ws/ws_moveit2/install/srdfdom/lib/srdfdom/display_srdf
[7.218s] -- Up-to-date: /home/robomaven/ws/ws_moveit2/install/srdfdom/share/srdfdom/environment/pythonpath.sh
[7.218s] -- Installing: /home/robomaven/ws/ws_moveit2/install/srdfdom/share/srdfdom/environment/pythonpath.dsv
[7.218s] -- Up-to-date: /home/robomaven/ws/ws_moveit2/install/srdfdom/local/lib/python3.10/dist-packages/srdfdom-2.0.4-py3.10.egg-info
[7.218s] -- Installing: /home/robomaven/ws/ws_moveit2/install/srdfdom/local/lib/python3.10/dist-packages/srdfdom-2.0.4-py3.10.egg-info/top_level.txt
[7.218s] -- Installing: /home/robomaven/ws/ws_moveit2/install/srdfdom/local/lib/python3.10/dist-packages/srdfdom-2.0.4-py3.10.egg-info/PKG-INFO
[7.219s] -- Installing: /home/robomaven/ws/ws_moveit2/install/srdfdom/local/lib/python3.10/dist-packages/srdfdom-2.0.4-py3.10.egg-info/SOURCES.txt
[7.219s] -- Installing: /home/robomaven/ws/ws_moveit2/install/srdfdom/local/lib/python3.10/dist-packages/srdfdom-2.0.4-py3.10.egg-info/dependency_links.txt
[7.219s] -- Up-to-date: /home/robomaven/ws/ws_moveit2/install/srdfdom/local/lib/python3.10/dist-packages/srdfdom
[7.219s] -- Up-to-date: /home/robomaven/ws/ws_moveit2/install/srdfdom/local/lib/python3.10/dist-packages/srdfdom/srdf.py
[7.219s] -- Up-to-date: /home/robomaven/ws/ws_moveit2/install/srdfdom/local/lib/python3.10/dist-packages/srdfdom/__init__.py
[7.242s] Listing '/home/robomaven/ws/ws_moveit2/install/srdfdom/local/lib/python3.10/dist-packages/srdfdom'...
[7.245s] -- Up-to-date: /home/robomaven/ws/ws_moveit2/install/srdfdom/share/srdfdom/environment/library_path.sh
[7.245s] -- Installing: /home/robomaven/ws/ws_moveit2/install/srdfdom/share/srdfdom/environment/library_path.dsv
[7.245s] -- Up-to-date: /home/robomaven/ws/ws_moveit2/install/srdfdom/share/ament_index/resource_index/package_run_dependencies/srdfdom
[7.245s] -- Installing: /home/robomaven/ws/ws_moveit2/install/srdfdom/share/ament_index/resource_index/parent_prefix_path/srdfdom
[7.245s] -- Up-to-date: /home/robomaven/ws/ws_moveit2/install/srdfdom/share/srdfdom/environment/ament_prefix_path.sh
[7.245s] -- Installing: /home/robomaven/ws/ws_moveit2/install/srdfdom/share/srdfdom/environment/ament_prefix_path.dsv
[7.246s] -- Up-to-date: /home/robomaven/ws/ws_moveit2/install/srdfdom/share/srdfdom/environment/path.sh
[7.246s] -- Installing: /home/robomaven/ws/ws_moveit2/install/srdfdom/share/srdfdom/environment/path.dsv
[7.246s] -- Up-to-date: /home/robomaven/ws/ws_moveit2/install/srdfdom/share/srdfdom/local_setup.bash
[7.246s] -- Up-to-date: /home/robomaven/ws/ws_moveit2/install/srdfdom/share/srdfdom/local_setup.sh
[7.246s] -- Up-to-date: /home/robomaven/ws/ws_moveit2/install/srdfdom/share/srdfdom/local_setup.zsh
[7.247s] -- Installing: /home/robomaven/ws/ws_moveit2/install/srdfdom/share/srdfdom/local_setup.dsv
[7.247s] -- Installing: /home/robomaven/ws/ws_moveit2/install/srdfdom/share/srdfdom/package.dsv
[7.247s] -- Up-to-date: /home/robomaven/ws/ws_moveit2/install/srdfdom/share/ament_index/resource_index/packages/srdfdom
[7.247s] -- Up-to-date: /home/robomaven/ws/ws_moveit2/install/srdfdom/share/srdfdom/cmake/srdfdomTargetsExport.cmake
[7.247s] -- Installing: /home/robomaven/ws/ws_moveit2/install/srdfdom/share/srdfdom/cmake/srdfdomTargetsExport-debug.cmake
[7.247s] -- Up-to-date: /home/robomaven/ws/ws_moveit2/install/srdfdom/share/srdfdom/cmake/ament_cmake_export_targets-extras.cmake
[7.247s] -- Up-to-date: /home/robomaven/ws/ws_moveit2/install/srdfdom/share/srdfdom/cmake/ament_cmake_export_dependencies-extras.cmake
[7.247s] -- Up-to-date: /home/robomaven/ws/ws_moveit2/install/srdfdom/share/srdfdom/cmake/srdfdomConfig.cmake
[7.247s] -- Up-to-date: /home/robomaven/ws/ws_moveit2/install/srdfdom/share/srdfdom/cmake/srdfdomConfig-version.cmake
[7.247s] -- Up-to-date: /home/robomaven/ws/ws_moveit2/install/srdfdom/share/srdfdom/package.xml
[7.249s] Invoked command in '/home/robomaven/ws/ws_moveit2/build/srdfdom' returned '0': CMAKE_PREFIX_PATH=${CMAKE_PREFIX_PATH}:/home/robomaven/ws/ws_moveit2/install/moveit_configs_utils:/home/robomaven/ws/ws_moveit2/install/launch_param_builder:/opt/ros/humble /usr/bin/cmake --install /home/robomaven/ws/ws_moveit2/build/srdfdom
