[0.167s] Invoking command in '/home/robomaven/ws/snake_game_ws/build/snake_game_interfaces': CMAKE_PREFIX_PATH=${CMAKE_PREFIX_PATH}:/home/robomaven/ws/snake_game_ws/install/snake_game:/opt/ros/humble /usr/bin/cmake --build /home/robomaven/ws/snake_game_ws/build/snake_game_interfaces -- -j20 -l20
[0.193s] [35m[1mConsolidate compiler generated dependencies of target snake_game_interfaces__rosidl_generator_c[0m
[0.199s] [  2%] Built target snake_game_interfaces__cpp
[0.200s] [ 12%] Built target snake_game_interfaces__rosidl_generator_c
[0.205s] [ 12%] Built target ament_cmake_python_copy_snake_game_interfaces
[0.206s] [35m[1mConsolidate compiler generated dependencies of target snake_game_interfaces__rosidl_typesupport_introspection_cpp[0m
[0.206s] [35m[1mConsolidate compiler generated dependencies of target snake_game_interfaces__rosidl_typesupport_fastrtps_cpp[0m
[0.207s] [35m[1mConsolidate compiler generated dependencies of target snake_game_interfaces__rosidl_typesupport_cpp[0m
[0.207s] [35m[1mConsolidate compiler generated dependencies of target snake_game_interfaces__rosidl_typesupport_introspection_c[0m
[0.211s] [35m[1mConsolidate compiler generated dependencies of target snake_game_interfaces__rosidl_typesupport_c[0m
[0.212s] [35m[1mConsolidate compiler generated dependencies of target snake_game_interfaces__rosidl_typesupport_fastrtps_c[0m
[0.214s] [ 23%] Built target snake_game_interfaces__rosidl_typesupport_introspection_c
[0.214s] [ 34%] Built target snake_game_interfaces__rosidl_typesupport_cpp
[0.214s] [ 44%] Built target snake_game_interfaces__rosidl_typesupport_introspection_cpp
[0.215s] [ 55%] Built target snake_game_interfaces__rosidl_typesupport_fastrtps_cpp
[0.220s] [ 65%] Built target snake_game_interfaces__rosidl_typesupport_c
[0.222s] [ 76%] Built target snake_game_interfaces__rosidl_typesupport_fastrtps_c
[0.236s] [ 76%] Built target snake_game_interfaces
[0.249s] [ 78%] Built target snake_game_interfaces__py
[0.256s] [35m[1mConsolidate compiler generated dependencies of target snake_game_interfaces__rosidl_generator_py[0m
[0.265s] [ 87%] Built target snake_game_interfaces__rosidl_generator_py
[0.272s] [35m[1mConsolidate compiler generated dependencies of target snake_game_interfaces__rosidl_typesupport_introspection_c__pyext[0m
[0.272s] [35m[1mConsolidate compiler generated dependencies of target snake_game_interfaces__rosidl_typesupport_c__pyext[0m
[0.273s] [35m[1mConsolidate compiler generated dependencies of target snake_game_interfaces__rosidl_typesupport_fastrtps_c__pyext[0m
[0.280s] [ 95%] Built target snake_game_interfaces__rosidl_typesupport_introspection_c__pyext
[0.281s] [ 95%] Built target snake_game_interfaces__rosidl_typesupport_c__pyext
[0.281s] [100%] Built target snake_game_interfaces__rosidl_typesupport_fastrtps_c__pyext
[0.360s] running egg_info
[0.360s] writing snake_game_interfaces.egg-info/PKG-INFO
[0.360s] writing dependency_links to snake_game_interfaces.egg-info/dependency_links.txt
[0.360s] writing top-level names to snake_game_interfaces.egg-info/top_level.txt
[0.361s] reading manifest file 'snake_game_interfaces.egg-info/SOURCES.txt'
[0.362s] writing manifest file 'snake_game_interfaces.egg-info/SOURCES.txt'
[0.378s] [100%] Built target ament_cmake_python_build_snake_game_interfaces_egg
[0.388s] Invoked command in '/home/robomaven/ws/snake_game_ws/build/snake_game_interfaces' returned '0': CMAKE_PREFIX_PATH=${CMAKE_PREFIX_PATH}:/home/robomaven/ws/snake_game_ws/install/snake_game:/opt/ros/humble /usr/bin/cmake --build /home/robomaven/ws/snake_game_ws/build/snake_game_interfaces -- -j20 -l20
[0.451s] Invoking command in '/home/robomaven/ws/snake_game_ws/build/snake_game_interfaces': CMAKE_PREFIX_PATH=${CMAKE_PREFIX_PATH}:/home/robomaven/ws/snake_game_ws/install/snake_game:/opt/ros/humble /usr/bin/cmake --install /home/robomaven/ws/snake_game_ws/build/snake_game_interfaces
[0.457s] -- Install configuration: ""
[0.457s] -- Up-to-date: /home/robomaven/ws/snake_game_ws/install/snake_game_interfaces/share/ament_index/resource_index/rosidl_interfaces/snake_game_interfaces
[0.457s] -- Up-to-date: /home/robomaven/ws/snake_game_ws/install/snake_game_interfaces/include/snake_game_interfaces/snake_game_interfaces
[0.457s] -- Up-to-date: /home/robomaven/ws/snake_game_ws/install/snake_game_interfaces/include/snake_game_interfaces/snake_game_interfaces/srv
[0.457s] -- Up-to-date: /home/robomaven/ws/snake_game_ws/install/snake_game_interfaces/include/snake_game_interfaces/snake_game_interfaces/srv/catch_turtle.h
[0.457s] -- Up-to-date: /home/robomaven/ws/snake_game_ws/install/snake_game_interfaces/include/snake_game_interfaces/snake_game_interfaces/srv/detail
[0.457s] -- Up-to-date: /home/robomaven/ws/snake_game_ws/install/snake_game_interfaces/include/snake_game_interfaces/snake_game_interfaces/srv/detail/catch_turtle__functions.c
[0.458s] -- Up-to-date: /home/robomaven/ws/snake_game_ws/install/snake_game_interfaces/include/snake_game_interfaces/snake_game_interfaces/srv/detail/catch_turtle__type_support.h
[0.458s] -- Up-to-date: /home/robomaven/ws/snake_game_ws/install/snake_game_interfaces/include/snake_game_interfaces/snake_game_interfaces/srv/detail/catch_turtle__functions.h
[0.458s] -- Up-to-date: /home/robomaven/ws/snake_game_ws/install/snake_game_interfaces/include/snake_game_interfaces/snake_game_interfaces/srv/detail/catch_turtle__struct.h
[0.458s] -- Up-to-date: /home/robomaven/ws/snake_game_ws/install/snake_game_interfaces/include/snake_game_interfaces/snake_game_interfaces/msg
[0.458s] -- Up-to-date: /home/robomaven/ws/snake_game_ws/install/snake_game_interfaces/include/snake_game_interfaces/snake_game_interfaces/msg/turtle.h
[0.458s] -- Up-to-date: /home/robomaven/ws/snake_game_ws/install/snake_game_interfaces/include/snake_game_interfaces/snake_game_interfaces/msg/turtle_array.h
[0.458s] -- Up-to-date: /home/robomaven/ws/snake_game_ws/install/snake_game_interfaces/include/snake_game_interfaces/snake_game_interfaces/msg/rosidl_generator_c__visibility_control.h
[0.458s] -- Up-to-date: /home/robomaven/ws/snake_game_ws/install/snake_game_interfaces/include/snake_game_interfaces/snake_game_interfaces/msg/detail
[0.458s] -- Up-to-date: /home/robomaven/ws/snake_game_ws/install/snake_game_interfaces/include/snake_game_interfaces/snake_game_interfaces/msg/detail/turtle_array__functions.c
[0.458s] -- Up-to-date: /home/robomaven/ws/snake_game_ws/install/snake_game_interfaces/include/snake_game_interfaces/snake_game_interfaces/msg/detail/turtle_array__functions.h
[0.458s] -- Up-to-date: /home/robomaven/ws/snake_game_ws/install/snake_game_interfaces/include/snake_game_interfaces/snake_game_interfaces/msg/detail/turtle__struct.h
[0.459s] -- Up-to-date: /home/robomaven/ws/snake_game_ws/install/snake_game_interfaces/include/snake_game_interfaces/snake_game_interfaces/msg/detail/turtle__functions.h
[0.459s] -- Up-to-date: /home/robomaven/ws/snake_game_ws/install/snake_game_interfaces/include/snake_game_interfaces/snake_game_interfaces/msg/detail/turtle_array__struct.h
[0.459s] -- Up-to-date: /home/robomaven/ws/snake_game_ws/install/snake_game_interfaces/include/snake_game_interfaces/snake_game_interfaces/msg/detail/turtle__functions.c
[0.459s] -- Up-to-date: /home/robomaven/ws/snake_game_ws/install/snake_game_interfaces/include/snake_game_interfaces/snake_game_interfaces/msg/detail/turtle_array__type_support.h
[0.459s] -- Up-to-date: /home/robomaven/ws/snake_game_ws/install/snake_game_interfaces/include/snake_game_interfaces/snake_game_interfaces/msg/detail/turtle__type_support.h
[0.459s] -- Up-to-date: /home/robomaven/ws/snake_game_ws/install/snake_game_interfaces/share/snake_game_interfaces/environment/library_path.sh
[0.459s] -- Up-to-date: /home/robomaven/ws/snake_game_ws/install/snake_game_interfaces/share/snake_game_interfaces/environment/library_path.dsv
[0.459s] -- Up-to-date: /home/robomaven/ws/snake_game_ws/install/snake_game_interfaces/lib/libsnake_game_interfaces__rosidl_generator_c.so
[0.459s] -- Up-to-date: /home/robomaven/ws/snake_game_ws/install/snake_game_interfaces/include/snake_game_interfaces/snake_game_interfaces
[0.459s] -- Up-to-date: /home/robomaven/ws/snake_game_ws/install/snake_game_interfaces/include/snake_game_interfaces/snake_game_interfaces/srv
[0.459s] -- Up-to-date: /home/robomaven/ws/snake_game_ws/install/snake_game_interfaces/include/snake_game_interfaces/snake_game_interfaces/srv/detail
[0.459s] -- Up-to-date: /home/robomaven/ws/snake_game_ws/install/snake_game_interfaces/include/snake_game_interfaces/snake_game_interfaces/srv/detail/catch_turtle__rosidl_typesupport_fastrtps_c.h
[0.459s] -- Up-to-date: /home/robomaven/ws/snake_game_ws/install/snake_game_interfaces/include/snake_game_interfaces/snake_game_interfaces/msg
[0.459s] -- Up-to-date: /home/robomaven/ws/snake_game_ws/install/snake_game_interfaces/include/snake_game_interfaces/snake_game_interfaces/msg/detail
[0.459s] -- Up-to-date: /home/robomaven/ws/snake_game_ws/install/snake_game_interfaces/include/snake_game_interfaces/snake_game_interfaces/msg/detail/turtle__rosidl_typesupport_fastrtps_c.h
[0.459s] -- Up-to-date: /home/robomaven/ws/snake_game_ws/install/snake_game_interfaces/include/snake_game_interfaces/snake_game_interfaces/msg/detail/turtle_array__rosidl_typesupport_fastrtps_c.h
[0.459s] -- Up-to-date: /home/robomaven/ws/snake_game_ws/install/snake_game_interfaces/include/snake_game_interfaces/snake_game_interfaces/msg/rosidl_typesupport_fastrtps_c__visibility_control.h
[0.459s] -- Up-to-date: /home/robomaven/ws/snake_game_ws/install/snake_game_interfaces/lib/libsnake_game_interfaces__rosidl_typesupport_fastrtps_c.so
[0.459s] -- Up-to-date: /home/robomaven/ws/snake_game_ws/install/snake_game_interfaces/include/snake_game_interfaces/snake_game_interfaces
[0.459s] -- Up-to-date: /home/robomaven/ws/snake_game_ws/install/snake_game_interfaces/include/snake_game_interfaces/snake_game_interfaces/srv
[0.459s] -- Up-to-date: /home/robomaven/ws/snake_game_ws/install/snake_game_interfaces/include/snake_game_interfaces/snake_game_interfaces/srv/detail
[0.459s] -- Up-to-date: /home/robomaven/ws/snake_game_ws/install/snake_game_interfaces/include/snake_game_interfaces/snake_game_interfaces/srv/detail/catch_turtle__type_support.c
[0.459s] -- Up-to-date: /home/robomaven/ws/snake_game_ws/install/snake_game_interfaces/include/snake_game_interfaces/snake_game_interfaces/srv/detail/catch_turtle__rosidl_typesupport_introspection_c.h
[0.459s] -- Up-to-date: /home/robomaven/ws/snake_game_ws/install/snake_game_interfaces/include/snake_game_interfaces/snake_game_interfaces/msg
[0.459s] -- Up-to-date: /home/robomaven/ws/snake_game_ws/install/snake_game_interfaces/include/snake_game_interfaces/snake_game_interfaces/msg/rosidl_typesupport_introspection_c__visibility_control.h
[0.459s] -- Up-to-date: /home/robomaven/ws/snake_game_ws/install/snake_game_interfaces/include/snake_game_interfaces/snake_game_interfaces/msg/detail
[0.459s] -- Up-to-date: /home/robomaven/ws/snake_game_ws/install/snake_game_interfaces/include/snake_game_interfaces/snake_game_interfaces/msg/detail/turtle_array__type_support.c
[0.460s] -- Up-to-date: /home/robomaven/ws/snake_game_ws/install/snake_game_interfaces/include/snake_game_interfaces/snake_game_interfaces/msg/detail/turtle__type_support.c
[0.460s] -- Up-to-date: /home/robomaven/ws/snake_game_ws/install/snake_game_interfaces/include/snake_game_interfaces/snake_game_interfaces/msg/detail/turtle_array__rosidl_typesupport_introspection_c.h
[0.460s] -- Up-to-date: /home/robomaven/ws/snake_game_ws/install/snake_game_interfaces/include/snake_game_interfaces/snake_game_interfaces/msg/detail/turtle__rosidl_typesupport_introspection_c.h
[0.460s] -- Up-to-date: /home/robomaven/ws/snake_game_ws/install/snake_game_interfaces/lib/libsnake_game_interfaces__rosidl_typesupport_introspection_c.so
[0.460s] -- Up-to-date: /home/robomaven/ws/snake_game_ws/install/snake_game_interfaces/lib/libsnake_game_interfaces__rosidl_typesupport_c.so
[0.460s] -- Up-to-date: /home/robomaven/ws/snake_game_ws/install/snake_game_interfaces/include/snake_game_interfaces/snake_game_interfaces
[0.460s] -- Up-to-date: /home/robomaven/ws/snake_game_ws/install/snake_game_interfaces/include/snake_game_interfaces/snake_game_interfaces/srv
[0.460s] -- Up-to-date: /home/robomaven/ws/snake_game_ws/install/snake_game_interfaces/include/snake_game_interfaces/snake_game_interfaces/srv/catch_turtle.hpp
[0.460s] -- Up-to-date: /home/robomaven/ws/snake_game_ws/install/snake_game_interfaces/include/snake_game_interfaces/snake_game_interfaces/srv/detail
[0.460s] -- Up-to-date: /home/robomaven/ws/snake_game_ws/install/snake_game_interfaces/include/snake_game_interfaces/snake_game_interfaces/srv/detail/catch_turtle__builder.hpp
[0.460s] -- Up-to-date: /home/robomaven/ws/snake_game_ws/install/snake_game_interfaces/include/snake_game_interfaces/snake_game_interfaces/srv/detail/catch_turtle__traits.hpp
[0.460s] -- Up-to-date: /home/robomaven/ws/snake_game_ws/install/snake_game_interfaces/include/snake_game_interfaces/snake_game_interfaces/srv/detail/catch_turtle__struct.hpp
[0.460s] -- Up-to-date: /home/robomaven/ws/snake_game_ws/install/snake_game_interfaces/include/snake_game_interfaces/snake_game_interfaces/msg
[0.460s] -- Up-to-date: /home/robomaven/ws/snake_game_ws/install/snake_game_interfaces/include/snake_game_interfaces/snake_game_interfaces/msg/turtle_array.hpp
[0.460s] -- Up-to-date: /home/robomaven/ws/snake_game_ws/install/snake_game_interfaces/include/snake_game_interfaces/snake_game_interfaces/msg/turtle.hpp
[0.460s] -- Up-to-date: /home/robomaven/ws/snake_game_ws/install/snake_game_interfaces/include/snake_game_interfaces/snake_game_interfaces/msg/detail
[0.460s] -- Up-to-date: /home/robomaven/ws/snake_game_ws/install/snake_game_interfaces/include/snake_game_interfaces/snake_game_interfaces/msg/detail/turtle_array__builder.hpp
[0.460s] -- Up-to-date: /home/robomaven/ws/snake_game_ws/install/snake_game_interfaces/include/snake_game_interfaces/snake_game_interfaces/msg/detail/turtle_array__traits.hpp
[0.460s] -- Up-to-date: /home/robomaven/ws/snake_game_ws/install/snake_game_interfaces/include/snake_game_interfaces/snake_game_interfaces/msg/detail/turtle__struct.hpp
[0.460s] -- Up-to-date: /home/robomaven/ws/snake_game_ws/install/snake_game_interfaces/include/snake_game_interfaces/snake_game_interfaces/msg/detail/turtle__builder.hpp
[0.460s] -- Up-to-date: /home/robomaven/ws/snake_game_ws/install/snake_game_interfaces/include/snake_game_interfaces/snake_game_interfaces/msg/detail/turtle_array__struct.hpp
[0.460s] -- Up-to-date: /home/robomaven/ws/snake_game_ws/install/snake_game_interfaces/include/snake_game_interfaces/snake_game_interfaces/msg/detail/turtle__traits.hpp
[0.460s] -- Up-to-date: /home/robomaven/ws/snake_game_ws/install/snake_game_interfaces/include/snake_game_interfaces/snake_game_interfaces
[0.460s] -- Up-to-date: /home/robomaven/ws/snake_game_ws/install/snake_game_interfaces/include/snake_game_interfaces/snake_game_interfaces/srv
[0.460s] -- Up-to-date: /home/robomaven/ws/snake_game_ws/install/snake_game_interfaces/include/snake_game_interfaces/snake_game_interfaces/srv/detail
[0.460s] -- Up-to-date: /home/robomaven/ws/snake_game_ws/install/snake_game_interfaces/include/snake_game_interfaces/snake_game_interfaces/srv/detail/dds_fastrtps
[0.460s] -- Up-to-date: /home/robomaven/ws/snake_game_ws/install/snake_game_interfaces/include/snake_game_interfaces/snake_game_interfaces/srv/detail/catch_turtle__rosidl_typesupport_fastrtps_cpp.hpp
[0.460s] -- Up-to-date: /home/robomaven/ws/snake_game_ws/install/snake_game_interfaces/include/snake_game_interfaces/snake_game_interfaces/msg
[0.460s] -- Up-to-date: /home/robomaven/ws/snake_game_ws/install/snake_game_interfaces/include/snake_game_interfaces/snake_game_interfaces/msg/rosidl_typesupport_fastrtps_cpp__visibility_control.h
[0.460s] -- Up-to-date: /home/robomaven/ws/snake_game_ws/install/snake_game_interfaces/include/snake_game_interfaces/snake_game_interfaces/msg/detail
[0.460s] -- Up-to-date: /home/robomaven/ws/snake_game_ws/install/snake_game_interfaces/include/snake_game_interfaces/snake_game_interfaces/msg/detail/dds_fastrtps
[0.460s] -- Up-to-date: /home/robomaven/ws/snake_game_ws/install/snake_game_interfaces/include/snake_game_interfaces/snake_game_interfaces/msg/detail/turtle__rosidl_typesupport_fastrtps_cpp.hpp
[0.460s] -- Up-to-date: /home/robomaven/ws/snake_game_ws/install/snake_game_interfaces/include/snake_game_interfaces/snake_game_interfaces/msg/detail/turtle_array__rosidl_typesupport_fastrtps_cpp.hpp
[0.461s] -- Up-to-date: /home/robomaven/ws/snake_game_ws/install/snake_game_interfaces/lib/libsnake_game_interfaces__rosidl_typesupport_fastrtps_cpp.so
[0.461s] -- Up-to-date: /home/robomaven/ws/snake_game_ws/install/snake_game_interfaces/include/snake_game_interfaces/snake_game_interfaces
[0.461s] -- Up-to-date: /home/robomaven/ws/snake_game_ws/install/snake_game_interfaces/include/snake_game_interfaces/snake_game_interfaces/srv
[0.461s] -- Up-to-date: /home/robomaven/ws/snake_game_ws/install/snake_game_interfaces/include/snake_game_interfaces/snake_game_interfaces/srv/detail
[0.461s] -- Up-to-date: /home/robomaven/ws/snake_game_ws/install/snake_game_interfaces/include/snake_game_interfaces/snake_game_interfaces/srv/detail/catch_turtle__rosidl_typesupport_introspection_cpp.hpp
[0.461s] -- Up-to-date: /home/robomaven/ws/snake_game_ws/install/snake_game_interfaces/include/snake_game_interfaces/snake_game_interfaces/srv/detail/catch_turtle__type_support.cpp
[0.461s] -- Up-to-date: /home/robomaven/ws/snake_game_ws/install/snake_game_interfaces/include/snake_game_interfaces/snake_game_interfaces/msg
[0.461s] -- Up-to-date: /home/robomaven/ws/snake_game_ws/install/snake_game_interfaces/include/snake_game_interfaces/snake_game_interfaces/msg/detail
[0.461s] -- Up-to-date: /home/robomaven/ws/snake_game_ws/install/snake_game_interfaces/include/snake_game_interfaces/snake_game_interfaces/msg/detail/turtle_array__type_support.cpp
[0.461s] -- Up-to-date: /home/robomaven/ws/snake_game_ws/install/snake_game_interfaces/include/snake_game_interfaces/snake_game_interfaces/msg/detail/turtle_array__rosidl_typesupport_introspection_cpp.hpp
[0.461s] -- Up-to-date: /home/robomaven/ws/snake_game_ws/install/snake_game_interfaces/include/snake_game_interfaces/snake_game_interfaces/msg/detail/turtle__type_support.cpp
[0.461s] -- Up-to-date: /home/robomaven/ws/snake_game_ws/install/snake_game_interfaces/include/snake_game_interfaces/snake_game_interfaces/msg/detail/turtle__rosidl_typesupport_introspection_cpp.hpp
[0.461s] -- Up-to-date: /home/robomaven/ws/snake_game_ws/install/snake_game_interfaces/lib/libsnake_game_interfaces__rosidl_typesupport_introspection_cpp.so
[0.461s] -- Up-to-date: /home/robomaven/ws/snake_game_ws/install/snake_game_interfaces/lib/libsnake_game_interfaces__rosidl_typesupport_cpp.so
[0.461s] -- Up-to-date: /home/robomaven/ws/snake_game_ws/install/snake_game_interfaces/share/snake_game_interfaces/environment/pythonpath.sh
[0.461s] -- Up-to-date: /home/robomaven/ws/snake_game_ws/install/snake_game_interfaces/share/snake_game_interfaces/environment/pythonpath.dsv
[0.461s] -- Up-to-date: /home/robomaven/ws/snake_game_ws/install/snake_game_interfaces/local/lib/python3.10/dist-packages/snake_game_interfaces-0.0.0-py3.10.egg-info
[0.461s] -- Installing: /home/robomaven/ws/snake_game_ws/install/snake_game_interfaces/local/lib/python3.10/dist-packages/snake_game_interfaces-0.0.0-py3.10.egg-info/top_level.txt
[0.461s] -- Installing: /home/robomaven/ws/snake_game_ws/install/snake_game_interfaces/local/lib/python3.10/dist-packages/snake_game_interfaces-0.0.0-py3.10.egg-info/PKG-INFO
[0.461s] -- Installing: /home/robomaven/ws/snake_game_ws/install/snake_game_interfaces/local/lib/python3.10/dist-packages/snake_game_interfaces-0.0.0-py3.10.egg-info/SOURCES.txt
[0.461s] -- Installing: /home/robomaven/ws/snake_game_ws/install/snake_game_interfaces/local/lib/python3.10/dist-packages/snake_game_interfaces-0.0.0-py3.10.egg-info/dependency_links.txt
[0.461s] -- Up-to-date: /home/robomaven/ws/snake_game_ws/install/snake_game_interfaces/local/lib/python3.10/dist-packages/snake_game_interfaces
[0.461s] -- Up-to-date: /home/robomaven/ws/snake_game_ws/install/snake_game_interfaces/local/lib/python3.10/dist-packages/snake_game_interfaces/srv
[0.461s] -- Up-to-date: /home/robomaven/ws/snake_game_ws/install/snake_game_interfaces/local/lib/python3.10/dist-packages/snake_game_interfaces/srv/_catch_turtle.py
[0.461s] -- Up-to-date: /home/robomaven/ws/snake_game_ws/install/snake_game_interfaces/local/lib/python3.10/dist-packages/snake_game_interfaces/srv/_catch_turtle_s.c
[0.461s] -- Up-to-date: /home/robomaven/ws/snake_game_ws/install/snake_game_interfaces/local/lib/python3.10/dist-packages/snake_game_interfaces/srv/__init__.py
[0.461s] -- Up-to-date: /home/robomaven/ws/snake_game_ws/install/snake_game_interfaces/local/lib/python3.10/dist-packages/snake_game_interfaces/libsnake_game_interfaces__rosidl_generator_py.so
[0.461s] -- Up-to-date: /home/robomaven/ws/snake_game_ws/install/snake_game_interfaces/local/lib/python3.10/dist-packages/snake_game_interfaces/msg
[0.461s] -- Up-to-date: /home/robomaven/ws/snake_game_ws/install/snake_game_interfaces/local/lib/python3.10/dist-packages/snake_game_interfaces/msg/_turtle_s.c
[0.461s] -- Up-to-date: /home/robomaven/ws/snake_game_ws/install/snake_game_interfaces/local/lib/python3.10/dist-packages/snake_game_interfaces/msg/_turtle_array_s.c
[0.461s] -- Up-to-date: /home/robomaven/ws/snake_game_ws/install/snake_game_interfaces/local/lib/python3.10/dist-packages/snake_game_interfaces/msg/_turtle_array.py
[0.461s] -- Up-to-date: /home/robomaven/ws/snake_game_ws/install/snake_game_interfaces/local/lib/python3.10/dist-packages/snake_game_interfaces/msg/_turtle.py
[0.461s] -- Up-to-date: /home/robomaven/ws/snake_game_ws/install/snake_game_interfaces/local/lib/python3.10/dist-packages/snake_game_interfaces/msg/__init__.py
[0.461s] -- Up-to-date: /home/robomaven/ws/snake_game_ws/install/snake_game_interfaces/local/lib/python3.10/dist-packages/snake_game_interfaces/_snake_game_interfaces_s.ep.rosidl_typesupport_introspection_c.c
[0.462s] -- Up-to-date: /home/robomaven/ws/snake_game_ws/install/snake_game_interfaces/local/lib/python3.10/dist-packages/snake_game_interfaces/_snake_game_interfaces_s.ep.rosidl_typesupport_fastrtps_c.c
[0.462s] -- Up-to-date: /home/robomaven/ws/snake_game_ws/install/snake_game_interfaces/local/lib/python3.10/dist-packages/snake_game_interfaces/snake_game_interfaces_s__rosidl_typesupport_introspection_c.cpython-310-x86_64-linux-gnu.so
[0.462s] -- Up-to-date: /home/robomaven/ws/snake_game_ws/install/snake_game_interfaces/local/lib/python3.10/dist-packages/snake_game_interfaces/snake_game_interfaces_s__rosidl_typesupport_c.cpython-310-x86_64-linux-gnu.so
[0.462s] -- Up-to-date: /home/robomaven/ws/snake_game_ws/install/snake_game_interfaces/local/lib/python3.10/dist-packages/snake_game_interfaces/__init__.py
[0.462s] -- Up-to-date: /home/robomaven/ws/snake_game_ws/install/snake_game_interfaces/local/lib/python3.10/dist-packages/snake_game_interfaces/snake_game_interfaces_s__rosidl_typesupport_fastrtps_c.cpython-310-x86_64-linux-gnu.so
[0.462s] -- Up-to-date: /home/robomaven/ws/snake_game_ws/install/snake_game_interfaces/local/lib/python3.10/dist-packages/snake_game_interfaces/_snake_game_interfaces_s.ep.rosidl_typesupport_c.c
[0.479s] Listing '/home/robomaven/ws/snake_game_ws/install/snake_game_interfaces/local/lib/python3.10/dist-packages/snake_game_interfaces'...
[0.479s] Listing '/home/robomaven/ws/snake_game_ws/install/snake_game_interfaces/local/lib/python3.10/dist-packages/snake_game_interfaces/msg'...
[0.479s] Listing '/home/robomaven/ws/snake_game_ws/install/snake_game_interfaces/local/lib/python3.10/dist-packages/snake_game_interfaces/srv'...
[0.482s] -- Up-to-date: /home/robomaven/ws/snake_game_ws/install/snake_game_interfaces/local/lib/python3.10/dist-packages/snake_game_interfaces/snake_game_interfaces_s__rosidl_typesupport_fastrtps_c.cpython-310-x86_64-linux-gnu.so
[0.482s] -- Up-to-date: /home/robomaven/ws/snake_game_ws/install/snake_game_interfaces/local/lib/python3.10/dist-packages/snake_game_interfaces/snake_game_interfaces_s__rosidl_typesupport_introspection_c.cpython-310-x86_64-linux-gnu.so
[0.482s] -- Up-to-date: /home/robomaven/ws/snake_game_ws/install/snake_game_interfaces/local/lib/python3.10/dist-packages/snake_game_interfaces/snake_game_interfaces_s__rosidl_typesupport_c.cpython-310-x86_64-linux-gnu.so
[0.482s] -- Up-to-date: /home/robomaven/ws/snake_game_ws/install/snake_game_interfaces/lib/libsnake_game_interfaces__rosidl_generator_py.so
[0.482s] -- Up-to-date: /home/robomaven/ws/snake_game_ws/install/snake_game_interfaces/share/snake_game_interfaces/msg/Turtle.idl
[0.482s] -- Up-to-date: /home/robomaven/ws/snake_game_ws/install/snake_game_interfaces/share/snake_game_interfaces/msg/TurtleArray.idl
[0.482s] -- Up-to-date: /home/robomaven/ws/snake_game_ws/install/snake_game_interfaces/share/snake_game_interfaces/srv/CatchTurtle.idl
[0.482s] -- Up-to-date: /home/robomaven/ws/snake_game_ws/install/snake_game_interfaces/share/snake_game_interfaces/msg/Turtle.msg
[0.482s] -- Up-to-date: /home/robomaven/ws/snake_game_ws/install/snake_game_interfaces/share/snake_game_interfaces/msg/TurtleArray.msg
[0.483s] -- Up-to-date: /home/robomaven/ws/snake_game_ws/install/snake_game_interfaces/share/snake_game_interfaces/srv/CatchTurtle.srv
[0.483s] -- Up-to-date: /home/robomaven/ws/snake_game_ws/install/snake_game_interfaces/share/snake_game_interfaces/srv/CatchTurtle_Request.msg
[0.483s] -- Up-to-date: /home/robomaven/ws/snake_game_ws/install/snake_game_interfaces/share/snake_game_interfaces/srv/CatchTurtle_Response.msg
[0.483s] -- Up-to-date: /home/robomaven/ws/snake_game_ws/install/snake_game_interfaces/share/ament_index/resource_index/package_run_dependencies/snake_game_interfaces
[0.483s] -- Up-to-date: /home/robomaven/ws/snake_game_ws/install/snake_game_interfaces/share/ament_index/resource_index/parent_prefix_path/snake_game_interfaces
[0.483s] -- Up-to-date: /home/robomaven/ws/snake_game_ws/install/snake_game_interfaces/share/snake_game_interfaces/environment/ament_prefix_path.sh
[0.483s] -- Up-to-date: /home/robomaven/ws/snake_game_ws/install/snake_game_interfaces/share/snake_game_interfaces/environment/ament_prefix_path.dsv
[0.483s] -- Up-to-date: /home/robomaven/ws/snake_game_ws/install/snake_game_interfaces/share/snake_game_interfaces/environment/path.sh
[0.483s] -- Up-to-date: /home/robomaven/ws/snake_game_ws/install/snake_game_interfaces/share/snake_game_interfaces/environment/path.dsv
[0.483s] -- Up-to-date: /home/robomaven/ws/snake_game_ws/install/snake_game_interfaces/share/snake_game_interfaces/local_setup.bash
[0.483s] -- Up-to-date: /home/robomaven/ws/snake_game_ws/install/snake_game_interfaces/share/snake_game_interfaces/local_setup.sh
[0.483s] -- Up-to-date: /home/robomaven/ws/snake_game_ws/install/snake_game_interfaces/share/snake_game_interfaces/local_setup.zsh
[0.483s] -- Up-to-date: /home/robomaven/ws/snake_game_ws/install/snake_game_interfaces/share/snake_game_interfaces/local_setup.dsv
[0.483s] -- Installing: /home/robomaven/ws/snake_game_ws/install/snake_game_interfaces/share/snake_game_interfaces/package.dsv
[0.483s] -- Up-to-date: /home/robomaven/ws/snake_game_ws/install/snake_game_interfaces/share/ament_index/resource_index/packages/snake_game_interfaces
[0.483s] -- Up-to-date: /home/robomaven/ws/snake_game_ws/install/snake_game_interfaces/share/snake_game_interfaces/cmake/export_snake_game_interfaces__rosidl_generator_cExport.cmake
[0.483s] -- Up-to-date: /home/robomaven/ws/snake_game_ws/install/snake_game_interfaces/share/snake_game_interfaces/cmake/export_snake_game_interfaces__rosidl_generator_cExport-noconfig.cmake
[0.483s] -- Up-to-date: /home/robomaven/ws/snake_game_ws/install/snake_game_interfaces/share/snake_game_interfaces/cmake/export_snake_game_interfaces__rosidl_typesupport_fastrtps_cExport.cmake
[0.483s] -- Up-to-date: /home/robomaven/ws/snake_game_ws/install/snake_game_interfaces/share/snake_game_interfaces/cmake/export_snake_game_interfaces__rosidl_typesupport_fastrtps_cExport-noconfig.cmake
[0.483s] -- Up-to-date: /home/robomaven/ws/snake_game_ws/install/snake_game_interfaces/share/snake_game_interfaces/cmake/snake_game_interfaces__rosidl_typesupport_introspection_cExport.cmake
[0.483s] -- Up-to-date: /home/robomaven/ws/snake_game_ws/install/snake_game_interfaces/share/snake_game_interfaces/cmake/snake_game_interfaces__rosidl_typesupport_introspection_cExport-noconfig.cmake
[0.484s] -- Up-to-date: /home/robomaven/ws/snake_game_ws/install/snake_game_interfaces/share/snake_game_interfaces/cmake/snake_game_interfaces__rosidl_typesupport_cExport.cmake
[0.484s] -- Up-to-date: /home/robomaven/ws/snake_game_ws/install/snake_game_interfaces/share/snake_game_interfaces/cmake/snake_game_interfaces__rosidl_typesupport_cExport-noconfig.cmake
[0.484s] -- Up-to-date: /home/robomaven/ws/snake_game_ws/install/snake_game_interfaces/share/snake_game_interfaces/cmake/export_snake_game_interfaces__rosidl_generator_cppExport.cmake
[0.484s] -- Up-to-date: /home/robomaven/ws/snake_game_ws/install/snake_game_interfaces/share/snake_game_interfaces/cmake/export_snake_game_interfaces__rosidl_typesupport_fastrtps_cppExport.cmake
[0.484s] -- Up-to-date: /home/robomaven/ws/snake_game_ws/install/snake_game_interfaces/share/snake_game_interfaces/cmake/export_snake_game_interfaces__rosidl_typesupport_fastrtps_cppExport-noconfig.cmake
[0.484s] -- Up-to-date: /home/robomaven/ws/snake_game_ws/install/snake_game_interfaces/share/snake_game_interfaces/cmake/snake_game_interfaces__rosidl_typesupport_introspection_cppExport.cmake
[0.484s] -- Up-to-date: /home/robomaven/ws/snake_game_ws/install/snake_game_interfaces/share/snake_game_interfaces/cmake/snake_game_interfaces__rosidl_typesupport_introspection_cppExport-noconfig.cmake
[0.484s] -- Up-to-date: /home/robomaven/ws/snake_game_ws/install/snake_game_interfaces/share/snake_game_interfaces/cmake/snake_game_interfaces__rosidl_typesupport_cppExport.cmake
[0.484s] -- Up-to-date: /home/robomaven/ws/snake_game_ws/install/snake_game_interfaces/share/snake_game_interfaces/cmake/snake_game_interfaces__rosidl_typesupport_cppExport-noconfig.cmake
[0.484s] -- Up-to-date: /home/robomaven/ws/snake_game_ws/install/snake_game_interfaces/share/snake_game_interfaces/cmake/export_snake_game_interfaces__rosidl_generator_pyExport.cmake
[0.484s] -- Up-to-date: /home/robomaven/ws/snake_game_ws/install/snake_game_interfaces/share/snake_game_interfaces/cmake/export_snake_game_interfaces__rosidl_generator_pyExport-noconfig.cmake
[0.484s] -- Up-to-date: /home/robomaven/ws/snake_game_ws/install/snake_game_interfaces/share/snake_game_interfaces/cmake/rosidl_cmake-extras.cmake
[0.484s] -- Up-to-date: /home/robomaven/ws/snake_game_ws/install/snake_game_interfaces/share/snake_game_interfaces/cmake/ament_cmake_export_include_directories-extras.cmake
[0.484s] -- Up-to-date: /home/robomaven/ws/snake_game_ws/install/snake_game_interfaces/share/snake_game_interfaces/cmake/ament_cmake_export_libraries-extras.cmake
[0.484s] -- Up-to-date: /home/robomaven/ws/snake_game_ws/install/snake_game_interfaces/share/snake_game_interfaces/cmake/ament_cmake_export_targets-extras.cmake
[0.484s] -- Up-to-date: /home/robomaven/ws/snake_game_ws/install/snake_game_interfaces/share/snake_game_interfaces/cmake/rosidl_cmake_export_typesupport_targets-extras.cmake
[0.484s] -- Up-to-date: /home/robomaven/ws/snake_game_ws/install/snake_game_interfaces/share/snake_game_interfaces/cmake/ament_cmake_export_dependencies-extras.cmake
[0.484s] -- Up-to-date: /home/robomaven/ws/snake_game_ws/install/snake_game_interfaces/share/snake_game_interfaces/cmake/rosidl_cmake_export_typesupport_libraries-extras.cmake
[0.484s] -- Up-to-date: /home/robomaven/ws/snake_game_ws/install/snake_game_interfaces/share/snake_game_interfaces/cmake/snake_game_interfacesConfig.cmake
[0.484s] -- Up-to-date: /home/robomaven/ws/snake_game_ws/install/snake_game_interfaces/share/snake_game_interfaces/cmake/snake_game_interfacesConfig-version.cmake
[0.484s] -- Up-to-date: /home/robomaven/ws/snake_game_ws/install/snake_game_interfaces/share/snake_game_interfaces/package.xml
[0.485s] Invoked command in '/home/robomaven/ws/snake_game_ws/build/snake_game_interfaces' returned '0': CMAKE_PREFIX_PATH=${CMAKE_PREFIX_PATH}:/home/robomaven/ws/snake_game_ws/install/snake_game:/opt/ros/humble /usr/bin/cmake --install /home/robomaven/ws/snake_game_ws/build/snake_game_interfaces
