[0.009s] Invoking command in '/home/robomaven/ws/ws3_moveit2_pick_place/build/rviz_marker_tools': CMAKE_PREFIX_PATH=${CMAKE_PREFIX_PATH}:/home/robomaven/ws/ws_moveit2/install/moveit_configs_utils:/home/robomaven/ws/ws_moveit2/install/launch_param_builder:/opt/ros/humble /usr/bin/cmake /home/robomaven/ws/ws3_moveit2_pick_place/src/moveit_task_constructor/rviz_marker_tools -DCMAKE_BUILD_TYPE=Release -DCMAKE_INSTALL_PREFIX=/home/robomaven/ws/ws3_moveit2_pick_place/install/rviz_marker_tools
[0.055s] -- The C compiler identification is GNU 11.4.0
[0.096s] -- The CXX compiler identification is GNU 11.4.0
[0.102s] -- Detecting C compiler ABI info
[0.160s] -- Detecting C compiler ABI info - done
[0.164s] -- Check for working C compiler: /usr/bin/cc - skipped
[0.165s] -- Detecting C compile features
[0.165s] -- Detecting C compile features - done
[0.167s] -- Detecting CXX compiler ABI info
[0.231s] -- Detecting CXX compiler ABI info - done
[0.236s] -- Check for working CXX compiler: /usr/bin/c++ - skipped
[0.236s] -- Detecting CXX compile features
[0.236s] -- Detecting CXX compile features - done
[0.245s] -- Found ament_cmake: 1.3.9 (/opt/ros/humble/share/ament_cmake/cmake)
[0.361s] -- Found Python3: /usr/bin/python3 (found version "3.10.12") found components: Interpreter 
[0.457s] -- Found moveit_common: 2.5.5 (/home/robomaven/ws/ws_moveit2/install/moveit_common/share/moveit_common/cmake)
[0.520s] -- Found libdw: /usr/lib/x86_64-linux-gnu/libdw.so  
[0.524s] -- Could NOT find libbfd (missing: LIBBFD_LIBRARY LIBBFD_INCLUDE_DIR) 
[0.524s] -- BACKWARD_HAS_UNWIND=1
[0.525s] -- BACKWARD_HAS_BACKTRACE=0
[0.525s] -- BACKWARD_HAS_BACKTRACE_SYMBOL=0
[0.525s] -- BACKWARD_HAS_DW=1
[0.525s] -- BACKWARD_HAS_BFD=0
[0.525s] -- Found Backward: /opt/ros/humble/share/backward_ros/cmake  
[0.529s] -- Found eigen3_cmake_module: 0.1.1 (/opt/ros/humble/share/eigen3_cmake_module/cmake)
[0.537s] -- Found Eigen3: TRUE (found version "3.4.0") 
[0.541s] -- Found geometry_msgs: 4.2.4 (/opt/ros/humble/share/geometry_msgs/cmake)
[0.587s] -- Found rosidl_generator_c: 3.1.5 (/opt/ros/humble/share/rosidl_generator_c/cmake)
[0.596s] -- Found rosidl_adapter: 3.1.5 (/opt/ros/humble/share/rosidl_adapter/cmake)
[0.606s] -- Found rosidl_generator_cpp: 3.1.5 (/opt/ros/humble/share/rosidl_generator_cpp/cmake)
[0.622s] -- Using all available rosidl_typesupport_c: rosidl_typesupport_fastrtps_c;rosidl_typesupport_introspection_c
[0.644s] -- Using all available rosidl_typesupport_cpp: rosidl_typesupport_fastrtps_cpp;rosidl_typesupport_introspection_cpp
[0.732s] -- Found rclcpp: 16.0.9 (/opt/ros/humble/share/rclcpp/cmake)
[0.799s] -- Found rmw_implementation_cmake: 6.1.2 (/opt/ros/humble/share/rmw_implementation_cmake/cmake)
[0.804s] -- Found rmw_cyclonedds_cpp: 1.3.4 (/opt/ros/humble/share/rmw_cyclonedds_cpp/cmake)
[0.846s] -- Using RMW implementation 'rmw_cyclonedds_cpp' as default
[0.860s] -- Looking for pthread.h
[0.938s] -- Looking for pthread.h - found
[0.938s] -- Performing Test CMAKE_HAVE_LIBC_PTHREAD
[1.013s] -- Performing Test CMAKE_HAVE_LIBC_PTHREAD - Success
[1.014s] -- Found Threads: TRUE  
[1.110s] -- Found tf2_eigen: 0.25.7 (/opt/ros/humble/share/tf2_eigen/cmake)
[1.397s] -- Found visualization_msgs: 4.2.4 (/opt/ros/humble/share/visualization_msgs/cmake)
[1.556s] -- Configuring done
[1.563s] -- Generating done
[1.564s] -- Build files have been written to: /home/robomaven/ws/ws3_moveit2_pick_place/build/rviz_marker_tools
[1.571s] Invoked command in '/home/robomaven/ws/ws3_moveit2_pick_place/build/rviz_marker_tools' returned '0': CMAKE_PREFIX_PATH=${CMAKE_PREFIX_PATH}:/home/robomaven/ws/ws_moveit2/install/moveit_configs_utils:/home/robomaven/ws/ws_moveit2/install/launch_param_builder:/opt/ros/humble /usr/bin/cmake /home/robomaven/ws/ws3_moveit2_pick_place/src/moveit_task_constructor/rviz_marker_tools -DCMAKE_BUILD_TYPE=Release -DCMAKE_INSTALL_PREFIX=/home/robomaven/ws/ws3_moveit2_pick_place/install/rviz_marker_tools
[1.572s] Invoking command in '/home/robomaven/ws/ws3_moveit2_pick_place/build/rviz_marker_tools': CMAKE_PREFIX_PATH=${CMAKE_PREFIX_PATH}:/home/robomaven/ws/ws_moveit2/install/moveit_configs_utils:/home/robomaven/ws/ws_moveit2/install/launch_param_builder:/opt/ros/humble /usr/bin/cmake --build /home/robomaven/ws/ws3_moveit2_pick_place/build/rviz_marker_tools -- -j20 -l20
[1.619s] [ 50%] [32mBuilding CXX object CMakeFiles/rviz_marker_tools.dir/src/marker_creation.cpp.o[0m
[6.107s] [100%] [32m[1mLinking CXX shared library librviz_marker_tools.so[0m
[6.199s] [100%] Built target rviz_marker_tools
[6.210s] Invoked command in '/home/robomaven/ws/ws3_moveit2_pick_place/build/rviz_marker_tools' returned '0': CMAKE_PREFIX_PATH=${CMAKE_PREFIX_PATH}:/home/robomaven/ws/ws_moveit2/install/moveit_configs_utils:/home/robomaven/ws/ws_moveit2/install/launch_param_builder:/opt/ros/humble /usr/bin/cmake --build /home/robomaven/ws/ws3_moveit2_pick_place/build/rviz_marker_tools -- -j20 -l20
[6.248s] Invoking command in '/home/robomaven/ws/ws3_moveit2_pick_place/build/rviz_marker_tools': CMAKE_PREFIX_PATH=${CMAKE_PREFIX_PATH}:/home/robomaven/ws/ws_moveit2/install/moveit_configs_utils:/home/robomaven/ws/ws_moveit2/install/launch_param_builder:/opt/ros/humble /usr/bin/cmake --install /home/robomaven/ws/ws3_moveit2_pick_place/build/rviz_marker_tools
[6.255s] -- Install configuration: "Release"
[6.255s] -- Installing: /home/robomaven/ws/ws3_moveit2_pick_place/install/rviz_marker_tools/include
[6.255s] -- Installing: /home/robomaven/ws/ws3_moveit2_pick_place/install/rviz_marker_tools/include/rviz_marker_tools
[6.255s] -- Installing: /home/robomaven/ws/ws3_moveit2_pick_place/install/rviz_marker_tools/include/rviz_marker_tools/marker_creation.h
[6.255s] -- Installing: /home/robomaven/ws/ws3_moveit2_pick_place/install/rviz_marker_tools/lib/librviz_marker_tools.so
[6.255s] -- Set runtime path of "/home/robomaven/ws/ws3_moveit2_pick_place/install/rviz_marker_tools/lib/librviz_marker_tools.so" to ""
[6.255s] -- Installing: /home/robomaven/ws/ws3_moveit2_pick_place/install/rviz_marker_tools/share/rviz_marker_tools/environment/library_path.sh
[6.255s] -- Installing: /home/robomaven/ws/ws3_moveit2_pick_place/install/rviz_marker_tools/share/rviz_marker_tools/environment/library_path.dsv
[6.256s] -- Installing: /home/robomaven/ws/ws3_moveit2_pick_place/install/rviz_marker_tools/share/ament_index/resource_index/package_run_dependencies/rviz_marker_tools
[6.256s] -- Installing: /home/robomaven/ws/ws3_moveit2_pick_place/install/rviz_marker_tools/share/ament_index/resource_index/parent_prefix_path/rviz_marker_tools
[6.256s] -- Installing: /home/robomaven/ws/ws3_moveit2_pick_place/install/rviz_marker_tools/share/rviz_marker_tools/environment/ament_prefix_path.sh
[6.256s] -- Installing: /home/robomaven/ws/ws3_moveit2_pick_place/install/rviz_marker_tools/share/rviz_marker_tools/environment/ament_prefix_path.dsv
[6.256s] -- Installing: /home/robomaven/ws/ws3_moveit2_pick_place/install/rviz_marker_tools/share/rviz_marker_tools/environment/path.sh
[6.256s] -- Installing: /home/robomaven/ws/ws3_moveit2_pick_place/install/rviz_marker_tools/share/rviz_marker_tools/environment/path.dsv
[6.256s] -- Installing: /home/robomaven/ws/ws3_moveit2_pick_place/install/rviz_marker_tools/share/rviz_marker_tools/local_setup.bash
[6.256s] -- Installing: /home/robomaven/ws/ws3_moveit2_pick_place/install/rviz_marker_tools/share/rviz_marker_tools/local_setup.sh
[6.256s] -- Installing: /home/robomaven/ws/ws3_moveit2_pick_place/install/rviz_marker_tools/share/rviz_marker_tools/local_setup.zsh
[6.256s] -- Installing: /home/robomaven/ws/ws3_moveit2_pick_place/install/rviz_marker_tools/share/rviz_marker_tools/local_setup.dsv
[6.256s] -- Installing: /home/robomaven/ws/ws3_moveit2_pick_place/install/rviz_marker_tools/share/rviz_marker_tools/package.dsv
[6.256s] -- Installing: /home/robomaven/ws/ws3_moveit2_pick_place/install/rviz_marker_tools/share/ament_index/resource_index/packages/rviz_marker_tools
[6.257s] -- Installing: /home/robomaven/ws/ws3_moveit2_pick_place/install/rviz_marker_tools/share/rviz_marker_tools/cmake/rviz_marker_toolsTargetsExport.cmake
[6.257s] -- Installing: /home/robomaven/ws/ws3_moveit2_pick_place/install/rviz_marker_tools/share/rviz_marker_tools/cmake/rviz_marker_toolsTargetsExport-release.cmake
[6.257s] -- Installing: /home/robomaven/ws/ws3_moveit2_pick_place/install/rviz_marker_tools/share/rviz_marker_tools/cmake/ament_cmake_export_targets-extras.cmake
[6.257s] -- Installing: /home/robomaven/ws/ws3_moveit2_pick_place/install/rviz_marker_tools/share/rviz_marker_tools/cmake/ament_cmake_export_dependencies-extras.cmake
[6.257s] -- Installing: /home/robomaven/ws/ws3_moveit2_pick_place/install/rviz_marker_tools/share/rviz_marker_tools/cmake/rviz_marker_toolsConfig.cmake
[6.257s] -- Installing: /home/robomaven/ws/ws3_moveit2_pick_place/install/rviz_marker_tools/share/rviz_marker_tools/cmake/rviz_marker_toolsConfig-version.cmake
[6.258s] -- Installing: /home/robomaven/ws/ws3_moveit2_pick_place/install/rviz_marker_tools/share/rviz_marker_tools/package.xml
[6.258s] Invoked command in '/home/robomaven/ws/ws3_moveit2_pick_place/build/rviz_marker_tools' returned '0': CMAKE_PREFIX_PATH=${CMAKE_PREFIX_PATH}:/home/robomaven/ws/ws_moveit2/install/moveit_configs_utils:/home/robomaven/ws/ws_moveit2/install/launch_param_builder:/opt/ros/humble /usr/bin/cmake --install /home/robomaven/ws/ws3_moveit2_pick_place/build/rviz_marker_tools
