[0.010s] Invoking command in '/home/robomaven/ws/ros2_ws/build/my_robot_bringup': AMENT_PREFIX_PATH=/home/robomaven/ws/ros2_ws/install/turtlesim_catch_them_all:/home/robomaven/ws/ros2_ws/install/my_py_pkg:/home/robomaven/ws/ros2_ws/install/my_robot_bringup:/home/robomaven/ws/ros2_ws/install/my_cpp_pkg:/home/robomaven/ws/ros2_ws/install/my_robot_interfaces:/opt/ros/humble CMAKE_PREFIX_PATH=/home/robomaven/ws/ros2_ws/install/my_cpp_pkg:/home/robomaven/ws/ros2_ws/install/my_robot_interfaces:/home/robomaven/ws/ros2_ws/install/my_robot_bringup:/home/robomaven/ws/ros2_ws/install/turtlesim_catch_them_all:/home/robomaven/ws/ros2_ws/install/my_py_pkg:/opt/ros/humble /usr/bin/cmake --build /home/robomaven/ws/ros2_ws/build/my_robot_bringup -- -j20 -l20
[0.027s] -- Found ament_cmake: 1.3.9 (/opt/ros/humble/share/ament_cmake/cmake)
[0.166s] -- Configuring done
[0.167s] -- Generating done
[0.168s] -- Build files have been written to: /home/robomaven/ws/ros2_ws/build/my_robot_bringup
[0.182s] Invoked command in '/home/robomaven/ws/ros2_ws/build/my_robot_bringup' returned '0': AMENT_PREFIX_PATH=/home/robomaven/ws/ros2_ws/install/turtlesim_catch_them_all:/home/robomaven/ws/ros2_ws/install/my_py_pkg:/home/robomaven/ws/ros2_ws/install/my_robot_bringup:/home/robomaven/ws/ros2_ws/install/my_cpp_pkg:/home/robomaven/ws/ros2_ws/install/my_robot_interfaces:/opt/ros/humble CMAKE_PREFIX_PATH=/home/robomaven/ws/ros2_ws/install/my_cpp_pkg:/home/robomaven/ws/ros2_ws/install/my_robot_interfaces:/home/robomaven/ws/ros2_ws/install/my_robot_bringup:/home/robomaven/ws/ros2_ws/install/turtlesim_catch_them_all:/home/robomaven/ws/ros2_ws/install/my_py_pkg:/opt/ros/humble /usr/bin/cmake --build /home/robomaven/ws/ros2_ws/build/my_robot_bringup -- -j20 -l20
[0.207s] Invoking command in '/home/robomaven/ws/ros2_ws/build/my_robot_bringup': AMENT_PREFIX_PATH=/home/robomaven/ws/ros2_ws/install/turtlesim_catch_them_all:/home/robomaven/ws/ros2_ws/install/my_py_pkg:/home/robomaven/ws/ros2_ws/install/my_robot_bringup:/home/robomaven/ws/ros2_ws/install/my_cpp_pkg:/home/robomaven/ws/ros2_ws/install/my_robot_interfaces:/opt/ros/humble CMAKE_PREFIX_PATH=/home/robomaven/ws/ros2_ws/install/my_cpp_pkg:/home/robomaven/ws/ros2_ws/install/my_robot_interfaces:/home/robomaven/ws/ros2_ws/install/my_robot_bringup:/home/robomaven/ws/ros2_ws/install/turtlesim_catch_them_all:/home/robomaven/ws/ros2_ws/install/my_py_pkg:/opt/ros/humble /usr/bin/cmake --install /home/robomaven/ws/ros2_ws/build/my_robot_bringup
[0.214s] -- Install configuration: ""
[0.214s] -- Up-to-date: /home/robomaven/ws/ros2_ws/install/my_robot_bringup/share/my_robot_bringup/launch
[0.214s] -- Installing: /home/robomaven/ws/ros2_ws/install/my_robot_bringup/share/my_robot_bringup/launch/turtlesim_catch_them_all.launch.py
[0.214s] -- Up-to-date: /home/robomaven/ws/ros2_ws/install/my_robot_bringup/share/my_robot_bringup/launch/my_robot.launch.py
[0.214s] -- Installing: /home/robomaven/ws/ros2_ws/install/my_robot_bringup/share/ament_index/resource_index/package_run_dependencies/my_robot_bringup
[0.214s] -- Installing: /home/robomaven/ws/ros2_ws/install/my_robot_bringup/share/ament_index/resource_index/parent_prefix_path/my_robot_bringup
[0.214s] -- Up-to-date: /home/robomaven/ws/ros2_ws/install/my_robot_bringup/share/my_robot_bringup/environment/ament_prefix_path.sh
[0.214s] -- Installing: /home/robomaven/ws/ros2_ws/install/my_robot_bringup/share/my_robot_bringup/environment/ament_prefix_path.dsv
[0.214s] -- Up-to-date: /home/robomaven/ws/ros2_ws/install/my_robot_bringup/share/my_robot_bringup/environment/path.sh
[0.214s] -- Installing: /home/robomaven/ws/ros2_ws/install/my_robot_bringup/share/my_robot_bringup/environment/path.dsv
[0.214s] -- Up-to-date: /home/robomaven/ws/ros2_ws/install/my_robot_bringup/share/my_robot_bringup/local_setup.bash
[0.214s] -- Up-to-date: /home/robomaven/ws/ros2_ws/install/my_robot_bringup/share/my_robot_bringup/local_setup.sh
[0.214s] -- Up-to-date: /home/robomaven/ws/ros2_ws/install/my_robot_bringup/share/my_robot_bringup/local_setup.zsh
[0.214s] -- Installing: /home/robomaven/ws/ros2_ws/install/my_robot_bringup/share/my_robot_bringup/local_setup.dsv
[0.215s] -- Installing: /home/robomaven/ws/ros2_ws/install/my_robot_bringup/share/my_robot_bringup/package.dsv
[0.215s] -- Up-to-date: /home/robomaven/ws/ros2_ws/install/my_robot_bringup/share/ament_index/resource_index/packages/my_robot_bringup
[0.215s] -- Up-to-date: /home/robomaven/ws/ros2_ws/install/my_robot_bringup/share/my_robot_bringup/cmake/my_robot_bringupConfig.cmake
[0.215s] -- Up-to-date: /home/robomaven/ws/ros2_ws/install/my_robot_bringup/share/my_robot_bringup/cmake/my_robot_bringupConfig-version.cmake
[0.215s] -- Installing: /home/robomaven/ws/ros2_ws/install/my_robot_bringup/share/my_robot_bringup/package.xml
[0.216s] Invoked command in '/home/robomaven/ws/ros2_ws/build/my_robot_bringup' returned '0': AMENT_PREFIX_PATH=/home/robomaven/ws/ros2_ws/install/turtlesim_catch_them_all:/home/robomaven/ws/ros2_ws/install/my_py_pkg:/home/robomaven/ws/ros2_ws/install/my_robot_bringup:/home/robomaven/ws/ros2_ws/install/my_cpp_pkg:/home/robomaven/ws/ros2_ws/install/my_robot_interfaces:/opt/ros/humble CMAKE_PREFIX_PATH=/home/robomaven/ws/ros2_ws/install/my_cpp_pkg:/home/robomaven/ws/ros2_ws/install/my_robot_interfaces:/home/robomaven/ws/ros2_ws/install/my_robot_bringup:/home/robomaven/ws/ros2_ws/install/turtlesim_catch_them_all:/home/robomaven/ws/ros2_ws/install/my_py_pkg:/opt/ros/humble /usr/bin/cmake --install /home/robomaven/ws/ros2_ws/build/my_robot_bringup
