[0.006s] Invoking command in '/home/robomaven/activity1_ws/build/activity1_cpp_pkg': CMAKE_PREFIX_PATH=${CMAKE_PREFIX_PATH}:/home/robomaven/ros2_ws/install/my_py_pkg:/home/robomaven/activity1_ws/install/activity1_py_pkg:/opt/ros/humble /usr/bin/cmake --build /home/robomaven/activity1_ws/build/activity1_cpp_pkg -- -j20 -l20
[0.039s] [35m[1mConsolidate compiler generated dependencies of target number_counter[0m
[0.049s] [ 50%] Built target number_publisher
[0.055s] [ 75%] [32mBuilding CXX object CMakeFiles/number_counter.dir/src/number_counter_cpp_node_file.cpp.o[0m
[1.435s] [01m[K/home/robomaven/activity1_ws/src/activity1_cpp_pkg/src/number_counter_cpp_node_file.cpp:[m[K In member function ‘[01m[Kvoid NumberCounterNode::callbackResetNumberCount(std_srvs::srv::SetBool_Request_<std::allocator<void> >::SharedPtr)[m[K’:
[1.435s] [01m[K/home/robomaven/activity1_ws/src/activity1_cpp_pkg/src/number_counter_cpp_node_file.cpp:39:84:[m[K [01;35m[Kwarning: [m[Kunused parameter ‘[01m[Krequest[m[K’ [[01;35m[K]8;;https://gcc.gnu.org/onlinedocs/gcc/Warning-Options.html#index-Wunused-parameter-Wunused-parameter]8;;[m[K]
[1.435s]    39 |     void callbackResetNumberCount([01;35m[Kconst std_srvs::srv::SetBool::Request::SharedPtr request[m[K)
[1.435s]       |                                   [01;35m[K~~~~~~~~~~~~~~~~~~~~~~~~~~~~~~~~~~~~~~~~~~~~~~~~~^~~~~~~[m[K
[5.351s] [100%] [32m[1mLinking CXX executable number_counter[0m
[5.620s] [100%] Built target number_counter
[5.631s] Invoked command in '/home/robomaven/activity1_ws/build/activity1_cpp_pkg' returned '0': CMAKE_PREFIX_PATH=${CMAKE_PREFIX_PATH}:/home/robomaven/ros2_ws/install/my_py_pkg:/home/robomaven/activity1_ws/install/activity1_py_pkg:/opt/ros/humble /usr/bin/cmake --build /home/robomaven/activity1_ws/build/activity1_cpp_pkg -- -j20 -l20
[5.672s] Invoking command in '/home/robomaven/activity1_ws/build/activity1_cpp_pkg': CMAKE_PREFIX_PATH=${CMAKE_PREFIX_PATH}:/home/robomaven/ros2_ws/install/my_py_pkg:/home/robomaven/activity1_ws/install/activity1_py_pkg:/opt/ros/humble /usr/bin/cmake --install /home/robomaven/activity1_ws/build/activity1_cpp_pkg
[5.678s] -- Install configuration: ""
[5.679s] -- Up-to-date: /home/robomaven/activity1_ws/install/activity1_cpp_pkg/lib/activity1_cpp_pkg/number_publisher
[5.679s] -- Installing: /home/robomaven/activity1_ws/install/activity1_cpp_pkg/lib/activity1_cpp_pkg/number_counter
[5.682s] -- Set runtime path of "/home/robomaven/activity1_ws/install/activity1_cpp_pkg/lib/activity1_cpp_pkg/number_counter" to ""
[5.682s] -- Installing: /home/robomaven/activity1_ws/install/activity1_cpp_pkg/share/ament_index/resource_index/package_run_dependencies/activity1_cpp_pkg
[5.683s] -- Installing: /home/robomaven/activity1_ws/install/activity1_cpp_pkg/share/ament_index/resource_index/parent_prefix_path/activity1_cpp_pkg
[5.683s] -- Up-to-date: /home/robomaven/activity1_ws/install/activity1_cpp_pkg/share/activity1_cpp_pkg/environment/ament_prefix_path.sh
[5.683s] -- Installing: /home/robomaven/activity1_ws/install/activity1_cpp_pkg/share/activity1_cpp_pkg/environment/ament_prefix_path.dsv
[5.683s] -- Up-to-date: /home/robomaven/activity1_ws/install/activity1_cpp_pkg/share/activity1_cpp_pkg/environment/path.sh
[5.683s] -- Installing: /home/robomaven/activity1_ws/install/activity1_cpp_pkg/share/activity1_cpp_pkg/environment/path.dsv
[5.683s] -- Up-to-date: /home/robomaven/activity1_ws/install/activity1_cpp_pkg/share/activity1_cpp_pkg/local_setup.bash
[5.683s] -- Up-to-date: /home/robomaven/activity1_ws/install/activity1_cpp_pkg/share/activity1_cpp_pkg/local_setup.sh
[5.683s] -- Up-to-date: /home/robomaven/activity1_ws/install/activity1_cpp_pkg/share/activity1_cpp_pkg/local_setup.zsh
[5.684s] -- Installing: /home/robomaven/activity1_ws/install/activity1_cpp_pkg/share/activity1_cpp_pkg/local_setup.dsv
[5.684s] -- Installing: /home/robomaven/activity1_ws/install/activity1_cpp_pkg/share/activity1_cpp_pkg/package.dsv
[5.684s] -- Up-to-date: /home/robomaven/activity1_ws/install/activity1_cpp_pkg/share/ament_index/resource_index/packages/activity1_cpp_pkg
[5.684s] -- Up-to-date: /home/robomaven/activity1_ws/install/activity1_cpp_pkg/share/activity1_cpp_pkg/cmake/activity1_cpp_pkgConfig.cmake
[5.684s] -- Up-to-date: /home/robomaven/activity1_ws/install/activity1_cpp_pkg/share/activity1_cpp_pkg/cmake/activity1_cpp_pkgConfig-version.cmake
[5.684s] -- Installing: /home/robomaven/activity1_ws/install/activity1_cpp_pkg/share/activity1_cpp_pkg/package.xml
[5.685s] Invoked command in '/home/robomaven/activity1_ws/build/activity1_cpp_pkg' returned '0': CMAKE_PREFIX_PATH=${CMAKE_PREFIX_PATH}:/home/robomaven/ros2_ws/install/my_py_pkg:/home/robomaven/activity1_ws/install/activity1_py_pkg:/opt/ros/humble /usr/bin/cmake --install /home/robomaven/activity1_ws/build/activity1_cpp_pkg
