[0.007s] Invoking command in '/home/robomaven/ws/ros2_ws3/build/lifecycle_cpp': CMAKE_PREFIX_PATH=${CMAKE_PREFIX_PATH}:/home/robomaven/ws/ros2_ws3/install/actions_py:/home/robomaven/ws/ros2_ws3/install/lifecycle_py:/opt/ros/humble /usr/bin/cmake --build /home/robomaven/ws/ros2_ws3/build/lifecycle_cpp -- -j20 -l20
[0.042s] [35m[1mConsolidate compiler generated dependencies of target number_publisher[0m
[0.059s] [100%] Built target number_publisher
[0.071s] Invoked command in '/home/robomaven/ws/ros2_ws3/build/lifecycle_cpp' returned '0': CMAKE_PREFIX_PATH=${CMAKE_PREFIX_PATH}:/home/robomaven/ws/ros2_ws3/install/actions_py:/home/robomaven/ws/ros2_ws3/install/lifecycle_py:/opt/ros/humble /usr/bin/cmake --build /home/robomaven/ws/ros2_ws3/build/lifecycle_cpp -- -j20 -l20
[0.108s] Invoking command in '/home/robomaven/ws/ros2_ws3/build/lifecycle_cpp': CMAKE_PREFIX_PATH=${CMAKE_PREFIX_PATH}:/home/robomaven/ws/ros2_ws3/install/actions_py:/home/robomaven/ws/ros2_ws3/install/lifecycle_py:/opt/ros/humble /usr/bin/cmake --install /home/robomaven/ws/ros2_ws3/build/lifecycle_cpp
[0.116s] -- Install configuration: ""
[0.117s] -- Up-to-date: /home/robomaven/ws/ros2_ws3/install/lifecycle_cpp/lib/lifecycle_cpp/number_publisher
[0.117s] -- Up-to-date: /home/robomaven/ws/ros2_ws3/install/lifecycle_cpp/share/ament_index/resource_index/package_run_dependencies/lifecycle_cpp
[0.117s] -- Up-to-date: /home/robomaven/ws/ros2_ws3/install/lifecycle_cpp/share/ament_index/resource_index/parent_prefix_path/lifecycle_cpp
[0.117s] -- Up-to-date: /home/robomaven/ws/ros2_ws3/install/lifecycle_cpp/share/lifecycle_cpp/environment/ament_prefix_path.sh
[0.117s] -- Up-to-date: /home/robomaven/ws/ros2_ws3/install/lifecycle_cpp/share/lifecycle_cpp/environment/ament_prefix_path.dsv
[0.117s] -- Up-to-date: /home/robomaven/ws/ros2_ws3/install/lifecycle_cpp/share/lifecycle_cpp/environment/path.sh
[0.117s] -- Up-to-date: /home/robomaven/ws/ros2_ws3/install/lifecycle_cpp/share/lifecycle_cpp/environment/path.dsv
[0.117s] -- Up-to-date: /home/robomaven/ws/ros2_ws3/install/lifecycle_cpp/share/lifecycle_cpp/local_setup.bash
[0.117s] -- Up-to-date: /home/robomaven/ws/ros2_ws3/install/lifecycle_cpp/share/lifecycle_cpp/local_setup.sh
[0.117s] -- Up-to-date: /home/robomaven/ws/ros2_ws3/install/lifecycle_cpp/share/lifecycle_cpp/local_setup.zsh
[0.117s] -- Up-to-date: /home/robomaven/ws/ros2_ws3/install/lifecycle_cpp/share/lifecycle_cpp/local_setup.dsv
[0.117s] -- Installing: /home/robomaven/ws/ros2_ws3/install/lifecycle_cpp/share/lifecycle_cpp/package.dsv
[0.117s] -- Up-to-date: /home/robomaven/ws/ros2_ws3/install/lifecycle_cpp/share/ament_index/resource_index/packages/lifecycle_cpp
[0.117s] -- Up-to-date: /home/robomaven/ws/ros2_ws3/install/lifecycle_cpp/share/lifecycle_cpp/cmake/lifecycle_cppConfig.cmake
[0.118s] -- Up-to-date: /home/robomaven/ws/ros2_ws3/install/lifecycle_cpp/share/lifecycle_cpp/cmake/lifecycle_cppConfig-version.cmake
[0.118s] -- Up-to-date: /home/robomaven/ws/ros2_ws3/install/lifecycle_cpp/share/lifecycle_cpp/package.xml
[0.119s] Invoked command in '/home/robomaven/ws/ros2_ws3/build/lifecycle_cpp' returned '0': CMAKE_PREFIX_PATH=${CMAKE_PREFIX_PATH}:/home/robomaven/ws/ros2_ws3/install/actions_py:/home/robomaven/ws/ros2_ws3/install/lifecycle_py:/opt/ros/humble /usr/bin/cmake --install /home/robomaven/ws/ros2_ws3/build/lifecycle_cpp
