[0.398s] Invoking command in '/home/robomaven/ws/ros2_ws/src/my_py_pkg': AMENT_PREFIX_PATH=/home/robomaven/ws/ros2_ws/install/my_robot_interfaces:${AMENT_PREFIX_PATH} CMAKE_PREFIX_PATH=/home/robomaven/ws/ros2_ws/install/my_robot_interfaces:/home/robomaven/ws/ros2_ws/install/my_robot_bringup:/home/robomaven/ws/ros2_ws/install/my_cpp_pkg PYTHONPATH=/home/robomaven/ws/ros2_ws/build/my_py_pkg/prefix_override:/home/robomaven/ws/ros2_ws/install/my_py_pkg/lib/python3.10/site-packages:/home/robomaven/ws/ros2_ws/install/my_robot_interfaces/local/lib/python3.10/dist-packages:${PYTHONPATH} /usr/bin/python3 -W ignore:setup.py install is deprecated setup.py egg_info --egg-base ../../build/my_py_pkg build --build-base /home/robomaven/ws/ros2_ws/build/my_py_pkg/build install --record /home/robomaven/ws/ros2_ws/build/my_py_pkg/install.log --single-version-externally-managed install_data
[0.547s] running egg_info
[0.547s] creating ../../build/my_py_pkg/my_py_pkg.egg-info
[0.547s] writing ../../build/my_py_pkg/my_py_pkg.egg-info/PKG-INFO
[0.547s] writing dependency_links to ../../build/my_py_pkg/my_py_pkg.egg-info/dependency_links.txt
[0.547s] writing entry points to ../../build/my_py_pkg/my_py_pkg.egg-info/entry_points.txt
[0.547s] writing requirements to ../../build/my_py_pkg/my_py_pkg.egg-info/requires.txt
[0.547s] writing top-level names to ../../build/my_py_pkg/my_py_pkg.egg-info/top_level.txt
[0.547s] writing manifest file '../../build/my_py_pkg/my_py_pkg.egg-info/SOURCES.txt'
[0.548s] reading manifest file '../../build/my_py_pkg/my_py_pkg.egg-info/SOURCES.txt'
[0.549s] writing manifest file '../../build/my_py_pkg/my_py_pkg.egg-info/SOURCES.txt'
[0.549s] running build
[0.549s] running build_py
[0.549s] creating /home/robomaven/ws/ros2_ws/build/my_py_pkg/build
[0.549s] creating /home/robomaven/ws/ros2_ws/build/my_py_pkg/build/lib
[0.549s] creating /home/robomaven/ws/ros2_ws/build/my_py_pkg/build/lib/my_py_pkg
[0.549s] copying my_py_pkg/template_python_node.py -> /home/robomaven/ws/ros2_ws/build/my_py_pkg/build/lib/my_py_pkg
[0.549s] copying my_py_pkg/robot_news_station.py -> /home/robomaven/ws/ros2_ws/build/my_py_pkg/build/lib/my_py_pkg
[0.549s] copying my_py_pkg/my_first_node.py -> /home/robomaven/ws/ros2_ws/build/my_py_pkg/build/lib/my_py_pkg
[0.549s] copying my_py_pkg/add_two_ints_client_no_oop.py -> /home/robomaven/ws/ros2_ws/build/my_py_pkg/build/lib/my_py_pkg
[0.549s] copying my_py_pkg/add_two_ints_server.py -> /home/robomaven/ws/ros2_ws/build/my_py_pkg/build/lib/my_py_pkg
[0.549s] copying my_py_pkg/add_two_ints_client.py -> /home/robomaven/ws/ros2_ws/build/my_py_pkg/build/lib/my_py_pkg
[0.549s] copying my_py_pkg/hw_status_publisher.py -> /home/robomaven/ws/ros2_ws/build/my_py_pkg/build/lib/my_py_pkg
[0.549s] copying my_py_pkg/__init__.py -> /home/robomaven/ws/ros2_ws/build/my_py_pkg/build/lib/my_py_pkg
[0.549s] copying my_py_pkg/smartphone.py -> /home/robomaven/ws/ros2_ws/build/my_py_pkg/build/lib/my_py_pkg
[0.549s] running install
[0.549s] running install_lib
[0.550s] creating /home/robomaven/ws/ros2_ws/install/my_py_pkg/lib/python3.10/site-packages/my_py_pkg
[0.550s] copying /home/robomaven/ws/ros2_ws/build/my_py_pkg/build/lib/my_py_pkg/template_python_node.py -> /home/robomaven/ws/ros2_ws/install/my_py_pkg/lib/python3.10/site-packages/my_py_pkg
[0.550s] copying /home/robomaven/ws/ros2_ws/build/my_py_pkg/build/lib/my_py_pkg/robot_news_station.py -> /home/robomaven/ws/ros2_ws/install/my_py_pkg/lib/python3.10/site-packages/my_py_pkg
[0.550s] copying /home/robomaven/ws/ros2_ws/build/my_py_pkg/build/lib/my_py_pkg/my_first_node.py -> /home/robomaven/ws/ros2_ws/install/my_py_pkg/lib/python3.10/site-packages/my_py_pkg
[0.550s] copying /home/robomaven/ws/ros2_ws/build/my_py_pkg/build/lib/my_py_pkg/add_two_ints_client_no_oop.py -> /home/robomaven/ws/ros2_ws/install/my_py_pkg/lib/python3.10/site-packages/my_py_pkg
[0.550s] copying /home/robomaven/ws/ros2_ws/build/my_py_pkg/build/lib/my_py_pkg/add_two_ints_server.py -> /home/robomaven/ws/ros2_ws/install/my_py_pkg/lib/python3.10/site-packages/my_py_pkg
[0.550s] copying /home/robomaven/ws/ros2_ws/build/my_py_pkg/build/lib/my_py_pkg/add_two_ints_client.py -> /home/robomaven/ws/ros2_ws/install/my_py_pkg/lib/python3.10/site-packages/my_py_pkg
[0.550s] copying /home/robomaven/ws/ros2_ws/build/my_py_pkg/build/lib/my_py_pkg/hw_status_publisher.py -> /home/robomaven/ws/ros2_ws/install/my_py_pkg/lib/python3.10/site-packages/my_py_pkg
[0.550s] copying /home/robomaven/ws/ros2_ws/build/my_py_pkg/build/lib/my_py_pkg/__init__.py -> /home/robomaven/ws/ros2_ws/install/my_py_pkg/lib/python3.10/site-packages/my_py_pkg
[0.550s] copying /home/robomaven/ws/ros2_ws/build/my_py_pkg/build/lib/my_py_pkg/smartphone.py -> /home/robomaven/ws/ros2_ws/install/my_py_pkg/lib/python3.10/site-packages/my_py_pkg
[0.550s] byte-compiling /home/robomaven/ws/ros2_ws/install/my_py_pkg/lib/python3.10/site-packages/my_py_pkg/template_python_node.py to template_python_node.cpython-310.pyc
[0.551s] byte-compiling /home/robomaven/ws/ros2_ws/install/my_py_pkg/lib/python3.10/site-packages/my_py_pkg/robot_news_station.py to robot_news_station.cpython-310.pyc
[0.551s] byte-compiling /home/robomaven/ws/ros2_ws/install/my_py_pkg/lib/python3.10/site-packages/my_py_pkg/my_first_node.py to my_first_node.cpython-310.pyc
[0.551s] byte-compiling /home/robomaven/ws/ros2_ws/install/my_py_pkg/lib/python3.10/site-packages/my_py_pkg/add_two_ints_client_no_oop.py to add_two_ints_client_no_oop.cpython-310.pyc
[0.551s] byte-compiling /home/robomaven/ws/ros2_ws/install/my_py_pkg/lib/python3.10/site-packages/my_py_pkg/add_two_ints_server.py to add_two_ints_server.cpython-310.pyc
[0.551s] byte-compiling /home/robomaven/ws/ros2_ws/install/my_py_pkg/lib/python3.10/site-packages/my_py_pkg/add_two_ints_client.py to add_two_ints_client.cpython-310.pyc
[0.552s] byte-compiling /home/robomaven/ws/ros2_ws/install/my_py_pkg/lib/python3.10/site-packages/my_py_pkg/hw_status_publisher.py to hw_status_publisher.cpython-310.pyc
[0.552s] byte-compiling /home/robomaven/ws/ros2_ws/install/my_py_pkg/lib/python3.10/site-packages/my_py_pkg/__init__.py to __init__.cpython-310.pyc
[0.552s] byte-compiling /home/robomaven/ws/ros2_ws/install/my_py_pkg/lib/python3.10/site-packages/my_py_pkg/smartphone.py to smartphone.cpython-310.pyc
[0.552s] running install_data
[0.552s] creating /home/robomaven/ws/ros2_ws/install/my_py_pkg/share/ament_index
[0.552s] creating /home/robomaven/ws/ros2_ws/install/my_py_pkg/share/ament_index/resource_index
[0.553s] creating /home/robomaven/ws/ros2_ws/install/my_py_pkg/share/ament_index/resource_index/packages
[0.553s] copying resource/my_py_pkg -> /home/robomaven/ws/ros2_ws/install/my_py_pkg/share/ament_index/resource_index/packages
[0.553s] copying package.xml -> /home/robomaven/ws/ros2_ws/install/my_py_pkg/share/my_py_pkg
[0.553s] running install_egg_info
[0.554s] Copying ../../build/my_py_pkg/my_py_pkg.egg-info to /home/robomaven/ws/ros2_ws/install/my_py_pkg/lib/python3.10/site-packages/my_py_pkg-0.0.0-py3.10.egg-info
[0.554s] running install_scripts
[0.567s] Installing add_two_ints_client script to /home/robomaven/ws/ros2_ws/install/my_py_pkg/lib/my_py_pkg
[0.567s] Installing add_two_ints_client_no_oop script to /home/robomaven/ws/ros2_ws/install/my_py_pkg/lib/my_py_pkg
[0.567s] Installing add_two_ints_server script to /home/robomaven/ws/ros2_ws/install/my_py_pkg/lib/my_py_pkg
[0.567s] Installing hw_status_publisher script to /home/robomaven/ws/ros2_ws/install/my_py_pkg/lib/my_py_pkg
[0.567s] Installing py_node script to /home/robomaven/ws/ros2_ws/install/my_py_pkg/lib/my_py_pkg
[0.567s] Installing robot_news_station script to /home/robomaven/ws/ros2_ws/install/my_py_pkg/lib/my_py_pkg
[0.567s] Installing smartphone script to /home/robomaven/ws/ros2_ws/install/my_py_pkg/lib/my_py_pkg
[0.567s] writing list of installed files to '/home/robomaven/ws/ros2_ws/build/my_py_pkg/install.log'
[0.583s] Invoked command in '/home/robomaven/ws/ros2_ws/src/my_py_pkg' returned '0': AMENT_PREFIX_PATH=/home/robomaven/ws/ros2_ws/install/my_robot_interfaces:${AMENT_PREFIX_PATH} CMAKE_PREFIX_PATH=/home/robomaven/ws/ros2_ws/install/my_robot_interfaces:/home/robomaven/ws/ros2_ws/install/my_robot_bringup:/home/robomaven/ws/ros2_ws/install/my_cpp_pkg PYTHONPATH=/home/robomaven/ws/ros2_ws/build/my_py_pkg/prefix_override:/home/robomaven/ws/ros2_ws/install/my_py_pkg/lib/python3.10/site-packages:/home/robomaven/ws/ros2_ws/install/my_robot_interfaces/local/lib/python3.10/dist-packages:${PYTHONPATH} /usr/bin/python3 -W ignore:setup.py install is deprecated setup.py egg_info --egg-base ../../build/my_py_pkg build --build-base /home/robomaven/ws/ros2_ws/build/my_py_pkg/build install --record /home/robomaven/ws/ros2_ws/build/my_py_pkg/install.log --single-version-externally-managed install_data
