running develop
Removing /home/robomaven/activity1_ws/install/activity1_py_pkg/lib/python3.10/site-packages/activity1-py-pkg.egg-link (link to .)
running egg_info
writing ../../build/activity1_py_pkg/activity1_py_pkg.egg-info/PKG-INFO
writing dependency_links to ../../build/activity1_py_pkg/activity1_py_pkg.egg-info/dependency_links.txt
writing entry points to ../../build/activity1_py_pkg/activity1_py_pkg.egg-info/entry_points.txt
writing requirements to ../../build/activity1_py_pkg/activity1_py_pkg.egg-info/requires.txt
writing top-level names to ../../build/activity1_py_pkg/activity1_py_pkg.egg-info/top_level.txt
reading manifest file '../../build/activity1_py_pkg/activity1_py_pkg.egg-info/SOURCES.txt'
writing manifest file '../../build/activity1_py_pkg/activity1_py_pkg.egg-info/SOURCES.txt'
running build
running build_py
copying activity1_py_pkg/led_panel_node.py -> /home/robomaven/activity1_ws/build/activity1_py_pkg/build/lib/activity1_py_pkg
copying activity1_py_pkg/number_publisher_node_file.py -> /home/robomaven/activity1_ws/build/activity1_py_pkg/build/lib/activity1_py_pkg
copying activity1_py_pkg/my_first_node.py -> /home/robomaven/activity1_ws/build/activity1_py_pkg/build/lib/activity1_py_pkg
copying activity1_py_pkg/battery_node.py -> /home/robomaven/activity1_ws/build/activity1_py_pkg/build/lib/activity1_py_pkg
copying activity1_py_pkg/number_counter_node_file.py -> /home/robomaven/activity1_ws/build/activity1_py_pkg/build/lib/activity1_py_pkg
running install
running install_lib
creating /home/robomaven/activity1_ws/install/activity1_py_pkg/lib/python3.10/site-packages/activity1_py_pkg
copying /home/robomaven/activity1_ws/build/activity1_py_pkg/build/lib/activity1_py_pkg/led_panel_node.py -> /home/robomaven/activity1_ws/install/activity1_py_pkg/lib/python3.10/site-packages/activity1_py_pkg
copying /home/robomaven/activity1_ws/build/activity1_py_pkg/build/lib/activity1_py_pkg/number_publisher_node_file.py -> /home/robomaven/activity1_ws/install/activity1_py_pkg/lib/python3.10/site-packages/activity1_py_pkg
copying /home/robomaven/activity1_ws/build/activity1_py_pkg/build/lib/activity1_py_pkg/my_first_node.py -> /home/robomaven/activity1_ws/install/activity1_py_pkg/lib/python3.10/site-packages/activity1_py_pkg
copying /home/robomaven/activity1_ws/build/activity1_py_pkg/build/lib/activity1_py_pkg/battery_node.py -> /home/robomaven/activity1_ws/install/activity1_py_pkg/lib/python3.10/site-packages/activity1_py_pkg
copying /home/robomaven/activity1_ws/build/activity1_py_pkg/build/lib/activity1_py_pkg/number_counter_node_file.py -> /home/robomaven/activity1_ws/install/activity1_py_pkg/lib/python3.10/site-packages/activity1_py_pkg
copying /home/robomaven/activity1_ws/build/activity1_py_pkg/build/lib/activity1_py_pkg/__init__.py -> /home/robomaven/activity1_ws/install/activity1_py_pkg/lib/python3.10/site-packages/activity1_py_pkg
byte-compiling /home/robomaven/activity1_ws/install/activity1_py_pkg/lib/python3.10/site-packages/activity1_py_pkg/led_panel_node.py to led_panel_node.cpython-310.pyc
byte-compiling /home/robomaven/activity1_ws/install/activity1_py_pkg/lib/python3.10/site-packages/activity1_py_pkg/number_publisher_node_file.py to number_publisher_node_file.cpython-310.pyc
byte-compiling /home/robomaven/activity1_ws/install/activity1_py_pkg/lib/python3.10/site-packages/activity1_py_pkg/my_first_node.py to my_first_node.cpython-310.pyc
byte-compiling /home/robomaven/activity1_ws/install/activity1_py_pkg/lib/python3.10/site-packages/activity1_py_pkg/battery_node.py to battery_node.cpython-310.pyc
byte-compiling /home/robomaven/activity1_ws/install/activity1_py_pkg/lib/python3.10/site-packages/activity1_py_pkg/number_counter_node_file.py to number_counter_node_file.cpython-310.pyc
byte-compiling /home/robomaven/activity1_ws/install/activity1_py_pkg/lib/python3.10/site-packages/activity1_py_pkg/__init__.py to __init__.cpython-310.pyc
running install_data
copying resource/activity1_py_pkg -> /home/robomaven/activity1_ws/install/activity1_py_pkg/share/ament_index/resource_index/packages
copying package.xml -> /home/robomaven/activity1_ws/install/activity1_py_pkg/share/activity1_py_pkg
running install_egg_info
Copying ../../build/activity1_py_pkg/activity1_py_pkg.egg-info to /home/robomaven/activity1_ws/install/activity1_py_pkg/lib/python3.10/site-packages/activity1_py_pkg-0.0.0-py3.10.egg-info
running install_scripts
Installing number_counter script to /home/robomaven/activity1_ws/install/activity1_py_pkg/lib/activity1_py_pkg
Installing number_publisher script to /home/robomaven/activity1_ws/install/activity1_py_pkg/lib/activity1_py_pkg
Installing robot_news_station script to /home/robomaven/activity1_ws/install/activity1_py_pkg/lib/activity1_py_pkg
writing list of installed files to '/home/robomaven/activity1_ws/build/activity1_py_pkg/install.log'
