[0.396s] Invoking command in '/home/robomaven/activity1_ws/build/activity1_py_pkg': PYTHONPATH=/home/robomaven/activity1_ws/build/activity1_py_pkg/prefix_override:/home/robomaven/activity1_ws/install/activity1_py_pkg/lib/python3.10/site-packages:${PYTHONPATH} /usr/bin/python3 -W ignore:setup.py install is deprecated setup.py develop --uninstall --editable --build-directory /home/robomaven/activity1_ws/build/activity1_py_pkg/build
[0.552s] running develop
[0.641s] Removing /home/robomaven/activity1_ws/install/activity1_py_pkg/lib/python3.10/site-packages/activity1-py-pkg.egg-link (link to .)
[0.658s] Invoked command in '/home/robomaven/activity1_ws/build/activity1_py_pkg' returned '0': PYTHONPATH=/home/robomaven/activity1_ws/build/activity1_py_pkg/prefix_override:/home/robomaven/activity1_ws/install/activity1_py_pkg/lib/python3.10/site-packages:${PYTHONPATH} /usr/bin/python3 -W ignore:setup.py install is deprecated setup.py develop --uninstall --editable --build-directory /home/robomaven/activity1_ws/build/activity1_py_pkg/build
[0.658s] Invoking command in '/home/robomaven/activity1_ws/src/activity1_py_pkg': PYTHONPATH=/home/robomaven/activity1_ws/build/activity1_py_pkg/prefix_override:/home/robomaven/activity1_ws/install/activity1_py_pkg/lib/python3.10/site-packages:${PYTHONPATH} /usr/bin/python3 -W ignore:setup.py install is deprecated setup.py egg_info --egg-base ../../build/activity1_py_pkg build --build-base /home/robomaven/activity1_ws/build/activity1_py_pkg/build install --record /home/robomaven/activity1_ws/build/activity1_py_pkg/install.log --single-version-externally-managed install_data --force
[0.799s] running egg_info
[0.800s] writing ../../build/activity1_py_pkg/activity1_py_pkg.egg-info/PKG-INFO
[0.800s] writing dependency_links to ../../build/activity1_py_pkg/activity1_py_pkg.egg-info/dependency_links.txt
[0.800s] writing entry points to ../../build/activity1_py_pkg/activity1_py_pkg.egg-info/entry_points.txt
[0.800s] writing requirements to ../../build/activity1_py_pkg/activity1_py_pkg.egg-info/requires.txt
[0.800s] writing top-level names to ../../build/activity1_py_pkg/activity1_py_pkg.egg-info/top_level.txt
[0.801s] reading manifest file '../../build/activity1_py_pkg/activity1_py_pkg.egg-info/SOURCES.txt'
[0.809s] writing manifest file '../../build/activity1_py_pkg/activity1_py_pkg.egg-info/SOURCES.txt'
[0.809s] running build
[0.809s] running build_py
[0.809s] copying activity1_py_pkg/led_panel_node.py -> /home/robomaven/activity1_ws/build/activity1_py_pkg/build/lib/activity1_py_pkg
[0.809s] copying activity1_py_pkg/number_publisher_node_file.py -> /home/robomaven/activity1_ws/build/activity1_py_pkg/build/lib/activity1_py_pkg
[0.809s] copying activity1_py_pkg/my_first_node.py -> /home/robomaven/activity1_ws/build/activity1_py_pkg/build/lib/activity1_py_pkg
[0.809s] copying activity1_py_pkg/battery_node.py -> /home/robomaven/activity1_ws/build/activity1_py_pkg/build/lib/activity1_py_pkg
[0.809s] copying activity1_py_pkg/number_counter_node_file.py -> /home/robomaven/activity1_ws/build/activity1_py_pkg/build/lib/activity1_py_pkg
[0.809s] running install
[0.809s] running install_lib
[0.810s] creating /home/robomaven/activity1_ws/install/activity1_py_pkg/lib/python3.10/site-packages/activity1_py_pkg
[0.810s] copying /home/robomaven/activity1_ws/build/activity1_py_pkg/build/lib/activity1_py_pkg/led_panel_node.py -> /home/robomaven/activity1_ws/install/activity1_py_pkg/lib/python3.10/site-packages/activity1_py_pkg
[0.810s] copying /home/robomaven/activity1_ws/build/activity1_py_pkg/build/lib/activity1_py_pkg/number_publisher_node_file.py -> /home/robomaven/activity1_ws/install/activity1_py_pkg/lib/python3.10/site-packages/activity1_py_pkg
[0.810s] copying /home/robomaven/activity1_ws/build/activity1_py_pkg/build/lib/activity1_py_pkg/my_first_node.py -> /home/robomaven/activity1_ws/install/activity1_py_pkg/lib/python3.10/site-packages/activity1_py_pkg
[0.810s] copying /home/robomaven/activity1_ws/build/activity1_py_pkg/build/lib/activity1_py_pkg/battery_node.py -> /home/robomaven/activity1_ws/install/activity1_py_pkg/lib/python3.10/site-packages/activity1_py_pkg
[0.810s] copying /home/robomaven/activity1_ws/build/activity1_py_pkg/build/lib/activity1_py_pkg/number_counter_node_file.py -> /home/robomaven/activity1_ws/install/activity1_py_pkg/lib/python3.10/site-packages/activity1_py_pkg
[0.810s] copying /home/robomaven/activity1_ws/build/activity1_py_pkg/build/lib/activity1_py_pkg/__init__.py -> /home/robomaven/activity1_ws/install/activity1_py_pkg/lib/python3.10/site-packages/activity1_py_pkg
[0.810s] byte-compiling /home/robomaven/activity1_ws/install/activity1_py_pkg/lib/python3.10/site-packages/activity1_py_pkg/led_panel_node.py to led_panel_node.cpython-310.pyc
[0.810s] byte-compiling /home/robomaven/activity1_ws/install/activity1_py_pkg/lib/python3.10/site-packages/activity1_py_pkg/number_publisher_node_file.py to number_publisher_node_file.cpython-310.pyc
[0.811s] byte-compiling /home/robomaven/activity1_ws/install/activity1_py_pkg/lib/python3.10/site-packages/activity1_py_pkg/my_first_node.py to my_first_node.cpython-310.pyc
[0.811s] byte-compiling /home/robomaven/activity1_ws/install/activity1_py_pkg/lib/python3.10/site-packages/activity1_py_pkg/battery_node.py to battery_node.cpython-310.pyc
[0.811s] byte-compiling /home/robomaven/activity1_ws/install/activity1_py_pkg/lib/python3.10/site-packages/activity1_py_pkg/number_counter_node_file.py to number_counter_node_file.cpython-310.pyc
[0.811s] byte-compiling /home/robomaven/activity1_ws/install/activity1_py_pkg/lib/python3.10/site-packages/activity1_py_pkg/__init__.py to __init__.cpython-310.pyc
[0.811s] running install_data
[0.811s] copying resource/activity1_py_pkg -> /home/robomaven/activity1_ws/install/activity1_py_pkg/share/ament_index/resource_index/packages
[0.811s] copying package.xml -> /home/robomaven/activity1_ws/install/activity1_py_pkg/share/activity1_py_pkg
[0.812s] running install_egg_info
[0.813s] Copying ../../build/activity1_py_pkg/activity1_py_pkg.egg-info to /home/robomaven/activity1_ws/install/activity1_py_pkg/lib/python3.10/site-packages/activity1_py_pkg-0.0.0-py3.10.egg-info
[0.813s] running install_scripts
[0.825s] Installing number_counter script to /home/robomaven/activity1_ws/install/activity1_py_pkg/lib/activity1_py_pkg
[0.825s] Installing number_publisher script to /home/robomaven/activity1_ws/install/activity1_py_pkg/lib/activity1_py_pkg
[0.825s] Installing robot_news_station script to /home/robomaven/activity1_ws/install/activity1_py_pkg/lib/activity1_py_pkg
[0.826s] writing list of installed files to '/home/robomaven/activity1_ws/build/activity1_py_pkg/install.log'
[0.839s] Invoked command in '/home/robomaven/activity1_ws/src/activity1_py_pkg' returned '0': PYTHONPATH=/home/robomaven/activity1_ws/build/activity1_py_pkg/prefix_override:/home/robomaven/activity1_ws/install/activity1_py_pkg/lib/python3.10/site-packages:${PYTHONPATH} /usr/bin/python3 -W ignore:setup.py install is deprecated setup.py egg_info --egg-base ../../build/activity1_py_pkg build --build-base /home/robomaven/activity1_ws/build/activity1_py_pkg/build install --record /home/robomaven/activity1_ws/build/activity1_py_pkg/install.log --single-version-externally-managed install_data --force
