[0.006s] Invoking command in '/home/robomaven/ws/tb3_ws/build/turtlebot3_gazebo': CMAKE_PREFIX_PATH=/opt/ros/humble /usr/bin/cmake /home/robomaven/ws/tb3_ws/src/turtlebot3_gazebo -DCMAKE_INSTALL_PREFIX=/home/robomaven/ws/tb3_ws/install/turtlebot3_gazebo
[0.091s] -- The C compiler identification is GNU 11.4.0
[0.155s] -- The CXX compiler identification is GNU 11.4.0
[0.163s] -- Detecting C compiler ABI info
[0.208s] -- Detecting C compiler ABI info - done
[0.213s] -- Check for working C compiler: /usr/bin/cc - skipped
[0.213s] -- Detecting C compile features
[0.213s] -- Detecting C compile features - done
[0.216s] -- Detecting CXX compiler ABI info
[0.267s] -- Detecting CXX compiler ABI info - done
[0.272s] -- Check for working CXX compiler: /usr/bin/c++ - skipped
[0.272s] -- Detecting CXX compile features
[0.273s] -- Detecting CXX compile features - done
[0.277s] -- Found ament_cmake: 1.3.9 (/opt/ros/humble/share/ament_cmake/cmake)
[0.379s] -- Found Python3: /usr/bin/python3 (found version "3.10.12") found components: Interpreter 
[0.449s] [33mCMake Warning (dev) at /usr/share/cmake-3.22/Modules/FindPackageHandleStandardArgs.cmake:438 (message):
[0.449s]   The package name passed to `find_package_handle_standard_args` (PkgConfig)
[0.449s]   does not match the name of the calling package (gazebo).  This can lead to
[0.449s]   problems in calling code that expects `find_package` result variables
[0.449s]   (e.g., `_FOUND`) to follow a certain pattern.
[0.449s] Call Stack (most recent call first):
[0.449s]   /usr/share/cmake-3.22/Modules/FindPkgConfig.cmake:99 (find_package_handle_standard_args)
[0.449s]   /usr/lib/x86_64-linux-gnu/cmake/gazebo/gazebo-config.cmake:72 (include)
[0.449s]   CMakeLists.txt:23 (find_package)
[0.449s] This warning is for project developers.  Use -Wno-dev to suppress it.
[0.449s] [0m
[0.449s] -- Found PkgConfig: /usr/bin/pkg-config (found version "0.29.2") 
[0.452s] -- Checking for module 'bullet>=2.82'
[0.459s] --   Found bullet, version 3.05
[0.523s] -- Found fcl: /usr/include (found suitable version "0.7.0", minimum required is "0.5.0") 
[0.552s] -- Found assimp: /usr/include (found version "5.2.0") 
[0.569s] -- Found DART: /usr/include (Required is at least version "6.6") found components: dart 
[0.687s] -- Found Boost: /usr/lib/x86_64-linux-gnu/cmake/Boost-1.74.0/BoostConfig.cmake (found suitable version "1.74.0", minimum required is "1.40.0") found components: thread system filesystem program_options regex iostreams date_time 
[0.701s] -- Found Protobuf: /usr/lib/x86_64-linux-gnu/libprotobuf.so (found version "3.12.4") 
[0.704s] -- Looking for ignition-math6 -- found version 6.15.1
[0.710s] -- Searching for dependencies of ignition-math6
[0.712s] -- Looking for OGRE...
[0.712s] -- OGRE_PREFIX_WATCH changed.
[0.715s] -- Checking for module 'OGRE'
[0.722s] --   Found OGRE, version 1.9.0
[0.743s] -- Found Ogre Ghadamon (1.9.0)
[0.750s] -- Found OGRE: optimized;/usr/lib/x86_64-linux-gnu/libOgreMain.so;debug;/usr/lib/x86_64-linux-gnu/libOgreMain.so
[0.757s] -- Looking for OGRE_Paging...
[0.760s] -- Found OGRE_Paging: optimized;/usr/lib/x86_64-linux-gnu/libOgrePaging.so;debug;/usr/lib/x86_64-linux-gnu/libOgrePaging.so
[0.760s] -- Looking for OGRE_Terrain...
[0.763s] -- Found OGRE_Terrain: optimized;/usr/lib/x86_64-linux-gnu/libOgreTerrain.so;debug;/usr/lib/x86_64-linux-gnu/libOgreTerrain.so
[0.763s] -- Looking for OGRE_Property...
[0.766s] -- Found OGRE_Property: optimized;/usr/lib/x86_64-linux-gnu/libOgreProperty.so;debug;/usr/lib/x86_64-linux-gnu/libOgreProperty.so
[0.766s] -- Looking for OGRE_RTShaderSystem...
[0.769s] -- Found OGRE_RTShaderSystem: optimized;/usr/lib/x86_64-linux-gnu/libOgreRTShaderSystem.so;debug;/usr/lib/x86_64-linux-gnu/libOgreRTShaderSystem.so
[0.769s] -- Looking for OGRE_Volume...
[0.772s] -- Found OGRE_Volume: optimized;/usr/lib/x86_64-linux-gnu/libOgreVolume.so;debug;/usr/lib/x86_64-linux-gnu/libOgreVolume.so
[0.772s] -- Looking for OGRE_Overlay...
[0.775s] -- Found OGRE_Overlay: optimized;/usr/lib/x86_64-linux-gnu/libOgreOverlay.so;debug;/usr/lib/x86_64-linux-gnu/libOgreOverlay.so
[0.838s] -- Looking for ignition-math6 -- found version 6.15.1
[0.840s] -- Looking for ignition-transport8 -- found version 8.2.1
[0.840s] -- Searching for dependencies of ignition-transport8
[0.852s] -- Found Protobuf: /usr/lib/x86_64-linux-gnu/libprotobuf.so (found suitable version "3.12.4", minimum required is "3") 
[0.859s] -- Config-file not installed for ZeroMQ -- checking for pkg-config
[0.863s] -- Checking for module 'libzmq >= 4'
[0.872s] --   Found libzmq , version 4.3.4
[0.893s] -- Found ZeroMQ: TRUE (Required is at least version "4") 
[0.897s] -- Checking for module 'uuid'
[0.905s] --   Found uuid, version 2.37.2
[0.925s] -- Found UUID: TRUE  
[0.926s] -- Looking for ignition-msgs5 -- found version 5.8.1
[0.927s] -- Searching for dependencies of ignition-msgs5
[0.939s] -- Looking for ignition-math6 -- found version 6.15.1
[0.942s] -- Checking for module 'tinyxml2'
[0.950s] --   Found tinyxml2, version 9.0.0
[0.970s] -- Looking for ignition-msgs5 -- found version 5.8.1
[0.972s] -- Looking for ignition-common3 -- found version 3.14.0
[0.972s] -- Searching for dependencies of ignition-common3
[0.972s] -- Looking for dlfcn.h - found
[0.973s] -- Looking for libdl - found
[0.974s] -- Found DL: TRUE  
[0.981s] -- Found tinyobjloader: /usr/lib/x86_64-linux-gnu/cmake/tinyobjloader/tinyobjloader-config.cmake (found version "2.0.0") 
[0.982s] -- Searching for <ignition-common3> component [graphics]
[0.983s] -- Looking for ignition-common3-graphics -- found version 3.14.0
[0.983s] -- Searching for dependencies of ignition-common3-graphics
[0.983s] -- Looking for ignition-math6 -- found version 6.15.1
[0.986s] -- Looking for ignition-fuel_tools4 -- found version 4.4.0
[0.986s] -- Searching for dependencies of ignition-fuel_tools4
[1.032s] -- Found CURL: /usr/lib/x86_64-linux-gnu/libcurl.so (found version "7.81.0")  
[1.038s] -- Checking for module 'jsoncpp'
[1.046s] --   Found jsoncpp, version 1.9.5
[1.065s] -- Found JSONCPP: TRUE  
[1.069s] -- Checking for module 'libzip'
[1.077s] --   Found libzip, version 1.7.3
[1.095s] -- Found ZIP: TRUE  
[1.096s] -- Looking for ignition-common3 -- found version 3.14.0
[1.096s] -- Looking for ignition-math6 -- found version 6.15.1
[1.096s] -- Looking for ignition-msgs5 -- found version 5.8.1
[1.100s] -- Found gazebo_ros_pkgs: 3.7.0 (/opt/ros/humble/share/gazebo_ros_pkgs/cmake)
[1.101s] -- Found geometry_msgs: 4.2.4 (/opt/ros/humble/share/geometry_msgs/cmake)
[1.121s] -- Found rosidl_generator_c: 3.1.5 (/opt/ros/humble/share/rosidl_generator_c/cmake)
[1.124s] -- Found rosidl_adapter: 3.1.5 (/opt/ros/humble/share/rosidl_adapter/cmake)
[1.129s] -- Found rosidl_generator_cpp: 3.1.5 (/opt/ros/humble/share/rosidl_generator_cpp/cmake)
[1.138s] -- Using all available rosidl_typesupport_c: rosidl_typesupport_fastrtps_c;rosidl_typesupport_introspection_c
[1.151s] -- Using all available rosidl_typesupport_cpp: rosidl_typesupport_fastrtps_cpp;rosidl_typesupport_introspection_cpp
[1.230s] -- Found nav_msgs: 4.2.4 (/opt/ros/humble/share/nav_msgs/cmake)
[1.286s] -- Found rclcpp: 16.0.9 (/opt/ros/humble/share/rclcpp/cmake)
[1.324s] -- Found rmw_implementation_cmake: 6.1.2 (/opt/ros/humble/share/rmw_implementation_cmake/cmake)
[1.326s] -- Found rmw_cyclonedds_cpp: 1.3.4 (/opt/ros/humble/share/rmw_cyclonedds_cpp/cmake)
[1.347s] -- Using RMW implementation 'rmw_cyclonedds_cpp' as default
[1.353s] -- Found Threads: TRUE  
[1.436s] -- Found sensor_msgs: 4.2.4 (/opt/ros/humble/share/sensor_msgs/cmake)
[1.492s] -- Found tf2: 0.25.7 (/opt/ros/humble/share/tf2/cmake)
[1.545s] -- Configuring done
[1.564s] -- Generating done
[1.566s] -- Build files have been written to: /home/robomaven/ws/tb3_ws/build/turtlebot3_gazebo
[1.574s] Invoked command in '/home/robomaven/ws/tb3_ws/build/turtlebot3_gazebo' returned '0': CMAKE_PREFIX_PATH=/opt/ros/humble /usr/bin/cmake /home/robomaven/ws/tb3_ws/src/turtlebot3_gazebo -DCMAKE_INSTALL_PREFIX=/home/robomaven/ws/tb3_ws/install/turtlebot3_gazebo
[1.576s] Invoking command in '/home/robomaven/ws/tb3_ws/build/turtlebot3_gazebo': CMAKE_PREFIX_PATH=/opt/ros/humble /usr/bin/cmake --build /home/robomaven/ws/tb3_ws/build/turtlebot3_gazebo -- -j20 -l20
[1.610s] [ 50%] [32mBuilding CXX object CMakeFiles/turtlebot3_drive.dir/src/turtlebot3_drive.cpp.o[0m
[1.610s] [ 50%] [32mBuilding CXX object CMakeFiles/obstacles.dir/models/turtlebot3_dqn_world/obstacle_plugin/obstacles.cc.o[0m
[1.610s] [ 50%] [32mBuilding CXX object CMakeFiles/obstacle2.dir/models/turtlebot3_dqn_world/obstacle_plugin/obstacle2.cc.o[0m
[1.610s] [ 50%] [32mBuilding CXX object CMakeFiles/obstacle1.dir/models/turtlebot3_dqn_world/obstacle_plugin/obstacle1.cc.o[0m
[9.324s] [ 62%] [32m[1mLinking CXX executable turtlebot3_drive[0m
[9.704s] [ 75%] [32m[1mLinking CXX shared library libobstacles.so[0m
[9.704s] [ 75%] Built target turtlebot3_drive
[9.705s] [ 87%] [32m[1mLinking CXX shared library libobstacle1.so[0m
[9.711s] [100%] [32m[1mLinking CXX shared library libobstacle2.so[0m
[9.865s] [100%] Built target obstacle1
[9.870s] [100%] Built target obstacles
[9.871s] [100%] Built target obstacle2
[9.879s] Invoked command in '/home/robomaven/ws/tb3_ws/build/turtlebot3_gazebo' returned '0': CMAKE_PREFIX_PATH=/opt/ros/humble /usr/bin/cmake --build /home/robomaven/ws/tb3_ws/build/turtlebot3_gazebo -- -j20 -l20
[9.917s] Invoking command in '/home/robomaven/ws/tb3_ws/build/turtlebot3_gazebo': CMAKE_PREFIX_PATH=/opt/ros/humble /usr/bin/cmake --install /home/robomaven/ws/tb3_ws/build/turtlebot3_gazebo
[9.927s] -- Install configuration: ""
[9.927s] -- Installing: /home/robomaven/ws/tb3_ws/install/turtlebot3_gazebo/lib/turtlebot3_gazebo/turtlebot3_drive
[9.932s] -- Set runtime path of "/home/robomaven/ws/tb3_ws/install/turtlebot3_gazebo/lib/turtlebot3_gazebo/turtlebot3_drive" to ""
[9.932s] -- Installing: /home/robomaven/ws/tb3_ws/install/turtlebot3_gazebo/share/turtlebot3_gazebo//launch
[9.932s] -- Installing: /home/robomaven/ws/tb3_ws/install/turtlebot3_gazebo/share/turtlebot3_gazebo//launch/turtlebot3_world.launch.py
[9.933s] -- Installing: /home/robomaven/ws/tb3_ws/install/turtlebot3_gazebo/share/turtlebot3_gazebo//launch/turtlebot3_dqn_stage3.launch.py
[9.933s] -- Installing: /home/robomaven/ws/tb3_ws/install/turtlebot3_gazebo/share/turtlebot3_gazebo//launch/turtlebot3_dqn_stage1.launch.py
[9.933s] -- Installing: /home/robomaven/ws/tb3_ws/install/turtlebot3_gazebo/share/turtlebot3_gazebo//launch/robot_state_publisher.launch.py
[9.933s] -- Installing: /home/robomaven/ws/tb3_ws/install/turtlebot3_gazebo/share/turtlebot3_gazebo//launch/spawn_turtlebot3.launch.py
[9.933s] -- Installing: /home/robomaven/ws/tb3_ws/install/turtlebot3_gazebo/share/turtlebot3_gazebo//launch/turtlebot3_dqn_stage2.launch.py
[9.933s] -- Installing: /home/robomaven/ws/tb3_ws/install/turtlebot3_gazebo/share/turtlebot3_gazebo//launch/turtlebot3_dqn_stage4.launch.py
[9.933s] -- Installing: /home/robomaven/ws/tb3_ws/install/turtlebot3_gazebo/share/turtlebot3_gazebo//launch/turtlebot3_house.launch.py
[9.933s] -- Installing: /home/robomaven/ws/tb3_ws/install/turtlebot3_gazebo/share/turtlebot3_gazebo//launch/empty_world.launch.py
[9.933s] -- Installing: /home/robomaven/ws/tb3_ws/install/turtlebot3_gazebo/share/turtlebot3_gazebo//models
[9.933s] -- Installing: /home/robomaven/ws/tb3_ws/install/turtlebot3_gazebo/share/turtlebot3_gazebo//models/turtlebot3_waffle_pi
[9.933s] -- Installing: /home/robomaven/ws/tb3_ws/install/turtlebot3_gazebo/share/turtlebot3_gazebo//models/turtlebot3_waffle_pi/model-1_4_.sdf
[9.933s] -- Installing: /home/robomaven/ws/tb3_ws/install/turtlebot3_gazebo/share/turtlebot3_gazebo//models/turtlebot3_waffle_pi/model.config
[9.933s] -- Installing: /home/robomaven/ws/tb3_ws/install/turtlebot3_gazebo/share/turtlebot3_gazebo//models/turtlebot3_waffle_pi/model.sdf
[9.933s] -- Installing: /home/robomaven/ws/tb3_ws/install/turtlebot3_gazebo/share/turtlebot3_gazebo//models/turtlebot3_dqn_world
[9.934s] -- Installing: /home/robomaven/ws/tb3_ws/install/turtlebot3_gazebo/share/turtlebot3_gazebo//models/turtlebot3_dqn_world/goal_box
[9.934s] -- Installing: /home/robomaven/ws/tb3_ws/install/turtlebot3_gazebo/share/turtlebot3_gazebo//models/turtlebot3_dqn_world/goal_box/model.config
[9.934s] -- Installing: /home/robomaven/ws/tb3_ws/install/turtlebot3_gazebo/share/turtlebot3_gazebo//models/turtlebot3_dqn_world/goal_box/model.sdf
[9.934s] -- Installing: /home/robomaven/ws/tb3_ws/install/turtlebot3_gazebo/share/turtlebot3_gazebo//models/turtlebot3_dqn_world/obstacle_plugin
[9.934s] -- Installing: /home/robomaven/ws/tb3_ws/install/turtlebot3_gazebo/share/turtlebot3_gazebo//models/turtlebot3_dqn_world/obstacle_plugin/obstacle1.cc
[9.934s] -- Installing: /home/robomaven/ws/tb3_ws/install/turtlebot3_gazebo/share/turtlebot3_gazebo//models/turtlebot3_dqn_world/obstacle_plugin/obstacles.cc
[9.934s] -- Installing: /home/robomaven/ws/tb3_ws/install/turtlebot3_gazebo/share/turtlebot3_gazebo//models/turtlebot3_dqn_world/obstacle_plugin/CMakeLists.txt
[9.934s] -- Installing: /home/robomaven/ws/tb3_ws/install/turtlebot3_gazebo/share/turtlebot3_gazebo//models/turtlebot3_dqn_world/obstacle_plugin/obstacle2.cc
[9.934s] -- Installing: /home/robomaven/ws/tb3_ws/install/turtlebot3_gazebo/share/turtlebot3_gazebo//models/turtlebot3_dqn_world/model.config
[9.934s] -- Installing: /home/robomaven/ws/tb3_ws/install/turtlebot3_gazebo/share/turtlebot3_gazebo//models/turtlebot3_dqn_world/obstacles
[9.934s] -- Installing: /home/robomaven/ws/tb3_ws/install/turtlebot3_gazebo/share/turtlebot3_gazebo//models/turtlebot3_dqn_world/obstacles/model.config
[9.934s] -- Installing: /home/robomaven/ws/tb3_ws/install/turtlebot3_gazebo/share/turtlebot3_gazebo//models/turtlebot3_dqn_world/obstacles/model.sdf
[9.934s] -- Installing: /home/robomaven/ws/tb3_ws/install/turtlebot3_gazebo/share/turtlebot3_gazebo//models/turtlebot3_dqn_world/inner_walls
[9.934s] -- Installing: /home/robomaven/ws/tb3_ws/install/turtlebot3_gazebo/share/turtlebot3_gazebo//models/turtlebot3_dqn_world/inner_walls/model.config
[9.935s] -- Installing: /home/robomaven/ws/tb3_ws/install/turtlebot3_gazebo/share/turtlebot3_gazebo//models/turtlebot3_dqn_world/inner_walls/model.sdf
[9.935s] -- Installing: /home/robomaven/ws/tb3_ws/install/turtlebot3_gazebo/share/turtlebot3_gazebo//models/turtlebot3_dqn_world/obstacle2
[9.935s] -- Installing: /home/robomaven/ws/tb3_ws/install/turtlebot3_gazebo/share/turtlebot3_gazebo//models/turtlebot3_dqn_world/obstacle2/model.config
[9.935s] -- Installing: /home/robomaven/ws/tb3_ws/install/turtlebot3_gazebo/share/turtlebot3_gazebo//models/turtlebot3_dqn_world/obstacle2/model.sdf
[9.935s] -- Installing: /home/robomaven/ws/tb3_ws/install/turtlebot3_gazebo/share/turtlebot3_gazebo//models/turtlebot3_dqn_world/model.sdf
[9.935s] -- Installing: /home/robomaven/ws/tb3_ws/install/turtlebot3_gazebo/share/turtlebot3_gazebo//models/turtlebot3_dqn_world/obstacle1
[9.935s] -- Installing: /home/robomaven/ws/tb3_ws/install/turtlebot3_gazebo/share/turtlebot3_gazebo//models/turtlebot3_dqn_world/obstacle1/model.config
[9.935s] -- Installing: /home/robomaven/ws/tb3_ws/install/turtlebot3_gazebo/share/turtlebot3_gazebo//models/turtlebot3_dqn_world/obstacle1/model.sdf
[9.935s] -- Installing: /home/robomaven/ws/tb3_ws/install/turtlebot3_gazebo/share/turtlebot3_gazebo//models/turtlebot3_common
[9.935s] -- Installing: /home/robomaven/ws/tb3_ws/install/turtlebot3_gazebo/share/turtlebot3_gazebo//models/turtlebot3_common/meshes
[9.935s] -- Installing: /home/robomaven/ws/tb3_ws/install/turtlebot3_gazebo/share/turtlebot3_gazebo//models/turtlebot3_common/meshes/waffle_base.dae
[9.936s] -- Installing: /home/robomaven/ws/tb3_ws/install/turtlebot3_gazebo/share/turtlebot3_gazebo//models/turtlebot3_common/meshes/r200.dae
[9.936s] -- Installing: /home/robomaven/ws/tb3_ws/install/turtlebot3_gazebo/share/turtlebot3_gazebo//models/turtlebot3_common/meshes/burger_base.dae
[9.936s] -- Installing: /home/robomaven/ws/tb3_ws/install/turtlebot3_gazebo/share/turtlebot3_gazebo//models/turtlebot3_common/meshes/lds.dae
[9.936s] -- Installing: /home/robomaven/ws/tb3_ws/install/turtlebot3_gazebo/share/turtlebot3_gazebo//models/turtlebot3_common/meshes/waffle_pi_base.dae
[9.936s] -- Installing: /home/robomaven/ws/tb3_ws/install/turtlebot3_gazebo/share/turtlebot3_gazebo//models/turtlebot3_common/meshes/tire.dae
[9.937s] -- Installing: /home/robomaven/ws/tb3_ws/install/turtlebot3_gazebo/share/turtlebot3_gazebo//models/turtlebot3_common/model.config
[9.937s] -- Installing: /home/robomaven/ws/tb3_ws/install/turtlebot3_gazebo/share/turtlebot3_gazebo//models/turtlebot3_world
[9.937s] -- Installing: /home/robomaven/ws/tb3_ws/install/turtlebot3_gazebo/share/turtlebot3_gazebo//models/turtlebot3_world/meshes
[9.937s] -- Installing: /home/robomaven/ws/tb3_ws/install/turtlebot3_gazebo/share/turtlebot3_gazebo//models/turtlebot3_world/meshes/wall.dae
[9.937s] -- Installing: /home/robomaven/ws/tb3_ws/install/turtlebot3_gazebo/share/turtlebot3_gazebo//models/turtlebot3_world/meshes/hexagon.dae
[9.937s] -- Installing: /home/robomaven/ws/tb3_ws/install/turtlebot3_gazebo/share/turtlebot3_gazebo//models/turtlebot3_world/model.config
[9.937s] -- Installing: /home/robomaven/ws/tb3_ws/install/turtlebot3_gazebo/share/turtlebot3_gazebo//models/turtlebot3_world/model-1_4.sdf
[9.937s] -- Installing: /home/robomaven/ws/tb3_ws/install/turtlebot3_gazebo/share/turtlebot3_gazebo//models/turtlebot3_world/model.sdf
[9.937s] -- Installing: /home/robomaven/ws/tb3_ws/install/turtlebot3_gazebo/share/turtlebot3_gazebo//models/turtlebot3_house
[9.938s] -- Installing: /home/robomaven/ws/tb3_ws/install/turtlebot3_gazebo/share/turtlebot3_gazebo//models/turtlebot3_house/model.config
[9.938s] -- Installing: /home/robomaven/ws/tb3_ws/install/turtlebot3_gazebo/share/turtlebot3_gazebo//models/turtlebot3_house/model.sdf
[9.938s] -- Installing: /home/robomaven/ws/tb3_ws/install/turtlebot3_gazebo/share/turtlebot3_gazebo//models/turtlebot3_waffle
[9.938s] -- Installing: /home/robomaven/ws/tb3_ws/install/turtlebot3_gazebo/share/turtlebot3_gazebo//models/turtlebot3_waffle/model.config
[9.938s] -- Installing: /home/robomaven/ws/tb3_ws/install/turtlebot3_gazebo/share/turtlebot3_gazebo//models/turtlebot3_waffle/model-1_4.sdf
[9.938s] -- Installing: /home/robomaven/ws/tb3_ws/install/turtlebot3_gazebo/share/turtlebot3_gazebo//models/turtlebot3_waffle/model.sdf
[9.938s] -- Installing: /home/robomaven/ws/tb3_ws/install/turtlebot3_gazebo/share/turtlebot3_gazebo//models/turtlebot3_burger
[9.938s] -- Installing: /home/robomaven/ws/tb3_ws/install/turtlebot3_gazebo/share/turtlebot3_gazebo//models/turtlebot3_burger/model.config
[9.939s] -- Installing: /home/robomaven/ws/tb3_ws/install/turtlebot3_gazebo/share/turtlebot3_gazebo//models/turtlebot3_burger/model-1_4.sdf
[9.939s] -- Installing: /home/robomaven/ws/tb3_ws/install/turtlebot3_gazebo/share/turtlebot3_gazebo//models/turtlebot3_burger/model.sdf
[9.939s] -- Installing: /home/robomaven/ws/tb3_ws/install/turtlebot3_gazebo/share/turtlebot3_gazebo//rviz
[9.939s] -- Installing: /home/robomaven/ws/tb3_ws/install/turtlebot3_gazebo/share/turtlebot3_gazebo//rviz/tb3_gazebo.rviz
[9.939s] -- Installing: /home/robomaven/ws/tb3_ws/install/turtlebot3_gazebo/share/turtlebot3_gazebo//urdf
[9.939s] -- Installing: /home/robomaven/ws/tb3_ws/install/turtlebot3_gazebo/share/turtlebot3_gazebo//urdf/turtlebot3_waffle_pi.urdf
[9.939s] -- Installing: /home/robomaven/ws/tb3_ws/install/turtlebot3_gazebo/share/turtlebot3_gazebo//urdf/turtlebot3_waffle.urdf
[9.939s] -- Installing: /home/robomaven/ws/tb3_ws/install/turtlebot3_gazebo/share/turtlebot3_gazebo//urdf/turtlebot3_burger.urdf
[9.939s] -- Installing: /home/robomaven/ws/tb3_ws/install/turtlebot3_gazebo/share/turtlebot3_gazebo//urdf/common_properties.urdf
[9.940s] -- Installing: /home/robomaven/ws/tb3_ws/install/turtlebot3_gazebo/share/turtlebot3_gazebo//worlds
[9.940s] -- Installing: /home/robomaven/ws/tb3_ws/install/turtlebot3_gazebo/share/turtlebot3_gazebo//worlds/empty_world.world
[9.940s] -- Installing: /home/robomaven/ws/tb3_ws/install/turtlebot3_gazebo/share/turtlebot3_gazebo//worlds/turtlebot3_house.world
[9.940s] -- Installing: /home/robomaven/ws/tb3_ws/install/turtlebot3_gazebo/share/turtlebot3_gazebo//worlds/turtlebot3_dqn_stage4.world
[9.940s] -- Installing: /home/robomaven/ws/tb3_ws/install/turtlebot3_gazebo/share/turtlebot3_gazebo//worlds/turtlebot3_world.world
[9.940s] -- Installing: /home/robomaven/ws/tb3_ws/install/turtlebot3_gazebo/share/turtlebot3_gazebo//worlds/turtlebot3_dqn_stage3.world
[9.940s] -- Installing: /home/robomaven/ws/tb3_ws/install/turtlebot3_gazebo/share/turtlebot3_gazebo//worlds/turtlebot3_dqn_stage1.world
[9.940s] -- Installing: /home/robomaven/ws/tb3_ws/install/turtlebot3_gazebo/share/turtlebot3_gazebo//worlds/turtlebot3_dqn_stage2.world
[9.940s] -- Installing: /home/robomaven/ws/tb3_ws/install/turtlebot3_gazebo/include/
[9.941s] -- Installing: /home/robomaven/ws/tb3_ws/install/turtlebot3_gazebo/include//turtlebot3_gazebo
[9.941s] -- Installing: /home/robomaven/ws/tb3_ws/install/turtlebot3_gazebo/include//turtlebot3_gazebo/turtlebot3_drive.hpp
[9.941s] -- Installing: /home/robomaven/ws/tb3_ws/install/turtlebot3_gazebo/share/ament_index/resource_index/package_run_dependencies/turtlebot3_gazebo
[9.941s] -- Installing: /home/robomaven/ws/tb3_ws/install/turtlebot3_gazebo/share/ament_index/resource_index/parent_prefix_path/turtlebot3_gazebo
[9.941s] -- Installing: /home/robomaven/ws/tb3_ws/install/turtlebot3_gazebo/share/turtlebot3_gazebo/environment/ament_prefix_path.sh
[9.941s] -- Installing: /home/robomaven/ws/tb3_ws/install/turtlebot3_gazebo/share/turtlebot3_gazebo/environment/ament_prefix_path.dsv
[9.941s] -- Installing: /home/robomaven/ws/tb3_ws/install/turtlebot3_gazebo/share/turtlebot3_gazebo/environment/path.sh
[9.941s] -- Installing: /home/robomaven/ws/tb3_ws/install/turtlebot3_gazebo/share/turtlebot3_gazebo/environment/path.dsv
[9.941s] -- Installing: /home/robomaven/ws/tb3_ws/install/turtlebot3_gazebo/share/turtlebot3_gazebo/local_setup.bash
[9.941s] -- Installing: /home/robomaven/ws/tb3_ws/install/turtlebot3_gazebo/share/turtlebot3_gazebo/local_setup.sh
[9.941s] -- Installing: /home/robomaven/ws/tb3_ws/install/turtlebot3_gazebo/share/turtlebot3_gazebo/local_setup.zsh
[9.941s] -- Installing: /home/robomaven/ws/tb3_ws/install/turtlebot3_gazebo/share/turtlebot3_gazebo/local_setup.dsv
[9.941s] -- Installing: /home/robomaven/ws/tb3_ws/install/turtlebot3_gazebo/share/turtlebot3_gazebo/package.dsv
[9.941s] -- Installing: /home/robomaven/ws/tb3_ws/install/turtlebot3_gazebo/share/ament_index/resource_index/packages/turtlebot3_gazebo
[9.942s] -- Installing: /home/robomaven/ws/tb3_ws/install/turtlebot3_gazebo/share/turtlebot3_gazebo/cmake/ament_cmake_export_include_directories-extras.cmake
[9.942s] -- Installing: /home/robomaven/ws/tb3_ws/install/turtlebot3_gazebo/share/turtlebot3_gazebo/cmake/ament_cmake_export_dependencies-extras.cmake
[9.942s] -- Installing: /home/robomaven/ws/tb3_ws/install/turtlebot3_gazebo/share/turtlebot3_gazebo/cmake/turtlebot3_gazeboConfig.cmake
[9.942s] -- Installing: /home/robomaven/ws/tb3_ws/install/turtlebot3_gazebo/share/turtlebot3_gazebo/cmake/turtlebot3_gazeboConfig-version.cmake
[9.942s] -- Installing: /home/robomaven/ws/tb3_ws/install/turtlebot3_gazebo/share/turtlebot3_gazebo/package.xml
[9.943s] Invoked command in '/home/robomaven/ws/tb3_ws/build/turtlebot3_gazebo' returned '0': CMAKE_PREFIX_PATH=/opt/ros/humble /usr/bin/cmake --install /home/robomaven/ws/tb3_ws/build/turtlebot3_gazebo
