[0.365s] Invoking command in '/home/robomaven/activity1_ws/build/activity1_py_pkg': CMAKE_PREFIX_PATH=/home/robomaven/activity1_ws/install/activity1_interfaces:/home/robomaven/ros2_ws/install/my_cpp_pkg:/home/robomaven/ros2_ws/install/my_robot_interfaces:/home/robomaven/activity1_ws/install/activity1_cpp_pkg LD_LIBRARY_PATH=/home/robomaven/activity1_ws/install/activity1_interfaces/lib:/home/robomaven/ros2_ws/install/my_robot_interfaces/lib:/opt/ros/humble/opt/rviz_ogre_vendor/lib:/opt/ros/humble/lib/x86_64-linux-gnu:/opt/ros/humble/lib PYTHONPATH=/home/robomaven/activity1_ws/build/activity1_py_pkg/prefix_override:/home/robomaven/activity1_ws/install/activity1_py_pkg/lib/python3.10/site-packages:${PYTHONPATH} /usr/bin/python3 -W ignore:setup.py install is deprecated setup.py develop --editable --build-directory /home/robomaven/activity1_ws/build/activity1_py_pkg/build --no-deps symlink_data
[0.532s] running develop
[0.612s] running egg_info
[0.612s] writing activity1_py_pkg.egg-info/PKG-INFO
[0.612s] writing dependency_links to activity1_py_pkg.egg-info/dependency_links.txt
[0.612s] writing entry points to activity1_py_pkg.egg-info/entry_points.txt
[0.612s] writing requirements to activity1_py_pkg.egg-info/requires.txt
[0.612s] writing top-level names to activity1_py_pkg.egg-info/top_level.txt
[0.614s] reading manifest file 'activity1_py_pkg.egg-info/SOURCES.txt'
[0.614s] writing manifest file 'activity1_py_pkg.egg-info/SOURCES.txt'
[0.615s] running build_ext
[0.615s] Creating /home/robomaven/activity1_ws/install/activity1_py_pkg/lib/python3.10/site-packages/activity1-py-pkg.egg-link (link to .)
[0.615s] Installing battery script to /home/robomaven/activity1_ws/install/activity1_py_pkg/lib/activity1_py_pkg
[0.615s] Installing led_panel script to /home/robomaven/activity1_ws/install/activity1_py_pkg/lib/activity1_py_pkg
[0.615s] Installing number_counter script to /home/robomaven/activity1_ws/install/activity1_py_pkg/lib/activity1_py_pkg
[0.615s] Installing number_publisher script to /home/robomaven/activity1_ws/install/activity1_py_pkg/lib/activity1_py_pkg
[0.615s] Installing robot_news_station script to /home/robomaven/activity1_ws/install/activity1_py_pkg/lib/activity1_py_pkg
[0.615s] 
[0.615s] Installed /home/robomaven/activity1_ws/build/activity1_py_pkg
[0.615s] running symlink_data
[0.632s] Invoked command in '/home/robomaven/activity1_ws/build/activity1_py_pkg' returned '0': CMAKE_PREFIX_PATH=/home/robomaven/activity1_ws/install/activity1_interfaces:/home/robomaven/ros2_ws/install/my_cpp_pkg:/home/robomaven/ros2_ws/install/my_robot_interfaces:/home/robomaven/activity1_ws/install/activity1_cpp_pkg LD_LIBRARY_PATH=/home/robomaven/activity1_ws/install/activity1_interfaces/lib:/home/robomaven/ros2_ws/install/my_robot_interfaces/lib:/opt/ros/humble/opt/rviz_ogre_vendor/lib:/opt/ros/humble/lib/x86_64-linux-gnu:/opt/ros/humble/lib PYTHONPATH=/home/robomaven/activity1_ws/build/activity1_py_pkg/prefix_override:/home/robomaven/activity1_ws/install/activity1_py_pkg/lib/python3.10/site-packages:${PYTHONPATH} /usr/bin/python3 -W ignore:setup.py install is deprecated setup.py develop --editable --build-directory /home/robomaven/activity1_ws/build/activity1_py_pkg/build --no-deps symlink_data
