[0.013s] Invoking command in '/home/robomaven/activity1_ws/build/activity1_cpp_pkg': CMAKE_PREFIX_PATH=/home/robomaven/activity1_ws/install/activity1_interfaces:/home/robomaven/ros2_ws/install/my_cpp_pkg:/home/robomaven/ros2_ws/install/my_robot_interfaces:/home/robomaven/activity1_ws/install/activity1_cpp_pkg:/home/robomaven/ros2_ws/install/my_py_pkg:/home/robomaven/activity1_ws/install/activity1_py_pkg:/opt/ros/humble LD_LIBRARY_PATH=/home/robomaven/activity1_ws/install/activity1_interfaces/lib:/home/robomaven/ros2_ws/install/my_robot_interfaces/lib:/opt/ros/humble/opt/rviz_ogre_vendor/lib:/opt/ros/humble/lib/x86_64-linux-gnu:/opt/ros/humble/lib /usr/bin/cmake --build /home/robomaven/activity1_ws/build/activity1_cpp_pkg -- -j20 -l20
[0.045s] [35m[1mConsolidate compiler generated dependencies of target battery[0m
[0.046s] [35m[1mConsolidate compiler generated dependencies of target number_publisher[0m
[0.054s] [ 50%] Built target number_counter
[0.054s] [ 50%] Built target led_panel
[0.054s] [ 75%] Built target battery
[0.056s] [100%] Built target number_publisher
[0.179s] Invoked command in '/home/robomaven/activity1_ws/build/activity1_cpp_pkg' returned '0': CMAKE_PREFIX_PATH=/home/robomaven/activity1_ws/install/activity1_interfaces:/home/robomaven/ros2_ws/install/my_cpp_pkg:/home/robomaven/ros2_ws/install/my_robot_interfaces:/home/robomaven/activity1_ws/install/activity1_cpp_pkg:/home/robomaven/ros2_ws/install/my_py_pkg:/home/robomaven/activity1_ws/install/activity1_py_pkg:/opt/ros/humble LD_LIBRARY_PATH=/home/robomaven/activity1_ws/install/activity1_interfaces/lib:/home/robomaven/ros2_ws/install/my_robot_interfaces/lib:/opt/ros/humble/opt/rviz_ogre_vendor/lib:/opt/ros/humble/lib/x86_64-linux-gnu:/opt/ros/humble/lib /usr/bin/cmake --build /home/robomaven/activity1_ws/build/activity1_cpp_pkg -- -j20 -l20
[0.199s] Invoking command in '/home/robomaven/activity1_ws/build/activity1_cpp_pkg': CMAKE_PREFIX_PATH=/home/robomaven/activity1_ws/install/activity1_interfaces:/home/robomaven/ros2_ws/install/my_cpp_pkg:/home/robomaven/ros2_ws/install/my_robot_interfaces:/home/robomaven/activity1_ws/install/activity1_cpp_pkg:/home/robomaven/ros2_ws/install/my_py_pkg:/home/robomaven/activity1_ws/install/activity1_py_pkg:/opt/ros/humble LD_LIBRARY_PATH=/home/robomaven/activity1_ws/install/activity1_interfaces/lib:/home/robomaven/ros2_ws/install/my_robot_interfaces/lib:/opt/ros/humble/opt/rviz_ogre_vendor/lib:/opt/ros/humble/lib/x86_64-linux-gnu:/opt/ros/humble/lib /usr/bin/cmake --install /home/robomaven/activity1_ws/build/activity1_cpp_pkg
[0.204s] -- Install configuration: ""
[0.204s] -- Up-to-date: /home/robomaven/activity1_ws/install/activity1_cpp_pkg/lib/activity1_cpp_pkg/number_publisher
[0.204s] -- Up-to-date: /home/robomaven/activity1_ws/install/activity1_cpp_pkg/lib/activity1_cpp_pkg/number_counter
[0.204s] -- Up-to-date: /home/robomaven/activity1_ws/install/activity1_cpp_pkg/lib/activity1_cpp_pkg/led_panel
[0.204s] -- Up-to-date: /home/robomaven/activity1_ws/install/activity1_cpp_pkg/lib/activity1_cpp_pkg/battery
[0.204s] -- Up-to-date: /home/robomaven/activity1_ws/install/activity1_cpp_pkg/share/ament_index/resource_index/package_run_dependencies/activity1_cpp_pkg
[0.204s] -- Up-to-date: /home/robomaven/activity1_ws/install/activity1_cpp_pkg/share/ament_index/resource_index/parent_prefix_path/activity1_cpp_pkg
[0.205s] -- Up-to-date: /home/robomaven/activity1_ws/install/activity1_cpp_pkg/share/activity1_cpp_pkg/environment/ament_prefix_path.sh
[0.205s] -- Up-to-date: /home/robomaven/activity1_ws/install/activity1_cpp_pkg/share/activity1_cpp_pkg/environment/ament_prefix_path.dsv
[0.205s] -- Up-to-date: /home/robomaven/activity1_ws/install/activity1_cpp_pkg/share/activity1_cpp_pkg/environment/path.sh
[0.205s] -- Up-to-date: /home/robomaven/activity1_ws/install/activity1_cpp_pkg/share/activity1_cpp_pkg/environment/path.dsv
[0.205s] -- Up-to-date: /home/robomaven/activity1_ws/install/activity1_cpp_pkg/share/activity1_cpp_pkg/local_setup.bash
[0.205s] -- Up-to-date: /home/robomaven/activity1_ws/install/activity1_cpp_pkg/share/activity1_cpp_pkg/local_setup.sh
[0.205s] -- Up-to-date: /home/robomaven/activity1_ws/install/activity1_cpp_pkg/share/activity1_cpp_pkg/local_setup.zsh
[0.205s] -- Up-to-date: /home/robomaven/activity1_ws/install/activity1_cpp_pkg/share/activity1_cpp_pkg/local_setup.dsv
[0.205s] -- Installing: /home/robomaven/activity1_ws/install/activity1_cpp_pkg/share/activity1_cpp_pkg/package.dsv
[0.205s] -- Up-to-date: /home/robomaven/activity1_ws/install/activity1_cpp_pkg/share/ament_index/resource_index/packages/activity1_cpp_pkg
[0.205s] -- Up-to-date: /home/robomaven/activity1_ws/install/activity1_cpp_pkg/share/activity1_cpp_pkg/cmake/activity1_cpp_pkgConfig.cmake
[0.206s] -- Up-to-date: /home/robomaven/activity1_ws/install/activity1_cpp_pkg/share/activity1_cpp_pkg/cmake/activity1_cpp_pkgConfig-version.cmake
[0.206s] -- Up-to-date: /home/robomaven/activity1_ws/install/activity1_cpp_pkg/share/activity1_cpp_pkg/package.xml
[0.206s] Invoked command in '/home/robomaven/activity1_ws/build/activity1_cpp_pkg' returned '0': CMAKE_PREFIX_PATH=/home/robomaven/activity1_ws/install/activity1_interfaces:/home/robomaven/ros2_ws/install/my_cpp_pkg:/home/robomaven/ros2_ws/install/my_robot_interfaces:/home/robomaven/activity1_ws/install/activity1_cpp_pkg:/home/robomaven/ros2_ws/install/my_py_pkg:/home/robomaven/activity1_ws/install/activity1_py_pkg:/opt/ros/humble LD_LIBRARY_PATH=/home/robomaven/activity1_ws/install/activity1_interfaces/lib:/home/robomaven/ros2_ws/install/my_robot_interfaces/lib:/opt/ros/humble/opt/rviz_ogre_vendor/lib:/opt/ros/humble/lib/x86_64-linux-gnu:/opt/ros/humble/lib /usr/bin/cmake --install /home/robomaven/activity1_ws/build/activity1_cpp_pkg
