[0.227s] Invoking command in '/home/robomaven/ws/ws_moveit2/build/rosparam_shortcuts': CMAKE_PREFIX_PATH=${CMAKE_PREFIX_PATH}:/home/robomaven/ws/ws_moveit2/install/moveit_configs_utils:/home/robomaven/ws/ws_moveit2/install/launch_param_builder:/opt/ros/humble /usr/bin/cmake /home/robomaven/ws/ws_moveit2/rosparam_shortcuts -DCMAKE_BUILD_TYPE=Debug -DCMAKE_INSTALL_PREFIX=/home/robomaven/ws/ws_moveit2/install/rosparam_shortcuts
[0.242s] -- Found ament_cmake: 1.3.9 (/opt/ros/humble/share/ament_cmake/cmake)
[0.369s] -- Found eigen3_cmake_module: 0.1.1 (/opt/ros/humble/share/eigen3_cmake_module/cmake)
[0.369s] -- Found geometry_msgs: 4.2.4 (/opt/ros/humble/share/geometry_msgs/cmake)
[0.391s] -- Found rosidl_generator_c: 3.1.5 (/opt/ros/humble/share/rosidl_generator_c/cmake)
[0.393s] -- Found rosidl_adapter: 3.1.5 (/opt/ros/humble/share/rosidl_adapter/cmake)
[0.399s] -- Found rosidl_generator_cpp: 3.1.5 (/opt/ros/humble/share/rosidl_generator_cpp/cmake)
[0.409s] -- Using all available rosidl_typesupport_c: rosidl_typesupport_fastrtps_c;rosidl_typesupport_introspection_c
[0.421s] -- Using all available rosidl_typesupport_cpp: rosidl_typesupport_fastrtps_cpp;rosidl_typesupport_introspection_cpp
[0.510s] -- Found rclcpp: 16.0.9 (/opt/ros/humble/share/rclcpp/cmake)
[0.546s] -- Found rmw_implementation_cmake: 6.1.2 (/opt/ros/humble/share/rmw_implementation_cmake/cmake)
[0.548s] -- Found rmw_cyclonedds_cpp: 1.3.4 (/opt/ros/humble/share/rmw_cyclonedds_cpp/cmake)
[0.569s] -- Using RMW implementation 'rmw_cyclonedds_cpp' as default
[0.668s] -- Found tf2_eigen: 0.25.7 (/opt/ros/humble/share/tf2_eigen/cmake)
[0.951s] -- Found ament_lint_auto: 0.12.11 (/opt/ros/humble/share/ament_lint_auto/cmake)
[0.951s] -- Found ament_cmake_gtest: 1.3.9 (/opt/ros/humble/share/ament_cmake_gtest/cmake)
[0.952s] -- Found ros_testing: 0.4.0 (/opt/ros/humble/share/ros_testing/cmake)
[0.952s] -- Found launch_testing_ament_cmake: 1.0.6 (/opt/ros/humble/share/launch_testing_ament_cmake/cmake)
[0.953s] -- Found python_cmake_module: 0.10.0 (/opt/ros/humble/share/python_cmake_module/cmake)
[0.976s] -- Using PYTHON_EXECUTABLE: /usr/bin/python3
[0.976s] -- Using PYTHON_INCLUDE_DIRS: /usr/include/python3.10
[0.976s] -- Using PYTHON_LIBRARIES: /usr/lib/x86_64-linux-gnu/libpython3.10.so
[1.042s] -- Found gtest sources under '/opt/ros/humble/src/gtest_vendor': C++ tests using 'Google Test' will be built
[1.057s] -- Added test 'copyright' to check source files copyright and LICENSE
[1.060s] -- Added test 'lint_cmake' to check CMake code style
[1.060s] -- Added test 'pep257' to check Python code against some of the docstring style conventions in PEP 257
[1.061s] -- Added test 'xmllint' to check XML markup files
[1.063s] -- Configuring done
[1.096s] -- Generating done
[1.098s] -- Build files have been written to: /home/robomaven/ws/ws_moveit2/build/rosparam_shortcuts
[1.108s] Invoked command in '/home/robomaven/ws/ws_moveit2/build/rosparam_shortcuts' returned '0': CMAKE_PREFIX_PATH=${CMAKE_PREFIX_PATH}:/home/robomaven/ws/ws_moveit2/install/moveit_configs_utils:/home/robomaven/ws/ws_moveit2/install/launch_param_builder:/opt/ros/humble /usr/bin/cmake /home/robomaven/ws/ws_moveit2/rosparam_shortcuts -DCMAKE_BUILD_TYPE=Debug -DCMAKE_INSTALL_PREFIX=/home/robomaven/ws/ws_moveit2/install/rosparam_shortcuts
[1.109s] Invoking command in '/home/robomaven/ws/ws_moveit2/build/rosparam_shortcuts': CMAKE_PREFIX_PATH=${CMAKE_PREFIX_PATH}:/home/robomaven/ws/ws_moveit2/install/moveit_configs_utils:/home/robomaven/ws/ws_moveit2/install/launch_param_builder:/opt/ros/humble /usr/bin/cmake --build /home/robomaven/ws/ws_moveit2/build/rosparam_shortcuts -- -j20 -l20
[1.166s] [35m[1mConsolidate compiler generated dependencies of target rosparam_shortcuts[0m
[1.167s] [35m[1mConsolidate compiler generated dependencies of target gtest_main[0m
[1.168s] [35m[1mConsolidate compiler generated dependencies of target gtest[0m
[1.183s] [  7%] [32mBuilding CXX object gtest/CMakeFiles/gtest_main.dir/src/gtest_main.cc.o[0m
[1.185s] [ 15%] [32mBuilding CXX object gtest/CMakeFiles/gtest.dir/src/gtest-all.cc.o[0m
[1.198s] [ 23%] [32mBuilding CXX object CMakeFiles/rosparam_shortcuts.dir/src/node_parameters.cpp.o[0m
[1.200s] [ 30%] [32mBuilding CXX object CMakeFiles/rosparam_shortcuts.dir/src/rosparam_shortcuts.cpp.o[0m
[1.906s] [ 38%] [32m[1mLinking CXX static library libgtest_main.a[0m
[1.943s] [ 38%] Built target gtest_main
[4.801s] [ 46%] [32m[1mLinking CXX static library libgtest.a[0m
[5.045s] [ 46%] Built target gtest
[8.053s] [ 53%] [32m[1mLinking CXX shared library librosparam_shortcuts.so[0m
[8.205s] [ 53%] Built target rosparam_shortcuts
[8.219s] [35m[1mConsolidate compiler generated dependencies of target rosparam_shortcuts_example[0m
[8.219s] [35m[1mConsolidate compiler generated dependencies of target rosparam_shortcuts_node_parameters_example[0m
[8.219s] [35m[1mConsolidate compiler generated dependencies of target test_node_parameters[0m
[8.236s] [ 61%] [32mBuilding CXX object CMakeFiles/rosparam_shortcuts_example.dir/src/example.cpp.o[0m
[8.237s] [ 76%] [32mBuilding CXX object CMakeFiles/test_node_parameters.dir/test/test_node_parameters.cpp.o[0m
[8.237s] [ 76%] [32mBuilding CXX object CMakeFiles/rosparam_shortcuts_node_parameters_example.dir/src/node_parameters_example.cpp.o[0m
[12.294s] [ 84%] [32m[1mLinking CXX executable example[0m
[12.597s] [ 84%] Built target rosparam_shortcuts_example
[12.945s] [ 92%] [32m[1mLinking CXX executable node_parameters_example[0m
[13.083s] [ 92%] Built target rosparam_shortcuts_node_parameters_example
[13.492s] [100%] [32m[1mLinking CXX executable test_node_parameters[0m
[13.713s] [100%] Built target test_node_parameters
[13.725s] Invoked command in '/home/robomaven/ws/ws_moveit2/build/rosparam_shortcuts' returned '0': CMAKE_PREFIX_PATH=${CMAKE_PREFIX_PATH}:/home/robomaven/ws/ws_moveit2/install/moveit_configs_utils:/home/robomaven/ws/ws_moveit2/install/launch_param_builder:/opt/ros/humble /usr/bin/cmake --build /home/robomaven/ws/ws_moveit2/build/rosparam_shortcuts -- -j20 -l20
[13.775s] Invoking command in '/home/robomaven/ws/ws_moveit2/build/rosparam_shortcuts': CMAKE_PREFIX_PATH=${CMAKE_PREFIX_PATH}:/home/robomaven/ws/ws_moveit2/install/moveit_configs_utils:/home/robomaven/ws/ws_moveit2/install/launch_param_builder:/opt/ros/humble /usr/bin/cmake --install /home/robomaven/ws/ws_moveit2/build/rosparam_shortcuts
[13.784s] -- Install configuration: "Debug"
[13.784s] -- Installing: /home/robomaven/ws/ws_moveit2/install/rosparam_shortcuts/lib/librosparam_shortcuts.so
[13.788s] -- Set runtime path of "/home/robomaven/ws/ws_moveit2/install/rosparam_shortcuts/lib/librosparam_shortcuts.so" to ""
[13.788s] -- Installing: /home/robomaven/ws/ws_moveit2/install/rosparam_shortcuts/lib/rosparam_shortcuts/example
[13.789s] -- Set runtime path of "/home/robomaven/ws/ws_moveit2/install/rosparam_shortcuts/lib/rosparam_shortcuts/example" to ""
[13.789s] -- Installing: /home/robomaven/ws/ws_moveit2/install/rosparam_shortcuts/lib/rosparam_shortcuts/node_parameters_example
[13.791s] -- Set runtime path of "/home/robomaven/ws/ws_moveit2/install/rosparam_shortcuts/lib/rosparam_shortcuts/node_parameters_example" to ""
[13.791s] -- Up-to-date: /home/robomaven/ws/ws_moveit2/install/rosparam_shortcuts/include
[13.791s] -- Up-to-date: /home/robomaven/ws/ws_moveit2/install/rosparam_shortcuts/include/rosparam_shortcuts
[13.791s] -- Up-to-date: /home/robomaven/ws/ws_moveit2/install/rosparam_shortcuts/include/rosparam_shortcuts/rosparam_shortcuts.h
[13.791s] -- Up-to-date: /home/robomaven/ws/ws_moveit2/install/rosparam_shortcuts/include/rosparam_shortcuts/node_parameters.h
[13.791s] -- Up-to-date: /home/robomaven/ws/ws_moveit2/install/rosparam_shortcuts/share/rosparam_shortcuts/launch
[13.791s] -- Up-to-date: /home/robomaven/ws/ws_moveit2/install/rosparam_shortcuts/share/rosparam_shortcuts/launch/example.launch.py
[13.792s] -- Up-to-date: /home/robomaven/ws/ws_moveit2/install/rosparam_shortcuts/share/rosparam_shortcuts/config
[13.792s] -- Up-to-date: /home/robomaven/ws/ws_moveit2/install/rosparam_shortcuts/share/rosparam_shortcuts/config/example.yaml
[13.792s] -- Up-to-date: /home/robomaven/ws/ws_moveit2/install/rosparam_shortcuts/share/rosparam_shortcuts/environment/library_path.sh
[13.792s] -- Installing: /home/robomaven/ws/ws_moveit2/install/rosparam_shortcuts/share/rosparam_shortcuts/environment/library_path.dsv
[13.792s] -- Up-to-date: /home/robomaven/ws/ws_moveit2/install/rosparam_shortcuts/share/ament_index/resource_index/package_run_dependencies/rosparam_shortcuts
[13.792s] -- Installing: /home/robomaven/ws/ws_moveit2/install/rosparam_shortcuts/share/ament_index/resource_index/parent_prefix_path/rosparam_shortcuts
[13.792s] -- Up-to-date: /home/robomaven/ws/ws_moveit2/install/rosparam_shortcuts/share/rosparam_shortcuts/environment/ament_prefix_path.sh
[13.792s] -- Installing: /home/robomaven/ws/ws_moveit2/install/rosparam_shortcuts/share/rosparam_shortcuts/environment/ament_prefix_path.dsv
[13.792s] -- Up-to-date: /home/robomaven/ws/ws_moveit2/install/rosparam_shortcuts/share/rosparam_shortcuts/environment/path.sh
[13.792s] -- Installing: /home/robomaven/ws/ws_moveit2/install/rosparam_shortcuts/share/rosparam_shortcuts/environment/path.dsv
[13.792s] -- Up-to-date: /home/robomaven/ws/ws_moveit2/install/rosparam_shortcuts/share/rosparam_shortcuts/local_setup.bash
[13.793s] -- Up-to-date: /home/robomaven/ws/ws_moveit2/install/rosparam_shortcuts/share/rosparam_shortcuts/local_setup.sh
[13.793s] -- Up-to-date: /home/robomaven/ws/ws_moveit2/install/rosparam_shortcuts/share/rosparam_shortcuts/local_setup.zsh
[13.793s] -- Installing: /home/robomaven/ws/ws_moveit2/install/rosparam_shortcuts/share/rosparam_shortcuts/local_setup.dsv
[13.793s] -- Installing: /home/robomaven/ws/ws_moveit2/install/rosparam_shortcuts/share/rosparam_shortcuts/package.dsv
[13.793s] -- Up-to-date: /home/robomaven/ws/ws_moveit2/install/rosparam_shortcuts/share/ament_index/resource_index/packages/rosparam_shortcuts
[13.793s] -- Up-to-date: /home/robomaven/ws/ws_moveit2/install/rosparam_shortcuts/share/rosparam_shortcuts/cmake/export_rosparam_shortcutsExport.cmake
[13.793s] -- Installing: /home/robomaven/ws/ws_moveit2/install/rosparam_shortcuts/share/rosparam_shortcuts/cmake/export_rosparam_shortcutsExport-debug.cmake
[13.793s] -- Up-to-date: /home/robomaven/ws/ws_moveit2/install/rosparam_shortcuts/share/rosparam_shortcuts/cmake/ament_cmake_export_targets-extras.cmake
[13.795s] -- Up-to-date: /home/robomaven/ws/ws_moveit2/install/rosparam_shortcuts/share/rosparam_shortcuts/cmake/ament_cmake_export_dependencies-extras.cmake
[13.795s] -- Up-to-date: /home/robomaven/ws/ws_moveit2/install/rosparam_shortcuts/share/rosparam_shortcuts/cmake/rosparam_shortcutsConfig.cmake
[13.795s] -- Up-to-date: /home/robomaven/ws/ws_moveit2/install/rosparam_shortcuts/share/rosparam_shortcuts/cmake/rosparam_shortcutsConfig-version.cmake
[13.795s] -- Up-to-date: /home/robomaven/ws/ws_moveit2/install/rosparam_shortcuts/share/rosparam_shortcuts/package.xml
[13.796s] Invoked command in '/home/robomaven/ws/ws_moveit2/build/rosparam_shortcuts' returned '0': CMAKE_PREFIX_PATH=${CMAKE_PREFIX_PATH}:/home/robomaven/ws/ws_moveit2/install/moveit_configs_utils:/home/robomaven/ws/ws_moveit2/install/launch_param_builder:/opt/ros/humble /usr/bin/cmake --install /home/robomaven/ws/ws_moveit2/build/rosparam_shortcuts
