[0.007s] Invoking command in '/home/robomaven/ws/ros2_ws3/build/my_robot_interfaces': CMAKE_PREFIX_PATH=${CMAKE_PREFIX_PATH}:/home/robomaven/ws/ros2_ws3/install/actions_py:/home/robomaven/ws/ros2_ws3/install/lifecycle_py:/home/robomaven/ws/ros2_ws3/install/executors_py:/home/robomaven/ws/ros2_ws3/install/components_py:/opt/ros/humble /usr/bin/cmake --build /home/robomaven/ws/ros2_ws3/build/my_robot_interfaces -- -j20 -l20
[0.024s] -- Found ament_cmake: 1.3.9 (/opt/ros/humble/share/ament_cmake/cmake)
[0.119s] -- Found rosidl_default_generators: 1.2.0 (/opt/ros/humble/share/rosidl_default_generators/cmake)
[0.121s] -- Using all available rosidl_typesupport_c: rosidl_typesupport_fastrtps_c;rosidl_typesupport_introspection_c
[0.122s] -- Found rosidl_adapter: 3.1.5 (/opt/ros/humble/share/rosidl_adapter/cmake)
[0.144s] -- Using all available rosidl_typesupport_cpp: rosidl_typesupport_fastrtps_cpp;rosidl_typesupport_introspection_cpp
[0.395s] -- Found ament_cmake_ros: 0.10.0 (/opt/ros/humble/share/ament_cmake_ros/cmake)
[0.530s] -- Using all available rosidl_typesupport_c: rosidl_typesupport_fastrtps_c;rosidl_typesupport_introspection_c
[0.713s] -- Using all available rosidl_typesupport_cpp: rosidl_typesupport_fastrtps_cpp;rosidl_typesupport_introspection_cpp
[0.730s] -- Found python_cmake_module: 0.10.0 (/opt/ros/humble/share/python_cmake_module/cmake)
[0.746s] -- Using PYTHON_EXECUTABLE: /usr/bin/python3
[0.746s] -- Using PYTHON_INCLUDE_DIRS: /usr/include/python3.10
[0.746s] -- Using PYTHON_LIBRARIES: /usr/lib/x86_64-linux-gnu/libpython3.10.so
[0.764s] -- Configuring done
[0.782s] -- Generating done
[0.783s] -- Build files have been written to: /home/robomaven/ws/ros2_ws3/build/my_robot_interfaces
[0.799s] [  2%] [34m[1mGenerating C code for ROS interfaces[0m
[0.805s] [  5%] [34m[1mGenerating C++ code for ROS interfaces[0m
[0.812s] [  5%] Built target ament_cmake_python_copy_my_robot_interfaces
[0.972s] running egg_info
[0.972s] writing my_robot_interfaces.egg-info/PKG-INFO
[0.972s] writing dependency_links to my_robot_interfaces.egg-info/dependency_links.txt
[0.972s] writing top-level names to my_robot_interfaces.egg-info/top_level.txt
[0.973s] reading manifest file 'my_robot_interfaces.egg-info/SOURCES.txt'
[0.974s] writing manifest file 'my_robot_interfaces.egg-info/SOURCES.txt'
[0.989s] [  5%] Built target ament_cmake_python_build_my_robot_interfaces_egg
[1.201s] [35m[1mConsolidate compiler generated dependencies of target my_robot_interfaces__rosidl_generator_c[0m
[1.205s] [  5%] Built target my_robot_interfaces__cpp
[1.208s] [  7%] [32mBuilding C object CMakeFiles/my_robot_interfaces__rosidl_generator_c.dir/rosidl_generator_c/my_robot_interfaces/action/detail/count_until__functions.c.o[0m
[1.208s] [ 10%] [32mBuilding C object CMakeFiles/my_robot_interfaces__rosidl_generator_c.dir/rosidl_generator_c/my_robot_interfaces/action/detail/move_robot__functions.c.o[0m
[1.211s] [ 12%] [34m[1mGenerating C++ type support dispatch for ROS interfaces[0m
[1.211s] [ 15%] [34m[1mGenerating C++ type support for eProsima Fast-RTPS[0m
[1.211s] [ 17%] [34m[1mGenerating C++ introspection for ROS interfaces[0m
[1.296s] [ 20%] [32m[1mLinking C shared library libmy_robot_interfaces__rosidl_generator_c.so[0m
[1.319s] [ 20%] Built target my_robot_interfaces__rosidl_generator_c
[1.326s] [ 28%] [34m[1mGenerating C type support for eProsima Fast-RTPS[0m
[1.326s] [ 28%] [34m[1mGenerating C introspection for ROS interfaces[0m
[1.326s] [ 28%] [34m[1mGenerating C type support dispatch for ROS interfaces[0m
[1.449s] [35m[1mConsolidate compiler generated dependencies of target my_robot_interfaces__rosidl_typesupport_cpp[0m
[1.457s] [ 30%] [32mBuilding CXX object CMakeFiles/my_robot_interfaces__rosidl_typesupport_cpp.dir/rosidl_typesupport_cpp/my_robot_interfaces/action/count_until__type_support.cpp.o[0m
[1.461s] [ 33%] [32mBuilding CXX object CMakeFiles/my_robot_interfaces__rosidl_typesupport_cpp.dir/rosidl_typesupport_cpp/my_robot_interfaces/action/move_robot__type_support.cpp.o[0m
[1.504s] [35m[1mConsolidate compiler generated dependencies of target my_robot_interfaces__rosidl_typesupport_introspection_cpp[0m
[1.513s] [ 35%] [32mBuilding CXX object CMakeFiles/my_robot_interfaces__rosidl_typesupport_introspection_cpp.dir/rosidl_typesupport_introspection_cpp/my_robot_interfaces/action/detail/count_until__type_support.cpp.o[0m
[1.517s] [ 38%] [32mBuilding CXX object CMakeFiles/my_robot_interfaces__rosidl_typesupport_introspection_cpp.dir/rosidl_typesupport_introspection_cpp/my_robot_interfaces/action/detail/move_robot__type_support.cpp.o[0m
[1.567s] [35m[1mConsolidate compiler generated dependencies of target my_robot_interfaces__rosidl_typesupport_c[0m
[1.570s] [35m[1mConsolidate compiler generated dependencies of target my_robot_interfaces__rosidl_typesupport_fastrtps_cpp[0m
[1.579s] [ 41%] [32mBuilding CXX object CMakeFiles/my_robot_interfaces__rosidl_typesupport_fastrtps_cpp.dir/rosidl_typesupport_fastrtps_cpp/my_robot_interfaces/action/detail/dds_fastrtps/count_until__type_support.cpp.o[0m
[1.579s] [ 46%] [32mBuilding CXX object CMakeFiles/my_robot_interfaces__rosidl_typesupport_c.dir/rosidl_typesupport_c/my_robot_interfaces/action/move_robot__type_support.cpp.o[0m
[1.579s] [ 46%] [32mBuilding CXX object CMakeFiles/my_robot_interfaces__rosidl_typesupport_c.dir/rosidl_typesupport_c/my_robot_interfaces/action/count_until__type_support.cpp.o[0m
[1.585s] [ 48%] [32mBuilding CXX object CMakeFiles/my_robot_interfaces__rosidl_typesupport_fastrtps_cpp.dir/rosidl_typesupport_fastrtps_cpp/my_robot_interfaces/action/detail/dds_fastrtps/move_robot__type_support.cpp.o[0m
[1.631s] [ 51%] [32m[1mLinking CXX shared library libmy_robot_interfaces__rosidl_typesupport_c.so[0m
[1.677s] [ 51%] Built target my_robot_interfaces__rosidl_typesupport_c
[1.680s] [35m[1mConsolidate compiler generated dependencies of target my_robot_interfaces__rosidl_typesupport_fastrtps_c[0m
[1.690s] [ 53%] [32mBuilding CXX object CMakeFiles/my_robot_interfaces__rosidl_typesupport_fastrtps_c.dir/rosidl_typesupport_fastrtps_c/my_robot_interfaces/action/detail/count_until__type_support_c.cpp.o[0m
[1.693s] [ 56%] [32mBuilding CXX object CMakeFiles/my_robot_interfaces__rosidl_typesupport_fastrtps_c.dir/rosidl_typesupport_fastrtps_c/my_robot_interfaces/action/detail/move_robot__type_support_c.cpp.o[0m
[1.759s] [ 58%] [32m[1mLinking CXX shared library libmy_robot_interfaces__rosidl_typesupport_cpp.so[0m
[1.777s] [35m[1mConsolidate compiler generated dependencies of target my_robot_interfaces__rosidl_typesupport_introspection_c[0m
[1.791s] [ 64%] [32mBuilding C object CMakeFiles/my_robot_interfaces__rosidl_typesupport_introspection_c.dir/rosidl_typesupport_introspection_c/my_robot_interfaces/action/detail/move_robot__type_support.c.o[0m
[1.791s] [ 64%] [32mBuilding C object CMakeFiles/my_robot_interfaces__rosidl_typesupport_introspection_c.dir/rosidl_typesupport_introspection_c/my_robot_interfaces/action/detail/count_until__type_support.c.o[0m
[1.805s] [ 64%] Built target my_robot_interfaces__rosidl_typesupport_cpp
[1.845s] [ 66%] [32m[1mLinking C shared library libmy_robot_interfaces__rosidl_typesupport_introspection_c.so[0m
[1.878s] [ 66%] Built target my_robot_interfaces__rosidl_typesupport_introspection_c
[1.905s] [ 69%] [32m[1mLinking CXX shared library libmy_robot_interfaces__rosidl_typesupport_introspection_cpp.so[0m
[1.956s] [ 69%] Built target my_robot_interfaces__rosidl_typesupport_introspection_cpp
[1.957s] [ 71%] [32m[1mLinking CXX shared library libmy_robot_interfaces__rosidl_typesupport_fastrtps_c.so[0m
[1.996s] [ 74%] [32m[1mLinking CXX shared library libmy_robot_interfaces__rosidl_typesupport_fastrtps_cpp.so[0m
[2.004s] [ 74%] Built target my_robot_interfaces__rosidl_typesupport_fastrtps_c
[2.044s] [ 74%] Built target my_robot_interfaces__rosidl_typesupport_fastrtps_cpp
[2.061s] [ 74%] Built target my_robot_interfaces
[2.082s] [ 76%] [34m[1mGenerating Python code for ROS interfaces[0m
[2.812s] [ 76%] Built target my_robot_interfaces__py
[2.818s] [35m[1mConsolidate compiler generated dependencies of target my_robot_interfaces__rosidl_generator_py[0m
[2.826s] [ 79%] [32mBuilding C object CMakeFiles/my_robot_interfaces__rosidl_generator_py.dir/rosidl_generator_py/my_robot_interfaces/action/_count_until_s.c.o[0m
[2.826s] [ 82%] [32mBuilding C object CMakeFiles/my_robot_interfaces__rosidl_generator_py.dir/rosidl_generator_py/my_robot_interfaces/action/_move_robot_s.c.o[0m
[2.913s] [ 84%] [32m[1mLinking C shared library rosidl_generator_py/my_robot_interfaces/libmy_robot_interfaces__rosidl_generator_py.so[0m
[2.940s] [ 84%] Built target my_robot_interfaces__rosidl_generator_py
[2.947s] [35m[1mConsolidate compiler generated dependencies of target my_robot_interfaces__rosidl_typesupport_fastrtps_c__pyext[0m
[2.948s] [35m[1mConsolidate compiler generated dependencies of target my_robot_interfaces__rosidl_typesupport_introspection_c__pyext[0m
[2.948s] [35m[1mConsolidate compiler generated dependencies of target my_robot_interfaces__rosidl_typesupport_c__pyext[0m
[2.956s] [ 87%] [32mBuilding C object CMakeFiles/my_robot_interfaces__rosidl_typesupport_introspection_c__pyext.dir/rosidl_generator_py/my_robot_interfaces/_my_robot_interfaces_s.ep.rosidl_typesupport_introspection_c.c.o[0m
[2.956s] [ 89%] [32mBuilding C object CMakeFiles/my_robot_interfaces__rosidl_typesupport_fastrtps_c__pyext.dir/rosidl_generator_py/my_robot_interfaces/_my_robot_interfaces_s.ep.rosidl_typesupport_fastrtps_c.c.o[0m
[2.956s] [ 92%] [32mBuilding C object CMakeFiles/my_robot_interfaces__rosidl_typesupport_c__pyext.dir/rosidl_generator_py/my_robot_interfaces/_my_robot_interfaces_s.ep.rosidl_typesupport_c.c.o[0m
[3.045s] [ 97%] [32m[1mLinking C shared library rosidl_generator_py/my_robot_interfaces/my_robot_interfaces_s__rosidl_typesupport_c.cpython-310-x86_64-linux-gnu.so[0m
[3.045s] [ 97%] [32m[1mLinking C shared library rosidl_generator_py/my_robot_interfaces/my_robot_interfaces_s__rosidl_typesupport_introspection_c.cpython-310-x86_64-linux-gnu.so[0m
[3.045s] [100%] [32m[1mLinking C shared library rosidl_generator_py/my_robot_interfaces/my_robot_interfaces_s__rosidl_typesupport_fastrtps_c.cpython-310-x86_64-linux-gnu.so[0m
[3.071s] [100%] Built target my_robot_interfaces__rosidl_typesupport_fastrtps_c__pyext
[3.071s] [100%] Built target my_robot_interfaces__rosidl_typesupport_c__pyext
[3.071s] [100%] Built target my_robot_interfaces__rosidl_typesupport_introspection_c__pyext
[3.079s] Invoked command in '/home/robomaven/ws/ros2_ws3/build/my_robot_interfaces' returned '0': CMAKE_PREFIX_PATH=${CMAKE_PREFIX_PATH}:/home/robomaven/ws/ros2_ws3/install/actions_py:/home/robomaven/ws/ros2_ws3/install/lifecycle_py:/home/robomaven/ws/ros2_ws3/install/executors_py:/home/robomaven/ws/ros2_ws3/install/components_py:/opt/ros/humble /usr/bin/cmake --build /home/robomaven/ws/ros2_ws3/build/my_robot_interfaces -- -j20 -l20
[3.165s] Invoking command in '/home/robomaven/ws/ros2_ws3/build/my_robot_interfaces': CMAKE_PREFIX_PATH=${CMAKE_PREFIX_PATH}:/home/robomaven/ws/ros2_ws3/install/actions_py:/home/robomaven/ws/ros2_ws3/install/lifecycle_py:/home/robomaven/ws/ros2_ws3/install/executors_py:/home/robomaven/ws/ros2_ws3/install/components_py:/opt/ros/humble /usr/bin/cmake --install /home/robomaven/ws/ros2_ws3/build/my_robot_interfaces
[3.173s] -- Install configuration: ""
[3.173s] -- Up-to-date: /home/robomaven/ws/ros2_ws3/install/my_robot_interfaces/share/ament_index/resource_index/rosidl_interfaces/my_robot_interfaces
[3.173s] -- Up-to-date: /home/robomaven/ws/ros2_ws3/install/my_robot_interfaces/include/my_robot_interfaces/my_robot_interfaces
[3.173s] -- Up-to-date: /home/robomaven/ws/ros2_ws3/install/my_robot_interfaces/include/my_robot_interfaces/my_robot_interfaces/msg
[3.173s] -- Up-to-date: /home/robomaven/ws/ros2_ws3/install/my_robot_interfaces/include/my_robot_interfaces/my_robot_interfaces/msg/rosidl_generator_c__visibility_control.h
[3.173s] -- Up-to-date: /home/robomaven/ws/ros2_ws3/install/my_robot_interfaces/include/my_robot_interfaces/my_robot_interfaces/action
[3.173s] -- Up-to-date: /home/robomaven/ws/ros2_ws3/install/my_robot_interfaces/include/my_robot_interfaces/my_robot_interfaces/action/detail
[3.174s] -- Installing: /home/robomaven/ws/ros2_ws3/install/my_robot_interfaces/include/my_robot_interfaces/my_robot_interfaces/action/detail/move_robot__functions.h
[3.174s] -- Installing: /home/robomaven/ws/ros2_ws3/install/my_robot_interfaces/include/my_robot_interfaces/my_robot_interfaces/action/detail/move_robot__type_support.h
[3.174s] -- Installing: /home/robomaven/ws/ros2_ws3/install/my_robot_interfaces/include/my_robot_interfaces/my_robot_interfaces/action/detail/count_until__functions.h
[3.174s] -- Installing: /home/robomaven/ws/ros2_ws3/install/my_robot_interfaces/include/my_robot_interfaces/my_robot_interfaces/action/detail/move_robot__struct.h
[3.174s] -- Installing: /home/robomaven/ws/ros2_ws3/install/my_robot_interfaces/include/my_robot_interfaces/my_robot_interfaces/action/detail/count_until__type_support.h
[3.174s] -- Installing: /home/robomaven/ws/ros2_ws3/install/my_robot_interfaces/include/my_robot_interfaces/my_robot_interfaces/action/detail/count_until__struct.h
[3.174s] -- Installing: /home/robomaven/ws/ros2_ws3/install/my_robot_interfaces/include/my_robot_interfaces/my_robot_interfaces/action/detail/count_until__functions.c
[3.175s] -- Installing: /home/robomaven/ws/ros2_ws3/install/my_robot_interfaces/include/my_robot_interfaces/my_robot_interfaces/action/detail/move_robot__functions.c
[3.175s] -- Installing: /home/robomaven/ws/ros2_ws3/install/my_robot_interfaces/include/my_robot_interfaces/my_robot_interfaces/action/count_until.h
[3.175s] -- Installing: /home/robomaven/ws/ros2_ws3/install/my_robot_interfaces/include/my_robot_interfaces/my_robot_interfaces/action/move_robot.h
[3.175s] -- Up-to-date: /home/robomaven/ws/ros2_ws3/install/my_robot_interfaces/share/my_robot_interfaces/environment/library_path.sh
[3.175s] -- Installing: /home/robomaven/ws/ros2_ws3/install/my_robot_interfaces/share/my_robot_interfaces/environment/library_path.dsv
[3.175s] -- Installing: /home/robomaven/ws/ros2_ws3/install/my_robot_interfaces/lib/libmy_robot_interfaces__rosidl_generator_c.so
[3.176s] -- Set runtime path of "/home/robomaven/ws/ros2_ws3/install/my_robot_interfaces/lib/libmy_robot_interfaces__rosidl_generator_c.so" to ""
[3.176s] -- Up-to-date: /home/robomaven/ws/ros2_ws3/install/my_robot_interfaces/include/my_robot_interfaces/my_robot_interfaces
[3.176s] -- Up-to-date: /home/robomaven/ws/ros2_ws3/install/my_robot_interfaces/include/my_robot_interfaces/my_robot_interfaces/msg
[3.177s] -- Up-to-date: /home/robomaven/ws/ros2_ws3/install/my_robot_interfaces/include/my_robot_interfaces/my_robot_interfaces/msg/rosidl_typesupport_fastrtps_c__visibility_control.h
[3.177s] -- Up-to-date: /home/robomaven/ws/ros2_ws3/install/my_robot_interfaces/include/my_robot_interfaces/my_robot_interfaces/action
[3.177s] -- Up-to-date: /home/robomaven/ws/ros2_ws3/install/my_robot_interfaces/include/my_robot_interfaces/my_robot_interfaces/action/detail
[3.177s] -- Installing: /home/robomaven/ws/ros2_ws3/install/my_robot_interfaces/include/my_robot_interfaces/my_robot_interfaces/action/detail/move_robot__rosidl_typesupport_fastrtps_c.h
[3.177s] -- Installing: /home/robomaven/ws/ros2_ws3/install/my_robot_interfaces/include/my_robot_interfaces/my_robot_interfaces/action/detail/count_until__rosidl_typesupport_fastrtps_c.h
[3.177s] -- Installing: /home/robomaven/ws/ros2_ws3/install/my_robot_interfaces/lib/libmy_robot_interfaces__rosidl_typesupport_fastrtps_c.so
[3.177s] -- Set runtime path of "/home/robomaven/ws/ros2_ws3/install/my_robot_interfaces/lib/libmy_robot_interfaces__rosidl_typesupport_fastrtps_c.so" to ""
[3.177s] -- Up-to-date: /home/robomaven/ws/ros2_ws3/install/my_robot_interfaces/include/my_robot_interfaces/my_robot_interfaces
[3.178s] -- Up-to-date: /home/robomaven/ws/ros2_ws3/install/my_robot_interfaces/include/my_robot_interfaces/my_robot_interfaces/msg
[3.178s] -- Up-to-date: /home/robomaven/ws/ros2_ws3/install/my_robot_interfaces/include/my_robot_interfaces/my_robot_interfaces/msg/rosidl_typesupport_introspection_c__visibility_control.h
[3.178s] -- Up-to-date: /home/robomaven/ws/ros2_ws3/install/my_robot_interfaces/include/my_robot_interfaces/my_robot_interfaces/action
[3.178s] -- Up-to-date: /home/robomaven/ws/ros2_ws3/install/my_robot_interfaces/include/my_robot_interfaces/my_robot_interfaces/action/detail
[3.178s] -- Installing: /home/robomaven/ws/ros2_ws3/install/my_robot_interfaces/include/my_robot_interfaces/my_robot_interfaces/action/detail/count_until__rosidl_typesupport_introspection_c.h
[3.178s] -- Installing: /home/robomaven/ws/ros2_ws3/install/my_robot_interfaces/include/my_robot_interfaces/my_robot_interfaces/action/detail/move_robot__type_support.c
[3.178s] -- Installing: /home/robomaven/ws/ros2_ws3/install/my_robot_interfaces/include/my_robot_interfaces/my_robot_interfaces/action/detail/move_robot__rosidl_typesupport_introspection_c.h
[3.178s] -- Installing: /home/robomaven/ws/ros2_ws3/install/my_robot_interfaces/include/my_robot_interfaces/my_robot_interfaces/action/detail/count_until__type_support.c
[3.179s] -- Installing: /home/robomaven/ws/ros2_ws3/install/my_robot_interfaces/lib/libmy_robot_interfaces__rosidl_typesupport_introspection_c.so
[3.179s] -- Set runtime path of "/home/robomaven/ws/ros2_ws3/install/my_robot_interfaces/lib/libmy_robot_interfaces__rosidl_typesupport_introspection_c.so" to ""
[3.179s] -- Installing: /home/robomaven/ws/ros2_ws3/install/my_robot_interfaces/lib/libmy_robot_interfaces__rosidl_typesupport_c.so
[3.179s] -- Set runtime path of "/home/robomaven/ws/ros2_ws3/install/my_robot_interfaces/lib/libmy_robot_interfaces__rosidl_typesupport_c.so" to ""
[3.179s] -- Up-to-date: /home/robomaven/ws/ros2_ws3/install/my_robot_interfaces/include/my_robot_interfaces/my_robot_interfaces
[3.179s] -- Up-to-date: /home/robomaven/ws/ros2_ws3/install/my_robot_interfaces/include/my_robot_interfaces/my_robot_interfaces/action
[3.179s] -- Installing: /home/robomaven/ws/ros2_ws3/install/my_robot_interfaces/include/my_robot_interfaces/my_robot_interfaces/action/move_robot.hpp
[3.179s] -- Installing: /home/robomaven/ws/ros2_ws3/install/my_robot_interfaces/include/my_robot_interfaces/my_robot_interfaces/action/count_until.hpp
[3.180s] -- Up-to-date: /home/robomaven/ws/ros2_ws3/install/my_robot_interfaces/include/my_robot_interfaces/my_robot_interfaces/action/detail
[3.180s] -- Installing: /home/robomaven/ws/ros2_ws3/install/my_robot_interfaces/include/my_robot_interfaces/my_robot_interfaces/action/detail/count_until__struct.hpp
[3.180s] -- Installing: /home/robomaven/ws/ros2_ws3/install/my_robot_interfaces/include/my_robot_interfaces/my_robot_interfaces/action/detail/count_until__builder.hpp
[3.180s] -- Installing: /home/robomaven/ws/ros2_ws3/install/my_robot_interfaces/include/my_robot_interfaces/my_robot_interfaces/action/detail/move_robot__builder.hpp
[3.180s] -- Installing: /home/robomaven/ws/ros2_ws3/install/my_robot_interfaces/include/my_robot_interfaces/my_robot_interfaces/action/detail/move_robot__traits.hpp
[3.180s] -- Installing: /home/robomaven/ws/ros2_ws3/install/my_robot_interfaces/include/my_robot_interfaces/my_robot_interfaces/action/detail/count_until__traits.hpp
[3.180s] -- Installing: /home/robomaven/ws/ros2_ws3/install/my_robot_interfaces/include/my_robot_interfaces/my_robot_interfaces/action/detail/move_robot__struct.hpp
[3.180s] -- Up-to-date: /home/robomaven/ws/ros2_ws3/install/my_robot_interfaces/include/my_robot_interfaces/my_robot_interfaces
[3.180s] -- Up-to-date: /home/robomaven/ws/ros2_ws3/install/my_robot_interfaces/include/my_robot_interfaces/my_robot_interfaces/msg
[3.180s] -- Up-to-date: /home/robomaven/ws/ros2_ws3/install/my_robot_interfaces/include/my_robot_interfaces/my_robot_interfaces/msg/rosidl_typesupport_fastrtps_cpp__visibility_control.h
[3.180s] -- Up-to-date: /home/robomaven/ws/ros2_ws3/install/my_robot_interfaces/include/my_robot_interfaces/my_robot_interfaces/action
[3.181s] -- Up-to-date: /home/robomaven/ws/ros2_ws3/install/my_robot_interfaces/include/my_robot_interfaces/my_robot_interfaces/action/detail
[3.181s] -- Up-to-date: /home/robomaven/ws/ros2_ws3/install/my_robot_interfaces/include/my_robot_interfaces/my_robot_interfaces/action/detail/dds_fastrtps
[3.181s] -- Installing: /home/robomaven/ws/ros2_ws3/install/my_robot_interfaces/include/my_robot_interfaces/my_robot_interfaces/action/detail/count_until__rosidl_typesupport_fastrtps_cpp.hpp
[3.181s] -- Installing: /home/robomaven/ws/ros2_ws3/install/my_robot_interfaces/include/my_robot_interfaces/my_robot_interfaces/action/detail/move_robot__rosidl_typesupport_fastrtps_cpp.hpp
[3.181s] -- Installing: /home/robomaven/ws/ros2_ws3/install/my_robot_interfaces/lib/libmy_robot_interfaces__rosidl_typesupport_fastrtps_cpp.so
[3.181s] -- Set runtime path of "/home/robomaven/ws/ros2_ws3/install/my_robot_interfaces/lib/libmy_robot_interfaces__rosidl_typesupport_fastrtps_cpp.so" to ""
[3.181s] -- Up-to-date: /home/robomaven/ws/ros2_ws3/install/my_robot_interfaces/include/my_robot_interfaces/my_robot_interfaces
[3.181s] -- Up-to-date: /home/robomaven/ws/ros2_ws3/install/my_robot_interfaces/include/my_robot_interfaces/my_robot_interfaces/action
[3.181s] -- Up-to-date: /home/robomaven/ws/ros2_ws3/install/my_robot_interfaces/include/my_robot_interfaces/my_robot_interfaces/action/detail
[3.181s] -- Installing: /home/robomaven/ws/ros2_ws3/install/my_robot_interfaces/include/my_robot_interfaces/my_robot_interfaces/action/detail/move_robot__type_support.cpp
[3.181s] -- Installing: /home/robomaven/ws/ros2_ws3/install/my_robot_interfaces/include/my_robot_interfaces/my_robot_interfaces/action/detail/count_until__type_support.cpp
[3.181s] -- Installing: /home/robomaven/ws/ros2_ws3/install/my_robot_interfaces/include/my_robot_interfaces/my_robot_interfaces/action/detail/count_until__rosidl_typesupport_introspection_cpp.hpp
[3.181s] -- Installing: /home/robomaven/ws/ros2_ws3/install/my_robot_interfaces/include/my_robot_interfaces/my_robot_interfaces/action/detail/move_robot__rosidl_typesupport_introspection_cpp.hpp
[3.181s] -- Installing: /home/robomaven/ws/ros2_ws3/install/my_robot_interfaces/lib/libmy_robot_interfaces__rosidl_typesupport_introspection_cpp.so
[3.182s] -- Set runtime path of "/home/robomaven/ws/ros2_ws3/install/my_robot_interfaces/lib/libmy_robot_interfaces__rosidl_typesupport_introspection_cpp.so" to ""
[3.182s] -- Installing: /home/robomaven/ws/ros2_ws3/install/my_robot_interfaces/lib/libmy_robot_interfaces__rosidl_typesupport_cpp.so
[3.182s] -- Set runtime path of "/home/robomaven/ws/ros2_ws3/install/my_robot_interfaces/lib/libmy_robot_interfaces__rosidl_typesupport_cpp.so" to ""
[3.182s] -- Up-to-date: /home/robomaven/ws/ros2_ws3/install/my_robot_interfaces/share/my_robot_interfaces/environment/pythonpath.sh
[3.182s] -- Installing: /home/robomaven/ws/ros2_ws3/install/my_robot_interfaces/share/my_robot_interfaces/environment/pythonpath.dsv
[3.182s] -- Up-to-date: /home/robomaven/ws/ros2_ws3/install/my_robot_interfaces/local/lib/python3.10/dist-packages/my_robot_interfaces-0.0.0-py3.10.egg-info
[3.182s] -- Installing: /home/robomaven/ws/ros2_ws3/install/my_robot_interfaces/local/lib/python3.10/dist-packages/my_robot_interfaces-0.0.0-py3.10.egg-info/top_level.txt
[3.182s] -- Installing: /home/robomaven/ws/ros2_ws3/install/my_robot_interfaces/local/lib/python3.10/dist-packages/my_robot_interfaces-0.0.0-py3.10.egg-info/PKG-INFO
[3.182s] -- Installing: /home/robomaven/ws/ros2_ws3/install/my_robot_interfaces/local/lib/python3.10/dist-packages/my_robot_interfaces-0.0.0-py3.10.egg-info/SOURCES.txt
[3.182s] -- Installing: /home/robomaven/ws/ros2_ws3/install/my_robot_interfaces/local/lib/python3.10/dist-packages/my_robot_interfaces-0.0.0-py3.10.egg-info/dependency_links.txt
[3.182s] -- Up-to-date: /home/robomaven/ws/ros2_ws3/install/my_robot_interfaces/local/lib/python3.10/dist-packages/my_robot_interfaces
[3.182s] -- Installing: /home/robomaven/ws/ros2_ws3/install/my_robot_interfaces/local/lib/python3.10/dist-packages/my_robot_interfaces/_my_robot_interfaces_s.ep.rosidl_typesupport_introspection_c.c
[3.183s] -- Installing: /home/robomaven/ws/ros2_ws3/install/my_robot_interfaces/local/lib/python3.10/dist-packages/my_robot_interfaces/my_robot_interfaces_s__rosidl_typesupport_c.cpython-310-x86_64-linux-gnu.so
[3.183s] -- Up-to-date: /home/robomaven/ws/ros2_ws3/install/my_robot_interfaces/local/lib/python3.10/dist-packages/my_robot_interfaces/action
[3.183s] -- Installing: /home/robomaven/ws/ros2_ws3/install/my_robot_interfaces/local/lib/python3.10/dist-packages/my_robot_interfaces/action/_move_robot.py
[3.183s] -- Installing: /home/robomaven/ws/ros2_ws3/install/my_robot_interfaces/local/lib/python3.10/dist-packages/my_robot_interfaces/action/_count_until.py
[3.183s] -- Installing: /home/robomaven/ws/ros2_ws3/install/my_robot_interfaces/local/lib/python3.10/dist-packages/my_robot_interfaces/action/__init__.py
[3.183s] -- Installing: /home/robomaven/ws/ros2_ws3/install/my_robot_interfaces/local/lib/python3.10/dist-packages/my_robot_interfaces/action/_count_until_s.c
[3.183s] -- Installing: /home/robomaven/ws/ros2_ws3/install/my_robot_interfaces/local/lib/python3.10/dist-packages/my_robot_interfaces/action/_move_robot_s.c
[3.183s] -- Installing: /home/robomaven/ws/ros2_ws3/install/my_robot_interfaces/local/lib/python3.10/dist-packages/my_robot_interfaces/_my_robot_interfaces_s.ep.rosidl_typesupport_c.c
[3.183s] -- Installing: /home/robomaven/ws/ros2_ws3/install/my_robot_interfaces/local/lib/python3.10/dist-packages/my_robot_interfaces/libmy_robot_interfaces__rosidl_generator_py.so
[3.184s] -- Installing: /home/robomaven/ws/ros2_ws3/install/my_robot_interfaces/local/lib/python3.10/dist-packages/my_robot_interfaces/_my_robot_interfaces_s.ep.rosidl_typesupport_fastrtps_c.c
[3.184s] -- Installing: /home/robomaven/ws/ros2_ws3/install/my_robot_interfaces/local/lib/python3.10/dist-packages/my_robot_interfaces/my_robot_interfaces_s__rosidl_typesupport_introspection_c.cpython-310-x86_64-linux-gnu.so
[3.184s] -- Installing: /home/robomaven/ws/ros2_ws3/install/my_robot_interfaces/local/lib/python3.10/dist-packages/my_robot_interfaces/__init__.py
[3.184s] -- Installing: /home/robomaven/ws/ros2_ws3/install/my_robot_interfaces/local/lib/python3.10/dist-packages/my_robot_interfaces/my_robot_interfaces_s__rosidl_typesupport_fastrtps_c.cpython-310-x86_64-linux-gnu.so
[3.221s] Listing '/home/robomaven/ws/ros2_ws3/install/my_robot_interfaces/local/lib/python3.10/dist-packages/my_robot_interfaces'...
[3.221s] Compiling '/home/robomaven/ws/ros2_ws3/install/my_robot_interfaces/local/lib/python3.10/dist-packages/my_robot_interfaces/__init__.py'...
[3.221s] Listing '/home/robomaven/ws/ros2_ws3/install/my_robot_interfaces/local/lib/python3.10/dist-packages/my_robot_interfaces/action'...
[3.221s] Compiling '/home/robomaven/ws/ros2_ws3/install/my_robot_interfaces/local/lib/python3.10/dist-packages/my_robot_interfaces/action/__init__.py'...
[3.221s] Compiling '/home/robomaven/ws/ros2_ws3/install/my_robot_interfaces/local/lib/python3.10/dist-packages/my_robot_interfaces/action/_count_until.py'...
[3.221s] Compiling '/home/robomaven/ws/ros2_ws3/install/my_robot_interfaces/local/lib/python3.10/dist-packages/my_robot_interfaces/action/_move_robot.py'...
[3.224s] -- Installing: /home/robomaven/ws/ros2_ws3/install/my_robot_interfaces/local/lib/python3.10/dist-packages/my_robot_interfaces/my_robot_interfaces_s__rosidl_typesupport_fastrtps_c.cpython-310-x86_64-linux-gnu.so
[3.224s] -- Set runtime path of "/home/robomaven/ws/ros2_ws3/install/my_robot_interfaces/local/lib/python3.10/dist-packages/my_robot_interfaces/my_robot_interfaces_s__rosidl_typesupport_fastrtps_c.cpython-310-x86_64-linux-gnu.so" to ""
[3.224s] -- Installing: /home/robomaven/ws/ros2_ws3/install/my_robot_interfaces/local/lib/python3.10/dist-packages/my_robot_interfaces/my_robot_interfaces_s__rosidl_typesupport_introspection_c.cpython-310-x86_64-linux-gnu.so
[3.225s] -- Set runtime path of "/home/robomaven/ws/ros2_ws3/install/my_robot_interfaces/local/lib/python3.10/dist-packages/my_robot_interfaces/my_robot_interfaces_s__rosidl_typesupport_introspection_c.cpython-310-x86_64-linux-gnu.so" to ""
[3.225s] -- Installing: /home/robomaven/ws/ros2_ws3/install/my_robot_interfaces/local/lib/python3.10/dist-packages/my_robot_interfaces/my_robot_interfaces_s__rosidl_typesupport_c.cpython-310-x86_64-linux-gnu.so
[3.225s] -- Set runtime path of "/home/robomaven/ws/ros2_ws3/install/my_robot_interfaces/local/lib/python3.10/dist-packages/my_robot_interfaces/my_robot_interfaces_s__rosidl_typesupport_c.cpython-310-x86_64-linux-gnu.so" to ""
[3.225s] -- Installing: /home/robomaven/ws/ros2_ws3/install/my_robot_interfaces/lib/libmy_robot_interfaces__rosidl_generator_py.so
[3.225s] -- Set runtime path of "/home/robomaven/ws/ros2_ws3/install/my_robot_interfaces/lib/libmy_robot_interfaces__rosidl_generator_py.so" to ""
[3.225s] -- Up-to-date: /home/robomaven/ws/ros2_ws3/install/my_robot_interfaces/share/my_robot_interfaces/action/CountUntil.idl
[3.225s] -- Installing: /home/robomaven/ws/ros2_ws3/install/my_robot_interfaces/share/my_robot_interfaces/action/MoveRobot.idl
[3.226s] -- Up-to-date: /home/robomaven/ws/ros2_ws3/install/my_robot_interfaces/share/my_robot_interfaces/action/CountUntil.action
[3.226s] -- Installing: /home/robomaven/ws/ros2_ws3/install/my_robot_interfaces/share/my_robot_interfaces/action/MoveRobot.action
[3.226s] -- Up-to-date: /home/robomaven/ws/ros2_ws3/install/my_robot_interfaces/share/ament_index/resource_index/package_run_dependencies/my_robot_interfaces
[3.226s] -- Up-to-date: /home/robomaven/ws/ros2_ws3/install/my_robot_interfaces/share/ament_index/resource_index/parent_prefix_path/my_robot_interfaces
[3.226s] -- Up-to-date: /home/robomaven/ws/ros2_ws3/install/my_robot_interfaces/share/my_robot_interfaces/environment/ament_prefix_path.sh
[3.226s] -- Installing: /home/robomaven/ws/ros2_ws3/install/my_robot_interfaces/share/my_robot_interfaces/environment/ament_prefix_path.dsv
[3.226s] -- Up-to-date: /home/robomaven/ws/ros2_ws3/install/my_robot_interfaces/share/my_robot_interfaces/environment/path.sh
[3.226s] -- Installing: /home/robomaven/ws/ros2_ws3/install/my_robot_interfaces/share/my_robot_interfaces/environment/path.dsv
[3.226s] -- Up-to-date: /home/robomaven/ws/ros2_ws3/install/my_robot_interfaces/share/my_robot_interfaces/local_setup.bash
[3.226s] -- Up-to-date: /home/robomaven/ws/ros2_ws3/install/my_robot_interfaces/share/my_robot_interfaces/local_setup.sh
[3.226s] -- Up-to-date: /home/robomaven/ws/ros2_ws3/install/my_robot_interfaces/share/my_robot_interfaces/local_setup.zsh
[3.226s] -- Installing: /home/robomaven/ws/ros2_ws3/install/my_robot_interfaces/share/my_robot_interfaces/local_setup.dsv
[3.226s] -- Installing: /home/robomaven/ws/ros2_ws3/install/my_robot_interfaces/share/my_robot_interfaces/package.dsv
[3.226s] -- Up-to-date: /home/robomaven/ws/ros2_ws3/install/my_robot_interfaces/share/ament_index/resource_index/packages/my_robot_interfaces
[3.226s] -- Up-to-date: /home/robomaven/ws/ros2_ws3/install/my_robot_interfaces/share/my_robot_interfaces/cmake/export_my_robot_interfaces__rosidl_generator_cExport.cmake
[3.226s] -- Up-to-date: /home/robomaven/ws/ros2_ws3/install/my_robot_interfaces/share/my_robot_interfaces/cmake/export_my_robot_interfaces__rosidl_generator_cExport-noconfig.cmake
[3.227s] -- Up-to-date: /home/robomaven/ws/ros2_ws3/install/my_robot_interfaces/share/my_robot_interfaces/cmake/export_my_robot_interfaces__rosidl_typesupport_fastrtps_cExport.cmake
[3.227s] -- Up-to-date: /home/robomaven/ws/ros2_ws3/install/my_robot_interfaces/share/my_robot_interfaces/cmake/export_my_robot_interfaces__rosidl_typesupport_fastrtps_cExport-noconfig.cmake
[3.227s] -- Up-to-date: /home/robomaven/ws/ros2_ws3/install/my_robot_interfaces/share/my_robot_interfaces/cmake/my_robot_interfaces__rosidl_typesupport_introspection_cExport.cmake
[3.227s] -- Up-to-date: /home/robomaven/ws/ros2_ws3/install/my_robot_interfaces/share/my_robot_interfaces/cmake/my_robot_interfaces__rosidl_typesupport_introspection_cExport-noconfig.cmake
[3.227s] -- Up-to-date: /home/robomaven/ws/ros2_ws3/install/my_robot_interfaces/share/my_robot_interfaces/cmake/my_robot_interfaces__rosidl_typesupport_cExport.cmake
[3.227s] -- Up-to-date: /home/robomaven/ws/ros2_ws3/install/my_robot_interfaces/share/my_robot_interfaces/cmake/my_robot_interfaces__rosidl_typesupport_cExport-noconfig.cmake
[3.227s] -- Up-to-date: /home/robomaven/ws/ros2_ws3/install/my_robot_interfaces/share/my_robot_interfaces/cmake/export_my_robot_interfaces__rosidl_generator_cppExport.cmake
[3.227s] -- Up-to-date: /home/robomaven/ws/ros2_ws3/install/my_robot_interfaces/share/my_robot_interfaces/cmake/export_my_robot_interfaces__rosidl_typesupport_fastrtps_cppExport.cmake
[3.227s] -- Up-to-date: /home/robomaven/ws/ros2_ws3/install/my_robot_interfaces/share/my_robot_interfaces/cmake/export_my_robot_interfaces__rosidl_typesupport_fastrtps_cppExport-noconfig.cmake
[3.227s] -- Up-to-date: /home/robomaven/ws/ros2_ws3/install/my_robot_interfaces/share/my_robot_interfaces/cmake/my_robot_interfaces__rosidl_typesupport_introspection_cppExport.cmake
[3.227s] -- Up-to-date: /home/robomaven/ws/ros2_ws3/install/my_robot_interfaces/share/my_robot_interfaces/cmake/my_robot_interfaces__rosidl_typesupport_introspection_cppExport-noconfig.cmake
[3.227s] -- Up-to-date: /home/robomaven/ws/ros2_ws3/install/my_robot_interfaces/share/my_robot_interfaces/cmake/my_robot_interfaces__rosidl_typesupport_cppExport.cmake
[3.227s] -- Up-to-date: /home/robomaven/ws/ros2_ws3/install/my_robot_interfaces/share/my_robot_interfaces/cmake/my_robot_interfaces__rosidl_typesupport_cppExport-noconfig.cmake
[3.227s] -- Up-to-date: /home/robomaven/ws/ros2_ws3/install/my_robot_interfaces/share/my_robot_interfaces/cmake/export_my_robot_interfaces__rosidl_generator_pyExport.cmake
[3.227s] -- Up-to-date: /home/robomaven/ws/ros2_ws3/install/my_robot_interfaces/share/my_robot_interfaces/cmake/export_my_robot_interfaces__rosidl_generator_pyExport-noconfig.cmake
[3.227s] -- Up-to-date: /home/robomaven/ws/ros2_ws3/install/my_robot_interfaces/share/my_robot_interfaces/cmake/rosidl_cmake-extras.cmake
[3.228s] -- Up-to-date: /home/robomaven/ws/ros2_ws3/install/my_robot_interfaces/share/my_robot_interfaces/cmake/ament_cmake_export_dependencies-extras.cmake
[3.228s] -- Up-to-date: /home/robomaven/ws/ros2_ws3/install/my_robot_interfaces/share/my_robot_interfaces/cmake/ament_cmake_export_include_directories-extras.cmake
[3.228s] -- Up-to-date: /home/robomaven/ws/ros2_ws3/install/my_robot_interfaces/share/my_robot_interfaces/cmake/ament_cmake_export_libraries-extras.cmake
[3.228s] -- Up-to-date: /home/robomaven/ws/ros2_ws3/install/my_robot_interfaces/share/my_robot_interfaces/cmake/ament_cmake_export_targets-extras.cmake
[3.228s] -- Up-to-date: /home/robomaven/ws/ros2_ws3/install/my_robot_interfaces/share/my_robot_interfaces/cmake/rosidl_cmake_export_typesupport_targets-extras.cmake
[3.228s] -- Up-to-date: /home/robomaven/ws/ros2_ws3/install/my_robot_interfaces/share/my_robot_interfaces/cmake/rosidl_cmake_export_typesupport_libraries-extras.cmake
[3.228s] -- Up-to-date: /home/robomaven/ws/ros2_ws3/install/my_robot_interfaces/share/my_robot_interfaces/cmake/my_robot_interfacesConfig.cmake
[3.228s] -- Up-to-date: /home/robomaven/ws/ros2_ws3/install/my_robot_interfaces/share/my_robot_interfaces/cmake/my_robot_interfacesConfig-version.cmake
[3.228s] -- Up-to-date: /home/robomaven/ws/ros2_ws3/install/my_robot_interfaces/share/my_robot_interfaces/package.xml
[3.229s] Invoked command in '/home/robomaven/ws/ros2_ws3/build/my_robot_interfaces' returned '0': CMAKE_PREFIX_PATH=${CMAKE_PREFIX_PATH}:/home/robomaven/ws/ros2_ws3/install/actions_py:/home/robomaven/ws/ros2_ws3/install/lifecycle_py:/home/robomaven/ws/ros2_ws3/install/executors_py:/home/robomaven/ws/ros2_ws3/install/components_py:/opt/ros/humble /usr/bin/cmake --install /home/robomaven/ws/ros2_ws3/build/my_robot_interfaces
