[0.399s] Invoking command in '/home/robomaven/open_manipulator_ws/src/open_manipulator/open_manipulator_x_teleop': PYTHONPATH=/home/robomaven/open_manipulator_ws/build/open_manipulator_x_teleop/prefix_override:/home/robomaven/open_manipulator_ws/install/open_manipulator_x_teleop/lib/python3.10/site-packages:${PYTHONPATH} /usr/bin/python3 -W ignore:setup.py install is deprecated setup.py egg_info --egg-base ../../../build/open_manipulator_x_teleop build --build-base /home/robomaven/open_manipulator_ws/build/open_manipulator_x_teleop/build install --record /home/robomaven/open_manipulator_ws/build/open_manipulator_x_teleop/install.log --single-version-externally-managed install_data
[0.550s] running egg_info
[0.550s] creating ../../../build/open_manipulator_x_teleop/open_manipulator_x_teleop.egg-info
[0.550s] writing ../../../build/open_manipulator_x_teleop/open_manipulator_x_teleop.egg-info/PKG-INFO
[0.550s] writing dependency_links to ../../../build/open_manipulator_x_teleop/open_manipulator_x_teleop.egg-info/dependency_links.txt
[0.550s] writing entry points to ../../../build/open_manipulator_x_teleop/open_manipulator_x_teleop.egg-info/entry_points.txt
[0.550s] writing requirements to ../../../build/open_manipulator_x_teleop/open_manipulator_x_teleop.egg-info/requires.txt
[0.550s] writing top-level names to ../../../build/open_manipulator_x_teleop/open_manipulator_x_teleop.egg-info/top_level.txt
[0.550s] writing manifest file '../../../build/open_manipulator_x_teleop/open_manipulator_x_teleop.egg-info/SOURCES.txt'
[0.551s] reading manifest file '../../../build/open_manipulator_x_teleop/open_manipulator_x_teleop.egg-info/SOURCES.txt'
[0.552s] writing manifest file '../../../build/open_manipulator_x_teleop/open_manipulator_x_teleop.egg-info/SOURCES.txt'
[0.552s] running build
[0.552s] running build_py
[0.552s] creating /home/robomaven/open_manipulator_ws/build/open_manipulator_x_teleop/build
[0.552s] creating /home/robomaven/open_manipulator_ws/build/open_manipulator_x_teleop/build/lib
[0.552s] creating /home/robomaven/open_manipulator_ws/build/open_manipulator_x_teleop/build/lib/open_manipulator_x_teleop
[0.552s] copying open_manipulator_x_teleop/__init__.py -> /home/robomaven/open_manipulator_ws/build/open_manipulator_x_teleop/build/lib/open_manipulator_x_teleop
[0.552s] creating /home/robomaven/open_manipulator_ws/build/open_manipulator_x_teleop/build/lib/open_manipulator_x_teleop/script
[0.552s] copying open_manipulator_x_teleop/script/teleop_keyboard.py -> /home/robomaven/open_manipulator_ws/build/open_manipulator_x_teleop/build/lib/open_manipulator_x_teleop/script
[0.552s] copying open_manipulator_x_teleop/script/__init__.py -> /home/robomaven/open_manipulator_ws/build/open_manipulator_x_teleop/build/lib/open_manipulator_x_teleop/script
[0.552s] running install
[0.552s] running install_lib
[0.553s] creating /home/robomaven/open_manipulator_ws/install/open_manipulator_x_teleop/lib/python3.10/site-packages/open_manipulator_x_teleop
[0.553s] copying /home/robomaven/open_manipulator_ws/build/open_manipulator_x_teleop/build/lib/open_manipulator_x_teleop/__init__.py -> /home/robomaven/open_manipulator_ws/install/open_manipulator_x_teleop/lib/python3.10/site-packages/open_manipulator_x_teleop
[0.553s] creating /home/robomaven/open_manipulator_ws/install/open_manipulator_x_teleop/lib/python3.10/site-packages/open_manipulator_x_teleop/script
[0.553s] copying /home/robomaven/open_manipulator_ws/build/open_manipulator_x_teleop/build/lib/open_manipulator_x_teleop/script/teleop_keyboard.py -> /home/robomaven/open_manipulator_ws/install/open_manipulator_x_teleop/lib/python3.10/site-packages/open_manipulator_x_teleop/script
[0.553s] copying /home/robomaven/open_manipulator_ws/build/open_manipulator_x_teleop/build/lib/open_manipulator_x_teleop/script/__init__.py -> /home/robomaven/open_manipulator_ws/install/open_manipulator_x_teleop/lib/python3.10/site-packages/open_manipulator_x_teleop/script
[0.553s] byte-compiling /home/robomaven/open_manipulator_ws/install/open_manipulator_x_teleop/lib/python3.10/site-packages/open_manipulator_x_teleop/__init__.py to __init__.cpython-310.pyc
[0.553s] byte-compiling /home/robomaven/open_manipulator_ws/install/open_manipulator_x_teleop/lib/python3.10/site-packages/open_manipulator_x_teleop/script/teleop_keyboard.py to teleop_keyboard.cpython-310.pyc
[0.554s] byte-compiling /home/robomaven/open_manipulator_ws/install/open_manipulator_x_teleop/lib/python3.10/site-packages/open_manipulator_x_teleop/script/__init__.py to __init__.cpython-310.pyc
[0.554s] running install_data
[0.554s] creating /home/robomaven/open_manipulator_ws/install/open_manipulator_x_teleop/share/ament_index
[0.554s] creating /home/robomaven/open_manipulator_ws/install/open_manipulator_x_teleop/share/ament_index/resource_index
[0.555s] creating /home/robomaven/open_manipulator_ws/install/open_manipulator_x_teleop/share/ament_index/resource_index/packages
[0.555s] copying resource/open_manipulator_x_teleop -> /home/robomaven/open_manipulator_ws/install/open_manipulator_x_teleop/share/ament_index/resource_index/packages
[0.555s] copying package.xml -> /home/robomaven/open_manipulator_ws/install/open_manipulator_x_teleop/share/open_manipulator_x_teleop
[0.555s] running install_egg_info
[0.556s] Copying ../../../build/open_manipulator_x_teleop/open_manipulator_x_teleop.egg-info to /home/robomaven/open_manipulator_ws/install/open_manipulator_x_teleop/lib/python3.10/site-packages/open_manipulator_x_teleop-2.3.0-py3.10.egg-info
[0.556s] running install_scripts
[0.569s] Installing teleop_keyboard script to /home/robomaven/open_manipulator_ws/install/open_manipulator_x_teleop/lib/open_manipulator_x_teleop
[0.569s] writing list of installed files to '/home/robomaven/open_manipulator_ws/build/open_manipulator_x_teleop/install.log'
[0.584s] Invoked command in '/home/robomaven/open_manipulator_ws/src/open_manipulator/open_manipulator_x_teleop' returned '0': PYTHONPATH=/home/robomaven/open_manipulator_ws/build/open_manipulator_x_teleop/prefix_override:/home/robomaven/open_manipulator_ws/install/open_manipulator_x_teleop/lib/python3.10/site-packages:${PYTHONPATH} /usr/bin/python3 -W ignore:setup.py install is deprecated setup.py egg_info --egg-base ../../../build/open_manipulator_x_teleop build --build-base /home/robomaven/open_manipulator_ws/build/open_manipulator_x_teleop/build install --record /home/robomaven/open_manipulator_ws/build/open_manipulator_x_teleop/install.log --single-version-externally-managed install_data
