[0.013s] Invoking command in '/home/robomaven/ws/ws_moveit2/build/moveit_ros_planning': AMENT_PREFIX_PATH=/home/robomaven/ws/ws_moveit2/install/moveit_ros_occupancy_map_monitor:/home/robomaven/ws/ws_moveit2/install/moveit_core:/home/robomaven/ws/ws_moveit2/install/moveit_resources_panda_moveit_config:/home/robomaven/ws/ws_moveit2/install/srdfdom:/home/robomaven/ws/ws_moveit2/install/moveit_resources_panda_description:/home/robomaven/ws/ws_moveit2/install/moveit_common:${AMENT_PREFIX_PATH} CMAKE_PREFIX_PATH=/home/robomaven/ws/ws_moveit2/install/moveit_ros_occupancy_map_monitor:/home/robomaven/ws/ws_moveit2/install/moveit_core:/home/robomaven/ws/ws_moveit2/install/moveit_resources_panda_moveit_config:/home/robomaven/ws/ws_moveit2/install/srdfdom:/home/robomaven/ws/ws_moveit2/install/moveit_resources_panda_description:/home/robomaven/ws/ws_moveit2/install/moveit_common:/opt/ros/humble LD_LIBRARY_PATH=/home/robomaven/ws/ws_moveit2/install/moveit_ros_occupancy_map_monitor/lib:/home/robomaven/ws/ws_moveit2/install/moveit_core/lib:/home/robomaven/ws/ws_moveit2/install/srdfdom/lib:/usr/lib/x86_64-linux-gnu/gazebo-11/plugins:/opt/ros/humble/opt/rviz_ogre_vendor/lib:/opt/ros/humble/lib/x86_64-linux-gnu:/opt/ros/humble/lib:/usr/share/gazebo/../../lib/x86_64-linux-gnu/gazebo-11/plugins PATH=/home/robomaven/ws/ws_moveit2/install/moveit_core/bin:${PATH} PYTHONPATH=/home/robomaven/ws/ws_moveit2/install/srdfdom/local/lib/python3.10/dist-packages:${PYTHONPATH} /usr/bin/cmake /home/robomaven/ws/ws_moveit2/moveit2/moveit_ros/planning -DCMAKE_BUILD_TYPE=Release -DCMAKE_INSTALL_PREFIX=/home/robomaven/ws/ws_moveit2/install/moveit_ros_planning
[0.062s] -- The C compiler identification is GNU 11.4.0
[0.110s] -- The CXX compiler identification is GNU 11.4.0
[0.118s] -- Detecting C compiler ABI info
[0.176s] -- Detecting C compiler ABI info - done
[0.183s] -- Check for working C compiler: /usr/bin/cc - skipped
[0.183s] -- Detecting C compile features
[0.183s] -- Detecting C compile features - done
[0.186s] -- Detecting CXX compiler ABI info
[0.251s] -- Detecting CXX compiler ABI info - done
[0.260s] -- Check for working CXX compiler: /usr/bin/c++ - skipped
[0.260s] -- Detecting CXX compile features
[0.260s] -- Detecting CXX compile features - done
[0.261s] -- Found moveit_common: 2.5.5 (/home/robomaven/ws/ws_moveit2/install/moveit_common/share/moveit_common/cmake)
[0.263s] -- Found ament_cmake: 1.3.9 (/opt/ros/humble/share/ament_cmake/cmake)
[0.387s] -- Found Python3: /usr/bin/python3 (found version "3.10.12") found components: Interpreter 
[0.511s] -- Found libdw: /usr/lib/x86_64-linux-gnu/libdw.so  
[0.515s] -- Could NOT find libbfd (missing: LIBBFD_LIBRARY LIBBFD_INCLUDE_DIR) 
[0.515s] -- BACKWARD_HAS_UNWIND=1
[0.515s] -- BACKWARD_HAS_BACKTRACE=0
[0.515s] -- BACKWARD_HAS_BACKTRACE_SYMBOL=0
[0.515s] -- BACKWARD_HAS_DW=1
[0.515s] -- BACKWARD_HAS_BFD=0
[0.516s] -- Found Backward: /opt/ros/humble/share/backward_ros/cmake  
[0.517s] -- Found moveit_msgs: 2.2.1 (/opt/ros/humble/share/moveit_msgs/cmake)
[0.542s] -- Found rosidl_generator_c: 3.1.5 (/opt/ros/humble/share/rosidl_generator_c/cmake)
[0.546s] -- Found rosidl_adapter: 3.1.5 (/opt/ros/humble/share/rosidl_adapter/cmake)
[0.553s] -- Found rosidl_generator_cpp: 3.1.5 (/opt/ros/humble/share/rosidl_generator_cpp/cmake)
[0.563s] -- Using all available rosidl_typesupport_c: rosidl_typesupport_fastrtps_c;rosidl_typesupport_introspection_c
[0.577s] -- Using all available rosidl_typesupport_cpp: rosidl_typesupport_fastrtps_cpp;rosidl_typesupport_introspection_cpp
[1.166s] -- Found pluginlib: 5.1.0 (/opt/ros/humble/share/pluginlib/cmake)
[1.188s] -- Found rclcpp: 16.0.9 (/opt/ros/humble/share/rclcpp/cmake)
[1.231s] -- Found rmw_implementation_cmake: 6.1.2 (/opt/ros/humble/share/rmw_implementation_cmake/cmake)
[1.233s] -- Found rmw_cyclonedds_cpp: 1.3.4 (/opt/ros/humble/share/rmw_cyclonedds_cpp/cmake)
[1.257s] -- Using RMW implementation 'rmw_cyclonedds_cpp' as default
[1.265s] -- Looking for pthread.h
[1.332s] -- Looking for pthread.h - found
[1.332s] -- Performing Test CMAKE_HAVE_LIBC_PTHREAD
[1.401s] -- Performing Test CMAKE_HAVE_LIBC_PTHREAD - Success
[1.401s] -- Found Threads: TRUE  
[1.489s] -- Found message_filters: 4.3.4 (/opt/ros/humble/share/message_filters/cmake)
[1.492s] -- Found srdfdom: 2.0.4 (/home/robomaven/ws/ws_moveit2/install/srdfdom/share/srdfdom/cmake)
[1.504s] -- Found tf2: 0.25.7 (/opt/ros/humble/share/tf2/cmake)
[1.509s] -- Found tf2_geometry_msgs: 0.25.7 (/opt/ros/humble/share/tf2_geometry_msgs/cmake)
[1.520s] -- Found eigen3_cmake_module: 0.1.1 (/opt/ros/humble/share/eigen3_cmake_module/cmake)
[1.521s] -- Found Eigen3: TRUE (found version "3.4.0") 
[1.521s] -- Ensuring Eigen3 include directory is part of orocos-kdl CMake target
[1.717s] -- Found tf2_eigen: 0.25.7 (/opt/ros/humble/share/tf2_eigen/cmake)
[1.721s] -- Found moveit_core: 2.5.5 (/home/robomaven/ws/ws_moveit2/install/moveit_core/share/moveit_core/cmake)
[1.746s] -- Found Boost: /usr/lib/x86_64-linux-gnu/cmake/Boost-1.74.0/BoostConfig.cmake (found version "1.74.0") found components: chrono date_time filesystem iostreams program_options regex serialization system thread 
[1.771s] -- Found parameter_traits: 0.3.8 (/opt/ros/humble/share/parameter_traits/cmake)
[1.785s] -- Found rclcpp_lifecycle: 16.0.9 (/opt/ros/humble/share/rclcpp_lifecycle/cmake)
[1.819s] -- Found Boost: /usr/lib/x86_64-linux-gnu/cmake/Boost-1.74.0/BoostConfig.cmake (found version "1.74.0") found components: filesystem 
[1.878s] -- library: /usr/lib/x86_64-linux-gnu/libcurl.so
[2.134s] -- Found moveit_ros_occupancy_map_monitor: 2.5.5 (/home/robomaven/ws/ws_moveit2/install/moveit_ros_occupancy_map_monitor/share/moveit_ros_occupancy_map_monitor/cmake)
[2.276s] -- Found Boost: /usr/lib/x86_64-linux-gnu/cmake/Boost-1.74.0/BoostConfig.cmake (found version "1.74.0") found components: system filesystem date_time program_options thread chrono 
[2.297s] -- Performing Test COMPILER_HAS_HIDDEN_VISIBILITY
[2.369s] -- Performing Test COMPILER_HAS_HIDDEN_VISIBILITY - Success
[2.370s] -- Performing Test COMPILER_HAS_HIDDEN_INLINE_VISIBILITY
[2.446s] -- Performing Test COMPILER_HAS_HIDDEN_INLINE_VISIBILITY - Success
[2.446s] -- Performing Test COMPILER_HAS_DEPRECATED_ATTR
[2.529s] -- Performing Test COMPILER_HAS_DEPRECATED_ATTR - Success
[2.551s] -- Found ament_cmake_gtest: 1.3.9 (/opt/ros/humble/share/ament_cmake_gtest/cmake)
[2.553s] -- Found ament_cmake_gmock: 1.3.9 (/opt/ros/humble/share/ament_cmake_gmock/cmake)
[2.554s] -- Found gmock sources under '/opt/ros/humble/src/gmock_vendor': C++ tests using 'Google Mock' will be built
[2.557s] -- Found gtest sources under '/opt/ros/humble/src/gtest_vendor': C++ tests using 'Google Test' will be built
[2.579s] -- Found ament_lint_auto: 0.12.11 (/opt/ros/humble/share/ament_lint_auto/cmake)
[2.590s] -- Found launch_testing_ament_cmake: 1.0.6 (/opt/ros/humble/share/launch_testing_ament_cmake/cmake)
[2.591s] -- Found python_cmake_module: 0.10.0 (/opt/ros/humble/share/python_cmake_module/cmake)
[2.608s] -- Found PythonInterp: /usr/bin/python3 (found suitable version "3.10.12", minimum required is "3.6") 
[2.612s] -- Found PythonLibs: /usr/lib/x86_64-linux-gnu/libpython3.10.so (found suitable version "3.10.12", minimum required is "3.5") 
[2.612s] -- Using PYTHON_EXECUTABLE: /usr/bin/python3
[2.612s] -- Using PYTHON_INCLUDE_DIRS: /usr/include/python3.10
[2.612s] -- Using PYTHON_LIBRARIES: /usr/lib/x86_64-linux-gnu/libpython3.10.so
[2.627s] -- Found PythonExtra: .so  
[2.635s] -- Added test 'cppcheck' to perform static code analysis on C / C++ code
[2.635s] -- Configured cppcheck include dirs: /home/robomaven/ws/ws_moveit2/moveit2/moveit_ros/planning/rdf_loader/include;/home/robomaven/ws/ws_moveit2/moveit2/moveit_ros/planning/kinematics_plugin_loader/include;/home/robomaven/ws/ws_moveit2/moveit2/moveit_ros/planning/robot_model_loader/include;/home/robomaven/ws/ws_moveit2/moveit2/moveit_ros/planning/constraint_sampler_manager_loader/include;/home/robomaven/ws/ws_moveit2/moveit2/moveit_ros/planning/planning_pipeline/include;/home/robomaven/ws/ws_moveit2/moveit2/moveit_ros/planning/planning_scene_monitor/include;/home/robomaven/ws/ws_moveit2/moveit2/moveit_ros/planning/trajectory_execution_manager/include;/home/robomaven/ws/ws_moveit2/moveit2/moveit_ros/planning/plan_execution/include;/home/robomaven/ws/ws_moveit2/moveit2/moveit_ros/planning/collision_plugin_loader/include;/home/robomaven/ws/ws_moveit2/moveit2/moveit_ros/planning/moveit_cpp/include
[2.635s] -- Configured cppcheck exclude dirs and/or files: 
[2.637s] -- Added test 'lint_cmake' to check CMake code style
[2.638s] -- Added test 'pep257' to check Python code against some of the docstring style conventions in PEP 257
[2.639s] -- Added test 'xmllint' to check XML markup files
[2.640s] -- Configuring done
[2.820s] -- Generating done
[2.824s] -- Build files have been written to: /home/robomaven/ws/ws_moveit2/build/moveit_ros_planning
[2.842s] Invoked command in '/home/robomaven/ws/ws_moveit2/build/moveit_ros_planning' returned '0': AMENT_PREFIX_PATH=/home/robomaven/ws/ws_moveit2/install/moveit_ros_occupancy_map_monitor:/home/robomaven/ws/ws_moveit2/install/moveit_core:/home/robomaven/ws/ws_moveit2/install/moveit_resources_panda_moveit_config:/home/robomaven/ws/ws_moveit2/install/srdfdom:/home/robomaven/ws/ws_moveit2/install/moveit_resources_panda_description:/home/robomaven/ws/ws_moveit2/install/moveit_common:${AMENT_PREFIX_PATH} CMAKE_PREFIX_PATH=/home/robomaven/ws/ws_moveit2/install/moveit_ros_occupancy_map_monitor:/home/robomaven/ws/ws_moveit2/install/moveit_core:/home/robomaven/ws/ws_moveit2/install/moveit_resources_panda_moveit_config:/home/robomaven/ws/ws_moveit2/install/srdfdom:/home/robomaven/ws/ws_moveit2/install/moveit_resources_panda_description:/home/robomaven/ws/ws_moveit2/install/moveit_common:/opt/ros/humble LD_LIBRARY_PATH=/home/robomaven/ws/ws_moveit2/install/moveit_ros_occupancy_map_monitor/lib:/home/robomaven/ws/ws_moveit2/install/moveit_core/lib:/home/robomaven/ws/ws_moveit2/install/srdfdom/lib:/usr/lib/x86_64-linux-gnu/gazebo-11/plugins:/opt/ros/humble/opt/rviz_ogre_vendor/lib:/opt/ros/humble/lib/x86_64-linux-gnu:/opt/ros/humble/lib:/usr/share/gazebo/../../lib/x86_64-linux-gnu/gazebo-11/plugins PATH=/home/robomaven/ws/ws_moveit2/install/moveit_core/bin:${PATH} PYTHONPATH=/home/robomaven/ws/ws_moveit2/install/srdfdom/local/lib/python3.10/dist-packages:${PYTHONPATH} /usr/bin/cmake /home/robomaven/ws/ws_moveit2/moveit2/moveit_ros/planning -DCMAKE_BUILD_TYPE=Release -DCMAKE_INSTALL_PREFIX=/home/robomaven/ws/ws_moveit2/install/moveit_ros_planning
[2.844s] Invoking command in '/home/robomaven/ws/ws_moveit2/build/moveit_ros_planning': AMENT_PREFIX_PATH=/home/robomaven/ws/ws_moveit2/install/moveit_ros_occupancy_map_monitor:/home/robomaven/ws/ws_moveit2/install/moveit_core:/home/robomaven/ws/ws_moveit2/install/moveit_resources_panda_moveit_config:/home/robomaven/ws/ws_moveit2/install/srdfdom:/home/robomaven/ws/ws_moveit2/install/moveit_resources_panda_description:/home/robomaven/ws/ws_moveit2/install/moveit_common:${AMENT_PREFIX_PATH} CMAKE_PREFIX_PATH=/home/robomaven/ws/ws_moveit2/install/moveit_ros_occupancy_map_monitor:/home/robomaven/ws/ws_moveit2/install/moveit_core:/home/robomaven/ws/ws_moveit2/install/moveit_resources_panda_moveit_config:/home/robomaven/ws/ws_moveit2/install/srdfdom:/home/robomaven/ws/ws_moveit2/install/moveit_resources_panda_description:/home/robomaven/ws/ws_moveit2/install/moveit_common:/opt/ros/humble LD_LIBRARY_PATH=/home/robomaven/ws/ws_moveit2/install/moveit_ros_occupancy_map_monitor/lib:/home/robomaven/ws/ws_moveit2/install/moveit_core/lib:/home/robomaven/ws/ws_moveit2/install/srdfdom/lib:/usr/lib/x86_64-linux-gnu/gazebo-11/plugins:/opt/ros/humble/opt/rviz_ogre_vendor/lib:/opt/ros/humble/lib/x86_64-linux-gnu:/opt/ros/humble/lib:/usr/share/gazebo/../../lib/x86_64-linux-gnu/gazebo-11/plugins PATH=/home/robomaven/ws/ws_moveit2/install/moveit_core/bin:${PATH} PYTHONPATH=/home/robomaven/ws/ws_moveit2/install/srdfdom/local/lib/python3.10/dist-packages:${PYTHONPATH} /usr/bin/cmake --build /home/robomaven/ws/ws_moveit2/build/moveit_ros_planning -- -j20 -l20
[2.885s] [  4%] [32mBuilding CXX object collision_plugin_loader/CMakeFiles/moveit_collision_plugin_loader.dir/src/collision_plugin_loader.cpp.o[0m
[2.885s] [  4%] [32mBuilding CXX object rdf_loader/CMakeFiles/moveit_rdf_loader.dir/src/synchronized_string_parameter.cpp.o[0m
[2.885s] [  4%] [32mBuilding CXX object planning_pipeline/CMakeFiles/moveit_planning_pipeline.dir/src/planning_pipeline.cpp.o[0m
[2.887s] [  6%] [32mBuilding CXX object rdf_loader/CMakeFiles/moveit_rdf_loader.dir/src/rdf_loader.cpp.o[0m
[2.893s] [  9%] [32mBuilding CXX object planning_request_adapter_plugins/CMakeFiles/moveit_list_request_adapter_plugins.dir/src/list.cpp.o[0m
[2.893s] [ 11%] [32mBuilding CXX object gmock/CMakeFiles/gmock_main.dir/src/gmock_main.cc.o[0m
[2.893s] [ 11%] [32mBuilding CXX object planning_request_adapter_plugins/CMakeFiles/moveit_default_planning_request_adapter_plugins.dir/src/empty.cpp.o[0m
[2.893s] [ 12%] [32mBuilding CXX object gmock/CMakeFiles/gmock.dir/opt/ros/humble/src/gtest_vendor/src/gtest-all.cc.o[0m
[2.893s] [ 14%] [32mBuilding CXX object gmock/CMakeFiles/gmock.dir/src/gmock-all.cc.o[0m
[2.893s] [ 16%] [32mBuilding CXX object planning_request_adapter_plugins/CMakeFiles/moveit_default_planning_request_adapter_plugins.dir/src/fix_workspace_bounds.cpp.o[0m
[2.894s] [ 17%] [32mBuilding CXX object planning_request_adapter_plugins/CMakeFiles/moveit_default_planning_request_adapter_plugins.dir/src/fix_start_state_collision.cpp.o[0m
[2.894s] [ 19%] [32mBuilding CXX object planning_request_adapter_plugins/CMakeFiles/moveit_default_planning_request_adapter_plugins.dir/src/fix_start_state_bounds.cpp.o[0m
[2.894s] [ 20%] [32mBuilding CXX object planning_request_adapter_plugins/CMakeFiles/moveit_default_planning_request_adapter_plugins.dir/src/add_time_parameterization.cpp.o[0m
[2.894s] [ 22%] [32mBuilding CXX object planning_request_adapter_plugins/CMakeFiles/moveit_default_planning_request_adapter_plugins.dir/src/add_iterative_spline_parameterization.cpp.o[0m
[2.894s] [ 24%] [32mBuilding CXX object planning_request_adapter_plugins/CMakeFiles/moveit_default_planning_request_adapter_plugins.dir/src/add_ruckig_traj_smoothing.cpp.o[0m
[2.895s] [ 25%] [32mBuilding CXX object planning_request_adapter_plugins/CMakeFiles/moveit_default_planning_request_adapter_plugins.dir/src/fix_start_state_path_constraints.cpp.o[0m
[2.895s] [ 27%] [32mBuilding CXX object planning_request_adapter_plugins/CMakeFiles/moveit_default_planning_request_adapter_plugins.dir/src/resolve_constraint_frames.cpp.o[0m
[2.904s] [ 29%] [32mBuilding CXX object planning_request_adapter_plugins/CMakeFiles/moveit_default_planning_request_adapter_plugins.dir/src/add_time_optimal_parameterization.cpp.o[0m
[4.625s] [ 30%] [32m[1mLinking CXX static library libgmock_main.a[0m
[4.689s] [ 30%] Built target gmock_main
[13.846s] [ 32%] [32m[1mLinking CXX shared library libmoveit_collision_plugin_loader.so[0m
[14.020s] [ 32%] Built target moveit_collision_plugin_loader
[14.379s] [ 33%] [32m[1mLinking CXX static library libgmock.a[0m
[14.408s] [ 33%] Built target gmock
[15.892s] [ 35%] [32m[1mLinking CXX shared library libmoveit_default_planning_request_adapter_plugins.so[0m
[16.045s] [ 35%] Built target moveit_default_planning_request_adapter_plugins
[17.650s] [ 37%] [32m[1mLinking CXX shared library libmoveit_rdf_loader.so[0m
[17.803s] [ 37%] Built target moveit_rdf_loader
[17.818s] [ 40%] [32mBuilding CXX object constraint_sampler_manager_loader/CMakeFiles/moveit_constraint_sampler_manager_loader.dir/src/constraint_sampler_manager_loader.cpp.o[0m
[17.818s] [ 40%] [32mBuilding CXX object kinematics_plugin_loader/CMakeFiles/moveit_kinematics_plugin_loader.dir/src/kinematics_plugin_loader.cpp.o[0m
[18.064s] [ 41%] [32m[1mLinking CXX executable moveit_list_request_adapter_plugins[0m
[18.208s] [ 41%] Built target moveit_list_request_adapter_plugins
[21.559s] [ 43%] [32m[1mLinking CXX shared library libmoveit_planning_pipeline.so[0m
[21.729s] [ 43%] Built target moveit_planning_pipeline
[25.712s] [ 45%] [32m[1mLinking CXX shared library libmoveit_kinematics_plugin_loader.so[0m
[25.844s] [ 45%] Built target moveit_kinematics_plugin_loader
[25.858s] [ 46%] [32mBuilding CXX object robot_model_loader/CMakeFiles/moveit_robot_model_loader.dir/src/robot_model_loader.cpp.o[0m
[26.087s] [ 48%] [32m[1mLinking CXX shared library libmoveit_constraint_sampler_manager_loader.so[0m
[26.276s] [ 48%] Built target moveit_constraint_sampler_manager_loader
[29.729s] [ 50%] [32m[1mLinking CXX shared library libmoveit_robot_model_loader.so[0m
[29.866s] [ 50%] Built target moveit_robot_model_loader
[29.884s] [ 54%] [32mBuilding CXX object planning_scene_monitor/CMakeFiles/moveit_planning_scene_monitor.dir/src/planning_scene_monitor.cpp.o[0m
[29.884s] [ 54%] [32mBuilding CXX object planning_components_tools/CMakeFiles/moveit_print_planning_model_info.dir/src/print_planning_model_info.cpp.o[0m
[29.885s] [ 56%] [32mBuilding CXX object planning_scene_monitor/CMakeFiles/moveit_planning_scene_monitor.dir/src/current_state_monitor.cpp.o[0m
[29.885s] [ 56%] [32mBuilding CXX object planning_scene_monitor/CMakeFiles/moveit_planning_scene_monitor.dir/src/current_state_monitor_middleware_handle.cpp.o[0m
[29.885s] [ 58%] [32mBuilding CXX object planning_scene_monitor/CMakeFiles/moveit_planning_scene_monitor.dir/src/trajectory_monitor_middleware_handle.cpp.o[0m
[29.885s] [ 59%] [32mBuilding CXX object planning_scene_monitor/CMakeFiles/moveit_planning_scene_monitor.dir/src/trajectory_monitor.cpp.o[0m
[33.898s] [ 61%] [32m[1mLinking CXX executable moveit_print_planning_model_info[0m
[34.087s] [ 61%] Built target moveit_print_planning_model_info
[51.631s] [ 62%] [32m[1mLinking CXX shared library libmoveit_planning_scene_monitor.so[0m
[51.919s] [ 62%] Built target moveit_planning_scene_monitor
[51.951s] [ 67%] [32mBuilding CXX object planning_scene_monitor/CMakeFiles/trajectory_monitor_tests.dir/test/trajectory_monitor_tests.cpp.o[0m
[51.951s] [ 67%] [32mBuilding CXX object planning_components_tools/CMakeFiles/moveit_print_planning_scene_info.dir/src/print_planning_scene_info.cpp.o[0m
[51.952s] [ 67%] [32mBuilding CXX object planning_scene_monitor/CMakeFiles/current_state_monitor_tests.dir/test/current_state_monitor_tests.cpp.o[0m
[51.952s] [ 69%] [32mBuilding CXX object planning_components_tools/CMakeFiles/moveit_display_random_state.dir/src/display_random_state.cpp.o[0m
[51.952s] [ 70%] [32mBuilding CXX object planning_scene_monitor/CMakeFiles/demo_scene.dir/demos/demo_scene.cpp.o[0m
[51.953s] [ 72%] [32mBuilding CXX object planning_components_tools/CMakeFiles/moveit_publish_scene_from_text.dir/src/publish_scene_from_text.cpp.o[0m
[51.964s] [ 77%] [32mBuilding CXX object planning_components_tools/CMakeFiles/moveit_visualize_robot_collision_volume.dir/src/visualize_robot_collision_volume.cpp.o[0m
[51.964s] [ 77%] [32mBuilding CXX object planning_components_tools/CMakeFiles/moveit_evaluate_collision_checking_speed.dir/src/evaluate_collision_checking_speed.cpp.o[0m
[51.965s] [ 77%] [32mBuilding CXX object trajectory_execution_manager/CMakeFiles/moveit_trajectory_execution_manager.dir/src/trajectory_execution_manager.cpp.o[0m
[61.243s] [ 79%] [32m[1mLinking CXX executable current_state_monitor_tests[0m
[61.314s] [ 80%] [32m[1mLinking CXX executable trajectory_monitor_tests[0m
[61.588s] [ 82%] [32m[1mLinking CXX executable demo_scene[0m
[61.642s] [ 82%] Built target current_state_monitor_tests
[61.778s] [ 82%] Built target demo_scene
[61.836s] [ 82%] Built target trajectory_monitor_tests
[61.898s] [ 83%] [32m[1mLinking CXX executable moveit_display_random_state[0m
[62.157s] [ 83%] Built target moveit_display_random_state
[62.279s] [ 85%] [32m[1mLinking CXX executable moveit_publish_scene_from_text[0m
[62.530s] [ 85%] Built target moveit_publish_scene_from_text
[63.067s] [ 87%] [32m[1mLinking CXX executable moveit_print_planning_scene_info[0m
[63.298s] [ 87%] Built target moveit_print_planning_scene_info
[64.260s] [ 88%] [32m[1mLinking CXX executable moveit_evaluate_collision_checking_speed[0m
[64.506s] [ 88%] Built target moveit_evaluate_collision_checking_speed
[64.835s] [ 90%] [32m[1mLinking CXX executable moveit_visualize_robot_collision_volume[0m
[65.064s] [ 90%] Built target moveit_visualize_robot_collision_volume
[70.908s] [ 91%] [32m[1mLinking CXX shared library libmoveit_trajectory_execution_manager.so[0m
[71.109s] [ 91%] Built target moveit_trajectory_execution_manager
[71.123s] [ 93%] [32mBuilding CXX object plan_execution/CMakeFiles/moveit_plan_execution.dir/src/plan_execution.cpp.o[0m
[71.123s] [ 95%] [32mBuilding CXX object moveit_cpp/CMakeFiles/moveit_cpp.dir/src/moveit_cpp.cpp.o[0m
[71.123s] [ 96%] [32mBuilding CXX object moveit_cpp/CMakeFiles/moveit_cpp.dir/src/planning_component.cpp.o[0m
[77.830s] [ 98%] [32m[1mLinking CXX shared library libmoveit_plan_execution.so[0m
[78.004s] [ 98%] Built target moveit_plan_execution
[81.084s] [100%] [32m[1mLinking CXX shared library libmoveit_cpp.so[0m
[81.282s] [100%] Built target moveit_cpp
[81.296s] Invoked command in '/home/robomaven/ws/ws_moveit2/build/moveit_ros_planning' returned '0': AMENT_PREFIX_PATH=/home/robomaven/ws/ws_moveit2/install/moveit_ros_occupancy_map_monitor:/home/robomaven/ws/ws_moveit2/install/moveit_core:/home/robomaven/ws/ws_moveit2/install/moveit_resources_panda_moveit_config:/home/robomaven/ws/ws_moveit2/install/srdfdom:/home/robomaven/ws/ws_moveit2/install/moveit_resources_panda_description:/home/robomaven/ws/ws_moveit2/install/moveit_common:${AMENT_PREFIX_PATH} CMAKE_PREFIX_PATH=/home/robomaven/ws/ws_moveit2/install/moveit_ros_occupancy_map_monitor:/home/robomaven/ws/ws_moveit2/install/moveit_core:/home/robomaven/ws/ws_moveit2/install/moveit_resources_panda_moveit_config:/home/robomaven/ws/ws_moveit2/install/srdfdom:/home/robomaven/ws/ws_moveit2/install/moveit_resources_panda_description:/home/robomaven/ws/ws_moveit2/install/moveit_common:/opt/ros/humble LD_LIBRARY_PATH=/home/robomaven/ws/ws_moveit2/install/moveit_ros_occupancy_map_monitor/lib:/home/robomaven/ws/ws_moveit2/install/moveit_core/lib:/home/robomaven/ws/ws_moveit2/install/srdfdom/lib:/usr/lib/x86_64-linux-gnu/gazebo-11/plugins:/opt/ros/humble/opt/rviz_ogre_vendor/lib:/opt/ros/humble/lib/x86_64-linux-gnu:/opt/ros/humble/lib:/usr/share/gazebo/../../lib/x86_64-linux-gnu/gazebo-11/plugins PATH=/home/robomaven/ws/ws_moveit2/install/moveit_core/bin:${PATH} PYTHONPATH=/home/robomaven/ws/ws_moveit2/install/srdfdom/local/lib/python3.10/dist-packages:${PYTHONPATH} /usr/bin/cmake --build /home/robomaven/ws/ws_moveit2/build/moveit_ros_planning -- -j20 -l20
[81.343s] Invoking command in '/home/robomaven/ws/ws_moveit2/build/moveit_ros_planning': AMENT_PREFIX_PATH=/home/robomaven/ws/ws_moveit2/install/moveit_ros_occupancy_map_monitor:/home/robomaven/ws/ws_moveit2/install/moveit_core:/home/robomaven/ws/ws_moveit2/install/moveit_resources_panda_moveit_config:/home/robomaven/ws/ws_moveit2/install/srdfdom:/home/robomaven/ws/ws_moveit2/install/moveit_resources_panda_description:/home/robomaven/ws/ws_moveit2/install/moveit_common:${AMENT_PREFIX_PATH} CMAKE_PREFIX_PATH=/home/robomaven/ws/ws_moveit2/install/moveit_ros_occupancy_map_monitor:/home/robomaven/ws/ws_moveit2/install/moveit_core:/home/robomaven/ws/ws_moveit2/install/moveit_resources_panda_moveit_config:/home/robomaven/ws/ws_moveit2/install/srdfdom:/home/robomaven/ws/ws_moveit2/install/moveit_resources_panda_description:/home/robomaven/ws/ws_moveit2/install/moveit_common:/opt/ros/humble LD_LIBRARY_PATH=/home/robomaven/ws/ws_moveit2/install/moveit_ros_occupancy_map_monitor/lib:/home/robomaven/ws/ws_moveit2/install/moveit_core/lib:/home/robomaven/ws/ws_moveit2/install/srdfdom/lib:/usr/lib/x86_64-linux-gnu/gazebo-11/plugins:/opt/ros/humble/opt/rviz_ogre_vendor/lib:/opt/ros/humble/lib/x86_64-linux-gnu:/opt/ros/humble/lib:/usr/share/gazebo/../../lib/x86_64-linux-gnu/gazebo-11/plugins PATH=/home/robomaven/ws/ws_moveit2/install/moveit_core/bin:${PATH} PYTHONPATH=/home/robomaven/ws/ws_moveit2/install/srdfdom/local/lib/python3.10/dist-packages:${PYTHONPATH} /usr/bin/cmake --install /home/robomaven/ws/ws_moveit2/build/moveit_ros_planning
[81.351s] -- Install configuration: "Release"
[81.351s] -- Installing: /home/robomaven/ws/ws_moveit2/install/moveit_ros_planning/include
[81.352s] -- Installing: /home/robomaven/ws/ws_moveit2/install/moveit_ros_planning/include/moveit
[81.352s] -- Installing: /home/robomaven/ws/ws_moveit2/install/moveit_ros_planning/include/moveit/rdf_loader
[81.352s] -- Installing: /home/robomaven/ws/ws_moveit2/install/moveit_ros_planning/include/moveit/rdf_loader/rdf_loader.h
[81.352s] -- Installing: /home/robomaven/ws/ws_moveit2/install/moveit_ros_planning/include/moveit/rdf_loader/synchronized_string_parameter.h
[81.352s] -- Installing: /home/robomaven/ws/ws_moveit2/install/moveit_ros_planning/share/moveit_ros_planning/rdf_loader/test/data
[81.352s] -- Installing: /home/robomaven/ws/ws_moveit2/install/moveit_ros_planning/share/moveit_ros_planning/rdf_loader/test/data/kermit.urdf
[81.352s] -- Installing: /home/robomaven/ws/ws_moveit2/install/moveit_ros_planning/share/moveit_ros_planning/rdf_loader/test/data/gonzo.urdf
[81.352s] -- Installing: /home/robomaven/ws/ws_moveit2/install/moveit_ros_planning/share/moveit_ros_planning/rdf_loader/test/data/gonzo.srdf
[81.353s] -- Installing: /home/robomaven/ws/ws_moveit2/install/moveit_ros_planning/share/moveit_ros_planning/rdf_loader/test/data/robin.srdf.xacro
[81.353s] -- Installing: /home/robomaven/ws/ws_moveit2/install/moveit_ros_planning/share/moveit_ros_planning/rdf_loader/test/data/kermit.srdf
[81.353s] -- Installing: /home/robomaven/ws/ws_moveit2/install/moveit_ros_planning/share/moveit_ros_planning/rdf_loader/test/launch
[81.353s] -- Installing: /home/robomaven/ws/ws_moveit2/install/moveit_ros_planning/share/moveit_ros_planning/rdf_loader/test/launch/test_rdf_integration.test.py
[81.353s] -- Up-to-date: /home/robomaven/ws/ws_moveit2/install/moveit_ros_planning/include
[81.353s] -- Up-to-date: /home/robomaven/ws/ws_moveit2/install/moveit_ros_planning/include/moveit
[81.353s] -- Installing: /home/robomaven/ws/ws_moveit2/install/moveit_ros_planning/include/moveit/collision_plugin_loader
[81.353s] -- Installing: /home/robomaven/ws/ws_moveit2/install/moveit_ros_planning/include/moveit/collision_plugin_loader/collision_plugin_loader.h
[81.353s] -- Up-to-date: /home/robomaven/ws/ws_moveit2/install/moveit_ros_planning/include
[81.353s] -- Up-to-date: /home/robomaven/ws/ws_moveit2/install/moveit_ros_planning/include/moveit
[81.353s] -- Installing: /home/robomaven/ws/ws_moveit2/install/moveit_ros_planning/include/moveit/kinematics_plugin_loader
[81.353s] -- Installing: /home/robomaven/ws/ws_moveit2/install/moveit_ros_planning/include/moveit/kinematics_plugin_loader/kinematics_plugin_loader.h
[81.353s] -- Up-to-date: /home/robomaven/ws/ws_moveit2/install/moveit_ros_planning/include
[81.353s] -- Up-to-date: /home/robomaven/ws/ws_moveit2/install/moveit_ros_planning/include/moveit
[81.353s] -- Installing: /home/robomaven/ws/ws_moveit2/install/moveit_ros_planning/include/moveit/robot_model_loader
[81.353s] -- Installing: /home/robomaven/ws/ws_moveit2/install/moveit_ros_planning/include/moveit/robot_model_loader/robot_model_loader.h
[81.353s] -- Up-to-date: /home/robomaven/ws/ws_moveit2/install/moveit_ros_planning/include
[81.354s] -- Up-to-date: /home/robomaven/ws/ws_moveit2/install/moveit_ros_planning/include/moveit
[81.354s] -- Installing: /home/robomaven/ws/ws_moveit2/install/moveit_ros_planning/include/moveit/constraint_sampler_manager_loader
[81.354s] -- Installing: /home/robomaven/ws/ws_moveit2/install/moveit_ros_planning/include/moveit/constraint_sampler_manager_loader/constraint_sampler_manager_loader.h
[81.354s] -- Up-to-date: /home/robomaven/ws/ws_moveit2/install/moveit_ros_planning/include
[81.354s] -- Up-to-date: /home/robomaven/ws/ws_moveit2/install/moveit_ros_planning/include/moveit
[81.354s] -- Installing: /home/robomaven/ws/ws_moveit2/install/moveit_ros_planning/include/moveit/planning_pipeline
[81.354s] -- Installing: /home/robomaven/ws/ws_moveit2/install/moveit_ros_planning/include/moveit/planning_pipeline/planning_pipeline.h
[81.354s] -- Installing: /home/robomaven/ws/ws_moveit2/install/moveit_ros_planning/include/moveit_planning_pipeline_export.h
[81.354s] -- Installing: /home/robomaven/ws/ws_moveit2/install/moveit_ros_planning/lib/moveit_ros_planning/moveit_list_request_adapter_plugins
[81.354s] -- Set runtime path of "/home/robomaven/ws/ws_moveit2/install/moveit_ros_planning/lib/moveit_ros_planning/moveit_list_request_adapter_plugins" to ""
[81.355s] -- Installing: /home/robomaven/ws/ws_moveit2/install/moveit_ros_planning/lib/moveit_ros_planning/demo_scene
[81.355s] -- Set runtime path of "/home/robomaven/ws/ws_moveit2/install/moveit_ros_planning/lib/moveit_ros_planning/demo_scene" to ""
[81.355s] -- Up-to-date: /home/robomaven/ws/ws_moveit2/install/moveit_ros_planning/include
[81.355s] -- Up-to-date: /home/robomaven/ws/ws_moveit2/install/moveit_ros_planning/include/moveit
[81.355s] -- Installing: /home/robomaven/ws/ws_moveit2/install/moveit_ros_planning/include/moveit/planning_scene_monitor
[81.355s] -- Installing: /home/robomaven/ws/ws_moveit2/install/moveit_ros_planning/include/moveit/planning_scene_monitor/current_state_monitor.h
[81.355s] -- Installing: /home/robomaven/ws/ws_moveit2/install/moveit_ros_planning/include/moveit/planning_scene_monitor/current_state_monitor_middleware_handle.hpp
[81.356s] -- Installing: /home/robomaven/ws/ws_moveit2/install/moveit_ros_planning/include/moveit/planning_scene_monitor/trajectory_monitor_middleware_handle.hpp
[81.356s] -- Installing: /home/robomaven/ws/ws_moveit2/install/moveit_ros_planning/include/moveit/planning_scene_monitor/planning_scene_monitor.h
[81.356s] -- Installing: /home/robomaven/ws/ws_moveit2/install/moveit_ros_planning/include/moveit/planning_scene_monitor/trajectory_monitor.h
[81.356s] -- Installing: /home/robomaven/ws/ws_moveit2/install/moveit_ros_planning/include/moveit_planning_scene_monitor_export.h
[81.356s] -- Installing: /home/robomaven/ws/ws_moveit2/install/moveit_ros_planning/lib/moveit_ros_planning/moveit_print_planning_model_info
[81.356s] -- Set runtime path of "/home/robomaven/ws/ws_moveit2/install/moveit_ros_planning/lib/moveit_ros_planning/moveit_print_planning_model_info" to ""
[81.356s] -- Installing: /home/robomaven/ws/ws_moveit2/install/moveit_ros_planning/lib/moveit_ros_planning/moveit_print_planning_scene_info
[81.356s] -- Set runtime path of "/home/robomaven/ws/ws_moveit2/install/moveit_ros_planning/lib/moveit_ros_planning/moveit_print_planning_scene_info" to ""
[81.356s] -- Installing: /home/robomaven/ws/ws_moveit2/install/moveit_ros_planning/lib/moveit_ros_planning/moveit_display_random_state
[81.357s] -- Set runtime path of "/home/robomaven/ws/ws_moveit2/install/moveit_ros_planning/lib/moveit_ros_planning/moveit_display_random_state" to ""
[81.357s] -- Installing: /home/robomaven/ws/ws_moveit2/install/moveit_ros_planning/lib/moveit_ros_planning/moveit_visualize_robot_collision_volume
[81.357s] -- Set runtime path of "/home/robomaven/ws/ws_moveit2/install/moveit_ros_planning/lib/moveit_ros_planning/moveit_visualize_robot_collision_volume" to ""
[81.357s] -- Installing: /home/robomaven/ws/ws_moveit2/install/moveit_ros_planning/lib/moveit_ros_planning/moveit_evaluate_collision_checking_speed
[81.357s] -- Set runtime path of "/home/robomaven/ws/ws_moveit2/install/moveit_ros_planning/lib/moveit_ros_planning/moveit_evaluate_collision_checking_speed" to ""
[81.358s] -- Installing: /home/robomaven/ws/ws_moveit2/install/moveit_ros_planning/lib/moveit_ros_planning/moveit_publish_scene_from_text
[81.358s] -- Set runtime path of "/home/robomaven/ws/ws_moveit2/install/moveit_ros_planning/lib/moveit_ros_planning/moveit_publish_scene_from_text" to ""
[81.358s] -- Up-to-date: /home/robomaven/ws/ws_moveit2/install/moveit_ros_planning/include
[81.358s] -- Up-to-date: /home/robomaven/ws/ws_moveit2/install/moveit_ros_planning/include/moveit
[81.358s] -- Installing: /home/robomaven/ws/ws_moveit2/install/moveit_ros_planning/include/moveit/trajectory_execution_manager
[81.358s] -- Installing: /home/robomaven/ws/ws_moveit2/install/moveit_ros_planning/include/moveit/trajectory_execution_manager/trajectory_execution_manager.h
[81.358s] -- Installing: /home/robomaven/ws/ws_moveit2/install/moveit_ros_planning/include/moveit_trajectory_execution_manager_export.h
[81.358s] -- Up-to-date: /home/robomaven/ws/ws_moveit2/install/moveit_ros_planning/include
[81.358s] -- Up-to-date: /home/robomaven/ws/ws_moveit2/install/moveit_ros_planning/include/moveit
[81.358s] -- Installing: /home/robomaven/ws/ws_moveit2/install/moveit_ros_planning/include/moveit/plan_execution
[81.358s] -- Installing: /home/robomaven/ws/ws_moveit2/install/moveit_ros_planning/include/moveit/plan_execution/plan_representation.h
[81.358s] -- Installing: /home/robomaven/ws/ws_moveit2/install/moveit_ros_planning/include/moveit/plan_execution/plan_execution.h
[81.358s] -- Up-to-date: /home/robomaven/ws/ws_moveit2/install/moveit_ros_planning/include
[81.359s] -- Up-to-date: /home/robomaven/ws/ws_moveit2/install/moveit_ros_planning/include/moveit
[81.359s] -- Installing: /home/robomaven/ws/ws_moveit2/install/moveit_ros_planning/include/moveit/moveit_cpp
[81.359s] -- Installing: /home/robomaven/ws/ws_moveit2/install/moveit_ros_planning/include/moveit/moveit_cpp/planning_component.h
[81.359s] -- Installing: /home/robomaven/ws/ws_moveit2/install/moveit_ros_planning/include/moveit/moveit_cpp/moveit_cpp.h
[81.359s] -- Installing: /home/robomaven/ws/ws_moveit2/install/moveit_ros_planning/lib/libmoveit_rdf_loader.so.2.5.5
[81.359s] -- Set runtime path of "/home/robomaven/ws/ws_moveit2/install/moveit_ros_planning/lib/libmoveit_rdf_loader.so.2.5.5" to ""
[81.360s] -- Installing: /home/robomaven/ws/ws_moveit2/install/moveit_ros_planning/lib/libmoveit_rdf_loader.so
[81.360s] -- Installing: /home/robomaven/ws/ws_moveit2/install/moveit_ros_planning/lib/libmoveit_kinematics_plugin_loader.so.2.5.5
[81.360s] -- Set runtime path of "/home/robomaven/ws/ws_moveit2/install/moveit_ros_planning/lib/libmoveit_kinematics_plugin_loader.so.2.5.5" to ""
[81.360s] -- Installing: /home/robomaven/ws/ws_moveit2/install/moveit_ros_planning/lib/libmoveit_kinematics_plugin_loader.so
[81.360s] -- Installing: /home/robomaven/ws/ws_moveit2/install/moveit_ros_planning/lib/libmoveit_robot_model_loader.so.2.5.5
[81.360s] -- Set runtime path of "/home/robomaven/ws/ws_moveit2/install/moveit_ros_planning/lib/libmoveit_robot_model_loader.so.2.5.5" to ""
[81.360s] -- Installing: /home/robomaven/ws/ws_moveit2/install/moveit_ros_planning/lib/libmoveit_robot_model_loader.so
[81.360s] -- Installing: /home/robomaven/ws/ws_moveit2/install/moveit_ros_planning/lib/libmoveit_constraint_sampler_manager_loader.so.2.5.5
[81.361s] -- Set runtime path of "/home/robomaven/ws/ws_moveit2/install/moveit_ros_planning/lib/libmoveit_constraint_sampler_manager_loader.so.2.5.5" to ""
[81.361s] -- Installing: /home/robomaven/ws/ws_moveit2/install/moveit_ros_planning/lib/libmoveit_constraint_sampler_manager_loader.so
[81.361s] -- Installing: /home/robomaven/ws/ws_moveit2/install/moveit_ros_planning/lib/libmoveit_planning_pipeline.so.2.5.5
[81.361s] -- Set runtime path of "/home/robomaven/ws/ws_moveit2/install/moveit_ros_planning/lib/libmoveit_planning_pipeline.so.2.5.5" to ""
[81.361s] -- Installing: /home/robomaven/ws/ws_moveit2/install/moveit_ros_planning/lib/libmoveit_planning_pipeline.so
[81.361s] -- Installing: /home/robomaven/ws/ws_moveit2/install/moveit_ros_planning/lib/libmoveit_trajectory_execution_manager.so.2.5.5
[81.362s] -- Set runtime path of "/home/robomaven/ws/ws_moveit2/install/moveit_ros_planning/lib/libmoveit_trajectory_execution_manager.so.2.5.5" to ""
[81.362s] -- Installing: /home/robomaven/ws/ws_moveit2/install/moveit_ros_planning/lib/libmoveit_trajectory_execution_manager.so
[81.362s] -- Installing: /home/robomaven/ws/ws_moveit2/install/moveit_ros_planning/lib/libmoveit_plan_execution.so.2.5.5
[81.363s] -- Set runtime path of "/home/robomaven/ws/ws_moveit2/install/moveit_ros_planning/lib/libmoveit_plan_execution.so.2.5.5" to ""
[81.363s] -- Installing: /home/robomaven/ws/ws_moveit2/install/moveit_ros_planning/lib/libmoveit_plan_execution.so
[81.363s] -- Installing: /home/robomaven/ws/ws_moveit2/install/moveit_ros_planning/lib/libmoveit_planning_scene_monitor.so.2.5.5
[81.365s] -- Set runtime path of "/home/robomaven/ws/ws_moveit2/install/moveit_ros_planning/lib/libmoveit_planning_scene_monitor.so.2.5.5" to ""
[81.365s] -- Installing: /home/robomaven/ws/ws_moveit2/install/moveit_ros_planning/lib/libmoveit_planning_scene_monitor.so
[81.365s] -- Installing: /home/robomaven/ws/ws_moveit2/install/moveit_ros_planning/lib/libmoveit_collision_plugin_loader.so.2.5.5
[81.365s] -- Set runtime path of "/home/robomaven/ws/ws_moveit2/install/moveit_ros_planning/lib/libmoveit_collision_plugin_loader.so.2.5.5" to ""
[81.365s] -- Installing: /home/robomaven/ws/ws_moveit2/install/moveit_ros_planning/lib/libmoveit_collision_plugin_loader.so
[81.365s] -- Installing: /home/robomaven/ws/ws_moveit2/install/moveit_ros_planning/lib/libmoveit_default_planning_request_adapter_plugins.so.2.5.5
[81.366s] -- Set runtime path of "/home/robomaven/ws/ws_moveit2/install/moveit_ros_planning/lib/libmoveit_default_planning_request_adapter_plugins.so.2.5.5" to ""
[81.366s] -- Installing: /home/robomaven/ws/ws_moveit2/install/moveit_ros_planning/lib/libmoveit_default_planning_request_adapter_plugins.so
[81.366s] -- Installing: /home/robomaven/ws/ws_moveit2/install/moveit_ros_planning/lib/libmoveit_cpp.so.2.5.5
[81.366s] -- Set runtime path of "/home/robomaven/ws/ws_moveit2/install/moveit_ros_planning/lib/libmoveit_cpp.so.2.5.5" to ""
[81.366s] -- Installing: /home/robomaven/ws/ws_moveit2/install/moveit_ros_planning/lib/libmoveit_cpp.so
[81.366s] -- Installing: /home/robomaven/ws/ws_moveit2/install/moveit_ros_planning/share/moveit_ros_planning/environment/library_path.sh
[81.366s] -- Installing: /home/robomaven/ws/ws_moveit2/install/moveit_ros_planning/share/moveit_ros_planning/environment/library_path.dsv
[81.366s] -- Installing: /home/robomaven/ws/ws_moveit2/install/moveit_ros_planning/share/moveit_ros_planning/planning_request_adapters_plugin_description.xml
[81.366s] -- Installing: /home/robomaven/ws/ws_moveit2/install/moveit_ros_planning/share/ament_index/resource_index/package_run_dependencies/moveit_ros_planning
[81.366s] -- Installing: /home/robomaven/ws/ws_moveit2/install/moveit_ros_planning/share/ament_index/resource_index/parent_prefix_path/moveit_ros_planning
[81.366s] -- Installing: /home/robomaven/ws/ws_moveit2/install/moveit_ros_planning/share/moveit_ros_planning/environment/ament_prefix_path.sh
[81.367s] -- Installing: /home/robomaven/ws/ws_moveit2/install/moveit_ros_planning/share/moveit_ros_planning/environment/ament_prefix_path.dsv
[81.367s] -- Installing: /home/robomaven/ws/ws_moveit2/install/moveit_ros_planning/share/moveit_ros_planning/environment/path.sh
[81.367s] -- Installing: /home/robomaven/ws/ws_moveit2/install/moveit_ros_planning/share/moveit_ros_planning/environment/path.dsv
[81.367s] -- Installing: /home/robomaven/ws/ws_moveit2/install/moveit_ros_planning/share/moveit_ros_planning/local_setup.bash
[81.367s] -- Installing: /home/robomaven/ws/ws_moveit2/install/moveit_ros_planning/share/moveit_ros_planning/local_setup.sh
[81.367s] -- Installing: /home/robomaven/ws/ws_moveit2/install/moveit_ros_planning/share/moveit_ros_planning/local_setup.zsh
[81.367s] -- Installing: /home/robomaven/ws/ws_moveit2/install/moveit_ros_planning/share/moveit_ros_planning/local_setup.dsv
[81.367s] -- Installing: /home/robomaven/ws/ws_moveit2/install/moveit_ros_planning/share/moveit_ros_planning/package.dsv
[81.367s] -- Installing: /home/robomaven/ws/ws_moveit2/install/moveit_ros_planning/share/ament_index/resource_index/packages/moveit_ros_planning
[81.367s] -- Installing: /home/robomaven/ws/ws_moveit2/install/moveit_ros_planning/share/ament_index/resource_index/moveit_core__pluginlib__plugin/moveit_ros_planning
[81.367s] -- Installing: /home/robomaven/ws/ws_moveit2/install/moveit_ros_planning/share/moveit_ros_planning/cmake/export_moveit_ros_planningExport.cmake
[81.367s] -- Installing: /home/robomaven/ws/ws_moveit2/install/moveit_ros_planning/share/moveit_ros_planning/cmake/export_moveit_ros_planningExport-release.cmake
[81.367s] -- Installing: /home/robomaven/ws/ws_moveit2/install/moveit_ros_planning/share/moveit_ros_planning/cmake/ConfigExtras.cmake
[81.367s] -- Installing: /home/robomaven/ws/ws_moveit2/install/moveit_ros_planning/share/moveit_ros_planning/cmake/ament_cmake_export_targets-extras.cmake
[81.367s] -- Installing: /home/robomaven/ws/ws_moveit2/install/moveit_ros_planning/share/moveit_ros_planning/cmake/ament_cmake_export_dependencies-extras.cmake
[81.367s] -- Installing: /home/robomaven/ws/ws_moveit2/install/moveit_ros_planning/share/moveit_ros_planning/cmake/moveit_ros_planningConfig.cmake
[81.367s] -- Installing: /home/robomaven/ws/ws_moveit2/install/moveit_ros_planning/share/moveit_ros_planning/cmake/moveit_ros_planningConfig-version.cmake
[81.367s] -- Installing: /home/robomaven/ws/ws_moveit2/install/moveit_ros_planning/share/moveit_ros_planning/package.xml
[81.369s] Invoked command in '/home/robomaven/ws/ws_moveit2/build/moveit_ros_planning' returned '0': AMENT_PREFIX_PATH=/home/robomaven/ws/ws_moveit2/install/moveit_ros_occupancy_map_monitor:/home/robomaven/ws/ws_moveit2/install/moveit_core:/home/robomaven/ws/ws_moveit2/install/moveit_resources_panda_moveit_config:/home/robomaven/ws/ws_moveit2/install/srdfdom:/home/robomaven/ws/ws_moveit2/install/moveit_resources_panda_description:/home/robomaven/ws/ws_moveit2/install/moveit_common:${AMENT_PREFIX_PATH} CMAKE_PREFIX_PATH=/home/robomaven/ws/ws_moveit2/install/moveit_ros_occupancy_map_monitor:/home/robomaven/ws/ws_moveit2/install/moveit_core:/home/robomaven/ws/ws_moveit2/install/moveit_resources_panda_moveit_config:/home/robomaven/ws/ws_moveit2/install/srdfdom:/home/robomaven/ws/ws_moveit2/install/moveit_resources_panda_description:/home/robomaven/ws/ws_moveit2/install/moveit_common:/opt/ros/humble LD_LIBRARY_PATH=/home/robomaven/ws/ws_moveit2/install/moveit_ros_occupancy_map_monitor/lib:/home/robomaven/ws/ws_moveit2/install/moveit_core/lib:/home/robomaven/ws/ws_moveit2/install/srdfdom/lib:/usr/lib/x86_64-linux-gnu/gazebo-11/plugins:/opt/ros/humble/opt/rviz_ogre_vendor/lib:/opt/ros/humble/lib/x86_64-linux-gnu:/opt/ros/humble/lib:/usr/share/gazebo/../../lib/x86_64-linux-gnu/gazebo-11/plugins PATH=/home/robomaven/ws/ws_moveit2/install/moveit_core/bin:${PATH} PYTHONPATH=/home/robomaven/ws/ws_moveit2/install/srdfdom/local/lib/python3.10/dist-packages:${PYTHONPATH} /usr/bin/cmake --install /home/robomaven/ws/ws_moveit2/build/moveit_ros_planning
